<?xml version="1.0" encoding="utf-8"?><testsuites><testsuite name="pytest" errors="0" failures="50" skipped="55" tests="10626" time="2061.358" timestamp="2025-03-20T07:18:25.157139+00:00" hostname="rocm-framework-h100-sxm-1"><testcase classname="" name="tests.unit.clara.converter.test_converter" time="0.000"><skipped message="collection skipped">('/home/goplanid/cucim/python/cucim/tests/unit/clara/converter/test_converter.py', 23, "Skipped: could not import 'openslide': Couldn't locate OpenSlide shared library. Try `pip install openslide-bin`. https://openslide.org/api/python/#installing")</skipped></testcase><testcase classname="src.cucim.core.operations.color.tests.test_color_jitter" name="test_color_jitter_bad_params" time="0.009" /><testcase classname="src.cucim.core.operations.color.tests.test_color_jitter" name="test_color_jitter_numpyinput" time="0.032" /><testcase classname="src.cucim.core.operations.color.tests.test_color_jitter" name="test_color_jitter_cupyinput" time="0.011" /><testcase classname="src.cucim.core.operations.color.tests.test_color_jitter" name="test_color_jitter_cupy_cast" time="0.010" /><testcase classname="src.cucim.core.operations.color.tests.test_color_jitter" name="test_color_jitter_factor" time="0.009" /><testcase classname="src.cucim.core.operations.color.tests.test_color_jitter" name="test_color_jitter_batchinput" time="0.049" /><testcase classname="src.cucim.core.operations.color.tests.test_color_jitter" name="test_rand_color_jitter_batchinput" time="0.027" /><testcase classname="src.cucim.core.operations.expose.tests.test_expose" name="test_exposed_transforms" time="0.000" /><testcase classname="src.cucim.core.operations.intensity.tests.test_normalize" name="test_norm_param" time="0.008" /><testcase classname="src.cucim.core.operations.intensity.tests.test_normalize" name="test_norm_numpy_input" time="0.073" /><testcase classname="src.cucim.core.operations.intensity.tests.test_normalize" name="test_norm_cupy_input" time="0.031" /><testcase classname="src.cucim.core.operations.intensity.tests.test_normalize" name="test_norm_batchinput" time="0.175" /><testcase classname="src.cucim.core.operations.intensity.tests.test_rand_zoom" name="test_rand_zoom_numpy_input" time="0.036" /><testcase classname="src.cucim.core.operations.intensity.tests.test_rand_zoom" name="test_rand_zoom_zero_prob" time="0.014" /><testcase classname="src.cucim.core.operations.intensity.tests.test_rand_zoom" name="test_rand_zoom_cupy_input" time="0.034" /><testcase classname="src.cucim.core.operations.intensity.tests.test_rand_zoom" name="test_rand_zoom_batchinput" time="0.086" /><testcase classname="src.cucim.core.operations.intensity.tests.test_rand_zoom" name="test_rand_zoomout_numpy_input" time="0.033" /><testcase classname="src.cucim.core.operations.intensity.tests.test_rand_zoom" name="test_rand_zoomout_batchinput" time="0.076" /><testcase classname="src.cucim.core.operations.intensity.tests.test_scaling" name="test_scale_param" time="0.010" /><testcase classname="src.cucim.core.operations.intensity.tests.test_scaling" name="test_scale_numpy_input" time="0.035" /><testcase classname="src.cucim.core.operations.intensity.tests.test_scaling" name="test_scale_cupy_input" time="0.031" /><testcase classname="src.cucim.core.operations.intensity.tests.test_scaling" name="test_scale_batchinput" time="0.126" /><testcase classname="src.cucim.core.operations.intensity.tests.test_zoom" name="test_zoom_param" time="0.010" /><testcase classname="src.cucim.core.operations.intensity.tests.test_zoom" name="test_zoom_numpy_input" time="0.035" /><testcase classname="src.cucim.core.operations.intensity.tests.test_zoom" name="test_zoom_cupy_input" time="0.032" /><testcase classname="src.cucim.core.operations.intensity.tests.test_zoom" name="test_zoom_batchinput" time="0.143" /><testcase classname="src.cucim.core.operations.intensity.tests.test_zoom" name="test_zoomout_numpy_input" time="0.035" /><testcase classname="src.cucim.core.operations.intensity.tests.test_zoom" name="test_zoomout_cupy_input" time="0.031" /><testcase classname="src.cucim.core.operations.intensity.tests.test_zoom" name="test_zoomout_batchinput" time="0.134" /><testcase classname="src.cucim.core.operations.morphology.tests.test_distance_transform" name="test_distance_transform_edt[None-single_point-shape0-None-False-False]" time="0.001" /><testcase classname="src.cucim.core.operations.morphology.tests.test_distance_transform" name="test_distance_transform_edt[None-single_point-shape0-None-False-True]" time="0.006" /><testcase classname="src.cucim.core.operations.morphology.tests.test_distance_transform" name="test_distance_transform_edt[None-single_point-shape0-None-True-False]" time="0.003" /><testcase classname="src.cucim.core.operations.morphology.tests.test_distance_transform" name="test_distance_transform_edt[None-single_point-shape0-None-True-True]" time="0.003" /><testcase classname="src.cucim.core.operations.morphology.tests.test_distance_transform" name="test_distance_transform_edt[None-single_point-shape1-sampling1-False-False]" time="0.001" /><testcase classname="src.cucim.core.operations.morphology.tests.test_distance_transform" name="test_distance_transform_edt[None-single_point-shape1-sampling1-False-True]" time="0.098" /><testcase classname="src.cucim.core.operations.morphology.tests.test_distance_transform" name="test_distance_transform_edt[None-single_point-shape1-sampling1-True-False]" time="0.004" /><testcase classname="src.cucim.core.operations.morphology.tests.test_distance_transform" name="test_distance_transform_edt[None-single_point-shape1-sampling1-True-True]" time="0.005" /><testcase classname="src.cucim.core.operations.morphology.tests.test_distance_transform" name="test_distance_transform_edt[None-single_point-shape2-sampling2-False-False]" time="0.001" /><testcase classname="src.cucim.core.operations.morphology.tests.test_distance_transform" name="test_distance_transform_edt[None-single_point-shape2-sampling2-False-True]" time="0.005" /><testcase classname="src.cucim.core.operations.morphology.tests.test_distance_transform" name="test_distance_transform_edt[None-single_point-shape2-sampling2-True-False]" time="0.005" /><testcase classname="src.cucim.core.operations.morphology.tests.test_distance_transform" name="test_distance_transform_edt[None-single_point-shape2-sampling2-True-True]" time="0.005" /><testcase classname="src.cucim.core.operations.morphology.tests.test_distance_transform" name="test_distance_transform_edt[None-single_point-shape3-sampling3-False-False]" time="0.001" /><testcase classname="src.cucim.core.operations.morphology.tests.test_distance_transform" name="test_distance_transform_edt[None-single_point-shape3-sampling3-False-True]" time="0.003" /><testcase classname="src.cucim.core.operations.morphology.tests.test_distance_transform" name="test_distance_transform_edt[None-single_point-shape3-sampling3-True-False]" time="0.005" /><testcase classname="src.cucim.core.operations.morphology.tests.test_distance_transform" name="test_distance_transform_edt[None-single_point-shape3-sampling3-True-True]" time="0.005" /><testcase classname="src.cucim.core.operations.morphology.tests.test_distance_transform" name="test_distance_transform_edt[None-single_point-shape4-None-False-False]" time="0.001" /><testcase classname="src.cucim.core.operations.morphology.tests.test_distance_transform" name="test_distance_transform_edt[None-single_point-shape4-None-False-True]" time="0.005" /><testcase classname="src.cucim.core.operations.morphology.tests.test_distance_transform" name="test_distance_transform_edt[None-single_point-shape4-None-True-False]" time="0.003" /><testcase classname="src.cucim.core.operations.morphology.tests.test_distance_transform" name="test_distance_transform_edt[None-single_point-shape4-None-True-True]" time="0.003" /><testcase classname="src.cucim.core.operations.morphology.tests.test_distance_transform" name="test_distance_transform_edt[None-single_point-shape5-sampling5-False-False]" time="0.001" /><testcase classname="src.cucim.core.operations.morphology.tests.test_distance_transform" name="test_distance_transform_edt[None-single_point-shape5-sampling5-False-True]" time="0.003" /><testcase classname="src.cucim.core.operations.morphology.tests.test_distance_transform" name="test_distance_transform_edt[None-single_point-shape5-sampling5-True-False]" time="0.003" /><testcase classname="src.cucim.core.operations.morphology.tests.test_distance_transform" name="test_distance_transform_edt[None-single_point-shape5-sampling5-True-True]" time="0.004" /><testcase classname="src.cucim.core.operations.morphology.tests.test_distance_transform" name="test_distance_transform_edt[None-single_point-shape6-sampling6-False-False]" time="0.001" /><testcase classname="src.cucim.core.operations.morphology.tests.test_distance_transform" name="test_distance_transform_edt[None-single_point-shape6-sampling6-False-True]" time="0.003" /><testcase classname="src.cucim.core.operations.morphology.tests.test_distance_transform" name="test_distance_transform_edt[None-single_point-shape6-sampling6-True-False]" time="0.004" /><testcase classname="src.cucim.core.operations.morphology.tests.test_distance_transform" name="test_distance_transform_edt[None-single_point-shape6-sampling6-True-True]" time="0.005" /><testcase classname="src.cucim.core.operations.morphology.tests.test_distance_transform" name="test_distance_transform_edt[None-5-shape0-None-False-False]" time="0.001" /><testcase classname="src.cucim.core.operations.morphology.tests.test_distance_transform" name="test_distance_transform_edt[None-5-shape0-None-False-True]" time="0.005" /><testcase classname="src.cucim.core.operations.morphology.tests.test_distance_transform" name="test_distance_transform_edt[None-5-shape0-None-True-False]" time="0.004" /><testcase classname="src.cucim.core.operations.morphology.tests.test_distance_transform" name="test_distance_transform_edt[None-5-shape0-None-True-True]" time="0.004" /><testcase classname="src.cucim.core.operations.morphology.tests.test_distance_transform" name="test_distance_transform_edt[None-5-shape1-sampling1-False-False]" time="0.001" /><testcase classname="src.cucim.core.operations.morphology.tests.test_distance_transform" name="test_distance_transform_edt[None-5-shape1-sampling1-False-True]" time="0.008" /><testcase classname="src.cucim.core.operations.morphology.tests.test_distance_transform" name="test_distance_transform_edt[None-5-shape1-sampling1-True-False]" time="0.009" /><testcase classname="src.cucim.core.operations.morphology.tests.test_distance_transform" name="test_distance_transform_edt[None-5-shape1-sampling1-True-True]" time="0.009" /><testcase classname="src.cucim.core.operations.morphology.tests.test_distance_transform" name="test_distance_transform_edt[None-5-shape2-sampling2-False-False]" time="0.001" /><testcase classname="src.cucim.core.operations.morphology.tests.test_distance_transform" name="test_distance_transform_edt[None-5-shape2-sampling2-False-True]" time="0.007" /><testcase classname="src.cucim.core.operations.morphology.tests.test_distance_transform" name="test_distance_transform_edt[None-5-shape2-sampling2-True-False]" time="0.009" /><testcase classname="src.cucim.core.operations.morphology.tests.test_distance_transform" name="test_distance_transform_edt[None-5-shape2-sampling2-True-True]" time="0.009" /><testcase classname="src.cucim.core.operations.morphology.tests.test_distance_transform" name="test_distance_transform_edt[None-5-shape3-sampling3-False-False]" time="0.001" /><testcase classname="src.cucim.core.operations.morphology.tests.test_distance_transform" name="test_distance_transform_edt[None-5-shape3-sampling3-False-True]" time="0.007" /><testcase classname="src.cucim.core.operations.morphology.tests.test_distance_transform" name="test_distance_transform_edt[None-5-shape3-sampling3-True-False]" time="0.009" /><testcase classname="src.cucim.core.operations.morphology.tests.test_distance_transform" name="test_distance_transform_edt[None-5-shape3-sampling3-True-True]" time="0.010" /><testcase classname="src.cucim.core.operations.morphology.tests.test_distance_transform" name="test_distance_transform_edt[None-5-shape4-None-False-False]" time="0.001" /><testcase classname="src.cucim.core.operations.morphology.tests.test_distance_transform" name="test_distance_transform_edt[None-5-shape4-None-False-True]" time="0.004" /><testcase classname="src.cucim.core.operations.morphology.tests.test_distance_transform" name="test_distance_transform_edt[None-5-shape4-None-True-False]" time="0.004" /><testcase classname="src.cucim.core.operations.morphology.tests.test_distance_transform" name="test_distance_transform_edt[None-5-shape4-None-True-True]" time="0.004" /><testcase classname="src.cucim.core.operations.morphology.tests.test_distance_transform" name="test_distance_transform_edt[None-5-shape5-sampling5-False-False]" time="0.001" /><testcase classname="src.cucim.core.operations.morphology.tests.test_distance_transform" name="test_distance_transform_edt[None-5-shape5-sampling5-False-True]" time="0.006" /><testcase classname="src.cucim.core.operations.morphology.tests.test_distance_transform" name="test_distance_transform_edt[None-5-shape5-sampling5-True-False]" time="0.006" /><testcase classname="src.cucim.core.operations.morphology.tests.test_distance_transform" name="test_distance_transform_edt[None-5-shape5-sampling5-True-True]" time="0.006" /><testcase classname="src.cucim.core.operations.morphology.tests.test_distance_transform" name="test_distance_transform_edt[None-5-shape6-sampling6-False-False]" time="0.001" /><testcase classname="src.cucim.core.operations.morphology.tests.test_distance_transform" name="test_distance_transform_edt[None-5-shape6-sampling6-False-True]" time="0.005" /><testcase classname="src.cucim.core.operations.morphology.tests.test_distance_transform" name="test_distance_transform_edt[None-5-shape6-sampling6-True-False]" time="0.006" /><testcase classname="src.cucim.core.operations.morphology.tests.test_distance_transform" name="test_distance_transform_edt[None-5-shape6-sampling6-True-True]" time="0.007" /><testcase classname="src.cucim.core.operations.morphology.tests.test_distance_transform" name="test_distance_transform_edt[None-50-shape0-None-False-False]" time="0.001" /><testcase classname="src.cucim.core.operations.morphology.tests.test_distance_transform" name="test_distance_transform_edt[None-50-shape0-None-False-True]" time="0.004" /><testcase classname="src.cucim.core.operations.morphology.tests.test_distance_transform" name="test_distance_transform_edt[None-50-shape0-None-True-False]" time="0.005" /><testcase classname="src.cucim.core.operations.morphology.tests.test_distance_transform" name="test_distance_transform_edt[None-50-shape0-None-True-True]" time="0.005" /><testcase classname="src.cucim.core.operations.morphology.tests.test_distance_transform" name="test_distance_transform_edt[None-50-shape1-sampling1-False-False]" time="0.001" /><testcase classname="src.cucim.core.operations.morphology.tests.test_distance_transform" name="test_distance_transform_edt[None-50-shape1-sampling1-False-True]" time="0.009" /><testcase classname="src.cucim.core.operations.morphology.tests.test_distance_transform" name="test_distance_transform_edt[None-50-shape1-sampling1-True-False]" time="0.009" /><testcase classname="src.cucim.core.operations.morphology.tests.test_distance_transform" name="test_distance_transform_edt[None-50-shape1-sampling1-True-True]" time="0.009" /><testcase classname="src.cucim.core.operations.morphology.tests.test_distance_transform" name="test_distance_transform_edt[None-50-shape2-sampling2-False-False]" time="0.001" /><testcase classname="src.cucim.core.operations.morphology.tests.test_distance_transform" name="test_distance_transform_edt[None-50-shape2-sampling2-False-True]" time="0.009" /><testcase classname="src.cucim.core.operations.morphology.tests.test_distance_transform" name="test_distance_transform_edt[None-50-shape2-sampling2-True-False]" time="0.011" /><testcase classname="src.cucim.core.operations.morphology.tests.test_distance_transform" name="test_distance_transform_edt[None-50-shape2-sampling2-True-True]" time="0.012" /><testcase classname="src.cucim.core.operations.morphology.tests.test_distance_transform" name="test_distance_transform_edt[None-50-shape3-sampling3-False-False]" time="0.001" /><testcase classname="src.cucim.core.operations.morphology.tests.test_distance_transform" name="test_distance_transform_edt[None-50-shape3-sampling3-False-True]" time="0.010" /><testcase classname="src.cucim.core.operations.morphology.tests.test_distance_transform" name="test_distance_transform_edt[None-50-shape3-sampling3-True-False]" time="0.011" /><testcase classname="src.cucim.core.operations.morphology.tests.test_distance_transform" name="test_distance_transform_edt[None-50-shape3-sampling3-True-True]" time="0.010" /><testcase classname="src.cucim.core.operations.morphology.tests.test_distance_transform" name="test_distance_transform_edt[None-50-shape4-None-False-False]" time="0.001" /><testcase classname="src.cucim.core.operations.morphology.tests.test_distance_transform" name="test_distance_transform_edt[None-50-shape4-None-False-True]" time="0.004" /><testcase classname="src.cucim.core.operations.morphology.tests.test_distance_transform" name="test_distance_transform_edt[None-50-shape4-None-True-False]" time="0.004" /><testcase classname="src.cucim.core.operations.morphology.tests.test_distance_transform" name="test_distance_transform_edt[None-50-shape4-None-True-True]" time="0.005" /><testcase classname="src.cucim.core.operations.morphology.tests.test_distance_transform" name="test_distance_transform_edt[None-50-shape5-sampling5-False-False]" time="0.001" /><testcase classname="src.cucim.core.operations.morphology.tests.test_distance_transform" name="test_distance_transform_edt[None-50-shape5-sampling5-False-True]" time="0.008" /><testcase classname="src.cucim.core.operations.morphology.tests.test_distance_transform" name="test_distance_transform_edt[None-50-shape5-sampling5-True-False]" time="0.007" /><testcase classname="src.cucim.core.operations.morphology.tests.test_distance_transform" name="test_distance_transform_edt[None-50-shape5-sampling5-True-True]" time="0.008" /><testcase classname="src.cucim.core.operations.morphology.tests.test_distance_transform" name="test_distance_transform_edt[None-50-shape6-sampling6-False-False]" time="0.001" /><testcase classname="src.cucim.core.operations.morphology.tests.test_distance_transform" name="test_distance_transform_edt[None-50-shape6-sampling6-False-True]" time="0.007" /><testcase classname="src.cucim.core.operations.morphology.tests.test_distance_transform" name="test_distance_transform_edt[None-50-shape6-sampling6-True-False]" time="0.007" /><testcase classname="src.cucim.core.operations.morphology.tests.test_distance_transform" name="test_distance_transform_edt[None-50-shape6-sampling6-True-True]" time="0.007" /><testcase classname="src.cucim.core.operations.morphology.tests.test_distance_transform" name="test_distance_transform_edt[None-95-shape0-None-False-False]" time="0.001" /><testcase classname="src.cucim.core.operations.morphology.tests.test_distance_transform" name="test_distance_transform_edt[None-95-shape0-None-False-True]" time="0.003" /><testcase classname="src.cucim.core.operations.morphology.tests.test_distance_transform" name="test_distance_transform_edt[None-95-shape0-None-True-False]" time="0.004" /><testcase classname="src.cucim.core.operations.morphology.tests.test_distance_transform" name="test_distance_transform_edt[None-95-shape0-None-True-True]" time="0.004" /><testcase classname="src.cucim.core.operations.morphology.tests.test_distance_transform" name="test_distance_transform_edt[None-95-shape1-sampling1-False-False]" time="0.001" /><testcase classname="src.cucim.core.operations.morphology.tests.test_distance_transform" name="test_distance_transform_edt[None-95-shape1-sampling1-False-True]" time="0.007" /><testcase classname="src.cucim.core.operations.morphology.tests.test_distance_transform" name="test_distance_transform_edt[None-95-shape1-sampling1-True-False]" time="0.008" /><testcase classname="src.cucim.core.operations.morphology.tests.test_distance_transform" name="test_distance_transform_edt[None-95-shape1-sampling1-True-True]" time="0.009" /><testcase classname="src.cucim.core.operations.morphology.tests.test_distance_transform" name="test_distance_transform_edt[None-95-shape2-sampling2-False-False]" time="0.001" /><testcase classname="src.cucim.core.operations.morphology.tests.test_distance_transform" name="test_distance_transform_edt[None-95-shape2-sampling2-False-True]" time="0.007" /><testcase classname="src.cucim.core.operations.morphology.tests.test_distance_transform" name="test_distance_transform_edt[None-95-shape2-sampling2-True-False]" time="0.008" /><testcase classname="src.cucim.core.operations.morphology.tests.test_distance_transform" name="test_distance_transform_edt[None-95-shape2-sampling2-True-True]" time="0.008" /><testcase classname="src.cucim.core.operations.morphology.tests.test_distance_transform" name="test_distance_transform_edt[None-95-shape3-sampling3-False-False]" time="0.001" /><testcase classname="src.cucim.core.operations.morphology.tests.test_distance_transform" name="test_distance_transform_edt[None-95-shape3-sampling3-False-True]" time="0.006" /><testcase classname="src.cucim.core.operations.morphology.tests.test_distance_transform" name="test_distance_transform_edt[None-95-shape3-sampling3-True-False]" time="0.007" /><testcase classname="src.cucim.core.operations.morphology.tests.test_distance_transform" name="test_distance_transform_edt[None-95-shape3-sampling3-True-True]" time="0.008" /><testcase classname="src.cucim.core.operations.morphology.tests.test_distance_transform" name="test_distance_transform_edt[None-95-shape4-None-False-False]" time="0.001" /><testcase classname="src.cucim.core.operations.morphology.tests.test_distance_transform" name="test_distance_transform_edt[None-95-shape4-None-False-True]" time="0.004" /><testcase classname="src.cucim.core.operations.morphology.tests.test_distance_transform" name="test_distance_transform_edt[None-95-shape4-None-True-False]" time="0.004" /><testcase classname="src.cucim.core.operations.morphology.tests.test_distance_transform" name="test_distance_transform_edt[None-95-shape4-None-True-True]" time="0.004" /><testcase classname="src.cucim.core.operations.morphology.tests.test_distance_transform" name="test_distance_transform_edt[None-95-shape5-sampling5-False-False]" time="0.001" /><testcase classname="src.cucim.core.operations.morphology.tests.test_distance_transform" name="test_distance_transform_edt[None-95-shape5-sampling5-False-True]" time="0.006" /><testcase classname="src.cucim.core.operations.morphology.tests.test_distance_transform" name="test_distance_transform_edt[None-95-shape5-sampling5-True-False]" time="0.006" /><testcase classname="src.cucim.core.operations.morphology.tests.test_distance_transform" name="test_distance_transform_edt[None-95-shape5-sampling5-True-True]" time="0.007" /><testcase classname="src.cucim.core.operations.morphology.tests.test_distance_transform" name="test_distance_transform_edt[None-95-shape6-sampling6-False-False]" time="0.001" /><testcase classname="src.cucim.core.operations.morphology.tests.test_distance_transform" name="test_distance_transform_edt[None-95-shape6-sampling6-False-True]" time="0.006" /><testcase classname="src.cucim.core.operations.morphology.tests.test_distance_transform" name="test_distance_transform_edt[None-95-shape6-sampling6-True-False]" time="0.006" /><testcase classname="src.cucim.core.operations.morphology.tests.test_distance_transform" name="test_distance_transform_edt[None-95-shape6-sampling6-True-True]" time="0.006" /><testcase classname="src.cucim.core.operations.morphology.tests.test_distance_transform" name="test_distance_transform_edt[block_params1-single_point-shape0-None-False-False]" time="0.001" /><testcase classname="src.cucim.core.operations.morphology.tests.test_distance_transform" name="test_distance_transform_edt[block_params1-single_point-shape0-None-False-True]" time="0.002" /><testcase classname="src.cucim.core.operations.morphology.tests.test_distance_transform" name="test_distance_transform_edt[block_params1-single_point-shape0-None-True-False]" time="0.002" /><testcase classname="src.cucim.core.operations.morphology.tests.test_distance_transform" name="test_distance_transform_edt[block_params1-single_point-shape0-None-True-True]" time="0.003" /><testcase classname="src.cucim.core.operations.morphology.tests.test_distance_transform" name="test_distance_transform_edt[block_params1-single_point-shape1-sampling1-False-False]" time="0.001" /><testcase classname="src.cucim.core.operations.morphology.tests.test_distance_transform" name="test_distance_transform_edt[block_params1-single_point-shape1-sampling1-False-True]" time="0.004" /><testcase classname="src.cucim.core.operations.morphology.tests.test_distance_transform" name="test_distance_transform_edt[block_params1-single_point-shape1-sampling1-True-False]" time="0.005" /><testcase classname="src.cucim.core.operations.morphology.tests.test_distance_transform" name="test_distance_transform_edt[block_params1-single_point-shape1-sampling1-True-True]" time="0.005" /><testcase classname="src.cucim.core.operations.morphology.tests.test_distance_transform" name="test_distance_transform_edt[block_params1-single_point-shape2-sampling2-False-False]" time="0.001" /><testcase classname="src.cucim.core.operations.morphology.tests.test_distance_transform" name="test_distance_transform_edt[block_params1-single_point-shape2-sampling2-False-True]" time="0.003" /><testcase classname="src.cucim.core.operations.morphology.tests.test_distance_transform" name="test_distance_transform_edt[block_params1-single_point-shape2-sampling2-True-False]" time="0.004" /><testcase classname="src.cucim.core.operations.morphology.tests.test_distance_transform" name="test_distance_transform_edt[block_params1-single_point-shape2-sampling2-True-True]" time="0.005" /><testcase classname="src.cucim.core.operations.morphology.tests.test_distance_transform" name="test_distance_transform_edt[block_params1-single_point-shape3-sampling3-False-False]" time="0.001" /><testcase classname="src.cucim.core.operations.morphology.tests.test_distance_transform" name="test_distance_transform_edt[block_params1-single_point-shape3-sampling3-False-True]" time="0.003" /><testcase classname="src.cucim.core.operations.morphology.tests.test_distance_transform" name="test_distance_transform_edt[block_params1-single_point-shape3-sampling3-True-False]" time="0.004" /><testcase classname="src.cucim.core.operations.morphology.tests.test_distance_transform" name="test_distance_transform_edt[block_params1-single_point-shape3-sampling3-True-True]" time="0.005" /><testcase classname="src.cucim.core.operations.morphology.tests.test_distance_transform" name="test_distance_transform_edt[block_params1-single_point-shape4-None-False-False]" time="0.001" /><testcase classname="src.cucim.core.operations.morphology.tests.test_distance_transform" name="test_distance_transform_edt[block_params1-single_point-shape4-None-False-True]" time="0.002" /><testcase classname="src.cucim.core.operations.morphology.tests.test_distance_transform" name="test_distance_transform_edt[block_params1-single_point-shape4-None-True-False]" time="0.002" /><testcase classname="src.cucim.core.operations.morphology.tests.test_distance_transform" name="test_distance_transform_edt[block_params1-single_point-shape4-None-True-True]" time="0.003" /><testcase classname="src.cucim.core.operations.morphology.tests.test_distance_transform" name="test_distance_transform_edt[block_params1-single_point-shape5-sampling5-False-False]" time="0.001" /><testcase classname="src.cucim.core.operations.morphology.tests.test_distance_transform" name="test_distance_transform_edt[block_params1-single_point-shape5-sampling5-False-True]" time="0.003" /><testcase classname="src.cucim.core.operations.morphology.tests.test_distance_transform" name="test_distance_transform_edt[block_params1-single_point-shape5-sampling5-True-False]" time="0.003" /><testcase classname="src.cucim.core.operations.morphology.tests.test_distance_transform" name="test_distance_transform_edt[block_params1-single_point-shape5-sampling5-True-True]" time="0.004" /><testcase classname="src.cucim.core.operations.morphology.tests.test_distance_transform" name="test_distance_transform_edt[block_params1-single_point-shape6-sampling6-False-False]" time="0.001" /><testcase classname="src.cucim.core.operations.morphology.tests.test_distance_transform" name="test_distance_transform_edt[block_params1-single_point-shape6-sampling6-False-True]" time="0.003" /><testcase classname="src.cucim.core.operations.morphology.tests.test_distance_transform" name="test_distance_transform_edt[block_params1-single_point-shape6-sampling6-True-False]" time="0.003" /><testcase classname="src.cucim.core.operations.morphology.tests.test_distance_transform" name="test_distance_transform_edt[block_params1-single_point-shape6-sampling6-True-True]" time="0.004" /><testcase classname="src.cucim.core.operations.morphology.tests.test_distance_transform" name="test_distance_transform_edt[block_params1-5-shape0-None-False-False]" time="0.001" /><testcase classname="src.cucim.core.operations.morphology.tests.test_distance_transform" name="test_distance_transform_edt[block_params1-5-shape0-None-False-True]" time="0.004" /><testcase classname="src.cucim.core.operations.morphology.tests.test_distance_transform" name="test_distance_transform_edt[block_params1-5-shape0-None-True-False]" time="0.004" /><testcase classname="src.cucim.core.operations.morphology.tests.test_distance_transform" name="test_distance_transform_edt[block_params1-5-shape0-None-True-True]" time="0.004" /><testcase classname="src.cucim.core.operations.morphology.tests.test_distance_transform" name="test_distance_transform_edt[block_params1-5-shape1-sampling1-False-False]" time="0.001" /><testcase classname="src.cucim.core.operations.morphology.tests.test_distance_transform" name="test_distance_transform_edt[block_params1-5-shape1-sampling1-False-True]" time="0.007" /><testcase classname="src.cucim.core.operations.morphology.tests.test_distance_transform" name="test_distance_transform_edt[block_params1-5-shape1-sampling1-True-False]" time="0.008" /><testcase classname="src.cucim.core.operations.morphology.tests.test_distance_transform" name="test_distance_transform_edt[block_params1-5-shape1-sampling1-True-True]" time="0.008" /><testcase classname="src.cucim.core.operations.morphology.tests.test_distance_transform" name="test_distance_transform_edt[block_params1-5-shape2-sampling2-False-False]" time="0.001" /><testcase classname="src.cucim.core.operations.morphology.tests.test_distance_transform" name="test_distance_transform_edt[block_params1-5-shape2-sampling2-False-True]" time="0.008" /><testcase classname="src.cucim.core.operations.morphology.tests.test_distance_transform" name="test_distance_transform_edt[block_params1-5-shape2-sampling2-True-False]" time="0.009" /><testcase classname="src.cucim.core.operations.morphology.tests.test_distance_transform" name="test_distance_transform_edt[block_params1-5-shape2-sampling2-True-True]" time="0.010" /><testcase classname="src.cucim.core.operations.morphology.tests.test_distance_transform" name="test_distance_transform_edt[block_params1-5-shape3-sampling3-False-False]" time="0.001" /><testcase classname="src.cucim.core.operations.morphology.tests.test_distance_transform" name="test_distance_transform_edt[block_params1-5-shape3-sampling3-False-True]" time="0.007" /><testcase classname="src.cucim.core.operations.morphology.tests.test_distance_transform" name="test_distance_transform_edt[block_params1-5-shape3-sampling3-True-False]" time="0.009" /><testcase classname="src.cucim.core.operations.morphology.tests.test_distance_transform" name="test_distance_transform_edt[block_params1-5-shape3-sampling3-True-True]" time="0.008" /><testcase classname="src.cucim.core.operations.morphology.tests.test_distance_transform" name="test_distance_transform_edt[block_params1-5-shape4-None-False-False]" time="0.001" /><testcase classname="src.cucim.core.operations.morphology.tests.test_distance_transform" name="test_distance_transform_edt[block_params1-5-shape4-None-False-True]" time="0.003" /><testcase classname="src.cucim.core.operations.morphology.tests.test_distance_transform" name="test_distance_transform_edt[block_params1-5-shape4-None-True-False]" time="0.004" /><testcase classname="src.cucim.core.operations.morphology.tests.test_distance_transform" name="test_distance_transform_edt[block_params1-5-shape4-None-True-True]" time="0.004" /><testcase classname="src.cucim.core.operations.morphology.tests.test_distance_transform" name="test_distance_transform_edt[block_params1-5-shape5-sampling5-False-False]" time="0.001" /><testcase classname="src.cucim.core.operations.morphology.tests.test_distance_transform" name="test_distance_transform_edt[block_params1-5-shape5-sampling5-False-True]" time="0.006" /><testcase classname="src.cucim.core.operations.morphology.tests.test_distance_transform" name="test_distance_transform_edt[block_params1-5-shape5-sampling5-True-False]" time="0.007" /><testcase classname="src.cucim.core.operations.morphology.tests.test_distance_transform" name="test_distance_transform_edt[block_params1-5-shape5-sampling5-True-True]" time="0.008" /><testcase classname="src.cucim.core.operations.morphology.tests.test_distance_transform" name="test_distance_transform_edt[block_params1-5-shape6-sampling6-False-False]" time="0.001" /><testcase classname="src.cucim.core.operations.morphology.tests.test_distance_transform" name="test_distance_transform_edt[block_params1-5-shape6-sampling6-False-True]" time="0.006" /><testcase classname="src.cucim.core.operations.morphology.tests.test_distance_transform" name="test_distance_transform_edt[block_params1-5-shape6-sampling6-True-False]" time="0.006" /><testcase classname="src.cucim.core.operations.morphology.tests.test_distance_transform" name="test_distance_transform_edt[block_params1-5-shape6-sampling6-True-True]" time="0.007" /><testcase classname="src.cucim.core.operations.morphology.tests.test_distance_transform" name="test_distance_transform_edt[block_params1-50-shape0-None-False-False]" time="0.001" /><testcase classname="src.cucim.core.operations.morphology.tests.test_distance_transform" name="test_distance_transform_edt[block_params1-50-shape0-None-False-True]" time="0.004" /><testcase classname="src.cucim.core.operations.morphology.tests.test_distance_transform" name="test_distance_transform_edt[block_params1-50-shape0-None-True-False]" time="0.004" /><testcase classname="src.cucim.core.operations.morphology.tests.test_distance_transform" name="test_distance_transform_edt[block_params1-50-shape0-None-True-True]" time="0.004" /><testcase classname="src.cucim.core.operations.morphology.tests.test_distance_transform" name="test_distance_transform_edt[block_params1-50-shape1-sampling1-False-False]" time="0.001" /><testcase classname="src.cucim.core.operations.morphology.tests.test_distance_transform" name="test_distance_transform_edt[block_params1-50-shape1-sampling1-False-True]" time="0.009" /><testcase classname="src.cucim.core.operations.morphology.tests.test_distance_transform" name="test_distance_transform_edt[block_params1-50-shape1-sampling1-True-False]" time="0.011" /><testcase classname="src.cucim.core.operations.morphology.tests.test_distance_transform" name="test_distance_transform_edt[block_params1-50-shape1-sampling1-True-True]" time="0.012" /><testcase classname="src.cucim.core.operations.morphology.tests.test_distance_transform" name="test_distance_transform_edt[block_params1-50-shape2-sampling2-False-False]" time="0.001" /><testcase classname="src.cucim.core.operations.morphology.tests.test_distance_transform" name="test_distance_transform_edt[block_params1-50-shape2-sampling2-False-True]" time="0.009" /><testcase classname="src.cucim.core.operations.morphology.tests.test_distance_transform" name="test_distance_transform_edt[block_params1-50-shape2-sampling2-True-False]" time="0.010" /><testcase classname="src.cucim.core.operations.morphology.tests.test_distance_transform" name="test_distance_transform_edt[block_params1-50-shape2-sampling2-True-True]" time="0.010" /><testcase classname="src.cucim.core.operations.morphology.tests.test_distance_transform" name="test_distance_transform_edt[block_params1-50-shape3-sampling3-False-False]" time="0.001" /><testcase classname="src.cucim.core.operations.morphology.tests.test_distance_transform" name="test_distance_transform_edt[block_params1-50-shape3-sampling3-False-True]" time="0.009" /><testcase classname="src.cucim.core.operations.morphology.tests.test_distance_transform" name="test_distance_transform_edt[block_params1-50-shape3-sampling3-True-False]" time="0.012" /><testcase classname="src.cucim.core.operations.morphology.tests.test_distance_transform" name="test_distance_transform_edt[block_params1-50-shape3-sampling3-True-True]" time="0.012" /><testcase classname="src.cucim.core.operations.morphology.tests.test_distance_transform" name="test_distance_transform_edt[block_params1-50-shape4-None-False-False]" time="0.001" /><testcase classname="src.cucim.core.operations.morphology.tests.test_distance_transform" name="test_distance_transform_edt[block_params1-50-shape4-None-False-True]" time="0.004" /><testcase classname="src.cucim.core.operations.morphology.tests.test_distance_transform" name="test_distance_transform_edt[block_params1-50-shape4-None-True-False]" time="0.004" /><testcase classname="src.cucim.core.operations.morphology.tests.test_distance_transform" name="test_distance_transform_edt[block_params1-50-shape4-None-True-True]" time="0.005" /><testcase classname="src.cucim.core.operations.morphology.tests.test_distance_transform" name="test_distance_transform_edt[block_params1-50-shape5-sampling5-False-False]" time="0.001" /><testcase classname="src.cucim.core.operations.morphology.tests.test_distance_transform" name="test_distance_transform_edt[block_params1-50-shape5-sampling5-False-True]" time="0.006" /><testcase classname="src.cucim.core.operations.morphology.tests.test_distance_transform" name="test_distance_transform_edt[block_params1-50-shape5-sampling5-True-False]" time="0.006" /><testcase classname="src.cucim.core.operations.morphology.tests.test_distance_transform" name="test_distance_transform_edt[block_params1-50-shape5-sampling5-True-True]" time="0.007" /><testcase classname="src.cucim.core.operations.morphology.tests.test_distance_transform" name="test_distance_transform_edt[block_params1-50-shape6-sampling6-False-False]" time="0.001" /><testcase classname="src.cucim.core.operations.morphology.tests.test_distance_transform" name="test_distance_transform_edt[block_params1-50-shape6-sampling6-False-True]" time="0.007" /><testcase classname="src.cucim.core.operations.morphology.tests.test_distance_transform" name="test_distance_transform_edt[block_params1-50-shape6-sampling6-True-False]" time="0.008" /><testcase classname="src.cucim.core.operations.morphology.tests.test_distance_transform" name="test_distance_transform_edt[block_params1-50-shape6-sampling6-True-True]" time="0.009" /><testcase classname="src.cucim.core.operations.morphology.tests.test_distance_transform" name="test_distance_transform_edt[block_params1-95-shape0-None-False-False]" time="0.001" /><testcase classname="src.cucim.core.operations.morphology.tests.test_distance_transform" name="test_distance_transform_edt[block_params1-95-shape0-None-False-True]" time="0.004" /><testcase classname="src.cucim.core.operations.morphology.tests.test_distance_transform" name="test_distance_transform_edt[block_params1-95-shape0-None-True-False]" time="0.004" /><testcase classname="src.cucim.core.operations.morphology.tests.test_distance_transform" name="test_distance_transform_edt[block_params1-95-shape0-None-True-True]" time="0.004" /><testcase classname="src.cucim.core.operations.morphology.tests.test_distance_transform" name="test_distance_transform_edt[block_params1-95-shape1-sampling1-False-False]" time="0.001" /><testcase classname="src.cucim.core.operations.morphology.tests.test_distance_transform" name="test_distance_transform_edt[block_params1-95-shape1-sampling1-False-True]" time="0.006" /><testcase classname="src.cucim.core.operations.morphology.tests.test_distance_transform" name="test_distance_transform_edt[block_params1-95-shape1-sampling1-True-False]" time="0.008" /><testcase classname="src.cucim.core.operations.morphology.tests.test_distance_transform" name="test_distance_transform_edt[block_params1-95-shape1-sampling1-True-True]" time="0.009" /><testcase classname="src.cucim.core.operations.morphology.tests.test_distance_transform" name="test_distance_transform_edt[block_params1-95-shape2-sampling2-False-False]" time="0.001" /><testcase classname="src.cucim.core.operations.morphology.tests.test_distance_transform" name="test_distance_transform_edt[block_params1-95-shape2-sampling2-False-True]" time="0.007" /><testcase classname="src.cucim.core.operations.morphology.tests.test_distance_transform" name="test_distance_transform_edt[block_params1-95-shape2-sampling2-True-False]" time="0.008" /><testcase classname="src.cucim.core.operations.morphology.tests.test_distance_transform" name="test_distance_transform_edt[block_params1-95-shape2-sampling2-True-True]" time="0.008" /><testcase classname="src.cucim.core.operations.morphology.tests.test_distance_transform" name="test_distance_transform_edt[block_params1-95-shape3-sampling3-False-False]" time="0.001" /><testcase classname="src.cucim.core.operations.morphology.tests.test_distance_transform" name="test_distance_transform_edt[block_params1-95-shape3-sampling3-False-True]" time="0.007" /><testcase classname="src.cucim.core.operations.morphology.tests.test_distance_transform" name="test_distance_transform_edt[block_params1-95-shape3-sampling3-True-False]" time="0.008" /><testcase classname="src.cucim.core.operations.morphology.tests.test_distance_transform" name="test_distance_transform_edt[block_params1-95-shape3-sampling3-True-True]" time="0.008" /><testcase classname="src.cucim.core.operations.morphology.tests.test_distance_transform" name="test_distance_transform_edt[block_params1-95-shape4-None-False-False]" time="0.001" /><testcase classname="src.cucim.core.operations.morphology.tests.test_distance_transform" name="test_distance_transform_edt[block_params1-95-shape4-None-False-True]" time="0.003" /><testcase classname="src.cucim.core.operations.morphology.tests.test_distance_transform" name="test_distance_transform_edt[block_params1-95-shape4-None-True-False]" time="0.004" /><testcase classname="src.cucim.core.operations.morphology.tests.test_distance_transform" name="test_distance_transform_edt[block_params1-95-shape4-None-True-True]" time="0.004" /><testcase classname="src.cucim.core.operations.morphology.tests.test_distance_transform" name="test_distance_transform_edt[block_params1-95-shape5-sampling5-False-False]" time="0.001" /><testcase classname="src.cucim.core.operations.morphology.tests.test_distance_transform" name="test_distance_transform_edt[block_params1-95-shape5-sampling5-False-True]" time="0.005" /><testcase classname="src.cucim.core.operations.morphology.tests.test_distance_transform" name="test_distance_transform_edt[block_params1-95-shape5-sampling5-True-False]" time="0.006" /><testcase classname="src.cucim.core.operations.morphology.tests.test_distance_transform" name="test_distance_transform_edt[block_params1-95-shape5-sampling5-True-True]" time="0.006" /><testcase classname="src.cucim.core.operations.morphology.tests.test_distance_transform" name="test_distance_transform_edt[block_params1-95-shape6-sampling6-False-False]" time="0.001" /><testcase classname="src.cucim.core.operations.morphology.tests.test_distance_transform" name="test_distance_transform_edt[block_params1-95-shape6-sampling6-False-True]" time="0.006" /><testcase classname="src.cucim.core.operations.morphology.tests.test_distance_transform" name="test_distance_transform_edt[block_params1-95-shape6-sampling6-True-False]" time="0.006" /><testcase classname="src.cucim.core.operations.morphology.tests.test_distance_transform" name="test_distance_transform_edt[block_params1-95-shape6-sampling6-True-True]" time="0.006" /><testcase classname="src.cucim.core.operations.morphology.tests.test_distance_transform" name="test_distance_transform_edt_additional_shapes[2-shape0]" time="0.021" /><testcase classname="src.cucim.core.operations.morphology.tests.test_distance_transform" name="test_distance_transform_edt_additional_shapes[2-shape1]" time="0.019" /><testcase classname="src.cucim.core.operations.morphology.tests.test_distance_transform" name="test_distance_transform_edt_additional_shapes[2-shape2]" time="0.017" /><testcase classname="src.cucim.core.operations.morphology.tests.test_distance_transform" name="test_distance_transform_edt_additional_shapes[2-shape3]" time="0.017" /><testcase classname="src.cucim.core.operations.morphology.tests.test_distance_transform" name="test_distance_transform_edt_additional_shapes[2-shape4]" time="0.018" /><testcase classname="src.cucim.core.operations.morphology.tests.test_distance_transform" name="test_distance_transform_edt_additional_shapes[2-shape5]" time="0.019" /><testcase classname="src.cucim.core.operations.morphology.tests.test_distance_transform" name="test_distance_transform_edt_additional_shapes[2-shape6]" time="0.018" /><testcase classname="src.cucim.core.operations.morphology.tests.test_distance_transform" name="test_distance_transform_edt_additional_shapes[2-shape7]" time="0.019" /><testcase classname="src.cucim.core.operations.morphology.tests.test_distance_transform" name="test_distance_transform_edt_additional_shapes[2-shape8]" time="0.018" /><testcase classname="src.cucim.core.operations.morphology.tests.test_distance_transform" name="test_distance_transform_edt_additional_shapes[2-shape9]" time="0.019" /><testcase classname="src.cucim.core.operations.morphology.tests.test_distance_transform" name="test_distance_transform_edt_additional_shapes[2-shape10]" time="0.018" /><testcase classname="src.cucim.core.operations.morphology.tests.test_distance_transform" name="test_distance_transform_edt_additional_shapes[2-shape11]" time="0.017" /><testcase classname="src.cucim.core.operations.morphology.tests.test_distance_transform" name="test_distance_transform_edt_additional_shapes[2-shape12]" time="0.019" /><testcase classname="src.cucim.core.operations.morphology.tests.test_distance_transform" name="test_distance_transform_edt_additional_shapes[2-shape13]" time="0.019" /><testcase classname="src.cucim.core.operations.morphology.tests.test_distance_transform" name="test_distance_transform_edt_additional_shapes[2-shape14]" time="0.018" /><testcase classname="src.cucim.core.operations.morphology.tests.test_distance_transform" name="test_distance_transform_edt_additional_shapes[2-shape15]" time="0.017" /><testcase classname="src.cucim.core.operations.morphology.tests.test_distance_transform" name="test_distance_transform_edt_additional_shapes[2-shape16]" time="0.020" /><testcase classname="src.cucim.core.operations.morphology.tests.test_distance_transform" name="test_distance_transform_edt_additional_shapes[2-shape17]" time="0.019" /><testcase classname="src.cucim.core.operations.morphology.tests.test_distance_transform" name="test_distance_transform_edt_additional_shapes[2-shape18]" time="0.019" /><testcase classname="src.cucim.core.operations.morphology.tests.test_distance_transform" name="test_distance_transform_edt_additional_shapes[2-shape19]" time="0.019" /><testcase classname="src.cucim.core.operations.morphology.tests.test_distance_transform" name="test_distance_transform_edt_additional_shapes[2-shape20]" time="0.019" /><testcase classname="src.cucim.core.operations.morphology.tests.test_distance_transform" name="test_distance_transform_edt_additional_shapes[2-shape21]" time="0.019" /><testcase classname="src.cucim.core.operations.morphology.tests.test_distance_transform" name="test_distance_transform_edt_additional_shapes[2-shape22]" time="0.017" /><testcase classname="src.cucim.core.operations.morphology.tests.test_distance_transform" name="test_distance_transform_edt_additional_shapes[2-shape23]" time="0.020" /><testcase classname="src.cucim.core.operations.morphology.tests.test_distance_transform" name="test_distance_transform_edt_additional_shapes[2-shape24]" time="0.020" /><testcase classname="src.cucim.core.operations.morphology.tests.test_distance_transform" name="test_distance_transform_edt_additional_shapes[2-shape25]" time="0.019" /><testcase classname="src.cucim.core.operations.morphology.tests.test_distance_transform" name="test_distance_transform_edt_additional_shapes[2-shape26]" time="0.019" /><testcase classname="src.cucim.core.operations.morphology.tests.test_distance_transform" name="test_distance_transform_edt_additional_shapes[2-shape27]" time="0.020" /><testcase classname="src.cucim.core.operations.morphology.tests.test_distance_transform" name="test_distance_transform_edt_additional_shapes[2-shape28]" time="0.020" /><testcase classname="src.cucim.core.operations.morphology.tests.test_distance_transform" name="test_distance_transform_edt_additional_shapes[2-shape29]" time="0.018" /><testcase classname="src.cucim.core.operations.morphology.tests.test_distance_transform" name="test_distance_transform_edt_additional_shapes[2-shape30]" time="0.020" /><testcase classname="src.cucim.core.operations.morphology.tests.test_distance_transform" name="test_distance_transform_edt_additional_shapes[2-shape31]" time="0.021" /><testcase classname="src.cucim.core.operations.morphology.tests.test_distance_transform" name="test_distance_transform_edt_additional_shapes[2-shape32]" time="0.107" /><testcase classname="src.cucim.core.operations.morphology.tests.test_distance_transform" name="test_distance_transform_edt_additional_shapes[2-shape33]" time="0.069" /><testcase classname="src.cucim.core.operations.morphology.tests.test_distance_transform" name="test_distance_transform_edt_additional_shapes[2-shape34]" time="0.069" /><testcase classname="src.cucim.core.operations.morphology.tests.test_distance_transform" name="test_distance_transform_edt_additional_shapes[2-shape35]" time="0.069" /><testcase classname="src.cucim.core.operations.morphology.tests.test_distance_transform" name="test_distance_transform_edt_additional_shapes[2-shape36]" time="0.069" /><testcase classname="src.cucim.core.operations.morphology.tests.test_distance_transform" name="test_distance_transform_edt_additional_shapes[2-shape37]" time="0.071" /><testcase classname="src.cucim.core.operations.morphology.tests.test_distance_transform" name="test_distance_transform_edt_additional_shapes[2-shape38]" time="0.070" /><testcase classname="src.cucim.core.operations.morphology.tests.test_distance_transform" name="test_distance_transform_edt_additional_shapes[2-shape39]" time="0.069" /><testcase classname="src.cucim.core.operations.morphology.tests.test_distance_transform" name="test_distance_transform_edt_additional_shapes[2-shape40]" time="0.069" /><testcase classname="src.cucim.core.operations.morphology.tests.test_distance_transform" name="test_distance_transform_edt_additional_shapes[2-shape41]" time="0.072" /><testcase classname="src.cucim.core.operations.morphology.tests.test_distance_transform" name="test_distance_transform_edt_additional_shapes[2-shape42]" time="0.072" /><testcase classname="src.cucim.core.operations.morphology.tests.test_distance_transform" name="test_distance_transform_edt_additional_shapes[2-shape43]" time="0.074" /><testcase classname="src.cucim.core.operations.morphology.tests.test_distance_transform" name="test_distance_transform_edt_additional_shapes[2-shape44]" time="0.070" /><testcase classname="src.cucim.core.operations.morphology.tests.test_distance_transform" name="test_distance_transform_edt_additional_shapes[2-shape45]" time="0.073" /><testcase classname="src.cucim.core.operations.morphology.tests.test_distance_transform" name="test_distance_transform_edt_additional_shapes[2-shape46]" time="0.076" /><testcase classname="src.cucim.core.operations.morphology.tests.test_distance_transform" name="test_distance_transform_edt_additional_shapes[2-shape47]" time="0.074" /><testcase classname="src.cucim.core.operations.morphology.tests.test_distance_transform" name="test_distance_transform_edt_additional_shapes[98-shape0]" time="0.019" /><testcase classname="src.cucim.core.operations.morphology.tests.test_distance_transform" name="test_distance_transform_edt_additional_shapes[98-shape1]" time="0.017" /><testcase classname="src.cucim.core.operations.morphology.tests.test_distance_transform" name="test_distance_transform_edt_additional_shapes[98-shape2]" time="0.017" /><testcase classname="src.cucim.core.operations.morphology.tests.test_distance_transform" name="test_distance_transform_edt_additional_shapes[98-shape3]" time="0.017" /><testcase classname="src.cucim.core.operations.morphology.tests.test_distance_transform" name="test_distance_transform_edt_additional_shapes[98-shape4]" time="0.016" /><testcase classname="src.cucim.core.operations.morphology.tests.test_distance_transform" name="test_distance_transform_edt_additional_shapes[98-shape5]" time="0.016" /><testcase classname="src.cucim.core.operations.morphology.tests.test_distance_transform" name="test_distance_transform_edt_additional_shapes[98-shape6]" time="0.017" /><testcase classname="src.cucim.core.operations.morphology.tests.test_distance_transform" name="test_distance_transform_edt_additional_shapes[98-shape7]" time="0.017" /><testcase classname="src.cucim.core.operations.morphology.tests.test_distance_transform" name="test_distance_transform_edt_additional_shapes[98-shape8]" time="0.015" /><testcase classname="src.cucim.core.operations.morphology.tests.test_distance_transform" name="test_distance_transform_edt_additional_shapes[98-shape9]" time="0.016" /><testcase classname="src.cucim.core.operations.morphology.tests.test_distance_transform" name="test_distance_transform_edt_additional_shapes[98-shape10]" time="0.016" /><testcase classname="src.cucim.core.operations.morphology.tests.test_distance_transform" name="test_distance_transform_edt_additional_shapes[98-shape11]" time="0.017" /><testcase classname="src.cucim.core.operations.morphology.tests.test_distance_transform" name="test_distance_transform_edt_additional_shapes[98-shape12]" time="0.015" /><testcase classname="src.cucim.core.operations.morphology.tests.test_distance_transform" name="test_distance_transform_edt_additional_shapes[98-shape13]" time="0.017" /><testcase classname="src.cucim.core.operations.morphology.tests.test_distance_transform" name="test_distance_transform_edt_additional_shapes[98-shape14]" time="0.017" /><testcase classname="src.cucim.core.operations.morphology.tests.test_distance_transform" name="test_distance_transform_edt_additional_shapes[98-shape15]" time="0.017" /><testcase classname="src.cucim.core.operations.morphology.tests.test_distance_transform" name="test_distance_transform_edt_additional_shapes[98-shape16]" time="0.018" /><testcase classname="src.cucim.core.operations.morphology.tests.test_distance_transform" name="test_distance_transform_edt_additional_shapes[98-shape17]" time="0.017" /><testcase classname="src.cucim.core.operations.morphology.tests.test_distance_transform" name="test_distance_transform_edt_additional_shapes[98-shape18]" time="0.017" /><testcase classname="src.cucim.core.operations.morphology.tests.test_distance_transform" name="test_distance_transform_edt_additional_shapes[98-shape19]" time="0.018" /><testcase classname="src.cucim.core.operations.morphology.tests.test_distance_transform" name="test_distance_transform_edt_additional_shapes[98-shape20]" time="0.019" /><testcase classname="src.cucim.core.operations.morphology.tests.test_distance_transform" name="test_distance_transform_edt_additional_shapes[98-shape21]" time="0.017" /><testcase classname="src.cucim.core.operations.morphology.tests.test_distance_transform" name="test_distance_transform_edt_additional_shapes[98-shape22]" time="0.018" /><testcase classname="src.cucim.core.operations.morphology.tests.test_distance_transform" name="test_distance_transform_edt_additional_shapes[98-shape23]" time="0.018" /><testcase classname="src.cucim.core.operations.morphology.tests.test_distance_transform" name="test_distance_transform_edt_additional_shapes[98-shape24]" time="0.019" /><testcase classname="src.cucim.core.operations.morphology.tests.test_distance_transform" name="test_distance_transform_edt_additional_shapes[98-shape25]" time="0.017" /><testcase classname="src.cucim.core.operations.morphology.tests.test_distance_transform" name="test_distance_transform_edt_additional_shapes[98-shape26]" time="0.017" /><testcase classname="src.cucim.core.operations.morphology.tests.test_distance_transform" name="test_distance_transform_edt_additional_shapes[98-shape27]" time="0.018" /><testcase classname="src.cucim.core.operations.morphology.tests.test_distance_transform" name="test_distance_transform_edt_additional_shapes[98-shape28]" time="0.017" /><testcase classname="src.cucim.core.operations.morphology.tests.test_distance_transform" name="test_distance_transform_edt_additional_shapes[98-shape29]" time="0.017" /><testcase classname="src.cucim.core.operations.morphology.tests.test_distance_transform" name="test_distance_transform_edt_additional_shapes[98-shape30]" time="0.018" /><testcase classname="src.cucim.core.operations.morphology.tests.test_distance_transform" name="test_distance_transform_edt_additional_shapes[98-shape31]" time="0.018" /><testcase classname="src.cucim.core.operations.morphology.tests.test_distance_transform" name="test_distance_transform_edt_additional_shapes[98-shape32]" time="0.100" /><testcase classname="src.cucim.core.operations.morphology.tests.test_distance_transform" name="test_distance_transform_edt_additional_shapes[98-shape33]" time="0.069" /><testcase classname="src.cucim.core.operations.morphology.tests.test_distance_transform" name="test_distance_transform_edt_additional_shapes[98-shape34]" time="0.066" /><testcase classname="src.cucim.core.operations.morphology.tests.test_distance_transform" name="test_distance_transform_edt_additional_shapes[98-shape35]" time="0.062" /><testcase classname="src.cucim.core.operations.morphology.tests.test_distance_transform" name="test_distance_transform_edt_additional_shapes[98-shape36]" time="0.060" /><testcase classname="src.cucim.core.operations.morphology.tests.test_distance_transform" name="test_distance_transform_edt_additional_shapes[98-shape37]" time="0.064" /><testcase classname="src.cucim.core.operations.morphology.tests.test_distance_transform" name="test_distance_transform_edt_additional_shapes[98-shape38]" time="0.064" /><testcase classname="src.cucim.core.operations.morphology.tests.test_distance_transform" name="test_distance_transform_edt_additional_shapes[98-shape39]" time="0.062" /><testcase classname="src.cucim.core.operations.morphology.tests.test_distance_transform" name="test_distance_transform_edt_additional_shapes[98-shape40]" time="0.064" /><testcase classname="src.cucim.core.operations.morphology.tests.test_distance_transform" name="test_distance_transform_edt_additional_shapes[98-shape41]" time="0.062" /><testcase classname="src.cucim.core.operations.morphology.tests.test_distance_transform" name="test_distance_transform_edt_additional_shapes[98-shape42]" time="0.062" /><testcase classname="src.cucim.core.operations.morphology.tests.test_distance_transform" name="test_distance_transform_edt_additional_shapes[98-shape43]" time="0.063" /><testcase classname="src.cucim.core.operations.morphology.tests.test_distance_transform" name="test_distance_transform_edt_additional_shapes[98-shape44]" time="0.063" /><testcase classname="src.cucim.core.operations.morphology.tests.test_distance_transform" name="test_distance_transform_edt_additional_shapes[98-shape45]" time="0.065" /><testcase classname="src.cucim.core.operations.morphology.tests.test_distance_transform" name="test_distance_transform_edt_additional_shapes[98-shape46]" time="0.063" /><testcase classname="src.cucim.core.operations.morphology.tests.test_distance_transform" name="test_distance_transform_edt_additional_shapes[98-shape47]" time="0.065" /><testcase classname="src.cucim.core.operations.morphology.tests.test_distance_transform" name="test_distance_transform_edt_block_params[block_params0-shape0]" time="0.110" /><testcase classname="src.cucim.core.operations.morphology.tests.test_distance_transform" name="test_distance_transform_edt_block_params[block_params0-shape1]" time="0.073" /><testcase classname="src.cucim.core.operations.morphology.tests.test_distance_transform" name="test_distance_transform_edt_block_params[block_params0-shape2]" time="0.076" /><testcase classname="src.cucim.core.operations.morphology.tests.test_distance_transform" name="test_distance_transform_edt_block_params[block_params0-shape3]" time="0.075" /><testcase classname="src.cucim.core.operations.morphology.tests.test_distance_transform" name="test_distance_transform_edt_block_params[block_params1-shape0]" time="0.109" /><testcase classname="src.cucim.core.operations.morphology.tests.test_distance_transform" name="test_distance_transform_edt_block_params[block_params1-shape1]" time="0.076" /><testcase classname="src.cucim.core.operations.morphology.tests.test_distance_transform" name="test_distance_transform_edt_block_params[block_params1-shape2]" time="0.072" /><testcase classname="src.cucim.core.operations.morphology.tests.test_distance_transform" name="test_distance_transform_edt_block_params[block_params1-shape3]" time="0.073" /><testcase classname="src.cucim.core.operations.morphology.tests.test_distance_transform" name="test_distance_transform_edt_block_params[block_params2-shape0]" time="0.108" /><testcase classname="src.cucim.core.operations.morphology.tests.test_distance_transform" name="test_distance_transform_edt_block_params[block_params2-shape1]" time="0.075" /><testcase classname="src.cucim.core.operations.morphology.tests.test_distance_transform" name="test_distance_transform_edt_block_params[block_params2-shape2]" time="0.075" /><testcase classname="src.cucim.core.operations.morphology.tests.test_distance_transform" name="test_distance_transform_edt_block_params[block_params2-shape3]" time="0.074" /><testcase classname="src.cucim.core.operations.morphology.tests.test_distance_transform" name="test_distance_transform_edt_block_params[block_params3-shape0]" time="0.107" /><testcase classname="src.cucim.core.operations.morphology.tests.test_distance_transform" name="test_distance_transform_edt_block_params[block_params3-shape1]" time="0.076" /><testcase classname="src.cucim.core.operations.morphology.tests.test_distance_transform" name="test_distance_transform_edt_block_params[block_params3-shape2]" time="0.075" /><testcase classname="src.cucim.core.operations.morphology.tests.test_distance_transform" name="test_distance_transform_edt_block_params[block_params3-shape3]" time="0.075" /><testcase classname="src.cucim.core.operations.morphology.tests.test_distance_transform" name="test_distance_transform_edt_block_params[block_params4-shape0]" time="0.111" /><testcase classname="src.cucim.core.operations.morphology.tests.test_distance_transform" name="test_distance_transform_edt_block_params[block_params4-shape1]" time="0.073" /><testcase classname="src.cucim.core.operations.morphology.tests.test_distance_transform" name="test_distance_transform_edt_block_params[block_params4-shape2]" time="0.072" /><testcase classname="src.cucim.core.operations.morphology.tests.test_distance_transform" name="test_distance_transform_edt_block_params[block_params4-shape3]" time="0.074" /><testcase classname="src.cucim.core.operations.morphology.tests.test_distance_transform" name="test_distance_transform_edt_block_params[block_params5-shape0]" time="0.112" /><testcase classname="src.cucim.core.operations.morphology.tests.test_distance_transform" name="test_distance_transform_edt_block_params[block_params5-shape1]" time="0.076" /><testcase classname="src.cucim.core.operations.morphology.tests.test_distance_transform" name="test_distance_transform_edt_block_params[block_params5-shape2]" time="0.076" /><testcase classname="src.cucim.core.operations.morphology.tests.test_distance_transform" name="test_distance_transform_edt_block_params[block_params5-shape3]" time="0.073" /><testcase classname="src.cucim.core.operations.morphology.tests.test_distance_transform" name="test_distance_transform_edt_block_params_invalid[block_params0]" time="0.001" /><testcase classname="src.cucim.core.operations.morphology.tests.test_distance_transform" name="test_distance_transform_edt_block_params_invalid[block_params1]" time="0.001" /><testcase classname="src.cucim.core.operations.morphology.tests.test_distance_transform" name="test_distance_transform_edt_block_params_invalid[block_params2]" time="0.001" /><testcase classname="src.cucim.core.operations.morphology.tests.test_distance_transform" name="test_distance_transform_edt_block_params_invalid[block_params3]" time="0.001" /><testcase classname="src.cucim.core.operations.morphology.tests.test_distance_transform" name="test_distance_transform_edt_block_params_invalid[block_params4]" time="0.001" /><testcase classname="src.cucim.core.operations.morphology.tests.test_distance_transform" name="test_distance_transform_edt_block_params_invalid[block_params5]" time="0.001" /><testcase classname="src.cucim.core.operations.morphology.tests.test_distance_transform" name="test_distance_transform_edt_block_params_invalid[block_params6]" time="0.001" /><testcase classname="src.cucim.core.operations.morphology.tests.test_distance_transform" name="test_distance_transform_edt_block_params_invalid[block_params7]" time="0.001" /><testcase classname="src.cucim.core.operations.morphology.tests.test_distance_transform" name="test_distance_transform_edt_block_params_invalid[block_params8]" time="0.001" /><testcase classname="src.cucim.core.operations.morphology.tests.test_distance_transform" name="test_distance_transform_edt_uniform_valued[2-0]" time="0.004" /><testcase classname="src.cucim.core.operations.morphology.tests.test_distance_transform" name="test_distance_transform_edt_uniform_valued[2-1]" time="0.001" /><testcase classname="src.cucim.core.operations.morphology.tests.test_distance_transform" name="test_distance_transform_edt_uniform_valued[2-3]" time="0.001" /><testcase classname="src.cucim.core.operations.morphology.tests.test_distance_transform" name="test_distance_transform_edt_uniform_valued[3-0]" time="0.012" /><testcase classname="src.cucim.core.operations.morphology.tests.test_distance_transform" name="test_distance_transform_edt_uniform_valued[3-1]" time="0.005" /><testcase classname="src.cucim.core.operations.morphology.tests.test_distance_transform" name="test_distance_transform_edt_uniform_valued[3-3]" time="0.005" /><testcase classname="src.cucim.core.operations.morphology.tests.test_distance_transform" name="test_distance_transform_edt_2d_aniso[0-0]" time="0.003" /><testcase classname="src.cucim.core.operations.morphology.tests.test_distance_transform" name="test_distance_transform_edt_2d_aniso[0-1]" time="0.003" /><testcase classname="src.cucim.core.operations.morphology.tests.test_distance_transform" name="test_distance_transform_edt_2d_aniso[0-2]" time="0.002" /><testcase classname="src.cucim.core.operations.morphology.tests.test_distance_transform" name="test_distance_transform_edt_2d_aniso[0-3]" time="0.003" /><testcase classname="src.cucim.core.operations.morphology.tests.test_distance_transform" name="test_distance_transform_edt_2d_aniso[0-4]" time="0.003" /><testcase classname="src.cucim.core.operations.morphology.tests.test_distance_transform" name="test_distance_transform_edt_2d_aniso[0-5]" time="0.003" /><testcase classname="src.cucim.core.operations.morphology.tests.test_distance_transform" name="test_distance_transform_edt_2d_aniso[0-6]" time="0.003" /><testcase classname="src.cucim.core.operations.morphology.tests.test_distance_transform" name="test_distance_transform_edt_2d_aniso[0-7]" time="0.003" /><testcase classname="src.cucim.core.operations.morphology.tests.test_distance_transform" name="test_distance_transform_edt_2d_aniso[0-8]" time="0.003" /><testcase classname="src.cucim.core.operations.morphology.tests.test_distance_transform" name="test_distance_transform_edt_2d_aniso[0-9]" time="0.003" /><testcase classname="src.cucim.core.operations.morphology.tests.test_distance_transform" name="test_distance_transform_edt_2d_aniso[0-10]" time="0.003" /><testcase classname="src.cucim.core.operations.morphology.tests.test_distance_transform" name="test_distance_transform_edt_2d_aniso[0-11]" time="0.003" /><testcase classname="src.cucim.core.operations.morphology.tests.test_distance_transform" name="test_distance_transform_edt_2d_aniso[0-12]" time="0.003" /><testcase classname="src.cucim.core.operations.morphology.tests.test_distance_transform" name="test_distance_transform_edt_2d_aniso[0-13]" time="0.003" /><testcase classname="src.cucim.core.operations.morphology.tests.test_distance_transform" name="test_distance_transform_edt_2d_aniso[0-14]" time="0.003" /><testcase classname="src.cucim.core.operations.morphology.tests.test_distance_transform" name="test_distance_transform_edt_2d_aniso[0-15]" time="0.003" /><testcase classname="src.cucim.core.operations.morphology.tests.test_distance_transform" name="test_distance_transform_edt_2d_aniso[1-0]" time="0.003" /><testcase classname="src.cucim.core.operations.morphology.tests.test_distance_transform" name="test_distance_transform_edt_2d_aniso[1-1]" time="0.003" /><testcase classname="src.cucim.core.operations.morphology.tests.test_distance_transform" name="test_distance_transform_edt_2d_aniso[1-2]" time="0.003" /><testcase classname="src.cucim.core.operations.morphology.tests.test_distance_transform" name="test_distance_transform_edt_2d_aniso[1-3]" time="0.003" /><testcase classname="src.cucim.core.operations.morphology.tests.test_distance_transform" name="test_distance_transform_edt_2d_aniso[1-4]" time="0.003" /><testcase classname="src.cucim.core.operations.morphology.tests.test_distance_transform" name="test_distance_transform_edt_2d_aniso[1-5]" time="0.003" /><testcase classname="src.cucim.core.operations.morphology.tests.test_distance_transform" name="test_distance_transform_edt_2d_aniso[1-6]" time="0.003" /><testcase classname="src.cucim.core.operations.morphology.tests.test_distance_transform" name="test_distance_transform_edt_2d_aniso[1-7]" time="0.003" /><testcase classname="src.cucim.core.operations.morphology.tests.test_distance_transform" name="test_distance_transform_edt_2d_aniso[1-8]" time="0.003" /><testcase classname="src.cucim.core.operations.morphology.tests.test_distance_transform" name="test_distance_transform_edt_2d_aniso[1-9]" time="0.003" /><testcase classname="src.cucim.core.operations.morphology.tests.test_distance_transform" name="test_distance_transform_edt_2d_aniso[1-10]" time="0.003" /><testcase classname="src.cucim.core.operations.morphology.tests.test_distance_transform" name="test_distance_transform_edt_2d_aniso[1-11]" time="0.003" /><testcase classname="src.cucim.core.operations.morphology.tests.test_distance_transform" name="test_distance_transform_edt_2d_aniso[1-12]" time="0.003" /><testcase classname="src.cucim.core.operations.morphology.tests.test_distance_transform" name="test_distance_transform_edt_2d_aniso[1-13]" time="0.003" /><testcase classname="src.cucim.core.operations.morphology.tests.test_distance_transform" name="test_distance_transform_edt_2d_aniso[1-14]" time="0.003" /><testcase classname="src.cucim.core.operations.morphology.tests.test_distance_transform" name="test_distance_transform_edt_2d_aniso[1-15]" time="0.003" /><testcase classname="src.cucim.core.operations.morphology.tests.test_distance_transform" name="test_distance_transform_edt_2d_aniso[2-0]" time="0.003" /><testcase classname="src.cucim.core.operations.morphology.tests.test_distance_transform" name="test_distance_transform_edt_2d_aniso[2-1]" time="0.003" /><testcase classname="src.cucim.core.operations.morphology.tests.test_distance_transform" name="test_distance_transform_edt_2d_aniso[2-2]" time="0.003" /><testcase classname="src.cucim.core.operations.morphology.tests.test_distance_transform" name="test_distance_transform_edt_2d_aniso[2-3]" time="0.003" /><testcase classname="src.cucim.core.operations.morphology.tests.test_distance_transform" name="test_distance_transform_edt_2d_aniso[2-4]" time="0.003" /><testcase classname="src.cucim.core.operations.morphology.tests.test_distance_transform" name="test_distance_transform_edt_2d_aniso[2-5]" time="0.003" /><testcase classname="src.cucim.core.operations.morphology.tests.test_distance_transform" name="test_distance_transform_edt_2d_aniso[2-6]" time="0.003" /><testcase classname="src.cucim.core.operations.morphology.tests.test_distance_transform" name="test_distance_transform_edt_2d_aniso[2-7]" time="0.003" /><testcase classname="src.cucim.core.operations.morphology.tests.test_distance_transform" name="test_distance_transform_edt_2d_aniso[2-8]" time="0.003" /><testcase classname="src.cucim.core.operations.morphology.tests.test_distance_transform" name="test_distance_transform_edt_2d_aniso[2-9]" time="0.003" /><testcase classname="src.cucim.core.operations.morphology.tests.test_distance_transform" name="test_distance_transform_edt_2d_aniso[2-10]" time="0.003" /><testcase classname="src.cucim.core.operations.morphology.tests.test_distance_transform" name="test_distance_transform_edt_2d_aniso[2-11]" time="0.003" /><testcase classname="src.cucim.core.operations.morphology.tests.test_distance_transform" name="test_distance_transform_edt_2d_aniso[2-12]" time="0.003" /><testcase classname="src.cucim.core.operations.morphology.tests.test_distance_transform" name="test_distance_transform_edt_2d_aniso[2-13]" time="0.003" /><testcase classname="src.cucim.core.operations.morphology.tests.test_distance_transform" name="test_distance_transform_edt_2d_aniso[2-14]" time="0.003" /><testcase classname="src.cucim.core.operations.morphology.tests.test_distance_transform" name="test_distance_transform_edt_2d_aniso[2-15]" time="0.003" /><testcase classname="src.cucim.core.operations.morphology.tests.test_distance_transform" name="test_distance_transform_edt_2d_aniso[3-0]" time="0.003" /><testcase classname="src.cucim.core.operations.morphology.tests.test_distance_transform" name="test_distance_transform_edt_2d_aniso[3-1]" time="0.003" /><testcase classname="src.cucim.core.operations.morphology.tests.test_distance_transform" name="test_distance_transform_edt_2d_aniso[3-2]" time="0.003" /><testcase classname="src.cucim.core.operations.morphology.tests.test_distance_transform" name="test_distance_transform_edt_2d_aniso[3-3]" time="0.003" /><testcase classname="src.cucim.core.operations.morphology.tests.test_distance_transform" name="test_distance_transform_edt_2d_aniso[3-4]" time="0.003" /><testcase classname="src.cucim.core.operations.morphology.tests.test_distance_transform" name="test_distance_transform_edt_2d_aniso[3-5]" time="0.003" /><testcase classname="src.cucim.core.operations.morphology.tests.test_distance_transform" name="test_distance_transform_edt_2d_aniso[3-6]" time="0.003" /><testcase classname="src.cucim.core.operations.morphology.tests.test_distance_transform" name="test_distance_transform_edt_2d_aniso[3-7]" time="0.003" /><testcase classname="src.cucim.core.operations.morphology.tests.test_distance_transform" name="test_distance_transform_edt_2d_aniso[3-8]" time="0.003" /><testcase classname="src.cucim.core.operations.morphology.tests.test_distance_transform" name="test_distance_transform_edt_2d_aniso[3-9]" time="0.003" /><testcase classname="src.cucim.core.operations.morphology.tests.test_distance_transform" name="test_distance_transform_edt_2d_aniso[3-10]" time="0.003" /><testcase classname="src.cucim.core.operations.morphology.tests.test_distance_transform" name="test_distance_transform_edt_2d_aniso[3-11]" time="0.003" /><testcase classname="src.cucim.core.operations.morphology.tests.test_distance_transform" name="test_distance_transform_edt_2d_aniso[3-12]" time="0.003" /><testcase classname="src.cucim.core.operations.morphology.tests.test_distance_transform" name="test_distance_transform_edt_2d_aniso[3-13]" time="0.003" /><testcase classname="src.cucim.core.operations.morphology.tests.test_distance_transform" name="test_distance_transform_edt_2d_aniso[3-14]" time="0.003" /><testcase classname="src.cucim.core.operations.morphology.tests.test_distance_transform" name="test_distance_transform_edt_2d_aniso[3-15]" time="0.003" /><testcase classname="src.cucim.core.operations.morphology.tests.test_distance_transform" name="test_distance_transform_edt_2d_aniso[4-0]" time="0.003" /><testcase classname="src.cucim.core.operations.morphology.tests.test_distance_transform" name="test_distance_transform_edt_2d_aniso[4-1]" time="0.003" /><testcase classname="src.cucim.core.operations.morphology.tests.test_distance_transform" name="test_distance_transform_edt_2d_aniso[4-2]" time="0.003" /><testcase classname="src.cucim.core.operations.morphology.tests.test_distance_transform" name="test_distance_transform_edt_2d_aniso[4-3]" time="0.003" /><testcase classname="src.cucim.core.operations.morphology.tests.test_distance_transform" name="test_distance_transform_edt_2d_aniso[4-4]" time="0.003" /><testcase classname="src.cucim.core.operations.morphology.tests.test_distance_transform" name="test_distance_transform_edt_2d_aniso[4-5]" time="0.003" /><testcase classname="src.cucim.core.operations.morphology.tests.test_distance_transform" name="test_distance_transform_edt_2d_aniso[4-6]" time="0.003" /><testcase classname="src.cucim.core.operations.morphology.tests.test_distance_transform" name="test_distance_transform_edt_2d_aniso[4-7]" time="0.003" /><testcase classname="src.cucim.core.operations.morphology.tests.test_distance_transform" name="test_distance_transform_edt_2d_aniso[4-8]" time="0.003" /><testcase classname="src.cucim.core.operations.morphology.tests.test_distance_transform" name="test_distance_transform_edt_2d_aniso[4-9]" time="0.003" /><testcase classname="src.cucim.core.operations.morphology.tests.test_distance_transform" name="test_distance_transform_edt_2d_aniso[4-10]" time="0.003" /><testcase classname="src.cucim.core.operations.morphology.tests.test_distance_transform" name="test_distance_transform_edt_2d_aniso[4-11]" time="0.003" /><testcase classname="src.cucim.core.operations.morphology.tests.test_distance_transform" name="test_distance_transform_edt_2d_aniso[4-12]" time="0.003" /><testcase classname="src.cucim.core.operations.morphology.tests.test_distance_transform" name="test_distance_transform_edt_2d_aniso[4-13]" time="0.003" /><testcase classname="src.cucim.core.operations.morphology.tests.test_distance_transform" name="test_distance_transform_edt_2d_aniso[4-14]" time="0.003" /><testcase classname="src.cucim.core.operations.morphology.tests.test_distance_transform" name="test_distance_transform_edt_2d_aniso[4-15]" time="0.003" /><testcase classname="src.cucim.core.operations.morphology.tests.test_distance_transform" name="test_distance_transform_edt_2d_aniso[5-0]" time="0.003" /><testcase classname="src.cucim.core.operations.morphology.tests.test_distance_transform" name="test_distance_transform_edt_2d_aniso[5-1]" time="0.003" /><testcase classname="src.cucim.core.operations.morphology.tests.test_distance_transform" name="test_distance_transform_edt_2d_aniso[5-2]" time="0.003" /><testcase classname="src.cucim.core.operations.morphology.tests.test_distance_transform" name="test_distance_transform_edt_2d_aniso[5-3]" time="0.003" /><testcase classname="src.cucim.core.operations.morphology.tests.test_distance_transform" name="test_distance_transform_edt_2d_aniso[5-4]" time="0.003" /><testcase classname="src.cucim.core.operations.morphology.tests.test_distance_transform" name="test_distance_transform_edt_2d_aniso[5-5]" time="0.003" /><testcase classname="src.cucim.core.operations.morphology.tests.test_distance_transform" name="test_distance_transform_edt_2d_aniso[5-6]" time="0.003" /><testcase classname="src.cucim.core.operations.morphology.tests.test_distance_transform" name="test_distance_transform_edt_2d_aniso[5-7]" time="0.003" /><testcase classname="src.cucim.core.operations.morphology.tests.test_distance_transform" name="test_distance_transform_edt_2d_aniso[5-8]" time="0.003" /><testcase classname="src.cucim.core.operations.morphology.tests.test_distance_transform" name="test_distance_transform_edt_2d_aniso[5-9]" time="0.003" /><testcase classname="src.cucim.core.operations.morphology.tests.test_distance_transform" name="test_distance_transform_edt_2d_aniso[5-10]" time="0.003" /><testcase classname="src.cucim.core.operations.morphology.tests.test_distance_transform" name="test_distance_transform_edt_2d_aniso[5-11]" time="0.003" /><testcase classname="src.cucim.core.operations.morphology.tests.test_distance_transform" name="test_distance_transform_edt_2d_aniso[5-12]" time="0.003" /><testcase classname="src.cucim.core.operations.morphology.tests.test_distance_transform" name="test_distance_transform_edt_2d_aniso[5-13]" time="0.003" /><testcase classname="src.cucim.core.operations.morphology.tests.test_distance_transform" name="test_distance_transform_edt_2d_aniso[5-14]" time="0.003" /><testcase classname="src.cucim.core.operations.morphology.tests.test_distance_transform" name="test_distance_transform_edt_2d_aniso[5-15]" time="0.003" /><testcase classname="src.cucim.core.operations.morphology.tests.test_distance_transform" name="test_distance_transform_edt_2d_aniso[6-0]" time="0.003" /><testcase classname="src.cucim.core.operations.morphology.tests.test_distance_transform" name="test_distance_transform_edt_2d_aniso[6-1]" time="0.003" /><testcase classname="src.cucim.core.operations.morphology.tests.test_distance_transform" name="test_distance_transform_edt_2d_aniso[6-2]" time="0.003" /><testcase classname="src.cucim.core.operations.morphology.tests.test_distance_transform" name="test_distance_transform_edt_2d_aniso[6-3]" time="0.003" /><testcase classname="src.cucim.core.operations.morphology.tests.test_distance_transform" name="test_distance_transform_edt_2d_aniso[6-4]" time="0.003" /><testcase classname="src.cucim.core.operations.morphology.tests.test_distance_transform" name="test_distance_transform_edt_2d_aniso[6-5]" time="0.003" /><testcase classname="src.cucim.core.operations.morphology.tests.test_distance_transform" name="test_distance_transform_edt_2d_aniso[6-6]" time="0.003" /><testcase classname="src.cucim.core.operations.morphology.tests.test_distance_transform" name="test_distance_transform_edt_2d_aniso[6-7]" time="0.003" /><testcase classname="src.cucim.core.operations.morphology.tests.test_distance_transform" name="test_distance_transform_edt_2d_aniso[6-8]" time="0.003" /><testcase classname="src.cucim.core.operations.morphology.tests.test_distance_transform" name="test_distance_transform_edt_2d_aniso[6-9]" time="0.003" /><testcase classname="src.cucim.core.operations.morphology.tests.test_distance_transform" name="test_distance_transform_edt_2d_aniso[6-10]" time="0.003" /><testcase classname="src.cucim.core.operations.morphology.tests.test_distance_transform" name="test_distance_transform_edt_2d_aniso[6-11]" time="0.003" /><testcase classname="src.cucim.core.operations.morphology.tests.test_distance_transform" name="test_distance_transform_edt_2d_aniso[6-12]" time="0.003" /><testcase classname="src.cucim.core.operations.morphology.tests.test_distance_transform" name="test_distance_transform_edt_2d_aniso[6-13]" time="0.003" /><testcase classname="src.cucim.core.operations.morphology.tests.test_distance_transform" name="test_distance_transform_edt_2d_aniso[6-14]" time="0.003" /><testcase classname="src.cucim.core.operations.morphology.tests.test_distance_transform" name="test_distance_transform_edt_2d_aniso[6-15]" time="0.003" /><testcase classname="src.cucim.core.operations.morphology.tests.test_distance_transform" name="test_distance_transform_edt_2d_aniso[7-0]" time="0.003" /><testcase classname="src.cucim.core.operations.morphology.tests.test_distance_transform" name="test_distance_transform_edt_2d_aniso[7-1]" time="0.003" /><testcase classname="src.cucim.core.operations.morphology.tests.test_distance_transform" name="test_distance_transform_edt_2d_aniso[7-2]" time="0.003" /><testcase classname="src.cucim.core.operations.morphology.tests.test_distance_transform" name="test_distance_transform_edt_2d_aniso[7-3]" time="0.003" /><testcase classname="src.cucim.core.operations.morphology.tests.test_distance_transform" name="test_distance_transform_edt_2d_aniso[7-4]" time="0.003" /><testcase classname="src.cucim.core.operations.morphology.tests.test_distance_transform" name="test_distance_transform_edt_2d_aniso[7-5]" time="0.003" /><testcase classname="src.cucim.core.operations.morphology.tests.test_distance_transform" name="test_distance_transform_edt_2d_aniso[7-6]" time="0.003" /><testcase classname="src.cucim.core.operations.morphology.tests.test_distance_transform" name="test_distance_transform_edt_2d_aniso[7-7]" time="0.003" /><testcase classname="src.cucim.core.operations.morphology.tests.test_distance_transform" name="test_distance_transform_edt_2d_aniso[7-8]" time="0.003" /><testcase classname="src.cucim.core.operations.morphology.tests.test_distance_transform" name="test_distance_transform_edt_2d_aniso[7-9]" time="0.003" /><testcase classname="src.cucim.core.operations.morphology.tests.test_distance_transform" name="test_distance_transform_edt_2d_aniso[7-10]" time="0.003" /><testcase classname="src.cucim.core.operations.morphology.tests.test_distance_transform" name="test_distance_transform_edt_2d_aniso[7-11]" time="0.003" /><testcase classname="src.cucim.core.operations.morphology.tests.test_distance_transform" name="test_distance_transform_edt_2d_aniso[7-12]" time="0.003" /><testcase classname="src.cucim.core.operations.morphology.tests.test_distance_transform" name="test_distance_transform_edt_2d_aniso[7-13]" time="0.003" /><testcase classname="src.cucim.core.operations.morphology.tests.test_distance_transform" name="test_distance_transform_edt_2d_aniso[7-14]" time="0.003" /><testcase classname="src.cucim.core.operations.morphology.tests.test_distance_transform" name="test_distance_transform_edt_2d_aniso[7-15]" time="0.003" /><testcase classname="src.cucim.core.operations.morphology.tests.test_distance_transform" name="test_distance_transform_edt_2d_aniso[8-0]" time="0.003" /><testcase classname="src.cucim.core.operations.morphology.tests.test_distance_transform" name="test_distance_transform_edt_2d_aniso[8-1]" time="0.003" /><testcase classname="src.cucim.core.operations.morphology.tests.test_distance_transform" name="test_distance_transform_edt_2d_aniso[8-2]" time="0.003" /><testcase classname="src.cucim.core.operations.morphology.tests.test_distance_transform" name="test_distance_transform_edt_2d_aniso[8-3]" time="0.003" /><testcase classname="src.cucim.core.operations.morphology.tests.test_distance_transform" name="test_distance_transform_edt_2d_aniso[8-4]" time="0.003" /><testcase classname="src.cucim.core.operations.morphology.tests.test_distance_transform" name="test_distance_transform_edt_2d_aniso[8-5]" time="0.003" /><testcase classname="src.cucim.core.operations.morphology.tests.test_distance_transform" name="test_distance_transform_edt_2d_aniso[8-6]" time="0.003" /><testcase classname="src.cucim.core.operations.morphology.tests.test_distance_transform" name="test_distance_transform_edt_2d_aniso[8-7]" time="0.003" /><testcase classname="src.cucim.core.operations.morphology.tests.test_distance_transform" name="test_distance_transform_edt_2d_aniso[8-8]" time="0.003" /><testcase classname="src.cucim.core.operations.morphology.tests.test_distance_transform" name="test_distance_transform_edt_2d_aniso[8-9]" time="0.003" /><testcase classname="src.cucim.core.operations.morphology.tests.test_distance_transform" name="test_distance_transform_edt_2d_aniso[8-10]" time="0.003" /><testcase classname="src.cucim.core.operations.morphology.tests.test_distance_transform" name="test_distance_transform_edt_2d_aniso[8-11]" time="0.003" /><testcase classname="src.cucim.core.operations.morphology.tests.test_distance_transform" name="test_distance_transform_edt_2d_aniso[8-12]" time="0.003" /><testcase classname="src.cucim.core.operations.morphology.tests.test_distance_transform" name="test_distance_transform_edt_2d_aniso[8-13]" time="0.003" /><testcase classname="src.cucim.core.operations.morphology.tests.test_distance_transform" name="test_distance_transform_edt_2d_aniso[8-14]" time="0.003" /><testcase classname="src.cucim.core.operations.morphology.tests.test_distance_transform" name="test_distance_transform_edt_2d_aniso[8-15]" time="0.003" /><testcase classname="src.cucim.core.operations.morphology.tests.test_distance_transform" name="test_distance_transform_edt_2d_aniso[9-0]" time="0.003" /><testcase classname="src.cucim.core.operations.morphology.tests.test_distance_transform" name="test_distance_transform_edt_2d_aniso[9-1]" time="0.003" /><testcase classname="src.cucim.core.operations.morphology.tests.test_distance_transform" name="test_distance_transform_edt_2d_aniso[9-2]" time="0.003" /><testcase classname="src.cucim.core.operations.morphology.tests.test_distance_transform" name="test_distance_transform_edt_2d_aniso[9-3]" time="0.003" /><testcase classname="src.cucim.core.operations.morphology.tests.test_distance_transform" name="test_distance_transform_edt_2d_aniso[9-4]" time="0.003" /><testcase classname="src.cucim.core.operations.morphology.tests.test_distance_transform" name="test_distance_transform_edt_2d_aniso[9-5]" time="0.003" /><testcase classname="src.cucim.core.operations.morphology.tests.test_distance_transform" name="test_distance_transform_edt_2d_aniso[9-6]" time="0.003" /><testcase classname="src.cucim.core.operations.morphology.tests.test_distance_transform" name="test_distance_transform_edt_2d_aniso[9-7]" time="0.003" /><testcase classname="src.cucim.core.operations.morphology.tests.test_distance_transform" name="test_distance_transform_edt_2d_aniso[9-8]" time="0.003" /><testcase classname="src.cucim.core.operations.morphology.tests.test_distance_transform" name="test_distance_transform_edt_2d_aniso[9-9]" time="0.003" /><testcase classname="src.cucim.core.operations.morphology.tests.test_distance_transform" name="test_distance_transform_edt_2d_aniso[9-10]" time="0.003" /><testcase classname="src.cucim.core.operations.morphology.tests.test_distance_transform" name="test_distance_transform_edt_2d_aniso[9-11]" time="0.003" /><testcase classname="src.cucim.core.operations.morphology.tests.test_distance_transform" name="test_distance_transform_edt_2d_aniso[9-12]" time="0.003" /><testcase classname="src.cucim.core.operations.morphology.tests.test_distance_transform" name="test_distance_transform_edt_2d_aniso[9-13]" time="0.003" /><testcase classname="src.cucim.core.operations.morphology.tests.test_distance_transform" name="test_distance_transform_edt_2d_aniso[9-14]" time="0.003" /><testcase classname="src.cucim.core.operations.morphology.tests.test_distance_transform" name="test_distance_transform_edt_2d_aniso[9-15]" time="0.003" /><testcase classname="src.cucim.core.operations.morphology.tests.test_distance_transform" name="test_distance_transform_edt_2d_aniso[10-0]" time="0.003" /><testcase classname="src.cucim.core.operations.morphology.tests.test_distance_transform" name="test_distance_transform_edt_2d_aniso[10-1]" time="0.003" /><testcase classname="src.cucim.core.operations.morphology.tests.test_distance_transform" name="test_distance_transform_edt_2d_aniso[10-2]" time="0.003" /><testcase classname="src.cucim.core.operations.morphology.tests.test_distance_transform" name="test_distance_transform_edt_2d_aniso[10-3]" time="0.003" /><testcase classname="src.cucim.core.operations.morphology.tests.test_distance_transform" name="test_distance_transform_edt_2d_aniso[10-4]" time="0.003" /><testcase classname="src.cucim.core.operations.morphology.tests.test_distance_transform" name="test_distance_transform_edt_2d_aniso[10-5]" time="0.003" /><testcase classname="src.cucim.core.operations.morphology.tests.test_distance_transform" name="test_distance_transform_edt_2d_aniso[10-6]" time="0.003" /><testcase classname="src.cucim.core.operations.morphology.tests.test_distance_transform" name="test_distance_transform_edt_2d_aniso[10-7]" time="0.003" /><testcase classname="src.cucim.core.operations.morphology.tests.test_distance_transform" name="test_distance_transform_edt_2d_aniso[10-8]" time="0.003" /><testcase classname="src.cucim.core.operations.morphology.tests.test_distance_transform" name="test_distance_transform_edt_2d_aniso[10-9]" time="0.003" /><testcase classname="src.cucim.core.operations.morphology.tests.test_distance_transform" name="test_distance_transform_edt_2d_aniso[10-10]" time="0.003" /><testcase classname="src.cucim.core.operations.morphology.tests.test_distance_transform" name="test_distance_transform_edt_2d_aniso[10-11]" time="0.003" /><testcase classname="src.cucim.core.operations.morphology.tests.test_distance_transform" name="test_distance_transform_edt_2d_aniso[10-12]" time="0.003" /><testcase classname="src.cucim.core.operations.morphology.tests.test_distance_transform" name="test_distance_transform_edt_2d_aniso[10-13]" time="0.003" /><testcase classname="src.cucim.core.operations.morphology.tests.test_distance_transform" name="test_distance_transform_edt_2d_aniso[10-14]" time="0.003" /><testcase classname="src.cucim.core.operations.morphology.tests.test_distance_transform" name="test_distance_transform_edt_2d_aniso[10-15]" time="0.003" /><testcase classname="src.cucim.core.operations.morphology.tests.test_distance_transform" name="test_distance_transform_edt_2d_aniso[11-0]" time="0.003" /><testcase classname="src.cucim.core.operations.morphology.tests.test_distance_transform" name="test_distance_transform_edt_2d_aniso[11-1]" time="0.003" /><testcase classname="src.cucim.core.operations.morphology.tests.test_distance_transform" name="test_distance_transform_edt_2d_aniso[11-2]" time="0.003" /><testcase classname="src.cucim.core.operations.morphology.tests.test_distance_transform" name="test_distance_transform_edt_2d_aniso[11-3]" time="0.003" /><testcase classname="src.cucim.core.operations.morphology.tests.test_distance_transform" name="test_distance_transform_edt_2d_aniso[11-4]" time="0.003" /><testcase classname="src.cucim.core.operations.morphology.tests.test_distance_transform" name="test_distance_transform_edt_2d_aniso[11-5]" time="0.002" /><testcase classname="src.cucim.core.operations.morphology.tests.test_distance_transform" name="test_distance_transform_edt_2d_aniso[11-6]" time="0.003" /><testcase classname="src.cucim.core.operations.morphology.tests.test_distance_transform" name="test_distance_transform_edt_2d_aniso[11-7]" time="0.003" /><testcase classname="src.cucim.core.operations.morphology.tests.test_distance_transform" name="test_distance_transform_edt_2d_aniso[11-8]" time="0.003" /><testcase classname="src.cucim.core.operations.morphology.tests.test_distance_transform" name="test_distance_transform_edt_2d_aniso[11-9]" time="0.003" /><testcase classname="src.cucim.core.operations.morphology.tests.test_distance_transform" name="test_distance_transform_edt_2d_aniso[11-10]" time="0.003" /><testcase classname="src.cucim.core.operations.morphology.tests.test_distance_transform" name="test_distance_transform_edt_2d_aniso[11-11]" time="0.003" /><testcase classname="src.cucim.core.operations.morphology.tests.test_distance_transform" name="test_distance_transform_edt_2d_aniso[11-12]" time="0.003" /><testcase classname="src.cucim.core.operations.morphology.tests.test_distance_transform" name="test_distance_transform_edt_2d_aniso[11-13]" time="0.003" /><testcase classname="src.cucim.core.operations.morphology.tests.test_distance_transform" name="test_distance_transform_edt_2d_aniso[11-14]" time="0.003" /><testcase classname="src.cucim.core.operations.morphology.tests.test_distance_transform" name="test_distance_transform_edt_2d_aniso[11-15]" time="0.003" /><testcase classname="src.cucim.core.operations.morphology.tests.test_distance_transform" name="test_distance_transform_edt_2d_aniso[12-0]" time="0.003" /><testcase classname="src.cucim.core.operations.morphology.tests.test_distance_transform" name="test_distance_transform_edt_2d_aniso[12-1]" time="0.003" /><testcase classname="src.cucim.core.operations.morphology.tests.test_distance_transform" name="test_distance_transform_edt_2d_aniso[12-2]" time="0.003" /><testcase classname="src.cucim.core.operations.morphology.tests.test_distance_transform" name="test_distance_transform_edt_2d_aniso[12-3]" time="0.003" /><testcase classname="src.cucim.core.operations.morphology.tests.test_distance_transform" name="test_distance_transform_edt_2d_aniso[12-4]" time="0.003" /><testcase classname="src.cucim.core.operations.morphology.tests.test_distance_transform" name="test_distance_transform_edt_2d_aniso[12-5]" time="0.003" /><testcase classname="src.cucim.core.operations.morphology.tests.test_distance_transform" name="test_distance_transform_edt_2d_aniso[12-6]" time="0.003" /><testcase classname="src.cucim.core.operations.morphology.tests.test_distance_transform" name="test_distance_transform_edt_2d_aniso[12-7]" time="0.003" /><testcase classname="src.cucim.core.operations.morphology.tests.test_distance_transform" name="test_distance_transform_edt_2d_aniso[12-8]" time="0.003" /><testcase classname="src.cucim.core.operations.morphology.tests.test_distance_transform" name="test_distance_transform_edt_2d_aniso[12-9]" time="0.003" /><testcase classname="src.cucim.core.operations.morphology.tests.test_distance_transform" name="test_distance_transform_edt_2d_aniso[12-10]" time="0.003" /><testcase classname="src.cucim.core.operations.morphology.tests.test_distance_transform" name="test_distance_transform_edt_2d_aniso[12-11]" time="0.003" /><testcase classname="src.cucim.core.operations.morphology.tests.test_distance_transform" name="test_distance_transform_edt_2d_aniso[12-12]" time="0.003" /><testcase classname="src.cucim.core.operations.morphology.tests.test_distance_transform" name="test_distance_transform_edt_2d_aniso[12-13]" time="0.003" /><testcase classname="src.cucim.core.operations.morphology.tests.test_distance_transform" name="test_distance_transform_edt_2d_aniso[12-14]" time="0.003" /><testcase classname="src.cucim.core.operations.morphology.tests.test_distance_transform" name="test_distance_transform_edt_2d_aniso[12-15]" time="0.003" /><testcase classname="src.cucim.core.operations.morphology.tests.test_distance_transform" name="test_distance_transform_edt_2d_aniso[13-0]" time="0.003" /><testcase classname="src.cucim.core.operations.morphology.tests.test_distance_transform" name="test_distance_transform_edt_2d_aniso[13-1]" time="0.003" /><testcase classname="src.cucim.core.operations.morphology.tests.test_distance_transform" name="test_distance_transform_edt_2d_aniso[13-2]" time="0.003" /><testcase classname="src.cucim.core.operations.morphology.tests.test_distance_transform" name="test_distance_transform_edt_2d_aniso[13-3]" time="0.003" /><testcase classname="src.cucim.core.operations.morphology.tests.test_distance_transform" name="test_distance_transform_edt_2d_aniso[13-4]" time="0.003" /><testcase classname="src.cucim.core.operations.morphology.tests.test_distance_transform" name="test_distance_transform_edt_2d_aniso[13-5]" time="0.003" /><testcase classname="src.cucim.core.operations.morphology.tests.test_distance_transform" name="test_distance_transform_edt_2d_aniso[13-6]" time="0.003" /><testcase classname="src.cucim.core.operations.morphology.tests.test_distance_transform" name="test_distance_transform_edt_2d_aniso[13-7]" time="0.003" /><testcase classname="src.cucim.core.operations.morphology.tests.test_distance_transform" name="test_distance_transform_edt_2d_aniso[13-8]" time="0.003" /><testcase classname="src.cucim.core.operations.morphology.tests.test_distance_transform" name="test_distance_transform_edt_2d_aniso[13-9]" time="0.003" /><testcase classname="src.cucim.core.operations.morphology.tests.test_distance_transform" name="test_distance_transform_edt_2d_aniso[13-10]" time="0.003" /><testcase classname="src.cucim.core.operations.morphology.tests.test_distance_transform" name="test_distance_transform_edt_2d_aniso[13-11]" time="0.003" /><testcase classname="src.cucim.core.operations.morphology.tests.test_distance_transform" name="test_distance_transform_edt_2d_aniso[13-12]" time="0.003" /><testcase classname="src.cucim.core.operations.morphology.tests.test_distance_transform" name="test_distance_transform_edt_2d_aniso[13-13]" time="0.003" /><testcase classname="src.cucim.core.operations.morphology.tests.test_distance_transform" name="test_distance_transform_edt_2d_aniso[13-14]" time="0.003" /><testcase classname="src.cucim.core.operations.morphology.tests.test_distance_transform" name="test_distance_transform_edt_2d_aniso[13-15]" time="0.003" /><testcase classname="src.cucim.core.operations.morphology.tests.test_distance_transform" name="test_distance_transform_edt_2d_aniso[14-0]" time="0.003" /><testcase classname="src.cucim.core.operations.morphology.tests.test_distance_transform" name="test_distance_transform_edt_2d_aniso[14-1]" time="0.003" /><testcase classname="src.cucim.core.operations.morphology.tests.test_distance_transform" name="test_distance_transform_edt_2d_aniso[14-2]" time="0.003" /><testcase classname="src.cucim.core.operations.morphology.tests.test_distance_transform" name="test_distance_transform_edt_2d_aniso[14-3]" time="0.003" /><testcase classname="src.cucim.core.operations.morphology.tests.test_distance_transform" name="test_distance_transform_edt_2d_aniso[14-4]" time="0.003" /><testcase classname="src.cucim.core.operations.morphology.tests.test_distance_transform" name="test_distance_transform_edt_2d_aniso[14-5]" time="0.003" /><testcase classname="src.cucim.core.operations.morphology.tests.test_distance_transform" name="test_distance_transform_edt_2d_aniso[14-6]" time="0.003" /><testcase classname="src.cucim.core.operations.morphology.tests.test_distance_transform" name="test_distance_transform_edt_2d_aniso[14-7]" time="0.003" /><testcase classname="src.cucim.core.operations.morphology.tests.test_distance_transform" name="test_distance_transform_edt_2d_aniso[14-8]" time="0.003" /><testcase classname="src.cucim.core.operations.morphology.tests.test_distance_transform" name="test_distance_transform_edt_2d_aniso[14-9]" time="0.003" /><testcase classname="src.cucim.core.operations.morphology.tests.test_distance_transform" name="test_distance_transform_edt_2d_aniso[14-10]" time="0.003" /><testcase classname="src.cucim.core.operations.morphology.tests.test_distance_transform" name="test_distance_transform_edt_2d_aniso[14-11]" time="0.003" /><testcase classname="src.cucim.core.operations.morphology.tests.test_distance_transform" name="test_distance_transform_edt_2d_aniso[14-12]" time="0.003" /><testcase classname="src.cucim.core.operations.morphology.tests.test_distance_transform" name="test_distance_transform_edt_2d_aniso[14-13]" time="0.003" /><testcase classname="src.cucim.core.operations.morphology.tests.test_distance_transform" name="test_distance_transform_edt_2d_aniso[14-14]" time="0.003" /><testcase classname="src.cucim.core.operations.morphology.tests.test_distance_transform" name="test_distance_transform_edt_2d_aniso[14-15]" time="0.003" /><testcase classname="src.cucim.core.operations.morphology.tests.test_distance_transform" name="test_distance_transform_edt_2d_aniso[15-0]" time="0.003" /><testcase classname="src.cucim.core.operations.morphology.tests.test_distance_transform" name="test_distance_transform_edt_2d_aniso[15-1]" time="0.003" /><testcase classname="src.cucim.core.operations.morphology.tests.test_distance_transform" name="test_distance_transform_edt_2d_aniso[15-2]" time="0.003" /><testcase classname="src.cucim.core.operations.morphology.tests.test_distance_transform" name="test_distance_transform_edt_2d_aniso[15-3]" time="0.003" /><testcase classname="src.cucim.core.operations.morphology.tests.test_distance_transform" name="test_distance_transform_edt_2d_aniso[15-4]" time="0.003" /><testcase classname="src.cucim.core.operations.morphology.tests.test_distance_transform" name="test_distance_transform_edt_2d_aniso[15-5]" time="0.003" /><testcase classname="src.cucim.core.operations.morphology.tests.test_distance_transform" name="test_distance_transform_edt_2d_aniso[15-6]" time="0.003" /><testcase classname="src.cucim.core.operations.morphology.tests.test_distance_transform" name="test_distance_transform_edt_2d_aniso[15-7]" time="0.003" /><testcase classname="src.cucim.core.operations.morphology.tests.test_distance_transform" name="test_distance_transform_edt_2d_aniso[15-8]" time="0.003" /><testcase classname="src.cucim.core.operations.morphology.tests.test_distance_transform" name="test_distance_transform_edt_2d_aniso[15-9]" time="0.003" /><testcase classname="src.cucim.core.operations.morphology.tests.test_distance_transform" name="test_distance_transform_edt_2d_aniso[15-10]" time="0.003" /><testcase classname="src.cucim.core.operations.morphology.tests.test_distance_transform" name="test_distance_transform_edt_2d_aniso[15-11]" time="0.003" /><testcase classname="src.cucim.core.operations.morphology.tests.test_distance_transform" name="test_distance_transform_edt_2d_aniso[15-12]" time="0.003" /><testcase classname="src.cucim.core.operations.morphology.tests.test_distance_transform" name="test_distance_transform_edt_2d_aniso[15-13]" time="0.003" /><testcase classname="src.cucim.core.operations.morphology.tests.test_distance_transform" name="test_distance_transform_edt_2d_aniso[15-14]" time="0.003" /><testcase classname="src.cucim.core.operations.morphology.tests.test_distance_transform" name="test_distance_transform_edt_2d_aniso[15-15]" time="0.003" /><testcase classname="src.cucim.core.operations.morphology.tests.test_distance_transform" name="test_distance_transform_inplace_distance[None-2]" time="0.002" /><testcase classname="src.cucim.core.operations.morphology.tests.test_distance_transform" name="test_distance_transform_inplace_distance[None-3]" time="0.006" /><testcase classname="src.cucim.core.operations.morphology.tests.test_distance_transform" name="test_distance_transform_inplace_distance[iso-2]" time="0.002" /><testcase classname="src.cucim.core.operations.morphology.tests.test_distance_transform" name="test_distance_transform_inplace_distance[iso-3]" time="0.005" /><testcase classname="src.cucim.core.operations.morphology.tests.test_distance_transform" name="test_distance_transform_inplace_distance[aniso-2]" time="0.002" /><testcase classname="src.cucim.core.operations.morphology.tests.test_distance_transform" name="test_distance_transform_inplace_distance[aniso-3]" time="0.006" /><testcase classname="src.cucim.core.operations.morphology.tests.test_distance_transform" name="test_distance_transform_inplace_distance_errors[2]" time="0.002" /><testcase classname="src.cucim.core.operations.morphology.tests.test_distance_transform" name="test_distance_transform_inplace_distance_errors[3]" time="0.001" /><testcase classname="src.cucim.core.operations.morphology.tests.test_distance_transform" name="test_distance_transform_inplace_indices[False-int16-None-2]" time="0.002" /><testcase classname="src.cucim.core.operations.morphology.tests.test_distance_transform" name="test_distance_transform_inplace_indices[False-int16-None-3]" time="0.001"><skipped type="pytest.skip" message="3d case requires at least 32-bit integer output">/home/goplanid/cucim/python/cucim/src/cucim/core/operations/morphology/tests/test_distance_transform.py:214: 3d case requires at least 32-bit integer output</skipped></testcase><testcase classname="src.cucim.core.operations.morphology.tests.test_distance_transform" name="test_distance_transform_inplace_indices[False-int16-iso-2]" time="0.003" /><testcase classname="src.cucim.core.operations.morphology.tests.test_distance_transform" name="test_distance_transform_inplace_indices[False-int16-iso-3]" time="0.001"><skipped type="pytest.skip" message="3d case requires at least 32-bit integer output">/home/goplanid/cucim/python/cucim/src/cucim/core/operations/morphology/tests/test_distance_transform.py:214: 3d case requires at least 32-bit integer output</skipped></testcase><testcase classname="src.cucim.core.operations.morphology.tests.test_distance_transform" name="test_distance_transform_inplace_indices[False-int16-aniso-2]" time="0.003" /><testcase classname="src.cucim.core.operations.morphology.tests.test_distance_transform" name="test_distance_transform_inplace_indices[False-int16-aniso-3]" time="0.001"><skipped type="pytest.skip" message="3d case requires at least 32-bit integer output">/home/goplanid/cucim/python/cucim/src/cucim/core/operations/morphology/tests/test_distance_transform.py:214: 3d case requires at least 32-bit integer output</skipped></testcase><testcase classname="src.cucim.core.operations.morphology.tests.test_distance_transform" name="test_distance_transform_inplace_indices[False-uint16-None-2]" time="0.002" /><testcase classname="src.cucim.core.operations.morphology.tests.test_distance_transform" name="test_distance_transform_inplace_indices[False-uint16-None-3]" time="0.001"><skipped type="pytest.skip" message="3d case requires at least 32-bit integer output">/home/goplanid/cucim/python/cucim/src/cucim/core/operations/morphology/tests/test_distance_transform.py:214: 3d case requires at least 32-bit integer output</skipped></testcase><testcase classname="src.cucim.core.operations.morphology.tests.test_distance_transform" name="test_distance_transform_inplace_indices[False-uint16-iso-2]" time="0.002" /><testcase classname="src.cucim.core.operations.morphology.tests.test_distance_transform" name="test_distance_transform_inplace_indices[False-uint16-iso-3]" time="0.001"><skipped type="pytest.skip" message="3d case requires at least 32-bit integer output">/home/goplanid/cucim/python/cucim/src/cucim/core/operations/morphology/tests/test_distance_transform.py:214: 3d case requires at least 32-bit integer output</skipped></testcase><testcase classname="src.cucim.core.operations.morphology.tests.test_distance_transform" name="test_distance_transform_inplace_indices[False-uint16-aniso-2]" time="0.002" /><testcase classname="src.cucim.core.operations.morphology.tests.test_distance_transform" name="test_distance_transform_inplace_indices[False-uint16-aniso-3]" time="0.001"><skipped type="pytest.skip" message="3d case requires at least 32-bit integer output">/home/goplanid/cucim/python/cucim/src/cucim/core/operations/morphology/tests/test_distance_transform.py:214: 3d case requires at least 32-bit integer output</skipped></testcase><testcase classname="src.cucim.core.operations.morphology.tests.test_distance_transform" name="test_distance_transform_inplace_indices[False-uint32-None-2]" time="0.002" /><testcase classname="src.cucim.core.operations.morphology.tests.test_distance_transform" name="test_distance_transform_inplace_indices[False-uint32-None-3]" time="0.003" /><testcase classname="src.cucim.core.operations.morphology.tests.test_distance_transform" name="test_distance_transform_inplace_indices[False-uint32-iso-2]" time="0.002" /><testcase classname="src.cucim.core.operations.morphology.tests.test_distance_transform" name="test_distance_transform_inplace_indices[False-uint32-iso-3]" time="0.003" /><testcase classname="src.cucim.core.operations.morphology.tests.test_distance_transform" name="test_distance_transform_inplace_indices[False-uint32-aniso-2]" time="0.002" /><testcase classname="src.cucim.core.operations.morphology.tests.test_distance_transform" name="test_distance_transform_inplace_indices[False-uint32-aniso-3]" time="0.003" /><testcase classname="src.cucim.core.operations.morphology.tests.test_distance_transform" name="test_distance_transform_inplace_indices[False-int32-None-2]" time="0.002" /><testcase classname="src.cucim.core.operations.morphology.tests.test_distance_transform" name="test_distance_transform_inplace_indices[False-int32-None-3]" time="0.002" /><testcase classname="src.cucim.core.operations.morphology.tests.test_distance_transform" name="test_distance_transform_inplace_indices[False-int32-iso-2]" time="0.003" /><testcase classname="src.cucim.core.operations.morphology.tests.test_distance_transform" name="test_distance_transform_inplace_indices[False-int32-iso-3]" time="0.003" /><testcase classname="src.cucim.core.operations.morphology.tests.test_distance_transform" name="test_distance_transform_inplace_indices[False-int32-aniso-2]" time="0.003" /><testcase classname="src.cucim.core.operations.morphology.tests.test_distance_transform" name="test_distance_transform_inplace_indices[False-int32-aniso-3]" time="0.003" /><testcase classname="src.cucim.core.operations.morphology.tests.test_distance_transform" name="test_distance_transform_inplace_indices[False-uint64-None-2]" time="0.002" /><testcase classname="src.cucim.core.operations.morphology.tests.test_distance_transform" name="test_distance_transform_inplace_indices[False-uint64-None-3]" time="0.003" /><testcase classname="src.cucim.core.operations.morphology.tests.test_distance_transform" name="test_distance_transform_inplace_indices[False-uint64-iso-2]" time="0.003" /><testcase classname="src.cucim.core.operations.morphology.tests.test_distance_transform" name="test_distance_transform_inplace_indices[False-uint64-iso-3]" time="0.003" /><testcase classname="src.cucim.core.operations.morphology.tests.test_distance_transform" name="test_distance_transform_inplace_indices[False-uint64-aniso-2]" time="0.002" /><testcase classname="src.cucim.core.operations.morphology.tests.test_distance_transform" name="test_distance_transform_inplace_indices[False-uint64-aniso-3]" time="0.003" /><testcase classname="src.cucim.core.operations.morphology.tests.test_distance_transform" name="test_distance_transform_inplace_indices[False-int64-None-2]" time="0.002" /><testcase classname="src.cucim.core.operations.morphology.tests.test_distance_transform" name="test_distance_transform_inplace_indices[False-int64-None-3]" time="0.003" /><testcase classname="src.cucim.core.operations.morphology.tests.test_distance_transform" name="test_distance_transform_inplace_indices[False-int64-iso-2]" time="0.003" /><testcase classname="src.cucim.core.operations.morphology.tests.test_distance_transform" name="test_distance_transform_inplace_indices[False-int64-iso-3]" time="0.003" /><testcase classname="src.cucim.core.operations.morphology.tests.test_distance_transform" name="test_distance_transform_inplace_indices[False-int64-aniso-2]" time="0.002" /><testcase classname="src.cucim.core.operations.morphology.tests.test_distance_transform" name="test_distance_transform_inplace_indices[False-int64-aniso-3]" time="0.003" /><testcase classname="src.cucim.core.operations.morphology.tests.test_distance_transform" name="test_distance_transform_inplace_indices[True-int16-None-2]" time="0.002" /><testcase classname="src.cucim.core.operations.morphology.tests.test_distance_transform" name="test_distance_transform_inplace_indices[True-int16-None-3]" time="0.001"><skipped type="pytest.skip" message="3d case requires at least 32-bit integer output">/home/goplanid/cucim/python/cucim/src/cucim/core/operations/morphology/tests/test_distance_transform.py:214: 3d case requires at least 32-bit integer output</skipped></testcase><testcase classname="src.cucim.core.operations.morphology.tests.test_distance_transform" name="test_distance_transform_inplace_indices[True-int16-iso-2]" time="0.003" /><testcase classname="src.cucim.core.operations.morphology.tests.test_distance_transform" name="test_distance_transform_inplace_indices[True-int16-iso-3]" time="0.001"><skipped type="pytest.skip" message="3d case requires at least 32-bit integer output">/home/goplanid/cucim/python/cucim/src/cucim/core/operations/morphology/tests/test_distance_transform.py:214: 3d case requires at least 32-bit integer output</skipped></testcase><testcase classname="src.cucim.core.operations.morphology.tests.test_distance_transform" name="test_distance_transform_inplace_indices[True-int16-aniso-2]" time="0.003" /><testcase classname="src.cucim.core.operations.morphology.tests.test_distance_transform" name="test_distance_transform_inplace_indices[True-int16-aniso-3]" time="0.001"><skipped type="pytest.skip" message="3d case requires at least 32-bit integer output">/home/goplanid/cucim/python/cucim/src/cucim/core/operations/morphology/tests/test_distance_transform.py:214: 3d case requires at least 32-bit integer output</skipped></testcase><testcase classname="src.cucim.core.operations.morphology.tests.test_distance_transform" name="test_distance_transform_inplace_indices[True-uint16-None-2]" time="0.002" /><testcase classname="src.cucim.core.operations.morphology.tests.test_distance_transform" name="test_distance_transform_inplace_indices[True-uint16-None-3]" time="0.001"><skipped type="pytest.skip" message="3d case requires at least 32-bit integer output">/home/goplanid/cucim/python/cucim/src/cucim/core/operations/morphology/tests/test_distance_transform.py:214: 3d case requires at least 32-bit integer output</skipped></testcase><testcase classname="src.cucim.core.operations.morphology.tests.test_distance_transform" name="test_distance_transform_inplace_indices[True-uint16-iso-2]" time="0.003" /><testcase classname="src.cucim.core.operations.morphology.tests.test_distance_transform" name="test_distance_transform_inplace_indices[True-uint16-iso-3]" time="0.001"><skipped type="pytest.skip" message="3d case requires at least 32-bit integer output">/home/goplanid/cucim/python/cucim/src/cucim/core/operations/morphology/tests/test_distance_transform.py:214: 3d case requires at least 32-bit integer output</skipped></testcase><testcase classname="src.cucim.core.operations.morphology.tests.test_distance_transform" name="test_distance_transform_inplace_indices[True-uint16-aniso-2]" time="0.003" /><testcase classname="src.cucim.core.operations.morphology.tests.test_distance_transform" name="test_distance_transform_inplace_indices[True-uint16-aniso-3]" time="0.001"><skipped type="pytest.skip" message="3d case requires at least 32-bit integer output">/home/goplanid/cucim/python/cucim/src/cucim/core/operations/morphology/tests/test_distance_transform.py:214: 3d case requires at least 32-bit integer output</skipped></testcase><testcase classname="src.cucim.core.operations.morphology.tests.test_distance_transform" name="test_distance_transform_inplace_indices[True-uint32-None-2]" time="0.002" /><testcase classname="src.cucim.core.operations.morphology.tests.test_distance_transform" name="test_distance_transform_inplace_indices[True-uint32-None-3]" time="0.002" /><testcase classname="src.cucim.core.operations.morphology.tests.test_distance_transform" name="test_distance_transform_inplace_indices[True-uint32-iso-2]" time="0.003" /><testcase classname="src.cucim.core.operations.morphology.tests.test_distance_transform" name="test_distance_transform_inplace_indices[True-uint32-iso-3]" time="0.003" /><testcase classname="src.cucim.core.operations.morphology.tests.test_distance_transform" name="test_distance_transform_inplace_indices[True-uint32-aniso-2]" time="0.002" /><testcase classname="src.cucim.core.operations.morphology.tests.test_distance_transform" name="test_distance_transform_inplace_indices[True-uint32-aniso-3]" time="0.003" /><testcase classname="src.cucim.core.operations.morphology.tests.test_distance_transform" name="test_distance_transform_inplace_indices[True-int32-None-2]" time="0.002" /><testcase classname="src.cucim.core.operations.morphology.tests.test_distance_transform" name="test_distance_transform_inplace_indices[True-int32-None-3]" time="0.002" /><testcase classname="src.cucim.core.operations.morphology.tests.test_distance_transform" name="test_distance_transform_inplace_indices[True-int32-iso-2]" time="0.003" /><testcase classname="src.cucim.core.operations.morphology.tests.test_distance_transform" name="test_distance_transform_inplace_indices[True-int32-iso-3]" time="0.003" /><testcase classname="src.cucim.core.operations.morphology.tests.test_distance_transform" name="test_distance_transform_inplace_indices[True-int32-aniso-2]" time="0.002" /><testcase classname="src.cucim.core.operations.morphology.tests.test_distance_transform" name="test_distance_transform_inplace_indices[True-int32-aniso-3]" time="0.003" /><testcase classname="src.cucim.core.operations.morphology.tests.test_distance_transform" name="test_distance_transform_inplace_indices[True-uint64-None-2]" time="0.002" /><testcase classname="src.cucim.core.operations.morphology.tests.test_distance_transform" name="test_distance_transform_inplace_indices[True-uint64-None-3]" time="0.002" /><testcase classname="src.cucim.core.operations.morphology.tests.test_distance_transform" name="test_distance_transform_inplace_indices[True-uint64-iso-2]" time="0.003" /><testcase classname="src.cucim.core.operations.morphology.tests.test_distance_transform" name="test_distance_transform_inplace_indices[True-uint64-iso-3]" time="0.003" /><testcase classname="src.cucim.core.operations.morphology.tests.test_distance_transform" name="test_distance_transform_inplace_indices[True-uint64-aniso-2]" time="0.003" /><testcase classname="src.cucim.core.operations.morphology.tests.test_distance_transform" name="test_distance_transform_inplace_indices[True-uint64-aniso-3]" time="0.004" /><testcase classname="src.cucim.core.operations.morphology.tests.test_distance_transform" name="test_distance_transform_inplace_indices[True-int64-None-2]" time="0.002" /><testcase classname="src.cucim.core.operations.morphology.tests.test_distance_transform" name="test_distance_transform_inplace_indices[True-int64-None-3]" time="0.003" /><testcase classname="src.cucim.core.operations.morphology.tests.test_distance_transform" name="test_distance_transform_inplace_indices[True-int64-iso-2]" time="0.003" /><testcase classname="src.cucim.core.operations.morphology.tests.test_distance_transform" name="test_distance_transform_inplace_indices[True-int64-iso-3]" time="0.003" /><testcase classname="src.cucim.core.operations.morphology.tests.test_distance_transform" name="test_distance_transform_inplace_indices[True-int64-aniso-2]" time="0.003" /><testcase classname="src.cucim.core.operations.morphology.tests.test_distance_transform" name="test_distance_transform_inplace_indices[True-int64-aniso-3]" time="0.003" /><testcase classname="src.cucim.core.operations.morphology.tests.test_distance_transform" name="test_distance_transform_inplace_indices_errors[2]" time="0.001" /><testcase classname="src.cucim.core.operations.morphology.tests.test_distance_transform" name="test_distance_transform_inplace_indices_errors[3]" time="0.001" /><testcase classname="src.cucim.core.operations.morphology.tests.test_distance_transform" name="test_distance_transform_edt_3d_aniso[0-0-0]" time="0.004" /><testcase classname="src.cucim.core.operations.morphology.tests.test_distance_transform" name="test_distance_transform_edt_3d_aniso[0-0-1]" time="0.004" /><testcase classname="src.cucim.core.operations.morphology.tests.test_distance_transform" name="test_distance_transform_edt_3d_aniso[0-0-2]" time="0.004" /><testcase classname="src.cucim.core.operations.morphology.tests.test_distance_transform" name="test_distance_transform_edt_3d_aniso[0-0-3]" time="0.004" /><testcase classname="src.cucim.core.operations.morphology.tests.test_distance_transform" name="test_distance_transform_edt_3d_aniso[0-1-0]" time="0.004" /><testcase classname="src.cucim.core.operations.morphology.tests.test_distance_transform" name="test_distance_transform_edt_3d_aniso[0-1-1]" time="0.004" /><testcase classname="src.cucim.core.operations.morphology.tests.test_distance_transform" name="test_distance_transform_edt_3d_aniso[0-1-2]" time="0.004" /><testcase classname="src.cucim.core.operations.morphology.tests.test_distance_transform" name="test_distance_transform_edt_3d_aniso[0-1-3]" time="0.004" /><testcase classname="src.cucim.core.operations.morphology.tests.test_distance_transform" name="test_distance_transform_edt_3d_aniso[0-2-0]" time="0.004" /><testcase classname="src.cucim.core.operations.morphology.tests.test_distance_transform" name="test_distance_transform_edt_3d_aniso[0-2-1]" time="0.004" /><testcase classname="src.cucim.core.operations.morphology.tests.test_distance_transform" name="test_distance_transform_edt_3d_aniso[0-2-2]" time="0.005" /><testcase classname="src.cucim.core.operations.morphology.tests.test_distance_transform" name="test_distance_transform_edt_3d_aniso[0-2-3]" time="0.005" /><testcase classname="src.cucim.core.operations.morphology.tests.test_distance_transform" name="test_distance_transform_edt_3d_aniso[0-3-0]" time="0.005" /><testcase classname="src.cucim.core.operations.morphology.tests.test_distance_transform" name="test_distance_transform_edt_3d_aniso[0-3-1]" time="0.005" /><testcase classname="src.cucim.core.operations.morphology.tests.test_distance_transform" name="test_distance_transform_edt_3d_aniso[0-3-2]" time="0.005" /><testcase classname="src.cucim.core.operations.morphology.tests.test_distance_transform" name="test_distance_transform_edt_3d_aniso[0-3-3]" time="0.005" /><testcase classname="src.cucim.core.operations.morphology.tests.test_distance_transform" name="test_distance_transform_edt_3d_aniso[1-0-0]" time="0.004" /><testcase classname="src.cucim.core.operations.morphology.tests.test_distance_transform" name="test_distance_transform_edt_3d_aniso[1-0-1]" time="0.005" /><testcase classname="src.cucim.core.operations.morphology.tests.test_distance_transform" name="test_distance_transform_edt_3d_aniso[1-0-2]" time="0.005" /><testcase classname="src.cucim.core.operations.morphology.tests.test_distance_transform" name="test_distance_transform_edt_3d_aniso[1-0-3]" time="0.005" /><testcase classname="src.cucim.core.operations.morphology.tests.test_distance_transform" name="test_distance_transform_edt_3d_aniso[1-1-0]" time="0.005" /><testcase classname="src.cucim.core.operations.morphology.tests.test_distance_transform" name="test_distance_transform_edt_3d_aniso[1-1-1]" time="0.005" /><testcase classname="src.cucim.core.operations.morphology.tests.test_distance_transform" name="test_distance_transform_edt_3d_aniso[1-1-2]" time="0.005" /><testcase classname="src.cucim.core.operations.morphology.tests.test_distance_transform" name="test_distance_transform_edt_3d_aniso[1-1-3]" time="0.005" /><testcase classname="src.cucim.core.operations.morphology.tests.test_distance_transform" name="test_distance_transform_edt_3d_aniso[1-2-0]" time="0.005" /><testcase classname="src.cucim.core.operations.morphology.tests.test_distance_transform" name="test_distance_transform_edt_3d_aniso[1-2-1]" time="0.005" /><testcase classname="src.cucim.core.operations.morphology.tests.test_distance_transform" name="test_distance_transform_edt_3d_aniso[1-2-2]" time="0.005" /><testcase classname="src.cucim.core.operations.morphology.tests.test_distance_transform" name="test_distance_transform_edt_3d_aniso[1-2-3]" time="0.005" /><testcase classname="src.cucim.core.operations.morphology.tests.test_distance_transform" name="test_distance_transform_edt_3d_aniso[1-3-0]" time="0.005" /><testcase classname="src.cucim.core.operations.morphology.tests.test_distance_transform" name="test_distance_transform_edt_3d_aniso[1-3-1]" time="0.005" /><testcase classname="src.cucim.core.operations.morphology.tests.test_distance_transform" name="test_distance_transform_edt_3d_aniso[1-3-2]" time="0.005" /><testcase classname="src.cucim.core.operations.morphology.tests.test_distance_transform" name="test_distance_transform_edt_3d_aniso[1-3-3]" time="0.005" /><testcase classname="src.cucim.core.operations.morphology.tests.test_distance_transform" name="test_distance_transform_edt_3d_aniso[2-0-0]" time="0.005" /><testcase classname="src.cucim.core.operations.morphology.tests.test_distance_transform" name="test_distance_transform_edt_3d_aniso[2-0-1]" time="0.005" /><testcase classname="src.cucim.core.operations.morphology.tests.test_distance_transform" name="test_distance_transform_edt_3d_aniso[2-0-2]" time="0.005" /><testcase classname="src.cucim.core.operations.morphology.tests.test_distance_transform" name="test_distance_transform_edt_3d_aniso[2-0-3]" time="0.006" /><testcase classname="src.cucim.core.operations.morphology.tests.test_distance_transform" name="test_distance_transform_edt_3d_aniso[2-1-0]" time="0.005" /><testcase classname="src.cucim.core.operations.morphology.tests.test_distance_transform" name="test_distance_transform_edt_3d_aniso[2-1-1]" time="0.005" /><testcase classname="src.cucim.core.operations.morphology.tests.test_distance_transform" name="test_distance_transform_edt_3d_aniso[2-1-2]" time="0.005" /><testcase classname="src.cucim.core.operations.morphology.tests.test_distance_transform" name="test_distance_transform_edt_3d_aniso[2-1-3]" time="0.005" /><testcase classname="src.cucim.core.operations.morphology.tests.test_distance_transform" name="test_distance_transform_edt_3d_aniso[2-2-0]" time="0.005" /><testcase classname="src.cucim.core.operations.morphology.tests.test_distance_transform" name="test_distance_transform_edt_3d_aniso[2-2-1]" time="0.005" /><testcase classname="src.cucim.core.operations.morphology.tests.test_distance_transform" name="test_distance_transform_edt_3d_aniso[2-2-2]" time="0.005" /><testcase classname="src.cucim.core.operations.morphology.tests.test_distance_transform" name="test_distance_transform_edt_3d_aniso[2-2-3]" time="0.005" /><testcase classname="src.cucim.core.operations.morphology.tests.test_distance_transform" name="test_distance_transform_edt_3d_aniso[2-3-0]" time="0.005" /><testcase classname="src.cucim.core.operations.morphology.tests.test_distance_transform" name="test_distance_transform_edt_3d_aniso[2-3-1]" time="0.005" /><testcase classname="src.cucim.core.operations.morphology.tests.test_distance_transform" name="test_distance_transform_edt_3d_aniso[2-3-2]" time="0.005" /><testcase classname="src.cucim.core.operations.morphology.tests.test_distance_transform" name="test_distance_transform_edt_3d_aniso[2-3-3]" time="0.005" /><testcase classname="src.cucim.core.operations.morphology.tests.test_distance_transform" name="test_distance_transform_edt_3d_aniso[3-0-0]" time="0.005" /><testcase classname="src.cucim.core.operations.morphology.tests.test_distance_transform" name="test_distance_transform_edt_3d_aniso[3-0-1]" time="0.005" /><testcase classname="src.cucim.core.operations.morphology.tests.test_distance_transform" name="test_distance_transform_edt_3d_aniso[3-0-2]" time="0.005" /><testcase classname="src.cucim.core.operations.morphology.tests.test_distance_transform" name="test_distance_transform_edt_3d_aniso[3-0-3]" time="0.005" /><testcase classname="src.cucim.core.operations.morphology.tests.test_distance_transform" name="test_distance_transform_edt_3d_aniso[3-1-0]" time="0.005" /><testcase classname="src.cucim.core.operations.morphology.tests.test_distance_transform" name="test_distance_transform_edt_3d_aniso[3-1-1]" time="0.005" /><testcase classname="src.cucim.core.operations.morphology.tests.test_distance_transform" name="test_distance_transform_edt_3d_aniso[3-1-2]" time="0.005" /><testcase classname="src.cucim.core.operations.morphology.tests.test_distance_transform" name="test_distance_transform_edt_3d_aniso[3-1-3]" time="0.005" /><testcase classname="src.cucim.core.operations.morphology.tests.test_distance_transform" name="test_distance_transform_edt_3d_aniso[3-2-0]" time="0.005" /><testcase classname="src.cucim.core.operations.morphology.tests.test_distance_transform" name="test_distance_transform_edt_3d_aniso[3-2-1]" time="0.005" /><testcase classname="src.cucim.core.operations.morphology.tests.test_distance_transform" name="test_distance_transform_edt_3d_aniso[3-2-2]" time="0.005" /><testcase classname="src.cucim.core.operations.morphology.tests.test_distance_transform" name="test_distance_transform_edt_3d_aniso[3-2-3]" time="0.005" /><testcase classname="src.cucim.core.operations.morphology.tests.test_distance_transform" name="test_distance_transform_edt_3d_aniso[3-3-0]" time="0.005" /><testcase classname="src.cucim.core.operations.morphology.tests.test_distance_transform" name="test_distance_transform_edt_3d_aniso[3-3-1]" time="0.005" /><testcase classname="src.cucim.core.operations.morphology.tests.test_distance_transform" name="test_distance_transform_edt_3d_aniso[3-3-2]" time="0.006" /><testcase classname="src.cucim.core.operations.morphology.tests.test_distance_transform" name="test_distance_transform_edt_3d_aniso[3-3-3]" time="0.006" /><testcase classname="src.cucim.core.operations.morphology.tests.test_distance_transform" name="test_distance_transform_edt_unsupported_ndim[1]" time="0.001" /><testcase classname="src.cucim.core.operations.morphology.tests.test_distance_transform" name="test_distance_transform_edt_unsupported_ndim[4]" time="0.000" /><testcase classname="src.cucim.core.operations.morphology.tests.test_distance_transform" name="test_distance_transform_edt_unsupported_ndim[5]" time="0.000" /><testcase classname="src.cucim.core.operations.morphology.tests.test_distance_transform" name="test_distance_transform_edt_3d_int64" time="0.000"><skipped type="pytest.skip" message="excessive memory requirement">/home/goplanid/cucim/python/cucim/src/cucim/core/operations/morphology/tests/test_distance_transform.py:279: excessive memory requirement</skipped></testcase><testcase classname="src.cucim.core.operations.spatial.tests.test_flip" name="test_flip_param" time="0.009" /><testcase classname="src.cucim.core.operations.spatial.tests.test_flip" name="test_flip_numpy_input" time="0.035" /><testcase classname="src.cucim.core.operations.spatial.tests.test_flip" name="test_flip_cupy_input" time="0.031" /><testcase classname="src.cucim.core.operations.spatial.tests.test_flip" name="test_flip_batchinput" time="0.127" /><testcase classname="src.cucim.core.operations.spatial.tests.test_random_flip" name="test_rand_flip_numpy_input" time="0.032" /><testcase classname="src.cucim.core.operations.spatial.tests.test_random_flip" name="test_rand_flip_zero_prob" time="0.012" /><testcase classname="src.cucim.core.operations.spatial.tests.test_random_flip" name="test_rand_flip_cupy_input" time="0.032" /><testcase classname="src.cucim.core.operations.spatial.tests.test_random_flip" name="test_rand_flip_batchinput" time="0.122" /><testcase classname="src.cucim.core.operations.spatial.tests.test_random_rotate90" name="test_rand_rotate90_numpy_input" time="0.032" /><testcase classname="src.cucim.core.operations.spatial.tests.test_random_rotate90" name="test_rand_rotate90_zero_prob" time="0.013" /><testcase classname="src.cucim.core.operations.spatial.tests.test_random_rotate90" name="test_rand_rotate90_cupy_input" time="0.033" /><testcase classname="src.cucim.core.operations.spatial.tests.test_random_rotate90" name="test_rand_rotate90_batchinput" time="0.125" /><testcase classname="src.cucim.core.operations.spatial.tests.test_rotate90" name="test_rotate90_param" time="0.008" /><testcase classname="src.cucim.core.operations.spatial.tests.test_rotate90" name="test_rotate90_numpy_input" time="0.031" /><testcase classname="src.cucim.core.operations.spatial.tests.test_rotate90" name="test_rotate90_cupy_input" time="0.031" /><testcase classname="src.cucim.core.operations.spatial.tests.test_rotate90" name="test_rotate90_batchinput" time="0.128" /><testcase classname="src.cucim.skimage._shared.tests.test_coord" name="test_ensure_spacing_trivial[30-1]" time="0.223" /><testcase classname="src.cucim.skimage._shared.tests.test_coord" name="test_ensure_spacing_trivial[30-2]" time="0.031" /><testcase classname="src.cucim.skimage._shared.tests.test_coord" name="test_ensure_spacing_trivial[30-inf]" time="0.044" /><testcase classname="src.cucim.skimage._shared.tests.test_coord" name="test_ensure_spacing_trivial[50-1]" time="0.042" /><testcase classname="src.cucim.skimage._shared.tests.test_coord" name="test_ensure_spacing_trivial[50-2]" time="0.031" /><testcase classname="src.cucim.skimage._shared.tests.test_coord" name="test_ensure_spacing_trivial[50-inf]" time="0.047" /><testcase classname="src.cucim.skimage._shared.tests.test_coord" name="test_ensure_spacing_trivial[None-1]" time="0.044" /><testcase classname="src.cucim.skimage._shared.tests.test_coord" name="test_ensure_spacing_trivial[None-2]" time="0.031" /><testcase classname="src.cucim.skimage._shared.tests.test_coord" name="test_ensure_spacing_trivial[None-inf]" time="0.044" /><testcase classname="src.cucim.skimage._shared.tests.test_coord" name="test_ensure_spacing_nD[2-1]" time="0.001" /><testcase classname="src.cucim.skimage._shared.tests.test_coord" name="test_ensure_spacing_nD[2-2]" time="0.001" /><testcase classname="src.cucim.skimage._shared.tests.test_coord" name="test_ensure_spacing_nD[2-3]" time="0.001" /><testcase classname="src.cucim.skimage._shared.tests.test_coord" name="test_ensure_spacing_nD[2-4]" time="0.001" /><testcase classname="src.cucim.skimage._shared.tests.test_coord" name="test_ensure_spacing_nD[2-5]" time="0.001" /><testcase classname="src.cucim.skimage._shared.tests.test_coord" name="test_ensure_spacing_nD[10-1]" time="0.001" /><testcase classname="src.cucim.skimage._shared.tests.test_coord" name="test_ensure_spacing_nD[10-2]" time="0.001" /><testcase classname="src.cucim.skimage._shared.tests.test_coord" name="test_ensure_spacing_nD[10-3]" time="0.001" /><testcase classname="src.cucim.skimage._shared.tests.test_coord" name="test_ensure_spacing_nD[10-4]" time="0.001" /><testcase classname="src.cucim.skimage._shared.tests.test_coord" name="test_ensure_spacing_nD[10-5]" time="0.001" /><testcase classname="src.cucim.skimage._shared.tests.test_coord" name="test_ensure_spacing_nD[None-1]" time="0.001" /><testcase classname="src.cucim.skimage._shared.tests.test_coord" name="test_ensure_spacing_nD[None-2]" time="0.001" /><testcase classname="src.cucim.skimage._shared.tests.test_coord" name="test_ensure_spacing_nD[None-3]" time="0.001" /><testcase classname="src.cucim.skimage._shared.tests.test_coord" name="test_ensure_spacing_nD[None-4]" time="0.001" /><testcase classname="src.cucim.skimage._shared.tests.test_coord" name="test_ensure_spacing_nD[None-5]" time="0.001" /><testcase classname="src.cucim.skimage._shared.tests.test_coord" name="test_ensure_spacing_batch_processing[50-1]" time="0.043" /><testcase classname="src.cucim.skimage._shared.tests.test_coord" name="test_ensure_spacing_batch_processing[50-2]" time="0.029" /><testcase classname="src.cucim.skimage._shared.tests.test_coord" name="test_ensure_spacing_batch_processing[50-inf]" time="0.042" /><testcase classname="src.cucim.skimage._shared.tests.test_coord" name="test_ensure_spacing_batch_processing[100-1]" time="0.041" /><testcase classname="src.cucim.skimage._shared.tests.test_coord" name="test_ensure_spacing_batch_processing[100-2]" time="0.030" /><testcase classname="src.cucim.skimage._shared.tests.test_coord" name="test_ensure_spacing_batch_processing[100-inf]" time="0.041" /><testcase classname="src.cucim.skimage._shared.tests.test_coord" name="test_ensure_spacing_batch_processing[None-1]" time="0.041" /><testcase classname="src.cucim.skimage._shared.tests.test_coord" name="test_ensure_spacing_batch_processing[None-2]" time="0.030" /><testcase classname="src.cucim.skimage._shared.tests.test_coord" name="test_ensure_spacing_batch_processing[None-inf]" time="0.045" /><testcase classname="src.cucim.skimage._shared.tests.test_coord" name="test_max_batch_size" time="1.171" /><testcase classname="src.cucim.skimage._shared.tests.test_coord" name="test_ensure_spacing_p_norm[30-1]" time="0.045" /><testcase classname="src.cucim.skimage._shared.tests.test_coord" name="test_ensure_spacing_p_norm[30-2]" time="0.031" /><testcase classname="src.cucim.skimage._shared.tests.test_coord" name="test_ensure_spacing_p_norm[30-inf]" time="0.044" /><testcase classname="src.cucim.skimage._shared.tests.test_coord" name="test_ensure_spacing_p_norm[50-1]" time="0.043" /><testcase classname="src.cucim.skimage._shared.tests.test_coord" name="test_ensure_spacing_p_norm[50-2]" time="0.031" /><testcase classname="src.cucim.skimage._shared.tests.test_coord" name="test_ensure_spacing_p_norm[50-inf]" time="0.044" /><testcase classname="src.cucim.skimage._shared.tests.test_coord" name="test_ensure_spacing_p_norm[None-1]" time="0.043" /><testcase classname="src.cucim.skimage._shared.tests.test_coord" name="test_ensure_spacing_p_norm[None-2]" time="0.031" /><testcase classname="src.cucim.skimage._shared.tests.test_coord" name="test_ensure_spacing_p_norm[None-inf]" time="0.043" /><testcase classname="src.cucim.skimage._shared.tests.test_utils" name="test_change_default_value" time="0.001" /><testcase classname="src.cucim.skimage._shared.tests.test_utils" name="test_check_nD" time="0.001" /><testcase classname="src.cucim.skimage._shared.tests.test_utils" name="test_validate_interpolation_order[None-bool]" time="0.000" /><testcase classname="src.cucim.skimage._shared.tests.test_utils" name="test_validate_interpolation_order[None-int]" time="0.000" /><testcase classname="src.cucim.skimage._shared.tests.test_utils" name="test_validate_interpolation_order[None-uint8]" time="0.000" /><testcase classname="src.cucim.skimage._shared.tests.test_utils" name="test_validate_interpolation_order[None-uint16]" time="0.000" /><testcase classname="src.cucim.skimage._shared.tests.test_utils" name="test_validate_interpolation_order[None-float]" time="0.000" /><testcase classname="src.cucim.skimage._shared.tests.test_utils" name="test_validate_interpolation_order[None-float32]" time="0.000" /><testcase classname="src.cucim.skimage._shared.tests.test_utils" name="test_validate_interpolation_order[None-float64]" time="0.000" /><testcase classname="src.cucim.skimage._shared.tests.test_utils" name="test_validate_interpolation_order[-1-bool]" time="0.000" /><testcase classname="src.cucim.skimage._shared.tests.test_utils" name="test_validate_interpolation_order[-1-int]" time="0.000" /><testcase classname="src.cucim.skimage._shared.tests.test_utils" name="test_validate_interpolation_order[-1-uint8]" time="0.000" /><testcase classname="src.cucim.skimage._shared.tests.test_utils" name="test_validate_interpolation_order[-1-uint16]" time="0.000" /><testcase classname="src.cucim.skimage._shared.tests.test_utils" name="test_validate_interpolation_order[-1-float]" time="0.000" /><testcase classname="src.cucim.skimage._shared.tests.test_utils" name="test_validate_interpolation_order[-1-float32]" time="0.001" /><testcase classname="src.cucim.skimage._shared.tests.test_utils" name="test_validate_interpolation_order[-1-float64]" time="0.000" /><testcase classname="src.cucim.skimage._shared.tests.test_utils" name="test_validate_interpolation_order[0-bool]" time="0.000" /><testcase classname="src.cucim.skimage._shared.tests.test_utils" name="test_validate_interpolation_order[0-int]" time="0.000" /><testcase classname="src.cucim.skimage._shared.tests.test_utils" name="test_validate_interpolation_order[0-uint8]" time="0.000" /><testcase classname="src.cucim.skimage._shared.tests.test_utils" name="test_validate_interpolation_order[0-uint16]" time="0.000" /><testcase classname="src.cucim.skimage._shared.tests.test_utils" name="test_validate_interpolation_order[0-float]" time="0.000" /><testcase classname="src.cucim.skimage._shared.tests.test_utils" name="test_validate_interpolation_order[0-float32]" time="0.000" /><testcase classname="src.cucim.skimage._shared.tests.test_utils" name="test_validate_interpolation_order[0-float64]" time="0.000" /><testcase classname="src.cucim.skimage._shared.tests.test_utils" name="test_validate_interpolation_order[1-bool]" time="0.001" /><testcase classname="src.cucim.skimage._shared.tests.test_utils" name="test_validate_interpolation_order[1-int]" time="0.000" /><testcase classname="src.cucim.skimage._shared.tests.test_utils" name="test_validate_interpolation_order[1-uint8]" time="0.000" /><testcase classname="src.cucim.skimage._shared.tests.test_utils" name="test_validate_interpolation_order[1-uint16]" time="0.000" /><testcase classname="src.cucim.skimage._shared.tests.test_utils" name="test_validate_interpolation_order[1-float]" time="0.000" /><testcase classname="src.cucim.skimage._shared.tests.test_utils" name="test_validate_interpolation_order[1-float32]" time="0.000" /><testcase classname="src.cucim.skimage._shared.tests.test_utils" name="test_validate_interpolation_order[1-float64]" time="0.000" /><testcase classname="src.cucim.skimage._shared.tests.test_utils" name="test_validate_interpolation_order[2-bool]" time="0.000" /><testcase classname="src.cucim.skimage._shared.tests.test_utils" name="test_validate_interpolation_order[2-int]" time="0.000" /><testcase classname="src.cucim.skimage._shared.tests.test_utils" name="test_validate_interpolation_order[2-uint8]" time="0.000" /><testcase classname="src.cucim.skimage._shared.tests.test_utils" name="test_validate_interpolation_order[2-uint16]" time="0.000" /><testcase classname="src.cucim.skimage._shared.tests.test_utils" name="test_validate_interpolation_order[2-float]" time="0.000" /><testcase classname="src.cucim.skimage._shared.tests.test_utils" name="test_validate_interpolation_order[2-float32]" time="0.000" /><testcase classname="src.cucim.skimage._shared.tests.test_utils" name="test_validate_interpolation_order[2-float64]" time="0.000" /><testcase classname="src.cucim.skimage._shared.tests.test_utils" name="test_validate_interpolation_order[3-bool]" time="0.001" /><testcase classname="src.cucim.skimage._shared.tests.test_utils" name="test_validate_interpolation_order[3-int]" time="0.000" /><testcase classname="src.cucim.skimage._shared.tests.test_utils" name="test_validate_interpolation_order[3-uint8]" time="0.000" /><testcase classname="src.cucim.skimage._shared.tests.test_utils" name="test_validate_interpolation_order[3-uint16]" time="0.000" /><testcase classname="src.cucim.skimage._shared.tests.test_utils" name="test_validate_interpolation_order[3-float]" time="0.000" /><testcase classname="src.cucim.skimage._shared.tests.test_utils" name="test_validate_interpolation_order[3-float32]" time="0.000" /><testcase classname="src.cucim.skimage._shared.tests.test_utils" name="test_validate_interpolation_order[3-float64]" time="0.000" /><testcase classname="src.cucim.skimage._shared.tests.test_utils" name="test_validate_interpolation_order[4-bool]" time="0.000" /><testcase classname="src.cucim.skimage._shared.tests.test_utils" name="test_validate_interpolation_order[4-int]" time="0.000" /><testcase classname="src.cucim.skimage._shared.tests.test_utils" name="test_validate_interpolation_order[4-uint8]" time="0.000" /><testcase classname="src.cucim.skimage._shared.tests.test_utils" name="test_validate_interpolation_order[4-uint16]" time="0.000" /><testcase classname="src.cucim.skimage._shared.tests.test_utils" name="test_validate_interpolation_order[4-float]" time="0.000" /><testcase classname="src.cucim.skimage._shared.tests.test_utils" name="test_validate_interpolation_order[4-float32]" time="0.000" /><testcase classname="src.cucim.skimage._shared.tests.test_utils" name="test_validate_interpolation_order[4-float64]" time="0.000" /><testcase classname="src.cucim.skimage._shared.tests.test_utils" name="test_validate_interpolation_order[5-bool]" time="0.000" /><testcase classname="src.cucim.skimage._shared.tests.test_utils" name="test_validate_interpolation_order[5-int]" time="0.000" /><testcase classname="src.cucim.skimage._shared.tests.test_utils" name="test_validate_interpolation_order[5-uint8]" time="0.000" /><testcase classname="src.cucim.skimage._shared.tests.test_utils" name="test_validate_interpolation_order[5-uint16]" time="0.000" /><testcase classname="src.cucim.skimage._shared.tests.test_utils" name="test_validate_interpolation_order[5-float]" time="0.000" /><testcase classname="src.cucim.skimage._shared.tests.test_utils" name="test_validate_interpolation_order[5-float32]" time="0.000" /><testcase classname="src.cucim.skimage._shared.tests.test_utils" name="test_validate_interpolation_order[5-float64]" time="0.001" /><testcase classname="src.cucim.skimage._shared.tests.test_utils" name="test_validate_interpolation_order[6-bool]" time="0.000" /><testcase classname="src.cucim.skimage._shared.tests.test_utils" name="test_validate_interpolation_order[6-int]" time="0.000" /><testcase classname="src.cucim.skimage._shared.tests.test_utils" name="test_validate_interpolation_order[6-uint8]" time="0.000" /><testcase classname="src.cucim.skimage._shared.tests.test_utils" name="test_validate_interpolation_order[6-uint16]" time="0.000" /><testcase classname="src.cucim.skimage._shared.tests.test_utils" name="test_validate_interpolation_order[6-float]" time="0.000" /><testcase classname="src.cucim.skimage._shared.tests.test_utils" name="test_validate_interpolation_order[6-float32]" time="0.000" /><testcase classname="src.cucim.skimage._shared.tests.test_utils" name="test_validate_interpolation_order[6-float64]" time="0.000" /><testcase classname="src.cucim.skimage._shared.tests.test_utils" name="test_supported_float_dtype_real[bool]" time="0.001" /><testcase classname="src.cucim.skimage._shared.tests.test_utils" name="test_supported_float_dtype_real[float16]" time="0.000" /><testcase classname="src.cucim.skimage._shared.tests.test_utils" name="test_supported_float_dtype_real[float32]" time="0.000" /><testcase classname="src.cucim.skimage._shared.tests.test_utils" name="test_supported_float_dtype_real[float64]" time="0.000" /><testcase classname="src.cucim.skimage._shared.tests.test_utils" name="test_supported_float_dtype_real[uint8]" time="0.000" /><testcase classname="src.cucim.skimage._shared.tests.test_utils" name="test_supported_float_dtype_real[uint16]" time="0.000" /><testcase classname="src.cucim.skimage._shared.tests.test_utils" name="test_supported_float_dtype_real[uint32]" time="0.000" /><testcase classname="src.cucim.skimage._shared.tests.test_utils" name="test_supported_float_dtype_real[uint64]" time="0.000" /><testcase classname="src.cucim.skimage._shared.tests.test_utils" name="test_supported_float_dtype_real[int8]" time="0.000" /><testcase classname="src.cucim.skimage._shared.tests.test_utils" name="test_supported_float_dtype_real[int16]" time="0.000" /><testcase classname="src.cucim.skimage._shared.tests.test_utils" name="test_supported_float_dtype_real[int32]" time="0.000" /><testcase classname="src.cucim.skimage._shared.tests.test_utils" name="test_supported_float_dtype_real[int64]" time="0.000" /><testcase classname="src.cucim.skimage._shared.tests.test_utils" name="test_supported_float_dtype_complex[False-complex64]" time="0.001" /><testcase classname="src.cucim.skimage._shared.tests.test_utils" name="test_supported_float_dtype_complex[False-complex128]" time="0.000" /><testcase classname="src.cucim.skimage._shared.tests.test_utils" name="test_supported_float_dtype_complex[False-clongdouble]" time="0.000" /><testcase classname="src.cucim.skimage._shared.tests.test_utils" name="test_supported_float_dtype_complex[True-complex64]" time="0.000" /><testcase classname="src.cucim.skimage._shared.tests.test_utils" name="test_supported_float_dtype_complex[True-complex128]" time="0.000" /><testcase classname="src.cucim.skimage._shared.tests.test_utils" name="test_supported_float_dtype_complex[True-clongdouble]" time="0.000" /><testcase classname="src.cucim.skimage._shared.tests.test_utils" name="test_supported_float_dtype_input_kinds[f]" time="0.000" /><testcase classname="src.cucim.skimage._shared.tests.test_utils" name="test_supported_float_dtype_input_kinds[float32_0]" time="0.000" /><testcase classname="src.cucim.skimage._shared.tests.test_utils" name="test_supported_float_dtype_input_kinds[float32_1]" time="0.000" /><testcase classname="src.cucim.skimage._shared.tests.test_utils" name="test_supported_float_dtype_input_kinds[dtype3]" time="0.001" /><testcase classname="src.cucim.skimage._shared.tests.test_utils" name="test_supported_float_dtype_sequence[dtypes0-float64]" time="0.000" /><testcase classname="src.cucim.skimage._shared.tests.test_utils" name="test_supported_float_dtype_sequence[dtypes1-float32]" time="0.000" /><testcase classname="src.cucim.skimage._shared.tests.test_utils" name="test_supported_float_dtype_sequence[dtypes2-float32]" time="0.000" /><testcase classname="src.cucim.skimage._shared.tests.test_utils" name="test_supported_float_dtype_sequence[dtypes3-float64]" time="0.000" /><testcase classname="src.cucim.skimage._shared.tests.test_utils" name="test_supported_float_dtype_sequence[dtypes4-float32]" time="0.001" /><testcase classname="src.cucim.skimage._shared.tests.test_utils" name="test_decorated_channel_axis_shape[None]" time="0.000" /><testcase classname="src.cucim.skimage._shared.tests.test_utils" name="test_decorated_channel_axis_shape[0]" time="0.000" /><testcase classname="src.cucim.skimage._shared.tests.test_utils" name="test_decorated_channel_axis_shape[1]" time="0.000" /><testcase classname="src.cucim.skimage._shared.tests.test_utils" name="test_decorated_channel_axis_shape[2]" time="0.000" /><testcase classname="src.cucim.skimage._shared.tests.test_utils" name="test_decorated_channel_axis_shape[-1]" time="0.000" /><testcase classname="src.cucim.skimage._shared.tests.test_utils" name="test_decorated_channel_axis_shape[-2]" time="0.000" /><testcase classname="src.cucim.skimage._shared.tests.test_utils" name="test_decorated_channel_axis_shape[-3]" time="0.000" /><testcase classname="src.cucim.skimage._shared.tests.test_utils.Test_deprecate_parameter" name="test_docstring_removed_param" time="0.000" /><testcase classname="src.cucim.skimage._shared.tests.test_utils.Test_deprecate_parameter" name="test_docstring_replaced_param" time="0.000" /><testcase classname="src.cucim.skimage._shared.tests.test_utils.Test_deprecate_parameter" name="test_warning_removed_param" time="0.001" /><testcase classname="src.cucim.skimage._shared.tests.test_utils.Test_deprecate_parameter" name="test_warning_replaced_param" time="0.001" /><testcase classname="src.cucim.skimage._shared.tests.test_utils.Test_deprecate_parameter" name="test_missing_DEPRECATED" time="0.001" /><testcase classname="src.cucim.skimage._shared.tests.test_utils.Test_deprecate_parameter" name="test_new_keyword_only" time="0.001" /><testcase classname="src.cucim.skimage._shared.tests.test_utils.Test_deprecate_parameter" name="test_conflicting_old_and_new" time="0.001" /><testcase classname="src.cucim.skimage._shared.tests.test_utils.Test_deprecate_parameter" name="test_wrong_call_signature" time="0.001" /><testcase classname="src.cucim.skimage._shared.tests.test_utils.Test_deprecate_parameter" name="test_wrong_param_name" time="0.001" /><testcase classname="src.cucim.skimage._shared.tests.test_utils.Test_deprecate_parameter" name="test_warning_location" time="0.077" /><testcase classname="src.cucim.skimage._shared.tests.test_utils.Test_deprecate_parameter" name="test_stacklevel" time="0.002" /><testcase classname="src.cucim.skimage._shared.tests.test_warnings" name="test_strict_warnigns_default" time="0.007" /><testcase classname="src.cucim.skimage._shared.tests.test_warnings" name="test_strict_warning_true[1]" time="0.004" /><testcase classname="src.cucim.skimage._shared.tests.test_warnings" name="test_strict_warning_true[true]" time="0.004" /><testcase classname="src.cucim.skimage._shared.tests.test_warnings" name="test_strict_warning_true[True]" time="0.004" /><testcase classname="src.cucim.skimage._shared.tests.test_warnings" name="test_strict_warning_true[TRUE]" time="0.004" /><testcase classname="src.cucim.skimage._shared.tests.test_warnings" name="test_strict_warning_false[0]" time="0.004" /><testcase classname="src.cucim.skimage._shared.tests.test_warnings" name="test_strict_warning_false[false]" time="0.004" /><testcase classname="src.cucim.skimage._shared.tests.test_warnings" name="test_strict_warning_false[False]" time="0.004" /><testcase classname="src.cucim.skimage._shared.tests.test_warnings" name="test_strict_warning_false[FALSE]" time="0.004" /><testcase classname="src.cucim.skimage._vendored.tests.test_morphology" name="test_binary_axes[binary_erosion-0-origin0-0]" time="0.009" /><testcase classname="src.cucim.skimage._vendored.tests.test_morphology" name="test_binary_axes[binary_erosion-0-origin0-1]" time="0.003" /><testcase classname="src.cucim.skimage._vendored.tests.test_morphology" name="test_binary_axes[binary_erosion-0-origin1-0]" time="0.003" /><testcase classname="src.cucim.skimage._vendored.tests.test_morphology" name="test_binary_axes[binary_erosion-0-origin1-1]" time="0.003" /><testcase classname="src.cucim.skimage._vendored.tests.test_morphology" name="test_binary_axes[binary_erosion-1-origin0-0]" time="0.003" /><testcase classname="src.cucim.skimage._vendored.tests.test_morphology" name="test_binary_axes[binary_erosion-1-origin0-1]" time="0.003" /><testcase classname="src.cucim.skimage._vendored.tests.test_morphology" name="test_binary_axes[binary_erosion-1-origin1-0]" time="0.003" /><testcase classname="src.cucim.skimage._vendored.tests.test_morphology" name="test_binary_axes[binary_erosion-1-origin1-1]" time="0.003" /><testcase classname="src.cucim.skimage._vendored.tests.test_morphology" name="test_binary_axes[binary_erosion-2-origin0-0]" time="0.003" /><testcase classname="src.cucim.skimage._vendored.tests.test_morphology" name="test_binary_axes[binary_erosion-2-origin0-1]" time="0.003" /><testcase classname="src.cucim.skimage._vendored.tests.test_morphology" name="test_binary_axes[binary_erosion-2-origin1-0]" time="0.003" /><testcase classname="src.cucim.skimage._vendored.tests.test_morphology" name="test_binary_axes[binary_erosion-2-origin1-1]" time="0.003" /><testcase classname="src.cucim.skimage._vendored.tests.test_morphology" name="test_binary_axes[binary_dilation-0-origin0-0]" time="0.003" /><testcase classname="src.cucim.skimage._vendored.tests.test_morphology" name="test_binary_axes[binary_dilation-0-origin0-1]" time="0.003" /><testcase classname="src.cucim.skimage._vendored.tests.test_morphology" name="test_binary_axes[binary_dilation-0-origin1-0]" time="0.003" /><testcase classname="src.cucim.skimage._vendored.tests.test_morphology" name="test_binary_axes[binary_dilation-0-origin1-1]" time="0.003" /><testcase classname="src.cucim.skimage._vendored.tests.test_morphology" name="test_binary_axes[binary_dilation-1-origin0-0]" time="0.003" /><testcase classname="src.cucim.skimage._vendored.tests.test_morphology" name="test_binary_axes[binary_dilation-1-origin0-1]" time="0.003" /><testcase classname="src.cucim.skimage._vendored.tests.test_morphology" name="test_binary_axes[binary_dilation-1-origin1-0]" time="0.003" /><testcase classname="src.cucim.skimage._vendored.tests.test_morphology" name="test_binary_axes[binary_dilation-1-origin1-1]" time="0.003" /><testcase classname="src.cucim.skimage._vendored.tests.test_morphology" name="test_binary_axes[binary_dilation-2-origin0-0]" time="0.003" /><testcase classname="src.cucim.skimage._vendored.tests.test_morphology" name="test_binary_axes[binary_dilation-2-origin0-1]" time="0.003" /><testcase classname="src.cucim.skimage._vendored.tests.test_morphology" name="test_binary_axes[binary_dilation-2-origin1-0]" time="0.003" /><testcase classname="src.cucim.skimage._vendored.tests.test_morphology" name="test_binary_axes[binary_dilation-2-origin1-1]" time="0.003" /><testcase classname="src.cucim.skimage._vendored.tests.test_morphology" name="test_binary_axes[binary_opening-0-origin0-0]" time="0.002" /><testcase classname="src.cucim.skimage._vendored.tests.test_morphology" name="test_binary_axes[binary_opening-0-origin0-1]" time="0.002" /><testcase classname="src.cucim.skimage._vendored.tests.test_morphology" name="test_binary_axes[binary_opening-0-origin1-0]" time="0.002" /><testcase classname="src.cucim.skimage._vendored.tests.test_morphology" name="test_binary_axes[binary_opening-0-origin1-1]" time="0.002" /><testcase classname="src.cucim.skimage._vendored.tests.test_morphology" name="test_binary_axes[binary_opening-1-origin0-0]" time="0.002" /><testcase classname="src.cucim.skimage._vendored.tests.test_morphology" name="test_binary_axes[binary_opening-1-origin0-1]" time="0.002" /><testcase classname="src.cucim.skimage._vendored.tests.test_morphology" name="test_binary_axes[binary_opening-1-origin1-0]" time="0.002" /><testcase classname="src.cucim.skimage._vendored.tests.test_morphology" name="test_binary_axes[binary_opening-1-origin1-1]" time="0.002" /><testcase classname="src.cucim.skimage._vendored.tests.test_morphology" name="test_binary_axes[binary_opening-2-origin0-0]" time="0.002" /><testcase classname="src.cucim.skimage._vendored.tests.test_morphology" name="test_binary_axes[binary_opening-2-origin0-1]" time="0.002" /><testcase classname="src.cucim.skimage._vendored.tests.test_morphology" name="test_binary_axes[binary_opening-2-origin1-0]" time="0.002" /><testcase classname="src.cucim.skimage._vendored.tests.test_morphology" name="test_binary_axes[binary_opening-2-origin1-1]" time="0.002" /><testcase classname="src.cucim.skimage._vendored.tests.test_morphology" name="test_binary_axes[binary_closing-0-origin0-0]" time="0.002" /><testcase classname="src.cucim.skimage._vendored.tests.test_morphology" name="test_binary_axes[binary_closing-0-origin0-1]" time="0.002" /><testcase classname="src.cucim.skimage._vendored.tests.test_morphology" name="test_binary_axes[binary_closing-0-origin1-0]" time="0.002" /><testcase classname="src.cucim.skimage._vendored.tests.test_morphology" name="test_binary_axes[binary_closing-0-origin1-1]" time="0.002" /><testcase classname="src.cucim.skimage._vendored.tests.test_morphology" name="test_binary_axes[binary_closing-1-origin0-0]" time="0.002" /><testcase classname="src.cucim.skimage._vendored.tests.test_morphology" name="test_binary_axes[binary_closing-1-origin0-1]" time="0.002" /><testcase classname="src.cucim.skimage._vendored.tests.test_morphology" name="test_binary_axes[binary_closing-1-origin1-0]" time="0.002" /><testcase classname="src.cucim.skimage._vendored.tests.test_morphology" name="test_binary_axes[binary_closing-1-origin1-1]" time="0.002" /><testcase classname="src.cucim.skimage._vendored.tests.test_morphology" name="test_binary_axes[binary_closing-2-origin0-0]" time="0.002" /><testcase classname="src.cucim.skimage._vendored.tests.test_morphology" name="test_binary_axes[binary_closing-2-origin0-1]" time="0.002" /><testcase classname="src.cucim.skimage._vendored.tests.test_morphology" name="test_binary_axes[binary_closing-2-origin1-0]" time="0.002" /><testcase classname="src.cucim.skimage._vendored.tests.test_morphology" name="test_binary_axes[binary_closing-2-origin1-1]" time="0.002" /><testcase classname="src.cucim.skimage._vendored.tests.test_morphology" name="test_binary_axes[binary_hit_or_miss-0-origin0-0]" time="0.004" /><testcase classname="src.cucim.skimage._vendored.tests.test_morphology" name="test_binary_axes[binary_hit_or_miss-0-origin0-1]" time="0.001"><skipped type="pytest.skip" message="border_value !=0 unsupported by this function">/home/goplanid/cucim/python/cucim/src/cucim/skimage/_vendored/tests/test_morphology.py:49: border_value !=0 unsupported by this function</skipped></testcase><testcase classname="src.cucim.skimage._vendored.tests.test_morphology" name="test_binary_axes[binary_hit_or_miss-0-origin1-0]" time="0.003" /><testcase classname="src.cucim.skimage._vendored.tests.test_morphology" name="test_binary_axes[binary_hit_or_miss-0-origin1-1]" time="0.001"><skipped type="pytest.skip" message="border_value !=0 unsupported by this function">/home/goplanid/cucim/python/cucim/src/cucim/skimage/_vendored/tests/test_morphology.py:49: border_value !=0 unsupported by this function</skipped></testcase><testcase classname="src.cucim.skimage._vendored.tests.test_morphology" name="test_binary_axes[binary_hit_or_miss-1-origin0-0]" time="0.003" /><testcase classname="src.cucim.skimage._vendored.tests.test_morphology" name="test_binary_axes[binary_hit_or_miss-1-origin0-1]" time="0.001"><skipped type="pytest.skip" message="border_value !=0 unsupported by this function">/home/goplanid/cucim/python/cucim/src/cucim/skimage/_vendored/tests/test_morphology.py:49: border_value !=0 unsupported by this function</skipped></testcase><testcase classname="src.cucim.skimage._vendored.tests.test_morphology" name="test_binary_axes[binary_hit_or_miss-1-origin1-0]" time="0.004" /><testcase classname="src.cucim.skimage._vendored.tests.test_morphology" name="test_binary_axes[binary_hit_or_miss-1-origin1-1]" time="0.001"><skipped type="pytest.skip" message="border_value !=0 unsupported by this function">/home/goplanid/cucim/python/cucim/src/cucim/skimage/_vendored/tests/test_morphology.py:49: border_value !=0 unsupported by this function</skipped></testcase><testcase classname="src.cucim.skimage._vendored.tests.test_morphology" name="test_binary_axes[binary_hit_or_miss-2-origin0-0]" time="0.003" /><testcase classname="src.cucim.skimage._vendored.tests.test_morphology" name="test_binary_axes[binary_hit_or_miss-2-origin0-1]" time="0.001"><skipped type="pytest.skip" message="border_value !=0 unsupported by this function">/home/goplanid/cucim/python/cucim/src/cucim/skimage/_vendored/tests/test_morphology.py:49: border_value !=0 unsupported by this function</skipped></testcase><testcase classname="src.cucim.skimage._vendored.tests.test_morphology" name="test_binary_axes[binary_hit_or_miss-2-origin1-0]" time="0.010" /><testcase classname="src.cucim.skimage._vendored.tests.test_morphology" name="test_binary_axes[binary_hit_or_miss-2-origin1-1]" time="0.001"><skipped type="pytest.skip" message="border_value !=0 unsupported by this function">/home/goplanid/cucim/python/cucim/src/cucim/skimage/_vendored/tests/test_morphology.py:49: border_value !=0 unsupported by this function</skipped></testcase><testcase classname="src.cucim.skimage._vendored.tests.test_morphology" name="test_binary_axes[binary_propagation-0-origin0-0]" time="0.005" /><testcase classname="src.cucim.skimage._vendored.tests.test_morphology" name="test_binary_axes[binary_propagation-0-origin0-1]" time="0.002" /><testcase classname="src.cucim.skimage._vendored.tests.test_morphology" name="test_binary_axes[binary_propagation-0-origin1-0]" time="0.002" /><testcase classname="src.cucim.skimage._vendored.tests.test_morphology" name="test_binary_axes[binary_propagation-0-origin1-1]" time="0.002" /><testcase classname="src.cucim.skimage._vendored.tests.test_morphology" name="test_binary_axes[binary_propagation-1-origin0-0]" time="0.002" /><testcase classname="src.cucim.skimage._vendored.tests.test_morphology" name="test_binary_axes[binary_propagation-1-origin0-1]" time="0.002" /><testcase classname="src.cucim.skimage._vendored.tests.test_morphology" name="test_binary_axes[binary_propagation-1-origin1-0]" time="0.002" /><testcase classname="src.cucim.skimage._vendored.tests.test_morphology" name="test_binary_axes[binary_propagation-1-origin1-1]" time="0.002" /><testcase classname="src.cucim.skimage._vendored.tests.test_morphology" name="test_binary_axes[binary_propagation-2-origin0-0]" time="0.002" /><testcase classname="src.cucim.skimage._vendored.tests.test_morphology" name="test_binary_axes[binary_propagation-2-origin0-1]" time="0.002" /><testcase classname="src.cucim.skimage._vendored.tests.test_morphology" name="test_binary_axes[binary_propagation-2-origin1-0]" time="0.002" /><testcase classname="src.cucim.skimage._vendored.tests.test_morphology" name="test_binary_axes[binary_propagation-2-origin1-1]" time="0.002" /><testcase classname="src.cucim.skimage._vendored.tests.test_morphology" name="test_binary_axes[binary_fill_holes-0-origin0-0]" time="0.003" /><testcase classname="src.cucim.skimage._vendored.tests.test_morphology" name="test_binary_axes[binary_fill_holes-0-origin0-1]" time="0.001"><skipped type="pytest.skip" message="border_value !=0 unsupported by this function">/home/goplanid/cucim/python/cucim/src/cucim/skimage/_vendored/tests/test_morphology.py:49: border_value !=0 unsupported by this function</skipped></testcase><testcase classname="src.cucim.skimage._vendored.tests.test_morphology" name="test_binary_axes[binary_fill_holes-0-origin1-0]" time="0.003" /><testcase classname="src.cucim.skimage._vendored.tests.test_morphology" name="test_binary_axes[binary_fill_holes-0-origin1-1]" time="0.001"><skipped type="pytest.skip" message="border_value !=0 unsupported by this function">/home/goplanid/cucim/python/cucim/src/cucim/skimage/_vendored/tests/test_morphology.py:49: border_value !=0 unsupported by this function</skipped></testcase><testcase classname="src.cucim.skimage._vendored.tests.test_morphology" name="test_binary_axes[binary_fill_holes-1-origin0-0]" time="0.003" /><testcase classname="src.cucim.skimage._vendored.tests.test_morphology" name="test_binary_axes[binary_fill_holes-1-origin0-1]" time="0.001"><skipped type="pytest.skip" message="border_value !=0 unsupported by this function">/home/goplanid/cucim/python/cucim/src/cucim/skimage/_vendored/tests/test_morphology.py:49: border_value !=0 unsupported by this function</skipped></testcase><testcase classname="src.cucim.skimage._vendored.tests.test_morphology" name="test_binary_axes[binary_fill_holes-1-origin1-0]" time="0.003" /><testcase classname="src.cucim.skimage._vendored.tests.test_morphology" name="test_binary_axes[binary_fill_holes-1-origin1-1]" time="0.001"><skipped type="pytest.skip" message="border_value !=0 unsupported by this function">/home/goplanid/cucim/python/cucim/src/cucim/skimage/_vendored/tests/test_morphology.py:49: border_value !=0 unsupported by this function</skipped></testcase><testcase classname="src.cucim.skimage._vendored.tests.test_morphology" name="test_binary_axes[binary_fill_holes-2-origin0-0]" time="0.003" /><testcase classname="src.cucim.skimage._vendored.tests.test_morphology" name="test_binary_axes[binary_fill_holes-2-origin0-1]" time="0.001"><skipped type="pytest.skip" message="border_value !=0 unsupported by this function">/home/goplanid/cucim/python/cucim/src/cucim/skimage/_vendored/tests/test_morphology.py:49: border_value !=0 unsupported by this function</skipped></testcase><testcase classname="src.cucim.skimage._vendored.tests.test_morphology" name="test_binary_axes[binary_fill_holes-2-origin1-0]" time="0.003" /><testcase classname="src.cucim.skimage._vendored.tests.test_morphology" name="test_binary_axes[binary_fill_holes-2-origin1-1]" time="0.001"><skipped type="pytest.skip" message="border_value !=0 unsupported by this function">/home/goplanid/cucim/python/cucim/src/cucim/skimage/_vendored/tests/test_morphology.py:49: border_value !=0 unsupported by this function</skipped></testcase><testcase classname="src.cucim.skimage._vendored.tests.test_morphology" name="test_grey_axes[grey_erosion-size-reflect-0-origin0]" time="0.004" /><testcase classname="src.cucim.skimage._vendored.tests.test_morphology" name="test_grey_axes[grey_erosion-size-reflect-0-origin1]" time="0.003" /><testcase classname="src.cucim.skimage._vendored.tests.test_morphology" name="test_grey_axes[grey_erosion-size-reflect-1-origin0]" time="0.003" /><testcase classname="src.cucim.skimage._vendored.tests.test_morphology" name="test_grey_axes[grey_erosion-size-reflect-1-origin1]" time="0.003" /><testcase classname="src.cucim.skimage._vendored.tests.test_morphology" name="test_grey_axes[grey_erosion-size-reflect-2-origin0]" time="0.003" /><testcase classname="src.cucim.skimage._vendored.tests.test_morphology" name="test_grey_axes[grey_erosion-size-reflect-2-origin1]" time="0.001" /><testcase classname="src.cucim.skimage._vendored.tests.test_morphology" name="test_grey_axes[grey_erosion-size-constant-0-origin0]" time="0.004" /><testcase classname="src.cucim.skimage._vendored.tests.test_morphology" name="test_grey_axes[grey_erosion-size-constant-0-origin1]" time="0.003" /><testcase classname="src.cucim.skimage._vendored.tests.test_morphology" name="test_grey_axes[grey_erosion-size-constant-1-origin0]" time="0.003" /><testcase classname="src.cucim.skimage._vendored.tests.test_morphology" name="test_grey_axes[grey_erosion-size-constant-1-origin1]" time="0.003" /><testcase classname="src.cucim.skimage._vendored.tests.test_morphology" name="test_grey_axes[grey_erosion-size-constant-2-origin0]" time="0.003" /><testcase classname="src.cucim.skimage._vendored.tests.test_morphology" name="test_grey_axes[grey_erosion-size-constant-2-origin1]" time="0.002" /><testcase classname="src.cucim.skimage._vendored.tests.test_morphology" name="test_grey_axes[grey_erosion-footprint-reflect-0-origin0]" time="0.011" /><testcase classname="src.cucim.skimage._vendored.tests.test_morphology" name="test_grey_axes[grey_erosion-footprint-reflect-0-origin1]" time="0.003" /><testcase classname="src.cucim.skimage._vendored.tests.test_morphology" name="test_grey_axes[grey_erosion-footprint-reflect-1-origin0]" time="0.003" /><testcase classname="src.cucim.skimage._vendored.tests.test_morphology" name="test_grey_axes[grey_erosion-footprint-reflect-1-origin1]" time="0.003" /><testcase classname="src.cucim.skimage._vendored.tests.test_morphology" name="test_grey_axes[grey_erosion-footprint-reflect-2-origin0]" time="0.003" /><testcase classname="src.cucim.skimage._vendored.tests.test_morphology" name="test_grey_axes[grey_erosion-footprint-reflect-2-origin1]" time="0.003" /><testcase classname="src.cucim.skimage._vendored.tests.test_morphology" name="test_grey_axes[grey_erosion-footprint-constant-0-origin0]" time="0.003" /><testcase classname="src.cucim.skimage._vendored.tests.test_morphology" name="test_grey_axes[grey_erosion-footprint-constant-0-origin1]" time="0.003" /><testcase classname="src.cucim.skimage._vendored.tests.test_morphology" name="test_grey_axes[grey_erosion-footprint-constant-1-origin0]" time="0.003" /><testcase classname="src.cucim.skimage._vendored.tests.test_morphology" name="test_grey_axes[grey_erosion-footprint-constant-1-origin1]" time="0.003" /><testcase classname="src.cucim.skimage._vendored.tests.test_morphology" name="test_grey_axes[grey_erosion-footprint-constant-2-origin0]" time="0.003" /><testcase classname="src.cucim.skimage._vendored.tests.test_morphology" name="test_grey_axes[grey_erosion-footprint-constant-2-origin1]" time="0.003" /><testcase classname="src.cucim.skimage._vendored.tests.test_morphology" name="test_grey_axes[grey_erosion-structure-reflect-0-origin0]" time="0.003" /><testcase classname="src.cucim.skimage._vendored.tests.test_morphology" name="test_grey_axes[grey_erosion-structure-reflect-0-origin1]" time="0.098" /><testcase classname="src.cucim.skimage._vendored.tests.test_morphology" name="test_grey_axes[grey_erosion-structure-reflect-1-origin0]" time="0.004" /><testcase classname="src.cucim.skimage._vendored.tests.test_morphology" name="test_grey_axes[grey_erosion-structure-reflect-1-origin1]" time="0.003" /><testcase classname="src.cucim.skimage._vendored.tests.test_morphology" name="test_grey_axes[grey_erosion-structure-reflect-2-origin0]" time="0.003" /><testcase classname="src.cucim.skimage._vendored.tests.test_morphology" name="test_grey_axes[grey_erosion-structure-reflect-2-origin1]" time="0.003" /><testcase classname="src.cucim.skimage._vendored.tests.test_morphology" name="test_grey_axes[grey_erosion-structure-constant-0-origin0]" time="0.003" /><testcase classname="src.cucim.skimage._vendored.tests.test_morphology" name="test_grey_axes[grey_erosion-structure-constant-0-origin1]" time="0.003" /><testcase classname="src.cucim.skimage._vendored.tests.test_morphology" name="test_grey_axes[grey_erosion-structure-constant-1-origin0]" time="0.003" /><testcase classname="src.cucim.skimage._vendored.tests.test_morphology" name="test_grey_axes[grey_erosion-structure-constant-1-origin1]" time="0.003" /><testcase classname="src.cucim.skimage._vendored.tests.test_morphology" name="test_grey_axes[grey_erosion-structure-constant-2-origin0]" time="0.003" /><testcase classname="src.cucim.skimage._vendored.tests.test_morphology" name="test_grey_axes[grey_erosion-structure-constant-2-origin1]" time="0.003" /><testcase classname="src.cucim.skimage._vendored.tests.test_morphology" name="test_grey_axes[grey_dilation-size-reflect-0-origin0]" time="0.004" /><testcase classname="src.cucim.skimage._vendored.tests.test_morphology" name="test_grey_axes[grey_dilation-size-reflect-0-origin1]" time="0.003" /><testcase classname="src.cucim.skimage._vendored.tests.test_morphology" name="test_grey_axes[grey_dilation-size-reflect-1-origin0]" time="0.003" /><testcase classname="src.cucim.skimage._vendored.tests.test_morphology" name="test_grey_axes[grey_dilation-size-reflect-1-origin1]" time="0.003" /><testcase classname="src.cucim.skimage._vendored.tests.test_morphology" name="test_grey_axes[grey_dilation-size-reflect-2-origin0]" time="0.003" /><testcase classname="src.cucim.skimage._vendored.tests.test_morphology" name="test_grey_axes[grey_dilation-size-reflect-2-origin1]" time="0.002" /><testcase classname="src.cucim.skimage._vendored.tests.test_morphology" name="test_grey_axes[grey_dilation-size-constant-0-origin0]" time="0.004" /><testcase classname="src.cucim.skimage._vendored.tests.test_morphology" name="test_grey_axes[grey_dilation-size-constant-0-origin1]" time="0.003" /><testcase classname="src.cucim.skimage._vendored.tests.test_morphology" name="test_grey_axes[grey_dilation-size-constant-1-origin0]" time="0.003" /><testcase classname="src.cucim.skimage._vendored.tests.test_morphology" name="test_grey_axes[grey_dilation-size-constant-1-origin1]" time="0.003" /><testcase classname="src.cucim.skimage._vendored.tests.test_morphology" name="test_grey_axes[grey_dilation-size-constant-2-origin0]" time="0.003" /><testcase classname="src.cucim.skimage._vendored.tests.test_morphology" name="test_grey_axes[grey_dilation-size-constant-2-origin1]" time="0.002" /><testcase classname="src.cucim.skimage._vendored.tests.test_morphology" name="test_grey_axes[grey_dilation-footprint-reflect-0-origin0]" time="0.004" /><testcase classname="src.cucim.skimage._vendored.tests.test_morphology" name="test_grey_axes[grey_dilation-footprint-reflect-0-origin1]" time="0.003" /><testcase classname="src.cucim.skimage._vendored.tests.test_morphology" name="test_grey_axes[grey_dilation-footprint-reflect-1-origin0]" time="0.003" /><testcase classname="src.cucim.skimage._vendored.tests.test_morphology" name="test_grey_axes[grey_dilation-footprint-reflect-1-origin1]" time="0.003" /><testcase classname="src.cucim.skimage._vendored.tests.test_morphology" name="test_grey_axes[grey_dilation-footprint-reflect-2-origin0]" time="0.003" /><testcase classname="src.cucim.skimage._vendored.tests.test_morphology" name="test_grey_axes[grey_dilation-footprint-reflect-2-origin1]" time="0.003" /><testcase classname="src.cucim.skimage._vendored.tests.test_morphology" name="test_grey_axes[grey_dilation-footprint-constant-0-origin0]" time="0.003" /><testcase classname="src.cucim.skimage._vendored.tests.test_morphology" name="test_grey_axes[grey_dilation-footprint-constant-0-origin1]" time="0.003" /><testcase classname="src.cucim.skimage._vendored.tests.test_morphology" name="test_grey_axes[grey_dilation-footprint-constant-1-origin0]" time="0.003" /><testcase classname="src.cucim.skimage._vendored.tests.test_morphology" name="test_grey_axes[grey_dilation-footprint-constant-1-origin1]" time="0.003" /><testcase classname="src.cucim.skimage._vendored.tests.test_morphology" name="test_grey_axes[grey_dilation-footprint-constant-2-origin0]" time="0.003" /><testcase classname="src.cucim.skimage._vendored.tests.test_morphology" name="test_grey_axes[grey_dilation-footprint-constant-2-origin1]" time="0.003" /><testcase classname="src.cucim.skimage._vendored.tests.test_morphology" name="test_grey_axes[grey_dilation-structure-reflect-0-origin0]" time="0.004" /><testcase classname="src.cucim.skimage._vendored.tests.test_morphology" name="test_grey_axes[grey_dilation-structure-reflect-0-origin1]" time="0.003" /><testcase classname="src.cucim.skimage._vendored.tests.test_morphology" name="test_grey_axes[grey_dilation-structure-reflect-1-origin0]" time="0.003" /><testcase classname="src.cucim.skimage._vendored.tests.test_morphology" name="test_grey_axes[grey_dilation-structure-reflect-1-origin1]" time="0.003" /><testcase classname="src.cucim.skimage._vendored.tests.test_morphology" name="test_grey_axes[grey_dilation-structure-reflect-2-origin0]" time="0.003" /><testcase classname="src.cucim.skimage._vendored.tests.test_morphology" name="test_grey_axes[grey_dilation-structure-reflect-2-origin1]" time="0.130" /><testcase classname="src.cucim.skimage._vendored.tests.test_morphology" name="test_grey_axes[grey_dilation-structure-constant-0-origin0]" time="0.005" /><testcase classname="src.cucim.skimage._vendored.tests.test_morphology" name="test_grey_axes[grey_dilation-structure-constant-0-origin1]" time="0.004" /><testcase classname="src.cucim.skimage._vendored.tests.test_morphology" name="test_grey_axes[grey_dilation-structure-constant-1-origin0]" time="0.005" /><testcase classname="src.cucim.skimage._vendored.tests.test_morphology" name="test_grey_axes[grey_dilation-structure-constant-1-origin1]" time="0.005" /><testcase classname="src.cucim.skimage._vendored.tests.test_morphology" name="test_grey_axes[grey_dilation-structure-constant-2-origin0]" time="0.004" /><testcase classname="src.cucim.skimage._vendored.tests.test_morphology" name="test_grey_axes[grey_dilation-structure-constant-2-origin1]" time="0.004" /><testcase classname="src.cucim.skimage._vendored.tests.test_morphology" name="test_grey_axes[grey_opening-size-reflect-0-origin0]" time="0.002" /><testcase classname="src.cucim.skimage._vendored.tests.test_morphology" name="test_grey_axes[grey_opening-size-reflect-0-origin1]" time="0.002" /><testcase classname="src.cucim.skimage._vendored.tests.test_morphology" name="test_grey_axes[grey_opening-size-reflect-1-origin0]" time="0.002" /><testcase classname="src.cucim.skimage._vendored.tests.test_morphology" name="test_grey_axes[grey_opening-size-reflect-1-origin1]" time="0.002" /><testcase classname="src.cucim.skimage._vendored.tests.test_morphology" name="test_grey_axes[grey_opening-size-reflect-2-origin0]" time="0.002" /><testcase classname="src.cucim.skimage._vendored.tests.test_morphology" name="test_grey_axes[grey_opening-size-reflect-2-origin1]" time="0.002" /><testcase classname="src.cucim.skimage._vendored.tests.test_morphology" name="test_grey_axes[grey_opening-size-constant-0-origin0]" time="0.002" /><testcase classname="src.cucim.skimage._vendored.tests.test_morphology" name="test_grey_axes[grey_opening-size-constant-0-origin1]" time="0.002" /><testcase classname="src.cucim.skimage._vendored.tests.test_morphology" name="test_grey_axes[grey_opening-size-constant-1-origin0]" time="0.002" /><testcase classname="src.cucim.skimage._vendored.tests.test_morphology" name="test_grey_axes[grey_opening-size-constant-1-origin1]" time="0.002" /><testcase classname="src.cucim.skimage._vendored.tests.test_morphology" name="test_grey_axes[grey_opening-size-constant-2-origin0]" time="0.002" /><testcase classname="src.cucim.skimage._vendored.tests.test_morphology" name="test_grey_axes[grey_opening-size-constant-2-origin1]" time="0.002" /><testcase classname="src.cucim.skimage._vendored.tests.test_morphology" name="test_grey_axes[grey_opening-footprint-reflect-0-origin0]" time="0.003" /><testcase classname="src.cucim.skimage._vendored.tests.test_morphology" name="test_grey_axes[grey_opening-footprint-reflect-0-origin1]" time="0.003" /><testcase classname="src.cucim.skimage._vendored.tests.test_morphology" name="test_grey_axes[grey_opening-footprint-reflect-1-origin0]" time="0.003" /><testcase classname="src.cucim.skimage._vendored.tests.test_morphology" name="test_grey_axes[grey_opening-footprint-reflect-1-origin1]" time="0.003" /><testcase classname="src.cucim.skimage._vendored.tests.test_morphology" name="test_grey_axes[grey_opening-footprint-reflect-2-origin0]" time="0.003" /><testcase classname="src.cucim.skimage._vendored.tests.test_morphology" name="test_grey_axes[grey_opening-footprint-reflect-2-origin1]" time="0.003" /><testcase classname="src.cucim.skimage._vendored.tests.test_morphology" name="test_grey_axes[grey_opening-footprint-constant-0-origin0]" time="0.003" /><testcase classname="src.cucim.skimage._vendored.tests.test_morphology" name="test_grey_axes[grey_opening-footprint-constant-0-origin1]" time="0.003" /><testcase classname="src.cucim.skimage._vendored.tests.test_morphology" name="test_grey_axes[grey_opening-footprint-constant-1-origin0]" time="0.003" /><testcase classname="src.cucim.skimage._vendored.tests.test_morphology" name="test_grey_axes[grey_opening-footprint-constant-1-origin1]" time="0.003" /><testcase classname="src.cucim.skimage._vendored.tests.test_morphology" name="test_grey_axes[grey_opening-footprint-constant-2-origin0]" time="0.003" /><testcase classname="src.cucim.skimage._vendored.tests.test_morphology" name="test_grey_axes[grey_opening-footprint-constant-2-origin1]" time="0.003" /><testcase classname="src.cucim.skimage._vendored.tests.test_morphology" name="test_grey_axes[grey_opening-structure-reflect-0-origin0]" time="0.003" /><testcase classname="src.cucim.skimage._vendored.tests.test_morphology" name="test_grey_axes[grey_opening-structure-reflect-0-origin1]" time="0.003" /><testcase classname="src.cucim.skimage._vendored.tests.test_morphology" name="test_grey_axes[grey_opening-structure-reflect-1-origin0]" time="0.003" /><testcase classname="src.cucim.skimage._vendored.tests.test_morphology" name="test_grey_axes[grey_opening-structure-reflect-1-origin1]" time="0.003" /><testcase classname="src.cucim.skimage._vendored.tests.test_morphology" name="test_grey_axes[grey_opening-structure-reflect-2-origin0]" time="0.003" /><testcase classname="src.cucim.skimage._vendored.tests.test_morphology" name="test_grey_axes[grey_opening-structure-reflect-2-origin1]" time="0.003" /><testcase classname="src.cucim.skimage._vendored.tests.test_morphology" name="test_grey_axes[grey_opening-structure-constant-0-origin0]" time="0.003" /><testcase classname="src.cucim.skimage._vendored.tests.test_morphology" name="test_grey_axes[grey_opening-structure-constant-0-origin1]" time="0.003" /><testcase classname="src.cucim.skimage._vendored.tests.test_morphology" name="test_grey_axes[grey_opening-structure-constant-1-origin0]" time="0.003" /><testcase classname="src.cucim.skimage._vendored.tests.test_morphology" name="test_grey_axes[grey_opening-structure-constant-1-origin1]" time="0.003" /><testcase classname="src.cucim.skimage._vendored.tests.test_morphology" name="test_grey_axes[grey_opening-structure-constant-2-origin0]" time="0.003" /><testcase classname="src.cucim.skimage._vendored.tests.test_morphology" name="test_grey_axes[grey_opening-structure-constant-2-origin1]" time="0.003" /><testcase classname="src.cucim.skimage._vendored.tests.test_morphology" name="test_grey_axes[grey_closing-size-reflect-0-origin0]" time="0.002" /><testcase classname="src.cucim.skimage._vendored.tests.test_morphology" name="test_grey_axes[grey_closing-size-reflect-0-origin1]" time="0.003" /><testcase classname="src.cucim.skimage._vendored.tests.test_morphology" name="test_grey_axes[grey_closing-size-reflect-1-origin0]" time="0.002" /><testcase classname="src.cucim.skimage._vendored.tests.test_morphology" name="test_grey_axes[grey_closing-size-reflect-1-origin1]" time="0.002" /><testcase classname="src.cucim.skimage._vendored.tests.test_morphology" name="test_grey_axes[grey_closing-size-reflect-2-origin0]" time="0.003" /><testcase classname="src.cucim.skimage._vendored.tests.test_morphology" name="test_grey_axes[grey_closing-size-reflect-2-origin1]" time="0.003" /><testcase classname="src.cucim.skimage._vendored.tests.test_morphology" name="test_grey_axes[grey_closing-size-constant-0-origin0]" time="0.003" /><testcase classname="src.cucim.skimage._vendored.tests.test_morphology" name="test_grey_axes[grey_closing-size-constant-0-origin1]" time="0.002" /><testcase classname="src.cucim.skimage._vendored.tests.test_morphology" name="test_grey_axes[grey_closing-size-constant-1-origin0]" time="0.002" /><testcase classname="src.cucim.skimage._vendored.tests.test_morphology" name="test_grey_axes[grey_closing-size-constant-1-origin1]" time="0.002" /><testcase classname="src.cucim.skimage._vendored.tests.test_morphology" name="test_grey_axes[grey_closing-size-constant-2-origin0]" time="0.002" /><testcase classname="src.cucim.skimage._vendored.tests.test_morphology" name="test_grey_axes[grey_closing-size-constant-2-origin1]" time="0.002" /><testcase classname="src.cucim.skimage._vendored.tests.test_morphology" name="test_grey_axes[grey_closing-footprint-reflect-0-origin0]" time="0.003" /><testcase classname="src.cucim.skimage._vendored.tests.test_morphology" name="test_grey_axes[grey_closing-footprint-reflect-0-origin1]" time="0.003" /><testcase classname="src.cucim.skimage._vendored.tests.test_morphology" name="test_grey_axes[grey_closing-footprint-reflect-1-origin0]" time="0.003" /><testcase classname="src.cucim.skimage._vendored.tests.test_morphology" name="test_grey_axes[grey_closing-footprint-reflect-1-origin1]" time="0.003" /><testcase classname="src.cucim.skimage._vendored.tests.test_morphology" name="test_grey_axes[grey_closing-footprint-reflect-2-origin0]" time="0.003" /><testcase classname="src.cucim.skimage._vendored.tests.test_morphology" name="test_grey_axes[grey_closing-footprint-reflect-2-origin1]" time="0.003" /><testcase classname="src.cucim.skimage._vendored.tests.test_morphology" name="test_grey_axes[grey_closing-footprint-constant-0-origin0]" time="0.003" /><testcase classname="src.cucim.skimage._vendored.tests.test_morphology" name="test_grey_axes[grey_closing-footprint-constant-0-origin1]" time="0.003" /><testcase classname="src.cucim.skimage._vendored.tests.test_morphology" name="test_grey_axes[grey_closing-footprint-constant-1-origin0]" time="0.003" /><testcase classname="src.cucim.skimage._vendored.tests.test_morphology" name="test_grey_axes[grey_closing-footprint-constant-1-origin1]" time="0.003" /><testcase classname="src.cucim.skimage._vendored.tests.test_morphology" name="test_grey_axes[grey_closing-footprint-constant-2-origin0]" time="0.003" /><testcase classname="src.cucim.skimage._vendored.tests.test_morphology" name="test_grey_axes[grey_closing-footprint-constant-2-origin1]" time="0.003" /><testcase classname="src.cucim.skimage._vendored.tests.test_morphology" name="test_grey_axes[grey_closing-structure-reflect-0-origin0]" time="0.003" /><testcase classname="src.cucim.skimage._vendored.tests.test_morphology" name="test_grey_axes[grey_closing-structure-reflect-0-origin1]" time="0.003" /><testcase classname="src.cucim.skimage._vendored.tests.test_morphology" name="test_grey_axes[grey_closing-structure-reflect-1-origin0]" time="0.004" /><testcase classname="src.cucim.skimage._vendored.tests.test_morphology" name="test_grey_axes[grey_closing-structure-reflect-1-origin1]" time="0.003" /><testcase classname="src.cucim.skimage._vendored.tests.test_morphology" name="test_grey_axes[grey_closing-structure-reflect-2-origin0]" time="0.003" /><testcase classname="src.cucim.skimage._vendored.tests.test_morphology" name="test_grey_axes[grey_closing-structure-reflect-2-origin1]" time="0.003" /><testcase classname="src.cucim.skimage._vendored.tests.test_morphology" name="test_grey_axes[grey_closing-structure-constant-0-origin0]" time="0.003" /><testcase classname="src.cucim.skimage._vendored.tests.test_morphology" name="test_grey_axes[grey_closing-structure-constant-0-origin1]" time="0.003" /><testcase classname="src.cucim.skimage._vendored.tests.test_morphology" name="test_grey_axes[grey_closing-structure-constant-1-origin0]" time="0.003" /><testcase classname="src.cucim.skimage._vendored.tests.test_morphology" name="test_grey_axes[grey_closing-structure-constant-1-origin1]" time="0.003" /><testcase classname="src.cucim.skimage._vendored.tests.test_morphology" name="test_grey_axes[grey_closing-structure-constant-2-origin0]" time="0.003" /><testcase classname="src.cucim.skimage._vendored.tests.test_morphology" name="test_grey_axes[grey_closing-structure-constant-2-origin1]" time="0.003" /><testcase classname="src.cucim.skimage._vendored.tests.test_morphology" name="test_grey_axes[morphological_laplace-size-reflect-0-origin0]" time="0.004" /><testcase classname="src.cucim.skimage._vendored.tests.test_morphology" name="test_grey_axes[morphological_laplace-size-reflect-0-origin1]" time="0.002" /><testcase classname="src.cucim.skimage._vendored.tests.test_morphology" name="test_grey_axes[morphological_laplace-size-reflect-1-origin0]" time="0.002" /><testcase classname="src.cucim.skimage._vendored.tests.test_morphology" name="test_grey_axes[morphological_laplace-size-reflect-1-origin1]" time="0.002" /><testcase classname="src.cucim.skimage._vendored.tests.test_morphology" name="test_grey_axes[morphological_laplace-size-reflect-2-origin0]" time="0.002" /><testcase classname="src.cucim.skimage._vendored.tests.test_morphology" name="test_grey_axes[morphological_laplace-size-reflect-2-origin1]" time="0.002" /><testcase classname="src.cucim.skimage._vendored.tests.test_morphology" name="test_grey_axes[morphological_laplace-size-constant-0-origin0]" time="0.003" /><testcase classname="src.cucim.skimage._vendored.tests.test_morphology" name="test_grey_axes[morphological_laplace-size-constant-0-origin1]" time="0.003" /><testcase classname="src.cucim.skimage._vendored.tests.test_morphology" name="test_grey_axes[morphological_laplace-size-constant-1-origin0]" time="0.002" /><testcase classname="src.cucim.skimage._vendored.tests.test_morphology" name="test_grey_axes[morphological_laplace-size-constant-1-origin1]" time="0.002" /><testcase classname="src.cucim.skimage._vendored.tests.test_morphology" name="test_grey_axes[morphological_laplace-size-constant-2-origin0]" time="0.003" /><testcase classname="src.cucim.skimage._vendored.tests.test_morphology" name="test_grey_axes[morphological_laplace-size-constant-2-origin1]" time="0.002" /><testcase classname="src.cucim.skimage._vendored.tests.test_morphology" name="test_grey_axes[morphological_laplace-footprint-reflect-0-origin0]" time="0.003" /><testcase classname="src.cucim.skimage._vendored.tests.test_morphology" name="test_grey_axes[morphological_laplace-footprint-reflect-0-origin1]" time="0.003" /><testcase classname="src.cucim.skimage._vendored.tests.test_morphology" name="test_grey_axes[morphological_laplace-footprint-reflect-1-origin0]" time="0.003" /><testcase classname="src.cucim.skimage._vendored.tests.test_morphology" name="test_grey_axes[morphological_laplace-footprint-reflect-1-origin1]" time="0.003" /><testcase classname="src.cucim.skimage._vendored.tests.test_morphology" name="test_grey_axes[morphological_laplace-footprint-reflect-2-origin0]" time="0.003" /><testcase classname="src.cucim.skimage._vendored.tests.test_morphology" name="test_grey_axes[morphological_laplace-footprint-reflect-2-origin1]" time="0.003" /><testcase classname="src.cucim.skimage._vendored.tests.test_morphology" name="test_grey_axes[morphological_laplace-footprint-constant-0-origin0]" time="0.003" /><testcase classname="src.cucim.skimage._vendored.tests.test_morphology" name="test_grey_axes[morphological_laplace-footprint-constant-0-origin1]" time="0.003" /><testcase classname="src.cucim.skimage._vendored.tests.test_morphology" name="test_grey_axes[morphological_laplace-footprint-constant-1-origin0]" time="0.003" /><testcase classname="src.cucim.skimage._vendored.tests.test_morphology" name="test_grey_axes[morphological_laplace-footprint-constant-1-origin1]" time="0.003" /><testcase classname="src.cucim.skimage._vendored.tests.test_morphology" name="test_grey_axes[morphological_laplace-footprint-constant-2-origin0]" time="0.003" /><testcase classname="src.cucim.skimage._vendored.tests.test_morphology" name="test_grey_axes[morphological_laplace-footprint-constant-2-origin1]" time="0.003" /><testcase classname="src.cucim.skimage._vendored.tests.test_morphology" name="test_grey_axes[morphological_laplace-structure-reflect-0-origin0]" time="0.003" /><testcase classname="src.cucim.skimage._vendored.tests.test_morphology" name="test_grey_axes[morphological_laplace-structure-reflect-0-origin1]" time="0.003" /><testcase classname="src.cucim.skimage._vendored.tests.test_morphology" name="test_grey_axes[morphological_laplace-structure-reflect-1-origin0]" time="0.003" /><testcase classname="src.cucim.skimage._vendored.tests.test_morphology" name="test_grey_axes[morphological_laplace-structure-reflect-1-origin1]" time="0.003" /><testcase classname="src.cucim.skimage._vendored.tests.test_morphology" name="test_grey_axes[morphological_laplace-structure-reflect-2-origin0]" time="0.003" /><testcase classname="src.cucim.skimage._vendored.tests.test_morphology" name="test_grey_axes[morphological_laplace-structure-reflect-2-origin1]" time="0.003" /><testcase classname="src.cucim.skimage._vendored.tests.test_morphology" name="test_grey_axes[morphological_laplace-structure-constant-0-origin0]" time="0.003" /><testcase classname="src.cucim.skimage._vendored.tests.test_morphology" name="test_grey_axes[morphological_laplace-structure-constant-0-origin1]" time="0.003" /><testcase classname="src.cucim.skimage._vendored.tests.test_morphology" name="test_grey_axes[morphological_laplace-structure-constant-1-origin0]" time="0.003" /><testcase classname="src.cucim.skimage._vendored.tests.test_morphology" name="test_grey_axes[morphological_laplace-structure-constant-1-origin1]" time="0.003" /><testcase classname="src.cucim.skimage._vendored.tests.test_morphology" name="test_grey_axes[morphological_laplace-structure-constant-2-origin0]" time="0.003" /><testcase classname="src.cucim.skimage._vendored.tests.test_morphology" name="test_grey_axes[morphological_laplace-structure-constant-2-origin1]" time="0.003" /><testcase classname="src.cucim.skimage._vendored.tests.test_morphology" name="test_grey_axes[morphological_gradient-size-reflect-0-origin0]" time="0.002" /><testcase classname="src.cucim.skimage._vendored.tests.test_morphology" name="test_grey_axes[morphological_gradient-size-reflect-0-origin1]" time="0.002" /><testcase classname="src.cucim.skimage._vendored.tests.test_morphology" name="test_grey_axes[morphological_gradient-size-reflect-1-origin0]" time="0.003" /><testcase classname="src.cucim.skimage._vendored.tests.test_morphology" name="test_grey_axes[morphological_gradient-size-reflect-1-origin1]" time="0.002" /><testcase classname="src.cucim.skimage._vendored.tests.test_morphology" name="test_grey_axes[morphological_gradient-size-reflect-2-origin0]" time="0.002" /><testcase classname="src.cucim.skimage._vendored.tests.test_morphology" name="test_grey_axes[morphological_gradient-size-reflect-2-origin1]" time="0.003" /><testcase classname="src.cucim.skimage._vendored.tests.test_morphology" name="test_grey_axes[morphological_gradient-size-constant-0-origin0]" time="0.003" /><testcase classname="src.cucim.skimage._vendored.tests.test_morphology" name="test_grey_axes[morphological_gradient-size-constant-0-origin1]" time="0.003" /><testcase classname="src.cucim.skimage._vendored.tests.test_morphology" name="test_grey_axes[morphological_gradient-size-constant-1-origin0]" time="0.003" /><testcase classname="src.cucim.skimage._vendored.tests.test_morphology" name="test_grey_axes[morphological_gradient-size-constant-1-origin1]" time="0.003" /><testcase classname="src.cucim.skimage._vendored.tests.test_morphology" name="test_grey_axes[morphological_gradient-size-constant-2-origin0]" time="0.003" /><testcase classname="src.cucim.skimage._vendored.tests.test_morphology" name="test_grey_axes[morphological_gradient-size-constant-2-origin1]" time="0.002" /><testcase classname="src.cucim.skimage._vendored.tests.test_morphology" name="test_grey_axes[morphological_gradient-footprint-reflect-0-origin0]" time="0.003" /><testcase classname="src.cucim.skimage._vendored.tests.test_morphology" name="test_grey_axes[morphological_gradient-footprint-reflect-0-origin1]" time="0.003" /><testcase classname="src.cucim.skimage._vendored.tests.test_morphology" name="test_grey_axes[morphological_gradient-footprint-reflect-1-origin0]" time="0.003" /><testcase classname="src.cucim.skimage._vendored.tests.test_morphology" name="test_grey_axes[morphological_gradient-footprint-reflect-1-origin1]" time="0.003" /><testcase classname="src.cucim.skimage._vendored.tests.test_morphology" name="test_grey_axes[morphological_gradient-footprint-reflect-2-origin0]" time="0.003" /><testcase classname="src.cucim.skimage._vendored.tests.test_morphology" name="test_grey_axes[morphological_gradient-footprint-reflect-2-origin1]" time="0.003" /><testcase classname="src.cucim.skimage._vendored.tests.test_morphology" name="test_grey_axes[morphological_gradient-footprint-constant-0-origin0]" time="0.003" /><testcase classname="src.cucim.skimage._vendored.tests.test_morphology" name="test_grey_axes[morphological_gradient-footprint-constant-0-origin1]" time="0.003" /><testcase classname="src.cucim.skimage._vendored.tests.test_morphology" name="test_grey_axes[morphological_gradient-footprint-constant-1-origin0]" time="0.003" /><testcase classname="src.cucim.skimage._vendored.tests.test_morphology" name="test_grey_axes[morphological_gradient-footprint-constant-1-origin1]" time="0.003" /><testcase classname="src.cucim.skimage._vendored.tests.test_morphology" name="test_grey_axes[morphological_gradient-footprint-constant-2-origin0]" time="0.003" /><testcase classname="src.cucim.skimage._vendored.tests.test_morphology" name="test_grey_axes[morphological_gradient-footprint-constant-2-origin1]" time="0.003" /><testcase classname="src.cucim.skimage._vendored.tests.test_morphology" name="test_grey_axes[morphological_gradient-structure-reflect-0-origin0]" time="0.003" /><testcase classname="src.cucim.skimage._vendored.tests.test_morphology" name="test_grey_axes[morphological_gradient-structure-reflect-0-origin1]" time="0.003" /><testcase classname="src.cucim.skimage._vendored.tests.test_morphology" name="test_grey_axes[morphological_gradient-structure-reflect-1-origin0]" time="0.003" /><testcase classname="src.cucim.skimage._vendored.tests.test_morphology" name="test_grey_axes[morphological_gradient-structure-reflect-1-origin1]" time="0.003" /><testcase classname="src.cucim.skimage._vendored.tests.test_morphology" name="test_grey_axes[morphological_gradient-structure-reflect-2-origin0]" time="0.003" /><testcase classname="src.cucim.skimage._vendored.tests.test_morphology" name="test_grey_axes[morphological_gradient-structure-reflect-2-origin1]" time="0.003" /><testcase classname="src.cucim.skimage._vendored.tests.test_morphology" name="test_grey_axes[morphological_gradient-structure-constant-0-origin0]" time="0.003" /><testcase classname="src.cucim.skimage._vendored.tests.test_morphology" name="test_grey_axes[morphological_gradient-structure-constant-0-origin1]" time="0.003" /><testcase classname="src.cucim.skimage._vendored.tests.test_morphology" name="test_grey_axes[morphological_gradient-structure-constant-1-origin0]" time="0.003" /><testcase classname="src.cucim.skimage._vendored.tests.test_morphology" name="test_grey_axes[morphological_gradient-structure-constant-1-origin1]" time="0.003" /><testcase classname="src.cucim.skimage._vendored.tests.test_morphology" name="test_grey_axes[morphological_gradient-structure-constant-2-origin0]" time="0.002" /><testcase classname="src.cucim.skimage._vendored.tests.test_morphology" name="test_grey_axes[morphological_gradient-structure-constant-2-origin1]" time="0.002" /><testcase classname="src.cucim.skimage._vendored.tests.test_morphology" name="test_grey_axes[white_tophat-size-reflect-0-origin0]" time="0.002" /><testcase classname="src.cucim.skimage._vendored.tests.test_morphology" name="test_grey_axes[white_tophat-size-reflect-0-origin1]" time="0.002" /><testcase classname="src.cucim.skimage._vendored.tests.test_morphology" name="test_grey_axes[white_tophat-size-reflect-1-origin0]" time="0.002" /><testcase classname="src.cucim.skimage._vendored.tests.test_morphology" name="test_grey_axes[white_tophat-size-reflect-1-origin1]" time="0.002" /><testcase classname="src.cucim.skimage._vendored.tests.test_morphology" name="test_grey_axes[white_tophat-size-reflect-2-origin0]" time="0.002" /><testcase classname="src.cucim.skimage._vendored.tests.test_morphology" name="test_grey_axes[white_tophat-size-reflect-2-origin1]" time="0.002" /><testcase classname="src.cucim.skimage._vendored.tests.test_morphology" name="test_grey_axes[white_tophat-size-constant-0-origin0]" time="0.002" /><testcase classname="src.cucim.skimage._vendored.tests.test_morphology" name="test_grey_axes[white_tophat-size-constant-0-origin1]" time="0.002" /><testcase classname="src.cucim.skimage._vendored.tests.test_morphology" name="test_grey_axes[white_tophat-size-constant-1-origin0]" time="0.002" /><testcase classname="src.cucim.skimage._vendored.tests.test_morphology" name="test_grey_axes[white_tophat-size-constant-1-origin1]" time="0.002" /><testcase classname="src.cucim.skimage._vendored.tests.test_morphology" name="test_grey_axes[white_tophat-size-constant-2-origin0]" time="0.002" /><testcase classname="src.cucim.skimage._vendored.tests.test_morphology" name="test_grey_axes[white_tophat-size-constant-2-origin1]" time="0.002" /><testcase classname="src.cucim.skimage._vendored.tests.test_morphology" name="test_grey_axes[white_tophat-footprint-reflect-0-origin0]" time="0.002" /><testcase classname="src.cucim.skimage._vendored.tests.test_morphology" name="test_grey_axes[white_tophat-footprint-reflect-0-origin1]" time="0.002" /><testcase classname="src.cucim.skimage._vendored.tests.test_morphology" name="test_grey_axes[white_tophat-footprint-reflect-1-origin0]" time="0.002" /><testcase classname="src.cucim.skimage._vendored.tests.test_morphology" name="test_grey_axes[white_tophat-footprint-reflect-1-origin1]" time="0.002" /><testcase classname="src.cucim.skimage._vendored.tests.test_morphology" name="test_grey_axes[white_tophat-footprint-reflect-2-origin0]" time="0.002" /><testcase classname="src.cucim.skimage._vendored.tests.test_morphology" name="test_grey_axes[white_tophat-footprint-reflect-2-origin1]" time="0.002" /><testcase classname="src.cucim.skimage._vendored.tests.test_morphology" name="test_grey_axes[white_tophat-footprint-constant-0-origin0]" time="0.002" /><testcase classname="src.cucim.skimage._vendored.tests.test_morphology" name="test_grey_axes[white_tophat-footprint-constant-0-origin1]" time="0.002" /><testcase classname="src.cucim.skimage._vendored.tests.test_morphology" name="test_grey_axes[white_tophat-footprint-constant-1-origin0]" time="0.002" /><testcase classname="src.cucim.skimage._vendored.tests.test_morphology" name="test_grey_axes[white_tophat-footprint-constant-1-origin1]" time="0.002" /><testcase classname="src.cucim.skimage._vendored.tests.test_morphology" name="test_grey_axes[white_tophat-footprint-constant-2-origin0]" time="0.002" /><testcase classname="src.cucim.skimage._vendored.tests.test_morphology" name="test_grey_axes[white_tophat-footprint-constant-2-origin1]" time="0.002" /><testcase classname="src.cucim.skimage._vendored.tests.test_morphology" name="test_grey_axes[white_tophat-structure-reflect-0-origin0]" time="0.002" /><testcase classname="src.cucim.skimage._vendored.tests.test_morphology" name="test_grey_axes[white_tophat-structure-reflect-0-origin1]" time="0.002" /><testcase classname="src.cucim.skimage._vendored.tests.test_morphology" name="test_grey_axes[white_tophat-structure-reflect-1-origin0]" time="0.002" /><testcase classname="src.cucim.skimage._vendored.tests.test_morphology" name="test_grey_axes[white_tophat-structure-reflect-1-origin1]" time="0.002" /><testcase classname="src.cucim.skimage._vendored.tests.test_morphology" name="test_grey_axes[white_tophat-structure-reflect-2-origin0]" time="0.002" /><testcase classname="src.cucim.skimage._vendored.tests.test_morphology" name="test_grey_axes[white_tophat-structure-reflect-2-origin1]" time="0.002" /><testcase classname="src.cucim.skimage._vendored.tests.test_morphology" name="test_grey_axes[white_tophat-structure-constant-0-origin0]" time="0.002" /><testcase classname="src.cucim.skimage._vendored.tests.test_morphology" name="test_grey_axes[white_tophat-structure-constant-0-origin1]" time="0.002" /><testcase classname="src.cucim.skimage._vendored.tests.test_morphology" name="test_grey_axes[white_tophat-structure-constant-1-origin0]" time="0.002" /><testcase classname="src.cucim.skimage._vendored.tests.test_morphology" name="test_grey_axes[white_tophat-structure-constant-1-origin1]" time="0.002" /><testcase classname="src.cucim.skimage._vendored.tests.test_morphology" name="test_grey_axes[white_tophat-structure-constant-2-origin0]" time="0.002" /><testcase classname="src.cucim.skimage._vendored.tests.test_morphology" name="test_grey_axes[white_tophat-structure-constant-2-origin1]" time="0.002" /><testcase classname="src.cucim.skimage._vendored.tests.test_morphology" name="test_grey_axes[black_tophat-size-reflect-0-origin0]" time="0.002" /><testcase classname="src.cucim.skimage._vendored.tests.test_morphology" name="test_grey_axes[black_tophat-size-reflect-0-origin1]" time="0.002" /><testcase classname="src.cucim.skimage._vendored.tests.test_morphology" name="test_grey_axes[black_tophat-size-reflect-1-origin0]" time="0.002" /><testcase classname="src.cucim.skimage._vendored.tests.test_morphology" name="test_grey_axes[black_tophat-size-reflect-1-origin1]" time="0.002" /><testcase classname="src.cucim.skimage._vendored.tests.test_morphology" name="test_grey_axes[black_tophat-size-reflect-2-origin0]" time="0.002" /><testcase classname="src.cucim.skimage._vendored.tests.test_morphology" name="test_grey_axes[black_tophat-size-reflect-2-origin1]" time="0.002" /><testcase classname="src.cucim.skimage._vendored.tests.test_morphology" name="test_grey_axes[black_tophat-size-constant-0-origin0]" time="0.002" /><testcase classname="src.cucim.skimage._vendored.tests.test_morphology" name="test_grey_axes[black_tophat-size-constant-0-origin1]" time="0.002" /><testcase classname="src.cucim.skimage._vendored.tests.test_morphology" name="test_grey_axes[black_tophat-size-constant-1-origin0]" time="0.002" /><testcase classname="src.cucim.skimage._vendored.tests.test_morphology" name="test_grey_axes[black_tophat-size-constant-1-origin1]" time="0.002" /><testcase classname="src.cucim.skimage._vendored.tests.test_morphology" name="test_grey_axes[black_tophat-size-constant-2-origin0]" time="0.002" /><testcase classname="src.cucim.skimage._vendored.tests.test_morphology" name="test_grey_axes[black_tophat-size-constant-2-origin1]" time="0.002" /><testcase classname="src.cucim.skimage._vendored.tests.test_morphology" name="test_grey_axes[black_tophat-footprint-reflect-0-origin0]" time="0.002" /><testcase classname="src.cucim.skimage._vendored.tests.test_morphology" name="test_grey_axes[black_tophat-footprint-reflect-0-origin1]" time="0.002" /><testcase classname="src.cucim.skimage._vendored.tests.test_morphology" name="test_grey_axes[black_tophat-footprint-reflect-1-origin0]" time="0.003" /><testcase classname="src.cucim.skimage._vendored.tests.test_morphology" name="test_grey_axes[black_tophat-footprint-reflect-1-origin1]" time="0.002" /><testcase classname="src.cucim.skimage._vendored.tests.test_morphology" name="test_grey_axes[black_tophat-footprint-reflect-2-origin0]" time="0.002" /><testcase classname="src.cucim.skimage._vendored.tests.test_morphology" name="test_grey_axes[black_tophat-footprint-reflect-2-origin1]" time="0.002" /><testcase classname="src.cucim.skimage._vendored.tests.test_morphology" name="test_grey_axes[black_tophat-footprint-constant-0-origin0]" time="0.002" /><testcase classname="src.cucim.skimage._vendored.tests.test_morphology" name="test_grey_axes[black_tophat-footprint-constant-0-origin1]" time="0.002" /><testcase classname="src.cucim.skimage._vendored.tests.test_morphology" name="test_grey_axes[black_tophat-footprint-constant-1-origin0]" time="0.002" /><testcase classname="src.cucim.skimage._vendored.tests.test_morphology" name="test_grey_axes[black_tophat-footprint-constant-1-origin1]" time="0.002" /><testcase classname="src.cucim.skimage._vendored.tests.test_morphology" name="test_grey_axes[black_tophat-footprint-constant-2-origin0]" time="0.002" /><testcase classname="src.cucim.skimage._vendored.tests.test_morphology" name="test_grey_axes[black_tophat-footprint-constant-2-origin1]" time="0.002" /><testcase classname="src.cucim.skimage._vendored.tests.test_morphology" name="test_grey_axes[black_tophat-structure-reflect-0-origin0]" time="0.002" /><testcase classname="src.cucim.skimage._vendored.tests.test_morphology" name="test_grey_axes[black_tophat-structure-reflect-0-origin1]" time="0.002" /><testcase classname="src.cucim.skimage._vendored.tests.test_morphology" name="test_grey_axes[black_tophat-structure-reflect-1-origin0]" time="0.002" /><testcase classname="src.cucim.skimage._vendored.tests.test_morphology" name="test_grey_axes[black_tophat-structure-reflect-1-origin1]" time="0.002" /><testcase classname="src.cucim.skimage._vendored.tests.test_morphology" name="test_grey_axes[black_tophat-structure-reflect-2-origin0]" time="0.002" /><testcase classname="src.cucim.skimage._vendored.tests.test_morphology" name="test_grey_axes[black_tophat-structure-reflect-2-origin1]" time="0.002" /><testcase classname="src.cucim.skimage._vendored.tests.test_morphology" name="test_grey_axes[black_tophat-structure-constant-0-origin0]" time="0.002" /><testcase classname="src.cucim.skimage._vendored.tests.test_morphology" name="test_grey_axes[black_tophat-structure-constant-0-origin1]" time="0.002" /><testcase classname="src.cucim.skimage._vendored.tests.test_morphology" name="test_grey_axes[black_tophat-structure-constant-1-origin0]" time="0.002" /><testcase classname="src.cucim.skimage._vendored.tests.test_morphology" name="test_grey_axes[black_tophat-structure-constant-1-origin1]" time="0.002" /><testcase classname="src.cucim.skimage._vendored.tests.test_morphology" name="test_grey_axes[black_tophat-structure-constant-2-origin0]" time="0.002" /><testcase classname="src.cucim.skimage._vendored.tests.test_morphology" name="test_grey_axes[black_tophat-structure-constant-2-origin1]" time="0.002" /><testcase classname="src.cucim.skimage.color.tests.test_adapt_rgb" name="test_gray_scale_image" time="0.007" /><testcase classname="src.cucim.skimage.color.tests.test_adapt_rgb" name="test_each_channel" time="0.006" /><testcase classname="src.cucim.skimage.color.tests.test_adapt_rgb" name="test_each_channel_with_filter_argument" time="0.007" /><testcase classname="src.cucim.skimage.color.tests.test_adapt_rgb" name="test_each_channel_with_asymmetric_kernel" time="0.004" /><testcase classname="src.cucim.skimage.color.tests.test_adapt_rgb" name="test_hsv_value" time="0.004" /><testcase classname="src.cucim.skimage.color.tests.test_adapt_rgb" name="test_hsv_value_with_filter_argument" time="0.002" /><testcase classname="src.cucim.skimage.color.tests.test_adapt_rgb" name="test_hsv_value_with_non_float_output" time="0.005" /><testcase classname="src.cucim.skimage.color.tests.test_colorconv.TestColorconv" name="test_rgba2rgb_conversion[0]" time="0.002" /><testcase classname="src.cucim.skimage.color.tests.test_colorconv.TestColorconv" name="test_rgba2rgb_conversion[1]" time="0.001" /><testcase classname="src.cucim.skimage.color.tests.test_colorconv.TestColorconv" name="test_rgba2rgb_conversion[2]" time="0.001" /><testcase classname="src.cucim.skimage.color.tests.test_colorconv.TestColorconv" name="test_rgba2rgb_conversion[-1]" time="0.001" /><testcase classname="src.cucim.skimage.color.tests.test_colorconv.TestColorconv" name="test_rgba2rgb_conversion[-2]" time="0.001" /><testcase classname="src.cucim.skimage.color.tests.test_colorconv.TestColorconv" name="test_rgba2rgb_conversion[-3]" time="0.001" /><testcase classname="src.cucim.skimage.color.tests.test_colorconv.TestColorconv" name="test_rgba2rgb_error_grayscale" time="0.000" /><testcase classname="src.cucim.skimage.color.tests.test_colorconv.TestColorconv" name="test_rgba2rgb_error_channel_axis_invalid[None]" time="0.000" /><testcase classname="src.cucim.skimage.color.tests.test_colorconv.TestColorconv" name="test_rgba2rgb_error_channel_axis_invalid[1.5]" time="0.000" /><testcase classname="src.cucim.skimage.color.tests.test_colorconv.TestColorconv" name="test_rgba2rgb_error_channel_axis_out_of_range[-4]" time="0.000" /><testcase classname="src.cucim.skimage.color.tests.test_colorconv.TestColorconv" name="test_rgba2rgb_error_channel_axis_out_of_range[3]" time="0.000" /><testcase classname="src.cucim.skimage.color.tests.test_colorconv.TestColorconv" name="test_rgba2rgb_error_rgb" time="0.000" /><testcase classname="src.cucim.skimage.color.tests.test_colorconv.TestColorconv" name="test_rgba2rgb_dtype" time="0.001" /><testcase classname="src.cucim.skimage.color.tests.test_colorconv.TestColorconv" name="test_rgb2hsv_conversion[0]" time="0.002" /><testcase classname="src.cucim.skimage.color.tests.test_colorconv.TestColorconv" name="test_rgb2hsv_conversion[1]" time="0.002" /><testcase classname="src.cucim.skimage.color.tests.test_colorconv.TestColorconv" name="test_rgb2hsv_conversion[-1]" time="0.002" /><testcase classname="src.cucim.skimage.color.tests.test_colorconv.TestColorconv" name="test_rgb2hsv_conversion[-2]" time="0.002" /><testcase classname="src.cucim.skimage.color.tests.test_colorconv.TestColorconv" name="test_rgb2hsv_error_grayscale" time="0.000" /><testcase classname="src.cucim.skimage.color.tests.test_colorconv.TestColorconv" name="test_rgb2hsv_dtype" time="0.001" /><testcase classname="src.cucim.skimage.color.tests.test_colorconv.TestColorconv" name="test_hsv2rgb_conversion[0]" time="0.003" /><testcase classname="src.cucim.skimage.color.tests.test_colorconv.TestColorconv" name="test_hsv2rgb_conversion[1]" time="0.003" /><testcase classname="src.cucim.skimage.color.tests.test_colorconv.TestColorconv" name="test_hsv2rgb_conversion[-1]" time="0.002" /><testcase classname="src.cucim.skimage.color.tests.test_colorconv.TestColorconv" name="test_hsv2rgb_conversion[-2]" time="0.002" /><testcase classname="src.cucim.skimage.color.tests.test_colorconv.TestColorconv" name="test_hsv2rgb_error_grayscale" time="0.000" /><testcase classname="src.cucim.skimage.color.tests.test_colorconv.TestColorconv" name="test_hsv2rgb_dtype" time="0.002" /><testcase classname="src.cucim.skimage.color.tests.test_colorconv.TestColorconv" name="test_rgb2xyz_conversion[0]" time="0.002" /><testcase classname="src.cucim.skimage.color.tests.test_colorconv.TestColorconv" name="test_rgb2xyz_conversion[1]" time="0.001" /><testcase classname="src.cucim.skimage.color.tests.test_colorconv.TestColorconv" name="test_rgb2xyz_conversion[-1]" time="0.001" /><testcase classname="src.cucim.skimage.color.tests.test_colorconv.TestColorconv" name="test_rgb2xyz_conversion[-2]" time="0.001" /><testcase classname="src.cucim.skimage.color.tests.test_colorconv.TestColorconv" name="test_rgb2xyz_error_grayscale" time="0.000" /><testcase classname="src.cucim.skimage.color.tests.test_colorconv.TestColorconv" name="test_rgb2xyz_dtype" time="0.002" /><testcase classname="src.cucim.skimage.color.tests.test_colorconv.TestColorconv" name="test_xyz2rgb_conversion" time="0.001" /><testcase classname="src.cucim.skimage.color.tests.test_colorconv.TestColorconv" name="test_xyz2rgb_dtype" time="0.001" /><testcase classname="src.cucim.skimage.color.tests.test_colorconv.TestColorconv" name="test_xyz_rgb_roundtrip[0]" time="0.009" /><testcase classname="src.cucim.skimage.color.tests.test_colorconv.TestColorconv" name="test_xyz_rgb_roundtrip[1]" time="0.004" /><testcase classname="src.cucim.skimage.color.tests.test_colorconv.TestColorconv" name="test_xyz_rgb_roundtrip[-1]" time="0.004" /><testcase classname="src.cucim.skimage.color.tests.test_colorconv.TestColorconv" name="test_xyz_rgb_roundtrip[-2]" time="0.004" /><testcase classname="src.cucim.skimage.color.tests.test_colorconv.TestColorconv" name="test_hed_rgb_roundtrip" time="0.004" /><testcase classname="src.cucim.skimage.color.tests.test_colorconv.TestColorconv" name="test_hed_rgb_float_roundtrip[0]" time="0.004" /><testcase classname="src.cucim.skimage.color.tests.test_colorconv.TestColorconv" name="test_hed_rgb_float_roundtrip[1]" time="0.004" /><testcase classname="src.cucim.skimage.color.tests.test_colorconv.TestColorconv" name="test_hed_rgb_float_roundtrip[-1]" time="0.004" /><testcase classname="src.cucim.skimage.color.tests.test_colorconv.TestColorconv" name="test_hed_rgb_float_roundtrip[-2]" time="0.004" /><testcase classname="src.cucim.skimage.color.tests.test_colorconv.TestColorconv" name="test_bro_rgb_roundtrip" time="0.005" /><testcase classname="src.cucim.skimage.color.tests.test_colorconv.TestColorconv" name="test_bro_rgb_roundtrip_float[0]" time="0.004" /><testcase classname="src.cucim.skimage.color.tests.test_colorconv.TestColorconv" name="test_bro_rgb_roundtrip_float[1]" time="0.004" /><testcase classname="src.cucim.skimage.color.tests.test_colorconv.TestColorconv" name="test_bro_rgb_roundtrip_float[-1]" time="0.003" /><testcase classname="src.cucim.skimage.color.tests.test_colorconv.TestColorconv" name="test_rgb2rgbcie_conversion[0]" time="0.001" /><testcase classname="src.cucim.skimage.color.tests.test_colorconv.TestColorconv" name="test_rgb2rgbcie_conversion[1]" time="0.001" /><testcase classname="src.cucim.skimage.color.tests.test_colorconv.TestColorconv" name="test_rgb2rgbcie_conversion[-1]" time="0.001" /><testcase classname="src.cucim.skimage.color.tests.test_colorconv.TestColorconv" name="test_rgb2rgbcie_conversion[-2]" time="0.001" /><testcase classname="src.cucim.skimage.color.tests.test_colorconv.TestColorconv" name="test_rgb2rgbcie_dtype" time="0.002" /><testcase classname="src.cucim.skimage.color.tests.test_colorconv.TestColorconv" name="test_rgbcie2rgb_conversion[0]" time="0.002" /><testcase classname="src.cucim.skimage.color.tests.test_colorconv.TestColorconv" name="test_rgbcie2rgb_conversion[1]" time="0.001" /><testcase classname="src.cucim.skimage.color.tests.test_colorconv.TestColorconv" name="test_rgbcie2rgb_conversion[-1]" time="0.001" /><testcase classname="src.cucim.skimage.color.tests.test_colorconv.TestColorconv" name="test_rgbcie2rgb_conversion[-2]" time="0.001" /><testcase classname="src.cucim.skimage.color.tests.test_colorconv.TestColorconv" name="test_rgbcie2rgb_dtype" time="0.001" /><testcase classname="src.cucim.skimage.color.tests.test_colorconv.TestColorconv" name="test_convert_colorspace[0]" time="0.008" /><testcase classname="src.cucim.skimage.color.tests.test_colorconv.TestColorconv" name="test_convert_colorspace[-1]" time="0.003" /><testcase classname="src.cucim.skimage.color.tests.test_colorconv.TestColorconv" name="test_rgb2gray[0]" time="0.001" /><testcase classname="src.cucim.skimage.color.tests.test_colorconv.TestColorconv" name="test_rgb2gray[1]" time="0.001" /><testcase classname="src.cucim.skimage.color.tests.test_colorconv.TestColorconv" name="test_rgb2gray[-1]" time="0.001" /><testcase classname="src.cucim.skimage.color.tests.test_colorconv.TestColorconv" name="test_rgb2gray[-2]" time="0.001" /><testcase classname="src.cucim.skimage.color.tests.test_colorconv.TestColorconv" name="test_rgb2gray_contiguous" time="0.001" /><testcase classname="src.cucim.skimage.color.tests.test_colorconv.TestColorconv" name="test_rgb2gray_alpha" time="0.000" /><testcase classname="src.cucim.skimage.color.tests.test_colorconv.TestColorconv" name="test_rgb2gray_on_gray" time="0.000" /><testcase classname="src.cucim.skimage.color.tests.test_colorconv.TestColorconv" name="test_rgb2gray_dtype" time="0.001" /><testcase classname="src.cucim.skimage.color.tests.test_colorconv.TestColorconv" name="test_xyz2lab" time="0.017" /><testcase classname="src.cucim.skimage.color.tests.test_colorconv.TestColorconv" name="test_xyz2lab_channel_axis[0]" time="0.001" /><testcase classname="src.cucim.skimage.color.tests.test_colorconv.TestColorconv" name="test_xyz2lab_channel_axis[1]" time="0.001" /><testcase classname="src.cucim.skimage.color.tests.test_colorconv.TestColorconv" name="test_xyz2lab_channel_axis[-1]" time="0.001" /><testcase classname="src.cucim.skimage.color.tests.test_colorconv.TestColorconv" name="test_xyz2lab_channel_axis[-2]" time="0.001" /><testcase classname="src.cucim.skimage.color.tests.test_colorconv.TestColorconv" name="test_xyz2lab_dtype" time="0.001" /><testcase classname="src.cucim.skimage.color.tests.test_colorconv.TestColorconv" name="test_lab2xyz" time="0.024" /><testcase classname="src.cucim.skimage.color.tests.test_colorconv.TestColorconv" name="test_lab2xyz_channel_axis[0]" time="0.001" /><testcase classname="src.cucim.skimage.color.tests.test_colorconv.TestColorconv" name="test_lab2xyz_channel_axis[1]" time="0.001" /><testcase classname="src.cucim.skimage.color.tests.test_colorconv.TestColorconv" name="test_lab2xyz_channel_axis[-1]" time="0.001" /><testcase classname="src.cucim.skimage.color.tests.test_colorconv.TestColorconv" name="test_lab2xyz_channel_axis[-2]" time="0.001" /><testcase classname="src.cucim.skimage.color.tests.test_colorconv.TestColorconv" name="test_lab2xyz_dtype" time="0.001" /><testcase classname="src.cucim.skimage.color.tests.test_colorconv.TestColorconv" name="test_rgb2lab_brucelindbloom" time="0.001" /><testcase classname="src.cucim.skimage.color.tests.test_colorconv.TestColorconv" name="test_lab_rgb_roundtrip[0]" time="0.014" /><testcase classname="src.cucim.skimage.color.tests.test_colorconv.TestColorconv" name="test_lab_rgb_roundtrip[1]" time="0.005" /><testcase classname="src.cucim.skimage.color.tests.test_colorconv.TestColorconv" name="test_lab_rgb_roundtrip[-1]" time="0.005" /><testcase classname="src.cucim.skimage.color.tests.test_colorconv.TestColorconv" name="test_lab_rgb_roundtrip[-2]" time="0.004" /><testcase classname="src.cucim.skimage.color.tests.test_colorconv.TestColorconv" name="test_rgb2lab_dtype" time="0.001" /><testcase classname="src.cucim.skimage.color.tests.test_colorconv.TestColorconv" name="test_lab2rgb_dtype" time="0.001" /><testcase classname="src.cucim.skimage.color.tests.test_colorconv.TestColorconv" name="test_xyz2luv" time="0.104" /><testcase classname="src.cucim.skimage.color.tests.test_colorconv.TestColorconv" name="test_xyz2luv_channel_axis[0]" time="0.001" /><testcase classname="src.cucim.skimage.color.tests.test_colorconv.TestColorconv" name="test_xyz2luv_channel_axis[1]" time="0.001" /><testcase classname="src.cucim.skimage.color.tests.test_colorconv.TestColorconv" name="test_xyz2luv_channel_axis[-1]" time="0.001" /><testcase classname="src.cucim.skimage.color.tests.test_colorconv.TestColorconv" name="test_xyz2luv_channel_axis[-2]" time="0.001" /><testcase classname="src.cucim.skimage.color.tests.test_colorconv.TestColorconv" name="test_xyz2luv_dtype" time="0.001" /><testcase classname="src.cucim.skimage.color.tests.test_colorconv.TestColorconv" name="test_luv2xyz" time="0.017" /><testcase classname="src.cucim.skimage.color.tests.test_colorconv.TestColorconv" name="test_luv2xyz_channel_axis[0]" time="0.001" /><testcase classname="src.cucim.skimage.color.tests.test_colorconv.TestColorconv" name="test_luv2xyz_channel_axis[1]" time="0.001" /><testcase classname="src.cucim.skimage.color.tests.test_colorconv.TestColorconv" name="test_luv2xyz_channel_axis[-1]" time="0.001" /><testcase classname="src.cucim.skimage.color.tests.test_colorconv.TestColorconv" name="test_luv2xyz_channel_axis[-2]" time="0.001" /><testcase classname="src.cucim.skimage.color.tests.test_colorconv.TestColorconv" name="test_luv2xyz_dtype" time="0.001" /><testcase classname="src.cucim.skimage.color.tests.test_colorconv.TestColorconv" name="test_rgb2luv_brucelindbloom" time="0.001" /><testcase classname="src.cucim.skimage.color.tests.test_colorconv.TestColorconv" name="test_rgb2luv_dtype" time="0.001" /><testcase classname="src.cucim.skimage.color.tests.test_colorconv.TestColorconv" name="test_luv2rgb_dtype" time="0.001" /><testcase classname="src.cucim.skimage.color.tests.test_colorconv.TestColorconv" name="test_luv_rgb_roundtrip[0]" time="0.006" /><testcase classname="src.cucim.skimage.color.tests.test_colorconv.TestColorconv" name="test_luv_rgb_roundtrip[1]" time="0.005" /><testcase classname="src.cucim.skimage.color.tests.test_colorconv.TestColorconv" name="test_luv_rgb_roundtrip[-1]" time="0.005" /><testcase classname="src.cucim.skimage.color.tests.test_colorconv.TestColorconv" name="test_luv_rgb_roundtrip[-2]" time="0.005" /><testcase classname="src.cucim.skimage.color.tests.test_colorconv.TestColorconv" name="test_lab_rgb_outlier" time="0.001" /><testcase classname="src.cucim.skimage.color.tests.test_colorconv.TestColorconv" name="test_lab_full_gamut" time="0.006" /><testcase classname="src.cucim.skimage.color.tests.test_colorconv.TestColorconv" name="test_lab_lch_roundtrip[0]" time="0.006" /><testcase classname="src.cucim.skimage.color.tests.test_colorconv.TestColorconv" name="test_lab_lch_roundtrip[1]" time="0.005" /><testcase classname="src.cucim.skimage.color.tests.test_colorconv.TestColorconv" name="test_lab_lch_roundtrip[-1]" time="0.005" /><testcase classname="src.cucim.skimage.color.tests.test_colorconv.TestColorconv" name="test_lab_lch_roundtrip[-2]" time="0.005" /><testcase classname="src.cucim.skimage.color.tests.test_colorconv.TestColorconv" name="test_rgb_lch_roundtrip" time="0.004" /><testcase classname="src.cucim.skimage.color.tests.test_colorconv.TestColorconv" name="test_lab_lch_0d" time="0.002" /><testcase classname="src.cucim.skimage.color.tests.test_colorconv.TestColorconv" name="test_lab_lch_1d" time="0.001" /><testcase classname="src.cucim.skimage.color.tests.test_colorconv.TestColorconv" name="test_lab_lch_3d" time="0.002" /><testcase classname="src.cucim.skimage.color.tests.test_colorconv.TestColorconv" name="test_yuv" time="0.004" /><testcase classname="src.cucim.skimage.color.tests.test_colorconv.TestColorconv" name="test_yuv_roundtrip[0]" time="0.008" /><testcase classname="src.cucim.skimage.color.tests.test_colorconv.TestColorconv" name="test_yuv_roundtrip[1]" time="0.002" /><testcase classname="src.cucim.skimage.color.tests.test_colorconv.TestColorconv" name="test_yuv_roundtrip[-1]" time="0.002" /><testcase classname="src.cucim.skimage.color.tests.test_colorconv.TestColorconv" name="test_yuv_roundtrip[-2]" time="0.002" /><testcase classname="src.cucim.skimage.color.tests.test_colorconv.TestColorconv" name="test_rgb2yuv_dtype" time="0.001" /><testcase classname="src.cucim.skimage.color.tests.test_colorconv.TestColorconv" name="test_yuv2rgb_dtype" time="0.001" /><testcase classname="src.cucim.skimage.color.tests.test_colorconv.TestColorconv" name="test_rgb2yiq_conversion" time="0.002" /><testcase classname="src.cucim.skimage.color.tests.test_colorconv.TestColorconv" name="test_warning_stacklevel[lab2rgb]" time="0.002" /><testcase classname="src.cucim.skimage.color.tests.test_colorconv.TestColorconv" name="test_warning_stacklevel[lab2xyz]" time="0.002" /><testcase classname="src.cucim.skimage.color.tests.test_colorconv" name="test_gray2rgb" time="0.002" /><testcase classname="src.cucim.skimage.color.tests.test_colorconv" name="test_gray2rgb_rgb" time="0.002" /><testcase classname="src.cucim.skimage.color.tests.test_colorconv" name="test_gray2rgba[0-shape0]" time="0.002" /><testcase classname="src.cucim.skimage.color.tests.test_colorconv" name="test_gray2rgba[0-shape1]" time="0.001" /><testcase classname="src.cucim.skimage.color.tests.test_colorconv" name="test_gray2rgba[0-shape2]" time="0.001" /><testcase classname="src.cucim.skimage.color.tests.test_colorconv" name="test_gray2rgba[1-shape0]" time="0.001" /><testcase classname="src.cucim.skimage.color.tests.test_colorconv" name="test_gray2rgba[1-shape1]" time="0.001" /><testcase classname="src.cucim.skimage.color.tests.test_colorconv" name="test_gray2rgba[1-shape2]" time="0.001" /><testcase classname="src.cucim.skimage.color.tests.test_colorconv" name="test_gray2rgba[-1-shape0]" time="0.001" /><testcase classname="src.cucim.skimage.color.tests.test_colorconv" name="test_gray2rgba[-1-shape1]" time="0.001" /><testcase classname="src.cucim.skimage.color.tests.test_colorconv" name="test_gray2rgba[-1-shape2]" time="0.001" /><testcase classname="src.cucim.skimage.color.tests.test_colorconv" name="test_gray2rgba[-2-shape0]" time="0.001" /><testcase classname="src.cucim.skimage.color.tests.test_colorconv" name="test_gray2rgba[-2-shape1]" time="0.001" /><testcase classname="src.cucim.skimage.color.tests.test_colorconv" name="test_gray2rgba[-2-shape2]" time="0.001" /><testcase classname="src.cucim.skimage.color.tests.test_colorconv" name="test_gray2rgb_channel_axis[0-shape0]" time="0.001" /><testcase classname="src.cucim.skimage.color.tests.test_colorconv" name="test_gray2rgb_channel_axis[0-shape1]" time="0.001" /><testcase classname="src.cucim.skimage.color.tests.test_colorconv" name="test_gray2rgb_channel_axis[0-shape2]" time="0.001" /><testcase classname="src.cucim.skimage.color.tests.test_colorconv" name="test_gray2rgb_channel_axis[1-shape0]" time="0.001" /><testcase classname="src.cucim.skimage.color.tests.test_colorconv" name="test_gray2rgb_channel_axis[1-shape1]" time="0.001" /><testcase classname="src.cucim.skimage.color.tests.test_colorconv" name="test_gray2rgb_channel_axis[1-shape2]" time="0.001" /><testcase classname="src.cucim.skimage.color.tests.test_colorconv" name="test_gray2rgb_channel_axis[-1-shape0]" time="0.001" /><testcase classname="src.cucim.skimage.color.tests.test_colorconv" name="test_gray2rgb_channel_axis[-1-shape1]" time="0.001" /><testcase classname="src.cucim.skimage.color.tests.test_colorconv" name="test_gray2rgb_channel_axis[-1-shape2]" time="0.001" /><testcase classname="src.cucim.skimage.color.tests.test_colorconv" name="test_gray2rgb_channel_axis[-2-shape0]" time="0.001" /><testcase classname="src.cucim.skimage.color.tests.test_colorconv" name="test_gray2rgb_channel_axis[-2-shape1]" time="0.001" /><testcase classname="src.cucim.skimage.color.tests.test_colorconv" name="test_gray2rgb_channel_axis[-2-shape2]" time="0.001" /><testcase classname="src.cucim.skimage.color.tests.test_colorconv" name="test_gray2rgba_dtype" time="0.003" /><testcase classname="src.cucim.skimage.color.tests.test_colorconv" name="test_gray2rgba_alpha" time="0.011" /><testcase classname="src.cucim.skimage.color.tests.test_colorconv" name="test_gray2rgba_alpha_fail_cast[-1-uint8]" time="0.002" /><testcase classname="src.cucim.skimage.color.tests.test_colorconv" name="test_gray2rgba_alpha_fail_cast[300-int8]" time="0.002" /><testcase classname="src.cucim.skimage.color.tests.test_colorconv" name="test_gray2rgba_alpha_fail_cast[0.5-int]" time="0.001" /><testcase classname="src.cucim.skimage.color.tests.test_colorconv" name="test_gray2rgba_alpha_fail_cast[0.5-uint8]" time="0.001" /><testcase classname="src.cucim.skimage.color.tests.test_colorconv" name="test_gray2rgba_alpha_fail_cast[1.7976931348623157e+308-float32]" time="0.002" /><testcase classname="src.cucim.skimage.color.tests.test_colorconv" name="test_nD_gray_conversion[shape0-rgb2gray]" time="0.001" /><testcase classname="src.cucim.skimage.color.tests.test_colorconv" name="test_nD_gray_conversion[shape0-gray2rgb]" time="0.001" /><testcase classname="src.cucim.skimage.color.tests.test_colorconv" name="test_nD_gray_conversion[shape0-gray2rgba]" time="0.001" /><testcase classname="src.cucim.skimage.color.tests.test_colorconv" name="test_nD_gray_conversion[shape1-rgb2gray]" time="0.001" /><testcase classname="src.cucim.skimage.color.tests.test_colorconv" name="test_nD_gray_conversion[shape1-gray2rgb]" time="0.001" /><testcase classname="src.cucim.skimage.color.tests.test_colorconv" name="test_nD_gray_conversion[shape1-gray2rgba]" time="0.001" /><testcase classname="src.cucim.skimage.color.tests.test_colorconv" name="test_nD_gray_conversion[shape2-rgb2gray]" time="0.001" /><testcase classname="src.cucim.skimage.color.tests.test_colorconv" name="test_nD_gray_conversion[shape2-gray2rgb]" time="0.001" /><testcase classname="src.cucim.skimage.color.tests.test_colorconv" name="test_nD_gray_conversion[shape2-gray2rgba]" time="0.001" /><testcase classname="src.cucim.skimage.color.tests.test_colorconv" name="test_nD_gray_conversion[shape3-rgb2gray]" time="0.001" /><testcase classname="src.cucim.skimage.color.tests.test_colorconv" name="test_nD_gray_conversion[shape3-gray2rgb]" time="0.001" /><testcase classname="src.cucim.skimage.color.tests.test_colorconv" name="test_nD_gray_conversion[shape3-gray2rgba]" time="0.001" /><testcase classname="src.cucim.skimage.color.tests.test_colorconv" name="test_nD_gray_conversion[shape4-rgb2gray]" time="0.001" /><testcase classname="src.cucim.skimage.color.tests.test_colorconv" name="test_nD_gray_conversion[shape4-gray2rgb]" time="0.001" /><testcase classname="src.cucim.skimage.color.tests.test_colorconv" name="test_nD_gray_conversion[shape4-gray2rgba]" time="0.001" /><testcase classname="src.cucim.skimage.color.tests.test_colorconv" name="test_nD_color_conversion[shape0-rgb2hsv]" time="0.001" /><testcase classname="src.cucim.skimage.color.tests.test_colorconv" name="test_nD_color_conversion[shape0-hsv2rgb]" time="0.001" /><testcase classname="src.cucim.skimage.color.tests.test_colorconv" name="test_nD_color_conversion[shape0-rgb2xyz]" time="0.001" /><testcase classname="src.cucim.skimage.color.tests.test_colorconv" name="test_nD_color_conversion[shape0-xyz2rgb]" time="0.001" /><testcase classname="src.cucim.skimage.color.tests.test_colorconv" name="test_nD_color_conversion[shape0-rgb2hed]" time="0.002" /><testcase classname="src.cucim.skimage.color.tests.test_colorconv" name="test_nD_color_conversion[shape0-hed2rgb]" time="0.001" /><testcase classname="src.cucim.skimage.color.tests.test_colorconv" name="test_nD_color_conversion[shape0-rgb2rgbcie]" time="0.001" /><testcase classname="src.cucim.skimage.color.tests.test_colorconv" name="test_nD_color_conversion[shape0-rgbcie2rgb]" time="0.001" /><testcase classname="src.cucim.skimage.color.tests.test_colorconv" name="test_nD_color_conversion[shape0-xyz2lab]" time="0.001" /><testcase classname="src.cucim.skimage.color.tests.test_colorconv" name="test_nD_color_conversion[shape0-lab2xyz]" time="0.002" /><testcase classname="src.cucim.skimage.color.tests.test_colorconv" name="test_nD_color_conversion[shape0-lab2rgb]" time="0.001" /><testcase classname="src.cucim.skimage.color.tests.test_colorconv" name="test_nD_color_conversion[shape0-rgb2lab]" time="0.001" /><testcase classname="src.cucim.skimage.color.tests.test_colorconv" name="test_nD_color_conversion[shape0-xyz2luv]" time="0.001" /><testcase classname="src.cucim.skimage.color.tests.test_colorconv" name="test_nD_color_conversion[shape0-luv2xyz]" time="0.001" /><testcase classname="src.cucim.skimage.color.tests.test_colorconv" name="test_nD_color_conversion[shape0-luv2rgb]" time="0.001" /><testcase classname="src.cucim.skimage.color.tests.test_colorconv" name="test_nD_color_conversion[shape0-rgb2luv]" time="0.001" /><testcase classname="src.cucim.skimage.color.tests.test_colorconv" name="test_nD_color_conversion[shape0-lab2lch]" time="0.001" /><testcase classname="src.cucim.skimage.color.tests.test_colorconv" name="test_nD_color_conversion[shape0-lch2lab]" time="0.001" /><testcase classname="src.cucim.skimage.color.tests.test_colorconv" name="test_nD_color_conversion[shape0-rgb2yuv]" time="0.001" /><testcase classname="src.cucim.skimage.color.tests.test_colorconv" name="test_nD_color_conversion[shape0-yuv2rgb]" time="0.001" /><testcase classname="src.cucim.skimage.color.tests.test_colorconv" name="test_nD_color_conversion[shape0-rgb2yiq]" time="0.001" /><testcase classname="src.cucim.skimage.color.tests.test_colorconv" name="test_nD_color_conversion[shape0-yiq2rgb]" time="0.001" /><testcase classname="src.cucim.skimage.color.tests.test_colorconv" name="test_nD_color_conversion[shape0-rgb2ypbpr]" time="0.001" /><testcase classname="src.cucim.skimage.color.tests.test_colorconv" name="test_nD_color_conversion[shape0-ypbpr2rgb]" time="0.001" /><testcase classname="src.cucim.skimage.color.tests.test_colorconv" name="test_nD_color_conversion[shape0-rgb2ycbcr]" time="0.001" /><testcase classname="src.cucim.skimage.color.tests.test_colorconv" name="test_nD_color_conversion[shape0-ycbcr2rgb]" time="0.001" /><testcase classname="src.cucim.skimage.color.tests.test_colorconv" name="test_nD_color_conversion[shape0-rgb2ydbdr]" time="0.001" /><testcase classname="src.cucim.skimage.color.tests.test_colorconv" name="test_nD_color_conversion[shape0-ydbdr2rgb]" time="0.001" /><testcase classname="src.cucim.skimage.color.tests.test_colorconv" name="test_nD_color_conversion[shape1-rgb2hsv]" time="0.001" /><testcase classname="src.cucim.skimage.color.tests.test_colorconv" name="test_nD_color_conversion[shape1-hsv2rgb]" time="0.001" /><testcase classname="src.cucim.skimage.color.tests.test_colorconv" name="test_nD_color_conversion[shape1-rgb2xyz]" time="0.001" /><testcase classname="src.cucim.skimage.color.tests.test_colorconv" name="test_nD_color_conversion[shape1-xyz2rgb]" time="0.001" /><testcase classname="src.cucim.skimage.color.tests.test_colorconv" name="test_nD_color_conversion[shape1-rgb2hed]" time="0.001" /><testcase classname="src.cucim.skimage.color.tests.test_colorconv" name="test_nD_color_conversion[shape1-hed2rgb]" time="0.001" /><testcase classname="src.cucim.skimage.color.tests.test_colorconv" name="test_nD_color_conversion[shape1-rgb2rgbcie]" time="0.001" /><testcase classname="src.cucim.skimage.color.tests.test_colorconv" name="test_nD_color_conversion[shape1-rgbcie2rgb]" time="0.001" /><testcase classname="src.cucim.skimage.color.tests.test_colorconv" name="test_nD_color_conversion[shape1-xyz2lab]" time="0.001" /><testcase classname="src.cucim.skimage.color.tests.test_colorconv" name="test_nD_color_conversion[shape1-lab2xyz]" time="0.003" /><testcase classname="src.cucim.skimage.color.tests.test_colorconv" name="test_nD_color_conversion[shape1-lab2rgb]" time="0.001" /><testcase classname="src.cucim.skimage.color.tests.test_colorconv" name="test_nD_color_conversion[shape1-rgb2lab]" time="0.001" /><testcase classname="src.cucim.skimage.color.tests.test_colorconv" name="test_nD_color_conversion[shape1-xyz2luv]" time="0.001" /><testcase classname="src.cucim.skimage.color.tests.test_colorconv" name="test_nD_color_conversion[shape1-luv2xyz]" time="0.001" /><testcase classname="src.cucim.skimage.color.tests.test_colorconv" name="test_nD_color_conversion[shape1-luv2rgb]" time="0.001" /><testcase classname="src.cucim.skimage.color.tests.test_colorconv" name="test_nD_color_conversion[shape1-rgb2luv]" time="0.001" /><testcase classname="src.cucim.skimage.color.tests.test_colorconv" name="test_nD_color_conversion[shape1-lab2lch]" time="0.001" /><testcase classname="src.cucim.skimage.color.tests.test_colorconv" name="test_nD_color_conversion[shape1-lch2lab]" time="0.001" /><testcase classname="src.cucim.skimage.color.tests.test_colorconv" name="test_nD_color_conversion[shape1-rgb2yuv]" time="0.001" /><testcase classname="src.cucim.skimage.color.tests.test_colorconv" name="test_nD_color_conversion[shape1-yuv2rgb]" time="0.001" /><testcase classname="src.cucim.skimage.color.tests.test_colorconv" name="test_nD_color_conversion[shape1-rgb2yiq]" time="0.001" /><testcase classname="src.cucim.skimage.color.tests.test_colorconv" name="test_nD_color_conversion[shape1-yiq2rgb]" time="0.001" /><testcase classname="src.cucim.skimage.color.tests.test_colorconv" name="test_nD_color_conversion[shape1-rgb2ypbpr]" time="0.001" /><testcase classname="src.cucim.skimage.color.tests.test_colorconv" name="test_nD_color_conversion[shape1-ypbpr2rgb]" time="0.001" /><testcase classname="src.cucim.skimage.color.tests.test_colorconv" name="test_nD_color_conversion[shape1-rgb2ycbcr]" time="0.001" /><testcase classname="src.cucim.skimage.color.tests.test_colorconv" name="test_nD_color_conversion[shape1-ycbcr2rgb]" time="0.001" /><testcase classname="src.cucim.skimage.color.tests.test_colorconv" name="test_nD_color_conversion[shape1-rgb2ydbdr]" time="0.001" /><testcase classname="src.cucim.skimage.color.tests.test_colorconv" name="test_nD_color_conversion[shape1-ydbdr2rgb]" time="0.001" /><testcase classname="src.cucim.skimage.color.tests.test_colorconv" name="test_nD_color_conversion[shape2-rgb2hsv]" time="0.001" /><testcase classname="src.cucim.skimage.color.tests.test_colorconv" name="test_nD_color_conversion[shape2-hsv2rgb]" time="0.001" /><testcase classname="src.cucim.skimage.color.tests.test_colorconv" name="test_nD_color_conversion[shape2-rgb2xyz]" time="0.001" /><testcase classname="src.cucim.skimage.color.tests.test_colorconv" name="test_nD_color_conversion[shape2-xyz2rgb]" time="0.001" /><testcase classname="src.cucim.skimage.color.tests.test_colorconv" name="test_nD_color_conversion[shape2-rgb2hed]" time="0.001" /><testcase classname="src.cucim.skimage.color.tests.test_colorconv" name="test_nD_color_conversion[shape2-hed2rgb]" time="0.001" /><testcase classname="src.cucim.skimage.color.tests.test_colorconv" name="test_nD_color_conversion[shape2-rgb2rgbcie]" time="0.001" /><testcase classname="src.cucim.skimage.color.tests.test_colorconv" name="test_nD_color_conversion[shape2-rgbcie2rgb]" time="0.001" /><testcase classname="src.cucim.skimage.color.tests.test_colorconv" name="test_nD_color_conversion[shape2-xyz2lab]" time="0.001" /><testcase classname="src.cucim.skimage.color.tests.test_colorconv" name="test_nD_color_conversion[shape2-lab2xyz]" time="0.001" /><testcase classname="src.cucim.skimage.color.tests.test_colorconv" name="test_nD_color_conversion[shape2-lab2rgb]" time="0.001" /><testcase classname="src.cucim.skimage.color.tests.test_colorconv" name="test_nD_color_conversion[shape2-rgb2lab]" time="0.001" /><testcase classname="src.cucim.skimage.color.tests.test_colorconv" name="test_nD_color_conversion[shape2-xyz2luv]" time="0.001" /><testcase classname="src.cucim.skimage.color.tests.test_colorconv" name="test_nD_color_conversion[shape2-luv2xyz]" time="0.001" /><testcase classname="src.cucim.skimage.color.tests.test_colorconv" name="test_nD_color_conversion[shape2-luv2rgb]" time="0.001" /><testcase classname="src.cucim.skimage.color.tests.test_colorconv" name="test_nD_color_conversion[shape2-rgb2luv]" time="0.001" /><testcase classname="src.cucim.skimage.color.tests.test_colorconv" name="test_nD_color_conversion[shape2-lab2lch]" time="0.001" /><testcase classname="src.cucim.skimage.color.tests.test_colorconv" name="test_nD_color_conversion[shape2-lch2lab]" time="0.001" /><testcase classname="src.cucim.skimage.color.tests.test_colorconv" name="test_nD_color_conversion[shape2-rgb2yuv]" time="0.001" /><testcase classname="src.cucim.skimage.color.tests.test_colorconv" name="test_nD_color_conversion[shape2-yuv2rgb]" time="0.001" /><testcase classname="src.cucim.skimage.color.tests.test_colorconv" name="test_nD_color_conversion[shape2-rgb2yiq]" time="0.001" /><testcase classname="src.cucim.skimage.color.tests.test_colorconv" name="test_nD_color_conversion[shape2-yiq2rgb]" time="0.001" /><testcase classname="src.cucim.skimage.color.tests.test_colorconv" name="test_nD_color_conversion[shape2-rgb2ypbpr]" time="0.001" /><testcase classname="src.cucim.skimage.color.tests.test_colorconv" name="test_nD_color_conversion[shape2-ypbpr2rgb]" time="0.001" /><testcase classname="src.cucim.skimage.color.tests.test_colorconv" name="test_nD_color_conversion[shape2-rgb2ycbcr]" time="0.001" /><testcase classname="src.cucim.skimage.color.tests.test_colorconv" name="test_nD_color_conversion[shape2-ycbcr2rgb]" time="0.001" /><testcase classname="src.cucim.skimage.color.tests.test_colorconv" name="test_nD_color_conversion[shape2-rgb2ydbdr]" time="0.001" /><testcase classname="src.cucim.skimage.color.tests.test_colorconv" name="test_nD_color_conversion[shape2-ydbdr2rgb]" time="0.001" /><testcase classname="src.cucim.skimage.color.tests.test_colorconv" name="test_nD_color_conversion[shape3-rgb2hsv]" time="0.001" /><testcase classname="src.cucim.skimage.color.tests.test_colorconv" name="test_nD_color_conversion[shape3-hsv2rgb]" time="0.001" /><testcase classname="src.cucim.skimage.color.tests.test_colorconv" name="test_nD_color_conversion[shape3-rgb2xyz]" time="0.001" /><testcase classname="src.cucim.skimage.color.tests.test_colorconv" name="test_nD_color_conversion[shape3-xyz2rgb]" time="0.001" /><testcase classname="src.cucim.skimage.color.tests.test_colorconv" name="test_nD_color_conversion[shape3-rgb2hed]" time="0.001" /><testcase classname="src.cucim.skimage.color.tests.test_colorconv" name="test_nD_color_conversion[shape3-hed2rgb]" time="0.001" /><testcase classname="src.cucim.skimage.color.tests.test_colorconv" name="test_nD_color_conversion[shape3-rgb2rgbcie]" time="0.001" /><testcase classname="src.cucim.skimage.color.tests.test_colorconv" name="test_nD_color_conversion[shape3-rgbcie2rgb]" time="0.001" /><testcase classname="src.cucim.skimage.color.tests.test_colorconv" name="test_nD_color_conversion[shape3-xyz2lab]" time="0.001" /><testcase classname="src.cucim.skimage.color.tests.test_colorconv" name="test_nD_color_conversion[shape3-lab2xyz]" time="0.004" /><testcase classname="src.cucim.skimage.color.tests.test_colorconv" name="test_nD_color_conversion[shape3-lab2rgb]" time="0.001" /><testcase classname="src.cucim.skimage.color.tests.test_colorconv" name="test_nD_color_conversion[shape3-rgb2lab]" time="0.001" /><testcase classname="src.cucim.skimage.color.tests.test_colorconv" name="test_nD_color_conversion[shape3-xyz2luv]" time="0.001" /><testcase classname="src.cucim.skimage.color.tests.test_colorconv" name="test_nD_color_conversion[shape3-luv2xyz]" time="0.001" /><testcase classname="src.cucim.skimage.color.tests.test_colorconv" name="test_nD_color_conversion[shape3-luv2rgb]" time="0.001" /><testcase classname="src.cucim.skimage.color.tests.test_colorconv" name="test_nD_color_conversion[shape3-rgb2luv]" time="0.001" /><testcase classname="src.cucim.skimage.color.tests.test_colorconv" name="test_nD_color_conversion[shape3-lab2lch]" time="0.001" /><testcase classname="src.cucim.skimage.color.tests.test_colorconv" name="test_nD_color_conversion[shape3-lch2lab]" time="0.001" /><testcase classname="src.cucim.skimage.color.tests.test_colorconv" name="test_nD_color_conversion[shape3-rgb2yuv]" time="0.001" /><testcase classname="src.cucim.skimage.color.tests.test_colorconv" name="test_nD_color_conversion[shape3-yuv2rgb]" time="0.001" /><testcase classname="src.cucim.skimage.color.tests.test_colorconv" name="test_nD_color_conversion[shape3-rgb2yiq]" time="0.001" /><testcase classname="src.cucim.skimage.color.tests.test_colorconv" name="test_nD_color_conversion[shape3-yiq2rgb]" time="0.001" /><testcase classname="src.cucim.skimage.color.tests.test_colorconv" name="test_nD_color_conversion[shape3-rgb2ypbpr]" time="0.001" /><testcase classname="src.cucim.skimage.color.tests.test_colorconv" name="test_nD_color_conversion[shape3-ypbpr2rgb]" time="0.001" /><testcase classname="src.cucim.skimage.color.tests.test_colorconv" name="test_nD_color_conversion[shape3-rgb2ycbcr]" time="0.001" /><testcase classname="src.cucim.skimage.color.tests.test_colorconv" name="test_nD_color_conversion[shape3-ycbcr2rgb]" time="0.001" /><testcase classname="src.cucim.skimage.color.tests.test_colorconv" name="test_nD_color_conversion[shape3-rgb2ydbdr]" time="0.001" /><testcase classname="src.cucim.skimage.color.tests.test_colorconv" name="test_nD_color_conversion[shape3-ydbdr2rgb]" time="0.001" /><testcase classname="src.cucim.skimage.color.tests.test_colorconv" name="test_nD_color_conversion[shape4-rgb2hsv]" time="0.001" /><testcase classname="src.cucim.skimage.color.tests.test_colorconv" name="test_nD_color_conversion[shape4-hsv2rgb]" time="0.001" /><testcase classname="src.cucim.skimage.color.tests.test_colorconv" name="test_nD_color_conversion[shape4-rgb2xyz]" time="0.001" /><testcase classname="src.cucim.skimage.color.tests.test_colorconv" name="test_nD_color_conversion[shape4-xyz2rgb]" time="0.001" /><testcase classname="src.cucim.skimage.color.tests.test_colorconv" name="test_nD_color_conversion[shape4-rgb2hed]" time="0.001" /><testcase classname="src.cucim.skimage.color.tests.test_colorconv" name="test_nD_color_conversion[shape4-hed2rgb]" time="0.001" /><testcase classname="src.cucim.skimage.color.tests.test_colorconv" name="test_nD_color_conversion[shape4-rgb2rgbcie]" time="0.001" /><testcase classname="src.cucim.skimage.color.tests.test_colorconv" name="test_nD_color_conversion[shape4-rgbcie2rgb]" time="0.001" /><testcase classname="src.cucim.skimage.color.tests.test_colorconv" name="test_nD_color_conversion[shape4-xyz2lab]" time="0.001" /><testcase classname="src.cucim.skimage.color.tests.test_colorconv" name="test_nD_color_conversion[shape4-lab2xyz]" time="0.007" /><testcase classname="src.cucim.skimage.color.tests.test_colorconv" name="test_nD_color_conversion[shape4-lab2rgb]" time="0.001" /><testcase classname="src.cucim.skimage.color.tests.test_colorconv" name="test_nD_color_conversion[shape4-rgb2lab]" time="0.001" /><testcase classname="src.cucim.skimage.color.tests.test_colorconv" name="test_nD_color_conversion[shape4-xyz2luv]" time="0.001" /><testcase classname="src.cucim.skimage.color.tests.test_colorconv" name="test_nD_color_conversion[shape4-luv2xyz]" time="0.001" /><testcase classname="src.cucim.skimage.color.tests.test_colorconv" name="test_nD_color_conversion[shape4-luv2rgb]" time="0.001" /><testcase classname="src.cucim.skimage.color.tests.test_colorconv" name="test_nD_color_conversion[shape4-rgb2luv]" time="0.001" /><testcase classname="src.cucim.skimage.color.tests.test_colorconv" name="test_nD_color_conversion[shape4-lab2lch]" time="0.001" /><testcase classname="src.cucim.skimage.color.tests.test_colorconv" name="test_nD_color_conversion[shape4-lch2lab]" time="0.001" /><testcase classname="src.cucim.skimage.color.tests.test_colorconv" name="test_nD_color_conversion[shape4-rgb2yuv]" time="0.001" /><testcase classname="src.cucim.skimage.color.tests.test_colorconv" name="test_nD_color_conversion[shape4-yuv2rgb]" time="0.001" /><testcase classname="src.cucim.skimage.color.tests.test_colorconv" name="test_nD_color_conversion[shape4-rgb2yiq]" time="0.001" /><testcase classname="src.cucim.skimage.color.tests.test_colorconv" name="test_nD_color_conversion[shape4-yiq2rgb]" time="0.001" /><testcase classname="src.cucim.skimage.color.tests.test_colorconv" name="test_nD_color_conversion[shape4-rgb2ypbpr]" time="0.001" /><testcase classname="src.cucim.skimage.color.tests.test_colorconv" name="test_nD_color_conversion[shape4-ypbpr2rgb]" time="0.001" /><testcase classname="src.cucim.skimage.color.tests.test_colorconv" name="test_nD_color_conversion[shape4-rgb2ycbcr]" time="0.001" /><testcase classname="src.cucim.skimage.color.tests.test_colorconv" name="test_nD_color_conversion[shape4-ycbcr2rgb]" time="0.001" /><testcase classname="src.cucim.skimage.color.tests.test_colorconv" name="test_nD_color_conversion[shape4-rgb2ydbdr]" time="0.001" /><testcase classname="src.cucim.skimage.color.tests.test_colorconv" name="test_nD_color_conversion[shape4-ydbdr2rgb]" time="0.001" /><testcase classname="src.cucim.skimage.color.tests.test_colorconv" name="test_rgba2rgb_nD[shape0]" time="0.001" /><testcase classname="src.cucim.skimage.color.tests.test_colorconv" name="test_rgba2rgb_nD[shape1]" time="0.001" /><testcase classname="src.cucim.skimage.color.tests.test_colorconv" name="test_rgba2rgb_nD[shape2]" time="0.001" /><testcase classname="src.cucim.skimage.color.tests.test_colorconv" name="test_rgba2rgb_nD[shape3]" time="0.001" /><testcase classname="src.cucim.skimage.color.tests.test_colorconv" name="test_rgba2rgb_nD[shape4]" time="0.001" /><testcase classname="src.cucim.skimage.color.tests.test_colorconv" name="test_rgba2rgb_dtypes[float16]" time="0.002" /><testcase classname="src.cucim.skimage.color.tests.test_colorconv" name="test_rgba2rgb_dtypes[float32]" time="0.001" /><testcase classname="src.cucim.skimage.color.tests.test_colorconv" name="test_rgba2rgb_dtypes[float64]" time="0.001" /><testcase classname="src.cucim.skimage.color.tests.test_colorconv" name="test_lab_lch_roundtrip_dtypes[float16]" time="0.013" /><testcase classname="src.cucim.skimage.color.tests.test_colorconv" name="test_lab_lch_roundtrip_dtypes[float32]" time="0.008" /><testcase classname="src.cucim.skimage.color.tests.test_colorconv" name="test_lab_lch_roundtrip_dtypes[float64]" time="0.013" /><testcase classname="src.cucim.skimage.color.tests.test_colorconv" name="test_rgb2hsv_dtypes[float16]" time="0.007" /><testcase classname="src.cucim.skimage.color.tests.test_colorconv" name="test_rgb2hsv_dtypes[float32]" time="0.008" /><testcase classname="src.cucim.skimage.color.tests.test_colorconv" name="test_rgb2hsv_dtypes[float64]" time="0.008" /><testcase classname="src.cucim.skimage.color.tests.test_colorlabel" name="test_shape_mismatch" time="0.001" /><testcase classname="src.cucim.skimage.color.tests.test_colorlabel" name="test_wrong_kind" time="0.005" /><testcase classname="src.cucim.skimage.color.tests.test_colorlabel" name="test_uint_image[0]" time="0.008" /><testcase classname="src.cucim.skimage.color.tests.test_colorlabel" name="test_uint_image[1]" time="0.002" /><testcase classname="src.cucim.skimage.color.tests.test_colorlabel" name="test_uint_image[-1]" time="0.002" /><testcase classname="src.cucim.skimage.color.tests.test_colorlabel" name="test_rgb" time="0.003" /><testcase classname="src.cucim.skimage.color.tests.test_colorlabel" name="test_alpha" time="0.003" /><testcase classname="src.cucim.skimage.color.tests.test_colorlabel" name="test_no_input_image" time="0.002" /><testcase classname="src.cucim.skimage.color.tests.test_colorlabel" name="test_image_alpha" time="0.002" /><testcase classname="src.cucim.skimage.color.tests.test_colorlabel" name="test_color_names" time="0.002" /><testcase classname="src.cucim.skimage.color.tests.test_colorlabel" name="test_bg_and_color_cycle" time="0.003" /><testcase classname="src.cucim.skimage.color.tests.test_colorlabel" name="test_negative_labels" time="0.002" /><testcase classname="src.cucim.skimage.color.tests.test_colorlabel" name="test_nonconsecutive" time="0.002" /><testcase classname="src.cucim.skimage.color.tests.test_colorlabel" name="test_label_consistency" time="0.004" /><testcase classname="src.cucim.skimage.color.tests.test_colorlabel" name="test_leave_labels_alone" time="0.002" /><testcase classname="src.cucim.skimage.color.tests.test_colorlabel" name="test_avg[0]" time="0.005" /><testcase classname="src.cucim.skimage.color.tests.test_colorlabel" name="test_avg[1]" time="0.003" /><testcase classname="src.cucim.skimage.color.tests.test_colorlabel" name="test_avg[-1]" time="0.003" /><testcase classname="src.cucim.skimage.color.tests.test_colorlabel" name="test_negative_intensity" time="0.002" /><testcase classname="src.cucim.skimage.color.tests.test_colorlabel" name="test_bg_color_rgb_string" time="0.002" /><testcase classname="src.cucim.skimage.color.tests.test_colorlabel" name="test_avg_with_2d_image" time="0.002" /><testcase classname="src.cucim.skimage.color.tests.test_colorlabel" name="test_label2rgb_nd[rgb]" time="0.015" /><testcase classname="src.cucim.skimage.color.tests.test_colorlabel" name="test_label2rgb_nd[gray]" time="0.004" /><testcase classname="src.cucim.skimage.color.tests.test_colorlabel" name="test_label2rgb_nd[None]" time="0.003" /><testcase classname="src.cucim.skimage.color.tests.test_colorlabel" name="test_label2rgb_shape_errors" time="0.001" /><testcase classname="src.cucim.skimage.color.tests.test_colorlabel" name="test_overlay_full_saturation" time="0.003" /><testcase classname="src.cucim.skimage.color.tests.test_colorlabel" name="test_overlay_custom_saturation" time="0.003" /><testcase classname="src.cucim.skimage.color.tests.test_colorlabel" name="test_saturation_warning" time="0.013" /><testcase classname="src.cucim.skimage.color.tests.test_delta_e" name="test_ciede2000_dE[float32-0]" time="0.002" /><testcase classname="src.cucim.skimage.color.tests.test_delta_e" name="test_ciede2000_dE[float32-1]" time="0.001" /><testcase classname="src.cucim.skimage.color.tests.test_delta_e" name="test_ciede2000_dE[float32--1]" time="0.001" /><testcase classname="src.cucim.skimage.color.tests.test_delta_e" name="test_ciede2000_dE[float64-0]" time="0.002" /><testcase classname="src.cucim.skimage.color.tests.test_delta_e" name="test_ciede2000_dE[float64-1]" time="0.001" /><testcase classname="src.cucim.skimage.color.tests.test_delta_e" name="test_ciede2000_dE[float64--1]" time="0.001" /><testcase classname="src.cucim.skimage.color.tests.test_delta_e" name="test_cie76[float32-0]" time="0.002" /><testcase classname="src.cucim.skimage.color.tests.test_delta_e" name="test_cie76[float32-1]" time="0.002" /><testcase classname="src.cucim.skimage.color.tests.test_delta_e" name="test_cie76[float32--1]" time="0.001" /><testcase classname="src.cucim.skimage.color.tests.test_delta_e" name="test_cie76[float64-0]" time="0.002" /><testcase classname="src.cucim.skimage.color.tests.test_delta_e" name="test_cie76[float64-1]" time="0.001" /><testcase classname="src.cucim.skimage.color.tests.test_delta_e" name="test_cie76[float64--1]" time="0.001" /><testcase classname="src.cucim.skimage.color.tests.test_delta_e" name="test_ciede94[float32-0]" time="0.003" /><testcase classname="src.cucim.skimage.color.tests.test_delta_e" name="test_ciede94[float32-1]" time="0.002" /><testcase classname="src.cucim.skimage.color.tests.test_delta_e" name="test_ciede94[float32--1]" time="0.002" /><testcase classname="src.cucim.skimage.color.tests.test_delta_e" name="test_ciede94[float64-0]" time="0.002" /><testcase classname="src.cucim.skimage.color.tests.test_delta_e" name="test_ciede94[float64-1]" time="0.002" /><testcase classname="src.cucim.skimage.color.tests.test_delta_e" name="test_ciede94[float64--1]" time="0.002" /><testcase classname="src.cucim.skimage.color.tests.test_delta_e" name="test_cmc[float32-0]" time="0.004" /><testcase classname="src.cucim.skimage.color.tests.test_delta_e" name="test_cmc[float32-1]" time="0.002" /><testcase classname="src.cucim.skimage.color.tests.test_delta_e" name="test_cmc[float32--1]" time="0.003" /><testcase classname="src.cucim.skimage.color.tests.test_delta_e" name="test_cmc[float64-0]" time="0.004" /><testcase classname="src.cucim.skimage.color.tests.test_delta_e" name="test_cmc[float64-1]" time="0.002" /><testcase classname="src.cucim.skimage.color.tests.test_delta_e" name="test_cmc[float64--1]" time="0.002" /><testcase classname="src.cucim.skimage.color.tests.test_delta_e" name="test_cmc_single_item" time="0.002" /><testcase classname="src.cucim.skimage.color.tests.test_delta_e" name="test_single_color_cie76" time="0.001" /><testcase classname="src.cucim.skimage.color.tests.test_delta_e" name="test_single_color_ciede94" time="0.001" /><testcase classname="src.cucim.skimage.color.tests.test_delta_e" name="test_single_color_ciede2000" time="0.006" /><testcase classname="src.cucim.skimage.color.tests.test_delta_e" name="test_single_color_cmc" time="0.001" /><testcase classname="src.cucim.skimage.data.tests.test_data" name="test_binary_blobs" time="0.030" /><testcase classname="src.cucim.skimage.exposure.tests.test_exposure" name="test_wrong_source_range" time="0.001" /><testcase classname="src.cucim.skimage.exposure.tests.test_exposure" name="test_negative_overflow" time="0.005" /><testcase classname="src.cucim.skimage.exposure.tests.test_exposure" name="test_all_negative_image" time="0.001" /><testcase classname="src.cucim.skimage.exposure.tests.test_exposure" name="test_int_range_image" time="0.002" /><testcase classname="src.cucim.skimage.exposure.tests.test_exposure" name="test_multichannel_int_range_image" time="0.002" /><testcase classname="src.cucim.skimage.exposure.tests.test_exposure" name="test_peak_uint_range_dtype" time="0.001" /><testcase classname="src.cucim.skimage.exposure.tests.test_exposure" name="test_peak_int_range_dtype" time="0.001" /><testcase classname="src.cucim.skimage.exposure.tests.test_exposure" name="test_flat_uint_range_dtype" time="0.007" /><testcase classname="src.cucim.skimage.exposure.tests.test_exposure" name="test_flat_int_range_dtype" time="0.002" /><testcase classname="src.cucim.skimage.exposure.tests.test_exposure" name="test_peak_float_out_of_range_image[float16]" time="0.005" /><testcase classname="src.cucim.skimage.exposure.tests.test_exposure" name="test_peak_float_out_of_range_image[float32]" time="0.002" /><testcase classname="src.cucim.skimage.exposure.tests.test_exposure" name="test_peak_float_out_of_range_image[float64]" time="0.002" /><testcase classname="src.cucim.skimage.exposure.tests.test_exposure" name="test_peak_float_out_of_range_dtype[float16]" time="0.001" /><testcase classname="src.cucim.skimage.exposure.tests.test_exposure" name="test_peak_float_out_of_range_dtype[float32]" time="0.001" /><testcase classname="src.cucim.skimage.exposure.tests.test_exposure" name="test_peak_float_out_of_range_dtype[float64]" time="0.001" /><testcase classname="src.cucim.skimage.exposure.tests.test_exposure" name="test_normalize" time="0.003" /><testcase classname="src.cucim.skimage.exposure.tests.test_exposure" name="test_multichannel_hist_common_bins_uint8[0-uint8-dtype]" time="0.002" /><testcase classname="src.cucim.skimage.exposure.tests.test_exposure" name="test_multichannel_hist_common_bins_uint8[0-uint8-image]" time="0.004" /><testcase classname="src.cucim.skimage.exposure.tests.test_exposure" name="test_multichannel_hist_common_bins_uint8[0-int16-dtype]" time="0.006" /><testcase classname="src.cucim.skimage.exposure.tests.test_exposure" name="test_multichannel_hist_common_bins_uint8[0-int16-image]" time="0.004" /><testcase classname="src.cucim.skimage.exposure.tests.test_exposure" name="test_multichannel_hist_common_bins_uint8[0-float64-dtype]" time="0.002" /><testcase classname="src.cucim.skimage.exposure.tests.test_exposure" name="test_multichannel_hist_common_bins_uint8[0-float64-image]" time="0.003" /><testcase classname="src.cucim.skimage.exposure.tests.test_exposure" name="test_multichannel_hist_common_bins_uint8[1-uint8-dtype]" time="0.002" /><testcase classname="src.cucim.skimage.exposure.tests.test_exposure" name="test_multichannel_hist_common_bins_uint8[1-uint8-image]" time="0.002" /><testcase classname="src.cucim.skimage.exposure.tests.test_exposure" name="test_multichannel_hist_common_bins_uint8[1-int16-dtype]" time="0.003" /><testcase classname="src.cucim.skimage.exposure.tests.test_exposure" name="test_multichannel_hist_common_bins_uint8[1-int16-image]" time="0.002" /><testcase classname="src.cucim.skimage.exposure.tests.test_exposure" name="test_multichannel_hist_common_bins_uint8[1-float64-dtype]" time="0.001" /><testcase classname="src.cucim.skimage.exposure.tests.test_exposure" name="test_multichannel_hist_common_bins_uint8[1-float64-image]" time="0.002" /><testcase classname="src.cucim.skimage.exposure.tests.test_exposure" name="test_multichannel_hist_common_bins_uint8[-1-uint8-dtype]" time="0.002" /><testcase classname="src.cucim.skimage.exposure.tests.test_exposure" name="test_multichannel_hist_common_bins_uint8[-1-uint8-image]" time="0.002" /><testcase classname="src.cucim.skimage.exposure.tests.test_exposure" name="test_multichannel_hist_common_bins_uint8[-1-int16-dtype]" time="0.002" /><testcase classname="src.cucim.skimage.exposure.tests.test_exposure" name="test_multichannel_hist_common_bins_uint8[-1-int16-image]" time="0.003" /><testcase classname="src.cucim.skimage.exposure.tests.test_exposure" name="test_multichannel_hist_common_bins_uint8[-1-float64-dtype]" time="0.002" /><testcase classname="src.cucim.skimage.exposure.tests.test_exposure" name="test_multichannel_hist_common_bins_uint8[-1-float64-image]" time="0.002" /><testcase classname="src.cucim.skimage.exposure.tests.test_exposure" name="test_equalize_uint8_approx" time="0.015" /><testcase classname="src.cucim.skimage.exposure.tests.test_exposure" name="test_equalize_ubyte" time="0.003" /><testcase classname="src.cucim.skimage.exposure.tests.test_exposure" name="test_equalize_float[float16]" time="0.003" /><testcase classname="src.cucim.skimage.exposure.tests.test_exposure" name="test_equalize_float[float32]" time="0.003" /><testcase classname="src.cucim.skimage.exposure.tests.test_exposure" name="test_equalize_float[float64]" time="0.003" /><testcase classname="src.cucim.skimage.exposure.tests.test_exposure" name="test_equalize_masked" time="0.006" /><testcase classname="src.cucim.skimage.exposure.tests.test_exposure" name="test_intensity_range_uint8[image-expected0]" time="0.001" /><testcase classname="src.cucim.skimage.exposure.tests.test_exposure" name="test_intensity_range_uint8[dtype-expected1]" time="0.001" /><testcase classname="src.cucim.skimage.exposure.tests.test_exposure" name="test_intensity_range_uint8[test_input2-expected2]" time="0.001" /><testcase classname="src.cucim.skimage.exposure.tests.test_exposure" name="test_intensity_range_float[image-expected0]" time="0.001" /><testcase classname="src.cucim.skimage.exposure.tests.test_exposure" name="test_intensity_range_float[dtype-expected1]" time="0.001" /><testcase classname="src.cucim.skimage.exposure.tests.test_exposure" name="test_intensity_range_float[test_input2-expected2]" time="0.001" /><testcase classname="src.cucim.skimage.exposure.tests.test_exposure" name="test_intensity_range_clipped_float" time="0.000" /><testcase classname="src.cucim.skimage.exposure.tests.test_exposure" name="test_rescale_stretch" time="0.002" /><testcase classname="src.cucim.skimage.exposure.tests.test_exposure" name="test_rescale_shrink" time="0.001" /><testcase classname="src.cucim.skimage.exposure.tests.test_exposure" name="test_rescale_in_range[float16]" time="0.003" /><testcase classname="src.cucim.skimage.exposure.tests.test_exposure" name="test_rescale_in_range[float32]" time="0.001" /><testcase classname="src.cucim.skimage.exposure.tests.test_exposure" name="test_rescale_in_range[float64]" time="0.001" /><testcase classname="src.cucim.skimage.exposure.tests.test_exposure" name="test_rescale_in_range_clip" time="0.001" /><testcase classname="src.cucim.skimage.exposure.tests.test_exposure" name="test_rescale_out_range[int8]" time="0.002" /><testcase classname="src.cucim.skimage.exposure.tests.test_exposure" name="test_rescale_out_range[int32]" time="0.001" /><testcase classname="src.cucim.skimage.exposure.tests.test_exposure" name="test_rescale_out_range[float16]" time="0.001" /><testcase classname="src.cucim.skimage.exposure.tests.test_exposure" name="test_rescale_out_range[float32]" time="0.001" /><testcase classname="src.cucim.skimage.exposure.tests.test_exposure" name="test_rescale_out_range[float64]" time="0.001" /><testcase classname="src.cucim.skimage.exposure.tests.test_exposure" name="test_rescale_named_in_range" time="0.002" /><testcase classname="src.cucim.skimage.exposure.tests.test_exposure" name="test_rescale_named_out_range" time="0.001" /><testcase classname="src.cucim.skimage.exposure.tests.test_exposure" name="test_rescale_uint12_limits" time="0.001" /><testcase classname="src.cucim.skimage.exposure.tests.test_exposure" name="test_rescale_uint14_limits" time="0.001" /><testcase classname="src.cucim.skimage.exposure.tests.test_exposure" name="test_rescale_all_zeros" time="0.002" /><testcase classname="src.cucim.skimage.exposure.tests.test_exposure" name="test_rescale_constant" time="0.001" /><testcase classname="src.cucim.skimage.exposure.tests.test_exposure" name="test_rescale_same_values" time="0.002" /><testcase classname="src.cucim.skimage.exposure.tests.test_exposure" name="test_rescale_nan_warning[image-dtype]" time="0.008" /><testcase classname="src.cucim.skimage.exposure.tests.test_exposure" name="test_rescale_nan_warning[dtype-image]" time="0.006" /><testcase classname="src.cucim.skimage.exposure.tests.test_exposure" name="test_rescale_output_dtype[uint8-uint8]" time="0.001" /><testcase classname="src.cucim.skimage.exposure.tests.test_exposure" name="test_rescale_output_dtype[uint10-uint16]" time="0.001" /><testcase classname="src.cucim.skimage.exposure.tests.test_exposure" name="test_rescale_output_dtype[uint12-uint16]" time="0.001" /><testcase classname="src.cucim.skimage.exposure.tests.test_exposure" name="test_rescale_output_dtype[uint16-uint16]" time="0.001" /><testcase classname="src.cucim.skimage.exposure.tests.test_exposure" name="test_rescale_output_dtype[float-float]" time="0.001" /><testcase classname="src.cucim.skimage.exposure.tests.test_exposure" name="test_rescale_no_overflow" time="0.001" /><testcase classname="src.cucim.skimage.exposure.tests.test_exposure" name="test_rescale_float_output" time="0.001" /><testcase classname="src.cucim.skimage.exposure.tests.test_exposure" name="test_rescale_raises_on_incorrect_out_range" time="0.001" /><testcase classname="src.cucim.skimage.exposure.tests.test_exposure" name="test_adapthist_grayscale[float16]" time="0.042" /><testcase classname="src.cucim.skimage.exposure.tests.test_exposure" name="test_adapthist_grayscale[float32]" time="0.028" /><testcase classname="src.cucim.skimage.exposure.tests.test_exposure" name="test_adapthist_grayscale[float64]" time="0.031" /><testcase classname="src.cucim.skimage.exposure.tests.test_exposure" name="test_adapthist_color" time="0.025" /><testcase classname="src.cucim.skimage.exposure.tests.test_exposure" name="test_adapthist_alpha" time="0.025" /><testcase classname="src.cucim.skimage.exposure.tests.test_exposure" name="test_adapthist_grayscale_Nd" time="0.085" /><testcase classname="src.cucim.skimage.exposure.tests.test_exposure" name="test_adapthist_constant" time="0.011" /><testcase classname="src.cucim.skimage.exposure.tests.test_exposure" name="test_adapthist_borders" time="0.187" /><testcase classname="src.cucim.skimage.exposure.tests.test_exposure" name="test_adapthist_clip_limit" time="0.059" /><testcase classname="src.cucim.skimage.exposure.tests.test_exposure" name="test_adapthist_incorrect_kernel_size" time="0.002" /><testcase classname="src.cucim.skimage.exposure.tests.test_exposure" name="test_adjust_gamma_1x1_shape" time="0.003" /><testcase classname="src.cucim.skimage.exposure.tests.test_exposure" name="test_adjust_gamma_one" time="0.002" /><testcase classname="src.cucim.skimage.exposure.tests.test_exposure" name="test_adjust_gamma_zero[float16]" time="0.003" /><testcase classname="src.cucim.skimage.exposure.tests.test_exposure" name="test_adjust_gamma_zero[float32]" time="0.002" /><testcase classname="src.cucim.skimage.exposure.tests.test_exposure" name="test_adjust_gamma_zero[float64]" time="0.001" /><testcase classname="src.cucim.skimage.exposure.tests.test_exposure" name="test_adjust_gamma_less_one" time="0.001" /><testcase classname="src.cucim.skimage.exposure.tests.test_exposure" name="test_adjust_gamma_greater_one" time="0.001" /><testcase classname="src.cucim.skimage.exposure.tests.test_exposure" name="test_adjust_gamma_neggative" time="0.001" /><testcase classname="src.cucim.skimage.exposure.tests.test_exposure" name="test_adjust_gamma_u8_overflow" time="0.001" /><testcase classname="src.cucim.skimage.exposure.tests.test_exposure" name="test_adjust_log_1x1_shape[float16]" time="0.002" /><testcase classname="src.cucim.skimage.exposure.tests.test_exposure" name="test_adjust_log_1x1_shape[float32]" time="0.002" /><testcase classname="src.cucim.skimage.exposure.tests.test_exposure" name="test_adjust_log_1x1_shape[float64]" time="0.002" /><testcase classname="src.cucim.skimage.exposure.tests.test_exposure" name="test_adjust_log" time="0.002" /><testcase classname="src.cucim.skimage.exposure.tests.test_exposure" name="test_adjust_inv_log" time="0.002" /><testcase classname="src.cucim.skimage.exposure.tests.test_exposure" name="test_adjust_sigmoid_1x1_shape[float16]" time="0.003" /><testcase classname="src.cucim.skimage.exposure.tests.test_exposure" name="test_adjust_sigmoid_1x1_shape[float32]" time="0.003" /><testcase classname="src.cucim.skimage.exposure.tests.test_exposure" name="test_adjust_sigmoid_1x1_shape[float64]" time="0.002" /><testcase classname="src.cucim.skimage.exposure.tests.test_exposure" name="test_adjust_sigmoid_cutoff_one" time="0.001" /><testcase classname="src.cucim.skimage.exposure.tests.test_exposure" name="test_adjust_sigmoid_cutoff_zero" time="0.001" /><testcase classname="src.cucim.skimage.exposure.tests.test_exposure" name="test_adjust_sigmoid_cutoff_half" time="0.001" /><testcase classname="src.cucim.skimage.exposure.tests.test_exposure" name="test_adjust_inv_sigmoid_cutoff_half" time="0.001" /><testcase classname="src.cucim.skimage.exposure.tests.test_exposure" name="test_is_low_contrast" time="0.010" /><testcase classname="src.cucim.skimage.exposure.tests.test_exposure" name="test_is_low_contrast_boolean" time="0.170" /><testcase classname="src.cucim.skimage.exposure.tests.test_exposure" name="test_negative_input[adjust_gamma]" time="0.001" /><testcase classname="src.cucim.skimage.exposure.tests.test_exposure" name="test_negative_input[adjust_log]" time="0.001" /><testcase classname="src.cucim.skimage.exposure.tests.test_exposure" name="test_negative_input[adjust_sigmoid]" time="0.001" /><testcase classname="src.cucim.skimage.exposure.tests.test_exposure" name="test_dask_histogram" time="0.000"><skipped type="pytest.skip" message="dask case not currently supported">/home/goplanid/cucim/python/cucim/src/cucim/skimage/exposure/tests/test_exposure.py:911: dask case not currently supported</skipped></testcase><testcase classname="src.cucim.skimage.exposure.tests.test_histogram_matching" name="test_match_array_values[array0-template0-expected_array0]" time="0.005" /><testcase classname="src.cucim.skimage.exposure.tests.test_histogram_matching" name="test_match_array_values[array1-template1-expected_array1]" time="0.002" /><testcase classname="src.cucim.skimage.exposure.tests.test_histogram_matching.TestMatchHistogram" name="test_match_histograms_channel_axis[0]" time="0.059" /><testcase classname="src.cucim.skimage.exposure.tests.test_histogram_matching.TestMatchHistogram" name="test_match_histograms_channel_axis[1]" time="0.052" /><testcase classname="src.cucim.skimage.exposure.tests.test_histogram_matching.TestMatchHistogram" name="test_match_histograms_channel_axis[-1]" time="0.057" /><testcase classname="src.cucim.skimage.exposure.tests.test_histogram_matching.TestMatchHistogram" name="test_match_histograms_float_dtype[float16]" time="0.007" /><testcase classname="src.cucim.skimage.exposure.tests.test_histogram_matching.TestMatchHistogram" name="test_match_histograms_float_dtype[float32]" time="0.008" /><testcase classname="src.cucim.skimage.exposure.tests.test_histogram_matching.TestMatchHistogram" name="test_match_histograms_float_dtype[float64]" time="0.003" /><testcase classname="src.cucim.skimage.exposure.tests.test_histogram_matching.TestMatchHistogram" name="test_raises_value_error_on_channels_mismatch[image0-reference0]" time="0.001" /><testcase classname="src.cucim.skimage.exposure.tests.test_histogram_matching.TestMatchHistogram" name="test_raises_value_error_on_channels_mismatch[image1-reference1]" time="0.001" /><testcase classname="src.cucim.skimage.exposure.tests.test_histogram_matching.TestMatchHistogram" name="test_match_histograms_consistency" time="0.017" /><testcase classname="src.cucim.skimage.feature.tests.test_basic_features" name="test_multiscale_basic_features_gray[False-False]" time="0.031" /><testcase classname="src.cucim.skimage.feature.tests.test_basic_features" name="test_multiscale_basic_features_gray[False-True]" time="0.005" /><testcase classname="src.cucim.skimage.feature.tests.test_basic_features" name="test_multiscale_basic_features_gray[True-False]" time="0.014" /><testcase classname="src.cucim.skimage.feature.tests.test_basic_features" name="test_multiscale_basic_features_gray[True-True]" time="0.013" /><testcase classname="src.cucim.skimage.feature.tests.test_basic_features" name="test_multiscale_basic_features_channel_axis[0]" time="0.040" /><testcase classname="src.cucim.skimage.feature.tests.test_basic_features" name="test_multiscale_basic_features_channel_axis[1]" time="0.121" /><testcase classname="src.cucim.skimage.feature.tests.test_basic_features" name="test_multiscale_basic_features_channel_axis[2]" time="0.026" /><testcase classname="src.cucim.skimage.feature.tests.test_basic_features" name="test_multiscale_basic_features_channel_axis[-1]" time="0.030" /><testcase classname="src.cucim.skimage.feature.tests.test_basic_features" name="test_multiscale_basic_features_channel_axis[-2]" time="0.029" /><testcase classname="src.cucim.skimage.feature.tests.test_blob" name="test_blob_dog[absolute-uint8]" time="13.600" /><testcase classname="src.cucim.skimage.feature.tests.test_blob" name="test_blob_dog[absolute-float16]" time="0.157" /><testcase classname="src.cucim.skimage.feature.tests.test_blob" name="test_blob_dog[absolute-float32]" time="0.100" /><testcase classname="src.cucim.skimage.feature.tests.test_blob" name="test_blob_dog[absolute-float64]" time="30.940" /><testcase classname="src.cucim.skimage.feature.tests.test_blob" name="test_blob_dog[relative-uint8]" time="0.013" /><testcase classname="src.cucim.skimage.feature.tests.test_blob" name="test_blob_dog[relative-float16]" time="0.011" /><testcase classname="src.cucim.skimage.feature.tests.test_blob" name="test_blob_dog[relative-float32]" time="0.011" /><testcase classname="src.cucim.skimage.feature.tests.test_blob" name="test_blob_dog[relative-float64]" time="0.016" /><testcase classname="src.cucim.skimage.feature.tests.test_blob" name="test_blob_dog_3d[absolute-uint8]" time="20.327" /><testcase classname="src.cucim.skimage.feature.tests.test_blob" name="test_blob_dog_3d[absolute-float16]" time="0.007" /><testcase classname="src.cucim.skimage.feature.tests.test_blob" name="test_blob_dog_3d[absolute-float32]" time="0.007" /><testcase classname="src.cucim.skimage.feature.tests.test_blob" name="test_blob_dog_3d[absolute-float64]" time="0.007" /><testcase classname="src.cucim.skimage.feature.tests.test_blob" name="test_blob_dog_3d[relative-uint8]" time="0.007" /><testcase classname="src.cucim.skimage.feature.tests.test_blob" name="test_blob_dog_3d[relative-float16]" time="0.006" /><testcase classname="src.cucim.skimage.feature.tests.test_blob" name="test_blob_dog_3d[relative-float32]" time="0.007" /><testcase classname="src.cucim.skimage.feature.tests.test_blob" name="test_blob_dog_3d[relative-float64]" time="0.007" /><testcase classname="src.cucim.skimage.feature.tests.test_blob" name="test_blob_dog_3d_anisotropic[absolute-uint8]" time="4.406" /><testcase classname="src.cucim.skimage.feature.tests.test_blob" name="test_blob_dog_3d_anisotropic[absolute-float16]" time="0.068" /><testcase classname="src.cucim.skimage.feature.tests.test_blob" name="test_blob_dog_3d_anisotropic[absolute-float32]" time="0.007" /><testcase classname="src.cucim.skimage.feature.tests.test_blob" name="test_blob_dog_3d_anisotropic[absolute-float64]" time="20.132" /><testcase classname="src.cucim.skimage.feature.tests.test_blob" name="test_blob_dog_3d_anisotropic[relative-uint8]" time="0.008" /><testcase classname="src.cucim.skimage.feature.tests.test_blob" name="test_blob_dog_3d_anisotropic[relative-float16]" time="0.007" /><testcase classname="src.cucim.skimage.feature.tests.test_blob" name="test_blob_dog_3d_anisotropic[relative-float32]" time="0.007" /><testcase classname="src.cucim.skimage.feature.tests.test_blob" name="test_blob_dog_3d_anisotropic[relative-float64]" time="0.007" /><testcase classname="src.cucim.skimage.feature.tests.test_blob" name="test_blob_dog_excl_border" time="9.589" /><testcase classname="src.cucim.skimage.feature.tests.test_blob" name="test_nd_blob_no_peaks_shape[blob_dog-1-False]" time="5.703" /><testcase classname="src.cucim.skimage.feature.tests.test_blob" name="test_nd_blob_no_peaks_shape[blob_dog-1-True]" time="0.138" /><testcase classname="src.cucim.skimage.feature.tests.test_blob" name="test_nd_blob_no_peaks_shape[blob_dog-2-False]" time="0.004" /><testcase classname="src.cucim.skimage.feature.tests.test_blob" name="test_nd_blob_no_peaks_shape[blob_dog-2-True]" time="0.004" /><testcase classname="src.cucim.skimage.feature.tests.test_blob" name="test_nd_blob_no_peaks_shape[blob_dog-3-False]" time="11.717" /><testcase classname="src.cucim.skimage.feature.tests.test_blob" name="test_nd_blob_no_peaks_shape[blob_dog-3-True]" time="0.005" /><testcase classname="src.cucim.skimage.feature.tests.test_blob" name="test_nd_blob_no_peaks_shape[blob_dog-4-False]" time="21.256" /><testcase classname="src.cucim.skimage.feature.tests.test_blob" name="test_nd_blob_no_peaks_shape[blob_dog-4-True]" time="0.006" /><testcase classname="src.cucim.skimage.feature.tests.test_blob" name="test_nd_blob_no_peaks_shape[blob_log-1-False]" time="7.183" /><testcase classname="src.cucim.skimage.feature.tests.test_blob" name="test_nd_blob_no_peaks_shape[blob_log-1-True]" time="0.551" /><testcase classname="src.cucim.skimage.feature.tests.test_blob" name="test_nd_blob_no_peaks_shape[blob_log-2-False]" time="14.421" /><testcase classname="src.cucim.skimage.feature.tests.test_blob" name="test_nd_blob_no_peaks_shape[blob_log-2-True]" time="5.399" /><testcase classname="src.cucim.skimage.feature.tests.test_blob" name="test_nd_blob_no_peaks_shape[blob_log-3-False]" time="21.734" /><testcase classname="src.cucim.skimage.feature.tests.test_blob" name="test_nd_blob_no_peaks_shape[blob_log-3-True]" time="9.335" /><testcase classname="src.cucim.skimage.feature.tests.test_blob" name="test_nd_blob_no_peaks_shape[blob_log-4-False]" time="29.142" /><testcase classname="src.cucim.skimage.feature.tests.test_blob" name="test_nd_blob_no_peaks_shape[blob_log-4-True]" time="15.079" /><testcase classname="src.cucim.skimage.feature.tests.test_blob" name="test_blob_log[absolute-uint8]" time="35.861" /><testcase classname="src.cucim.skimage.feature.tests.test_blob" name="test_blob_log[absolute-float16]" time="0.025" /><testcase classname="src.cucim.skimage.feature.tests.test_blob" name="test_blob_log[absolute-float32]" time="0.024" /><testcase classname="src.cucim.skimage.feature.tests.test_blob" name="test_blob_log[absolute-float64]" time="23.566" /><testcase classname="src.cucim.skimage.feature.tests.test_blob" name="test_blob_log[relative-uint8]" time="0.025" /><testcase classname="src.cucim.skimage.feature.tests.test_blob" name="test_blob_log[relative-float16]" time="0.025" /><testcase classname="src.cucim.skimage.feature.tests.test_blob" name="test_blob_log[relative-float32]" time="0.023" /><testcase classname="src.cucim.skimage.feature.tests.test_blob" name="test_blob_log[relative-float64]" time="0.023" /><testcase classname="src.cucim.skimage.feature.tests.test_blob" name="test_blob_log_no_warnings" time="11.975" /><testcase classname="src.cucim.skimage.feature.tests.test_blob" name="test_blob_log_3d" time="18.245" /><testcase classname="src.cucim.skimage.feature.tests.test_blob" name="test_blob_log_3d_anisotropic" time="6.950" /><testcase classname="src.cucim.skimage.feature.tests.test_blob" name="test_blob_log_exclude_border" time="12.262" /><testcase classname="src.cucim.skimage.feature.tests.test_blob" name="test_blob_doh[absolute-uint8]" time="0.669" /><testcase classname="src.cucim.skimage.feature.tests.test_blob" name="test_blob_doh[absolute-float16]" time="0.208" /><testcase classname="src.cucim.skimage.feature.tests.test_blob" name="test_blob_doh[absolute-float32]" time="0.083" /><testcase classname="src.cucim.skimage.feature.tests.test_blob" name="test_blob_doh[relative-uint8]" time="0.005" /><testcase classname="src.cucim.skimage.feature.tests.test_blob" name="test_blob_doh[relative-float16]" time="0.005" /><testcase classname="src.cucim.skimage.feature.tests.test_blob" name="test_blob_doh[relative-float32]" time="0.005" /><testcase classname="src.cucim.skimage.feature.tests.test_blob" name="test_blob_doh_log_scale" time="0.005" /><testcase classname="src.cucim.skimage.feature.tests.test_blob" name="test_blob_doh_no_peaks" time="0.002" /><testcase classname="src.cucim.skimage.feature.tests.test_blob" name="test_blob_doh_overlap" time="0.003" /><testcase classname="src.cucim.skimage.feature.tests.test_blob" name="test_blob_log_overlap_3d" time="3.142" /><testcase classname="src.cucim.skimage.feature.tests.test_blob" name="test_blob_log_anisotropic" time="3.078" /><testcase classname="src.cucim.skimage.feature.tests.test_blob" name="test_no_blob" time="3.592" /><testcase classname="src.cucim.skimage.feature.tests.test_canny.TestCanny" name="test_00_00_zeros" time="4.364" /><testcase classname="src.cucim.skimage.feature.tests.test_canny.TestCanny" name="test_00_01_zeros_mask" time="0.004" /><testcase classname="src.cucim.skimage.feature.tests.test_canny.TestCanny" name="test_01_01_circle" time="4.412" /><testcase classname="src.cucim.skimage.feature.tests.test_canny.TestCanny" name="test_01_02_circle_with_noise" time="0.006" /><testcase classname="src.cucim.skimage.feature.tests.test_canny.TestCanny" name="test_image_shape" time="0.001" /><testcase classname="src.cucim.skimage.feature.tests.test_canny.TestCanny" name="test_mask_none" time="0.007" /><testcase classname="src.cucim.skimage.feature.tests.test_canny.TestCanny" name="test_use_quantiles[uint8]" time="1.880" /><testcase classname="src.cucim.skimage.feature.tests.test_canny.TestCanny" name="test_use_quantiles[int32]" time="1.617" /><testcase classname="src.cucim.skimage.feature.tests.test_canny.TestCanny" name="test_use_quantiles[float32]" time="0.009" /><testcase classname="src.cucim.skimage.feature.tests.test_canny.TestCanny" name="test_use_quantiles[float64]" time="0.008" /><testcase classname="src.cucim.skimage.feature.tests.test_canny.TestCanny" name="test_img_all_ones" time="1.519" /><testcase classname="src.cucim.skimage.feature.tests.test_canny.TestCanny" name="test_invalid_use_quantiles" time="0.011" /><testcase classname="src.cucim.skimage.feature.tests.test_canny.TestCanny" name="test_dtype" time="1.604" /><testcase classname="src.cucim.skimage.feature.tests.test_canny.TestCanny" name="test_full_mask_matches_no_mask" time="0.096" /><testcase classname="src.cucim.skimage.feature.tests.test_canny.TestCanny" name="test_unsupported_int64[int64]" time="0.002" /><testcase classname="src.cucim.skimage.feature.tests.test_canny.TestCanny" name="test_unsupported_int64[uint64]" time="0.061" /><testcase classname="src.cucim.skimage.feature.tests.test_corner" name="test_structure_tensor[float16]" time="1.427" /><testcase classname="src.cucim.skimage.feature.tests.test_corner" name="test_structure_tensor[float32]" time="0.002" /><testcase classname="src.cucim.skimage.feature.tests.test_corner" name="test_structure_tensor[float64]" time="1.481" /><testcase classname="src.cucim.skimage.feature.tests.test_corner" name="test_structure_tensor_3d[float16]" time="2.110" /><testcase classname="src.cucim.skimage.feature.tests.test_corner" name="test_structure_tensor_3d[float32]" time="0.003" /><testcase classname="src.cucim.skimage.feature.tests.test_corner" name="test_structure_tensor_3d[float64]" time="2.091" /><testcase classname="src.cucim.skimage.feature.tests.test_corner" name="test_structure_tensor_3d_rc_only" time="0.004" /><testcase classname="src.cucim.skimage.feature.tests.test_corner" name="test_structure_tensor_orders" time="0.003" /><testcase classname="src.cucim.skimage.feature.tests.test_corner" name="test_structure_tensor_sigma[2]" time="0.092" /><testcase classname="src.cucim.skimage.feature.tests.test_corner" name="test_structure_tensor_sigma[3]" time="0.005" /><testcase classname="src.cucim.skimage.feature.tests.test_corner" name="test_hessian_matrix[float16]" time="0.013" /><testcase classname="src.cucim.skimage.feature.tests.test_corner" name="test_hessian_matrix[float32]" time="0.008" /><testcase classname="src.cucim.skimage.feature.tests.test_corner" name="test_hessian_matrix[float64]" time="0.149" /><testcase classname="src.cucim.skimage.feature.tests.test_corner" name="test_hessian_matrix_order[False]" time="0.003" /><testcase classname="src.cucim.skimage.feature.tests.test_corner" name="test_hessian_matrix_order[True]" time="1.429" /><testcase classname="src.cucim.skimage.feature.tests.test_corner" name="test_hessian_matrix_3d" time="0.002" /><testcase classname="src.cucim.skimage.feature.tests.test_corner" name="test_hessian_matrix_3d_xy[False]" time="0.001" /><testcase classname="src.cucim.skimage.feature.tests.test_corner" name="test_hessian_matrix_3d_xy[True]" time="0.001" /><testcase classname="src.cucim.skimage.feature.tests.test_corner" name="test_structure_tensor_eigenvalues[float16]" time="0.002" /><testcase classname="src.cucim.skimage.feature.tests.test_corner" name="test_structure_tensor_eigenvalues[float32]" time="0.002" /><testcase classname="src.cucim.skimage.feature.tests.test_corner" name="test_structure_tensor_eigenvalues[float64]" time="0.076" /><testcase classname="src.cucim.skimage.feature.tests.test_corner" name="test_structure_tensor_eigenvalues_3d" time="0.463" /><testcase classname="src.cucim.skimage.feature.tests.test_corner" name="test_hessian_matrix_eigvals[float16]" time="0.002" /><testcase classname="src.cucim.skimage.feature.tests.test_corner" name="test_hessian_matrix_eigvals[float32]" time="0.002" /><testcase classname="src.cucim.skimage.feature.tests.test_corner" name="test_hessian_matrix_eigvals[float64]" time="0.002" /><testcase classname="src.cucim.skimage.feature.tests.test_corner" name="test_hessian_matrix_eigvals_3d[float16]" time="2.132" /><testcase classname="src.cucim.skimage.feature.tests.test_corner" name="test_hessian_matrix_eigvals_3d[float32]" time="0.005" /><testcase classname="src.cucim.skimage.feature.tests.test_corner" name="test_hessian_matrix_eigvals_3d[float64]" time="2.285" /><testcase classname="src.cucim.skimage.feature.tests.test_corner" name="test_custom_eigvals_kernels_vs_linalg_eigvalsh[float32-shape0]" time="1.084" /><testcase classname="src.cucim.skimage.feature.tests.test_corner" name="test_custom_eigvals_kernels_vs_linalg_eigvalsh[float32-shape1]" time="0.028" /><testcase classname="src.cucim.skimage.feature.tests.test_corner" name="test_custom_eigvals_kernels_vs_linalg_eigvalsh[float32-shape2]" time="0.004" /><testcase classname="src.cucim.skimage.feature.tests.test_corner" name="test_custom_eigvals_kernels_vs_linalg_eigvalsh[float64-shape0]" time="0.003" /><testcase classname="src.cucim.skimage.feature.tests.test_corner" name="test_custom_eigvals_kernels_vs_linalg_eigvalsh[float64-shape1]" time="0.289" /><testcase classname="src.cucim.skimage.feature.tests.test_corner" name="test_custom_eigvals_kernels_vs_linalg_eigvalsh[float64-shape2]" time="0.004" /><testcase classname="src.cucim.skimage.feature.tests.test_corner" name="test_hessian_matrix_det[False]" time="1.670" /><testcase classname="src.cucim.skimage.feature.tests.test_corner" name="test_hessian_matrix_det[True]" time="0.001" /><testcase classname="src.cucim.skimage.feature.tests.test_corner" name="test_hessian_matrix_det_vs_skimage[uint8-2-False]" time="1.536" /><testcase classname="src.cucim.skimage.feature.tests.test_corner" name="test_hessian_matrix_det_vs_skimage[uint8-2-True]" time="0.077" /><testcase classname="src.cucim.skimage.feature.tests.test_corner" name="test_hessian_matrix_det_vs_skimage[uint8-3-False]" time="2.234" /><testcase classname="src.cucim.skimage.feature.tests.test_corner" name="test_hessian_matrix_det_vs_skimage[uint8-3-True]" time="0.001"><skipped type="pytest.skip" message="approximate only implemented for 2D images">/home/goplanid/cucim/python/cucim/src/cucim/skimage/feature/tests/test_corner.py:368: approximate only implemented for 2D images</skipped></testcase><testcase classname="src.cucim.skimage.feature.tests.test_corner" name="test_hessian_matrix_det_vs_skimage[float16-2-False]" time="0.004" /><testcase classname="src.cucim.skimage.feature.tests.test_corner" name="test_hessian_matrix_det_vs_skimage[float16-2-True]" time="0.002" /><testcase classname="src.cucim.skimage.feature.tests.test_corner" name="test_hessian_matrix_det_vs_skimage[float16-3-False]" time="0.005" /><testcase classname="src.cucim.skimage.feature.tests.test_corner" name="test_hessian_matrix_det_vs_skimage[float16-3-True]" time="0.001"><skipped type="pytest.skip" message="approximate only implemented for 2D images">/home/goplanid/cucim/python/cucim/src/cucim/skimage/feature/tests/test_corner.py:368: approximate only implemented for 2D images</skipped></testcase><testcase classname="src.cucim.skimage.feature.tests.test_corner" name="test_hessian_matrix_det_vs_skimage[float32-2-False]" time="0.003" /><testcase classname="src.cucim.skimage.feature.tests.test_corner" name="test_hessian_matrix_det_vs_skimage[float32-2-True]" time="0.002" /><testcase classname="src.cucim.skimage.feature.tests.test_corner" name="test_hessian_matrix_det_vs_skimage[float32-3-False]" time="0.005" /><testcase classname="src.cucim.skimage.feature.tests.test_corner" name="test_hessian_matrix_det_vs_skimage[float32-3-True]" time="0.001"><skipped type="pytest.skip" message="approximate only implemented for 2D images">/home/goplanid/cucim/python/cucim/src/cucim/skimage/feature/tests/test_corner.py:368: approximate only implemented for 2D images</skipped></testcase><testcase classname="src.cucim.skimage.feature.tests.test_corner" name="test_hessian_matrix_det_vs_skimage[float64-2-False]" time="1.471" /><testcase classname="src.cucim.skimage.feature.tests.test_corner" name="test_hessian_matrix_det_vs_skimage[float64-2-True]" time="0.002" /><testcase classname="src.cucim.skimage.feature.tests.test_corner" name="test_hessian_matrix_det_vs_skimage[float64-3-False]" time="2.265" /><testcase classname="src.cucim.skimage.feature.tests.test_corner" name="test_hessian_matrix_det_vs_skimage[float64-3-True]" time="0.001"><skipped type="pytest.skip" message="approximate only implemented for 2D images">/home/goplanid/cucim/python/cucim/src/cucim/skimage/feature/tests/test_corner.py:368: approximate only implemented for 2D images</skipped></testcase><testcase classname="src.cucim.skimage.feature.tests.test_corner" name="test_hessian_matrix_det_3d[float16]" time="0.005" /><testcase classname="src.cucim.skimage.feature.tests.test_corner" name="test_hessian_matrix_det_3d[float32]" time="0.004" /><testcase classname="src.cucim.skimage.feature.tests.test_corner" name="test_hessian_matrix_det_3d[float64]" time="0.004" /><testcase classname="src.cucim.skimage.feature.tests.test_corner" name="test_shape_index" time="0.086" /><testcase classname="src.cucim.skimage.feature.tests.test_corner" name="test_square_image" time="1.722" /><testcase classname="src.cucim.skimage.feature.tests.test_corner" name="test_corner_dtype[corner_harris-float16]" time="0.138" /><testcase classname="src.cucim.skimage.feature.tests.test_corner" name="test_corner_dtype[corner_harris-float32]" time="0.071" /><testcase classname="src.cucim.skimage.feature.tests.test_corner" name="test_corner_dtype[corner_harris-float64]" time="0.002" /><testcase classname="src.cucim.skimage.feature.tests.test_corner" name="test_corner_dtype[corner_shi_tomasi-float16]" time="0.074" /><testcase classname="src.cucim.skimage.feature.tests.test_corner" name="test_corner_dtype[corner_shi_tomasi-float32]" time="0.002" /><testcase classname="src.cucim.skimage.feature.tests.test_corner" name="test_corner_dtype[corner_shi_tomasi-float64]" time="0.002" /><testcase classname="src.cucim.skimage.feature.tests.test_corner" name="test_corner_dtype[corner_kitchen_rosenfeld-float16]" time="0.080" /><testcase classname="src.cucim.skimage.feature.tests.test_corner" name="test_corner_dtype[corner_kitchen_rosenfeld-float32]" time="0.002" /><testcase classname="src.cucim.skimage.feature.tests.test_corner" name="test_corner_dtype[corner_kitchen_rosenfeld-float64]" time="0.078" /><testcase classname="src.cucim.skimage.feature.tests.test_corner" name="test_corner_foerstner_dtype[float16]" time="0.076" /><testcase classname="src.cucim.skimage.feature.tests.test_corner" name="test_corner_foerstner_dtype[float32]" time="0.002" /><testcase classname="src.cucim.skimage.feature.tests.test_corner" name="test_corner_foerstner_dtype[float64]" time="0.081" /><testcase classname="src.cucim.skimage.feature.tests.test_corner" name="test_noisy_square_image" time="0.009" /><testcase classname="src.cucim.skimage.feature.tests.test_corner" name="test_squared_dot" time="0.081" /><testcase classname="src.cucim.skimage.feature.tests.test_corner" name="test_rotated_img" time="0.223" /><testcase classname="src.cucim.skimage.feature.tests.test_corner" name="test_num_peaks" time="1.659" /><testcase classname="src.cucim.skimage.feature.tests.test_corner" name="test_corner_peaks" time="5.133" /><testcase classname="src.cucim.skimage.feature.tests.test_corner" name="test_blank_image_nans" time="0.080" /><testcase classname="src.cucim.skimage.feature.tests.test_daisy" name="test_daisy_color_image_unsupported_error" time="0.001" /><testcase classname="src.cucim.skimage.feature.tests.test_daisy" name="test_daisy_desc_dims" time="5.199" /><testcase classname="src.cucim.skimage.feature.tests.test_daisy" name="test_descs_shape" time="6.654" /><testcase classname="src.cucim.skimage.feature.tests.test_daisy" name="test_daisy_sigmas_and_radii" time="0.014" /><testcase classname="src.cucim.skimage.feature.tests.test_daisy" name="test_daisy_incompatible_sigmas_and_radii" time="0.007" /><testcase classname="src.cucim.skimage.feature.tests.test_daisy" name="test_daisy_normalization" time="2.144" /><testcase classname="src.cucim.skimage.feature.tests.test_daisy" name="test_daisy_visualization" time="0.418" /><testcase classname="src.cucim.skimage.feature.tests.test_match" name="test_binary_descriptors_unequal_descriptor_sizes_error" time="0.001" /><testcase classname="src.cucim.skimage.feature.tests.test_match" name="test_binary_descriptors" time="1.107" /><testcase classname="src.cucim.skimage.feature.tests.test_match" name="test_binary_descriptors_rotation_crosscheck_false" time="1.782" /><testcase classname="src.cucim.skimage.feature.tests.test_match" name="test_binary_descriptors_rotation_crosscheck_true" time="0.030" /><testcase classname="src.cucim.skimage.feature.tests.test_match" name="test_max_distance" time="0.008" /><testcase classname="src.cucim.skimage.feature.tests.test_match" name="test_max_ratio" time="0.092" /><testcase classname="src.cucim.skimage.feature.tests.test_peak.TestPeakLocalMax" name="test_trivial_case" time="1.946" /><testcase classname="src.cucim.skimage.feature.tests.test_peak.TestPeakLocalMax" name="test_noisy_peaks" time="0.003" /><testcase classname="src.cucim.skimage.feature.tests.test_peak.TestPeakLocalMax" name="test_relative_threshold" time="1.703" /><testcase classname="src.cucim.skimage.feature.tests.test_peak.TestPeakLocalMax" name="test_absolute_threshold" time="0.002" /><testcase classname="src.cucim.skimage.feature.tests.test_peak.TestPeakLocalMax" name="test_constant_image" time="0.002" /><testcase classname="src.cucim.skimage.feature.tests.test_peak.TestPeakLocalMax" name="test_flat_peak" time="0.002" /><testcase classname="src.cucim.skimage.feature.tests.test_peak.TestPeakLocalMax" name="test_sorted_peaks" time="0.003" /><testcase classname="src.cucim.skimage.feature.tests.test_peak.TestPeakLocalMax" name="test_num_peaks" time="0.003" /><testcase classname="src.cucim.skimage.feature.tests.test_peak.TestPeakLocalMax" name="test_num_peaks_and_labels" time="0.453" /><testcase classname="src.cucim.skimage.feature.tests.test_peak.TestPeakLocalMax" name="test_num_peaks_tot_vs_labels_4quadrants" time="0.340" /><testcase classname="src.cucim.skimage.feature.tests.test_peak.TestPeakLocalMax" name="test_num_peaks3D" time="0.063" /><testcase classname="src.cucim.skimage.feature.tests.test_peak.TestPeakLocalMax" name="test_reorder_labels" time="1.784" /><testcase classname="src.cucim.skimage.feature.tests.test_peak.TestPeakLocalMax" name="test_indices_with_labels" time="0.007" /><testcase classname="src.cucim.skimage.feature.tests.test_peak.TestPeakLocalMax" name="test_ndarray_exclude_border" time="2.104" /><testcase classname="src.cucim.skimage.feature.tests.test_peak.TestPeakLocalMax" name="test_empty" time="0.001" /><testcase classname="src.cucim.skimage.feature.tests.test_peak.TestPeakLocalMax" name="test_empty_non2d_indices" time="0.004" /><testcase classname="src.cucim.skimage.feature.tests.test_peak.TestPeakLocalMax" name="test_one_point" time="0.081" /><testcase classname="src.cucim.skimage.feature.tests.test_peak.TestPeakLocalMax" name="test_adjacent_and_same" time="0.002" /><testcase classname="src.cucim.skimage.feature.tests.test_peak.TestPeakLocalMax" name="test_adjacent_and_different" time="0.003" /><testcase classname="src.cucim.skimage.feature.tests.test_peak.TestPeakLocalMax" name="test_not_adjacent_and_different" time="1.580" /><testcase classname="src.cucim.skimage.feature.tests.test_peak.TestPeakLocalMax" name="test_two_objects" time="0.068" /><testcase classname="src.cucim.skimage.feature.tests.test_peak.TestPeakLocalMax" name="test_adjacent_different_objects" time="0.003" /><testcase classname="src.cucim.skimage.feature.tests.test_peak.TestPeakLocalMax" name="test_four_quadrants" time="0.009" /><testcase classname="src.cucim.skimage.feature.tests.test_peak.TestPeakLocalMax" name="test_disk" time="0.002" /><testcase classname="src.cucim.skimage.feature.tests.test_peak.TestPeakLocalMax" name="test_3D" time="6.285" /><testcase classname="src.cucim.skimage.feature.tests.test_peak.TestPeakLocalMax" name="test_4D" time="8.529" /><testcase classname="src.cucim.skimage.feature.tests.test_peak.TestPeakLocalMax" name="test_threshold_rel_default" time="0.012" /><testcase classname="src.cucim.skimage.feature.tests.test_peak.TestPeakLocalMax" name="test_peak_at_border" time="1.517" /><testcase classname="src.cucim.skimage.feature.tests.test_peak" name="test_exclude_border[indices0]" time="0.005" /><testcase classname="src.cucim.skimage.feature.tests.test_peak" name="test_exclude_border[indices1]" time="0.005" /><testcase classname="src.cucim.skimage.feature.tests.test_peak" name="test_exclude_border[indices2]" time="0.005" /><testcase classname="src.cucim.skimage.feature.tests.test_peak" name="test_exclude_border[indices3]" time="0.005" /><testcase classname="src.cucim.skimage.feature.tests.test_peak" name="test_exclude_border[indices4]" time="0.005" /><testcase classname="src.cucim.skimage.feature.tests.test_peak" name="test_exclude_border[indices5]" time="0.004" /><testcase classname="src.cucim.skimage.feature.tests.test_peak" name="test_exclude_border[indices6]" time="0.005" /><testcase classname="src.cucim.skimage.feature.tests.test_peak" name="test_exclude_border[indices7]" time="0.005" /><testcase classname="src.cucim.skimage.feature.tests.test_peak" name="test_exclude_border[indices8]" time="0.004" /><testcase classname="src.cucim.skimage.feature.tests.test_peak" name="test_exclude_border[indices9]" time="0.004" /><testcase classname="src.cucim.skimage.feature.tests.test_peak" name="test_exclude_border[indices10]" time="0.005" /><testcase classname="src.cucim.skimage.feature.tests.test_peak" name="test_exclude_border[indices11]" time="0.005" /><testcase classname="src.cucim.skimage.feature.tests.test_peak" name="test_exclude_border[indices12]" time="0.005" /><testcase classname="src.cucim.skimage.feature.tests.test_peak" name="test_exclude_border[indices13]" time="0.005" /><testcase classname="src.cucim.skimage.feature.tests.test_peak" name="test_exclude_border[indices14]" time="0.005" /><testcase classname="src.cucim.skimage.feature.tests.test_peak" name="test_exclude_border[indices15]" time="0.005" /><testcase classname="src.cucim.skimage.feature.tests.test_peak" name="test_exclude_border[indices16]" time="0.005" /><testcase classname="src.cucim.skimage.feature.tests.test_peak" name="test_exclude_border[indices17]" time="0.005" /><testcase classname="src.cucim.skimage.feature.tests.test_peak" name="test_exclude_border[indices18]" time="0.005" /><testcase classname="src.cucim.skimage.feature.tests.test_peak" name="test_exclude_border[indices19]" time="0.005" /><testcase classname="src.cucim.skimage.feature.tests.test_peak" name="test_exclude_border[indices20]" time="0.005" /><testcase classname="src.cucim.skimage.feature.tests.test_peak" name="test_exclude_border[indices21]" time="0.004" /><testcase classname="src.cucim.skimage.feature.tests.test_peak" name="test_exclude_border[indices22]" time="0.004" /><testcase classname="src.cucim.skimage.feature.tests.test_peak" name="test_exclude_border[indices23]" time="0.004" /><testcase classname="src.cucim.skimage.feature.tests.test_peak" name="test_exclude_border[indices24]" time="0.005" /><testcase classname="src.cucim.skimage.feature.tests.test_peak" name="test_exclude_border_errors" time="0.001" /><testcase classname="src.cucim.skimage.feature.tests.test_peak" name="test_input_values_with_labels" time="0.003" /><testcase classname="src.cucim.skimage.feature.tests.test_peak.TestProminentPeaks" name="test_isolated_peaks" time="3.325" /><testcase classname="src.cucim.skimage.feature.tests.test_peak.TestProminentPeaks" name="test_threshold" time="0.011" /><testcase classname="src.cucim.skimage.feature.tests.test_peak.TestProminentPeaks" name="test_peaks_in_contact" time="1.611" /><testcase classname="src.cucim.skimage.feature.tests.test_peak.TestProminentPeaks" name="test_input_labels_unmodified" time="0.002" /><testcase classname="src.cucim.skimage.feature.tests.test_peak.TestProminentPeaks" name="test_many_objects" time="2.393" /><testcase classname="src.cucim.skimage.feature.tests.test_template" name="test_template[float32]" time="3.946" /><testcase classname="src.cucim.skimage.feature.tests.test_template" name="test_template[float64]" time="1.092" /><testcase classname="src.cucim.skimage.feature.tests.test_template" name="test_normalization" time="0.239" /><testcase classname="src.cucim.skimage.feature.tests.test_template" name="test_no_nans" time="0.081" /><testcase classname="src.cucim.skimage.feature.tests.test_template" name="test_switched_arguments" time="0.001" /><testcase classname="src.cucim.skimage.feature.tests.test_template" name="test_pad_input" time="0.655" /><testcase classname="src.cucim.skimage.feature.tests.test_template" name="test_3d" time="0.605" /><testcase classname="src.cucim.skimage.feature.tests.test_template" name="test_3d_pad_input" time="0.003" /><testcase classname="src.cucim.skimage.feature.tests.test_template" name="test_padding_reflect" time="0.367" /><testcase classname="src.cucim.skimage.feature.tests.test_template" name="test_wrong_input" time="0.001" /><testcase classname="src.cucim.skimage.feature.tests.test_template" name="test_bounding_values" time="2.074" /><testcase classname="src.cucim.skimage.filters.tests.test_correlate" name="test_correlate_sparse_valid_mode" time="0.789" /><testcase classname="src.cucim.skimage.filters.tests.test_correlate" name="test_correlate_sparse[uint16-nearest]" time="1.053" /><testcase classname="src.cucim.skimage.filters.tests.test_correlate" name="test_correlate_sparse[uint16-reflect]" time="0.775" /><testcase classname="src.cucim.skimage.filters.tests.test_correlate" name="test_correlate_sparse[uint16-mirror]" time="0.813" /><testcase classname="src.cucim.skimage.filters.tests.test_correlate" name="test_correlate_sparse[int32-nearest]" time="0.138" /><testcase classname="src.cucim.skimage.filters.tests.test_correlate" name="test_correlate_sparse[int32-reflect]" time="0.074" /><testcase classname="src.cucim.skimage.filters.tests.test_correlate" name="test_correlate_sparse[int32-mirror]" time="0.074" /><testcase classname="src.cucim.skimage.filters.tests.test_correlate" name="test_correlate_sparse[float16-nearest]" time="0.066" /><testcase classname="src.cucim.skimage.filters.tests.test_correlate" name="test_correlate_sparse[float16-reflect]" time="0.002" /><testcase classname="src.cucim.skimage.filters.tests.test_correlate" name="test_correlate_sparse[float16-mirror]" time="0.001" /><testcase classname="src.cucim.skimage.filters.tests.test_correlate" name="test_correlate_sparse[float32-nearest]" time="0.001" /><testcase classname="src.cucim.skimage.filters.tests.test_correlate" name="test_correlate_sparse[float32-reflect]" time="0.001" /><testcase classname="src.cucim.skimage.filters.tests.test_correlate" name="test_correlate_sparse[float32-mirror]" time="0.002" /><testcase classname="src.cucim.skimage.filters.tests.test_correlate" name="test_correlate_sparse[float64-nearest]" time="0.002" /><testcase classname="src.cucim.skimage.filters.tests.test_correlate" name="test_correlate_sparse[float64-reflect]" time="0.002" /><testcase classname="src.cucim.skimage.filters.tests.test_correlate" name="test_correlate_sparse[float64-mirror]" time="0.001" /><testcase classname="src.cucim.skimage.filters.tests.test_correlate" name="test_correlate_sparse_invalid_kernel[nearest]" time="0.001" /><testcase classname="src.cucim.skimage.filters.tests.test_correlate" name="test_correlate_sparse_invalid_kernel[reflect]" time="0.001" /><testcase classname="src.cucim.skimage.filters.tests.test_correlate" name="test_correlate_sparse_invalid_kernel[mirror]" time="0.001" /><testcase classname="src.cucim.skimage.filters.tests.test_edges" name="test_roberts_zeros[float16]" time="0.836" /><testcase classname="src.cucim.skimage.filters.tests.test_edges" name="test_roberts_zeros[float32]" time="0.002" /><testcase classname="src.cucim.skimage.filters.tests.test_edges" name="test_roberts_zeros[float64]" time="0.686" /><testcase classname="src.cucim.skimage.filters.tests.test_edges" name="test_roberts_diagonal1[float16]" time="0.339" /><testcase classname="src.cucim.skimage.filters.tests.test_edges" name="test_roberts_diagonal1[float32]" time="0.073" /><testcase classname="src.cucim.skimage.filters.tests.test_edges" name="test_roberts_diagonal1[float64]" time="0.001" /><testcase classname="src.cucim.skimage.filters.tests.test_edges" name="test_int_rescaling[farid]" time="1.405" /><testcase classname="src.cucim.skimage.filters.tests.test_edges" name="test_int_rescaling[laplace]" time="0.684" /><testcase classname="src.cucim.skimage.filters.tests.test_edges" name="test_int_rescaling[prewitt]" time="0.004" /><testcase classname="src.cucim.skimage.filters.tests.test_edges" name="test_int_rescaling[roberts]" time="0.005" /><testcase classname="src.cucim.skimage.filters.tests.test_edges" name="test_int_rescaling[scharr]" time="0.004" /><testcase classname="src.cucim.skimage.filters.tests.test_edges" name="test_int_rescaling[sobel]" time="0.004" /><testcase classname="src.cucim.skimage.filters.tests.test_edges" name="test_roberts_diagonal2" time="0.756" /><testcase classname="src.cucim.skimage.filters.tests.test_edges" name="test_sobel_zeros" time="1.403" /><testcase classname="src.cucim.skimage.filters.tests.test_edges" name="test_sobel_mask[float16]" time="0.002" /><testcase classname="src.cucim.skimage.filters.tests.test_edges" name="test_sobel_mask[float32]" time="0.001" /><testcase classname="src.cucim.skimage.filters.tests.test_edges" name="test_sobel_mask[float64]" time="0.001" /><testcase classname="src.cucim.skimage.filters.tests.test_edges" name="test_sobel_horizontal" time="0.069" /><testcase classname="src.cucim.skimage.filters.tests.test_edges" name="test_sobel_vertical" time="0.002" /><testcase classname="src.cucim.skimage.filters.tests.test_edges" name="test_sobel_h_zeros" time="0.001" /><testcase classname="src.cucim.skimage.filters.tests.test_edges" name="test_sobel_h_mask" time="0.001" /><testcase classname="src.cucim.skimage.filters.tests.test_edges" name="test_sobel_h_horizontal" time="0.001" /><testcase classname="src.cucim.skimage.filters.tests.test_edges" name="test_sobel_h_vertical" time="0.001" /><testcase classname="src.cucim.skimage.filters.tests.test_edges" name="test_sobel_v_zeros" time="0.001" /><testcase classname="src.cucim.skimage.filters.tests.test_edges" name="test_sobel_v_mask" time="0.001" /><testcase classname="src.cucim.skimage.filters.tests.test_edges" name="test_sobel_v_vertical" time="0.001" /><testcase classname="src.cucim.skimage.filters.tests.test_edges" name="test_sobel_v_horizontal" time="0.001" /><testcase classname="src.cucim.skimage.filters.tests.test_edges" name="test_scharr_zeros" time="0.001" /><testcase classname="src.cucim.skimage.filters.tests.test_edges" name="test_scharr_mask[float16]" time="0.001" /><testcase classname="src.cucim.skimage.filters.tests.test_edges" name="test_scharr_mask[float32]" time="0.001" /><testcase classname="src.cucim.skimage.filters.tests.test_edges" name="test_scharr_mask[float64]" time="0.002" /><testcase classname="src.cucim.skimage.filters.tests.test_edges" name="test_scharr_horizontal" time="0.002" /><testcase classname="src.cucim.skimage.filters.tests.test_edges" name="test_scharr_vertical" time="0.002" /><testcase classname="src.cucim.skimage.filters.tests.test_edges" name="test_scharr_h_zeros" time="0.001" /><testcase classname="src.cucim.skimage.filters.tests.test_edges" name="test_scharr_h_mask" time="0.001" /><testcase classname="src.cucim.skimage.filters.tests.test_edges" name="test_scharr_h_horizontal" time="0.001" /><testcase classname="src.cucim.skimage.filters.tests.test_edges" name="test_scharr_h_vertical" time="0.001" /><testcase classname="src.cucim.skimage.filters.tests.test_edges" name="test_scharr_v_zeros" time="0.001" /><testcase classname="src.cucim.skimage.filters.tests.test_edges" name="test_scharr_v_mask" time="0.001" /><testcase classname="src.cucim.skimage.filters.tests.test_edges" name="test_scharr_v_vertical" time="0.002" /><testcase classname="src.cucim.skimage.filters.tests.test_edges" name="test_scharr_v_horizontal" time="0.001" /><testcase classname="src.cucim.skimage.filters.tests.test_edges" name="test_prewitt_zeros" time="0.001" /><testcase classname="src.cucim.skimage.filters.tests.test_edges" name="test_prewitt_mask[float16]" time="0.002" /><testcase classname="src.cucim.skimage.filters.tests.test_edges" name="test_prewitt_mask[float32]" time="0.002" /><testcase classname="src.cucim.skimage.filters.tests.test_edges" name="test_prewitt_mask[float64]" time="0.002" /><testcase classname="src.cucim.skimage.filters.tests.test_edges" name="test_prewitt_horizontal" time="0.002" /><testcase classname="src.cucim.skimage.filters.tests.test_edges" name="test_prewitt_vertical" time="0.002" /><testcase classname="src.cucim.skimage.filters.tests.test_edges" name="test_prewitt_h_zeros" time="0.001" /><testcase classname="src.cucim.skimage.filters.tests.test_edges" name="test_prewitt_h_mask" time="0.001" /><testcase classname="src.cucim.skimage.filters.tests.test_edges" name="test_prewitt_h_horizontal" time="0.002" /><testcase classname="src.cucim.skimage.filters.tests.test_edges" name="test_prewitt_h_vertical" time="0.001" /><testcase classname="src.cucim.skimage.filters.tests.test_edges" name="test_prewitt_v_zeros" time="0.001" /><testcase classname="src.cucim.skimage.filters.tests.test_edges" name="test_prewitt_v_mask" time="0.001" /><testcase classname="src.cucim.skimage.filters.tests.test_edges" name="test_prewitt_v_vertical" time="0.001" /><testcase classname="src.cucim.skimage.filters.tests.test_edges" name="test_prewitt_v_horizontal" time="0.001" /><testcase classname="src.cucim.skimage.filters.tests.test_edges" name="test_laplace_zeros" time="0.723" /><testcase classname="src.cucim.skimage.filters.tests.test_edges" name="test_laplace_mask[float16]" time="0.002" /><testcase classname="src.cucim.skimage.filters.tests.test_edges" name="test_laplace_mask[float32]" time="0.001" /><testcase classname="src.cucim.skimage.filters.tests.test_edges" name="test_laplace_mask[float64]" time="0.001" /><testcase classname="src.cucim.skimage.filters.tests.test_edges" name="test_farid_zeros" time="1.409" /><testcase classname="src.cucim.skimage.filters.tests.test_edges" name="test_farid_mask[float16]" time="0.002" /><testcase classname="src.cucim.skimage.filters.tests.test_edges" name="test_farid_mask[float32]" time="0.002" /><testcase classname="src.cucim.skimage.filters.tests.test_edges" name="test_farid_mask[float64]" time="0.002" /><testcase classname="src.cucim.skimage.filters.tests.test_edges" name="test_farid_horizontal" time="0.076" /><testcase classname="src.cucim.skimage.filters.tests.test_edges" name="test_farid_vertical" time="0.002" /><testcase classname="src.cucim.skimage.filters.tests.test_edges" name="test_farid_h_zeros" time="0.718" /><testcase classname="src.cucim.skimage.filters.tests.test_edges" name="test_farid_h_mask" time="0.001" /><testcase classname="src.cucim.skimage.filters.tests.test_edges" name="test_farid_h_horizontal" time="0.002" /><testcase classname="src.cucim.skimage.filters.tests.test_edges" name="test_farid_h_vertical" time="0.001" /><testcase classname="src.cucim.skimage.filters.tests.test_edges" name="test_farid_v_zeros" time="0.001" /><testcase classname="src.cucim.skimage.filters.tests.test_edges" name="test_farid_v_mask" time="0.001" /><testcase classname="src.cucim.skimage.filters.tests.test_edges" name="test_farid_v_vertical" time="0.002" /><testcase classname="src.cucim.skimage.filters.tests.test_edges" name="test_farid_v_horizontal" time="0.001" /><testcase classname="src.cucim.skimage.filters.tests.test_edges" name="test_horizontal_mask_line[prewitt_h]" time="0.683" /><testcase classname="src.cucim.skimage.filters.tests.test_edges" name="test_horizontal_mask_line[sobel_h]" time="0.002" /><testcase classname="src.cucim.skimage.filters.tests.test_edges" name="test_horizontal_mask_line[scharr_h]" time="0.002" /><testcase classname="src.cucim.skimage.filters.tests.test_edges" name="test_vertical_mask_line[prewitt_v]" time="0.001" /><testcase classname="src.cucim.skimage.filters.tests.test_edges" name="test_vertical_mask_line[sobel_v]" time="0.001" /><testcase classname="src.cucim.skimage.filters.tests.test_edges" name="test_vertical_mask_line[scharr_v]" time="0.001" /><testcase classname="src.cucim.skimage.filters.tests.test_edges" name="test_3d_edge_filters[prewitt-max_edge0]" time="4.121" /><testcase classname="src.cucim.skimage.filters.tests.test_edges" name="test_3d_edge_filters[sobel-max_edge1]" time="0.004" /><testcase classname="src.cucim.skimage.filters.tests.test_edges" name="test_3d_edge_filters[scharr-max_edge2]" time="0.004" /><testcase classname="src.cucim.skimage.filters.tests.test_edges" name="test_3d_edge_filters[farid-max_edge3]" time="4.145" /><testcase classname="src.cucim.skimage.filters.tests.test_edges" name="test_3d_edge_filters_single_axis[prewitt-max_edge0]" time="0.004" /><testcase classname="src.cucim.skimage.filters.tests.test_edges" name="test_3d_edge_filters_single_axis[sobel-max_edge1]" time="0.003" /><testcase classname="src.cucim.skimage.filters.tests.test_edges" name="test_3d_edge_filters_single_axis[scharr-max_edge2]" time="0.003" /><testcase classname="src.cucim.skimage.filters.tests.test_edges" name="test_3d_edge_filters_single_axis[farid-max_edge3]" time="0.003" /><testcase classname="src.cucim.skimage.filters.tests.test_edges" name="test_range[sobel]" time="0.001" /><testcase classname="src.cucim.skimage.filters.tests.test_edges" name="test_range[scharr]" time="0.001" /><testcase classname="src.cucim.skimage.filters.tests.test_edges" name="test_range[prewitt]" time="0.001" /><testcase classname="src.cucim.skimage.filters.tests.test_edges" name="test_range[roberts]" time="0.001" /><testcase classname="src.cucim.skimage.filters.tests.test_edges" name="test_range[farid]" time="0.001" /><testcase classname="src.cucim.skimage.filters.tests.test_fft_based" name="test_butterworth_2D_zeros_dtypes[False-float16]" time="0.246" /><testcase classname="src.cucim.skimage.filters.tests.test_fft_based" name="test_butterworth_2D_zeros_dtypes[False-float32]" time="0.002" /><testcase classname="src.cucim.skimage.filters.tests.test_fft_based" name="test_butterworth_2D_zeros_dtypes[False-float64]" time="0.112" /><testcase classname="src.cucim.skimage.filters.tests.test_fft_based" name="test_butterworth_2D_zeros_dtypes[False-uint8]" time="0.002" /><testcase classname="src.cucim.skimage.filters.tests.test_fft_based" name="test_butterworth_2D_zeros_dtypes[False-int32]" time="0.002" /><testcase classname="src.cucim.skimage.filters.tests.test_fft_based" name="test_butterworth_2D_zeros_dtypes[True-float16]" time="0.002" /><testcase classname="src.cucim.skimage.filters.tests.test_fft_based" name="test_butterworth_2D_zeros_dtypes[True-float32]" time="0.002" /><testcase classname="src.cucim.skimage.filters.tests.test_fft_based" name="test_butterworth_2D_zeros_dtypes[True-float64]" time="0.001" /><testcase classname="src.cucim.skimage.filters.tests.test_fft_based" name="test_butterworth_2D_zeros_dtypes[True-uint8]" time="0.001" /><testcase classname="src.cucim.skimage.filters.tests.test_fft_based" name="test_butterworth_2D_zeros_dtypes[True-int32]" time="0.001" /><testcase classname="src.cucim.skimage.filters.tests.test_fft_based" name="test_butterworth_cutoff[0.2-6-False-False]" time="0.001" /><testcase classname="src.cucim.skimage.filters.tests.test_fft_based" name="test_butterworth_cutoff[0.2-6-False-True]" time="0.001" /><testcase classname="src.cucim.skimage.filters.tests.test_fft_based" name="test_butterworth_cutoff[0.2-6-True-False]" time="0.001" /><testcase classname="src.cucim.skimage.filters.tests.test_fft_based" name="test_butterworth_cutoff[0.2-6-True-True]" time="0.001" /><testcase classname="src.cucim.skimage.filters.tests.test_fft_based" name="test_butterworth_cutoff[0.2-10-False-False]" time="0.001" /><testcase classname="src.cucim.skimage.filters.tests.test_fft_based" name="test_butterworth_cutoff[0.2-10-False-True]" time="0.001" /><testcase classname="src.cucim.skimage.filters.tests.test_fft_based" name="test_butterworth_cutoff[0.2-10-True-False]" time="0.001" /><testcase classname="src.cucim.skimage.filters.tests.test_fft_based" name="test_butterworth_cutoff[0.2-10-True-True]" time="0.001" /><testcase classname="src.cucim.skimage.filters.tests.test_fft_based" name="test_butterworth_cutoff[0.3-6-False-False]" time="0.001" /><testcase classname="src.cucim.skimage.filters.tests.test_fft_based" name="test_butterworth_cutoff[0.3-6-False-True]" time="0.001" /><testcase classname="src.cucim.skimage.filters.tests.test_fft_based" name="test_butterworth_cutoff[0.3-6-True-False]" time="0.001" /><testcase classname="src.cucim.skimage.filters.tests.test_fft_based" name="test_butterworth_cutoff[0.3-6-True-True]" time="0.001" /><testcase classname="src.cucim.skimage.filters.tests.test_fft_based" name="test_butterworth_cutoff[0.3-10-False-False]" time="0.001" /><testcase classname="src.cucim.skimage.filters.tests.test_fft_based" name="test_butterworth_cutoff[0.3-10-False-True]" time="0.001" /><testcase classname="src.cucim.skimage.filters.tests.test_fft_based" name="test_butterworth_cutoff[0.3-10-True-False]" time="0.001" /><testcase classname="src.cucim.skimage.filters.tests.test_fft_based" name="test_butterworth_cutoff[0.3-10-True-True]" time="0.001" /><testcase classname="src.cucim.skimage.filters.tests.test_fft_based" name="test_butterworth_invalid_cutoff[-0.01]" time="0.001" /><testcase classname="src.cucim.skimage.filters.tests.test_fft_based" name="test_butterworth_invalid_cutoff[0.51]" time="0.000" /><testcase classname="src.cucim.skimage.filters.tests.test_fft_based" name="test_butterworth_2D[False-True]" time="0.605" /><testcase classname="src.cucim.skimage.filters.tests.test_fft_based" name="test_butterworth_2D[False-False]" time="0.003" /><testcase classname="src.cucim.skimage.filters.tests.test_fft_based" name="test_butterworth_2D[True-True]" time="0.002" /><testcase classname="src.cucim.skimage.filters.tests.test_fft_based" name="test_butterworth_2D[True-False]" time="0.002" /><testcase classname="src.cucim.skimage.filters.tests.test_fft_based" name="test_butterworth_2D_realfft[False-float32-True]" time="0.933" /><testcase classname="src.cucim.skimage.filters.tests.test_fft_based" name="test_butterworth_2D_realfft[False-float32-False]" time="0.003" /><testcase classname="src.cucim.skimage.filters.tests.test_fft_based" name="test_butterworth_2D_realfft[False-float64-True]" time="0.782" /><testcase classname="src.cucim.skimage.filters.tests.test_fft_based" name="test_butterworth_2D_realfft[False-float64-False]" time="0.002" /><testcase classname="src.cucim.skimage.filters.tests.test_fft_based" name="test_butterworth_2D_realfft[True-float32-True]" time="0.002" /><testcase classname="src.cucim.skimage.filters.tests.test_fft_based" name="test_butterworth_2D_realfft[True-float32-False]" time="0.002" /><testcase classname="src.cucim.skimage.filters.tests.test_fft_based" name="test_butterworth_2D_realfft[True-float64-True]" time="0.002" /><testcase classname="src.cucim.skimage.filters.tests.test_fft_based" name="test_butterworth_2D_realfft[True-float64-False]" time="0.002" /><testcase classname="src.cucim.skimage.filters.tests.test_fft_based" name="test_butterworth_3D_zeros" time="0.044" /><testcase classname="src.cucim.skimage.filters.tests.test_fft_based" name="test_butterworth_4D_zeros" time="0.450" /><testcase classname="src.cucim.skimage.filters.tests.test_fft_based" name="test_butterworth_4D_channel[0-float64]" time="0.202" /><testcase classname="src.cucim.skimage.filters.tests.test_fft_based" name="test_butterworth_4D_channel[1-complex128]" time="0.173" /><testcase classname="src.cucim.skimage.filters.tests.test_fft_based" name="test_butterworth_4D_channel[2-uint8]" time="0.322" /><testcase classname="src.cucim.skimage.filters.tests.test_fft_based" name="test_butterworth_4D_channel[3-int64]" time="0.037" /><testcase classname="src.cucim.skimage.filters.tests.test_fft_based" name="test_butterworth_correctness_bw" time="0.060" /><testcase classname="src.cucim.skimage.filters.tests.test_fft_based" name="test_butterworth_correctness_rgb" time="0.011" /><testcase classname="src.cucim.skimage.filters.tests.test_gabor" name="test_gabor_kernel_size" time="0.287" /><testcase classname="src.cucim.skimage.filters.tests.test_gabor" name="test_gabor_kernel_bandwidth" time="0.002" /><testcase classname="src.cucim.skimage.filters.tests.test_gabor" name="test_gabor_kernel_dtype[complex64]" time="0.144" /><testcase classname="src.cucim.skimage.filters.tests.test_gabor" name="test_gabor_kernel_dtype[complex128]" time="0.001" /><testcase classname="src.cucim.skimage.filters.tests.test_gabor" name="test_gabor_kernel_invalid_dtype[uint8]" time="0.000" /><testcase classname="src.cucim.skimage.filters.tests.test_gabor" name="test_gabor_kernel_invalid_dtype[float32]" time="0.000" /><testcase classname="src.cucim.skimage.filters.tests.test_gabor" name="test_sigma_prefactor" time="0.000" /><testcase classname="src.cucim.skimage.filters.tests.test_gabor" name="test_gabor_kernel_sum" time="0.122" /><testcase classname="src.cucim.skimage.filters.tests.test_gabor" name="test_gabor_kernel_theta" time="0.520" /><testcase classname="src.cucim.skimage.filters.tests.test_gabor" name="test_gabor[float32]" time="1.570" /><testcase classname="src.cucim.skimage.filters.tests.test_gabor" name="test_gabor[float64]" time="1.434" /><testcase classname="src.cucim.skimage.filters.tests.test_gabor" name="test_gabor_float_dtype[float16]" time="0.001" /><testcase classname="src.cucim.skimage.filters.tests.test_gabor" name="test_gabor_float_dtype[float32]" time="0.001" /><testcase classname="src.cucim.skimage.filters.tests.test_gabor" name="test_gabor_float_dtype[float64]" time="0.001" /><testcase classname="src.cucim.skimage.filters.tests.test_gabor" name="test_gabor_int_dtype[uint8]" time="0.734" /><testcase classname="src.cucim.skimage.filters.tests.test_gabor" name="test_gabor_int_dtype[int32]" time="0.794" /><testcase classname="src.cucim.skimage.filters.tests.test_gabor" name="test_gabor_int_dtype[int64]" time="0.716" /><testcase classname="src.cucim.skimage.filters.tests.test_gaussian" name="test_negative_sigma" time="0.001" /><testcase classname="src.cucim.skimage.filters.tests.test_gaussian" name="test_null_sigma" time="0.001" /><testcase classname="src.cucim.skimage.filters.tests.test_gaussian" name="test_default_sigma" time="0.002" /><testcase classname="src.cucim.skimage.filters.tests.test_gaussian" name="test_energy_decrease" time="0.083" /><testcase classname="src.cucim.skimage.filters.tests.test_gaussian" name="test_multichannel[0]" time="2.229" /><testcase classname="src.cucim.skimage.filters.tests.test_gaussian" name="test_multichannel[1]" time="0.828" /><testcase classname="src.cucim.skimage.filters.tests.test_gaussian" name="test_multichannel[-1]" time="0.801" /><testcase classname="src.cucim.skimage.filters.tests.test_gaussian" name="test_preserve_range" time="0.078" /><testcase classname="src.cucim.skimage.filters.tests.test_gaussian" name="test_1d_ok" time="0.708" /><testcase classname="src.cucim.skimage.filters.tests.test_gaussian" name="test_4d_ok" time="2.854" /><testcase classname="src.cucim.skimage.filters.tests.test_gaussian" name="test_preserve_output[float32]" time="0.070" /><testcase classname="src.cucim.skimage.filters.tests.test_gaussian" name="test_preserve_output[float64]" time="0.001" /><testcase classname="src.cucim.skimage.filters.tests.test_gaussian" name="test_output_error" time="0.001" /><testcase classname="src.cucim.skimage.filters.tests.test_gaussian" name="test_difference_of_gaussians[None-4-1]" time="1.561" /><testcase classname="src.cucim.skimage.filters.tests.test_gaussian" name="test_difference_of_gaussians[None-4-s1]" time="1.456" /><testcase classname="src.cucim.skimage.filters.tests.test_gaussian" name="test_difference_of_gaussians[None-s21-1]" time="1.620" /><testcase classname="src.cucim.skimage.filters.tests.test_gaussian" name="test_difference_of_gaussians[None-s21-s1]" time="0.002" /><testcase classname="src.cucim.skimage.filters.tests.test_gaussian" name="test_difference_of_gaussians[0-4-1]" time="2.903" /><testcase classname="src.cucim.skimage.filters.tests.test_gaussian" name="test_difference_of_gaussians[0-4-s1]" time="1.430" /><testcase classname="src.cucim.skimage.filters.tests.test_gaussian" name="test_difference_of_gaussians[0-s21-1]" time="1.434" /><testcase classname="src.cucim.skimage.filters.tests.test_gaussian" name="test_difference_of_gaussians[0-s21-s1]" time="0.002" /><testcase classname="src.cucim.skimage.filters.tests.test_gaussian" name="test_difference_of_gaussians[1-4-1]" time="1.440" /><testcase classname="src.cucim.skimage.filters.tests.test_gaussian" name="test_difference_of_gaussians[1-4-s1]" time="0.721" /><testcase classname="src.cucim.skimage.filters.tests.test_gaussian" name="test_difference_of_gaussians[1-s21-1]" time="0.717" /><testcase classname="src.cucim.skimage.filters.tests.test_gaussian" name="test_difference_of_gaussians[1-s21-s1]" time="0.002" /><testcase classname="src.cucim.skimage.filters.tests.test_gaussian" name="test_difference_of_gaussians[-1-4-1]" time="0.002" /><testcase classname="src.cucim.skimage.filters.tests.test_gaussian" name="test_difference_of_gaussians[-1-4-s1]" time="0.700" /><testcase classname="src.cucim.skimage.filters.tests.test_gaussian" name="test_difference_of_gaussians[-1-s21-1]" time="0.716" /><testcase classname="src.cucim.skimage.filters.tests.test_gaussian" name="test_difference_of_gaussians[-1-s21-s1]" time="0.002" /><testcase classname="src.cucim.skimage.filters.tests.test_gaussian" name="test_auto_sigma2[1]" time="1.441" /><testcase classname="src.cucim.skimage.filters.tests.test_gaussian" name="test_auto_sigma2[s1]" time="0.730" /><testcase classname="src.cucim.skimage.filters.tests.test_gaussian" name="test_dog_invalid_sigma_dims" time="0.001" /><testcase classname="src.cucim.skimage.filters.tests.test_gaussian" name="test_dog_invalid_sigma2" time="0.000" /><testcase classname="src.cucim.skimage.filters.tests.test_gaussian" name="test_shared_mem_check_fix[1-uint8]" time="0.001" /><testcase classname="src.cucim.skimage.filters.tests.test_gaussian" name="test_shared_mem_check_fix[1-float16]" time="0.001" /><testcase classname="src.cucim.skimage.filters.tests.test_gaussian" name="test_shared_mem_check_fix[1-float32]" time="0.002" /><testcase classname="src.cucim.skimage.filters.tests.test_gaussian" name="test_shared_mem_check_fix[1-float64]" time="0.001" /><testcase classname="src.cucim.skimage.filters.tests.test_gaussian" name="test_shared_mem_check_fix[6-uint8]" time="1.700" /><testcase classname="src.cucim.skimage.filters.tests.test_gaussian" name="test_shared_mem_check_fix[6-float16]" time="0.002" /><testcase classname="src.cucim.skimage.filters.tests.test_gaussian" name="test_shared_mem_check_fix[6-float32]" time="0.001" /><testcase classname="src.cucim.skimage.filters.tests.test_gaussian" name="test_shared_mem_check_fix[6-float64]" time="0.795" /><testcase classname="src.cucim.skimage.filters.tests.test_gaussian" name="test_shared_mem_check_fix[11-uint8]" time="2.048" /><testcase classname="src.cucim.skimage.filters.tests.test_gaussian" name="test_shared_mem_check_fix[11-float16]" time="0.001" /><testcase classname="src.cucim.skimage.filters.tests.test_gaussian" name="test_shared_mem_check_fix[11-float32]" time="0.001" /><testcase classname="src.cucim.skimage.filters.tests.test_gaussian" name="test_shared_mem_check_fix[11-float64]" time="2.016" /><testcase classname="src.cucim.skimage.filters.tests.test_gaussian" name="test_shared_mem_check_fix[16-uint8]" time="0.001" /><testcase classname="src.cucim.skimage.filters.tests.test_gaussian" name="test_shared_mem_check_fix[16-float16]" time="0.001" /><testcase classname="src.cucim.skimage.filters.tests.test_gaussian" name="test_shared_mem_check_fix[16-float32]" time="0.001" /><testcase classname="src.cucim.skimage.filters.tests.test_gaussian" name="test_shared_mem_check_fix[16-float64]" time="2.268" /><testcase classname="src.cucim.skimage.filters.tests.test_gaussian" name="test_shared_mem_check_fix[21-uint8]" time="4.470" /><testcase classname="src.cucim.skimage.filters.tests.test_gaussian" name="test_shared_mem_check_fix[21-float16]" time="0.002" /><testcase classname="src.cucim.skimage.filters.tests.test_gaussian" name="test_shared_mem_check_fix[21-float32]" time="0.001" /><testcase classname="src.cucim.skimage.filters.tests.test_gaussian" name="test_shared_mem_check_fix[21-float64]" time="2.437" /><testcase classname="src.cucim.skimage.filters.tests.test_gaussian" name="test_shared_mem_check_fix[26-uint8]" time="6.732" /><testcase classname="src.cucim.skimage.filters.tests.test_gaussian" name="test_shared_mem_check_fix[26-float16]" time="0.002" /><testcase classname="src.cucim.skimage.filters.tests.test_gaussian" name="test_shared_mem_check_fix[26-float32]" time="0.001" /><testcase classname="src.cucim.skimage.filters.tests.test_gaussian" name="test_shared_mem_check_fix[26-float64]" time="3.204" /><testcase classname="src.cucim.skimage.filters.tests.test_gaussian" name="test_shared_mem_check_fix[31-uint8]" time="7.758" /><testcase classname="src.cucim.skimage.filters.tests.test_gaussian" name="test_shared_mem_check_fix[31-float16]" time="0.002" /><testcase classname="src.cucim.skimage.filters.tests.test_gaussian" name="test_shared_mem_check_fix[31-float32]" time="0.001" /><testcase classname="src.cucim.skimage.filters.tests.test_gaussian" name="test_shared_mem_check_fix[31-float64]" time="4.222" /><testcase classname="src.cucim.skimage.filters.tests.test_gaussian" name="test_shared_mem_check_fix[36-uint8]" time="1.441" /><testcase classname="src.cucim.skimage.filters.tests.test_gaussian" name="test_shared_mem_check_fix[36-float16]" time="0.002" /><testcase classname="src.cucim.skimage.filters.tests.test_gaussian" name="test_shared_mem_check_fix[36-float32]" time="0.001" /><testcase classname="src.cucim.skimage.filters.tests.test_gaussian" name="test_shared_mem_check_fix[36-float64]" time="1.414" /><testcase classname="src.cucim.skimage.filters.tests.test_lpi_filter.TestLPIFilter2D" name="test_ip_shape[c_slice0]" time="0.229" /><testcase classname="src.cucim.skimage.filters.tests.test_lpi_filter.TestLPIFilter2D" name="test_ip_shape[c_slice1]" time="0.094" /><testcase classname="src.cucim.skimage.filters.tests.test_lpi_filter.TestLPIFilter2D" name="test_ip_shape[c_slice2]" time="0.023" /><testcase classname="src.cucim.skimage.filters.tests.test_lpi_filter.TestLPIFilter2D" name="test_filter_inverse[uint8]" time="0.500" /><testcase classname="src.cucim.skimage.filters.tests.test_lpi_filter.TestLPIFilter2D" name="test_filter_inverse[float16]" time="0.006" /><testcase classname="src.cucim.skimage.filters.tests.test_lpi_filter.TestLPIFilter2D" name="test_filter_inverse[float32]" time="0.006" /><testcase classname="src.cucim.skimage.filters.tests.test_lpi_filter.TestLPIFilter2D" name="test_filter_inverse[float64]" time="0.517" /><testcase classname="src.cucim.skimage.filters.tests.test_lpi_filter.TestLPIFilter2D" name="test_wiener[uint8]" time="0.149" /><testcase classname="src.cucim.skimage.filters.tests.test_lpi_filter.TestLPIFilter2D" name="test_wiener[float16]" time="0.004" /><testcase classname="src.cucim.skimage.filters.tests.test_lpi_filter.TestLPIFilter2D" name="test_wiener[float32]" time="0.004" /><testcase classname="src.cucim.skimage.filters.tests.test_lpi_filter.TestLPIFilter2D" name="test_wiener[float64]" time="0.150" /><testcase classname="src.cucim.skimage.filters.tests.test_lpi_filter.TestLPIFilter2D" name="test_non_callable" time="0.001" /><testcase classname="src.cucim.skimage.filters.tests.test_median" name="test_median_warning[nearest-0.0-ndimage-warning_type0]" time="0.721" /><testcase classname="src.cucim.skimage.filters.tests.test_median" name="test_median_warning[nearest-0.0-ndimage-warning_type1]" time="0.002" /><testcase classname="src.cucim.skimage.filters.tests.test_median" name="test_median_behavior[None-False-footprint_shape0-reflect-ndimage-median_filter]" time="1.535" /><testcase classname="src.cucim.skimage.filters.tests.test_median" name="test_median_behavior[None-False-footprint_shape0-mirror-ndimage-median_filter]" time="1.690" /><testcase classname="src.cucim.skimage.filters.tests.test_median" name="test_median_behavior[None-False-footprint_shape0-nearest-ndimage-median_filter]" time="1.491" /><testcase classname="src.cucim.skimage.filters.tests.test_median" name="test_median_behavior[None-False-footprint_shape0-constant-ndimage-median_filter]" time="1.499" /><testcase classname="src.cucim.skimage.filters.tests.test_median" name="test_median_behavior[None-False-footprint_shape0-wrap-ndimage-median_filter]" time="1.520" /><testcase classname="src.cucim.skimage.filters.tests.test_median" name="test_median_behavior[None-False-footprint_shape1-reflect-ndimage-median_filter]" time="1.794" /><testcase classname="src.cucim.skimage.filters.tests.test_median" name="test_median_behavior[None-False-footprint_shape1-mirror-ndimage-median_filter]" time="1.816" /><testcase classname="src.cucim.skimage.filters.tests.test_median" name="test_median_behavior[None-False-footprint_shape1-nearest-ndimage-median_filter]" time="1.783" /><testcase classname="src.cucim.skimage.filters.tests.test_median" name="test_median_behavior[None-False-footprint_shape1-constant-ndimage-median_filter]" time="1.798" /><testcase classname="src.cucim.skimage.filters.tests.test_median" name="test_median_behavior[None-False-footprint_shape1-wrap-ndimage-median_filter]" time="1.830" /><testcase classname="src.cucim.skimage.filters.tests.test_median" name="test_median_behavior[None-False-footprint_shape2-reflect-ndimage-median_filter]" time="4.362" /><testcase classname="src.cucim.skimage.filters.tests.test_median" name="test_median_behavior[None-False-footprint_shape2-mirror-ndimage-median_filter]" time="1.891" /><testcase classname="src.cucim.skimage.filters.tests.test_median" name="test_median_behavior[None-False-footprint_shape2-nearest-ndimage-median_filter]" time="2.329" /><testcase classname="src.cucim.skimage.filters.tests.test_median" name="test_median_behavior[None-False-footprint_shape2-constant-ndimage-median_filter]" time="2.364" /><testcase classname="src.cucim.skimage.filters.tests.test_median" name="test_median_behavior[None-False-footprint_shape2-wrap-ndimage-median_filter]" time="2.385" /><testcase classname="src.cucim.skimage.filters.tests.test_median" name="test_median_behavior[None-False-footprint_shape3-reflect-ndimage-median_filter]" time="1.435" /><testcase classname="src.cucim.skimage.filters.tests.test_median" name="test_median_behavior[None-False-footprint_shape3-mirror-ndimage-median_filter]" time="1.511" /><testcase classname="src.cucim.skimage.filters.tests.test_median" name="test_median_behavior[None-False-footprint_shape3-nearest-ndimage-median_filter]" time="1.470" /><testcase classname="src.cucim.skimage.filters.tests.test_median" name="test_median_behavior[None-False-footprint_shape3-constant-ndimage-median_filter]" time="1.453" /><testcase classname="src.cucim.skimage.filters.tests.test_median" name="test_median_behavior[None-False-footprint_shape3-wrap-ndimage-median_filter]" time="1.457" /><testcase classname="src.cucim.skimage.filters.tests.test_median" name="test_median_behavior[None-False-footprint_shape4-reflect-ndimage-median_filter]" time="0.009" /><testcase classname="src.cucim.skimage.filters.tests.test_median" name="test_median_behavior[None-False-footprint_shape4-mirror-ndimage-median_filter]" time="0.008" /><testcase classname="src.cucim.skimage.filters.tests.test_median" name="test_median_behavior[None-False-footprint_shape4-nearest-ndimage-median_filter]" time="0.007" /><testcase classname="src.cucim.skimage.filters.tests.test_median" name="test_median_behavior[None-False-footprint_shape4-constant-ndimage-median_filter]" time="0.008" /><testcase classname="src.cucim.skimage.filters.tests.test_median" name="test_median_behavior[None-False-footprint_shape4-wrap-ndimage-median_filter]" time="0.008" /><testcase classname="src.cucim.skimage.filters.tests.test_median" name="test_median_behavior[None-False-footprint_shape5-reflect-ndimage-median_filter]" time="1.560" /><testcase classname="src.cucim.skimage.filters.tests.test_median" name="test_median_behavior[None-False-footprint_shape5-mirror-ndimage-median_filter]" time="1.970" /><testcase classname="src.cucim.skimage.filters.tests.test_median" name="test_median_behavior[None-False-footprint_shape5-nearest-ndimage-median_filter]" time="1.531" /><testcase classname="src.cucim.skimage.filters.tests.test_median" name="test_median_behavior[None-False-footprint_shape5-constant-ndimage-median_filter]" time="1.558" /><testcase classname="src.cucim.skimage.filters.tests.test_median" name="test_median_behavior[None-False-footprint_shape5-wrap-ndimage-median_filter]" time="1.628" /><testcase classname="src.cucim.skimage.filters.tests.test_median" name="test_median_behavior[None-False-footprint_shape6-reflect-ndimage-median_filter]" time="3.418" /><testcase classname="src.cucim.skimage.filters.tests.test_median" name="test_median_behavior[None-False-footprint_shape6-mirror-ndimage-median_filter]" time="1.412" /><testcase classname="src.cucim.skimage.filters.tests.test_median" name="test_median_behavior[None-False-footprint_shape6-nearest-ndimage-median_filter]" time="1.159" /><testcase classname="src.cucim.skimage.filters.tests.test_median" name="test_median_behavior[None-False-footprint_shape6-constant-ndimage-median_filter]" time="1.098" /><testcase classname="src.cucim.skimage.filters.tests.test_median" name="test_median_behavior[None-False-footprint_shape6-wrap-ndimage-median_filter]" time="1.198" /><testcase classname="src.cucim.skimage.filters.tests.test_median" name="test_median_behavior[None-False-footprint_shape7-reflect-ndimage-median_filter]" time="1.240" /><testcase classname="src.cucim.skimage.filters.tests.test_median" name="test_median_behavior[None-False-footprint_shape7-mirror-ndimage-median_filter]" time="1.544" /><testcase classname="src.cucim.skimage.filters.tests.test_median" name="test_median_behavior[None-False-footprint_shape7-nearest-ndimage-median_filter]" time="1.187" /><testcase classname="src.cucim.skimage.filters.tests.test_median" name="test_median_behavior[None-False-footprint_shape7-constant-ndimage-median_filter]" time="1.149" /><testcase classname="src.cucim.skimage.filters.tests.test_median" name="test_median_behavior[None-False-footprint_shape7-wrap-ndimage-median_filter]" time="1.259" /><testcase classname="src.cucim.skimage.filters.tests.test_median" name="test_median_behavior[None-True-footprint_shape0-reflect-ndimage-median_filter]" time="0.009" /><testcase classname="src.cucim.skimage.filters.tests.test_median" name="test_median_behavior[None-True-footprint_shape0-mirror-ndimage-median_filter]" time="0.007" /><testcase classname="src.cucim.skimage.filters.tests.test_median" name="test_median_behavior[None-True-footprint_shape0-nearest-ndimage-median_filter]" time="0.007" /><testcase classname="src.cucim.skimage.filters.tests.test_median" name="test_median_behavior[None-True-footprint_shape0-constant-ndimage-median_filter]" time="0.007" /><testcase classname="src.cucim.skimage.filters.tests.test_median" name="test_median_behavior[None-True-footprint_shape0-wrap-ndimage-median_filter]" time="0.007" /><testcase classname="src.cucim.skimage.filters.tests.test_median" name="test_median_behavior[None-True-footprint_shape1-reflect-ndimage-median_filter]" time="0.007" /><testcase classname="src.cucim.skimage.filters.tests.test_median" name="test_median_behavior[None-True-footprint_shape1-mirror-ndimage-median_filter]" time="0.008" /><testcase classname="src.cucim.skimage.filters.tests.test_median" name="test_median_behavior[None-True-footprint_shape1-nearest-ndimage-median_filter]" time="0.008" /><testcase classname="src.cucim.skimage.filters.tests.test_median" name="test_median_behavior[None-True-footprint_shape1-constant-ndimage-median_filter]" time="0.007" /><testcase classname="src.cucim.skimage.filters.tests.test_median" name="test_median_behavior[None-True-footprint_shape1-wrap-ndimage-median_filter]" time="0.007" /><testcase classname="src.cucim.skimage.filters.tests.test_median" name="test_median_behavior[None-True-footprint_shape2-reflect-ndimage-median_filter]" time="0.007" /><testcase classname="src.cucim.skimage.filters.tests.test_median" name="test_median_behavior[None-True-footprint_shape2-mirror-ndimage-median_filter]" time="0.008" /><testcase classname="src.cucim.skimage.filters.tests.test_median" name="test_median_behavior[None-True-footprint_shape2-nearest-ndimage-median_filter]" time="0.007" /><testcase classname="src.cucim.skimage.filters.tests.test_median" name="test_median_behavior[None-True-footprint_shape2-constant-ndimage-median_filter]" time="0.008" /><testcase classname="src.cucim.skimage.filters.tests.test_median" name="test_median_behavior[None-True-footprint_shape2-wrap-ndimage-median_filter]" time="0.008" /><testcase classname="src.cucim.skimage.filters.tests.test_median" name="test_median_behavior[None-True-footprint_shape3-reflect-ndimage-median_filter]" time="0.007" /><testcase classname="src.cucim.skimage.filters.tests.test_median" name="test_median_behavior[None-True-footprint_shape3-mirror-ndimage-median_filter]" time="0.008" /><testcase classname="src.cucim.skimage.filters.tests.test_median" name="test_median_behavior[None-True-footprint_shape3-nearest-ndimage-median_filter]" time="0.007" /><testcase classname="src.cucim.skimage.filters.tests.test_median" name="test_median_behavior[None-True-footprint_shape3-constant-ndimage-median_filter]" time="0.007" /><testcase classname="src.cucim.skimage.filters.tests.test_median" name="test_median_behavior[None-True-footprint_shape3-wrap-ndimage-median_filter]" time="0.007" /><testcase classname="src.cucim.skimage.filters.tests.test_median" name="test_median_behavior[None-True-footprint_shape4-reflect-ndimage-median_filter]" time="0.008" /><testcase classname="src.cucim.skimage.filters.tests.test_median" name="test_median_behavior[None-True-footprint_shape4-mirror-ndimage-median_filter]" time="0.008" /><testcase classname="src.cucim.skimage.filters.tests.test_median" name="test_median_behavior[None-True-footprint_shape4-nearest-ndimage-median_filter]" time="0.008" /><testcase classname="src.cucim.skimage.filters.tests.test_median" name="test_median_behavior[None-True-footprint_shape4-constant-ndimage-median_filter]" time="0.007" /><testcase classname="src.cucim.skimage.filters.tests.test_median" name="test_median_behavior[None-True-footprint_shape4-wrap-ndimage-median_filter]" time="0.007" /><testcase classname="src.cucim.skimage.filters.tests.test_median" name="test_median_behavior[None-True-footprint_shape5-reflect-ndimage-median_filter]" time="0.007" /><testcase classname="src.cucim.skimage.filters.tests.test_median" name="test_median_behavior[None-True-footprint_shape5-mirror-ndimage-median_filter]" time="0.007" /><testcase classname="src.cucim.skimage.filters.tests.test_median" name="test_median_behavior[None-True-footprint_shape5-nearest-ndimage-median_filter]" time="0.007" /><testcase classname="src.cucim.skimage.filters.tests.test_median" name="test_median_behavior[None-True-footprint_shape5-constant-ndimage-median_filter]" time="0.008" /><testcase classname="src.cucim.skimage.filters.tests.test_median" name="test_median_behavior[None-True-footprint_shape5-wrap-ndimage-median_filter]" time="0.008" /><testcase classname="src.cucim.skimage.filters.tests.test_median" name="test_median_behavior[None-True-footprint_shape6-reflect-ndimage-median_filter]" time="0.011" /><testcase classname="src.cucim.skimage.filters.tests.test_median" name="test_median_behavior[None-True-footprint_shape6-mirror-ndimage-median_filter]" time="0.010" /><testcase classname="src.cucim.skimage.filters.tests.test_median" name="test_median_behavior[None-True-footprint_shape6-nearest-ndimage-median_filter]" time="0.009" /><testcase classname="src.cucim.skimage.filters.tests.test_median" name="test_median_behavior[None-True-footprint_shape6-constant-ndimage-median_filter]" time="0.010" /><testcase classname="src.cucim.skimage.filters.tests.test_median" name="test_median_behavior[None-True-footprint_shape6-wrap-ndimage-median_filter]" time="0.009" /><testcase classname="src.cucim.skimage.filters.tests.test_median" name="test_median_behavior[None-True-footprint_shape7-reflect-ndimage-median_filter]" time="0.010" /><testcase classname="src.cucim.skimage.filters.tests.test_median" name="test_median_behavior[None-True-footprint_shape7-mirror-ndimage-median_filter]" time="0.010" /><testcase classname="src.cucim.skimage.filters.tests.test_median" name="test_median_behavior[None-True-footprint_shape7-nearest-ndimage-median_filter]" time="0.010" /><testcase classname="src.cucim.skimage.filters.tests.test_median" name="test_median_behavior[None-True-footprint_shape7-constant-ndimage-median_filter]" time="0.009" /><testcase classname="src.cucim.skimage.filters.tests.test_median" name="test_median_behavior[None-True-footprint_shape7-wrap-ndimage-median_filter]" time="0.009" /><testcase classname="src.cucim.skimage.filters.tests.test_median" name="test_median_behavior[uint8-False-footprint_shape0-reflect-ndimage-median_filter]" time="0.007" /><testcase classname="src.cucim.skimage.filters.tests.test_median" name="test_median_behavior[uint8-False-footprint_shape0-mirror-ndimage-median_filter]" time="0.007" /><testcase classname="src.cucim.skimage.filters.tests.test_median" name="test_median_behavior[uint8-False-footprint_shape0-nearest-ndimage-median_filter]" time="0.008" /><testcase classname="src.cucim.skimage.filters.tests.test_median" name="test_median_behavior[uint8-False-footprint_shape0-constant-ndimage-median_filter]" time="0.008" /><testcase classname="src.cucim.skimage.filters.tests.test_median" name="test_median_behavior[uint8-False-footprint_shape0-wrap-ndimage-median_filter]" time="0.008" /><testcase classname="src.cucim.skimage.filters.tests.test_median" name="test_median_behavior[uint8-False-footprint_shape1-reflect-ndimage-median_filter]" time="0.006" /><testcase classname="src.cucim.skimage.filters.tests.test_median" name="test_median_behavior[uint8-False-footprint_shape1-mirror-ndimage-median_filter]" time="0.007" /><testcase classname="src.cucim.skimage.filters.tests.test_median" name="test_median_behavior[uint8-False-footprint_shape1-nearest-ndimage-median_filter]" time="0.007" /><testcase classname="src.cucim.skimage.filters.tests.test_median" name="test_median_behavior[uint8-False-footprint_shape1-constant-ndimage-median_filter]" time="0.007" /><testcase classname="src.cucim.skimage.filters.tests.test_median" name="test_median_behavior[uint8-False-footprint_shape1-wrap-ndimage-median_filter]" time="0.007" /><testcase classname="src.cucim.skimage.filters.tests.test_median" name="test_median_behavior[uint8-False-footprint_shape2-reflect-ndimage-median_filter]" time="0.008" /><testcase classname="src.cucim.skimage.filters.tests.test_median" name="test_median_behavior[uint8-False-footprint_shape2-mirror-ndimage-median_filter]" time="0.008" /><testcase classname="src.cucim.skimage.filters.tests.test_median" name="test_median_behavior[uint8-False-footprint_shape2-nearest-ndimage-median_filter]" time="0.009" /><testcase classname="src.cucim.skimage.filters.tests.test_median" name="test_median_behavior[uint8-False-footprint_shape2-constant-ndimage-median_filter]" time="0.007" /><testcase classname="src.cucim.skimage.filters.tests.test_median" name="test_median_behavior[uint8-False-footprint_shape2-wrap-ndimage-median_filter]" time="0.007" /><testcase classname="src.cucim.skimage.filters.tests.test_median" name="test_median_behavior[uint8-False-footprint_shape3-reflect-ndimage-median_filter]" time="0.006" /><testcase classname="src.cucim.skimage.filters.tests.test_median" name="test_median_behavior[uint8-False-footprint_shape3-mirror-ndimage-median_filter]" time="0.008" /><testcase classname="src.cucim.skimage.filters.tests.test_median" name="test_median_behavior[uint8-False-footprint_shape3-nearest-ndimage-median_filter]" time="0.007" /><testcase classname="src.cucim.skimage.filters.tests.test_median" name="test_median_behavior[uint8-False-footprint_shape3-constant-ndimage-median_filter]" time="0.007" /><testcase classname="src.cucim.skimage.filters.tests.test_median" name="test_median_behavior[uint8-False-footprint_shape3-wrap-ndimage-median_filter]" time="0.008" /><testcase classname="src.cucim.skimage.filters.tests.test_median" name="test_median_behavior[uint8-False-footprint_shape4-reflect-ndimage-median_filter]" time="0.008" /><testcase classname="src.cucim.skimage.filters.tests.test_median" name="test_median_behavior[uint8-False-footprint_shape4-mirror-ndimage-median_filter]" time="0.008" /><testcase classname="src.cucim.skimage.filters.tests.test_median" name="test_median_behavior[uint8-False-footprint_shape4-nearest-ndimage-median_filter]" time="0.007" /><testcase classname="src.cucim.skimage.filters.tests.test_median" name="test_median_behavior[uint8-False-footprint_shape4-constant-ndimage-median_filter]" time="0.007" /><testcase classname="src.cucim.skimage.filters.tests.test_median" name="test_median_behavior[uint8-False-footprint_shape4-wrap-ndimage-median_filter]" time="0.007" /><testcase classname="src.cucim.skimage.filters.tests.test_median" name="test_median_behavior[uint8-False-footprint_shape5-reflect-ndimage-median_filter]" time="0.008" /><testcase classname="src.cucim.skimage.filters.tests.test_median" name="test_median_behavior[uint8-False-footprint_shape5-mirror-ndimage-median_filter]" time="0.007" /><testcase classname="src.cucim.skimage.filters.tests.test_median" name="test_median_behavior[uint8-False-footprint_shape5-nearest-ndimage-median_filter]" time="0.008" /><testcase classname="src.cucim.skimage.filters.tests.test_median" name="test_median_behavior[uint8-False-footprint_shape5-constant-ndimage-median_filter]" time="0.008" /><testcase classname="src.cucim.skimage.filters.tests.test_median" name="test_median_behavior[uint8-False-footprint_shape5-wrap-ndimage-median_filter]" time="0.008" /><testcase classname="src.cucim.skimage.filters.tests.test_median" name="test_median_behavior[uint8-False-footprint_shape6-reflect-ndimage-median_filter]" time="0.010" /><testcase classname="src.cucim.skimage.filters.tests.test_median" name="test_median_behavior[uint8-False-footprint_shape6-mirror-ndimage-median_filter]" time="0.009" /><testcase classname="src.cucim.skimage.filters.tests.test_median" name="test_median_behavior[uint8-False-footprint_shape6-nearest-ndimage-median_filter]" time="0.009" /><testcase classname="src.cucim.skimage.filters.tests.test_median" name="test_median_behavior[uint8-False-footprint_shape6-constant-ndimage-median_filter]" time="0.011" /><testcase classname="src.cucim.skimage.filters.tests.test_median" name="test_median_behavior[uint8-False-footprint_shape6-wrap-ndimage-median_filter]" time="0.011" /><testcase classname="src.cucim.skimage.filters.tests.test_median" name="test_median_behavior[uint8-False-footprint_shape7-reflect-ndimage-median_filter]" time="0.011" /><testcase classname="src.cucim.skimage.filters.tests.test_median" name="test_median_behavior[uint8-False-footprint_shape7-mirror-ndimage-median_filter]" time="0.011" /><testcase classname="src.cucim.skimage.filters.tests.test_median" name="test_median_behavior[uint8-False-footprint_shape7-nearest-ndimage-median_filter]" time="0.010" /><testcase classname="src.cucim.skimage.filters.tests.test_median" name="test_median_behavior[uint8-False-footprint_shape7-constant-ndimage-median_filter]" time="0.009" /><testcase classname="src.cucim.skimage.filters.tests.test_median" name="test_median_behavior[uint8-False-footprint_shape7-wrap-ndimage-median_filter]" time="0.010" /><testcase classname="src.cucim.skimage.filters.tests.test_median" name="test_median_behavior[uint8-True-footprint_shape0-reflect-ndimage-median_filter]" time="0.008" /><testcase classname="src.cucim.skimage.filters.tests.test_median" name="test_median_behavior[uint8-True-footprint_shape0-mirror-ndimage-median_filter]" time="0.007" /><testcase classname="src.cucim.skimage.filters.tests.test_median" name="test_median_behavior[uint8-True-footprint_shape0-nearest-ndimage-median_filter]" time="0.008" /><testcase classname="src.cucim.skimage.filters.tests.test_median" name="test_median_behavior[uint8-True-footprint_shape0-constant-ndimage-median_filter]" time="0.008" /><testcase classname="src.cucim.skimage.filters.tests.test_median" name="test_median_behavior[uint8-True-footprint_shape0-wrap-ndimage-median_filter]" time="0.008" /><testcase classname="src.cucim.skimage.filters.tests.test_median" name="test_median_behavior[uint8-True-footprint_shape1-reflect-ndimage-median_filter]" time="0.007" /><testcase classname="src.cucim.skimage.filters.tests.test_median" name="test_median_behavior[uint8-True-footprint_shape1-mirror-ndimage-median_filter]" time="0.007" /><testcase classname="src.cucim.skimage.filters.tests.test_median" name="test_median_behavior[uint8-True-footprint_shape1-nearest-ndimage-median_filter]" time="0.008" /><testcase classname="src.cucim.skimage.filters.tests.test_median" name="test_median_behavior[uint8-True-footprint_shape1-constant-ndimage-median_filter]" time="0.008" /><testcase classname="src.cucim.skimage.filters.tests.test_median" name="test_median_behavior[uint8-True-footprint_shape1-wrap-ndimage-median_filter]" time="0.008" /><testcase classname="src.cucim.skimage.filters.tests.test_median" name="test_median_behavior[uint8-True-footprint_shape2-reflect-ndimage-median_filter]" time="0.008" /><testcase classname="src.cucim.skimage.filters.tests.test_median" name="test_median_behavior[uint8-True-footprint_shape2-mirror-ndimage-median_filter]" time="0.008" /><testcase classname="src.cucim.skimage.filters.tests.test_median" name="test_median_behavior[uint8-True-footprint_shape2-nearest-ndimage-median_filter]" time="0.007" /><testcase classname="src.cucim.skimage.filters.tests.test_median" name="test_median_behavior[uint8-True-footprint_shape2-constant-ndimage-median_filter]" time="0.008" /><testcase classname="src.cucim.skimage.filters.tests.test_median" name="test_median_behavior[uint8-True-footprint_shape2-wrap-ndimage-median_filter]" time="0.007" /><testcase classname="src.cucim.skimage.filters.tests.test_median" name="test_median_behavior[uint8-True-footprint_shape3-reflect-ndimage-median_filter]" time="0.007" /><testcase classname="src.cucim.skimage.filters.tests.test_median" name="test_median_behavior[uint8-True-footprint_shape3-mirror-ndimage-median_filter]" time="0.008" /><testcase classname="src.cucim.skimage.filters.tests.test_median" name="test_median_behavior[uint8-True-footprint_shape3-nearest-ndimage-median_filter]" time="0.008" /><testcase classname="src.cucim.skimage.filters.tests.test_median" name="test_median_behavior[uint8-True-footprint_shape3-constant-ndimage-median_filter]" time="0.008" /><testcase classname="src.cucim.skimage.filters.tests.test_median" name="test_median_behavior[uint8-True-footprint_shape3-wrap-ndimage-median_filter]" time="0.007" /><testcase classname="src.cucim.skimage.filters.tests.test_median" name="test_median_behavior[uint8-True-footprint_shape4-reflect-ndimage-median_filter]" time="0.008" /><testcase classname="src.cucim.skimage.filters.tests.test_median" name="test_median_behavior[uint8-True-footprint_shape4-mirror-ndimage-median_filter]" time="0.007" /><testcase classname="src.cucim.skimage.filters.tests.test_median" name="test_median_behavior[uint8-True-footprint_shape4-nearest-ndimage-median_filter]" time="0.007" /><testcase classname="src.cucim.skimage.filters.tests.test_median" name="test_median_behavior[uint8-True-footprint_shape4-constant-ndimage-median_filter]" time="0.008" /><testcase classname="src.cucim.skimage.filters.tests.test_median" name="test_median_behavior[uint8-True-footprint_shape4-wrap-ndimage-median_filter]" time="0.008" /><testcase classname="src.cucim.skimage.filters.tests.test_median" name="test_median_behavior[uint8-True-footprint_shape5-reflect-ndimage-median_filter]" time="0.007" /><testcase classname="src.cucim.skimage.filters.tests.test_median" name="test_median_behavior[uint8-True-footprint_shape5-mirror-ndimage-median_filter]" time="0.006" /><testcase classname="src.cucim.skimage.filters.tests.test_median" name="test_median_behavior[uint8-True-footprint_shape5-nearest-ndimage-median_filter]" time="0.007" /><testcase classname="src.cucim.skimage.filters.tests.test_median" name="test_median_behavior[uint8-True-footprint_shape5-constant-ndimage-median_filter]" time="0.007" /><testcase classname="src.cucim.skimage.filters.tests.test_median" name="test_median_behavior[uint8-True-footprint_shape5-wrap-ndimage-median_filter]" time="0.008" /><testcase classname="src.cucim.skimage.filters.tests.test_median" name="test_median_behavior[uint8-True-footprint_shape6-reflect-ndimage-median_filter]" time="0.010" /><testcase classname="src.cucim.skimage.filters.tests.test_median" name="test_median_behavior[uint8-True-footprint_shape6-mirror-ndimage-median_filter]" time="0.010" /><testcase classname="src.cucim.skimage.filters.tests.test_median" name="test_median_behavior[uint8-True-footprint_shape6-nearest-ndimage-median_filter]" time="0.010" /><testcase classname="src.cucim.skimage.filters.tests.test_median" name="test_median_behavior[uint8-True-footprint_shape6-constant-ndimage-median_filter]" time="0.009" /><testcase classname="src.cucim.skimage.filters.tests.test_median" name="test_median_behavior[uint8-True-footprint_shape6-wrap-ndimage-median_filter]" time="0.010" /><testcase classname="src.cucim.skimage.filters.tests.test_median" name="test_median_behavior[uint8-True-footprint_shape7-reflect-ndimage-median_filter]" time="0.010" /><testcase classname="src.cucim.skimage.filters.tests.test_median" name="test_median_behavior[uint8-True-footprint_shape7-mirror-ndimage-median_filter]" time="0.010" /><testcase classname="src.cucim.skimage.filters.tests.test_median" name="test_median_behavior[uint8-True-footprint_shape7-nearest-ndimage-median_filter]" time="0.009" /><testcase classname="src.cucim.skimage.filters.tests.test_median" name="test_median_behavior[uint8-True-footprint_shape7-constant-ndimage-median_filter]" time="0.010" /><testcase classname="src.cucim.skimage.filters.tests.test_median" name="test_median_behavior[uint8-True-footprint_shape7-wrap-ndimage-median_filter]" time="0.010" /><testcase classname="src.cucim.skimage.filters.tests.test_median" name="test_median_behavior[float32-False-footprint_shape0-reflect-ndimage-median_filter]" time="1.515" /><testcase classname="src.cucim.skimage.filters.tests.test_median" name="test_median_behavior[float32-False-footprint_shape0-mirror-ndimage-median_filter]" time="1.694" /><testcase classname="src.cucim.skimage.filters.tests.test_median" name="test_median_behavior[float32-False-footprint_shape0-nearest-ndimage-median_filter]" time="1.733" /><testcase classname="src.cucim.skimage.filters.tests.test_median" name="test_median_behavior[float32-False-footprint_shape0-constant-ndimage-median_filter]" time="2.110" /><testcase classname="src.cucim.skimage.filters.tests.test_median" name="test_median_behavior[float32-False-footprint_shape0-wrap-ndimage-median_filter]" time="1.503" /><testcase classname="src.cucim.skimage.filters.tests.test_median" name="test_median_behavior[float32-False-footprint_shape1-reflect-ndimage-median_filter]" time="1.833" /><testcase classname="src.cucim.skimage.filters.tests.test_median" name="test_median_behavior[float32-False-footprint_shape1-mirror-ndimage-median_filter]" time="1.847" /><testcase classname="src.cucim.skimage.filters.tests.test_median" name="test_median_behavior[float32-False-footprint_shape1-nearest-ndimage-median_filter]" time="1.822" /><testcase classname="src.cucim.skimage.filters.tests.test_median" name="test_median_behavior[float32-False-footprint_shape1-constant-ndimage-median_filter]" time="1.834" /><testcase classname="src.cucim.skimage.filters.tests.test_median" name="test_median_behavior[float32-False-footprint_shape1-wrap-ndimage-median_filter]" time="1.858" /><testcase classname="src.cucim.skimage.filters.tests.test_median" name="test_median_behavior[float32-False-footprint_shape2-reflect-ndimage-median_filter]" time="2.443" /><testcase classname="src.cucim.skimage.filters.tests.test_median" name="test_median_behavior[float32-False-footprint_shape2-mirror-ndimage-median_filter]" time="2.023" /><testcase classname="src.cucim.skimage.filters.tests.test_median" name="test_median_behavior[float32-False-footprint_shape2-nearest-ndimage-median_filter]" time="2.287" /><testcase classname="src.cucim.skimage.filters.tests.test_median" name="test_median_behavior[float32-False-footprint_shape2-constant-ndimage-median_filter]" time="2.259" /><testcase classname="src.cucim.skimage.filters.tests.test_median" name="test_median_behavior[float32-False-footprint_shape2-wrap-ndimage-median_filter]" time="2.336" /><testcase classname="src.cucim.skimage.filters.tests.test_median" name="test_median_behavior[float32-False-footprint_shape3-reflect-ndimage-median_filter]" time="1.388" /><testcase classname="src.cucim.skimage.filters.tests.test_median" name="test_median_behavior[float32-False-footprint_shape3-mirror-ndimage-median_filter]" time="1.468" /><testcase classname="src.cucim.skimage.filters.tests.test_median" name="test_median_behavior[float32-False-footprint_shape3-nearest-ndimage-median_filter]" time="1.412" /><testcase classname="src.cucim.skimage.filters.tests.test_median" name="test_median_behavior[float32-False-footprint_shape3-constant-ndimage-median_filter]" time="1.418" /><testcase classname="src.cucim.skimage.filters.tests.test_median" name="test_median_behavior[float32-False-footprint_shape3-wrap-ndimage-median_filter]" time="1.419" /><testcase classname="src.cucim.skimage.filters.tests.test_median" name="test_median_behavior[float32-False-footprint_shape4-reflect-ndimage-median_filter]" time="0.008" /><testcase classname="src.cucim.skimage.filters.tests.test_median" name="test_median_behavior[float32-False-footprint_shape4-mirror-ndimage-median_filter]" time="0.007" /><testcase classname="src.cucim.skimage.filters.tests.test_median" name="test_median_behavior[float32-False-footprint_shape4-nearest-ndimage-median_filter]" time="0.007" /><testcase classname="src.cucim.skimage.filters.tests.test_median" name="test_median_behavior[float32-False-footprint_shape4-constant-ndimage-median_filter]" time="0.007" /><testcase classname="src.cucim.skimage.filters.tests.test_median" name="test_median_behavior[float32-False-footprint_shape4-wrap-ndimage-median_filter]" time="0.006" /><testcase classname="src.cucim.skimage.filters.tests.test_median" name="test_median_behavior[float32-False-footprint_shape5-reflect-ndimage-median_filter]" time="1.536" /><testcase classname="src.cucim.skimage.filters.tests.test_median" name="test_median_behavior[float32-False-footprint_shape5-mirror-ndimage-median_filter]" time="1.946" /><testcase classname="src.cucim.skimage.filters.tests.test_median" name="test_median_behavior[float32-False-footprint_shape5-nearest-ndimage-median_filter]" time="1.535" /><testcase classname="src.cucim.skimage.filters.tests.test_median" name="test_median_behavior[float32-False-footprint_shape5-constant-ndimage-median_filter]" time="1.561" /><testcase classname="src.cucim.skimage.filters.tests.test_median" name="test_median_behavior[float32-False-footprint_shape5-wrap-ndimage-median_filter]" time="1.512" /><testcase classname="src.cucim.skimage.filters.tests.test_median" name="test_median_behavior[float32-False-footprint_shape6-reflect-ndimage-median_filter]" time="1.093" /><testcase classname="src.cucim.skimage.filters.tests.test_median" name="test_median_behavior[float32-False-footprint_shape6-mirror-ndimage-median_filter]" time="1.264" /><testcase classname="src.cucim.skimage.filters.tests.test_median" name="test_median_behavior[float32-False-footprint_shape6-nearest-ndimage-median_filter]" time="1.065" /><testcase classname="src.cucim.skimage.filters.tests.test_median" name="test_median_behavior[float32-False-footprint_shape6-constant-ndimage-median_filter]" time="1.052" /><testcase classname="src.cucim.skimage.filters.tests.test_median" name="test_median_behavior[float32-False-footprint_shape6-wrap-ndimage-median_filter]" time="1.073" /><testcase classname="src.cucim.skimage.filters.tests.test_median" name="test_median_behavior[float32-False-footprint_shape7-reflect-ndimage-median_filter]" time="1.111" /><testcase classname="src.cucim.skimage.filters.tests.test_median" name="test_median_behavior[float32-False-footprint_shape7-mirror-ndimage-median_filter]" time="1.403" /><testcase classname="src.cucim.skimage.filters.tests.test_median" name="test_median_behavior[float32-False-footprint_shape7-nearest-ndimage-median_filter]" time="1.050" /><testcase classname="src.cucim.skimage.filters.tests.test_median" name="test_median_behavior[float32-False-footprint_shape7-constant-ndimage-median_filter]" time="1.100" /><testcase classname="src.cucim.skimage.filters.tests.test_median" name="test_median_behavior[float32-False-footprint_shape7-wrap-ndimage-median_filter]" time="1.145" /><testcase classname="src.cucim.skimage.filters.tests.test_median" name="test_median_behavior[float32-True-footprint_shape0-reflect-ndimage-median_filter]" time="0.007" /><testcase classname="src.cucim.skimage.filters.tests.test_median" name="test_median_behavior[float32-True-footprint_shape0-mirror-ndimage-median_filter]" time="0.008" /><testcase classname="src.cucim.skimage.filters.tests.test_median" name="test_median_behavior[float32-True-footprint_shape0-nearest-ndimage-median_filter]" time="0.007" /><testcase classname="src.cucim.skimage.filters.tests.test_median" name="test_median_behavior[float32-True-footprint_shape0-constant-ndimage-median_filter]" time="0.007" /><testcase classname="src.cucim.skimage.filters.tests.test_median" name="test_median_behavior[float32-True-footprint_shape0-wrap-ndimage-median_filter]" time="0.007" /><testcase classname="src.cucim.skimage.filters.tests.test_median" name="test_median_behavior[float32-True-footprint_shape1-reflect-ndimage-median_filter]" time="0.007" /><testcase classname="src.cucim.skimage.filters.tests.test_median" name="test_median_behavior[float32-True-footprint_shape1-mirror-ndimage-median_filter]" time="0.007" /><testcase classname="src.cucim.skimage.filters.tests.test_median" name="test_median_behavior[float32-True-footprint_shape1-nearest-ndimage-median_filter]" time="0.007" /><testcase classname="src.cucim.skimage.filters.tests.test_median" name="test_median_behavior[float32-True-footprint_shape1-constant-ndimage-median_filter]" time="0.007" /><testcase classname="src.cucim.skimage.filters.tests.test_median" name="test_median_behavior[float32-True-footprint_shape1-wrap-ndimage-median_filter]" time="0.007" /><testcase classname="src.cucim.skimage.filters.tests.test_median" name="test_median_behavior[float32-True-footprint_shape2-reflect-ndimage-median_filter]" time="0.007" /><testcase classname="src.cucim.skimage.filters.tests.test_median" name="test_median_behavior[float32-True-footprint_shape2-mirror-ndimage-median_filter]" time="0.007" /><testcase classname="src.cucim.skimage.filters.tests.test_median" name="test_median_behavior[float32-True-footprint_shape2-nearest-ndimage-median_filter]" time="0.006" /><testcase classname="src.cucim.skimage.filters.tests.test_median" name="test_median_behavior[float32-True-footprint_shape2-constant-ndimage-median_filter]" time="0.007" /><testcase classname="src.cucim.skimage.filters.tests.test_median" name="test_median_behavior[float32-True-footprint_shape2-wrap-ndimage-median_filter]" time="0.007" /><testcase classname="src.cucim.skimage.filters.tests.test_median" name="test_median_behavior[float32-True-footprint_shape3-reflect-ndimage-median_filter]" time="0.006" /><testcase classname="src.cucim.skimage.filters.tests.test_median" name="test_median_behavior[float32-True-footprint_shape3-mirror-ndimage-median_filter]" time="0.007" /><testcase classname="src.cucim.skimage.filters.tests.test_median" name="test_median_behavior[float32-True-footprint_shape3-nearest-ndimage-median_filter]" time="0.007" /><testcase classname="src.cucim.skimage.filters.tests.test_median" name="test_median_behavior[float32-True-footprint_shape3-constant-ndimage-median_filter]" time="0.007" /><testcase classname="src.cucim.skimage.filters.tests.test_median" name="test_median_behavior[float32-True-footprint_shape3-wrap-ndimage-median_filter]" time="0.007" /><testcase classname="src.cucim.skimage.filters.tests.test_median" name="test_median_behavior[float32-True-footprint_shape4-reflect-ndimage-median_filter]" time="0.008" /><testcase classname="src.cucim.skimage.filters.tests.test_median" name="test_median_behavior[float32-True-footprint_shape4-mirror-ndimage-median_filter]" time="0.007" /><testcase classname="src.cucim.skimage.filters.tests.test_median" name="test_median_behavior[float32-True-footprint_shape4-nearest-ndimage-median_filter]" time="0.007" /><testcase classname="src.cucim.skimage.filters.tests.test_median" name="test_median_behavior[float32-True-footprint_shape4-constant-ndimage-median_filter]" time="0.007" /><testcase classname="src.cucim.skimage.filters.tests.test_median" name="test_median_behavior[float32-True-footprint_shape4-wrap-ndimage-median_filter]" time="0.007" /><testcase classname="src.cucim.skimage.filters.tests.test_median" name="test_median_behavior[float32-True-footprint_shape5-reflect-ndimage-median_filter]" time="0.006" /><testcase classname="src.cucim.skimage.filters.tests.test_median" name="test_median_behavior[float32-True-footprint_shape5-mirror-ndimage-median_filter]" time="0.007" /><testcase classname="src.cucim.skimage.filters.tests.test_median" name="test_median_behavior[float32-True-footprint_shape5-nearest-ndimage-median_filter]" time="0.006" /><testcase classname="src.cucim.skimage.filters.tests.test_median" name="test_median_behavior[float32-True-footprint_shape5-constant-ndimage-median_filter]" time="0.006" /><testcase classname="src.cucim.skimage.filters.tests.test_median" name="test_median_behavior[float32-True-footprint_shape5-wrap-ndimage-median_filter]" time="0.007" /><testcase classname="src.cucim.skimage.filters.tests.test_median" name="test_median_behavior[float32-True-footprint_shape6-reflect-ndimage-median_filter]" time="0.010" /><testcase classname="src.cucim.skimage.filters.tests.test_median" name="test_median_behavior[float32-True-footprint_shape6-mirror-ndimage-median_filter]" time="0.009" /><testcase classname="src.cucim.skimage.filters.tests.test_median" name="test_median_behavior[float32-True-footprint_shape6-nearest-ndimage-median_filter]" time="0.009" /><testcase classname="src.cucim.skimage.filters.tests.test_median" name="test_median_behavior[float32-True-footprint_shape6-constant-ndimage-median_filter]" time="0.009" /><testcase classname="src.cucim.skimage.filters.tests.test_median" name="test_median_behavior[float32-True-footprint_shape6-wrap-ndimage-median_filter]" time="0.010" /><testcase classname="src.cucim.skimage.filters.tests.test_median" name="test_median_behavior[float32-True-footprint_shape7-reflect-ndimage-median_filter]" time="0.010" /><testcase classname="src.cucim.skimage.filters.tests.test_median" name="test_median_behavior[float32-True-footprint_shape7-mirror-ndimage-median_filter]" time="0.009" /><testcase classname="src.cucim.skimage.filters.tests.test_median" name="test_median_behavior[float32-True-footprint_shape7-nearest-ndimage-median_filter]" time="0.009" /><testcase classname="src.cucim.skimage.filters.tests.test_median" name="test_median_behavior[float32-True-footprint_shape7-constant-ndimage-median_filter]" time="0.009" /><testcase classname="src.cucim.skimage.filters.tests.test_median" name="test_median_behavior[float32-True-footprint_shape7-wrap-ndimage-median_filter]" time="0.010" /><testcase classname="src.cucim.skimage.filters.tests.test_median" name="test_median_behavior[array-False-footprint_shape0-reflect-ndimage-median_filter]" time="0.007" /><testcase classname="src.cucim.skimage.filters.tests.test_median" name="test_median_behavior[array-False-footprint_shape0-mirror-ndimage-median_filter]" time="0.007" /><testcase classname="src.cucim.skimage.filters.tests.test_median" name="test_median_behavior[array-False-footprint_shape0-nearest-ndimage-median_filter]" time="0.007" /><testcase classname="src.cucim.skimage.filters.tests.test_median" name="test_median_behavior[array-False-footprint_shape0-constant-ndimage-median_filter]" time="0.007" /><testcase classname="src.cucim.skimage.filters.tests.test_median" name="test_median_behavior[array-False-footprint_shape0-wrap-ndimage-median_filter]" time="0.007" /><testcase classname="src.cucim.skimage.filters.tests.test_median" name="test_median_behavior[array-False-footprint_shape1-reflect-ndimage-median_filter]" time="0.007" /><testcase classname="src.cucim.skimage.filters.tests.test_median" name="test_median_behavior[array-False-footprint_shape1-mirror-ndimage-median_filter]" time="0.006" /><testcase classname="src.cucim.skimage.filters.tests.test_median" name="test_median_behavior[array-False-footprint_shape1-nearest-ndimage-median_filter]" time="0.007" /><testcase classname="src.cucim.skimage.filters.tests.test_median" name="test_median_behavior[array-False-footprint_shape1-constant-ndimage-median_filter]" time="0.007" /><testcase classname="src.cucim.skimage.filters.tests.test_median" name="test_median_behavior[array-False-footprint_shape1-wrap-ndimage-median_filter]" time="0.007" /><testcase classname="src.cucim.skimage.filters.tests.test_median" name="test_median_behavior[array-False-footprint_shape2-reflect-ndimage-median_filter]" time="0.007" /><testcase classname="src.cucim.skimage.filters.tests.test_median" name="test_median_behavior[array-False-footprint_shape2-mirror-ndimage-median_filter]" time="0.007" /><testcase classname="src.cucim.skimage.filters.tests.test_median" name="test_median_behavior[array-False-footprint_shape2-nearest-ndimage-median_filter]" time="0.007" /><testcase classname="src.cucim.skimage.filters.tests.test_median" name="test_median_behavior[array-False-footprint_shape2-constant-ndimage-median_filter]" time="0.007" /><testcase classname="src.cucim.skimage.filters.tests.test_median" name="test_median_behavior[array-False-footprint_shape2-wrap-ndimage-median_filter]" time="0.007" /><testcase classname="src.cucim.skimage.filters.tests.test_median" name="test_median_behavior[array-False-footprint_shape3-reflect-ndimage-median_filter]" time="0.006" /><testcase classname="src.cucim.skimage.filters.tests.test_median" name="test_median_behavior[array-False-footprint_shape3-mirror-ndimage-median_filter]" time="0.007" /><testcase classname="src.cucim.skimage.filters.tests.test_median" name="test_median_behavior[array-False-footprint_shape3-nearest-ndimage-median_filter]" time="0.008" /><testcase classname="src.cucim.skimage.filters.tests.test_median" name="test_median_behavior[array-False-footprint_shape3-constant-ndimage-median_filter]" time="0.007" /><testcase classname="src.cucim.skimage.filters.tests.test_median" name="test_median_behavior[array-False-footprint_shape3-wrap-ndimage-median_filter]" time="0.007" /><testcase classname="src.cucim.skimage.filters.tests.test_median" name="test_median_behavior[array-False-footprint_shape4-reflect-ndimage-median_filter]" time="0.007" /><testcase classname="src.cucim.skimage.filters.tests.test_median" name="test_median_behavior[array-False-footprint_shape4-mirror-ndimage-median_filter]" time="0.007" /><testcase classname="src.cucim.skimage.filters.tests.test_median" name="test_median_behavior[array-False-footprint_shape4-nearest-ndimage-median_filter]" time="0.007" /><testcase classname="src.cucim.skimage.filters.tests.test_median" name="test_median_behavior[array-False-footprint_shape4-constant-ndimage-median_filter]" time="0.007" /><testcase classname="src.cucim.skimage.filters.tests.test_median" name="test_median_behavior[array-False-footprint_shape4-wrap-ndimage-median_filter]" time="0.007" /><testcase classname="src.cucim.skimage.filters.tests.test_median" name="test_median_behavior[array-False-footprint_shape5-reflect-ndimage-median_filter]" time="0.007" /><testcase classname="src.cucim.skimage.filters.tests.test_median" name="test_median_behavior[array-False-footprint_shape5-mirror-ndimage-median_filter]" time="0.007" /><testcase classname="src.cucim.skimage.filters.tests.test_median" name="test_median_behavior[array-False-footprint_shape5-nearest-ndimage-median_filter]" time="0.007" /><testcase classname="src.cucim.skimage.filters.tests.test_median" name="test_median_behavior[array-False-footprint_shape5-constant-ndimage-median_filter]" time="0.007" /><testcase classname="src.cucim.skimage.filters.tests.test_median" name="test_median_behavior[array-False-footprint_shape5-wrap-ndimage-median_filter]" time="0.007" /><testcase classname="src.cucim.skimage.filters.tests.test_median" name="test_median_behavior[array-False-footprint_shape6-reflect-ndimage-median_filter]" time="0.009" /><testcase classname="src.cucim.skimage.filters.tests.test_median" name="test_median_behavior[array-False-footprint_shape6-mirror-ndimage-median_filter]" time="0.009" /><testcase classname="src.cucim.skimage.filters.tests.test_median" name="test_median_behavior[array-False-footprint_shape6-nearest-ndimage-median_filter]" time="0.009" /><testcase classname="src.cucim.skimage.filters.tests.test_median" name="test_median_behavior[array-False-footprint_shape6-constant-ndimage-median_filter]" time="0.009" /><testcase classname="src.cucim.skimage.filters.tests.test_median" name="test_median_behavior[array-False-footprint_shape6-wrap-ndimage-median_filter]" time="0.010" /><testcase classname="src.cucim.skimage.filters.tests.test_median" name="test_median_behavior[array-False-footprint_shape7-reflect-ndimage-median_filter]" time="0.010" /><testcase classname="src.cucim.skimage.filters.tests.test_median" name="test_median_behavior[array-False-footprint_shape7-mirror-ndimage-median_filter]" time="0.009" /><testcase classname="src.cucim.skimage.filters.tests.test_median" name="test_median_behavior[array-False-footprint_shape7-nearest-ndimage-median_filter]" time="0.009" /><testcase classname="src.cucim.skimage.filters.tests.test_median" name="test_median_behavior[array-False-footprint_shape7-constant-ndimage-median_filter]" time="0.009" /><testcase classname="src.cucim.skimage.filters.tests.test_median" name="test_median_behavior[array-False-footprint_shape7-wrap-ndimage-median_filter]" time="0.009" /><testcase classname="src.cucim.skimage.filters.tests.test_median" name="test_median_behavior[array-True-footprint_shape0-reflect-ndimage-median_filter]" time="0.007" /><testcase classname="src.cucim.skimage.filters.tests.test_median" name="test_median_behavior[array-True-footprint_shape0-mirror-ndimage-median_filter]" time="0.007" /><testcase classname="src.cucim.skimage.filters.tests.test_median" name="test_median_behavior[array-True-footprint_shape0-nearest-ndimage-median_filter]" time="0.007" /><testcase classname="src.cucim.skimage.filters.tests.test_median" name="test_median_behavior[array-True-footprint_shape0-constant-ndimage-median_filter]" time="0.008" /><testcase classname="src.cucim.skimage.filters.tests.test_median" name="test_median_behavior[array-True-footprint_shape0-wrap-ndimage-median_filter]" time="0.007" /><testcase classname="src.cucim.skimage.filters.tests.test_median" name="test_median_behavior[array-True-footprint_shape1-reflect-ndimage-median_filter]" time="0.006" /><testcase classname="src.cucim.skimage.filters.tests.test_median" name="test_median_behavior[array-True-footprint_shape1-mirror-ndimage-median_filter]" time="0.006" /><testcase classname="src.cucim.skimage.filters.tests.test_median" name="test_median_behavior[array-True-footprint_shape1-nearest-ndimage-median_filter]" time="0.007" /><testcase classname="src.cucim.skimage.filters.tests.test_median" name="test_median_behavior[array-True-footprint_shape1-constant-ndimage-median_filter]" time="0.007" /><testcase classname="src.cucim.skimage.filters.tests.test_median" name="test_median_behavior[array-True-footprint_shape1-wrap-ndimage-median_filter]" time="0.007" /><testcase classname="src.cucim.skimage.filters.tests.test_median" name="test_median_behavior[array-True-footprint_shape2-reflect-ndimage-median_filter]" time="0.007" /><testcase classname="src.cucim.skimage.filters.tests.test_median" name="test_median_behavior[array-True-footprint_shape2-mirror-ndimage-median_filter]" time="0.008" /><testcase classname="src.cucim.skimage.filters.tests.test_median" name="test_median_behavior[array-True-footprint_shape2-nearest-ndimage-median_filter]" time="0.008" /><testcase classname="src.cucim.skimage.filters.tests.test_median" name="test_median_behavior[array-True-footprint_shape2-constant-ndimage-median_filter]" time="0.007" /><testcase classname="src.cucim.skimage.filters.tests.test_median" name="test_median_behavior[array-True-footprint_shape2-wrap-ndimage-median_filter]" time="0.006" /><testcase classname="src.cucim.skimage.filters.tests.test_median" name="test_median_behavior[array-True-footprint_shape3-reflect-ndimage-median_filter]" time="0.007" /><testcase classname="src.cucim.skimage.filters.tests.test_median" name="test_median_behavior[array-True-footprint_shape3-mirror-ndimage-median_filter]" time="0.007" /><testcase classname="src.cucim.skimage.filters.tests.test_median" name="test_median_behavior[array-True-footprint_shape3-nearest-ndimage-median_filter]" time="0.006" /><testcase classname="src.cucim.skimage.filters.tests.test_median" name="test_median_behavior[array-True-footprint_shape3-constant-ndimage-median_filter]" time="0.006" /><testcase classname="src.cucim.skimage.filters.tests.test_median" name="test_median_behavior[array-True-footprint_shape3-wrap-ndimage-median_filter]" time="0.007" /><testcase classname="src.cucim.skimage.filters.tests.test_median" name="test_median_behavior[array-True-footprint_shape4-reflect-ndimage-median_filter]" time="0.007" /><testcase classname="src.cucim.skimage.filters.tests.test_median" name="test_median_behavior[array-True-footprint_shape4-mirror-ndimage-median_filter]" time="0.007" /><testcase classname="src.cucim.skimage.filters.tests.test_median" name="test_median_behavior[array-True-footprint_shape4-nearest-ndimage-median_filter]" time="0.008" /><testcase classname="src.cucim.skimage.filters.tests.test_median" name="test_median_behavior[array-True-footprint_shape4-constant-ndimage-median_filter]" time="0.007" /><testcase classname="src.cucim.skimage.filters.tests.test_median" name="test_median_behavior[array-True-footprint_shape4-wrap-ndimage-median_filter]" time="0.007" /><testcase classname="src.cucim.skimage.filters.tests.test_median" name="test_median_behavior[array-True-footprint_shape5-reflect-ndimage-median_filter]" time="0.007" /><testcase classname="src.cucim.skimage.filters.tests.test_median" name="test_median_behavior[array-True-footprint_shape5-mirror-ndimage-median_filter]" time="0.006" /><testcase classname="src.cucim.skimage.filters.tests.test_median" name="test_median_behavior[array-True-footprint_shape5-nearest-ndimage-median_filter]" time="0.006" /><testcase classname="src.cucim.skimage.filters.tests.test_median" name="test_median_behavior[array-True-footprint_shape5-constant-ndimage-median_filter]" time="0.007" /><testcase classname="src.cucim.skimage.filters.tests.test_median" name="test_median_behavior[array-True-footprint_shape5-wrap-ndimage-median_filter]" time="0.007" /><testcase classname="src.cucim.skimage.filters.tests.test_median" name="test_median_behavior[array-True-footprint_shape6-reflect-ndimage-median_filter]" time="0.009" /><testcase classname="src.cucim.skimage.filters.tests.test_median" name="test_median_behavior[array-True-footprint_shape6-mirror-ndimage-median_filter]" time="0.009" /><testcase classname="src.cucim.skimage.filters.tests.test_median" name="test_median_behavior[array-True-footprint_shape6-nearest-ndimage-median_filter]" time="0.009" /><testcase classname="src.cucim.skimage.filters.tests.test_median" name="test_median_behavior[array-True-footprint_shape6-constant-ndimage-median_filter]" time="0.010" /><testcase classname="src.cucim.skimage.filters.tests.test_median" name="test_median_behavior[array-True-footprint_shape6-wrap-ndimage-median_filter]" time="0.009" /><testcase classname="src.cucim.skimage.filters.tests.test_median" name="test_median_behavior[array-True-footprint_shape7-reflect-ndimage-median_filter]" time="0.009" /><testcase classname="src.cucim.skimage.filters.tests.test_median" name="test_median_behavior[array-True-footprint_shape7-mirror-ndimage-median_filter]" time="0.009" /><testcase classname="src.cucim.skimage.filters.tests.test_median" name="test_median_behavior[array-True-footprint_shape7-nearest-ndimage-median_filter]" time="0.009" /><testcase classname="src.cucim.skimage.filters.tests.test_median" name="test_median_behavior[array-True-footprint_shape7-constant-ndimage-median_filter]" time="0.010" /><testcase classname="src.cucim.skimage.filters.tests.test_median" name="test_median_behavior[array-True-footprint_shape7-wrap-ndimage-median_filter]" time="0.010" /><testcase classname="src.cucim.skimage.filters.tests.test_median" name="test_median_hist_dtypes[algorithm_kwargs0-auto-uint8-footprint_shape0-reflect]" time="1.449" /><testcase classname="src.cucim.skimage.filters.tests.test_median" name="test_median_hist_dtypes[algorithm_kwargs0-auto-uint8-footprint_shape0-mirror]" time="1.647" /><testcase classname="src.cucim.skimage.filters.tests.test_median" name="test_median_hist_dtypes[algorithm_kwargs0-auto-uint8-footprint_shape0-nearest]" time="0.725" /><testcase classname="src.cucim.skimage.filters.tests.test_median" name="test_median_hist_dtypes[algorithm_kwargs0-auto-uint8-footprint_shape0-constant]" time="1.455" /><testcase classname="src.cucim.skimage.filters.tests.test_median" name="test_median_hist_dtypes[algorithm_kwargs0-auto-uint8-footprint_shape0-wrap]" time="1.456" /><testcase classname="src.cucim.skimage.filters.tests.test_median" name="test_median_hist_dtypes[algorithm_kwargs0-auto-uint8-footprint_shape1-reflect]" time="1.536" /><testcase classname="src.cucim.skimage.filters.tests.test_median" name="test_median_hist_dtypes[algorithm_kwargs0-auto-uint8-footprint_shape1-mirror]" time="1.976" /><testcase classname="src.cucim.skimage.filters.tests.test_median" name="test_median_hist_dtypes[algorithm_kwargs0-auto-uint8-footprint_shape1-nearest]" time="1.561" /><testcase classname="src.cucim.skimage.filters.tests.test_median" name="test_median_hist_dtypes[algorithm_kwargs0-auto-uint8-footprint_shape1-constant]" time="1.555" /><testcase classname="src.cucim.skimage.filters.tests.test_median" name="test_median_hist_dtypes[algorithm_kwargs0-auto-uint8-footprint_shape1-wrap]" time="1.552" /><testcase classname="src.cucim.skimage.filters.tests.test_median" name="test_median_hist_dtypes[algorithm_kwargs0-auto-uint8-footprint_shape2-reflect]" time="4.442" /><testcase classname="src.cucim.skimage.filters.tests.test_median" name="test_median_hist_dtypes[algorithm_kwargs0-auto-uint8-footprint_shape2-mirror]" time="2.624" /><testcase classname="src.cucim.skimage.filters.tests.test_median" name="test_median_hist_dtypes[algorithm_kwargs0-auto-uint8-footprint_shape2-nearest]" time="2.268" /><testcase classname="src.cucim.skimage.filters.tests.test_median" name="test_median_hist_dtypes[algorithm_kwargs0-auto-uint8-footprint_shape2-constant]" time="2.312" /><testcase classname="src.cucim.skimage.filters.tests.test_median" name="test_median_hist_dtypes[algorithm_kwargs0-auto-uint8-footprint_shape2-wrap]" time="2.364" /><testcase classname="src.cucim.skimage.filters.tests.test_median" name="test_median_hist_dtypes[algorithm_kwargs0-auto-int8-footprint_shape0-reflect]" time="1.560" /><testcase classname="src.cucim.skimage.filters.tests.test_median" name="test_median_hist_dtypes[algorithm_kwargs0-auto-int8-footprint_shape0-mirror]" time="1.680" /><testcase classname="src.cucim.skimage.filters.tests.test_median" name="test_median_hist_dtypes[algorithm_kwargs0-auto-int8-footprint_shape0-nearest]" time="1.593" /><testcase classname="src.cucim.skimage.filters.tests.test_median" name="test_median_hist_dtypes[algorithm_kwargs0-auto-int8-footprint_shape0-constant]" time="1.542" /><testcase classname="src.cucim.skimage.filters.tests.test_median" name="test_median_hist_dtypes[algorithm_kwargs0-auto-int8-footprint_shape0-wrap]" time="1.521" /><testcase classname="src.cucim.skimage.filters.tests.test_median" name="test_median_hist_dtypes[algorithm_kwargs0-auto-int8-footprint_shape1-reflect]" time="1.608" /><testcase classname="src.cucim.skimage.filters.tests.test_median" name="test_median_hist_dtypes[algorithm_kwargs0-auto-int8-footprint_shape1-mirror]" time="2.052" /><testcase classname="src.cucim.skimage.filters.tests.test_median" name="test_median_hist_dtypes[algorithm_kwargs0-auto-int8-footprint_shape1-nearest]" time="1.586" /><testcase classname="src.cucim.skimage.filters.tests.test_median" name="test_median_hist_dtypes[algorithm_kwargs0-auto-int8-footprint_shape1-constant]" time="1.626" /><testcase classname="src.cucim.skimage.filters.tests.test_median" name="test_median_hist_dtypes[algorithm_kwargs0-auto-int8-footprint_shape1-wrap]" time="1.672" /><testcase classname="src.cucim.skimage.filters.tests.test_median" name="test_median_hist_dtypes[algorithm_kwargs0-auto-int8-footprint_shape2-reflect]" time="2.737" /><testcase classname="src.cucim.skimage.filters.tests.test_median" name="test_median_hist_dtypes[algorithm_kwargs0-auto-int8-footprint_shape2-mirror]" time="2.601" /><testcase classname="src.cucim.skimage.filters.tests.test_median" name="test_median_hist_dtypes[algorithm_kwargs0-auto-int8-footprint_shape2-nearest]" time="2.314" /><testcase classname="src.cucim.skimage.filters.tests.test_median" name="test_median_hist_dtypes[algorithm_kwargs0-auto-int8-footprint_shape2-constant]" time="2.398" /><testcase classname="src.cucim.skimage.filters.tests.test_median" name="test_median_hist_dtypes[algorithm_kwargs0-auto-int8-footprint_shape2-wrap]" time="2.423" /><testcase classname="src.cucim.skimage.filters.tests.test_median" name="test_median_hist_dtypes[algorithm_kwargs0-auto-uint16-footprint_shape0-reflect]" time="1.606" /><testcase classname="src.cucim.skimage.filters.tests.test_median" name="test_median_hist_dtypes[algorithm_kwargs0-auto-uint16-footprint_shape0-mirror]" time="1.772" /><testcase classname="src.cucim.skimage.filters.tests.test_median" name="test_median_hist_dtypes[algorithm_kwargs0-auto-uint16-footprint_shape0-nearest]" time="1.555" /><testcase classname="src.cucim.skimage.filters.tests.test_median" name="test_median_hist_dtypes[algorithm_kwargs0-auto-uint16-footprint_shape0-constant]" time="1.563" /><testcase classname="src.cucim.skimage.filters.tests.test_median" name="test_median_hist_dtypes[algorithm_kwargs0-auto-uint16-footprint_shape0-wrap]" time="1.557" /><testcase classname="src.cucim.skimage.filters.tests.test_median" name="test_median_hist_dtypes[algorithm_kwargs0-auto-uint16-footprint_shape1-reflect]" time="1.630" /><testcase classname="src.cucim.skimage.filters.tests.test_median" name="test_median_hist_dtypes[algorithm_kwargs0-auto-uint16-footprint_shape1-mirror]" time="2.109" /><testcase classname="src.cucim.skimage.filters.tests.test_median" name="test_median_hist_dtypes[algorithm_kwargs0-auto-uint16-footprint_shape1-nearest]" time="1.575" /><testcase classname="src.cucim.skimage.filters.tests.test_median" name="test_median_hist_dtypes[algorithm_kwargs0-auto-uint16-footprint_shape1-constant]" time="1.592" /><testcase classname="src.cucim.skimage.filters.tests.test_median" name="test_median_hist_dtypes[algorithm_kwargs0-auto-uint16-footprint_shape1-wrap]" time="1.560" /><testcase classname="src.cucim.skimage.filters.tests.test_median" name="test_median_hist_dtypes[algorithm_kwargs0-auto-uint16-footprint_shape2-reflect]" time="2.576" /><testcase classname="src.cucim.skimage.filters.tests.test_median" name="test_median_hist_dtypes[algorithm_kwargs0-auto-uint16-footprint_shape2-mirror]" time="2.550" /><testcase classname="src.cucim.skimage.filters.tests.test_median" name="test_median_hist_dtypes[algorithm_kwargs0-auto-uint16-footprint_shape2-nearest]" time="2.311" /><testcase classname="src.cucim.skimage.filters.tests.test_median" name="test_median_hist_dtypes[algorithm_kwargs0-auto-uint16-footprint_shape2-constant]" time="2.388" /><testcase classname="src.cucim.skimage.filters.tests.test_median" name="test_median_hist_dtypes[algorithm_kwargs0-auto-uint16-footprint_shape2-wrap]" time="2.337" /><testcase classname="src.cucim.skimage.filters.tests.test_median" name="test_median_hist_dtypes[algorithm_kwargs0-auto-int16-footprint_shape0-reflect]" time="1.620" /><testcase classname="src.cucim.skimage.filters.tests.test_median" name="test_median_hist_dtypes[algorithm_kwargs0-auto-int16-footprint_shape0-mirror]" time="1.730" /><testcase classname="src.cucim.skimage.filters.tests.test_median" name="test_median_hist_dtypes[algorithm_kwargs0-auto-int16-footprint_shape0-nearest]" time="1.560" /><testcase classname="src.cucim.skimage.filters.tests.test_median" name="test_median_hist_dtypes[algorithm_kwargs0-auto-int16-footprint_shape0-constant]" time="1.561" /><testcase classname="src.cucim.skimage.filters.tests.test_median" name="test_median_hist_dtypes[algorithm_kwargs0-auto-int16-footprint_shape0-wrap]" time="1.527" /><testcase classname="src.cucim.skimage.filters.tests.test_median" name="test_median_hist_dtypes[algorithm_kwargs0-auto-int16-footprint_shape1-reflect]" time="1.585" /><testcase classname="src.cucim.skimage.filters.tests.test_median" name="test_median_hist_dtypes[algorithm_kwargs0-auto-int16-footprint_shape1-mirror]" time="2.125" /><testcase classname="src.cucim.skimage.filters.tests.test_median" name="test_median_hist_dtypes[algorithm_kwargs0-auto-int16-footprint_shape1-nearest]" time="1.582" /><testcase classname="src.cucim.skimage.filters.tests.test_median" name="test_median_hist_dtypes[algorithm_kwargs0-auto-int16-footprint_shape1-constant]" time="1.620" /><testcase classname="src.cucim.skimage.filters.tests.test_median" name="test_median_hist_dtypes[algorithm_kwargs0-auto-int16-footprint_shape1-wrap]" time="1.765" /><testcase classname="src.cucim.skimage.filters.tests.test_median" name="test_median_hist_dtypes[algorithm_kwargs0-auto-int16-footprint_shape2-reflect]" time="2.610" /><testcase classname="src.cucim.skimage.filters.tests.test_median" name="test_median_hist_dtypes[algorithm_kwargs0-auto-int16-footprint_shape2-mirror]" time="2.565" /><testcase classname="src.cucim.skimage.filters.tests.test_median" name="test_median_hist_dtypes[algorithm_kwargs0-auto-int16-footprint_shape2-nearest]" time="2.353" /><testcase classname="src.cucim.skimage.filters.tests.test_median" name="test_median_hist_dtypes[algorithm_kwargs0-auto-int16-footprint_shape2-constant]" time="2.390" /><testcase classname="src.cucim.skimage.filters.tests.test_median" name="test_median_hist_dtypes[algorithm_kwargs0-auto-int16-footprint_shape2-wrap]" time="2.414" /><testcase classname="src.cucim.skimage.filters.tests.test_median" name="test_median_hist_dtypes[algorithm_kwargs0-histogram-uint8-footprint_shape0-reflect]" time="0.255" /><testcase classname="src.cucim.skimage.filters.tests.test_median" name="test_median_hist_dtypes[algorithm_kwargs0-histogram-uint8-footprint_shape0-mirror]" time="0.088" /><testcase classname="src.cucim.skimage.filters.tests.test_median" name="test_median_hist_dtypes[algorithm_kwargs0-histogram-uint8-footprint_shape0-nearest]" time="0.081" /><testcase classname="src.cucim.skimage.filters.tests.test_median" name="test_median_hist_dtypes[algorithm_kwargs0-histogram-uint8-footprint_shape0-constant]" time="0.010" /><testcase classname="src.cucim.skimage.filters.tests.test_median" name="test_median_hist_dtypes[algorithm_kwargs0-histogram-uint8-footprint_shape0-wrap]" time="0.083" /><testcase classname="src.cucim.skimage.filters.tests.test_median" name="test_median_hist_dtypes[algorithm_kwargs0-histogram-uint8-footprint_shape1-reflect]" time="0.087" /><testcase classname="src.cucim.skimage.filters.tests.test_median" name="test_median_hist_dtypes[algorithm_kwargs0-histogram-uint8-footprint_shape1-mirror]" time="0.086" /><testcase classname="src.cucim.skimage.filters.tests.test_median" name="test_median_hist_dtypes[algorithm_kwargs0-histogram-uint8-footprint_shape1-nearest]" time="0.081" /><testcase classname="src.cucim.skimage.filters.tests.test_median" name="test_median_hist_dtypes[algorithm_kwargs0-histogram-uint8-footprint_shape1-constant]" time="0.009" /><testcase classname="src.cucim.skimage.filters.tests.test_median" name="test_median_hist_dtypes[algorithm_kwargs0-histogram-uint8-footprint_shape1-wrap]" time="0.081" /><testcase classname="src.cucim.skimage.filters.tests.test_median" name="test_median_hist_dtypes[algorithm_kwargs0-histogram-uint8-footprint_shape2-reflect]" time="0.011" /><testcase classname="src.cucim.skimage.filters.tests.test_median" name="test_median_hist_dtypes[algorithm_kwargs0-histogram-uint8-footprint_shape2-mirror]" time="0.011" /><testcase classname="src.cucim.skimage.filters.tests.test_median" name="test_median_hist_dtypes[algorithm_kwargs0-histogram-uint8-footprint_shape2-nearest]" time="0.011" /><testcase classname="src.cucim.skimage.filters.tests.test_median" name="test_median_hist_dtypes[algorithm_kwargs0-histogram-uint8-footprint_shape2-constant]" time="0.012" /><testcase classname="src.cucim.skimage.filters.tests.test_median" name="test_median_hist_dtypes[algorithm_kwargs0-histogram-uint8-footprint_shape2-wrap]" time="0.012" /><testcase classname="src.cucim.skimage.filters.tests.test_median" name="test_median_hist_dtypes[algorithm_kwargs0-histogram-int8-footprint_shape0-reflect]" time="0.251" /><testcase classname="src.cucim.skimage.filters.tests.test_median" name="test_median_hist_dtypes[algorithm_kwargs0-histogram-int8-footprint_shape0-mirror]" time="0.091" /><testcase classname="src.cucim.skimage.filters.tests.test_median" name="test_median_hist_dtypes[algorithm_kwargs0-histogram-int8-footprint_shape0-nearest]" time="0.086" /><testcase classname="src.cucim.skimage.filters.tests.test_median" name="test_median_hist_dtypes[algorithm_kwargs0-histogram-int8-footprint_shape0-constant]" time="0.010" /><testcase classname="src.cucim.skimage.filters.tests.test_median" name="test_median_hist_dtypes[algorithm_kwargs0-histogram-int8-footprint_shape0-wrap]" time="0.081" /><testcase classname="src.cucim.skimage.filters.tests.test_median" name="test_median_hist_dtypes[algorithm_kwargs0-histogram-int8-footprint_shape1-reflect]" time="0.081" /><testcase classname="src.cucim.skimage.filters.tests.test_median" name="test_median_hist_dtypes[algorithm_kwargs0-histogram-int8-footprint_shape1-mirror]" time="0.086" /><testcase classname="src.cucim.skimage.filters.tests.test_median" name="test_median_hist_dtypes[algorithm_kwargs0-histogram-int8-footprint_shape1-nearest]" time="0.082" /><testcase classname="src.cucim.skimage.filters.tests.test_median" name="test_median_hist_dtypes[algorithm_kwargs0-histogram-int8-footprint_shape1-constant]" time="0.010" /><testcase classname="src.cucim.skimage.filters.tests.test_median" name="test_median_hist_dtypes[algorithm_kwargs0-histogram-int8-footprint_shape1-wrap]" time="0.080" /><testcase classname="src.cucim.skimage.filters.tests.test_median" name="test_median_hist_dtypes[algorithm_kwargs0-histogram-int8-footprint_shape2-reflect]" time="0.011" /><testcase classname="src.cucim.skimage.filters.tests.test_median" name="test_median_hist_dtypes[algorithm_kwargs0-histogram-int8-footprint_shape2-mirror]" time="0.011" /><testcase classname="src.cucim.skimage.filters.tests.test_median" name="test_median_hist_dtypes[algorithm_kwargs0-histogram-int8-footprint_shape2-nearest]" time="0.011" /><testcase classname="src.cucim.skimage.filters.tests.test_median" name="test_median_hist_dtypes[algorithm_kwargs0-histogram-int8-footprint_shape2-constant]" time="0.011" /><testcase classname="src.cucim.skimage.filters.tests.test_median" name="test_median_hist_dtypes[algorithm_kwargs0-histogram-int8-footprint_shape2-wrap]" time="0.010" /><testcase classname="src.cucim.skimage.filters.tests.test_median" name="test_median_hist_dtypes[algorithm_kwargs0-histogram-uint16-footprint_shape0-reflect]" time="0.247" /><testcase classname="src.cucim.skimage.filters.tests.test_median" name="test_median_hist_dtypes[algorithm_kwargs0-histogram-uint16-footprint_shape0-mirror]" time="0.011" /><testcase classname="src.cucim.skimage.filters.tests.test_median" name="test_median_hist_dtypes[algorithm_kwargs0-histogram-uint16-footprint_shape0-nearest]" time="0.084" /><testcase classname="src.cucim.skimage.filters.tests.test_median" name="test_median_hist_dtypes[algorithm_kwargs0-histogram-uint16-footprint_shape0-constant]" time="0.010" /><testcase classname="src.cucim.skimage.filters.tests.test_median" name="test_median_hist_dtypes[algorithm_kwargs0-histogram-uint16-footprint_shape0-wrap]" time="0.081" /><testcase classname="src.cucim.skimage.filters.tests.test_median" name="test_median_hist_dtypes[algorithm_kwargs0-histogram-uint16-footprint_shape1-reflect]" time="0.083" /><testcase classname="src.cucim.skimage.filters.tests.test_median" name="test_median_hist_dtypes[algorithm_kwargs0-histogram-uint16-footprint_shape1-mirror]" time="0.089" /><testcase classname="src.cucim.skimage.filters.tests.test_median" name="test_median_hist_dtypes[algorithm_kwargs0-histogram-uint16-footprint_shape1-nearest]" time="0.086" /><testcase classname="src.cucim.skimage.filters.tests.test_median" name="test_median_hist_dtypes[algorithm_kwargs0-histogram-uint16-footprint_shape1-constant]" time="0.010" /><testcase classname="src.cucim.skimage.filters.tests.test_median" name="test_median_hist_dtypes[algorithm_kwargs0-histogram-uint16-footprint_shape1-wrap]" time="0.083" /><testcase classname="src.cucim.skimage.filters.tests.test_median" name="test_median_hist_dtypes[algorithm_kwargs0-histogram-uint16-footprint_shape2-reflect]" time="0.015" /><testcase classname="src.cucim.skimage.filters.tests.test_median" name="test_median_hist_dtypes[algorithm_kwargs0-histogram-uint16-footprint_shape2-mirror]" time="0.013" /><testcase classname="src.cucim.skimage.filters.tests.test_median" name="test_median_hist_dtypes[algorithm_kwargs0-histogram-uint16-footprint_shape2-nearest]" time="0.013" /><testcase classname="src.cucim.skimage.filters.tests.test_median" name="test_median_hist_dtypes[algorithm_kwargs0-histogram-uint16-footprint_shape2-constant]" time="0.013" /><testcase classname="src.cucim.skimage.filters.tests.test_median" name="test_median_hist_dtypes[algorithm_kwargs0-histogram-uint16-footprint_shape2-wrap]" time="0.012" /><testcase classname="src.cucim.skimage.filters.tests.test_median" name="test_median_hist_dtypes[algorithm_kwargs0-histogram-int16-footprint_shape0-reflect]" time="0.258" /><testcase classname="src.cucim.skimage.filters.tests.test_median" name="test_median_hist_dtypes[algorithm_kwargs0-histogram-int16-footprint_shape0-mirror]" time="0.084" /><testcase classname="src.cucim.skimage.filters.tests.test_median" name="test_median_hist_dtypes[algorithm_kwargs0-histogram-int16-footprint_shape0-nearest]" time="0.080" /><testcase classname="src.cucim.skimage.filters.tests.test_median" name="test_median_hist_dtypes[algorithm_kwargs0-histogram-int16-footprint_shape0-constant]" time="0.011" /><testcase classname="src.cucim.skimage.filters.tests.test_median" name="test_median_hist_dtypes[algorithm_kwargs0-histogram-int16-footprint_shape0-wrap]" time="0.081" /><testcase classname="src.cucim.skimage.filters.tests.test_median" name="test_median_hist_dtypes[algorithm_kwargs0-histogram-int16-footprint_shape1-reflect]" time="0.086" /><testcase classname="src.cucim.skimage.filters.tests.test_median" name="test_median_hist_dtypes[algorithm_kwargs0-histogram-int16-footprint_shape1-mirror]" time="0.082" /><testcase classname="src.cucim.skimage.filters.tests.test_median" name="test_median_hist_dtypes[algorithm_kwargs0-histogram-int16-footprint_shape1-nearest]" time="0.080" /><testcase classname="src.cucim.skimage.filters.tests.test_median" name="test_median_hist_dtypes[algorithm_kwargs0-histogram-int16-footprint_shape1-constant]" time="0.009" /><testcase classname="src.cucim.skimage.filters.tests.test_median" name="test_median_hist_dtypes[algorithm_kwargs0-histogram-int16-footprint_shape1-wrap]" time="0.080" /><testcase classname="src.cucim.skimage.filters.tests.test_median" name="test_median_hist_dtypes[algorithm_kwargs0-histogram-int16-footprint_shape2-reflect]" time="0.013" /><testcase classname="src.cucim.skimage.filters.tests.test_median" name="test_median_hist_dtypes[algorithm_kwargs0-histogram-int16-footprint_shape2-mirror]" time="0.012" /><testcase classname="src.cucim.skimage.filters.tests.test_median" name="test_median_hist_dtypes[algorithm_kwargs0-histogram-int16-footprint_shape2-nearest]" time="0.011" /><testcase classname="src.cucim.skimage.filters.tests.test_median" name="test_median_hist_dtypes[algorithm_kwargs0-histogram-int16-footprint_shape2-constant]" time="0.012" /><testcase classname="src.cucim.skimage.filters.tests.test_median" name="test_median_hist_dtypes[algorithm_kwargs0-histogram-int16-footprint_shape2-wrap]" time="0.013" /><testcase classname="src.cucim.skimage.filters.tests.test_median" name="test_median_hist_dtypes[algorithm_kwargs0-sorting-uint8-footprint_shape0-reflect]" time="0.008" /><testcase classname="src.cucim.skimage.filters.tests.test_median" name="test_median_hist_dtypes[algorithm_kwargs0-sorting-uint8-footprint_shape0-mirror]" time="0.008" /><testcase classname="src.cucim.skimage.filters.tests.test_median" name="test_median_hist_dtypes[algorithm_kwargs0-sorting-uint8-footprint_shape0-nearest]" time="0.007" /><testcase classname="src.cucim.skimage.filters.tests.test_median" name="test_median_hist_dtypes[algorithm_kwargs0-sorting-uint8-footprint_shape0-constant]" time="0.007" /><testcase classname="src.cucim.skimage.filters.tests.test_median" name="test_median_hist_dtypes[algorithm_kwargs0-sorting-uint8-footprint_shape0-wrap]" time="0.007" /><testcase classname="src.cucim.skimage.filters.tests.test_median" name="test_median_hist_dtypes[algorithm_kwargs0-sorting-uint8-footprint_shape1-reflect]" time="0.007" /><testcase classname="src.cucim.skimage.filters.tests.test_median" name="test_median_hist_dtypes[algorithm_kwargs0-sorting-uint8-footprint_shape1-mirror]" time="0.007" /><testcase classname="src.cucim.skimage.filters.tests.test_median" name="test_median_hist_dtypes[algorithm_kwargs0-sorting-uint8-footprint_shape1-nearest]" time="0.008" /><testcase classname="src.cucim.skimage.filters.tests.test_median" name="test_median_hist_dtypes[algorithm_kwargs0-sorting-uint8-footprint_shape1-constant]" time="0.007" /><testcase classname="src.cucim.skimage.filters.tests.test_median" name="test_median_hist_dtypes[algorithm_kwargs0-sorting-uint8-footprint_shape1-wrap]" time="0.007" /><testcase classname="src.cucim.skimage.filters.tests.test_median" name="test_median_hist_dtypes[algorithm_kwargs0-sorting-uint8-footprint_shape2-reflect]" time="2.261" /><testcase classname="src.cucim.skimage.filters.tests.test_median" name="test_median_hist_dtypes[algorithm_kwargs0-sorting-uint8-footprint_shape2-mirror]" time="2.297" /><testcase classname="src.cucim.skimage.filters.tests.test_median" name="test_median_hist_dtypes[algorithm_kwargs0-sorting-uint8-footprint_shape2-nearest]" time="2.232" /><testcase classname="src.cucim.skimage.filters.tests.test_median" name="test_median_hist_dtypes[algorithm_kwargs0-sorting-uint8-footprint_shape2-constant]" time="2.216" /><testcase classname="src.cucim.skimage.filters.tests.test_median" name="test_median_hist_dtypes[algorithm_kwargs0-sorting-uint8-footprint_shape2-wrap]" time="2.223" /><testcase classname="src.cucim.skimage.filters.tests.test_median" name="test_median_hist_dtypes[algorithm_kwargs0-sorting-int8-footprint_shape0-reflect]" time="0.010" /><testcase classname="src.cucim.skimage.filters.tests.test_median" name="test_median_hist_dtypes[algorithm_kwargs0-sorting-int8-footprint_shape0-mirror]" time="0.007" /><testcase classname="src.cucim.skimage.filters.tests.test_median" name="test_median_hist_dtypes[algorithm_kwargs0-sorting-int8-footprint_shape0-nearest]" time="0.006" /><testcase classname="src.cucim.skimage.filters.tests.test_median" name="test_median_hist_dtypes[algorithm_kwargs0-sorting-int8-footprint_shape0-constant]" time="0.006" /><testcase classname="src.cucim.skimage.filters.tests.test_median" name="test_median_hist_dtypes[algorithm_kwargs0-sorting-int8-footprint_shape0-wrap]" time="0.006" /><testcase classname="src.cucim.skimage.filters.tests.test_median" name="test_median_hist_dtypes[algorithm_kwargs0-sorting-int8-footprint_shape1-reflect]" time="0.006" /><testcase classname="src.cucim.skimage.filters.tests.test_median" name="test_median_hist_dtypes[algorithm_kwargs0-sorting-int8-footprint_shape1-mirror]" time="0.007" /><testcase classname="src.cucim.skimage.filters.tests.test_median" name="test_median_hist_dtypes[algorithm_kwargs0-sorting-int8-footprint_shape1-nearest]" time="0.006" /><testcase classname="src.cucim.skimage.filters.tests.test_median" name="test_median_hist_dtypes[algorithm_kwargs0-sorting-int8-footprint_shape1-constant]" time="0.007" /><testcase classname="src.cucim.skimage.filters.tests.test_median" name="test_median_hist_dtypes[algorithm_kwargs0-sorting-int8-footprint_shape1-wrap]" time="0.008" /><testcase classname="src.cucim.skimage.filters.tests.test_median" name="test_median_hist_dtypes[algorithm_kwargs0-sorting-int8-footprint_shape2-reflect]" time="2.245" /><testcase classname="src.cucim.skimage.filters.tests.test_median" name="test_median_hist_dtypes[algorithm_kwargs0-sorting-int8-footprint_shape2-mirror]" time="2.292" /><testcase classname="src.cucim.skimage.filters.tests.test_median" name="test_median_hist_dtypes[algorithm_kwargs0-sorting-int8-footprint_shape2-nearest]" time="2.209" /><testcase classname="src.cucim.skimage.filters.tests.test_median" name="test_median_hist_dtypes[algorithm_kwargs0-sorting-int8-footprint_shape2-constant]" time="2.273" /><testcase classname="src.cucim.skimage.filters.tests.test_median" name="test_median_hist_dtypes[algorithm_kwargs0-sorting-int8-footprint_shape2-wrap]" time="2.219" /><testcase classname="src.cucim.skimage.filters.tests.test_median" name="test_median_hist_dtypes[algorithm_kwargs0-sorting-uint16-footprint_shape0-reflect]" time="0.012" /><testcase classname="src.cucim.skimage.filters.tests.test_median" name="test_median_hist_dtypes[algorithm_kwargs0-sorting-uint16-footprint_shape0-mirror]" time="0.007" /><testcase classname="src.cucim.skimage.filters.tests.test_median" name="test_median_hist_dtypes[algorithm_kwargs0-sorting-uint16-footprint_shape0-nearest]" time="0.006" /><testcase classname="src.cucim.skimage.filters.tests.test_median" name="test_median_hist_dtypes[algorithm_kwargs0-sorting-uint16-footprint_shape0-constant]" time="0.007" /><testcase classname="src.cucim.skimage.filters.tests.test_median" name="test_median_hist_dtypes[algorithm_kwargs0-sorting-uint16-footprint_shape0-wrap]" time="0.006" /><testcase classname="src.cucim.skimage.filters.tests.test_median" name="test_median_hist_dtypes[algorithm_kwargs0-sorting-uint16-footprint_shape1-reflect]" time="0.007" /><testcase classname="src.cucim.skimage.filters.tests.test_median" name="test_median_hist_dtypes[algorithm_kwargs0-sorting-uint16-footprint_shape1-mirror]" time="0.007" /><testcase classname="src.cucim.skimage.filters.tests.test_median" name="test_median_hist_dtypes[algorithm_kwargs0-sorting-uint16-footprint_shape1-nearest]" time="0.007" /><testcase classname="src.cucim.skimage.filters.tests.test_median" name="test_median_hist_dtypes[algorithm_kwargs0-sorting-uint16-footprint_shape1-constant]" time="0.006" /><testcase classname="src.cucim.skimage.filters.tests.test_median" name="test_median_hist_dtypes[algorithm_kwargs0-sorting-uint16-footprint_shape1-wrap]" time="0.006" /><testcase classname="src.cucim.skimage.filters.tests.test_median" name="test_median_hist_dtypes[algorithm_kwargs0-sorting-uint16-footprint_shape2-reflect]" time="2.262" /><testcase classname="src.cucim.skimage.filters.tests.test_median" name="test_median_hist_dtypes[algorithm_kwargs0-sorting-uint16-footprint_shape2-mirror]" time="2.322" /><testcase classname="src.cucim.skimage.filters.tests.test_median" name="test_median_hist_dtypes[algorithm_kwargs0-sorting-uint16-footprint_shape2-nearest]" time="2.198" /><testcase classname="src.cucim.skimage.filters.tests.test_median" name="test_median_hist_dtypes[algorithm_kwargs0-sorting-uint16-footprint_shape2-constant]" time="2.196" /><testcase classname="src.cucim.skimage.filters.tests.test_median" name="test_median_hist_dtypes[algorithm_kwargs0-sorting-uint16-footprint_shape2-wrap]" time="2.219" /><testcase classname="src.cucim.skimage.filters.tests.test_median" name="test_median_hist_dtypes[algorithm_kwargs0-sorting-int16-footprint_shape0-reflect]" time="0.012" /><testcase classname="src.cucim.skimage.filters.tests.test_median" name="test_median_hist_dtypes[algorithm_kwargs0-sorting-int16-footprint_shape0-mirror]" time="0.007" /><testcase classname="src.cucim.skimage.filters.tests.test_median" name="test_median_hist_dtypes[algorithm_kwargs0-sorting-int16-footprint_shape0-nearest]" time="0.007" /><testcase classname="src.cucim.skimage.filters.tests.test_median" name="test_median_hist_dtypes[algorithm_kwargs0-sorting-int16-footprint_shape0-constant]" time="0.008" /><testcase classname="src.cucim.skimage.filters.tests.test_median" name="test_median_hist_dtypes[algorithm_kwargs0-sorting-int16-footprint_shape0-wrap]" time="0.007" /><testcase classname="src.cucim.skimage.filters.tests.test_median" name="test_median_hist_dtypes[algorithm_kwargs0-sorting-int16-footprint_shape1-reflect]" time="0.007" /><testcase classname="src.cucim.skimage.filters.tests.test_median" name="test_median_hist_dtypes[algorithm_kwargs0-sorting-int16-footprint_shape1-mirror]" time="0.008" /><testcase classname="src.cucim.skimage.filters.tests.test_median" name="test_median_hist_dtypes[algorithm_kwargs0-sorting-int16-footprint_shape1-nearest]" time="0.007" /><testcase classname="src.cucim.skimage.filters.tests.test_median" name="test_median_hist_dtypes[algorithm_kwargs0-sorting-int16-footprint_shape1-constant]" time="0.007" /><testcase classname="src.cucim.skimage.filters.tests.test_median" name="test_median_hist_dtypes[algorithm_kwargs0-sorting-int16-footprint_shape1-wrap]" time="0.006" /><testcase classname="src.cucim.skimage.filters.tests.test_median" name="test_median_hist_dtypes[algorithm_kwargs0-sorting-int16-footprint_shape2-reflect]" time="2.267" /><testcase classname="src.cucim.skimage.filters.tests.test_median" name="test_median_hist_dtypes[algorithm_kwargs0-sorting-int16-footprint_shape2-mirror]" time="2.333" /><testcase classname="src.cucim.skimage.filters.tests.test_median" name="test_median_hist_dtypes[algorithm_kwargs0-sorting-int16-footprint_shape2-nearest]" time="2.237" /><testcase classname="src.cucim.skimage.filters.tests.test_median" name="test_median_hist_dtypes[algorithm_kwargs0-sorting-int16-footprint_shape2-constant]" time="2.253" /><testcase classname="src.cucim.skimage.filters.tests.test_median" name="test_median_hist_dtypes[algorithm_kwargs0-sorting-int16-footprint_shape2-wrap]" time="2.184" /><testcase classname="src.cucim.skimage.filters.tests.test_median" name="test_median_hist_dtypes[algorithm_kwargs1-auto-uint8-footprint_shape0-reflect]" time="0.009" /><testcase classname="src.cucim.skimage.filters.tests.test_median" name="test_median_hist_dtypes[algorithm_kwargs1-auto-uint8-footprint_shape0-mirror]" time="0.007" /><testcase classname="src.cucim.skimage.filters.tests.test_median" name="test_median_hist_dtypes[algorithm_kwargs1-auto-uint8-footprint_shape0-nearest]" time="0.006" /><testcase classname="src.cucim.skimage.filters.tests.test_median" name="test_median_hist_dtypes[algorithm_kwargs1-auto-uint8-footprint_shape0-constant]" time="0.006" /><testcase classname="src.cucim.skimage.filters.tests.test_median" name="test_median_hist_dtypes[algorithm_kwargs1-auto-uint8-footprint_shape0-wrap]" time="0.006" /><testcase classname="src.cucim.skimage.filters.tests.test_median" name="test_median_hist_dtypes[algorithm_kwargs1-auto-uint8-footprint_shape1-reflect]" time="0.006" /><testcase classname="src.cucim.skimage.filters.tests.test_median" name="test_median_hist_dtypes[algorithm_kwargs1-auto-uint8-footprint_shape1-mirror]" time="0.007" /><testcase classname="src.cucim.skimage.filters.tests.test_median" name="test_median_hist_dtypes[algorithm_kwargs1-auto-uint8-footprint_shape1-nearest]" time="0.006" /><testcase classname="src.cucim.skimage.filters.tests.test_median" name="test_median_hist_dtypes[algorithm_kwargs1-auto-uint8-footprint_shape1-constant]" time="0.006" /><testcase classname="src.cucim.skimage.filters.tests.test_median" name="test_median_hist_dtypes[algorithm_kwargs1-auto-uint8-footprint_shape1-wrap]" time="0.006" /><testcase classname="src.cucim.skimage.filters.tests.test_median" name="test_median_hist_dtypes[algorithm_kwargs1-auto-uint8-footprint_shape2-reflect]" time="0.014" /><testcase classname="src.cucim.skimage.filters.tests.test_median" name="test_median_hist_dtypes[algorithm_kwargs1-auto-uint8-footprint_shape2-mirror]" time="0.013" /><testcase classname="src.cucim.skimage.filters.tests.test_median" name="test_median_hist_dtypes[algorithm_kwargs1-auto-uint8-footprint_shape2-nearest]" time="0.013" /><testcase classname="src.cucim.skimage.filters.tests.test_median" name="test_median_hist_dtypes[algorithm_kwargs1-auto-uint8-footprint_shape2-constant]" time="0.014" /><testcase classname="src.cucim.skimage.filters.tests.test_median" name="test_median_hist_dtypes[algorithm_kwargs1-auto-uint8-footprint_shape2-wrap]" time="0.014" /><testcase classname="src.cucim.skimage.filters.tests.test_median" name="test_median_hist_dtypes[algorithm_kwargs1-auto-int8-footprint_shape0-reflect]" time="0.007" /><testcase classname="src.cucim.skimage.filters.tests.test_median" name="test_median_hist_dtypes[algorithm_kwargs1-auto-int8-footprint_shape0-mirror]" time="0.006" /><testcase classname="src.cucim.skimage.filters.tests.test_median" name="test_median_hist_dtypes[algorithm_kwargs1-auto-int8-footprint_shape0-nearest]" time="0.007" /><testcase classname="src.cucim.skimage.filters.tests.test_median" name="test_median_hist_dtypes[algorithm_kwargs1-auto-int8-footprint_shape0-constant]" time="0.007" /><testcase classname="src.cucim.skimage.filters.tests.test_median" name="test_median_hist_dtypes[algorithm_kwargs1-auto-int8-footprint_shape0-wrap]" time="0.006" /><testcase classname="src.cucim.skimage.filters.tests.test_median" name="test_median_hist_dtypes[algorithm_kwargs1-auto-int8-footprint_shape1-reflect]" time="0.006" /><testcase classname="src.cucim.skimage.filters.tests.test_median" name="test_median_hist_dtypes[algorithm_kwargs1-auto-int8-footprint_shape1-mirror]" time="0.007" /><testcase classname="src.cucim.skimage.filters.tests.test_median" name="test_median_hist_dtypes[algorithm_kwargs1-auto-int8-footprint_shape1-nearest]" time="0.006" /><testcase classname="src.cucim.skimage.filters.tests.test_median" name="test_median_hist_dtypes[algorithm_kwargs1-auto-int8-footprint_shape1-constant]" time="0.006" /><testcase classname="src.cucim.skimage.filters.tests.test_median" name="test_median_hist_dtypes[algorithm_kwargs1-auto-int8-footprint_shape1-wrap]" time="0.006" /><testcase classname="src.cucim.skimage.filters.tests.test_median" name="test_median_hist_dtypes[algorithm_kwargs1-auto-int8-footprint_shape2-reflect]" time="0.014" /><testcase classname="src.cucim.skimage.filters.tests.test_median" name="test_median_hist_dtypes[algorithm_kwargs1-auto-int8-footprint_shape2-mirror]" time="0.014" /><testcase classname="src.cucim.skimage.filters.tests.test_median" name="test_median_hist_dtypes[algorithm_kwargs1-auto-int8-footprint_shape2-nearest]" time="0.013" /><testcase classname="src.cucim.skimage.filters.tests.test_median" name="test_median_hist_dtypes[algorithm_kwargs1-auto-int8-footprint_shape2-constant]" time="0.013" /><testcase classname="src.cucim.skimage.filters.tests.test_median" name="test_median_hist_dtypes[algorithm_kwargs1-auto-int8-footprint_shape2-wrap]" time="0.014" /><testcase classname="src.cucim.skimage.filters.tests.test_median" name="test_median_hist_dtypes[algorithm_kwargs1-auto-uint16-footprint_shape0-reflect]" time="0.007" /><testcase classname="src.cucim.skimage.filters.tests.test_median" name="test_median_hist_dtypes[algorithm_kwargs1-auto-uint16-footprint_shape0-mirror]" time="0.007" /><testcase classname="src.cucim.skimage.filters.tests.test_median" name="test_median_hist_dtypes[algorithm_kwargs1-auto-uint16-footprint_shape0-nearest]" time="0.006" /><testcase classname="src.cucim.skimage.filters.tests.test_median" name="test_median_hist_dtypes[algorithm_kwargs1-auto-uint16-footprint_shape0-constant]" time="0.006" /><testcase classname="src.cucim.skimage.filters.tests.test_median" name="test_median_hist_dtypes[algorithm_kwargs1-auto-uint16-footprint_shape0-wrap]" time="0.006" /><testcase classname="src.cucim.skimage.filters.tests.test_median" name="test_median_hist_dtypes[algorithm_kwargs1-auto-uint16-footprint_shape1-reflect]" time="0.007" /><testcase classname="src.cucim.skimage.filters.tests.test_median" name="test_median_hist_dtypes[algorithm_kwargs1-auto-uint16-footprint_shape1-mirror]" time="0.007" /><testcase classname="src.cucim.skimage.filters.tests.test_median" name="test_median_hist_dtypes[algorithm_kwargs1-auto-uint16-footprint_shape1-nearest]" time="0.007" /><testcase classname="src.cucim.skimage.filters.tests.test_median" name="test_median_hist_dtypes[algorithm_kwargs1-auto-uint16-footprint_shape1-constant]" time="0.006" /><testcase classname="src.cucim.skimage.filters.tests.test_median" name="test_median_hist_dtypes[algorithm_kwargs1-auto-uint16-footprint_shape1-wrap]" time="0.007" /><testcase classname="src.cucim.skimage.filters.tests.test_median" name="test_median_hist_dtypes[algorithm_kwargs1-auto-uint16-footprint_shape2-reflect]" time="0.017" /><testcase classname="src.cucim.skimage.filters.tests.test_median" name="test_median_hist_dtypes[algorithm_kwargs1-auto-uint16-footprint_shape2-mirror]" time="0.017" /><testcase classname="src.cucim.skimage.filters.tests.test_median" name="test_median_hist_dtypes[algorithm_kwargs1-auto-uint16-footprint_shape2-nearest]" time="0.016" /><testcase classname="src.cucim.skimage.filters.tests.test_median" name="test_median_hist_dtypes[algorithm_kwargs1-auto-uint16-footprint_shape2-constant]" time="0.017" /><testcase classname="src.cucim.skimage.filters.tests.test_median" name="test_median_hist_dtypes[algorithm_kwargs1-auto-uint16-footprint_shape2-wrap]" time="0.017" /><testcase classname="src.cucim.skimage.filters.tests.test_median" name="test_median_hist_dtypes[algorithm_kwargs1-auto-int16-footprint_shape0-reflect]" time="0.007" /><testcase classname="src.cucim.skimage.filters.tests.test_median" name="test_median_hist_dtypes[algorithm_kwargs1-auto-int16-footprint_shape0-mirror]" time="0.007" /><testcase classname="src.cucim.skimage.filters.tests.test_median" name="test_median_hist_dtypes[algorithm_kwargs1-auto-int16-footprint_shape0-nearest]" time="0.007" /><testcase classname="src.cucim.skimage.filters.tests.test_median" name="test_median_hist_dtypes[algorithm_kwargs1-auto-int16-footprint_shape0-constant]" time="0.007" /><testcase classname="src.cucim.skimage.filters.tests.test_median" name="test_median_hist_dtypes[algorithm_kwargs1-auto-int16-footprint_shape0-wrap]" time="0.007" /><testcase classname="src.cucim.skimage.filters.tests.test_median" name="test_median_hist_dtypes[algorithm_kwargs1-auto-int16-footprint_shape1-reflect]" time="0.007" /><testcase classname="src.cucim.skimage.filters.tests.test_median" name="test_median_hist_dtypes[algorithm_kwargs1-auto-int16-footprint_shape1-mirror]" time="0.006" /><testcase classname="src.cucim.skimage.filters.tests.test_median" name="test_median_hist_dtypes[algorithm_kwargs1-auto-int16-footprint_shape1-nearest]" time="0.006" /><testcase classname="src.cucim.skimage.filters.tests.test_median" name="test_median_hist_dtypes[algorithm_kwargs1-auto-int16-footprint_shape1-constant]" time="0.006" /><testcase classname="src.cucim.skimage.filters.tests.test_median" name="test_median_hist_dtypes[algorithm_kwargs1-auto-int16-footprint_shape1-wrap]" time="0.006" /><testcase classname="src.cucim.skimage.filters.tests.test_median" name="test_median_hist_dtypes[algorithm_kwargs1-auto-int16-footprint_shape2-reflect]" time="0.015" /><testcase classname="src.cucim.skimage.filters.tests.test_median" name="test_median_hist_dtypes[algorithm_kwargs1-auto-int16-footprint_shape2-mirror]" time="0.015" /><testcase classname="src.cucim.skimage.filters.tests.test_median" name="test_median_hist_dtypes[algorithm_kwargs1-auto-int16-footprint_shape2-nearest]" time="0.015" /><testcase classname="src.cucim.skimage.filters.tests.test_median" name="test_median_hist_dtypes[algorithm_kwargs1-auto-int16-footprint_shape2-constant]" time="0.016" /><testcase classname="src.cucim.skimage.filters.tests.test_median" name="test_median_hist_dtypes[algorithm_kwargs1-auto-int16-footprint_shape2-wrap]" time="0.015" /><testcase classname="src.cucim.skimage.filters.tests.test_median" name="test_median_hist_dtypes[algorithm_kwargs1-histogram-uint8-footprint_shape0-reflect]" time="0.011" /><testcase classname="src.cucim.skimage.filters.tests.test_median" name="test_median_hist_dtypes[algorithm_kwargs1-histogram-uint8-footprint_shape0-mirror]" time="0.011" /><testcase classname="src.cucim.skimage.filters.tests.test_median" name="test_median_hist_dtypes[algorithm_kwargs1-histogram-uint8-footprint_shape0-nearest]" time="0.011" /><testcase classname="src.cucim.skimage.filters.tests.test_median" name="test_median_hist_dtypes[algorithm_kwargs1-histogram-uint8-footprint_shape0-constant]" time="0.011" /><testcase classname="src.cucim.skimage.filters.tests.test_median" name="test_median_hist_dtypes[algorithm_kwargs1-histogram-uint8-footprint_shape0-wrap]" time="0.011" /><testcase classname="src.cucim.skimage.filters.tests.test_median" name="test_median_hist_dtypes[algorithm_kwargs1-histogram-uint8-footprint_shape1-reflect]" time="0.012" /><testcase classname="src.cucim.skimage.filters.tests.test_median" name="test_median_hist_dtypes[algorithm_kwargs1-histogram-uint8-footprint_shape1-mirror]" time="0.012" /><testcase classname="src.cucim.skimage.filters.tests.test_median" name="test_median_hist_dtypes[algorithm_kwargs1-histogram-uint8-footprint_shape1-nearest]" time="0.011" /><testcase classname="src.cucim.skimage.filters.tests.test_median" name="test_median_hist_dtypes[algorithm_kwargs1-histogram-uint8-footprint_shape1-constant]" time="0.011" /><testcase classname="src.cucim.skimage.filters.tests.test_median" name="test_median_hist_dtypes[algorithm_kwargs1-histogram-uint8-footprint_shape1-wrap]" time="0.012" /><testcase classname="src.cucim.skimage.filters.tests.test_median" name="test_median_hist_dtypes[algorithm_kwargs1-histogram-uint8-footprint_shape2-reflect]" time="0.014" /><testcase classname="src.cucim.skimage.filters.tests.test_median" name="test_median_hist_dtypes[algorithm_kwargs1-histogram-uint8-footprint_shape2-mirror]" time="0.014" /><testcase classname="src.cucim.skimage.filters.tests.test_median" name="test_median_hist_dtypes[algorithm_kwargs1-histogram-uint8-footprint_shape2-nearest]" time="0.014" /><testcase classname="src.cucim.skimage.filters.tests.test_median" name="test_median_hist_dtypes[algorithm_kwargs1-histogram-uint8-footprint_shape2-constant]" time="0.014" /><testcase classname="src.cucim.skimage.filters.tests.test_median" name="test_median_hist_dtypes[algorithm_kwargs1-histogram-uint8-footprint_shape2-wrap]" time="0.015" /><testcase classname="src.cucim.skimage.filters.tests.test_median" name="test_median_hist_dtypes[algorithm_kwargs1-histogram-int8-footprint_shape0-reflect]" time="0.011" /><testcase classname="src.cucim.skimage.filters.tests.test_median" name="test_median_hist_dtypes[algorithm_kwargs1-histogram-int8-footprint_shape0-mirror]" time="0.011" /><testcase classname="src.cucim.skimage.filters.tests.test_median" name="test_median_hist_dtypes[algorithm_kwargs1-histogram-int8-footprint_shape0-nearest]" time="0.012" /><testcase classname="src.cucim.skimage.filters.tests.test_median" name="test_median_hist_dtypes[algorithm_kwargs1-histogram-int8-footprint_shape0-constant]" time="0.011" /><testcase classname="src.cucim.skimage.filters.tests.test_median" name="test_median_hist_dtypes[algorithm_kwargs1-histogram-int8-footprint_shape0-wrap]" time="0.011" /><testcase classname="src.cucim.skimage.filters.tests.test_median" name="test_median_hist_dtypes[algorithm_kwargs1-histogram-int8-footprint_shape1-reflect]" time="0.012" /><testcase classname="src.cucim.skimage.filters.tests.test_median" name="test_median_hist_dtypes[algorithm_kwargs1-histogram-int8-footprint_shape1-mirror]" time="0.011" /><testcase classname="src.cucim.skimage.filters.tests.test_median" name="test_median_hist_dtypes[algorithm_kwargs1-histogram-int8-footprint_shape1-nearest]" time="0.011" /><testcase classname="src.cucim.skimage.filters.tests.test_median" name="test_median_hist_dtypes[algorithm_kwargs1-histogram-int8-footprint_shape1-constant]" time="0.012" /><testcase classname="src.cucim.skimage.filters.tests.test_median" name="test_median_hist_dtypes[algorithm_kwargs1-histogram-int8-footprint_shape1-wrap]" time="0.011" /><testcase classname="src.cucim.skimage.filters.tests.test_median" name="test_median_hist_dtypes[algorithm_kwargs1-histogram-int8-footprint_shape2-reflect]" time="0.014" /><testcase classname="src.cucim.skimage.filters.tests.test_median" name="test_median_hist_dtypes[algorithm_kwargs1-histogram-int8-footprint_shape2-mirror]" time="0.015" /><testcase classname="src.cucim.skimage.filters.tests.test_median" name="test_median_hist_dtypes[algorithm_kwargs1-histogram-int8-footprint_shape2-nearest]" time="0.014" /><testcase classname="src.cucim.skimage.filters.tests.test_median" name="test_median_hist_dtypes[algorithm_kwargs1-histogram-int8-footprint_shape2-constant]" time="0.014" /><testcase classname="src.cucim.skimage.filters.tests.test_median" name="test_median_hist_dtypes[algorithm_kwargs1-histogram-int8-footprint_shape2-wrap]" time="0.014" /><testcase classname="src.cucim.skimage.filters.tests.test_median" name="test_median_hist_dtypes[algorithm_kwargs1-histogram-uint16-footprint_shape0-reflect]" time="0.012" /><testcase classname="src.cucim.skimage.filters.tests.test_median" name="test_median_hist_dtypes[algorithm_kwargs1-histogram-uint16-footprint_shape0-mirror]" time="0.013" /><testcase classname="src.cucim.skimage.filters.tests.test_median" name="test_median_hist_dtypes[algorithm_kwargs1-histogram-uint16-footprint_shape0-nearest]" time="0.013" /><testcase classname="src.cucim.skimage.filters.tests.test_median" name="test_median_hist_dtypes[algorithm_kwargs1-histogram-uint16-footprint_shape0-constant]" time="0.013" /><testcase classname="src.cucim.skimage.filters.tests.test_median" name="test_median_hist_dtypes[algorithm_kwargs1-histogram-uint16-footprint_shape0-wrap]" time="0.012" /><testcase classname="src.cucim.skimage.filters.tests.test_median" name="test_median_hist_dtypes[algorithm_kwargs1-histogram-uint16-footprint_shape1-reflect]" time="0.012" /><testcase classname="src.cucim.skimage.filters.tests.test_median" name="test_median_hist_dtypes[algorithm_kwargs1-histogram-uint16-footprint_shape1-mirror]" time="0.013" /><testcase classname="src.cucim.skimage.filters.tests.test_median" name="test_median_hist_dtypes[algorithm_kwargs1-histogram-uint16-footprint_shape1-nearest]" time="0.013" /><testcase classname="src.cucim.skimage.filters.tests.test_median" name="test_median_hist_dtypes[algorithm_kwargs1-histogram-uint16-footprint_shape1-constant]" time="0.013" /><testcase classname="src.cucim.skimage.filters.tests.test_median" name="test_median_hist_dtypes[algorithm_kwargs1-histogram-uint16-footprint_shape1-wrap]" time="0.013" /><testcase classname="src.cucim.skimage.filters.tests.test_median" name="test_median_hist_dtypes[algorithm_kwargs1-histogram-uint16-footprint_shape2-reflect]" time="0.017" /><testcase classname="src.cucim.skimage.filters.tests.test_median" name="test_median_hist_dtypes[algorithm_kwargs1-histogram-uint16-footprint_shape2-mirror]" time="0.018" /><testcase classname="src.cucim.skimage.filters.tests.test_median" name="test_median_hist_dtypes[algorithm_kwargs1-histogram-uint16-footprint_shape2-nearest]" time="0.016" /><testcase classname="src.cucim.skimage.filters.tests.test_median" name="test_median_hist_dtypes[algorithm_kwargs1-histogram-uint16-footprint_shape2-constant]" time="0.017" /><testcase classname="src.cucim.skimage.filters.tests.test_median" name="test_median_hist_dtypes[algorithm_kwargs1-histogram-uint16-footprint_shape2-wrap]" time="0.017" /><testcase classname="src.cucim.skimage.filters.tests.test_median" name="test_median_hist_dtypes[algorithm_kwargs1-histogram-int16-footprint_shape0-reflect]" time="0.012" /><testcase classname="src.cucim.skimage.filters.tests.test_median" name="test_median_hist_dtypes[algorithm_kwargs1-histogram-int16-footprint_shape0-mirror]" time="0.012" /><testcase classname="src.cucim.skimage.filters.tests.test_median" name="test_median_hist_dtypes[algorithm_kwargs1-histogram-int16-footprint_shape0-nearest]" time="0.012" /><testcase classname="src.cucim.skimage.filters.tests.test_median" name="test_median_hist_dtypes[algorithm_kwargs1-histogram-int16-footprint_shape0-constant]" time="0.011" /><testcase classname="src.cucim.skimage.filters.tests.test_median" name="test_median_hist_dtypes[algorithm_kwargs1-histogram-int16-footprint_shape0-wrap]" time="0.011" /><testcase classname="src.cucim.skimage.filters.tests.test_median" name="test_median_hist_dtypes[algorithm_kwargs1-histogram-int16-footprint_shape1-reflect]" time="0.012" /><testcase classname="src.cucim.skimage.filters.tests.test_median" name="test_median_hist_dtypes[algorithm_kwargs1-histogram-int16-footprint_shape1-mirror]" time="0.012" /><testcase classname="src.cucim.skimage.filters.tests.test_median" name="test_median_hist_dtypes[algorithm_kwargs1-histogram-int16-footprint_shape1-nearest]" time="0.011" /><testcase classname="src.cucim.skimage.filters.tests.test_median" name="test_median_hist_dtypes[algorithm_kwargs1-histogram-int16-footprint_shape1-constant]" time="0.012" /><testcase classname="src.cucim.skimage.filters.tests.test_median" name="test_median_hist_dtypes[algorithm_kwargs1-histogram-int16-footprint_shape1-wrap]" time="0.012" /><testcase classname="src.cucim.skimage.filters.tests.test_median" name="test_median_hist_dtypes[algorithm_kwargs1-histogram-int16-footprint_shape2-reflect]" time="0.015" /><testcase classname="src.cucim.skimage.filters.tests.test_median" name="test_median_hist_dtypes[algorithm_kwargs1-histogram-int16-footprint_shape2-mirror]" time="0.016" /><testcase classname="src.cucim.skimage.filters.tests.test_median" name="test_median_hist_dtypes[algorithm_kwargs1-histogram-int16-footprint_shape2-nearest]" time="0.015" /><testcase classname="src.cucim.skimage.filters.tests.test_median" name="test_median_hist_dtypes[algorithm_kwargs1-histogram-int16-footprint_shape2-constant]" time="0.016" /><testcase classname="src.cucim.skimage.filters.tests.test_median" name="test_median_hist_dtypes[algorithm_kwargs1-histogram-int16-footprint_shape2-wrap]" time="0.015" /><testcase classname="src.cucim.skimage.filters.tests.test_median" name="test_median_hist_dtypes[algorithm_kwargs1-sorting-uint8-footprint_shape0-reflect]" time="0.007" /><testcase classname="src.cucim.skimage.filters.tests.test_median" name="test_median_hist_dtypes[algorithm_kwargs1-sorting-uint8-footprint_shape0-mirror]" time="0.007" /><testcase classname="src.cucim.skimage.filters.tests.test_median" name="test_median_hist_dtypes[algorithm_kwargs1-sorting-uint8-footprint_shape0-nearest]" time="0.006" /><testcase classname="src.cucim.skimage.filters.tests.test_median" name="test_median_hist_dtypes[algorithm_kwargs1-sorting-uint8-footprint_shape0-constant]" time="0.006" /><testcase classname="src.cucim.skimage.filters.tests.test_median" name="test_median_hist_dtypes[algorithm_kwargs1-sorting-uint8-footprint_shape0-wrap]" time="0.006" /><testcase classname="src.cucim.skimage.filters.tests.test_median" name="test_median_hist_dtypes[algorithm_kwargs1-sorting-uint8-footprint_shape1-reflect]" time="0.006" /><testcase classname="src.cucim.skimage.filters.tests.test_median" name="test_median_hist_dtypes[algorithm_kwargs1-sorting-uint8-footprint_shape1-mirror]" time="0.006" /><testcase classname="src.cucim.skimage.filters.tests.test_median" name="test_median_hist_dtypes[algorithm_kwargs1-sorting-uint8-footprint_shape1-nearest]" time="0.006" /><testcase classname="src.cucim.skimage.filters.tests.test_median" name="test_median_hist_dtypes[algorithm_kwargs1-sorting-uint8-footprint_shape1-constant]" time="0.007" /><testcase classname="src.cucim.skimage.filters.tests.test_median" name="test_median_hist_dtypes[algorithm_kwargs1-sorting-uint8-footprint_shape1-wrap]" time="0.007" /><testcase classname="src.cucim.skimage.filters.tests.test_median" name="test_median_hist_dtypes[algorithm_kwargs1-sorting-uint8-footprint_shape2-reflect]" time="0.012" /><testcase classname="src.cucim.skimage.filters.tests.test_median" name="test_median_hist_dtypes[algorithm_kwargs1-sorting-uint8-footprint_shape2-mirror]" time="0.012" /><testcase classname="src.cucim.skimage.filters.tests.test_median" name="test_median_hist_dtypes[algorithm_kwargs1-sorting-uint8-footprint_shape2-nearest]" time="0.012" /><testcase classname="src.cucim.skimage.filters.tests.test_median" name="test_median_hist_dtypes[algorithm_kwargs1-sorting-uint8-footprint_shape2-constant]" time="0.011" /><testcase classname="src.cucim.skimage.filters.tests.test_median" name="test_median_hist_dtypes[algorithm_kwargs1-sorting-uint8-footprint_shape2-wrap]" time="0.012" /><testcase classname="src.cucim.skimage.filters.tests.test_median" name="test_median_hist_dtypes[algorithm_kwargs1-sorting-int8-footprint_shape0-reflect]" time="0.006" /><testcase classname="src.cucim.skimage.filters.tests.test_median" name="test_median_hist_dtypes[algorithm_kwargs1-sorting-int8-footprint_shape0-mirror]" time="0.007" /><testcase classname="src.cucim.skimage.filters.tests.test_median" name="test_median_hist_dtypes[algorithm_kwargs1-sorting-int8-footprint_shape0-nearest]" time="0.007" /><testcase classname="src.cucim.skimage.filters.tests.test_median" name="test_median_hist_dtypes[algorithm_kwargs1-sorting-int8-footprint_shape0-constant]" time="0.006" /><testcase classname="src.cucim.skimage.filters.tests.test_median" name="test_median_hist_dtypes[algorithm_kwargs1-sorting-int8-footprint_shape0-wrap]" time="0.007" /><testcase classname="src.cucim.skimage.filters.tests.test_median" name="test_median_hist_dtypes[algorithm_kwargs1-sorting-int8-footprint_shape1-reflect]" time="0.006" /><testcase classname="src.cucim.skimage.filters.tests.test_median" name="test_median_hist_dtypes[algorithm_kwargs1-sorting-int8-footprint_shape1-mirror]" time="0.007" /><testcase classname="src.cucim.skimage.filters.tests.test_median" name="test_median_hist_dtypes[algorithm_kwargs1-sorting-int8-footprint_shape1-nearest]" time="0.007" /><testcase classname="src.cucim.skimage.filters.tests.test_median" name="test_median_hist_dtypes[algorithm_kwargs1-sorting-int8-footprint_shape1-constant]" time="0.007" /><testcase classname="src.cucim.skimage.filters.tests.test_median" name="test_median_hist_dtypes[algorithm_kwargs1-sorting-int8-footprint_shape1-wrap]" time="0.007" /><testcase classname="src.cucim.skimage.filters.tests.test_median" name="test_median_hist_dtypes[algorithm_kwargs1-sorting-int8-footprint_shape2-reflect]" time="0.012" /><testcase classname="src.cucim.skimage.filters.tests.test_median" name="test_median_hist_dtypes[algorithm_kwargs1-sorting-int8-footprint_shape2-mirror]" time="0.011" /><testcase classname="src.cucim.skimage.filters.tests.test_median" name="test_median_hist_dtypes[algorithm_kwargs1-sorting-int8-footprint_shape2-nearest]" time="0.011" /><testcase classname="src.cucim.skimage.filters.tests.test_median" name="test_median_hist_dtypes[algorithm_kwargs1-sorting-int8-footprint_shape2-constant]" time="0.011" /><testcase classname="src.cucim.skimage.filters.tests.test_median" name="test_median_hist_dtypes[algorithm_kwargs1-sorting-int8-footprint_shape2-wrap]" time="0.011" /><testcase classname="src.cucim.skimage.filters.tests.test_median" name="test_median_hist_dtypes[algorithm_kwargs1-sorting-uint16-footprint_shape0-reflect]" time="0.006" /><testcase classname="src.cucim.skimage.filters.tests.test_median" name="test_median_hist_dtypes[algorithm_kwargs1-sorting-uint16-footprint_shape0-mirror]" time="0.006" /><testcase classname="src.cucim.skimage.filters.tests.test_median" name="test_median_hist_dtypes[algorithm_kwargs1-sorting-uint16-footprint_shape0-nearest]" time="0.007" /><testcase classname="src.cucim.skimage.filters.tests.test_median" name="test_median_hist_dtypes[algorithm_kwargs1-sorting-uint16-footprint_shape0-constant]" time="0.007" /><testcase classname="src.cucim.skimage.filters.tests.test_median" name="test_median_hist_dtypes[algorithm_kwargs1-sorting-uint16-footprint_shape0-wrap]" time="0.006" /><testcase classname="src.cucim.skimage.filters.tests.test_median" name="test_median_hist_dtypes[algorithm_kwargs1-sorting-uint16-footprint_shape1-reflect]" time="0.006" /><testcase classname="src.cucim.skimage.filters.tests.test_median" name="test_median_hist_dtypes[algorithm_kwargs1-sorting-uint16-footprint_shape1-mirror]" time="0.006" /><testcase classname="src.cucim.skimage.filters.tests.test_median" name="test_median_hist_dtypes[algorithm_kwargs1-sorting-uint16-footprint_shape1-nearest]" time="0.006" /><testcase classname="src.cucim.skimage.filters.tests.test_median" name="test_median_hist_dtypes[algorithm_kwargs1-sorting-uint16-footprint_shape1-constant]" time="0.007" /><testcase classname="src.cucim.skimage.filters.tests.test_median" name="test_median_hist_dtypes[algorithm_kwargs1-sorting-uint16-footprint_shape1-wrap]" time="0.007" /><testcase classname="src.cucim.skimage.filters.tests.test_median" name="test_median_hist_dtypes[algorithm_kwargs1-sorting-uint16-footprint_shape2-reflect]" time="0.011" /><testcase classname="src.cucim.skimage.filters.tests.test_median" name="test_median_hist_dtypes[algorithm_kwargs1-sorting-uint16-footprint_shape2-mirror]" time="0.011" /><testcase classname="src.cucim.skimage.filters.tests.test_median" name="test_median_hist_dtypes[algorithm_kwargs1-sorting-uint16-footprint_shape2-nearest]" time="0.012" /><testcase classname="src.cucim.skimage.filters.tests.test_median" name="test_median_hist_dtypes[algorithm_kwargs1-sorting-uint16-footprint_shape2-constant]" time="0.012" /><testcase classname="src.cucim.skimage.filters.tests.test_median" name="test_median_hist_dtypes[algorithm_kwargs1-sorting-uint16-footprint_shape2-wrap]" time="0.012" /><testcase classname="src.cucim.skimage.filters.tests.test_median" name="test_median_hist_dtypes[algorithm_kwargs1-sorting-int16-footprint_shape0-reflect]" time="0.008" /><testcase classname="src.cucim.skimage.filters.tests.test_median" name="test_median_hist_dtypes[algorithm_kwargs1-sorting-int16-footprint_shape0-mirror]" time="0.008" /><testcase classname="src.cucim.skimage.filters.tests.test_median" name="test_median_hist_dtypes[algorithm_kwargs1-sorting-int16-footprint_shape0-nearest]" time="0.006" /><testcase classname="src.cucim.skimage.filters.tests.test_median" name="test_median_hist_dtypes[algorithm_kwargs1-sorting-int16-footprint_shape0-constant]" time="0.007" /><testcase classname="src.cucim.skimage.filters.tests.test_median" name="test_median_hist_dtypes[algorithm_kwargs1-sorting-int16-footprint_shape0-wrap]" time="0.007" /><testcase classname="src.cucim.skimage.filters.tests.test_median" name="test_median_hist_dtypes[algorithm_kwargs1-sorting-int16-footprint_shape1-reflect]" time="0.006" /><testcase classname="src.cucim.skimage.filters.tests.test_median" name="test_median_hist_dtypes[algorithm_kwargs1-sorting-int16-footprint_shape1-mirror]" time="0.007" /><testcase classname="src.cucim.skimage.filters.tests.test_median" name="test_median_hist_dtypes[algorithm_kwargs1-sorting-int16-footprint_shape1-nearest]" time="0.007" /><testcase classname="src.cucim.skimage.filters.tests.test_median" name="test_median_hist_dtypes[algorithm_kwargs1-sorting-int16-footprint_shape1-constant]" time="0.007" /><testcase classname="src.cucim.skimage.filters.tests.test_median" name="test_median_hist_dtypes[algorithm_kwargs1-sorting-int16-footprint_shape1-wrap]" time="0.007" /><testcase classname="src.cucim.skimage.filters.tests.test_median" name="test_median_hist_dtypes[algorithm_kwargs1-sorting-int16-footprint_shape2-reflect]" time="0.012" /><testcase classname="src.cucim.skimage.filters.tests.test_median" name="test_median_hist_dtypes[algorithm_kwargs1-sorting-int16-footprint_shape2-mirror]" time="0.011" /><testcase classname="src.cucim.skimage.filters.tests.test_median" name="test_median_hist_dtypes[algorithm_kwargs1-sorting-int16-footprint_shape2-nearest]" time="0.012" /><testcase classname="src.cucim.skimage.filters.tests.test_median" name="test_median_hist_dtypes[algorithm_kwargs1-sorting-int16-footprint_shape2-constant]" time="0.012" /><testcase classname="src.cucim.skimage.filters.tests.test_median" name="test_median_hist_dtypes[algorithm_kwargs1-sorting-int16-footprint_shape2-wrap]" time="0.013" /><testcase classname="src.cucim.skimage.filters.tests.test_median" name="test_median_hist_16bit_offsets[uint16-irange0-footprint_shape0-reflect]" time="1.223" /><testcase classname="src.cucim.skimage.filters.tests.test_median" name="test_median_hist_16bit_offsets[uint16-irange1-footprint_shape0-reflect]" time="0.005" /><testcase classname="src.cucim.skimage.filters.tests.test_median" name="test_median_hist_16bit_offsets[uint16-irange2-footprint_shape0-reflect]" time="0.164" /><testcase classname="src.cucim.skimage.filters.tests.test_median" name="test_median_hist_16bit_offsets[uint16-irange3-footprint_shape0-reflect]" time="0.005" /><testcase classname="src.cucim.skimage.filters.tests.test_median" name="test_median_hist_16bit_offsets[uint16-irange4-footprint_shape0-reflect]" time="0.005" /><testcase classname="src.cucim.skimage.filters.tests.test_median" name="test_median_hist_16bit_offsets[uint16-irange5-footprint_shape0-reflect]" time="0.005" /><testcase classname="src.cucim.skimage.filters.tests.test_median" name="test_median_hist_16bit_offsets[uint16-irange6-footprint_shape0-reflect]" time="0.006" /><testcase classname="src.cucim.skimage.filters.tests.test_median" name="test_median_hist_16bit_offsets[uint16-irange7-footprint_shape0-reflect]" time="0.000"><skipped type="pytest.skip" message="isolated failure on CI only">/home/goplanid/cucim/python/cucim/src/cucim/skimage/filters/tests/test_median.py:151: isolated failure on CI only</skipped></testcase><testcase classname="src.cucim.skimage.filters.tests.test_median" name="test_median_hist_16bit_offsets[uint16-irange8-footprint_shape0-reflect]" time="0.000"><skipped type="pytest.skip" message="isolated failure on CI only">/home/goplanid/cucim/python/cucim/src/cucim/skimage/filters/tests/test_median.py:151: isolated failure on CI only</skipped></testcase><testcase classname="src.cucim.skimage.filters.tests.test_median" name="test_median_hist_16bit_offsets[int16-irange9-footprint_shape0-reflect]" time="1.289" /><testcase classname="src.cucim.skimage.filters.tests.test_median" name="test_median_hist_16bit_offsets[int16-irange10-footprint_shape0-reflect]" time="0.166" /><testcase classname="src.cucim.skimage.filters.tests.test_median" name="test_median_hist_16bit_offsets[int16-irange11-footprint_shape0-reflect]" time="0.168" /><testcase classname="src.cucim.skimage.filters.tests.test_median" name="test_median_hist_16bit_offsets[int16-irange12-footprint_shape0-reflect]" time="0.006" /><testcase classname="src.cucim.skimage.filters.tests.test_median" name="test_median_hist_16bit_offsets[int16-irange13-footprint_shape0-reflect]" time="0.170" /><testcase classname="src.cucim.skimage.filters.tests.test_median" name="test_median_hist_16bit_offsets[int16-irange14-footprint_shape0-reflect]" time="0.000"><skipped type="pytest.skip" message="isolated failure on CI only">/home/goplanid/cucim/python/cucim/src/cucim/skimage/filters/tests/test_median.py:151: isolated failure on CI only</skipped></testcase><testcase classname="src.cucim.skimage.filters.tests.test_median" name="test_median_hist_16bit_offsets[int16-irange15-footprint_shape0-reflect]" time="0.000"><skipped type="pytest.skip" message="isolated failure on CI only">/home/goplanid/cucim/python/cucim/src/cucim/skimage/filters/tests/test_median.py:151: isolated failure on CI only</skipped></testcase><testcase classname="src.cucim.skimage.filters.tests.test_median" name="test_median_hist_kernel_resource_limit_try_except[uint16]" time="0.011" /><testcase classname="src.cucim.skimage.filters.tests.test_median" name="test_median_hist_kernel_resource_limit_try_except[int16]" time="0.009" /><testcase classname="src.cucim.skimage.filters.tests.test_median" name="test_median_algorithm_parameter[auto]" time="4.312" /><testcase classname="src.cucim.skimage.filters.tests.test_median" name="test_median_algorithm_parameter[histogram]" time="0.001" /><testcase classname="src.cucim.skimage.filters.tests.test_median" name="test_median_algorithm_parameter[sorting]" time="0.011" /><testcase classname="src.cucim.skimage.filters.tests.test_median" name="test_median_algorithm_parameter[invalid]" time="0.001" /><testcase classname="src.cucim.skimage.filters.tests.test_median" name="test_median_preserve_dtype[uint8]" time="0.001" /><testcase classname="src.cucim.skimage.filters.tests.test_median" name="test_median_preserve_dtype[uint16]" time="0.001" /><testcase classname="src.cucim.skimage.filters.tests.test_median" name="test_median_preserve_dtype[float32]" time="0.715" /><testcase classname="src.cucim.skimage.filters.tests.test_median" name="test_median_preserve_dtype[float64]" time="0.725" /><testcase classname="src.cucim.skimage.filters.tests.test_median" name="test_median[img0-ndimage]" time="0.001" /><testcase classname="src.cucim.skimage.filters.tests.test_median" name="test_median[img1-ndimage]" time="0.875" /><testcase classname="src.cucim.skimage.filters.tests.test_median" name="test_median_nonsquare" time="4.054" /><testcase classname="src.cucim.skimage.filters.tests.test_rank_order" name="test_rank_order" time="0.254" /><testcase classname="src.cucim.skimage.filters.tests.test_ridges" name="test_2d_null_matrix" time="12.411" /><testcase classname="src.cucim.skimage.filters.tests.test_ridges" name="test_3d_null_matrix" time="10.953" /><testcase classname="src.cucim.skimage.filters.tests.test_ridges" name="test_2d_energy_decrease" time="2.344" /><testcase classname="src.cucim.skimage.filters.tests.test_ridges" name="test_3d_energy_decrease" time="0.376" /><testcase classname="src.cucim.skimage.filters.tests.test_ridges" name="test_2d_linearity" time="0.132" /><testcase classname="src.cucim.skimage.filters.tests.test_ridges" name="test_3d_linearity" time="0.289" /><testcase classname="src.cucim.skimage.filters.tests.test_ridges" name="test_2d_cropped_camera_image[float64]" time="8.617" /><testcase classname="src.cucim.skimage.filters.tests.test_ridges" name="test_2d_cropped_camera_image[uint8]" time="0.192" /><testcase classname="src.cucim.skimage.filters.tests.test_ridges" name="test_ridge_output_dtype[float16-meijering]" time="0.024" /><testcase classname="src.cucim.skimage.filters.tests.test_ridges" name="test_ridge_output_dtype[float16-sato]" time="0.020" /><testcase classname="src.cucim.skimage.filters.tests.test_ridges" name="test_ridge_output_dtype[float16-frangi]" time="0.019" /><testcase classname="src.cucim.skimage.filters.tests.test_ridges" name="test_ridge_output_dtype[float16-hessian]" time="0.018" /><testcase classname="src.cucim.skimage.filters.tests.test_ridges" name="test_ridge_output_dtype[float32-meijering]" time="0.023" /><testcase classname="src.cucim.skimage.filters.tests.test_ridges" name="test_ridge_output_dtype[float32-sato]" time="0.020" /><testcase classname="src.cucim.skimage.filters.tests.test_ridges" name="test_ridge_output_dtype[float32-frangi]" time="0.018" /><testcase classname="src.cucim.skimage.filters.tests.test_ridges" name="test_ridge_output_dtype[float32-hessian]" time="0.018" /><testcase classname="src.cucim.skimage.filters.tests.test_ridges" name="test_ridge_output_dtype[float64-meijering]" time="0.421" /><testcase classname="src.cucim.skimage.filters.tests.test_ridges" name="test_ridge_output_dtype[float64-sato]" time="0.027" /><testcase classname="src.cucim.skimage.filters.tests.test_ridges" name="test_ridge_output_dtype[float64-frangi]" time="0.024" /><testcase classname="src.cucim.skimage.filters.tests.test_ridges" name="test_ridge_output_dtype[float64-hessian]" time="0.026" /><testcase classname="src.cucim.skimage.filters.tests.test_ridges" name="test_3d_cropped_camera_image[False-float64]" time="10.107" /><testcase classname="src.cucim.skimage.filters.tests.test_ridges" name="test_3d_cropped_camera_image[False-uint8]" time="0.145" /><testcase classname="src.cucim.skimage.filters.tests.test_ridges" name="test_3d_cropped_camera_image[True-float64]" time="0.134" /><testcase classname="src.cucim.skimage.filters.tests.test_ridges" name="test_3d_cropped_camera_image[True-uint8]" time="0.215" /><testcase classname="src.cucim.skimage.filters.tests.test_ridges" name="test_border_management[frangi-0.01]" time="3.580" /><testcase classname="src.cucim.skimage.filters.tests.test_ridges" name="test_border_management[meijering-0.01]" time="0.021" /><testcase classname="src.cucim.skimage.filters.tests.test_ridges" name="test_border_management[sato-0.002]" time="0.017" /><testcase classname="src.cucim.skimage.filters.tests.test_ridges" name="test_border_management[hessian-0.01]" time="0.016" /><testcase classname="src.cucim.skimage.filters.tests.test_separable_filtering" name="test_separable_kernel_sizes_and_origins[convolve1d-1-min-0-shape0]" time="1.382" /><testcase classname="src.cucim.skimage.filters.tests.test_separable_filtering" name="test_separable_kernel_sizes_and_origins[convolve1d-1-min-0-shape1]" time="0.009" /><testcase classname="src.cucim.skimage.filters.tests.test_separable_filtering" name="test_separable_kernel_sizes_and_origins[convolve1d-1-min-1-shape0]" time="0.674" /><testcase classname="src.cucim.skimage.filters.tests.test_separable_filtering" name="test_separable_kernel_sizes_and_origins[convolve1d-1-min-1-shape1]" time="0.009" /><testcase classname="src.cucim.skimage.filters.tests.test_separable_filtering" name="test_separable_kernel_sizes_and_origins[convolve1d-1-0-0-shape0]" time="0.003" /><testcase classname="src.cucim.skimage.filters.tests.test_separable_filtering" name="test_separable_kernel_sizes_and_origins[convolve1d-1-0-0-shape1]" time="0.007" /><testcase classname="src.cucim.skimage.filters.tests.test_separable_filtering" name="test_separable_kernel_sizes_and_origins[convolve1d-1-0-1-shape0]" time="0.002" /><testcase classname="src.cucim.skimage.filters.tests.test_separable_filtering" name="test_separable_kernel_sizes_and_origins[convolve1d-1-0-1-shape1]" time="0.006" /><testcase classname="src.cucim.skimage.filters.tests.test_separable_filtering" name="test_separable_kernel_sizes_and_origins[convolve1d-1-max-0-shape0]" time="0.002" /><testcase classname="src.cucim.skimage.filters.tests.test_separable_filtering" name="test_separable_kernel_sizes_and_origins[convolve1d-1-max-0-shape1]" time="0.007" /><testcase classname="src.cucim.skimage.filters.tests.test_separable_filtering" name="test_separable_kernel_sizes_and_origins[convolve1d-1-max-1-shape0]" time="0.002" /><testcase classname="src.cucim.skimage.filters.tests.test_separable_filtering" name="test_separable_kernel_sizes_and_origins[convolve1d-1-max-1-shape1]" time="0.007" /><testcase classname="src.cucim.skimage.filters.tests.test_separable_filtering" name="test_separable_kernel_sizes_and_origins[convolve1d-2-min-0-shape0]" time="1.352" /><testcase classname="src.cucim.skimage.filters.tests.test_separable_filtering" name="test_separable_kernel_sizes_and_origins[convolve1d-2-min-0-shape1]" time="0.009" /><testcase classname="src.cucim.skimage.filters.tests.test_separable_filtering" name="test_separable_kernel_sizes_and_origins[convolve1d-2-min-1-shape0]" time="1.360" /><testcase classname="src.cucim.skimage.filters.tests.test_separable_filtering" name="test_separable_kernel_sizes_and_origins[convolve1d-2-min-1-shape1]" time="0.008" /><testcase classname="src.cucim.skimage.filters.tests.test_separable_filtering" name="test_separable_kernel_sizes_and_origins[convolve1d-2-0-0-shape0]" time="0.672" /><testcase classname="src.cucim.skimage.filters.tests.test_separable_filtering" name="test_separable_kernel_sizes_and_origins[convolve1d-2-0-0-shape1]" time="0.009" /><testcase classname="src.cucim.skimage.filters.tests.test_separable_filtering" name="test_separable_kernel_sizes_and_origins[convolve1d-2-0-1-shape0]" time="0.936" /><testcase classname="src.cucim.skimage.filters.tests.test_separable_filtering" name="test_separable_kernel_sizes_and_origins[convolve1d-2-0-1-shape1]" time="0.011" /><testcase classname="src.cucim.skimage.filters.tests.test_separable_filtering" name="test_separable_kernel_sizes_and_origins[convolve1d-2-max-0-shape0]" time="0.003" /><testcase classname="src.cucim.skimage.filters.tests.test_separable_filtering" name="test_separable_kernel_sizes_and_origins[convolve1d-2-max-0-shape1]" time="0.008" /><testcase classname="src.cucim.skimage.filters.tests.test_separable_filtering" name="test_separable_kernel_sizes_and_origins[convolve1d-2-max-1-shape0]" time="0.003" /><testcase classname="src.cucim.skimage.filters.tests.test_separable_filtering" name="test_separable_kernel_sizes_and_origins[convolve1d-2-max-1-shape1]" time="0.008" /><testcase classname="src.cucim.skimage.filters.tests.test_separable_filtering" name="test_separable_kernel_sizes_and_origins[convolve1d-3-min-0-shape0]" time="2.098" /><testcase classname="src.cucim.skimage.filters.tests.test_separable_filtering" name="test_separable_kernel_sizes_and_origins[convolve1d-3-min-0-shape1]" time="0.011" /><testcase classname="src.cucim.skimage.filters.tests.test_separable_filtering" name="test_separable_kernel_sizes_and_origins[convolve1d-3-min-1-shape0]" time="1.766" /><testcase classname="src.cucim.skimage.filters.tests.test_separable_filtering" name="test_separable_kernel_sizes_and_origins[convolve1d-3-min-1-shape1]" time="0.009" /><testcase classname="src.cucim.skimage.filters.tests.test_separable_filtering" name="test_separable_kernel_sizes_and_origins[convolve1d-3-0-0-shape0]" time="0.671" /><testcase classname="src.cucim.skimage.filters.tests.test_separable_filtering" name="test_separable_kernel_sizes_and_origins[convolve1d-3-0-0-shape1]" time="0.008" /><testcase classname="src.cucim.skimage.filters.tests.test_separable_filtering" name="test_separable_kernel_sizes_and_origins[convolve1d-3-0-1-shape0]" time="0.691" /><testcase classname="src.cucim.skimage.filters.tests.test_separable_filtering" name="test_separable_kernel_sizes_and_origins[convolve1d-3-0-1-shape1]" time="0.008" /><testcase classname="src.cucim.skimage.filters.tests.test_separable_filtering" name="test_separable_kernel_sizes_and_origins[convolve1d-3-max-0-shape0]" time="0.714" /><testcase classname="src.cucim.skimage.filters.tests.test_separable_filtering" name="test_separable_kernel_sizes_and_origins[convolve1d-3-max-0-shape1]" time="0.008" /><testcase classname="src.cucim.skimage.filters.tests.test_separable_filtering" name="test_separable_kernel_sizes_and_origins[convolve1d-3-max-1-shape0]" time="0.685" /><testcase classname="src.cucim.skimage.filters.tests.test_separable_filtering" name="test_separable_kernel_sizes_and_origins[convolve1d-3-max-1-shape1]" time="0.008" /><testcase classname="src.cucim.skimage.filters.tests.test_separable_filtering" name="test_separable_kernel_sizes_and_origins[convolve1d-4-min-0-shape0]" time="1.368" /><testcase classname="src.cucim.skimage.filters.tests.test_separable_filtering" name="test_separable_kernel_sizes_and_origins[convolve1d-4-min-0-shape1]" time="0.008" /><testcase classname="src.cucim.skimage.filters.tests.test_separable_filtering" name="test_separable_kernel_sizes_and_origins[convolve1d-4-min-1-shape0]" time="1.561" /><testcase classname="src.cucim.skimage.filters.tests.test_separable_filtering" name="test_separable_kernel_sizes_and_origins[convolve1d-4-min-1-shape1]" time="0.009" /><testcase classname="src.cucim.skimage.filters.tests.test_separable_filtering" name="test_separable_kernel_sizes_and_origins[convolve1d-4-0-0-shape0]" time="0.688" /><testcase classname="src.cucim.skimage.filters.tests.test_separable_filtering" name="test_separable_kernel_sizes_and_origins[convolve1d-4-0-0-shape1]" time="0.010" /><testcase classname="src.cucim.skimage.filters.tests.test_separable_filtering" name="test_separable_kernel_sizes_and_origins[convolve1d-4-0-1-shape0]" time="0.830" /><testcase classname="src.cucim.skimage.filters.tests.test_separable_filtering" name="test_separable_kernel_sizes_and_origins[convolve1d-4-0-1-shape1]" time="0.009" /><testcase classname="src.cucim.skimage.filters.tests.test_separable_filtering" name="test_separable_kernel_sizes_and_origins[convolve1d-4-max-0-shape0]" time="0.705" /><testcase classname="src.cucim.skimage.filters.tests.test_separable_filtering" name="test_separable_kernel_sizes_and_origins[convolve1d-4-max-0-shape1]" time="0.010" /><testcase classname="src.cucim.skimage.filters.tests.test_separable_filtering" name="test_separable_kernel_sizes_and_origins[convolve1d-4-max-1-shape0]" time="0.695" /><testcase classname="src.cucim.skimage.filters.tests.test_separable_filtering" name="test_separable_kernel_sizes_and_origins[convolve1d-4-max-1-shape1]" time="0.009" /><testcase classname="src.cucim.skimage.filters.tests.test_separable_filtering" name="test_separable_kernel_sizes_and_origins[convolve1d-5-min-0-shape0]" time="1.395" /><testcase classname="src.cucim.skimage.filters.tests.test_separable_filtering" name="test_separable_kernel_sizes_and_origins[convolve1d-5-min-0-shape1]" time="0.009" /><testcase classname="src.cucim.skimage.filters.tests.test_separable_filtering" name="test_separable_kernel_sizes_and_origins[convolve1d-5-min-1-shape0]" time="1.398" /><testcase classname="src.cucim.skimage.filters.tests.test_separable_filtering" name="test_separable_kernel_sizes_and_origins[convolve1d-5-min-1-shape1]" time="0.009" /><testcase classname="src.cucim.skimage.filters.tests.test_separable_filtering" name="test_separable_kernel_sizes_and_origins[convolve1d-5-0-0-shape0]" time="0.712" /><testcase classname="src.cucim.skimage.filters.tests.test_separable_filtering" name="test_separable_kernel_sizes_and_origins[convolve1d-5-0-0-shape1]" time="0.010" /><testcase classname="src.cucim.skimage.filters.tests.test_separable_filtering" name="test_separable_kernel_sizes_and_origins[convolve1d-5-0-1-shape0]" time="0.719" /><testcase classname="src.cucim.skimage.filters.tests.test_separable_filtering" name="test_separable_kernel_sizes_and_origins[convolve1d-5-0-1-shape1]" time="0.009" /><testcase classname="src.cucim.skimage.filters.tests.test_separable_filtering" name="test_separable_kernel_sizes_and_origins[convolve1d-5-max-0-shape0]" time="0.702" /><testcase classname="src.cucim.skimage.filters.tests.test_separable_filtering" name="test_separable_kernel_sizes_and_origins[convolve1d-5-max-0-shape1]" time="0.009" /><testcase classname="src.cucim.skimage.filters.tests.test_separable_filtering" name="test_separable_kernel_sizes_and_origins[convolve1d-5-max-1-shape0]" time="0.691" /><testcase classname="src.cucim.skimage.filters.tests.test_separable_filtering" name="test_separable_kernel_sizes_and_origins[convolve1d-5-max-1-shape1]" time="0.009" /><testcase classname="src.cucim.skimage.filters.tests.test_separable_filtering" name="test_separable_kernel_sizes_and_origins[convolve1d-6-min-0-shape0]" time="1.420" /><testcase classname="src.cucim.skimage.filters.tests.test_separable_filtering" name="test_separable_kernel_sizes_and_origins[convolve1d-6-min-0-shape1]" time="0.009" /><testcase classname="src.cucim.skimage.filters.tests.test_separable_filtering" name="test_separable_kernel_sizes_and_origins[convolve1d-6-min-1-shape0]" time="1.384" /><testcase classname="src.cucim.skimage.filters.tests.test_separable_filtering" name="test_separable_kernel_sizes_and_origins[convolve1d-6-min-1-shape1]" time="0.009" /><testcase classname="src.cucim.skimage.filters.tests.test_separable_filtering" name="test_separable_kernel_sizes_and_origins[convolve1d-6-0-0-shape0]" time="0.704" /><testcase classname="src.cucim.skimage.filters.tests.test_separable_filtering" name="test_separable_kernel_sizes_and_origins[convolve1d-6-0-0-shape1]" time="0.008" /><testcase classname="src.cucim.skimage.filters.tests.test_separable_filtering" name="test_separable_kernel_sizes_and_origins[convolve1d-6-0-1-shape0]" time="0.697" /><testcase classname="src.cucim.skimage.filters.tests.test_separable_filtering" name="test_separable_kernel_sizes_and_origins[convolve1d-6-0-1-shape1]" time="0.009" /><testcase classname="src.cucim.skimage.filters.tests.test_separable_filtering" name="test_separable_kernel_sizes_and_origins[convolve1d-6-max-0-shape0]" time="0.678" /><testcase classname="src.cucim.skimage.filters.tests.test_separable_filtering" name="test_separable_kernel_sizes_and_origins[convolve1d-6-max-0-shape1]" time="0.008" /><testcase classname="src.cucim.skimage.filters.tests.test_separable_filtering" name="test_separable_kernel_sizes_and_origins[convolve1d-6-max-1-shape0]" time="0.700" /><testcase classname="src.cucim.skimage.filters.tests.test_separable_filtering" name="test_separable_kernel_sizes_and_origins[convolve1d-6-max-1-shape1]" time="0.009" /><testcase classname="src.cucim.skimage.filters.tests.test_separable_filtering" name="test_separable_kernel_sizes_and_origins[convolve1d-7-min-0-shape0]" time="1.418" /><testcase classname="src.cucim.skimage.filters.tests.test_separable_filtering" name="test_separable_kernel_sizes_and_origins[convolve1d-7-min-0-shape1]" time="0.009" /><testcase classname="src.cucim.skimage.filters.tests.test_separable_filtering" name="test_separable_kernel_sizes_and_origins[convolve1d-7-min-1-shape0]" time="1.413" /><testcase classname="src.cucim.skimage.filters.tests.test_separable_filtering" name="test_separable_kernel_sizes_and_origins[convolve1d-7-min-1-shape1]" time="0.010" /><testcase classname="src.cucim.skimage.filters.tests.test_separable_filtering" name="test_separable_kernel_sizes_and_origins[convolve1d-7-0-0-shape0]" time="0.698" /><testcase classname="src.cucim.skimage.filters.tests.test_separable_filtering" name="test_separable_kernel_sizes_and_origins[convolve1d-7-0-0-shape1]" time="0.010" /><testcase classname="src.cucim.skimage.filters.tests.test_separable_filtering" name="test_separable_kernel_sizes_and_origins[convolve1d-7-0-1-shape0]" time="0.705" /><testcase classname="src.cucim.skimage.filters.tests.test_separable_filtering" name="test_separable_kernel_sizes_and_origins[convolve1d-7-0-1-shape1]" time="0.008" /><testcase classname="src.cucim.skimage.filters.tests.test_separable_filtering" name="test_separable_kernel_sizes_and_origins[convolve1d-7-max-0-shape0]" time="0.690" /><testcase classname="src.cucim.skimage.filters.tests.test_separable_filtering" name="test_separable_kernel_sizes_and_origins[convolve1d-7-max-0-shape1]" time="0.010" /><testcase classname="src.cucim.skimage.filters.tests.test_separable_filtering" name="test_separable_kernel_sizes_and_origins[convolve1d-7-max-1-shape0]" time="0.704" /><testcase classname="src.cucim.skimage.filters.tests.test_separable_filtering" name="test_separable_kernel_sizes_and_origins[convolve1d-7-max-1-shape1]" time="0.009" /><testcase classname="src.cucim.skimage.filters.tests.test_separable_filtering" name="test_separable_kernel_sizes_and_origins[convolve1d-8-min-0-shape0]" time="1.399" /><testcase classname="src.cucim.skimage.filters.tests.test_separable_filtering" name="test_separable_kernel_sizes_and_origins[convolve1d-8-min-0-shape1]" time="0.009" /><testcase classname="src.cucim.skimage.filters.tests.test_separable_filtering" name="test_separable_kernel_sizes_and_origins[convolve1d-8-min-1-shape0]" time="1.441" /><testcase classname="src.cucim.skimage.filters.tests.test_separable_filtering" name="test_separable_kernel_sizes_and_origins[convolve1d-8-min-1-shape1]" time="0.009" /><testcase classname="src.cucim.skimage.filters.tests.test_separable_filtering" name="test_separable_kernel_sizes_and_origins[convolve1d-8-0-0-shape0]" time="0.705" /><testcase classname="src.cucim.skimage.filters.tests.test_separable_filtering" name="test_separable_kernel_sizes_and_origins[convolve1d-8-0-0-shape1]" time="0.009" /><testcase classname="src.cucim.skimage.filters.tests.test_separable_filtering" name="test_separable_kernel_sizes_and_origins[convolve1d-8-0-1-shape0]" time="0.719" /><testcase classname="src.cucim.skimage.filters.tests.test_separable_filtering" name="test_separable_kernel_sizes_and_origins[convolve1d-8-0-1-shape1]" time="0.010" /><testcase classname="src.cucim.skimage.filters.tests.test_separable_filtering" name="test_separable_kernel_sizes_and_origins[convolve1d-8-max-0-shape0]" time="0.694" /><testcase classname="src.cucim.skimage.filters.tests.test_separable_filtering" name="test_separable_kernel_sizes_and_origins[convolve1d-8-max-0-shape1]" time="0.010" /><testcase classname="src.cucim.skimage.filters.tests.test_separable_filtering" name="test_separable_kernel_sizes_and_origins[convolve1d-8-max-1-shape0]" time="0.689" /><testcase classname="src.cucim.skimage.filters.tests.test_separable_filtering" name="test_separable_kernel_sizes_and_origins[convolve1d-8-max-1-shape1]" time="0.009" /><testcase classname="src.cucim.skimage.filters.tests.test_separable_filtering" name="test_separable_kernel_sizes_and_origins[convolve1d-9-min-0-shape0]" time="1.388" /><testcase classname="src.cucim.skimage.filters.tests.test_separable_filtering" name="test_separable_kernel_sizes_and_origins[convolve1d-9-min-0-shape1]" time="0.009" /><testcase classname="src.cucim.skimage.filters.tests.test_separable_filtering" name="test_separable_kernel_sizes_and_origins[convolve1d-9-min-1-shape0]" time="1.420" /><testcase classname="src.cucim.skimage.filters.tests.test_separable_filtering" name="test_separable_kernel_sizes_and_origins[convolve1d-9-min-1-shape1]" time="0.009" /><testcase classname="src.cucim.skimage.filters.tests.test_separable_filtering" name="test_separable_kernel_sizes_and_origins[convolve1d-9-0-0-shape0]" time="0.699" /><testcase classname="src.cucim.skimage.filters.tests.test_separable_filtering" name="test_separable_kernel_sizes_and_origins[convolve1d-9-0-0-shape1]" time="0.009" /><testcase classname="src.cucim.skimage.filters.tests.test_separable_filtering" name="test_separable_kernel_sizes_and_origins[convolve1d-9-0-1-shape0]" time="0.694" /><testcase classname="src.cucim.skimage.filters.tests.test_separable_filtering" name="test_separable_kernel_sizes_and_origins[convolve1d-9-0-1-shape1]" time="0.009" /><testcase classname="src.cucim.skimage.filters.tests.test_separable_filtering" name="test_separable_kernel_sizes_and_origins[convolve1d-9-max-0-shape0]" time="1.411" /><testcase classname="src.cucim.skimage.filters.tests.test_separable_filtering" name="test_separable_kernel_sizes_and_origins[convolve1d-9-max-0-shape1]" time="0.009" /><testcase classname="src.cucim.skimage.filters.tests.test_separable_filtering" name="test_separable_kernel_sizes_and_origins[convolve1d-9-max-1-shape0]" time="0.706" /><testcase classname="src.cucim.skimage.filters.tests.test_separable_filtering" name="test_separable_kernel_sizes_and_origins[convolve1d-9-max-1-shape1]" time="0.009" /><testcase classname="src.cucim.skimage.filters.tests.test_separable_filtering" name="test_separable_kernel_sizes_and_origins[convolve1d-10-min-0-shape0]" time="1.432" /><testcase classname="src.cucim.skimage.filters.tests.test_separable_filtering" name="test_separable_kernel_sizes_and_origins[convolve1d-10-min-0-shape1]" time="0.009" /><testcase classname="src.cucim.skimage.filters.tests.test_separable_filtering" name="test_separable_kernel_sizes_and_origins[convolve1d-10-min-1-shape0]" time="1.412" /><testcase classname="src.cucim.skimage.filters.tests.test_separable_filtering" name="test_separable_kernel_sizes_and_origins[convolve1d-10-min-1-shape1]" time="0.009" /><testcase classname="src.cucim.skimage.filters.tests.test_separable_filtering" name="test_separable_kernel_sizes_and_origins[convolve1d-10-0-0-shape0]" time="1.421" /><testcase classname="src.cucim.skimage.filters.tests.test_separable_filtering" name="test_separable_kernel_sizes_and_origins[convolve1d-10-0-0-shape1]" time="0.009" /><testcase classname="src.cucim.skimage.filters.tests.test_separable_filtering" name="test_separable_kernel_sizes_and_origins[convolve1d-10-0-1-shape0]" time="0.702" /><testcase classname="src.cucim.skimage.filters.tests.test_separable_filtering" name="test_separable_kernel_sizes_and_origins[convolve1d-10-0-1-shape1]" time="0.009" /><testcase classname="src.cucim.skimage.filters.tests.test_separable_filtering" name="test_separable_kernel_sizes_and_origins[convolve1d-10-max-0-shape0]" time="0.698" /><testcase classname="src.cucim.skimage.filters.tests.test_separable_filtering" name="test_separable_kernel_sizes_and_origins[convolve1d-10-max-0-shape1]" time="0.010" /><testcase classname="src.cucim.skimage.filters.tests.test_separable_filtering" name="test_separable_kernel_sizes_and_origins[convolve1d-10-max-1-shape0]" time="0.699" /><testcase classname="src.cucim.skimage.filters.tests.test_separable_filtering" name="test_separable_kernel_sizes_and_origins[convolve1d-10-max-1-shape1]" time="0.009" /><testcase classname="src.cucim.skimage.filters.tests.test_separable_filtering" name="test_separable_kernel_sizes_and_origins[convolve1d-11-min-0-shape0]" time="1.421" /><testcase classname="src.cucim.skimage.filters.tests.test_separable_filtering" name="test_separable_kernel_sizes_and_origins[convolve1d-11-min-0-shape1]" time="0.009" /><testcase classname="src.cucim.skimage.filters.tests.test_separable_filtering" name="test_separable_kernel_sizes_and_origins[convolve1d-11-min-1-shape0]" time="1.410" /><testcase classname="src.cucim.skimage.filters.tests.test_separable_filtering" name="test_separable_kernel_sizes_and_origins[convolve1d-11-min-1-shape1]" time="0.010" /><testcase classname="src.cucim.skimage.filters.tests.test_separable_filtering" name="test_separable_kernel_sizes_and_origins[convolve1d-11-0-0-shape0]" time="1.421" /><testcase classname="src.cucim.skimage.filters.tests.test_separable_filtering" name="test_separable_kernel_sizes_and_origins[convolve1d-11-0-0-shape1]" time="0.009" /><testcase classname="src.cucim.skimage.filters.tests.test_separable_filtering" name="test_separable_kernel_sizes_and_origins[convolve1d-11-0-1-shape0]" time="0.692" /><testcase classname="src.cucim.skimage.filters.tests.test_separable_filtering" name="test_separable_kernel_sizes_and_origins[convolve1d-11-0-1-shape1]" time="0.010" /><testcase classname="src.cucim.skimage.filters.tests.test_separable_filtering" name="test_separable_kernel_sizes_and_origins[convolve1d-11-max-0-shape0]" time="0.701" /><testcase classname="src.cucim.skimage.filters.tests.test_separable_filtering" name="test_separable_kernel_sizes_and_origins[convolve1d-11-max-0-shape1]" time="0.009" /><testcase classname="src.cucim.skimage.filters.tests.test_separable_filtering" name="test_separable_kernel_sizes_and_origins[convolve1d-11-max-1-shape0]" time="0.697" /><testcase classname="src.cucim.skimage.filters.tests.test_separable_filtering" name="test_separable_kernel_sizes_and_origins[convolve1d-11-max-1-shape1]" time="0.010" /><testcase classname="src.cucim.skimage.filters.tests.test_separable_filtering" name="test_separable_kernel_sizes_and_origins[convolve1d-12-min-0-shape0]" time="1.437" /><testcase classname="src.cucim.skimage.filters.tests.test_separable_filtering" name="test_separable_kernel_sizes_and_origins[convolve1d-12-min-0-shape1]" time="0.009" /><testcase classname="src.cucim.skimage.filters.tests.test_separable_filtering" name="test_separable_kernel_sizes_and_origins[convolve1d-12-min-1-shape0]" time="1.438" /><testcase classname="src.cucim.skimage.filters.tests.test_separable_filtering" name="test_separable_kernel_sizes_and_origins[convolve1d-12-min-1-shape1]" time="0.009" /><testcase classname="src.cucim.skimage.filters.tests.test_separable_filtering" name="test_separable_kernel_sizes_and_origins[convolve1d-12-0-0-shape0]" time="1.426" /><testcase classname="src.cucim.skimage.filters.tests.test_separable_filtering" name="test_separable_kernel_sizes_and_origins[convolve1d-12-0-0-shape1]" time="0.010" /><testcase classname="src.cucim.skimage.filters.tests.test_separable_filtering" name="test_separable_kernel_sizes_and_origins[convolve1d-12-0-1-shape0]" time="0.738" /><testcase classname="src.cucim.skimage.filters.tests.test_separable_filtering" name="test_separable_kernel_sizes_and_origins[convolve1d-12-0-1-shape1]" time="0.010" /><testcase classname="src.cucim.skimage.filters.tests.test_separable_filtering" name="test_separable_kernel_sizes_and_origins[convolve1d-12-max-0-shape0]" time="0.714" /><testcase classname="src.cucim.skimage.filters.tests.test_separable_filtering" name="test_separable_kernel_sizes_and_origins[convolve1d-12-max-0-shape1]" time="0.009" /><testcase classname="src.cucim.skimage.filters.tests.test_separable_filtering" name="test_separable_kernel_sizes_and_origins[convolve1d-12-max-1-shape0]" time="0.712" /><testcase classname="src.cucim.skimage.filters.tests.test_separable_filtering" name="test_separable_kernel_sizes_and_origins[convolve1d-12-max-1-shape1]" time="0.009" /><testcase classname="src.cucim.skimage.filters.tests.test_separable_filtering" name="test_separable_kernel_sizes_and_origins[convolve1d-13-min-0-shape0]" time="1.433" /><testcase classname="src.cucim.skimage.filters.tests.test_separable_filtering" name="test_separable_kernel_sizes_and_origins[convolve1d-13-min-0-shape1]" time="0.009" /><testcase classname="src.cucim.skimage.filters.tests.test_separable_filtering" name="test_separable_kernel_sizes_and_origins[convolve1d-13-min-1-shape0]" time="1.428" /><testcase classname="src.cucim.skimage.filters.tests.test_separable_filtering" name="test_separable_kernel_sizes_and_origins[convolve1d-13-min-1-shape1]" time="0.009" /><testcase classname="src.cucim.skimage.filters.tests.test_separable_filtering" name="test_separable_kernel_sizes_and_origins[convolve1d-13-0-0-shape0]" time="1.456" /><testcase classname="src.cucim.skimage.filters.tests.test_separable_filtering" name="test_separable_kernel_sizes_and_origins[convolve1d-13-0-0-shape1]" time="0.010" /><testcase classname="src.cucim.skimage.filters.tests.test_separable_filtering" name="test_separable_kernel_sizes_and_origins[convolve1d-13-0-1-shape0]" time="0.693" /><testcase classname="src.cucim.skimage.filters.tests.test_separable_filtering" name="test_separable_kernel_sizes_and_origins[convolve1d-13-0-1-shape1]" time="0.009" /><testcase classname="src.cucim.skimage.filters.tests.test_separable_filtering" name="test_separable_kernel_sizes_and_origins[convolve1d-13-max-0-shape0]" time="0.696" /><testcase classname="src.cucim.skimage.filters.tests.test_separable_filtering" name="test_separable_kernel_sizes_and_origins[convolve1d-13-max-0-shape1]" time="0.009" /><testcase classname="src.cucim.skimage.filters.tests.test_separable_filtering" name="test_separable_kernel_sizes_and_origins[convolve1d-13-max-1-shape0]" time="0.717" /><testcase classname="src.cucim.skimage.filters.tests.test_separable_filtering" name="test_separable_kernel_sizes_and_origins[convolve1d-13-max-1-shape1]" time="0.010" /><testcase classname="src.cucim.skimage.filters.tests.test_separable_filtering" name="test_separable_kernel_sizes_and_origins[convolve1d-14-min-0-shape0]" time="1.415" /><testcase classname="src.cucim.skimage.filters.tests.test_separable_filtering" name="test_separable_kernel_sizes_and_origins[convolve1d-14-min-0-shape1]" time="0.008" /><testcase classname="src.cucim.skimage.filters.tests.test_separable_filtering" name="test_separable_kernel_sizes_and_origins[convolve1d-14-min-1-shape0]" time="1.436" /><testcase classname="src.cucim.skimage.filters.tests.test_separable_filtering" name="test_separable_kernel_sizes_and_origins[convolve1d-14-min-1-shape1]" time="0.010" /><testcase classname="src.cucim.skimage.filters.tests.test_separable_filtering" name="test_separable_kernel_sizes_and_origins[convolve1d-14-0-0-shape0]" time="1.430" /><testcase classname="src.cucim.skimage.filters.tests.test_separable_filtering" name="test_separable_kernel_sizes_and_origins[convolve1d-14-0-0-shape1]" time="0.009" /><testcase classname="src.cucim.skimage.filters.tests.test_separable_filtering" name="test_separable_kernel_sizes_and_origins[convolve1d-14-0-1-shape0]" time="0.718" /><testcase classname="src.cucim.skimage.filters.tests.test_separable_filtering" name="test_separable_kernel_sizes_and_origins[convolve1d-14-0-1-shape1]" time="0.009" /><testcase classname="src.cucim.skimage.filters.tests.test_separable_filtering" name="test_separable_kernel_sizes_and_origins[convolve1d-14-max-0-shape0]" time="0.723" /><testcase classname="src.cucim.skimage.filters.tests.test_separable_filtering" name="test_separable_kernel_sizes_and_origins[convolve1d-14-max-0-shape1]" time="0.009" /><testcase classname="src.cucim.skimage.filters.tests.test_separable_filtering" name="test_separable_kernel_sizes_and_origins[convolve1d-14-max-1-shape0]" time="0.710" /><testcase classname="src.cucim.skimage.filters.tests.test_separable_filtering" name="test_separable_kernel_sizes_and_origins[convolve1d-14-max-1-shape1]" time="0.008" /><testcase classname="src.cucim.skimage.filters.tests.test_separable_filtering" name="test_separable_kernel_sizes_and_origins[convolve1d-15-min-0-shape0]" time="1.445" /><testcase classname="src.cucim.skimage.filters.tests.test_separable_filtering" name="test_separable_kernel_sizes_and_origins[convolve1d-15-min-0-shape1]" time="0.008" /><testcase classname="src.cucim.skimage.filters.tests.test_separable_filtering" name="test_separable_kernel_sizes_and_origins[convolve1d-15-min-1-shape0]" time="1.477" /><testcase classname="src.cucim.skimage.filters.tests.test_separable_filtering" name="test_separable_kernel_sizes_and_origins[convolve1d-15-min-1-shape1]" time="0.009" /><testcase classname="src.cucim.skimage.filters.tests.test_separable_filtering" name="test_separable_kernel_sizes_and_origins[convolve1d-15-0-0-shape0]" time="1.451" /><testcase classname="src.cucim.skimage.filters.tests.test_separable_filtering" name="test_separable_kernel_sizes_and_origins[convolve1d-15-0-0-shape1]" time="0.008" /><testcase classname="src.cucim.skimage.filters.tests.test_separable_filtering" name="test_separable_kernel_sizes_and_origins[convolve1d-15-0-1-shape0]" time="0.730" /><testcase classname="src.cucim.skimage.filters.tests.test_separable_filtering" name="test_separable_kernel_sizes_and_origins[convolve1d-15-0-1-shape1]" time="0.009" /><testcase classname="src.cucim.skimage.filters.tests.test_separable_filtering" name="test_separable_kernel_sizes_and_origins[convolve1d-15-max-0-shape0]" time="0.718" /><testcase classname="src.cucim.skimage.filters.tests.test_separable_filtering" name="test_separable_kernel_sizes_and_origins[convolve1d-15-max-0-shape1]" time="0.008" /><testcase classname="src.cucim.skimage.filters.tests.test_separable_filtering" name="test_separable_kernel_sizes_and_origins[convolve1d-15-max-1-shape0]" time="0.716" /><testcase classname="src.cucim.skimage.filters.tests.test_separable_filtering" name="test_separable_kernel_sizes_and_origins[convolve1d-15-max-1-shape1]" time="0.009" /><testcase classname="src.cucim.skimage.filters.tests.test_separable_filtering" name="test_separable_kernel_sizes_and_origins[convolve1d-16-min-0-shape0]" time="1.470" /><testcase classname="src.cucim.skimage.filters.tests.test_separable_filtering" name="test_separable_kernel_sizes_and_origins[convolve1d-16-min-0-shape1]" time="0.008" /><testcase classname="src.cucim.skimage.filters.tests.test_separable_filtering" name="test_separable_kernel_sizes_and_origins[convolve1d-16-min-1-shape0]" time="1.446" /><testcase classname="src.cucim.skimage.filters.tests.test_separable_filtering" name="test_separable_kernel_sizes_and_origins[convolve1d-16-min-1-shape1]" time="0.008" /><testcase classname="src.cucim.skimage.filters.tests.test_separable_filtering" name="test_separable_kernel_sizes_and_origins[convolve1d-16-0-0-shape0]" time="0.721" /><testcase classname="src.cucim.skimage.filters.tests.test_separable_filtering" name="test_separable_kernel_sizes_and_origins[convolve1d-16-0-0-shape1]" time="0.009" /><testcase classname="src.cucim.skimage.filters.tests.test_separable_filtering" name="test_separable_kernel_sizes_and_origins[convolve1d-16-0-1-shape0]" time="0.717" /><testcase classname="src.cucim.skimage.filters.tests.test_separable_filtering" name="test_separable_kernel_sizes_and_origins[convolve1d-16-0-1-shape1]" time="0.009" /><testcase classname="src.cucim.skimage.filters.tests.test_separable_filtering" name="test_separable_kernel_sizes_and_origins[convolve1d-16-max-0-shape0]" time="0.700" /><testcase classname="src.cucim.skimage.filters.tests.test_separable_filtering" name="test_separable_kernel_sizes_and_origins[convolve1d-16-max-0-shape1]" time="0.009" /><testcase classname="src.cucim.skimage.filters.tests.test_separable_filtering" name="test_separable_kernel_sizes_and_origins[convolve1d-16-max-1-shape0]" time="0.721" /><testcase classname="src.cucim.skimage.filters.tests.test_separable_filtering" name="test_separable_kernel_sizes_and_origins[convolve1d-16-max-1-shape1]" time="0.009" /><testcase classname="src.cucim.skimage.filters.tests.test_separable_filtering" name="test_separable_kernel_sizes_and_origins[correlate1d-1-min-0-shape0]" time="0.691" /><testcase classname="src.cucim.skimage.filters.tests.test_separable_filtering" name="test_separable_kernel_sizes_and_origins[correlate1d-1-min-0-shape1]" time="0.009" /><testcase classname="src.cucim.skimage.filters.tests.test_separable_filtering" name="test_separable_kernel_sizes_and_origins[correlate1d-1-min-1-shape0]" time="0.695" /><testcase classname="src.cucim.skimage.filters.tests.test_separable_filtering" name="test_separable_kernel_sizes_and_origins[correlate1d-1-min-1-shape1]" time="0.010" /><testcase classname="src.cucim.skimage.filters.tests.test_separable_filtering" name="test_separable_kernel_sizes_and_origins[correlate1d-1-0-0-shape0]" time="0.002" /><testcase classname="src.cucim.skimage.filters.tests.test_separable_filtering" name="test_separable_kernel_sizes_and_origins[correlate1d-1-0-0-shape1]" time="0.006" /><testcase classname="src.cucim.skimage.filters.tests.test_separable_filtering" name="test_separable_kernel_sizes_and_origins[correlate1d-1-0-1-shape0]" time="0.002" /><testcase classname="src.cucim.skimage.filters.tests.test_separable_filtering" name="test_separable_kernel_sizes_and_origins[correlate1d-1-0-1-shape1]" time="0.006" /><testcase classname="src.cucim.skimage.filters.tests.test_separable_filtering" name="test_separable_kernel_sizes_and_origins[correlate1d-1-max-0-shape0]" time="0.002" /><testcase classname="src.cucim.skimage.filters.tests.test_separable_filtering" name="test_separable_kernel_sizes_and_origins[correlate1d-1-max-0-shape1]" time="0.006" /><testcase classname="src.cucim.skimage.filters.tests.test_separable_filtering" name="test_separable_kernel_sizes_and_origins[correlate1d-1-max-1-shape0]" time="0.002" /><testcase classname="src.cucim.skimage.filters.tests.test_separable_filtering" name="test_separable_kernel_sizes_and_origins[correlate1d-1-max-1-shape1]" time="0.006" /><testcase classname="src.cucim.skimage.filters.tests.test_separable_filtering" name="test_separable_kernel_sizes_and_origins[correlate1d-2-min-0-shape0]" time="0.689" /><testcase classname="src.cucim.skimage.filters.tests.test_separable_filtering" name="test_separable_kernel_sizes_and_origins[correlate1d-2-min-0-shape1]" time="0.009" /><testcase classname="src.cucim.skimage.filters.tests.test_separable_filtering" name="test_separable_kernel_sizes_and_origins[correlate1d-2-min-1-shape0]" time="0.711" /><testcase classname="src.cucim.skimage.filters.tests.test_separable_filtering" name="test_separable_kernel_sizes_and_origins[correlate1d-2-min-1-shape1]" time="0.010" /><testcase classname="src.cucim.skimage.filters.tests.test_separable_filtering" name="test_separable_kernel_sizes_and_origins[correlate1d-2-0-0-shape0]" time="0.002" /><testcase classname="src.cucim.skimage.filters.tests.test_separable_filtering" name="test_separable_kernel_sizes_and_origins[correlate1d-2-0-0-shape1]" time="0.006" /><testcase classname="src.cucim.skimage.filters.tests.test_separable_filtering" name="test_separable_kernel_sizes_and_origins[correlate1d-2-0-1-shape0]" time="0.002" /><testcase classname="src.cucim.skimage.filters.tests.test_separable_filtering" name="test_separable_kernel_sizes_and_origins[correlate1d-2-0-1-shape1]" time="0.006" /><testcase classname="src.cucim.skimage.filters.tests.test_separable_filtering" name="test_separable_kernel_sizes_and_origins[correlate1d-2-max-0-shape0]" time="0.002" /><testcase classname="src.cucim.skimage.filters.tests.test_separable_filtering" name="test_separable_kernel_sizes_and_origins[correlate1d-2-max-0-shape1]" time="0.006" /><testcase classname="src.cucim.skimage.filters.tests.test_separable_filtering" name="test_separable_kernel_sizes_and_origins[correlate1d-2-max-1-shape0]" time="0.002" /><testcase classname="src.cucim.skimage.filters.tests.test_separable_filtering" name="test_separable_kernel_sizes_and_origins[correlate1d-2-max-1-shape1]" time="0.006" /><testcase classname="src.cucim.skimage.filters.tests.test_separable_filtering" name="test_separable_kernel_sizes_and_origins[correlate1d-3-min-0-shape0]" time="0.694" /><testcase classname="src.cucim.skimage.filters.tests.test_separable_filtering" name="test_separable_kernel_sizes_and_origins[correlate1d-3-min-0-shape1]" time="0.009" /><testcase classname="src.cucim.skimage.filters.tests.test_separable_filtering" name="test_separable_kernel_sizes_and_origins[correlate1d-3-min-1-shape0]" time="0.693" /><testcase classname="src.cucim.skimage.filters.tests.test_separable_filtering" name="test_separable_kernel_sizes_and_origins[correlate1d-3-min-1-shape1]" time="0.009" /><testcase classname="src.cucim.skimage.filters.tests.test_separable_filtering" name="test_separable_kernel_sizes_and_origins[correlate1d-3-0-0-shape0]" time="0.002" /><testcase classname="src.cucim.skimage.filters.tests.test_separable_filtering" name="test_separable_kernel_sizes_and_origins[correlate1d-3-0-0-shape1]" time="0.006" /><testcase classname="src.cucim.skimage.filters.tests.test_separable_filtering" name="test_separable_kernel_sizes_and_origins[correlate1d-3-0-1-shape0]" time="0.002" /><testcase classname="src.cucim.skimage.filters.tests.test_separable_filtering" name="test_separable_kernel_sizes_and_origins[correlate1d-3-0-1-shape1]" time="0.006" /><testcase classname="src.cucim.skimage.filters.tests.test_separable_filtering" name="test_separable_kernel_sizes_and_origins[correlate1d-3-max-0-shape0]" time="0.002" /><testcase classname="src.cucim.skimage.filters.tests.test_separable_filtering" name="test_separable_kernel_sizes_and_origins[correlate1d-3-max-0-shape1]" time="0.006" /><testcase classname="src.cucim.skimage.filters.tests.test_separable_filtering" name="test_separable_kernel_sizes_and_origins[correlate1d-3-max-1-shape0]" time="0.002" /><testcase classname="src.cucim.skimage.filters.tests.test_separable_filtering" name="test_separable_kernel_sizes_and_origins[correlate1d-3-max-1-shape1]" time="0.006" /><testcase classname="src.cucim.skimage.filters.tests.test_separable_filtering" name="test_separable_kernel_sizes_and_origins[correlate1d-4-min-0-shape0]" time="0.702" /><testcase classname="src.cucim.skimage.filters.tests.test_separable_filtering" name="test_separable_kernel_sizes_and_origins[correlate1d-4-min-0-shape1]" time="0.009" /><testcase classname="src.cucim.skimage.filters.tests.test_separable_filtering" name="test_separable_kernel_sizes_and_origins[correlate1d-4-min-1-shape0]" time="0.711" /><testcase classname="src.cucim.skimage.filters.tests.test_separable_filtering" name="test_separable_kernel_sizes_and_origins[correlate1d-4-min-1-shape1]" time="0.009" /><testcase classname="src.cucim.skimage.filters.tests.test_separable_filtering" name="test_separable_kernel_sizes_and_origins[correlate1d-4-0-0-shape0]" time="0.707" /><testcase classname="src.cucim.skimage.filters.tests.test_separable_filtering" name="test_separable_kernel_sizes_and_origins[correlate1d-4-0-0-shape1]" time="0.010" /><testcase classname="src.cucim.skimage.filters.tests.test_separable_filtering" name="test_separable_kernel_sizes_and_origins[correlate1d-4-0-1-shape0]" time="0.704" /><testcase classname="src.cucim.skimage.filters.tests.test_separable_filtering" name="test_separable_kernel_sizes_and_origins[correlate1d-4-0-1-shape1]" time="0.009" /><testcase classname="src.cucim.skimage.filters.tests.test_separable_filtering" name="test_separable_kernel_sizes_and_origins[correlate1d-4-max-0-shape0]" time="0.002" /><testcase classname="src.cucim.skimage.filters.tests.test_separable_filtering" name="test_separable_kernel_sizes_and_origins[correlate1d-4-max-0-shape1]" time="0.006" /><testcase classname="src.cucim.skimage.filters.tests.test_separable_filtering" name="test_separable_kernel_sizes_and_origins[correlate1d-4-max-1-shape0]" time="0.002" /><testcase classname="src.cucim.skimage.filters.tests.test_separable_filtering" name="test_separable_kernel_sizes_and_origins[correlate1d-4-max-1-shape1]" time="0.006" /><testcase classname="src.cucim.skimage.filters.tests.test_separable_filtering" name="test_separable_kernel_sizes_and_origins[correlate1d-5-min-0-shape0]" time="0.002" /><testcase classname="src.cucim.skimage.filters.tests.test_separable_filtering" name="test_separable_kernel_sizes_and_origins[correlate1d-5-min-0-shape1]" time="0.006" /><testcase classname="src.cucim.skimage.filters.tests.test_separable_filtering" name="test_separable_kernel_sizes_and_origins[correlate1d-5-min-1-shape0]" time="0.002" /><testcase classname="src.cucim.skimage.filters.tests.test_separable_filtering" name="test_separable_kernel_sizes_and_origins[correlate1d-5-min-1-shape1]" time="0.006" /><testcase classname="src.cucim.skimage.filters.tests.test_separable_filtering" name="test_separable_kernel_sizes_and_origins[correlate1d-5-0-0-shape0]" time="0.002" /><testcase classname="src.cucim.skimage.filters.tests.test_separable_filtering" name="test_separable_kernel_sizes_and_origins[correlate1d-5-0-0-shape1]" time="0.006" /><testcase classname="src.cucim.skimage.filters.tests.test_separable_filtering" name="test_separable_kernel_sizes_and_origins[correlate1d-5-0-1-shape0]" time="0.002" /><testcase classname="src.cucim.skimage.filters.tests.test_separable_filtering" name="test_separable_kernel_sizes_and_origins[correlate1d-5-0-1-shape1]" time="0.006" /><testcase classname="src.cucim.skimage.filters.tests.test_separable_filtering" name="test_separable_kernel_sizes_and_origins[correlate1d-5-max-0-shape0]" time="0.002" /><testcase classname="src.cucim.skimage.filters.tests.test_separable_filtering" name="test_separable_kernel_sizes_and_origins[correlate1d-5-max-0-shape1]" time="0.006" /><testcase classname="src.cucim.skimage.filters.tests.test_separable_filtering" name="test_separable_kernel_sizes_and_origins[correlate1d-5-max-1-shape0]" time="0.002" /><testcase classname="src.cucim.skimage.filters.tests.test_separable_filtering" name="test_separable_kernel_sizes_and_origins[correlate1d-5-max-1-shape1]" time="0.006" /><testcase classname="src.cucim.skimage.filters.tests.test_separable_filtering" name="test_separable_kernel_sizes_and_origins[correlate1d-6-min-0-shape0]" time="0.725" /><testcase classname="src.cucim.skimage.filters.tests.test_separable_filtering" name="test_separable_kernel_sizes_and_origins[correlate1d-6-min-0-shape1]" time="0.009" /><testcase classname="src.cucim.skimage.filters.tests.test_separable_filtering" name="test_separable_kernel_sizes_and_origins[correlate1d-6-min-1-shape0]" time="0.708" /><testcase classname="src.cucim.skimage.filters.tests.test_separable_filtering" name="test_separable_kernel_sizes_and_origins[correlate1d-6-min-1-shape1]" time="0.009" /><testcase classname="src.cucim.skimage.filters.tests.test_separable_filtering" name="test_separable_kernel_sizes_and_origins[correlate1d-6-0-0-shape0]" time="0.704" /><testcase classname="src.cucim.skimage.filters.tests.test_separable_filtering" name="test_separable_kernel_sizes_and_origins[correlate1d-6-0-0-shape1]" time="0.009" /><testcase classname="src.cucim.skimage.filters.tests.test_separable_filtering" name="test_separable_kernel_sizes_and_origins[correlate1d-6-0-1-shape0]" time="0.712" /><testcase classname="src.cucim.skimage.filters.tests.test_separable_filtering" name="test_separable_kernel_sizes_and_origins[correlate1d-6-0-1-shape1]" time="0.010" /><testcase classname="src.cucim.skimage.filters.tests.test_separable_filtering" name="test_separable_kernel_sizes_and_origins[correlate1d-6-max-0-shape0]" time="0.002" /><testcase classname="src.cucim.skimage.filters.tests.test_separable_filtering" name="test_separable_kernel_sizes_and_origins[correlate1d-6-max-0-shape1]" time="0.007" /><testcase classname="src.cucim.skimage.filters.tests.test_separable_filtering" name="test_separable_kernel_sizes_and_origins[correlate1d-6-max-1-shape0]" time="0.002" /><testcase classname="src.cucim.skimage.filters.tests.test_separable_filtering" name="test_separable_kernel_sizes_and_origins[correlate1d-6-max-1-shape1]" time="0.007" /><testcase classname="src.cucim.skimage.filters.tests.test_separable_filtering" name="test_separable_kernel_sizes_and_origins[correlate1d-7-min-0-shape0]" time="0.729" /><testcase classname="src.cucim.skimage.filters.tests.test_separable_filtering" name="test_separable_kernel_sizes_and_origins[correlate1d-7-min-0-shape1]" time="0.010" /><testcase classname="src.cucim.skimage.filters.tests.test_separable_filtering" name="test_separable_kernel_sizes_and_origins[correlate1d-7-min-1-shape0]" time="0.702" /><testcase classname="src.cucim.skimage.filters.tests.test_separable_filtering" name="test_separable_kernel_sizes_and_origins[correlate1d-7-min-1-shape1]" time="0.009" /><testcase classname="src.cucim.skimage.filters.tests.test_separable_filtering" name="test_separable_kernel_sizes_and_origins[correlate1d-7-0-0-shape0]" time="0.002" /><testcase classname="src.cucim.skimage.filters.tests.test_separable_filtering" name="test_separable_kernel_sizes_and_origins[correlate1d-7-0-0-shape1]" time="0.006" /><testcase classname="src.cucim.skimage.filters.tests.test_separable_filtering" name="test_separable_kernel_sizes_and_origins[correlate1d-7-0-1-shape0]" time="0.002" /><testcase classname="src.cucim.skimage.filters.tests.test_separable_filtering" name="test_separable_kernel_sizes_and_origins[correlate1d-7-0-1-shape1]" time="0.007" /><testcase classname="src.cucim.skimage.filters.tests.test_separable_filtering" name="test_separable_kernel_sizes_and_origins[correlate1d-7-max-0-shape0]" time="0.002" /><testcase classname="src.cucim.skimage.filters.tests.test_separable_filtering" name="test_separable_kernel_sizes_and_origins[correlate1d-7-max-0-shape1]" time="0.006" /><testcase classname="src.cucim.skimage.filters.tests.test_separable_filtering" name="test_separable_kernel_sizes_and_origins[correlate1d-7-max-1-shape0]" time="0.002" /><testcase classname="src.cucim.skimage.filters.tests.test_separable_filtering" name="test_separable_kernel_sizes_and_origins[correlate1d-7-max-1-shape1]" time="0.006" /><testcase classname="src.cucim.skimage.filters.tests.test_separable_filtering" name="test_separable_kernel_sizes_and_origins[correlate1d-8-min-0-shape0]" time="0.707" /><testcase classname="src.cucim.skimage.filters.tests.test_separable_filtering" name="test_separable_kernel_sizes_and_origins[correlate1d-8-min-0-shape1]" time="0.009" /><testcase classname="src.cucim.skimage.filters.tests.test_separable_filtering" name="test_separable_kernel_sizes_and_origins[correlate1d-8-min-1-shape0]" time="0.715" /><testcase classname="src.cucim.skimage.filters.tests.test_separable_filtering" name="test_separable_kernel_sizes_and_origins[correlate1d-8-min-1-shape1]" time="0.010" /><testcase classname="src.cucim.skimage.filters.tests.test_separable_filtering" name="test_separable_kernel_sizes_and_origins[correlate1d-8-0-0-shape0]" time="0.707" /><testcase classname="src.cucim.skimage.filters.tests.test_separable_filtering" name="test_separable_kernel_sizes_and_origins[correlate1d-8-0-0-shape1]" time="0.009" /><testcase classname="src.cucim.skimage.filters.tests.test_separable_filtering" name="test_separable_kernel_sizes_and_origins[correlate1d-8-0-1-shape0]" time="0.707" /><testcase classname="src.cucim.skimage.filters.tests.test_separable_filtering" name="test_separable_kernel_sizes_and_origins[correlate1d-8-0-1-shape1]" time="0.009" /><testcase classname="src.cucim.skimage.filters.tests.test_separable_filtering" name="test_separable_kernel_sizes_and_origins[correlate1d-8-max-0-shape0]" time="0.002" /><testcase classname="src.cucim.skimage.filters.tests.test_separable_filtering" name="test_separable_kernel_sizes_and_origins[correlate1d-8-max-0-shape1]" time="0.006" /><testcase classname="src.cucim.skimage.filters.tests.test_separable_filtering" name="test_separable_kernel_sizes_and_origins[correlate1d-8-max-1-shape0]" time="0.002" /><testcase classname="src.cucim.skimage.filters.tests.test_separable_filtering" name="test_separable_kernel_sizes_and_origins[correlate1d-8-max-1-shape1]" time="0.006" /><testcase classname="src.cucim.skimage.filters.tests.test_separable_filtering" name="test_separable_kernel_sizes_and_origins[correlate1d-9-min-0-shape0]" time="0.719" /><testcase classname="src.cucim.skimage.filters.tests.test_separable_filtering" name="test_separable_kernel_sizes_and_origins[correlate1d-9-min-0-shape1]" time="0.008" /><testcase classname="src.cucim.skimage.filters.tests.test_separable_filtering" name="test_separable_kernel_sizes_and_origins[correlate1d-9-min-1-shape0]" time="0.002" /><testcase classname="src.cucim.skimage.filters.tests.test_separable_filtering" name="test_separable_kernel_sizes_and_origins[correlate1d-9-min-1-shape1]" time="0.006" /><testcase classname="src.cucim.skimage.filters.tests.test_separable_filtering" name="test_separable_kernel_sizes_and_origins[correlate1d-9-0-0-shape0]" time="0.002" /><testcase classname="src.cucim.skimage.filters.tests.test_separable_filtering" name="test_separable_kernel_sizes_and_origins[correlate1d-9-0-0-shape1]" time="0.006" /><testcase classname="src.cucim.skimage.filters.tests.test_separable_filtering" name="test_separable_kernel_sizes_and_origins[correlate1d-9-0-1-shape0]" time="0.002" /><testcase classname="src.cucim.skimage.filters.tests.test_separable_filtering" name="test_separable_kernel_sizes_and_origins[correlate1d-9-0-1-shape1]" time="0.006" /><testcase classname="src.cucim.skimage.filters.tests.test_separable_filtering" name="test_separable_kernel_sizes_and_origins[correlate1d-9-max-0-shape0]" time="0.002" /><testcase classname="src.cucim.skimage.filters.tests.test_separable_filtering" name="test_separable_kernel_sizes_and_origins[correlate1d-9-max-0-shape1]" time="0.006" /><testcase classname="src.cucim.skimage.filters.tests.test_separable_filtering" name="test_separable_kernel_sizes_and_origins[correlate1d-9-max-1-shape0]" time="0.002" /><testcase classname="src.cucim.skimage.filters.tests.test_separable_filtering" name="test_separable_kernel_sizes_and_origins[correlate1d-9-max-1-shape1]" time="0.006" /><testcase classname="src.cucim.skimage.filters.tests.test_separable_filtering" name="test_separable_kernel_sizes_and_origins[correlate1d-10-min-0-shape0]" time="0.704" /><testcase classname="src.cucim.skimage.filters.tests.test_separable_filtering" name="test_separable_kernel_sizes_and_origins[correlate1d-10-min-0-shape1]" time="0.008" /><testcase classname="src.cucim.skimage.filters.tests.test_separable_filtering" name="test_separable_kernel_sizes_and_origins[correlate1d-10-min-1-shape0]" time="0.709" /><testcase classname="src.cucim.skimage.filters.tests.test_separable_filtering" name="test_separable_kernel_sizes_and_origins[correlate1d-10-min-1-shape1]" time="0.009" /><testcase classname="src.cucim.skimage.filters.tests.test_separable_filtering" name="test_separable_kernel_sizes_and_origins[correlate1d-10-0-0-shape0]" time="1.419" /><testcase classname="src.cucim.skimage.filters.tests.test_separable_filtering" name="test_separable_kernel_sizes_and_origins[correlate1d-10-0-0-shape1]" time="0.009" /><testcase classname="src.cucim.skimage.filters.tests.test_separable_filtering" name="test_separable_kernel_sizes_and_origins[correlate1d-10-0-1-shape0]" time="0.707" /><testcase classname="src.cucim.skimage.filters.tests.test_separable_filtering" name="test_separable_kernel_sizes_and_origins[correlate1d-10-0-1-shape1]" time="0.009" /><testcase classname="src.cucim.skimage.filters.tests.test_separable_filtering" name="test_separable_kernel_sizes_and_origins[correlate1d-10-max-0-shape0]" time="0.002" /><testcase classname="src.cucim.skimage.filters.tests.test_separable_filtering" name="test_separable_kernel_sizes_and_origins[correlate1d-10-max-0-shape1]" time="0.006" /><testcase classname="src.cucim.skimage.filters.tests.test_separable_filtering" name="test_separable_kernel_sizes_and_origins[correlate1d-10-max-1-shape0]" time="0.002" /><testcase classname="src.cucim.skimage.filters.tests.test_separable_filtering" name="test_separable_kernel_sizes_and_origins[correlate1d-10-max-1-shape1]" time="0.006" /><testcase classname="src.cucim.skimage.filters.tests.test_separable_filtering" name="test_separable_kernel_sizes_and_origins[correlate1d-11-min-0-shape0]" time="0.726" /><testcase classname="src.cucim.skimage.filters.tests.test_separable_filtering" name="test_separable_kernel_sizes_and_origins[correlate1d-11-min-0-shape1]" time="0.009" /><testcase classname="src.cucim.skimage.filters.tests.test_separable_filtering" name="test_separable_kernel_sizes_and_origins[correlate1d-11-min-1-shape0]" time="0.716" /><testcase classname="src.cucim.skimage.filters.tests.test_separable_filtering" name="test_separable_kernel_sizes_and_origins[correlate1d-11-min-1-shape1]" time="0.008" /><testcase classname="src.cucim.skimage.filters.tests.test_separable_filtering" name="test_separable_kernel_sizes_and_origins[correlate1d-11-0-0-shape0]" time="0.719" /><testcase classname="src.cucim.skimage.filters.tests.test_separable_filtering" name="test_separable_kernel_sizes_and_origins[correlate1d-11-0-0-shape1]" time="0.009" /><testcase classname="src.cucim.skimage.filters.tests.test_separable_filtering" name="test_separable_kernel_sizes_and_origins[correlate1d-11-0-1-shape0]" time="0.002" /><testcase classname="src.cucim.skimage.filters.tests.test_separable_filtering" name="test_separable_kernel_sizes_and_origins[correlate1d-11-0-1-shape1]" time="0.006" /><testcase classname="src.cucim.skimage.filters.tests.test_separable_filtering" name="test_separable_kernel_sizes_and_origins[correlate1d-11-max-0-shape0]" time="0.002" /><testcase classname="src.cucim.skimage.filters.tests.test_separable_filtering" name="test_separable_kernel_sizes_and_origins[correlate1d-11-max-0-shape1]" time="0.006" /><testcase classname="src.cucim.skimage.filters.tests.test_separable_filtering" name="test_separable_kernel_sizes_and_origins[correlate1d-11-max-1-shape0]" time="0.002" /><testcase classname="src.cucim.skimage.filters.tests.test_separable_filtering" name="test_separable_kernel_sizes_and_origins[correlate1d-11-max-1-shape1]" time="0.006" /><testcase classname="src.cucim.skimage.filters.tests.test_separable_filtering" name="test_separable_kernel_sizes_and_origins[correlate1d-12-min-0-shape0]" time="0.736" /><testcase classname="src.cucim.skimage.filters.tests.test_separable_filtering" name="test_separable_kernel_sizes_and_origins[correlate1d-12-min-0-shape1]" time="0.009" /><testcase classname="src.cucim.skimage.filters.tests.test_separable_filtering" name="test_separable_kernel_sizes_and_origins[correlate1d-12-min-1-shape0]" time="0.721" /><testcase classname="src.cucim.skimage.filters.tests.test_separable_filtering" name="test_separable_kernel_sizes_and_origins[correlate1d-12-min-1-shape1]" time="0.009" /><testcase classname="src.cucim.skimage.filters.tests.test_separable_filtering" name="test_separable_kernel_sizes_and_origins[correlate1d-12-0-0-shape0]" time="1.440" /><testcase classname="src.cucim.skimage.filters.tests.test_separable_filtering" name="test_separable_kernel_sizes_and_origins[correlate1d-12-0-0-shape1]" time="0.009" /><testcase classname="src.cucim.skimage.filters.tests.test_separable_filtering" name="test_separable_kernel_sizes_and_origins[correlate1d-12-0-1-shape0]" time="0.720" /><testcase classname="src.cucim.skimage.filters.tests.test_separable_filtering" name="test_separable_kernel_sizes_and_origins[correlate1d-12-0-1-shape1]" time="0.009" /><testcase classname="src.cucim.skimage.filters.tests.test_separable_filtering" name="test_separable_kernel_sizes_and_origins[correlate1d-12-max-0-shape0]" time="0.002" /><testcase classname="src.cucim.skimage.filters.tests.test_separable_filtering" name="test_separable_kernel_sizes_and_origins[correlate1d-12-max-0-shape1]" time="0.006" /><testcase classname="src.cucim.skimage.filters.tests.test_separable_filtering" name="test_separable_kernel_sizes_and_origins[correlate1d-12-max-1-shape0]" time="0.002" /><testcase classname="src.cucim.skimage.filters.tests.test_separable_filtering" name="test_separable_kernel_sizes_and_origins[correlate1d-12-max-1-shape1]" time="0.006" /><testcase classname="src.cucim.skimage.filters.tests.test_separable_filtering" name="test_separable_kernel_sizes_and_origins[correlate1d-13-min-0-shape0]" time="0.744" /><testcase classname="src.cucim.skimage.filters.tests.test_separable_filtering" name="test_separable_kernel_sizes_and_origins[correlate1d-13-min-0-shape1]" time="0.009" /><testcase classname="src.cucim.skimage.filters.tests.test_separable_filtering" name="test_separable_kernel_sizes_and_origins[correlate1d-13-min-1-shape0]" time="0.727" /><testcase classname="src.cucim.skimage.filters.tests.test_separable_filtering" name="test_separable_kernel_sizes_and_origins[correlate1d-13-min-1-shape1]" time="0.009" /><testcase classname="src.cucim.skimage.filters.tests.test_separable_filtering" name="test_separable_kernel_sizes_and_origins[correlate1d-13-0-0-shape0]" time="0.712" /><testcase classname="src.cucim.skimage.filters.tests.test_separable_filtering" name="test_separable_kernel_sizes_and_origins[correlate1d-13-0-0-shape1]" time="0.008" /><testcase classname="src.cucim.skimage.filters.tests.test_separable_filtering" name="test_separable_kernel_sizes_and_origins[correlate1d-13-0-1-shape0]" time="0.002" /><testcase classname="src.cucim.skimage.filters.tests.test_separable_filtering" name="test_separable_kernel_sizes_and_origins[correlate1d-13-0-1-shape1]" time="0.006" /><testcase classname="src.cucim.skimage.filters.tests.test_separable_filtering" name="test_separable_kernel_sizes_and_origins[correlate1d-13-max-0-shape0]" time="0.002" /><testcase classname="src.cucim.skimage.filters.tests.test_separable_filtering" name="test_separable_kernel_sizes_and_origins[correlate1d-13-max-0-shape1]" time="0.006" /><testcase classname="src.cucim.skimage.filters.tests.test_separable_filtering" name="test_separable_kernel_sizes_and_origins[correlate1d-13-max-1-shape0]" time="0.002" /><testcase classname="src.cucim.skimage.filters.tests.test_separable_filtering" name="test_separable_kernel_sizes_and_origins[correlate1d-13-max-1-shape1]" time="0.006" /><testcase classname="src.cucim.skimage.filters.tests.test_separable_filtering" name="test_separable_kernel_sizes_and_origins[correlate1d-14-min-0-shape0]" time="0.737" /><testcase classname="src.cucim.skimage.filters.tests.test_separable_filtering" name="test_separable_kernel_sizes_and_origins[correlate1d-14-min-0-shape1]" time="0.008" /><testcase classname="src.cucim.skimage.filters.tests.test_separable_filtering" name="test_separable_kernel_sizes_and_origins[correlate1d-14-min-1-shape0]" time="0.715" /><testcase classname="src.cucim.skimage.filters.tests.test_separable_filtering" name="test_separable_kernel_sizes_and_origins[correlate1d-14-min-1-shape1]" time="0.009" /><testcase classname="src.cucim.skimage.filters.tests.test_separable_filtering" name="test_separable_kernel_sizes_and_origins[correlate1d-14-0-0-shape0]" time="1.401" /><testcase classname="src.cucim.skimage.filters.tests.test_separable_filtering" name="test_separable_kernel_sizes_and_origins[correlate1d-14-0-0-shape1]" time="0.009" /><testcase classname="src.cucim.skimage.filters.tests.test_separable_filtering" name="test_separable_kernel_sizes_and_origins[correlate1d-14-0-1-shape0]" time="0.707" /><testcase classname="src.cucim.skimage.filters.tests.test_separable_filtering" name="test_separable_kernel_sizes_and_origins[correlate1d-14-0-1-shape1]" time="0.009" /><testcase classname="src.cucim.skimage.filters.tests.test_separable_filtering" name="test_separable_kernel_sizes_and_origins[correlate1d-14-max-0-shape0]" time="0.002" /><testcase classname="src.cucim.skimage.filters.tests.test_separable_filtering" name="test_separable_kernel_sizes_and_origins[correlate1d-14-max-0-shape1]" time="0.006" /><testcase classname="src.cucim.skimage.filters.tests.test_separable_filtering" name="test_separable_kernel_sizes_and_origins[correlate1d-14-max-1-shape0]" time="0.002" /><testcase classname="src.cucim.skimage.filters.tests.test_separable_filtering" name="test_separable_kernel_sizes_and_origins[correlate1d-14-max-1-shape1]" time="0.006" /><testcase classname="src.cucim.skimage.filters.tests.test_separable_filtering" name="test_separable_kernel_sizes_and_origins[correlate1d-15-min-0-shape0]" time="0.706" /><testcase classname="src.cucim.skimage.filters.tests.test_separable_filtering" name="test_separable_kernel_sizes_and_origins[correlate1d-15-min-0-shape1]" time="0.009" /><testcase classname="src.cucim.skimage.filters.tests.test_separable_filtering" name="test_separable_kernel_sizes_and_origins[correlate1d-15-min-1-shape0]" time="0.712" /><testcase classname="src.cucim.skimage.filters.tests.test_separable_filtering" name="test_separable_kernel_sizes_and_origins[correlate1d-15-min-1-shape1]" time="0.008" /><testcase classname="src.cucim.skimage.filters.tests.test_separable_filtering" name="test_separable_kernel_sizes_and_origins[correlate1d-15-0-0-shape0]" time="0.711" /><testcase classname="src.cucim.skimage.filters.tests.test_separable_filtering" name="test_separable_kernel_sizes_and_origins[correlate1d-15-0-0-shape1]" time="0.009" /><testcase classname="src.cucim.skimage.filters.tests.test_separable_filtering" name="test_separable_kernel_sizes_and_origins[correlate1d-15-0-1-shape0]" time="0.002" /><testcase classname="src.cucim.skimage.filters.tests.test_separable_filtering" name="test_separable_kernel_sizes_and_origins[correlate1d-15-0-1-shape1]" time="0.006" /><testcase classname="src.cucim.skimage.filters.tests.test_separable_filtering" name="test_separable_kernel_sizes_and_origins[correlate1d-15-max-0-shape0]" time="0.002" /><testcase classname="src.cucim.skimage.filters.tests.test_separable_filtering" name="test_separable_kernel_sizes_and_origins[correlate1d-15-max-0-shape1]" time="0.007" /><testcase classname="src.cucim.skimage.filters.tests.test_separable_filtering" name="test_separable_kernel_sizes_and_origins[correlate1d-15-max-1-shape0]" time="0.002" /><testcase classname="src.cucim.skimage.filters.tests.test_separable_filtering" name="test_separable_kernel_sizes_and_origins[correlate1d-15-max-1-shape1]" time="0.007" /><testcase classname="src.cucim.skimage.filters.tests.test_separable_filtering" name="test_separable_kernel_sizes_and_origins[correlate1d-16-min-0-shape0]" time="0.727" /><testcase classname="src.cucim.skimage.filters.tests.test_separable_filtering" name="test_separable_kernel_sizes_and_origins[correlate1d-16-min-0-shape1]" time="0.008" /><testcase classname="src.cucim.skimage.filters.tests.test_separable_filtering" name="test_separable_kernel_sizes_and_origins[correlate1d-16-min-1-shape0]" time="0.708" /><testcase classname="src.cucim.skimage.filters.tests.test_separable_filtering" name="test_separable_kernel_sizes_and_origins[correlate1d-16-min-1-shape1]" time="0.008" /><testcase classname="src.cucim.skimage.filters.tests.test_separable_filtering" name="test_separable_kernel_sizes_and_origins[correlate1d-16-0-0-shape0]" time="1.418" /><testcase classname="src.cucim.skimage.filters.tests.test_separable_filtering" name="test_separable_kernel_sizes_and_origins[correlate1d-16-0-0-shape1]" time="0.008" /><testcase classname="src.cucim.skimage.filters.tests.test_separable_filtering" name="test_separable_kernel_sizes_and_origins[correlate1d-16-0-1-shape0]" time="0.689" /><testcase classname="src.cucim.skimage.filters.tests.test_separable_filtering" name="test_separable_kernel_sizes_and_origins[correlate1d-16-0-1-shape1]" time="0.008" /><testcase classname="src.cucim.skimage.filters.tests.test_separable_filtering" name="test_separable_kernel_sizes_and_origins[correlate1d-16-max-0-shape0]" time="0.002" /><testcase classname="src.cucim.skimage.filters.tests.test_separable_filtering" name="test_separable_kernel_sizes_and_origins[correlate1d-16-max-0-shape1]" time="0.006" /><testcase classname="src.cucim.skimage.filters.tests.test_separable_filtering" name="test_separable_kernel_sizes_and_origins[correlate1d-16-max-1-shape0]" time="0.002" /><testcase classname="src.cucim.skimage.filters.tests.test_separable_filtering" name="test_separable_kernel_sizes_and_origins[correlate1d-16-max-1-shape1]" time="0.007" /><testcase classname="src.cucim.skimage.filters.tests.test_separable_filtering" name="test_separable_kernel_larger_sizes[17-0-shape0]" time="1.420" /><testcase classname="src.cucim.skimage.filters.tests.test_separable_filtering" name="test_separable_kernel_larger_sizes[17-0-shape1]" time="0.008" /><testcase classname="src.cucim.skimage.filters.tests.test_separable_filtering" name="test_separable_kernel_larger_sizes[17-1-shape0]" time="1.444" /><testcase classname="src.cucim.skimage.filters.tests.test_separable_filtering" name="test_separable_kernel_larger_sizes[17-1-shape1]" time="0.008" /><testcase classname="src.cucim.skimage.filters.tests.test_separable_filtering" name="test_separable_kernel_larger_sizes[28-0-shape0]" time="1.438" /><testcase classname="src.cucim.skimage.filters.tests.test_separable_filtering" name="test_separable_kernel_larger_sizes[28-0-shape1]" time="0.007" /><testcase classname="src.cucim.skimage.filters.tests.test_separable_filtering" name="test_separable_kernel_larger_sizes[28-1-shape0]" time="1.576" /><testcase classname="src.cucim.skimage.filters.tests.test_separable_filtering" name="test_separable_kernel_larger_sizes[28-1-shape1]" time="0.008" /><testcase classname="src.cucim.skimage.filters.tests.test_separable_filtering" name="test_separable_kernel_larger_sizes[39-0-shape0]" time="1.486" /><testcase classname="src.cucim.skimage.filters.tests.test_separable_filtering" name="test_separable_kernel_larger_sizes[39-0-shape1]" time="0.007" /><testcase classname="src.cucim.skimage.filters.tests.test_separable_filtering" name="test_separable_kernel_larger_sizes[39-1-shape0]" time="1.476" /><testcase classname="src.cucim.skimage.filters.tests.test_separable_filtering" name="test_separable_kernel_larger_sizes[39-1-shape1]" time="0.008" /><testcase classname="src.cucim.skimage.filters.tests.test_separable_filtering" name="test_separable_kernel_larger_sizes[50-0-shape0]" time="1.519" /><testcase classname="src.cucim.skimage.filters.tests.test_separable_filtering" name="test_separable_kernel_larger_sizes[50-0-shape1]" time="0.007" /><testcase classname="src.cucim.skimage.filters.tests.test_separable_filtering" name="test_separable_kernel_larger_sizes[50-1-shape0]" time="1.524" /><testcase classname="src.cucim.skimage.filters.tests.test_separable_filtering" name="test_separable_kernel_larger_sizes[50-1-shape1]" time="0.007" /><testcase classname="src.cucim.skimage.filters.tests.test_separable_filtering" name="test_separable_kernel_larger_sizes[61-0-shape0]" time="1.546" /><testcase classname="src.cucim.skimage.filters.tests.test_separable_filtering" name="test_separable_kernel_larger_sizes[61-0-shape1]" time="0.008" /><testcase classname="src.cucim.skimage.filters.tests.test_separable_filtering" name="test_separable_kernel_larger_sizes[61-1-shape0]" time="1.670" /><testcase classname="src.cucim.skimage.filters.tests.test_separable_filtering" name="test_separable_kernel_larger_sizes[61-1-shape1]" time="0.007" /><testcase classname="src.cucim.skimage.filters.tests.test_separable_filtering" name="test_separable_kernel_larger_sizes[72-0-shape0]" time="1.655" /><testcase classname="src.cucim.skimage.filters.tests.test_separable_filtering" name="test_separable_kernel_larger_sizes[72-0-shape1]" time="0.007" /><testcase classname="src.cucim.skimage.filters.tests.test_separable_filtering" name="test_separable_kernel_larger_sizes[72-1-shape0]" time="1.850" /><testcase classname="src.cucim.skimage.filters.tests.test_separable_filtering" name="test_separable_kernel_larger_sizes[72-1-shape1]" time="0.008" /><testcase classname="src.cucim.skimage.filters.tests.test_separable_filtering" name="test_separable_kernel_larger_sizes[83-0-shape0]" time="1.778" /><testcase classname="src.cucim.skimage.filters.tests.test_separable_filtering" name="test_separable_kernel_larger_sizes[83-0-shape1]" time="0.007" /><testcase classname="src.cucim.skimage.filters.tests.test_separable_filtering" name="test_separable_kernel_larger_sizes[83-1-shape0]" time="2.078" /><testcase classname="src.cucim.skimage.filters.tests.test_separable_filtering" name="test_separable_kernel_larger_sizes[83-1-shape1]" time="0.009" /><testcase classname="src.cucim.skimage.filters.tests.test_separable_filtering" name="test_separable_kernel_larger_sizes[94-0-shape0]" time="2.485" /><testcase classname="src.cucim.skimage.filters.tests.test_separable_filtering" name="test_separable_kernel_larger_sizes[94-0-shape1]" time="0.007" /><testcase classname="src.cucim.skimage.filters.tests.test_separable_filtering" name="test_separable_kernel_larger_sizes[94-1-shape0]" time="1.678" /><testcase classname="src.cucim.skimage.filters.tests.test_separable_filtering" name="test_separable_kernel_larger_sizes[94-1-shape1]" time="0.007" /><testcase classname="src.cucim.skimage.filters.tests.test_separable_filtering" name="test_separable_kernel_larger_sizes[105-0-shape0]" time="2.022" /><testcase classname="src.cucim.skimage.filters.tests.test_separable_filtering" name="test_separable_kernel_larger_sizes[105-0-shape1]" time="0.007" /><testcase classname="src.cucim.skimage.filters.tests.test_separable_filtering" name="test_separable_kernel_larger_sizes[105-1-shape0]" time="1.740" /><testcase classname="src.cucim.skimage.filters.tests.test_separable_filtering" name="test_separable_kernel_larger_sizes[105-1-shape1]" time="0.007" /><testcase classname="src.cucim.skimage.filters.tests.test_separable_filtering" name="test_separable_kernel_larger_sizes[116-0-shape0]" time="2.222" /><testcase classname="src.cucim.skimage.filters.tests.test_separable_filtering" name="test_separable_kernel_larger_sizes[116-0-shape1]" time="0.008" /><testcase classname="src.cucim.skimage.filters.tests.test_separable_filtering" name="test_separable_kernel_larger_sizes[116-1-shape0]" time="1.792" /><testcase classname="src.cucim.skimage.filters.tests.test_separable_filtering" name="test_separable_kernel_larger_sizes[116-1-shape1]" time="0.007" /><testcase classname="src.cucim.skimage.filters.tests.test_separable_filtering" name="test_separable_kernel_larger_sizes[127-0-shape0]" time="2.314" /><testcase classname="src.cucim.skimage.filters.tests.test_separable_filtering" name="test_separable_kernel_larger_sizes[127-0-shape1]" time="0.008" /><testcase classname="src.cucim.skimage.filters.tests.test_separable_filtering" name="test_separable_kernel_larger_sizes[127-1-shape0]" time="1.945" /><testcase classname="src.cucim.skimage.filters.tests.test_separable_filtering" name="test_separable_kernel_larger_sizes[127-1-shape1]" time="0.007" /><testcase classname="src.cucim.skimage.filters.tests.test_separable_filtering" name="test_separable_kernel_larger_sizes[145-0-shape0]" time="2.879" /><testcase classname="src.cucim.skimage.filters.tests.test_separable_filtering" name="test_separable_kernel_larger_sizes[145-0-shape1]" time="0.008" /><testcase classname="src.cucim.skimage.filters.tests.test_separable_filtering" name="test_separable_kernel_larger_sizes[145-1-shape0]" time="2.045" /><testcase classname="src.cucim.skimage.filters.tests.test_separable_filtering" name="test_separable_kernel_larger_sizes[145-1-shape1]" time="0.007" /><testcase classname="src.cucim.skimage.filters.tests.test_separable_filtering" name="test_separable_kernel_larger_sizes[186-0-shape0]" time="3.923" /><testcase classname="src.cucim.skimage.filters.tests.test_separable_filtering" name="test_separable_kernel_larger_sizes[186-0-shape1]" time="0.008" /><testcase classname="src.cucim.skimage.filters.tests.test_separable_filtering" name="test_separable_kernel_larger_sizes[186-1-shape0]" time="2.511" /><testcase classname="src.cucim.skimage.filters.tests.test_separable_filtering" name="test_separable_kernel_larger_sizes[186-1-shape1]" time="0.008" /><testcase classname="src.cucim.skimage.filters.tests.test_separable_filtering" name="test_separable_kernel_larger_sizes[227-0-shape0]" time="2.746" /><testcase classname="src.cucim.skimage.filters.tests.test_separable_filtering" name="test_separable_kernel_larger_sizes[227-0-shape1]" time="0.007" /><testcase classname="src.cucim.skimage.filters.tests.test_separable_filtering" name="test_separable_kernel_larger_sizes[227-1-shape0]" time="3.637" /><testcase classname="src.cucim.skimage.filters.tests.test_separable_filtering" name="test_separable_kernel_larger_sizes[227-1-shape1]" time="0.007" /><testcase classname="src.cucim.skimage.filters.tests.test_separable_filtering" name="test_separable_kernel_larger_sizes[268-0-shape0]" time="0.672" /><testcase classname="src.cucim.skimage.filters.tests.test_separable_filtering" name="test_separable_kernel_larger_sizes[268-0-shape1]" time="0.009" /><testcase classname="src.cucim.skimage.filters.tests.test_separable_filtering" name="test_separable_kernel_larger_sizes[268-1-shape0]" time="4.729" /><testcase classname="src.cucim.skimage.filters.tests.test_separable_filtering" name="test_separable_kernel_larger_sizes[268-1-shape1]" time="0.008" /><testcase classname="src.cucim.skimage.filters.tests.test_separable_filtering" name="test_separable_elementwise_very_large_size_fallback[0-shape0]" time="0.689" /><testcase classname="src.cucim.skimage.filters.tests.test_separable_filtering" name="test_separable_elementwise_very_large_size_fallback[1-shape0]" time="0.710" /><testcase classname="src.cucim.skimage.filters.tests.test_separable_filtering" name="test_separable_image_shapes_and_modes[nearest-1--1-shape0]" time="0.130" /><testcase classname="src.cucim.skimage.filters.tests.test_separable_filtering" name="test_separable_image_shapes_and_modes[nearest-1--1-shape1]" time="0.002" /><testcase classname="src.cucim.skimage.filters.tests.test_separable_filtering" name="test_separable_image_shapes_and_modes[nearest-1--1-shape2]" time="0.002" /><testcase classname="src.cucim.skimage.filters.tests.test_separable_filtering" name="test_separable_image_shapes_and_modes[nearest-1--1-shape3]" time="0.002" /><testcase classname="src.cucim.skimage.filters.tests.test_separable_filtering" name="test_separable_image_shapes_and_modes[nearest-1--2-shape0]" time="0.134" /><testcase classname="src.cucim.skimage.filters.tests.test_separable_filtering" name="test_separable_image_shapes_and_modes[nearest-1--2-shape1]" time="0.002" /><testcase classname="src.cucim.skimage.filters.tests.test_separable_filtering" name="test_separable_image_shapes_and_modes[nearest-1--2-shape2]" time="0.002" /><testcase classname="src.cucim.skimage.filters.tests.test_separable_filtering" name="test_separable_image_shapes_and_modes[nearest-1--2-shape3]" time="0.002" /><testcase classname="src.cucim.skimage.filters.tests.test_separable_filtering" name="test_separable_image_shapes_and_modes[nearest-38--1-shape0]" time="1.608" /><testcase classname="src.cucim.skimage.filters.tests.test_separable_filtering" name="test_separable_image_shapes_and_modes[nearest-38--1-shape1]" time="0.002" /><testcase classname="src.cucim.skimage.filters.tests.test_separable_filtering" name="test_separable_image_shapes_and_modes[nearest-38--1-shape2]" time="0.002" /><testcase classname="src.cucim.skimage.filters.tests.test_separable_filtering" name="test_separable_image_shapes_and_modes[nearest-38--1-shape3]" time="0.002" /><testcase classname="src.cucim.skimage.filters.tests.test_separable_filtering" name="test_separable_image_shapes_and_modes[nearest-38--2-shape0]" time="1.601" /><testcase classname="src.cucim.skimage.filters.tests.test_separable_filtering" name="test_separable_image_shapes_and_modes[nearest-38--2-shape1]" time="0.003" /><testcase classname="src.cucim.skimage.filters.tests.test_separable_filtering" name="test_separable_image_shapes_and_modes[nearest-38--2-shape2]" time="0.002" /><testcase classname="src.cucim.skimage.filters.tests.test_separable_filtering" name="test_separable_image_shapes_and_modes[nearest-38--2-shape3]" time="0.002" /><testcase classname="src.cucim.skimage.filters.tests.test_separable_filtering" name="test_separable_image_shapes_and_modes[nearest-129--1-shape0]" time="2.048" /><testcase classname="src.cucim.skimage.filters.tests.test_separable_filtering" name="test_separable_image_shapes_and_modes[nearest-129--1-shape1]" time="0.002" /><testcase classname="src.cucim.skimage.filters.tests.test_separable_filtering" name="test_separable_image_shapes_and_modes[nearest-129--1-shape2]" time="0.002" /><testcase classname="src.cucim.skimage.filters.tests.test_separable_filtering" name="test_separable_image_shapes_and_modes[nearest-129--1-shape3]" time="0.002" /><testcase classname="src.cucim.skimage.filters.tests.test_separable_filtering" name="test_separable_image_shapes_and_modes[nearest-129--2-shape0]" time="2.511" /><testcase classname="src.cucim.skimage.filters.tests.test_separable_filtering" name="test_separable_image_shapes_and_modes[nearest-129--2-shape1]" time="0.002" /><testcase classname="src.cucim.skimage.filters.tests.test_separable_filtering" name="test_separable_image_shapes_and_modes[nearest-129--2-shape2]" time="0.002" /><testcase classname="src.cucim.skimage.filters.tests.test_separable_filtering" name="test_separable_image_shapes_and_modes[nearest-129--2-shape3]" time="0.002" /><testcase classname="src.cucim.skimage.filters.tests.test_separable_filtering" name="test_separable_image_shapes_and_modes[reflect-1--1-shape0]" time="1.483" /><testcase classname="src.cucim.skimage.filters.tests.test_separable_filtering" name="test_separable_image_shapes_and_modes[reflect-1--1-shape1]" time="0.002" /><testcase classname="src.cucim.skimage.filters.tests.test_separable_filtering" name="test_separable_image_shapes_and_modes[reflect-1--1-shape2]" time="0.002" /><testcase classname="src.cucim.skimage.filters.tests.test_separable_filtering" name="test_separable_image_shapes_and_modes[reflect-1--1-shape3]" time="0.002" /><testcase classname="src.cucim.skimage.filters.tests.test_separable_filtering" name="test_separable_image_shapes_and_modes[reflect-1--2-shape0]" time="0.807" /><testcase classname="src.cucim.skimage.filters.tests.test_separable_filtering" name="test_separable_image_shapes_and_modes[reflect-1--2-shape1]" time="0.003" /><testcase classname="src.cucim.skimage.filters.tests.test_separable_filtering" name="test_separable_image_shapes_and_modes[reflect-1--2-shape2]" time="0.002" /><testcase classname="src.cucim.skimage.filters.tests.test_separable_filtering" name="test_separable_image_shapes_and_modes[reflect-1--2-shape3]" time="0.002" /><testcase classname="src.cucim.skimage.filters.tests.test_separable_filtering" name="test_separable_image_shapes_and_modes[reflect-38--1-shape0]" time="1.562" /><testcase classname="src.cucim.skimage.filters.tests.test_separable_filtering" name="test_separable_image_shapes_and_modes[reflect-38--1-shape1]" time="0.003" /><testcase classname="src.cucim.skimage.filters.tests.test_separable_filtering" name="test_separable_image_shapes_and_modes[reflect-38--1-shape2]" time="0.002" /><testcase classname="src.cucim.skimage.filters.tests.test_separable_filtering" name="test_separable_image_shapes_and_modes[reflect-38--1-shape3]" time="0.002" /><testcase classname="src.cucim.skimage.filters.tests.test_separable_filtering" name="test_separable_image_shapes_and_modes[reflect-38--2-shape0]" time="1.572" /><testcase classname="src.cucim.skimage.filters.tests.test_separable_filtering" name="test_separable_image_shapes_and_modes[reflect-38--2-shape1]" time="0.002" /><testcase classname="src.cucim.skimage.filters.tests.test_separable_filtering" name="test_separable_image_shapes_and_modes[reflect-38--2-shape2]" time="0.002" /><testcase classname="src.cucim.skimage.filters.tests.test_separable_filtering" name="test_separable_image_shapes_and_modes[reflect-38--2-shape3]" time="0.002" /><testcase classname="src.cucim.skimage.filters.tests.test_separable_filtering" name="test_separable_image_shapes_and_modes[reflect-129--1-shape0]" time="2.098" /><testcase classname="src.cucim.skimage.filters.tests.test_separable_filtering" name="test_separable_image_shapes_and_modes[reflect-129--1-shape1]" time="0.002" /><testcase classname="src.cucim.skimage.filters.tests.test_separable_filtering" name="test_separable_image_shapes_and_modes[reflect-129--1-shape2]" time="0.002" /><testcase classname="src.cucim.skimage.filters.tests.test_separable_filtering" name="test_separable_image_shapes_and_modes[reflect-129--1-shape3]" time="0.002" /><testcase classname="src.cucim.skimage.filters.tests.test_separable_filtering" name="test_separable_image_shapes_and_modes[reflect-129--2-shape0]" time="2.605" /><testcase classname="src.cucim.skimage.filters.tests.test_separable_filtering" name="test_separable_image_shapes_and_modes[reflect-129--2-shape1]" time="0.002" /><testcase classname="src.cucim.skimage.filters.tests.test_separable_filtering" name="test_separable_image_shapes_and_modes[reflect-129--2-shape2]" time="0.002" /><testcase classname="src.cucim.skimage.filters.tests.test_separable_filtering" name="test_separable_image_shapes_and_modes[reflect-129--2-shape3]" time="0.002" /><testcase classname="src.cucim.skimage.filters.tests.test_separable_filtering" name="test_separable_image_shapes_and_modes[wrap-1--1-shape0]" time="1.530" /><testcase classname="src.cucim.skimage.filters.tests.test_separable_filtering" name="test_separable_image_shapes_and_modes[wrap-1--1-shape1]" time="0.003" /><testcase classname="src.cucim.skimage.filters.tests.test_separable_filtering" name="test_separable_image_shapes_and_modes[wrap-1--1-shape2]" time="0.002" /><testcase classname="src.cucim.skimage.filters.tests.test_separable_filtering" name="test_separable_image_shapes_and_modes[wrap-1--1-shape3]" time="0.002" /><testcase classname="src.cucim.skimage.filters.tests.test_separable_filtering" name="test_separable_image_shapes_and_modes[wrap-1--2-shape0]" time="0.844" /><testcase classname="src.cucim.skimage.filters.tests.test_separable_filtering" name="test_separable_image_shapes_and_modes[wrap-1--2-shape1]" time="0.003" /><testcase classname="src.cucim.skimage.filters.tests.test_separable_filtering" name="test_separable_image_shapes_and_modes[wrap-1--2-shape2]" time="0.002" /><testcase classname="src.cucim.skimage.filters.tests.test_separable_filtering" name="test_separable_image_shapes_and_modes[wrap-1--2-shape3]" time="0.002" /><testcase classname="src.cucim.skimage.filters.tests.test_separable_filtering" name="test_separable_image_shapes_and_modes[wrap-38--1-shape0]" time="1.629" /><testcase classname="src.cucim.skimage.filters.tests.test_separable_filtering" name="test_separable_image_shapes_and_modes[wrap-38--1-shape1]" time="0.003" /><testcase classname="src.cucim.skimage.filters.tests.test_separable_filtering" name="test_separable_image_shapes_and_modes[wrap-38--1-shape2]" time="0.002" /><testcase classname="src.cucim.skimage.filters.tests.test_separable_filtering" name="test_separable_image_shapes_and_modes[wrap-38--1-shape3]" time="0.002" /><testcase classname="src.cucim.skimage.filters.tests.test_separable_filtering" name="test_separable_image_shapes_and_modes[wrap-38--2-shape0]" time="1.655" /><testcase classname="src.cucim.skimage.filters.tests.test_separable_filtering" name="test_separable_image_shapes_and_modes[wrap-38--2-shape1]" time="0.003" /><testcase classname="src.cucim.skimage.filters.tests.test_separable_filtering" name="test_separable_image_shapes_and_modes[wrap-38--2-shape2]" time="0.002" /><testcase classname="src.cucim.skimage.filters.tests.test_separable_filtering" name="test_separable_image_shapes_and_modes[wrap-38--2-shape3]" time="0.002" /><testcase classname="src.cucim.skimage.filters.tests.test_separable_filtering" name="test_separable_image_shapes_and_modes[wrap-129--1-shape0]" time="2.129" /><testcase classname="src.cucim.skimage.filters.tests.test_separable_filtering" name="test_separable_image_shapes_and_modes[wrap-129--1-shape1]" time="0.003" /><testcase classname="src.cucim.skimage.filters.tests.test_separable_filtering" name="test_separable_image_shapes_and_modes[wrap-129--1-shape2]" time="0.002" /><testcase classname="src.cucim.skimage.filters.tests.test_separable_filtering" name="test_separable_image_shapes_and_modes[wrap-129--1-shape3]" time="0.002" /><testcase classname="src.cucim.skimage.filters.tests.test_separable_filtering" name="test_separable_image_shapes_and_modes[wrap-129--2-shape0]" time="2.672" /><testcase classname="src.cucim.skimage.filters.tests.test_separable_filtering" name="test_separable_image_shapes_and_modes[wrap-129--2-shape1]" time="0.002" /><testcase classname="src.cucim.skimage.filters.tests.test_separable_filtering" name="test_separable_image_shapes_and_modes[wrap-129--2-shape2]" time="0.002" /><testcase classname="src.cucim.skimage.filters.tests.test_separable_filtering" name="test_separable_image_shapes_and_modes[wrap-129--2-shape3]" time="0.002" /><testcase classname="src.cucim.skimage.filters.tests.test_separable_filtering" name="test_separable_image_shapes_and_modes[mirror-1--1-shape0]" time="1.532" /><testcase classname="src.cucim.skimage.filters.tests.test_separable_filtering" name="test_separable_image_shapes_and_modes[mirror-1--1-shape1]" time="0.003" /><testcase classname="src.cucim.skimage.filters.tests.test_separable_filtering" name="test_separable_image_shapes_and_modes[mirror-1--1-shape2]" time="0.002" /><testcase classname="src.cucim.skimage.filters.tests.test_separable_filtering" name="test_separable_image_shapes_and_modes[mirror-1--1-shape3]" time="0.002" /><testcase classname="src.cucim.skimage.filters.tests.test_separable_filtering" name="test_separable_image_shapes_and_modes[mirror-1--2-shape0]" time="0.872" /><testcase classname="src.cucim.skimage.filters.tests.test_separable_filtering" name="test_separable_image_shapes_and_modes[mirror-1--2-shape1]" time="0.003" /><testcase classname="src.cucim.skimage.filters.tests.test_separable_filtering" name="test_separable_image_shapes_and_modes[mirror-1--2-shape2]" time="0.002" /><testcase classname="src.cucim.skimage.filters.tests.test_separable_filtering" name="test_separable_image_shapes_and_modes[mirror-1--2-shape3]" time="0.002" /><testcase classname="src.cucim.skimage.filters.tests.test_separable_filtering" name="test_separable_image_shapes_and_modes[mirror-38--1-shape0]" time="1.615" /><testcase classname="src.cucim.skimage.filters.tests.test_separable_filtering" name="test_separable_image_shapes_and_modes[mirror-38--1-shape1]" time="0.002" /><testcase classname="src.cucim.skimage.filters.tests.test_separable_filtering" name="test_separable_image_shapes_and_modes[mirror-38--1-shape2]" time="0.002" /><testcase classname="src.cucim.skimage.filters.tests.test_separable_filtering" name="test_separable_image_shapes_and_modes[mirror-38--1-shape3]" time="0.002" /><testcase classname="src.cucim.skimage.filters.tests.test_separable_filtering" name="test_separable_image_shapes_and_modes[mirror-38--2-shape0]" time="1.609" /><testcase classname="src.cucim.skimage.filters.tests.test_separable_filtering" name="test_separable_image_shapes_and_modes[mirror-38--2-shape1]" time="0.003" /><testcase classname="src.cucim.skimage.filters.tests.test_separable_filtering" name="test_separable_image_shapes_and_modes[mirror-38--2-shape2]" time="0.002" /><testcase classname="src.cucim.skimage.filters.tests.test_separable_filtering" name="test_separable_image_shapes_and_modes[mirror-38--2-shape3]" time="0.002" /><testcase classname="src.cucim.skimage.filters.tests.test_separable_filtering" name="test_separable_image_shapes_and_modes[mirror-129--1-shape0]" time="2.096" /><testcase classname="src.cucim.skimage.filters.tests.test_separable_filtering" name="test_separable_image_shapes_and_modes[mirror-129--1-shape1]" time="0.003" /><testcase classname="src.cucim.skimage.filters.tests.test_separable_filtering" name="test_separable_image_shapes_and_modes[mirror-129--1-shape2]" time="0.002" /><testcase classname="src.cucim.skimage.filters.tests.test_separable_filtering" name="test_separable_image_shapes_and_modes[mirror-129--1-shape3]" time="0.002" /><testcase classname="src.cucim.skimage.filters.tests.test_separable_filtering" name="test_separable_image_shapes_and_modes[mirror-129--2-shape0]" time="2.723" /><testcase classname="src.cucim.skimage.filters.tests.test_separable_filtering" name="test_separable_image_shapes_and_modes[mirror-129--2-shape1]" time="0.003" /><testcase classname="src.cucim.skimage.filters.tests.test_separable_filtering" name="test_separable_image_shapes_and_modes[mirror-129--2-shape2]" time="0.002" /><testcase classname="src.cucim.skimage.filters.tests.test_separable_filtering" name="test_separable_image_shapes_and_modes[mirror-129--2-shape3]" time="0.002" /><testcase classname="src.cucim.skimage.filters.tests.test_separable_filtering" name="test_separable_image_shapes_and_modes[constant-1--1-shape0]" time="1.455" /><testcase classname="src.cucim.skimage.filters.tests.test_separable_filtering" name="test_separable_image_shapes_and_modes[constant-1--1-shape1]" time="0.002" /><testcase classname="src.cucim.skimage.filters.tests.test_separable_filtering" name="test_separable_image_shapes_and_modes[constant-1--1-shape2]" time="0.002" /><testcase classname="src.cucim.skimage.filters.tests.test_separable_filtering" name="test_separable_image_shapes_and_modes[constant-1--1-shape3]" time="0.002" /><testcase classname="src.cucim.skimage.filters.tests.test_separable_filtering" name="test_separable_image_shapes_and_modes[constant-1--2-shape0]" time="0.812" /><testcase classname="src.cucim.skimage.filters.tests.test_separable_filtering" name="test_separable_image_shapes_and_modes[constant-1--2-shape1]" time="0.003" /><testcase classname="src.cucim.skimage.filters.tests.test_separable_filtering" name="test_separable_image_shapes_and_modes[constant-1--2-shape2]" time="0.002" /><testcase classname="src.cucim.skimage.filters.tests.test_separable_filtering" name="test_separable_image_shapes_and_modes[constant-1--2-shape3]" time="0.002" /><testcase classname="src.cucim.skimage.filters.tests.test_separable_filtering" name="test_separable_image_shapes_and_modes[constant-38--1-shape0]" time="1.567" /><testcase classname="src.cucim.skimage.filters.tests.test_separable_filtering" name="test_separable_image_shapes_and_modes[constant-38--1-shape1]" time="0.002" /><testcase classname="src.cucim.skimage.filters.tests.test_separable_filtering" name="test_separable_image_shapes_and_modes[constant-38--1-shape2]" time="0.003" /><testcase classname="src.cucim.skimage.filters.tests.test_separable_filtering" name="test_separable_image_shapes_and_modes[constant-38--1-shape3]" time="0.002" /><testcase classname="src.cucim.skimage.filters.tests.test_separable_filtering" name="test_separable_image_shapes_and_modes[constant-38--2-shape0]" time="1.576" /><testcase classname="src.cucim.skimage.filters.tests.test_separable_filtering" name="test_separable_image_shapes_and_modes[constant-38--2-shape1]" time="0.002" /><testcase classname="src.cucim.skimage.filters.tests.test_separable_filtering" name="test_separable_image_shapes_and_modes[constant-38--2-shape2]" time="0.002" /><testcase classname="src.cucim.skimage.filters.tests.test_separable_filtering" name="test_separable_image_shapes_and_modes[constant-38--2-shape3]" time="0.002" /><testcase classname="src.cucim.skimage.filters.tests.test_separable_filtering" name="test_separable_image_shapes_and_modes[constant-129--1-shape0]" time="2.052" /><testcase classname="src.cucim.skimage.filters.tests.test_separable_filtering" name="test_separable_image_shapes_and_modes[constant-129--1-shape1]" time="0.003" /><testcase classname="src.cucim.skimage.filters.tests.test_separable_filtering" name="test_separable_image_shapes_and_modes[constant-129--1-shape2]" time="0.002" /><testcase classname="src.cucim.skimage.filters.tests.test_separable_filtering" name="test_separable_image_shapes_and_modes[constant-129--1-shape3]" time="0.002" /><testcase classname="src.cucim.skimage.filters.tests.test_separable_filtering" name="test_separable_image_shapes_and_modes[constant-129--2-shape0]" time="2.561" /><testcase classname="src.cucim.skimage.filters.tests.test_separable_filtering" name="test_separable_image_shapes_and_modes[constant-129--2-shape1]" time="0.002" /><testcase classname="src.cucim.skimage.filters.tests.test_separable_filtering" name="test_separable_image_shapes_and_modes[constant-129--2-shape2]" time="0.002" /><testcase classname="src.cucim.skimage.filters.tests.test_separable_filtering" name="test_separable_image_shapes_and_modes[constant-129--2-shape3]" time="0.002" /><testcase classname="src.cucim.skimage.filters.tests.test_separable_filtering" name="test_separable_image_shapes_and_modes[mode5-1--1-shape0]" time="1.492" /><testcase classname="src.cucim.skimage.filters.tests.test_separable_filtering" name="test_separable_image_shapes_and_modes[mode5-1--1-shape1]" time="0.003" /><testcase classname="src.cucim.skimage.filters.tests.test_separable_filtering" name="test_separable_image_shapes_and_modes[mode5-1--1-shape2]" time="0.002" /><testcase classname="src.cucim.skimage.filters.tests.test_separable_filtering" name="test_separable_image_shapes_and_modes[mode5-1--1-shape3]" time="0.002" /><testcase classname="src.cucim.skimage.filters.tests.test_separable_filtering" name="test_separable_image_shapes_and_modes[mode5-1--2-shape0]" time="0.813" /><testcase classname="src.cucim.skimage.filters.tests.test_separable_filtering" name="test_separable_image_shapes_and_modes[mode5-1--2-shape1]" time="0.002" /><testcase classname="src.cucim.skimage.filters.tests.test_separable_filtering" name="test_separable_image_shapes_and_modes[mode5-1--2-shape2]" time="0.002" /><testcase classname="src.cucim.skimage.filters.tests.test_separable_filtering" name="test_separable_image_shapes_and_modes[mode5-1--2-shape3]" time="0.002" /><testcase classname="src.cucim.skimage.filters.tests.test_separable_filtering" name="test_separable_image_shapes_and_modes[mode5-38--1-shape0]" time="1.546" /><testcase classname="src.cucim.skimage.filters.tests.test_separable_filtering" name="test_separable_image_shapes_and_modes[mode5-38--1-shape1]" time="0.002" /><testcase classname="src.cucim.skimage.filters.tests.test_separable_filtering" name="test_separable_image_shapes_and_modes[mode5-38--1-shape2]" time="0.002" /><testcase classname="src.cucim.skimage.filters.tests.test_separable_filtering" name="test_separable_image_shapes_and_modes[mode5-38--1-shape3]" time="0.002" /><testcase classname="src.cucim.skimage.filters.tests.test_separable_filtering" name="test_separable_image_shapes_and_modes[mode5-38--2-shape0]" time="1.572" /><testcase classname="src.cucim.skimage.filters.tests.test_separable_filtering" name="test_separable_image_shapes_and_modes[mode5-38--2-shape1]" time="0.002" /><testcase classname="src.cucim.skimage.filters.tests.test_separable_filtering" name="test_separable_image_shapes_and_modes[mode5-38--2-shape2]" time="0.002" /><testcase classname="src.cucim.skimage.filters.tests.test_separable_filtering" name="test_separable_image_shapes_and_modes[mode5-38--2-shape3]" time="0.002" /><testcase classname="src.cucim.skimage.filters.tests.test_separable_filtering" name="test_separable_image_shapes_and_modes[mode5-129--1-shape0]" time="2.096" /><testcase classname="src.cucim.skimage.filters.tests.test_separable_filtering" name="test_separable_image_shapes_and_modes[mode5-129--1-shape1]" time="0.003" /><testcase classname="src.cucim.skimage.filters.tests.test_separable_filtering" name="test_separable_image_shapes_and_modes[mode5-129--1-shape2]" time="0.002" /><testcase classname="src.cucim.skimage.filters.tests.test_separable_filtering" name="test_separable_image_shapes_and_modes[mode5-129--1-shape3]" time="0.002" /><testcase classname="src.cucim.skimage.filters.tests.test_separable_filtering" name="test_separable_image_shapes_and_modes[mode5-129--2-shape0]" time="2.580" /><testcase classname="src.cucim.skimage.filters.tests.test_separable_filtering" name="test_separable_image_shapes_and_modes[mode5-129--2-shape1]" time="0.002" /><testcase classname="src.cucim.skimage.filters.tests.test_separable_filtering" name="test_separable_image_shapes_and_modes[mode5-129--2-shape2]" time="0.002" /><testcase classname="src.cucim.skimage.filters.tests.test_separable_filtering" name="test_separable_image_shapes_and_modes[mode5-129--2-shape3]" time="0.002" /><testcase classname="src.cucim.skimage.filters.tests.test_separable_filtering" name="test_separable_image_and_kernel_dtypes[None-float16-0]" time="1.438" /><testcase classname="src.cucim.skimage.filters.tests.test_separable_filtering" name="test_separable_image_and_kernel_dtypes[None-float16-1]" time="1.323" /><testcase classname="src.cucim.skimage.filters.tests.test_separable_filtering" name="test_separable_image_and_kernel_dtypes[None-float32-0]" time="0.002" /><testcase classname="src.cucim.skimage.filters.tests.test_separable_filtering" name="test_separable_image_and_kernel_dtypes[None-float32-1]" time="0.002" /><testcase classname="src.cucim.skimage.filters.tests.test_separable_filtering" name="test_separable_image_and_kernel_dtypes[None-float64-0]" time="1.329" /><testcase classname="src.cucim.skimage.filters.tests.test_separable_filtering" name="test_separable_image_and_kernel_dtypes[None-float64-1]" time="1.364" /><testcase classname="src.cucim.skimage.filters.tests.test_separable_filtering" name="test_separable_image_and_kernel_dtypes[None-complex64-0]" time="1.579" /><testcase classname="src.cucim.skimage.filters.tests.test_separable_filtering" name="test_separable_image_and_kernel_dtypes[None-complex64-1]" time="1.327" /><testcase classname="src.cucim.skimage.filters.tests.test_separable_filtering" name="test_separable_image_and_kernel_dtypes[None-complex128-0]" time="1.523" /><testcase classname="src.cucim.skimage.filters.tests.test_separable_filtering" name="test_separable_image_and_kernel_dtypes[None-complex128-1]" time="1.426" /><testcase classname="src.cucim.skimage.filters.tests.test_separable_filtering" name="test_separable_image_and_kernel_dtypes[None-bool-0]" time="1.465" /><testcase classname="src.cucim.skimage.filters.tests.test_separable_filtering" name="test_separable_image_and_kernel_dtypes[None-bool-1]" time="1.404" /><testcase classname="src.cucim.skimage.filters.tests.test_separable_filtering" name="test_separable_image_and_kernel_dtypes[None-int8-0]" time="0.923" /><testcase classname="src.cucim.skimage.filters.tests.test_separable_filtering" name="test_separable_image_and_kernel_dtypes[None-int8-1]" time="0.707" /><testcase classname="src.cucim.skimage.filters.tests.test_separable_filtering" name="test_separable_image_and_kernel_dtypes[None-uint8-0]" time="1.427" /><testcase classname="src.cucim.skimage.filters.tests.test_separable_filtering" name="test_separable_image_and_kernel_dtypes[None-uint8-1]" time="1.410" /><testcase classname="src.cucim.skimage.filters.tests.test_separable_filtering" name="test_separable_image_and_kernel_dtypes[None-int16-0]" time="1.614" /><testcase classname="src.cucim.skimage.filters.tests.test_separable_filtering" name="test_separable_image_and_kernel_dtypes[None-int16-1]" time="1.408" /><testcase classname="src.cucim.skimage.filters.tests.test_separable_filtering" name="test_separable_image_and_kernel_dtypes[None-uint16-0]" time="1.437" /><testcase classname="src.cucim.skimage.filters.tests.test_separable_filtering" name="test_separable_image_and_kernel_dtypes[None-uint16-1]" time="1.429" /><testcase classname="src.cucim.skimage.filters.tests.test_separable_filtering" name="test_separable_image_and_kernel_dtypes[None-int32-0]" time="1.590" /><testcase classname="src.cucim.skimage.filters.tests.test_separable_filtering" name="test_separable_image_and_kernel_dtypes[None-int32-1]" time="1.417" /><testcase classname="src.cucim.skimage.filters.tests.test_separable_filtering" name="test_separable_image_and_kernel_dtypes[None-uint32-0]" time="1.634" /><testcase classname="src.cucim.skimage.filters.tests.test_separable_filtering" name="test_separable_image_and_kernel_dtypes[None-uint32-1]" time="1.442" /><testcase classname="src.cucim.skimage.filters.tests.test_separable_filtering" name="test_separable_image_and_kernel_dtypes[None-int64-0]" time="1.526" /><testcase classname="src.cucim.skimage.filters.tests.test_separable_filtering" name="test_separable_image_and_kernel_dtypes[None-int64-1]" time="1.468" /><testcase classname="src.cucim.skimage.filters.tests.test_separable_filtering" name="test_separable_image_and_kernel_dtypes[None-uint64-0]" time="1.674" /><testcase classname="src.cucim.skimage.filters.tests.test_separable_filtering" name="test_separable_image_and_kernel_dtypes[None-uint64-1]" time="1.449" /><testcase classname="src.cucim.skimage.filters.tests.test_separable_filtering" name="test_separable_image_and_kernel_dtypes[float32-float16-0]" time="0.003" /><testcase classname="src.cucim.skimage.filters.tests.test_separable_filtering" name="test_separable_image_and_kernel_dtypes[float32-float16-1]" time="0.002" /><testcase classname="src.cucim.skimage.filters.tests.test_separable_filtering" name="test_separable_image_and_kernel_dtypes[float32-float32-0]" time="0.002" /><testcase classname="src.cucim.skimage.filters.tests.test_separable_filtering" name="test_separable_image_and_kernel_dtypes[float32-float32-1]" time="0.002" /><testcase classname="src.cucim.skimage.filters.tests.test_separable_filtering" name="test_separable_image_and_kernel_dtypes[float32-float64-0]" time="0.075" /><testcase classname="src.cucim.skimage.filters.tests.test_separable_filtering" name="test_separable_image_and_kernel_dtypes[float32-float64-1]" time="0.002" /><testcase classname="src.cucim.skimage.filters.tests.test_separable_filtering" name="test_separable_image_and_kernel_dtypes[float32-complex64-0]" time="0.075" /><testcase classname="src.cucim.skimage.filters.tests.test_separable_filtering" name="test_separable_image_and_kernel_dtypes[float32-complex64-1]" time="0.002" /><testcase classname="src.cucim.skimage.filters.tests.test_separable_filtering" name="test_separable_image_and_kernel_dtypes[float32-complex128-0]" time="0.141" /><testcase classname="src.cucim.skimage.filters.tests.test_separable_filtering" name="test_separable_image_and_kernel_dtypes[float32-complex128-1]" time="0.002" /><testcase classname="src.cucim.skimage.filters.tests.test_separable_filtering" name="test_separable_image_and_kernel_dtypes[float32-bool-0]" time="0.002" /><testcase classname="src.cucim.skimage.filters.tests.test_separable_filtering" name="test_separable_image_and_kernel_dtypes[float32-bool-1]" time="0.002" /><testcase classname="src.cucim.skimage.filters.tests.test_separable_filtering" name="test_separable_image_and_kernel_dtypes[float32-int8-0]" time="0.002" /><testcase classname="src.cucim.skimage.filters.tests.test_separable_filtering" name="test_separable_image_and_kernel_dtypes[float32-int8-1]" time="0.002" /><testcase classname="src.cucim.skimage.filters.tests.test_separable_filtering" name="test_separable_image_and_kernel_dtypes[float32-uint8-0]" time="0.002" /><testcase classname="src.cucim.skimage.filters.tests.test_separable_filtering" name="test_separable_image_and_kernel_dtypes[float32-uint8-1]" time="0.002" /><testcase classname="src.cucim.skimage.filters.tests.test_separable_filtering" name="test_separable_image_and_kernel_dtypes[float32-int16-0]" time="0.002" /><testcase classname="src.cucim.skimage.filters.tests.test_separable_filtering" name="test_separable_image_and_kernel_dtypes[float32-int16-1]" time="0.002" /><testcase classname="src.cucim.skimage.filters.tests.test_separable_filtering" name="test_separable_image_and_kernel_dtypes[float32-uint16-0]" time="0.002" /><testcase classname="src.cucim.skimage.filters.tests.test_separable_filtering" name="test_separable_image_and_kernel_dtypes[float32-uint16-1]" time="0.002" /><testcase classname="src.cucim.skimage.filters.tests.test_separable_filtering" name="test_separable_image_and_kernel_dtypes[float32-int32-0]" time="0.002" /><testcase classname="src.cucim.skimage.filters.tests.test_separable_filtering" name="test_separable_image_and_kernel_dtypes[float32-int32-1]" time="0.002" /><testcase classname="src.cucim.skimage.filters.tests.test_separable_filtering" name="test_separable_image_and_kernel_dtypes[float32-uint32-0]" time="0.002" /><testcase classname="src.cucim.skimage.filters.tests.test_separable_filtering" name="test_separable_image_and_kernel_dtypes[float32-uint32-1]" time="0.002" /><testcase classname="src.cucim.skimage.filters.tests.test_separable_filtering" name="test_separable_image_and_kernel_dtypes[float32-int64-0]" time="0.002" /><testcase classname="src.cucim.skimage.filters.tests.test_separable_filtering" name="test_separable_image_and_kernel_dtypes[float32-int64-1]" time="0.002" /><testcase classname="src.cucim.skimage.filters.tests.test_separable_filtering" name="test_separable_image_and_kernel_dtypes[float32-uint64-0]" time="0.002" /><testcase classname="src.cucim.skimage.filters.tests.test_separable_filtering" name="test_separable_image_and_kernel_dtypes[float32-uint64-1]" time="0.002" /><testcase classname="src.cucim.skimage.filters.tests.test_separable_filtering" name="test_separable_image_and_kernel_dtypes[uint8-float16-0]" time="0.002" /><testcase classname="src.cucim.skimage.filters.tests.test_separable_filtering" name="test_separable_image_and_kernel_dtypes[uint8-float16-1]" time="0.002" /><testcase classname="src.cucim.skimage.filters.tests.test_separable_filtering" name="test_separable_image_and_kernel_dtypes[uint8-float32-0]" time="0.002" /><testcase classname="src.cucim.skimage.filters.tests.test_separable_filtering" name="test_separable_image_and_kernel_dtypes[uint8-float32-1]" time="0.002" /><testcase classname="src.cucim.skimage.filters.tests.test_separable_filtering" name="test_separable_image_and_kernel_dtypes[uint8-float64-0]" time="1.452" /><testcase classname="src.cucim.skimage.filters.tests.test_separable_filtering" name="test_separable_image_and_kernel_dtypes[uint8-float64-1]" time="1.466" /><testcase classname="src.cucim.skimage.filters.tests.test_separable_filtering" name="test_separable_image_and_kernel_dtypes[uint8-complex64-0]" time="0.140" /><testcase classname="src.cucim.skimage.filters.tests.test_separable_filtering" name="test_separable_image_and_kernel_dtypes[uint8-complex64-1]" time="0.002" /><testcase classname="src.cucim.skimage.filters.tests.test_separable_filtering" name="test_separable_image_and_kernel_dtypes[uint8-complex128-0]" time="0.139" /><testcase classname="src.cucim.skimage.filters.tests.test_separable_filtering" name="test_separable_image_and_kernel_dtypes[uint8-complex128-1]" time="0.002" /><testcase classname="src.cucim.skimage.filters.tests.test_separable_filtering" name="test_separable_image_and_kernel_dtypes[uint8-bool-0]" time="0.002" /><testcase classname="src.cucim.skimage.filters.tests.test_separable_filtering" name="test_separable_image_and_kernel_dtypes[uint8-bool-1]" time="0.002" /><testcase classname="src.cucim.skimage.filters.tests.test_separable_filtering" name="test_separable_image_and_kernel_dtypes[uint8-int8-0]" time="0.002" /><testcase classname="src.cucim.skimage.filters.tests.test_separable_filtering" name="test_separable_image_and_kernel_dtypes[uint8-int8-1]" time="0.002" /><testcase classname="src.cucim.skimage.filters.tests.test_separable_filtering" name="test_separable_image_and_kernel_dtypes[uint8-uint8-0]" time="0.002" /><testcase classname="src.cucim.skimage.filters.tests.test_separable_filtering" name="test_separable_image_and_kernel_dtypes[uint8-uint8-1]" time="0.002" /><testcase classname="src.cucim.skimage.filters.tests.test_separable_filtering" name="test_separable_image_and_kernel_dtypes[uint8-int16-0]" time="0.002" /><testcase classname="src.cucim.skimage.filters.tests.test_separable_filtering" name="test_separable_image_and_kernel_dtypes[uint8-int16-1]" time="0.002" /><testcase classname="src.cucim.skimage.filters.tests.test_separable_filtering" name="test_separable_image_and_kernel_dtypes[uint8-uint16-0]" time="0.002" /><testcase classname="src.cucim.skimage.filters.tests.test_separable_filtering" name="test_separable_image_and_kernel_dtypes[uint8-uint16-1]" time="0.002" /><testcase classname="src.cucim.skimage.filters.tests.test_separable_filtering" name="test_separable_image_and_kernel_dtypes[uint8-int32-0]" time="1.437" /><testcase classname="src.cucim.skimage.filters.tests.test_separable_filtering" name="test_separable_image_and_kernel_dtypes[uint8-int32-1]" time="1.452" /><testcase classname="src.cucim.skimage.filters.tests.test_separable_filtering" name="test_separable_image_and_kernel_dtypes[uint8-uint32-0]" time="1.448" /><testcase classname="src.cucim.skimage.filters.tests.test_separable_filtering" name="test_separable_image_and_kernel_dtypes[uint8-uint32-1]" time="1.462" /><testcase classname="src.cucim.skimage.filters.tests.test_separable_filtering" name="test_separable_image_and_kernel_dtypes[uint8-int64-0]" time="1.461" /><testcase classname="src.cucim.skimage.filters.tests.test_separable_filtering" name="test_separable_image_and_kernel_dtypes[uint8-int64-1]" time="1.477" /><testcase classname="src.cucim.skimage.filters.tests.test_separable_filtering" name="test_separable_image_and_kernel_dtypes[uint8-uint64-0]" time="1.449" /><testcase classname="src.cucim.skimage.filters.tests.test_separable_filtering" name="test_separable_image_and_kernel_dtypes[uint8-uint64-1]" time="1.460" /><testcase classname="src.cucim.skimage.filters.tests.test_separable_filtering" name="test_separable_image_and_kernel_dtypes[complex64-float16-0]" time="1.446" /><testcase classname="src.cucim.skimage.filters.tests.test_separable_filtering" name="test_separable_image_and_kernel_dtypes[complex64-float16-1]" time="1.465" /><testcase classname="src.cucim.skimage.filters.tests.test_separable_filtering" name="test_separable_image_and_kernel_dtypes[complex64-float32-0]" time="1.455" /><testcase classname="src.cucim.skimage.filters.tests.test_separable_filtering" name="test_separable_image_and_kernel_dtypes[complex64-float32-1]" time="1.451" /><testcase classname="src.cucim.skimage.filters.tests.test_separable_filtering" name="test_separable_image_and_kernel_dtypes[complex64-float64-0]" time="1.620" /><testcase classname="src.cucim.skimage.filters.tests.test_separable_filtering" name="test_separable_image_and_kernel_dtypes[complex64-float64-1]" time="1.456" /><testcase classname="src.cucim.skimage.filters.tests.test_separable_filtering" name="test_separable_image_and_kernel_dtypes[complex64-complex64-0]" time="0.002" /><testcase classname="src.cucim.skimage.filters.tests.test_separable_filtering" name="test_separable_image_and_kernel_dtypes[complex64-complex64-1]" time="0.002" /><testcase classname="src.cucim.skimage.filters.tests.test_separable_filtering" name="test_separable_image_and_kernel_dtypes[complex64-complex128-0]" time="0.002" /><testcase classname="src.cucim.skimage.filters.tests.test_separable_filtering" name="test_separable_image_and_kernel_dtypes[complex64-complex128-1]" time="0.002" /><testcase classname="src.cucim.skimage.filters.tests.test_separable_filtering" name="test_separable_image_and_kernel_dtypes[complex64-bool-0]" time="1.459" /><testcase classname="src.cucim.skimage.filters.tests.test_separable_filtering" name="test_separable_image_and_kernel_dtypes[complex64-bool-1]" time="1.528" /><testcase classname="src.cucim.skimage.filters.tests.test_separable_filtering" name="test_separable_image_and_kernel_dtypes[complex64-int8-0]" time="0.754" /><testcase classname="src.cucim.skimage.filters.tests.test_separable_filtering" name="test_separable_image_and_kernel_dtypes[complex64-int8-1]" time="0.725" /><testcase classname="src.cucim.skimage.filters.tests.test_separable_filtering" name="test_separable_image_and_kernel_dtypes[complex64-uint8-0]" time="1.447" /><testcase classname="src.cucim.skimage.filters.tests.test_separable_filtering" name="test_separable_image_and_kernel_dtypes[complex64-uint8-1]" time="1.452" /><testcase classname="src.cucim.skimage.filters.tests.test_separable_filtering" name="test_separable_image_and_kernel_dtypes[complex64-int16-0]" time="1.445" /><testcase classname="src.cucim.skimage.filters.tests.test_separable_filtering" name="test_separable_image_and_kernel_dtypes[complex64-int16-1]" time="1.435" /><testcase classname="src.cucim.skimage.filters.tests.test_separable_filtering" name="test_separable_image_and_kernel_dtypes[complex64-uint16-0]" time="1.488" /><testcase classname="src.cucim.skimage.filters.tests.test_separable_filtering" name="test_separable_image_and_kernel_dtypes[complex64-uint16-1]" time="1.452" /><testcase classname="src.cucim.skimage.filters.tests.test_separable_filtering" name="test_separable_image_and_kernel_dtypes[complex64-int32-0]" time="1.477" /><testcase classname="src.cucim.skimage.filters.tests.test_separable_filtering" name="test_separable_image_and_kernel_dtypes[complex64-int32-1]" time="1.419" /><testcase classname="src.cucim.skimage.filters.tests.test_separable_filtering" name="test_separable_image_and_kernel_dtypes[complex64-uint32-0]" time="1.454" /><testcase classname="src.cucim.skimage.filters.tests.test_separable_filtering" name="test_separable_image_and_kernel_dtypes[complex64-uint32-1]" time="1.447" /><testcase classname="src.cucim.skimage.filters.tests.test_separable_filtering" name="test_separable_image_and_kernel_dtypes[complex64-int64-0]" time="1.457" /><testcase classname="src.cucim.skimage.filters.tests.test_separable_filtering" name="test_separable_image_and_kernel_dtypes[complex64-int64-1]" time="1.447" /><testcase classname="src.cucim.skimage.filters.tests.test_separable_filtering" name="test_separable_image_and_kernel_dtypes[complex64-uint64-0]" time="1.432" /><testcase classname="src.cucim.skimage.filters.tests.test_separable_filtering" name="test_separable_image_and_kernel_dtypes[complex64-uint64-1]" time="1.403" /><testcase classname="src.cucim.skimage.filters.tests.test_separable_filtering" name="test_separable_input_and_output_dtypes[False-None-float16-0]" time="0.002" /><testcase classname="src.cucim.skimage.filters.tests.test_separable_filtering" name="test_separable_input_and_output_dtypes[False-None-float16-1]" time="0.002" /><testcase classname="src.cucim.skimage.filters.tests.test_separable_filtering" name="test_separable_input_and_output_dtypes[False-None-float32-0]" time="0.002" /><testcase classname="src.cucim.skimage.filters.tests.test_separable_filtering" name="test_separable_input_and_output_dtypes[False-None-float32-1]" time="0.002" /><testcase classname="src.cucim.skimage.filters.tests.test_separable_filtering" name="test_separable_input_and_output_dtypes[False-None-float64-0]" time="0.002" /><testcase classname="src.cucim.skimage.filters.tests.test_separable_filtering" name="test_separable_input_and_output_dtypes[False-None-float64-1]" time="0.002" /><testcase classname="src.cucim.skimage.filters.tests.test_separable_filtering" name="test_separable_input_and_output_dtypes[False-None-complex64-0]" time="0.002" /><testcase classname="src.cucim.skimage.filters.tests.test_separable_filtering" name="test_separable_input_and_output_dtypes[False-None-complex64-1]" time="0.002" /><testcase classname="src.cucim.skimage.filters.tests.test_separable_filtering" name="test_separable_input_and_output_dtypes[False-None-complex128-0]" time="0.002" /><testcase classname="src.cucim.skimage.filters.tests.test_separable_filtering" name="test_separable_input_and_output_dtypes[False-None-complex128-1]" time="0.002" /><testcase classname="src.cucim.skimage.filters.tests.test_separable_filtering" name="test_separable_input_and_output_dtypes[False-None-bool-0]" time="0.002" /><testcase classname="src.cucim.skimage.filters.tests.test_separable_filtering" name="test_separable_input_and_output_dtypes[False-None-bool-1]" time="0.002" /><testcase classname="src.cucim.skimage.filters.tests.test_separable_filtering" name="test_separable_input_and_output_dtypes[False-None-int8-0]" time="0.002" /><testcase classname="src.cucim.skimage.filters.tests.test_separable_filtering" name="test_separable_input_and_output_dtypes[False-None-int8-1]" time="0.002" /><testcase classname="src.cucim.skimage.filters.tests.test_separable_filtering" name="test_separable_input_and_output_dtypes[False-None-uint8-0]" time="0.002" /><testcase classname="src.cucim.skimage.filters.tests.test_separable_filtering" name="test_separable_input_and_output_dtypes[False-None-uint8-1]" time="0.002" /><testcase classname="src.cucim.skimage.filters.tests.test_separable_filtering" name="test_separable_input_and_output_dtypes[False-None-int16-0]" time="0.002" /><testcase classname="src.cucim.skimage.filters.tests.test_separable_filtering" name="test_separable_input_and_output_dtypes[False-None-int16-1]" time="0.003" /><testcase classname="src.cucim.skimage.filters.tests.test_separable_filtering" name="test_separable_input_and_output_dtypes[False-None-uint16-0]" time="0.002" /><testcase classname="src.cucim.skimage.filters.tests.test_separable_filtering" name="test_separable_input_and_output_dtypes[False-None-uint16-1]" time="0.002" /><testcase classname="src.cucim.skimage.filters.tests.test_separable_filtering" name="test_separable_input_and_output_dtypes[False-None-int32-0]" time="0.002" /><testcase classname="src.cucim.skimage.filters.tests.test_separable_filtering" name="test_separable_input_and_output_dtypes[False-None-int32-1]" time="0.002" /><testcase classname="src.cucim.skimage.filters.tests.test_separable_filtering" name="test_separable_input_and_output_dtypes[False-None-uint32-0]" time="0.002" /><testcase classname="src.cucim.skimage.filters.tests.test_separable_filtering" name="test_separable_input_and_output_dtypes[False-None-uint32-1]" time="0.002" /><testcase classname="src.cucim.skimage.filters.tests.test_separable_filtering" name="test_separable_input_and_output_dtypes[False-None-int64-0]" time="0.002" /><testcase classname="src.cucim.skimage.filters.tests.test_separable_filtering" name="test_separable_input_and_output_dtypes[False-None-int64-1]" time="0.002" /><testcase classname="src.cucim.skimage.filters.tests.test_separable_filtering" name="test_separable_input_and_output_dtypes[False-None-uint64-0]" time="0.002" /><testcase classname="src.cucim.skimage.filters.tests.test_separable_filtering" name="test_separable_input_and_output_dtypes[False-None-uint64-1]" time="0.002" /><testcase classname="src.cucim.skimage.filters.tests.test_separable_filtering" name="test_separable_input_and_output_dtypes[False-float32-float16-0]" time="1.434" /><testcase classname="src.cucim.skimage.filters.tests.test_separable_filtering" name="test_separable_input_and_output_dtypes[False-float32-float16-1]" time="1.433" /><testcase classname="src.cucim.skimage.filters.tests.test_separable_filtering" name="test_separable_input_and_output_dtypes[False-float32-float32-0]" time="0.002" /><testcase classname="src.cucim.skimage.filters.tests.test_separable_filtering" name="test_separable_input_and_output_dtypes[False-float32-float32-1]" time="0.002" /><testcase classname="src.cucim.skimage.filters.tests.test_separable_filtering" name="test_separable_input_and_output_dtypes[False-float32-float64-0]" time="1.369" /><testcase classname="src.cucim.skimage.filters.tests.test_separable_filtering" name="test_separable_input_and_output_dtypes[False-float32-float64-1]" time="1.402" /><testcase classname="src.cucim.skimage.filters.tests.test_separable_filtering" name="test_separable_input_and_output_dtypes[False-float32-complex64-0]" time="0.001"><skipped type="pytest.skip" message="cannot cast complex values to real">/home/goplanid/cucim/python/cucim/src/cucim/skimage/filters/tests/test_separable_filtering.py:277: cannot cast complex values to real</skipped></testcase><testcase classname="src.cucim.skimage.filters.tests.test_separable_filtering" name="test_separable_input_and_output_dtypes[False-float32-complex64-1]" time="0.001"><skipped type="pytest.skip" message="cannot cast complex values to real">/home/goplanid/cucim/python/cucim/src/cucim/skimage/filters/tests/test_separable_filtering.py:277: cannot cast complex values to real</skipped></testcase><testcase classname="src.cucim.skimage.filters.tests.test_separable_filtering" name="test_separable_input_and_output_dtypes[False-float32-complex128-0]" time="0.001"><skipped type="pytest.skip" message="cannot cast complex values to real">/home/goplanid/cucim/python/cucim/src/cucim/skimage/filters/tests/test_separable_filtering.py:277: cannot cast complex values to real</skipped></testcase><testcase classname="src.cucim.skimage.filters.tests.test_separable_filtering" name="test_separable_input_and_output_dtypes[False-float32-complex128-1]" time="0.001"><skipped type="pytest.skip" message="cannot cast complex values to real">/home/goplanid/cucim/python/cucim/src/cucim/skimage/filters/tests/test_separable_filtering.py:277: cannot cast complex values to real</skipped></testcase><testcase classname="src.cucim.skimage.filters.tests.test_separable_filtering" name="test_separable_input_and_output_dtypes[False-float32-bool-0]" time="1.427" /><testcase classname="src.cucim.skimage.filters.tests.test_separable_filtering" name="test_separable_input_and_output_dtypes[False-float32-bool-1]" time="1.525" /><testcase classname="src.cucim.skimage.filters.tests.test_separable_filtering" name="test_separable_input_and_output_dtypes[False-float32-int8-0]" time="0.708" /><testcase classname="src.cucim.skimage.filters.tests.test_separable_filtering" name="test_separable_input_and_output_dtypes[False-float32-int8-1]" time="0.698" /><testcase classname="src.cucim.skimage.filters.tests.test_separable_filtering" name="test_separable_input_and_output_dtypes[False-float32-uint8-0]" time="1.390" /><testcase classname="src.cucim.skimage.filters.tests.test_separable_filtering" name="test_separable_input_and_output_dtypes[False-float32-uint8-1]" time="1.402" /><testcase classname="src.cucim.skimage.filters.tests.test_separable_filtering" name="test_separable_input_and_output_dtypes[False-float32-int16-0]" time="1.403" /><testcase classname="src.cucim.skimage.filters.tests.test_separable_filtering" name="test_separable_input_and_output_dtypes[False-float32-int16-1]" time="1.364" /><testcase classname="src.cucim.skimage.filters.tests.test_separable_filtering" name="test_separable_input_and_output_dtypes[False-float32-uint16-0]" time="1.402" /><testcase classname="src.cucim.skimage.filters.tests.test_separable_filtering" name="test_separable_input_and_output_dtypes[False-float32-uint16-1]" time="1.388" /><testcase classname="src.cucim.skimage.filters.tests.test_separable_filtering" name="test_separable_input_and_output_dtypes[False-float32-int32-0]" time="1.405" /><testcase classname="src.cucim.skimage.filters.tests.test_separable_filtering" name="test_separable_input_and_output_dtypes[False-float32-int32-1]" time="1.414" /><testcase classname="src.cucim.skimage.filters.tests.test_separable_filtering" name="test_separable_input_and_output_dtypes[False-float32-uint32-0]" time="1.423" /><testcase classname="src.cucim.skimage.filters.tests.test_separable_filtering" name="test_separable_input_and_output_dtypes[False-float32-uint32-1]" time="1.404" /><testcase classname="src.cucim.skimage.filters.tests.test_separable_filtering" name="test_separable_input_and_output_dtypes[False-float32-int64-0]" time="1.400" /><testcase classname="src.cucim.skimage.filters.tests.test_separable_filtering" name="test_separable_input_and_output_dtypes[False-float32-int64-1]" time="1.404" /><testcase classname="src.cucim.skimage.filters.tests.test_separable_filtering" name="test_separable_input_and_output_dtypes[False-float32-uint64-0]" time="1.445" /><testcase classname="src.cucim.skimage.filters.tests.test_separable_filtering" name="test_separable_input_and_output_dtypes[False-float32-uint64-1]" time="1.414" /><testcase classname="src.cucim.skimage.filters.tests.test_separable_filtering" name="test_separable_input_and_output_dtypes[False-int32-float16-0]" time="1.413" /><testcase classname="src.cucim.skimage.filters.tests.test_separable_filtering" name="test_separable_input_and_output_dtypes[False-int32-float16-1]" time="1.393" /><testcase classname="src.cucim.skimage.filters.tests.test_separable_filtering" name="test_separable_input_and_output_dtypes[False-int32-float32-0]" time="1.398" /><testcase classname="src.cucim.skimage.filters.tests.test_separable_filtering" name="test_separable_input_and_output_dtypes[False-int32-float32-1]" time="1.410" /><testcase classname="src.cucim.skimage.filters.tests.test_separable_filtering" name="test_separable_input_and_output_dtypes[False-int32-float64-0]" time="1.397" /><testcase classname="src.cucim.skimage.filters.tests.test_separable_filtering" name="test_separable_input_and_output_dtypes[False-int32-float64-1]" time="1.417" /><testcase classname="src.cucim.skimage.filters.tests.test_separable_filtering" name="test_separable_input_and_output_dtypes[False-int32-complex64-0]" time="0.001"><skipped type="pytest.skip" message="cannot cast complex values to real">/home/goplanid/cucim/python/cucim/src/cucim/skimage/filters/tests/test_separable_filtering.py:277: cannot cast complex values to real</skipped></testcase><testcase classname="src.cucim.skimage.filters.tests.test_separable_filtering" name="test_separable_input_and_output_dtypes[False-int32-complex64-1]" time="0.001"><skipped type="pytest.skip" message="cannot cast complex values to real">/home/goplanid/cucim/python/cucim/src/cucim/skimage/filters/tests/test_separable_filtering.py:277: cannot cast complex values to real</skipped></testcase><testcase classname="src.cucim.skimage.filters.tests.test_separable_filtering" name="test_separable_input_and_output_dtypes[False-int32-complex128-0]" time="0.001"><skipped type="pytest.skip" message="cannot cast complex values to real">/home/goplanid/cucim/python/cucim/src/cucim/skimage/filters/tests/test_separable_filtering.py:277: cannot cast complex values to real</skipped></testcase><testcase classname="src.cucim.skimage.filters.tests.test_separable_filtering" name="test_separable_input_and_output_dtypes[False-int32-complex128-1]" time="0.001"><skipped type="pytest.skip" message="cannot cast complex values to real">/home/goplanid/cucim/python/cucim/src/cucim/skimage/filters/tests/test_separable_filtering.py:277: cannot cast complex values to real</skipped></testcase><testcase classname="src.cucim.skimage.filters.tests.test_separable_filtering" name="test_separable_input_and_output_dtypes[False-int32-bool-0]" time="1.417" /><testcase classname="src.cucim.skimage.filters.tests.test_separable_filtering" name="test_separable_input_and_output_dtypes[False-int32-bool-1]" time="1.444" /><testcase classname="src.cucim.skimage.filters.tests.test_separable_filtering" name="test_separable_input_and_output_dtypes[False-int32-int8-0]" time="0.723" /><testcase classname="src.cucim.skimage.filters.tests.test_separable_filtering" name="test_separable_input_and_output_dtypes[False-int32-int8-1]" time="0.737" /><testcase classname="src.cucim.skimage.filters.tests.test_separable_filtering" name="test_separable_input_and_output_dtypes[False-int32-uint8-0]" time="1.432" /><testcase classname="src.cucim.skimage.filters.tests.test_separable_filtering" name="test_separable_input_and_output_dtypes[False-int32-uint8-1]" time="1.452" /><testcase classname="src.cucim.skimage.filters.tests.test_separable_filtering" name="test_separable_input_and_output_dtypes[False-int32-int16-0]" time="1.460" /><testcase classname="src.cucim.skimage.filters.tests.test_separable_filtering" name="test_separable_input_and_output_dtypes[False-int32-int16-1]" time="1.442" /><testcase classname="src.cucim.skimage.filters.tests.test_separable_filtering" name="test_separable_input_and_output_dtypes[False-int32-uint16-0]" time="1.467" /><testcase classname="src.cucim.skimage.filters.tests.test_separable_filtering" name="test_separable_input_and_output_dtypes[False-int32-uint16-1]" time="1.431" /><testcase classname="src.cucim.skimage.filters.tests.test_separable_filtering" name="test_separable_input_and_output_dtypes[False-int32-int32-0]" time="0.002" /><testcase classname="src.cucim.skimage.filters.tests.test_separable_filtering" name="test_separable_input_and_output_dtypes[False-int32-int32-1]" time="0.002" /><testcase classname="src.cucim.skimage.filters.tests.test_separable_filtering" name="test_separable_input_and_output_dtypes[False-int32-uint32-0]" time="1.437" /><testcase classname="src.cucim.skimage.filters.tests.test_separable_filtering" name="test_separable_input_and_output_dtypes[False-int32-uint32-1]" time="1.415" /><testcase classname="src.cucim.skimage.filters.tests.test_separable_filtering" name="test_separable_input_and_output_dtypes[False-int32-int64-0]" time="1.465" /><testcase classname="src.cucim.skimage.filters.tests.test_separable_filtering" name="test_separable_input_and_output_dtypes[False-int32-int64-1]" time="1.438" /><testcase classname="src.cucim.skimage.filters.tests.test_separable_filtering" name="test_separable_input_and_output_dtypes[False-int32-uint64-0]" time="1.454" /><testcase classname="src.cucim.skimage.filters.tests.test_separable_filtering" name="test_separable_input_and_output_dtypes[False-int32-uint64-1]" time="1.454" /><testcase classname="src.cucim.skimage.filters.tests.test_separable_filtering" name="test_separable_input_and_output_dtypes[False-complex64-float16-0]" time="1.442" /><testcase classname="src.cucim.skimage.filters.tests.test_separable_filtering" name="test_separable_input_and_output_dtypes[False-complex64-float16-1]" time="1.412" /><testcase classname="src.cucim.skimage.filters.tests.test_separable_filtering" name="test_separable_input_and_output_dtypes[False-complex64-float32-0]" time="1.419" /><testcase classname="src.cucim.skimage.filters.tests.test_separable_filtering" name="test_separable_input_and_output_dtypes[False-complex64-float32-1]" time="1.423" /><testcase classname="src.cucim.skimage.filters.tests.test_separable_filtering" name="test_separable_input_and_output_dtypes[False-complex64-float64-0]" time="1.424" /><testcase classname="src.cucim.skimage.filters.tests.test_separable_filtering" name="test_separable_input_and_output_dtypes[False-complex64-float64-1]" time="1.422" /><testcase classname="src.cucim.skimage.filters.tests.test_separable_filtering" name="test_separable_input_and_output_dtypes[False-complex64-complex64-0]" time="0.003" /><testcase classname="src.cucim.skimage.filters.tests.test_separable_filtering" name="test_separable_input_and_output_dtypes[False-complex64-complex64-1]" time="0.002" /><testcase classname="src.cucim.skimage.filters.tests.test_separable_filtering" name="test_separable_input_and_output_dtypes[False-complex64-complex128-0]" time="1.442" /><testcase classname="src.cucim.skimage.filters.tests.test_separable_filtering" name="test_separable_input_and_output_dtypes[False-complex64-complex128-1]" time="1.459" /><testcase classname="src.cucim.skimage.filters.tests.test_separable_filtering" name="test_separable_input_and_output_dtypes[False-complex64-bool-0]" time="1.418" /><testcase classname="src.cucim.skimage.filters.tests.test_separable_filtering" name="test_separable_input_and_output_dtypes[False-complex64-bool-1]" time="1.434" /><testcase classname="src.cucim.skimage.filters.tests.test_separable_filtering" name="test_separable_input_and_output_dtypes[False-complex64-int8-0]" time="0.712" /><testcase classname="src.cucim.skimage.filters.tests.test_separable_filtering" name="test_separable_input_and_output_dtypes[False-complex64-int8-1]" time="0.745" /><testcase classname="src.cucim.skimage.filters.tests.test_separable_filtering" name="test_separable_input_and_output_dtypes[False-complex64-uint8-0]" time="1.493" /><testcase classname="src.cucim.skimage.filters.tests.test_separable_filtering" name="test_separable_input_and_output_dtypes[False-complex64-uint8-1]" time="1.463" /><testcase classname="src.cucim.skimage.filters.tests.test_separable_filtering" name="test_separable_input_and_output_dtypes[False-complex64-int16-0]" time="1.476" /><testcase classname="src.cucim.skimage.filters.tests.test_separable_filtering" name="test_separable_input_and_output_dtypes[False-complex64-int16-1]" time="1.478" /><testcase classname="src.cucim.skimage.filters.tests.test_separable_filtering" name="test_separable_input_and_output_dtypes[False-complex64-uint16-0]" time="1.450" /><testcase classname="src.cucim.skimage.filters.tests.test_separable_filtering" name="test_separable_input_and_output_dtypes[False-complex64-uint16-1]" time="1.458" /><testcase classname="src.cucim.skimage.filters.tests.test_separable_filtering" name="test_separable_input_and_output_dtypes[False-complex64-int32-0]" time="1.476" /><testcase classname="src.cucim.skimage.filters.tests.test_separable_filtering" name="test_separable_input_and_output_dtypes[False-complex64-int32-1]" time="1.485" /><testcase classname="src.cucim.skimage.filters.tests.test_separable_filtering" name="test_separable_input_and_output_dtypes[False-complex64-uint32-0]" time="1.474" /><testcase classname="src.cucim.skimage.filters.tests.test_separable_filtering" name="test_separable_input_and_output_dtypes[False-complex64-uint32-1]" time="1.489" /><testcase classname="src.cucim.skimage.filters.tests.test_separable_filtering" name="test_separable_input_and_output_dtypes[False-complex64-int64-0]" time="1.471" /><testcase classname="src.cucim.skimage.filters.tests.test_separable_filtering" name="test_separable_input_and_output_dtypes[False-complex64-int64-1]" time="1.476" /><testcase classname="src.cucim.skimage.filters.tests.test_separable_filtering" name="test_separable_input_and_output_dtypes[False-complex64-uint64-0]" time="1.444" /><testcase classname="src.cucim.skimage.filters.tests.test_separable_filtering" name="test_separable_input_and_output_dtypes[False-complex64-uint64-1]" time="1.595" /><testcase classname="src.cucim.skimage.filters.tests.test_separable_filtering" name="test_separable_input_and_output_dtypes[True-None-float16-0]" time="0.003" /><testcase classname="src.cucim.skimage.filters.tests.test_separable_filtering" name="test_separable_input_and_output_dtypes[True-None-float16-1]" time="0.002" /><testcase classname="src.cucim.skimage.filters.tests.test_separable_filtering" name="test_separable_input_and_output_dtypes[True-None-float32-0]" time="0.002" /><testcase classname="src.cucim.skimage.filters.tests.test_separable_filtering" name="test_separable_input_and_output_dtypes[True-None-float32-1]" time="0.002" /><testcase classname="src.cucim.skimage.filters.tests.test_separable_filtering" name="test_separable_input_and_output_dtypes[True-None-float64-0]" time="0.002" /><testcase classname="src.cucim.skimage.filters.tests.test_separable_filtering" name="test_separable_input_and_output_dtypes[True-None-float64-1]" time="0.002" /><testcase classname="src.cucim.skimage.filters.tests.test_separable_filtering" name="test_separable_input_and_output_dtypes[True-None-complex64-0]" time="0.002" /><testcase classname="src.cucim.skimage.filters.tests.test_separable_filtering" name="test_separable_input_and_output_dtypes[True-None-complex64-1]" time="0.002" /><testcase classname="src.cucim.skimage.filters.tests.test_separable_filtering" name="test_separable_input_and_output_dtypes[True-None-complex128-0]" time="0.002" /><testcase classname="src.cucim.skimage.filters.tests.test_separable_filtering" name="test_separable_input_and_output_dtypes[True-None-complex128-1]" time="0.002" /><testcase classname="src.cucim.skimage.filters.tests.test_separable_filtering" name="test_separable_input_and_output_dtypes[True-None-bool-0]" time="0.002" /><testcase classname="src.cucim.skimage.filters.tests.test_separable_filtering" name="test_separable_input_and_output_dtypes[True-None-bool-1]" time="0.002" /><testcase classname="src.cucim.skimage.filters.tests.test_separable_filtering" name="test_separable_input_and_output_dtypes[True-None-int8-0]" time="0.002" /><testcase classname="src.cucim.skimage.filters.tests.test_separable_filtering" name="test_separable_input_and_output_dtypes[True-None-int8-1]" time="0.002" /><testcase classname="src.cucim.skimage.filters.tests.test_separable_filtering" name="test_separable_input_and_output_dtypes[True-None-uint8-0]" time="0.002" /><testcase classname="src.cucim.skimage.filters.tests.test_separable_filtering" name="test_separable_input_and_output_dtypes[True-None-uint8-1]" time="0.002" /><testcase classname="src.cucim.skimage.filters.tests.test_separable_filtering" name="test_separable_input_and_output_dtypes[True-None-int16-0]" time="0.002" /><testcase classname="src.cucim.skimage.filters.tests.test_separable_filtering" name="test_separable_input_and_output_dtypes[True-None-int16-1]" time="0.002" /><testcase classname="src.cucim.skimage.filters.tests.test_separable_filtering" name="test_separable_input_and_output_dtypes[True-None-uint16-0]" time="0.002" /><testcase classname="src.cucim.skimage.filters.tests.test_separable_filtering" name="test_separable_input_and_output_dtypes[True-None-uint16-1]" time="0.002" /><testcase classname="src.cucim.skimage.filters.tests.test_separable_filtering" name="test_separable_input_and_output_dtypes[True-None-int32-0]" time="0.002" /><testcase classname="src.cucim.skimage.filters.tests.test_separable_filtering" name="test_separable_input_and_output_dtypes[True-None-int32-1]" time="0.002" /><testcase classname="src.cucim.skimage.filters.tests.test_separable_filtering" name="test_separable_input_and_output_dtypes[True-None-uint32-0]" time="0.002" /><testcase classname="src.cucim.skimage.filters.tests.test_separable_filtering" name="test_separable_input_and_output_dtypes[True-None-uint32-1]" time="0.002" /><testcase classname="src.cucim.skimage.filters.tests.test_separable_filtering" name="test_separable_input_and_output_dtypes[True-None-int64-0]" time="0.002" /><testcase classname="src.cucim.skimage.filters.tests.test_separable_filtering" name="test_separable_input_and_output_dtypes[True-None-int64-1]" time="0.002" /><testcase classname="src.cucim.skimage.filters.tests.test_separable_filtering" name="test_separable_input_and_output_dtypes[True-None-uint64-0]" time="0.002" /><testcase classname="src.cucim.skimage.filters.tests.test_separable_filtering" name="test_separable_input_and_output_dtypes[True-None-uint64-1]" time="0.002" /><testcase classname="src.cucim.skimage.filters.tests.test_separable_filtering" name="test_separable_input_and_output_dtypes[True-float32-float16-0]" time="0.002" /><testcase classname="src.cucim.skimage.filters.tests.test_separable_filtering" name="test_separable_input_and_output_dtypes[True-float32-float16-1]" time="0.002" /><testcase classname="src.cucim.skimage.filters.tests.test_separable_filtering" name="test_separable_input_and_output_dtypes[True-float32-float32-0]" time="0.002" /><testcase classname="src.cucim.skimage.filters.tests.test_separable_filtering" name="test_separable_input_and_output_dtypes[True-float32-float32-1]" time="0.002" /><testcase classname="src.cucim.skimage.filters.tests.test_separable_filtering" name="test_separable_input_and_output_dtypes[True-float32-float64-0]" time="0.002" /><testcase classname="src.cucim.skimage.filters.tests.test_separable_filtering" name="test_separable_input_and_output_dtypes[True-float32-float64-1]" time="0.002" /><testcase classname="src.cucim.skimage.filters.tests.test_separable_filtering" name="test_separable_input_and_output_dtypes[True-float32-complex64-0]" time="0.001"><skipped type="pytest.skip" message="cannot cast complex values to real">/home/goplanid/cucim/python/cucim/src/cucim/skimage/filters/tests/test_separable_filtering.py:277: cannot cast complex values to real</skipped></testcase><testcase classname="src.cucim.skimage.filters.tests.test_separable_filtering" name="test_separable_input_and_output_dtypes[True-float32-complex64-1]" time="0.001"><skipped type="pytest.skip" message="cannot cast complex values to real">/home/goplanid/cucim/python/cucim/src/cucim/skimage/filters/tests/test_separable_filtering.py:277: cannot cast complex values to real</skipped></testcase><testcase classname="src.cucim.skimage.filters.tests.test_separable_filtering" name="test_separable_input_and_output_dtypes[True-float32-complex128-0]" time="0.001"><skipped type="pytest.skip" message="cannot cast complex values to real">/home/goplanid/cucim/python/cucim/src/cucim/skimage/filters/tests/test_separable_filtering.py:277: cannot cast complex values to real</skipped></testcase><testcase classname="src.cucim.skimage.filters.tests.test_separable_filtering" name="test_separable_input_and_output_dtypes[True-float32-complex128-1]" time="0.001"><skipped type="pytest.skip" message="cannot cast complex values to real">/home/goplanid/cucim/python/cucim/src/cucim/skimage/filters/tests/test_separable_filtering.py:277: cannot cast complex values to real</skipped></testcase><testcase classname="src.cucim.skimage.filters.tests.test_separable_filtering" name="test_separable_input_and_output_dtypes[True-float32-bool-0]" time="0.002" /><testcase classname="src.cucim.skimage.filters.tests.test_separable_filtering" name="test_separable_input_and_output_dtypes[True-float32-bool-1]" time="0.002" /><testcase classname="src.cucim.skimage.filters.tests.test_separable_filtering" name="test_separable_input_and_output_dtypes[True-float32-int8-0]" time="0.002" /><testcase classname="src.cucim.skimage.filters.tests.test_separable_filtering" name="test_separable_input_and_output_dtypes[True-float32-int8-1]" time="0.002" /><testcase classname="src.cucim.skimage.filters.tests.test_separable_filtering" name="test_separable_input_and_output_dtypes[True-float32-uint8-0]" time="0.002" /><testcase classname="src.cucim.skimage.filters.tests.test_separable_filtering" name="test_separable_input_and_output_dtypes[True-float32-uint8-1]" time="0.002" /><testcase classname="src.cucim.skimage.filters.tests.test_separable_filtering" name="test_separable_input_and_output_dtypes[True-float32-int16-0]" time="0.002" /><testcase classname="src.cucim.skimage.filters.tests.test_separable_filtering" name="test_separable_input_and_output_dtypes[True-float32-int16-1]" time="0.002" /><testcase classname="src.cucim.skimage.filters.tests.test_separable_filtering" name="test_separable_input_and_output_dtypes[True-float32-uint16-0]" time="0.002" /><testcase classname="src.cucim.skimage.filters.tests.test_separable_filtering" name="test_separable_input_and_output_dtypes[True-float32-uint16-1]" time="0.002" /><testcase classname="src.cucim.skimage.filters.tests.test_separable_filtering" name="test_separable_input_and_output_dtypes[True-float32-int32-0]" time="0.002" /><testcase classname="src.cucim.skimage.filters.tests.test_separable_filtering" name="test_separable_input_and_output_dtypes[True-float32-int32-1]" time="0.002" /><testcase classname="src.cucim.skimage.filters.tests.test_separable_filtering" name="test_separable_input_and_output_dtypes[True-float32-uint32-0]" time="0.002" /><testcase classname="src.cucim.skimage.filters.tests.test_separable_filtering" name="test_separable_input_and_output_dtypes[True-float32-uint32-1]" time="0.002" /><testcase classname="src.cucim.skimage.filters.tests.test_separable_filtering" name="test_separable_input_and_output_dtypes[True-float32-int64-0]" time="0.002" /><testcase classname="src.cucim.skimage.filters.tests.test_separable_filtering" name="test_separable_input_and_output_dtypes[True-float32-int64-1]" time="0.002" /><testcase classname="src.cucim.skimage.filters.tests.test_separable_filtering" name="test_separable_input_and_output_dtypes[True-float32-uint64-0]" time="0.002" /><testcase classname="src.cucim.skimage.filters.tests.test_separable_filtering" name="test_separable_input_and_output_dtypes[True-float32-uint64-1]" time="0.002" /><testcase classname="src.cucim.skimage.filters.tests.test_separable_filtering" name="test_separable_input_and_output_dtypes[True-int32-float16-0]" time="0.002" /><testcase classname="src.cucim.skimage.filters.tests.test_separable_filtering" name="test_separable_input_and_output_dtypes[True-int32-float16-1]" time="0.002" /><testcase classname="src.cucim.skimage.filters.tests.test_separable_filtering" name="test_separable_input_and_output_dtypes[True-int32-float32-0]" time="0.002" /><testcase classname="src.cucim.skimage.filters.tests.test_separable_filtering" name="test_separable_input_and_output_dtypes[True-int32-float32-1]" time="0.002" /><testcase classname="src.cucim.skimage.filters.tests.test_separable_filtering" name="test_separable_input_and_output_dtypes[True-int32-float64-0]" time="0.002" /><testcase classname="src.cucim.skimage.filters.tests.test_separable_filtering" name="test_separable_input_and_output_dtypes[True-int32-float64-1]" time="0.002" /><testcase classname="src.cucim.skimage.filters.tests.test_separable_filtering" name="test_separable_input_and_output_dtypes[True-int32-complex64-0]" time="0.001"><skipped type="pytest.skip" message="cannot cast complex values to real">/home/goplanid/cucim/python/cucim/src/cucim/skimage/filters/tests/test_separable_filtering.py:277: cannot cast complex values to real</skipped></testcase><testcase classname="src.cucim.skimage.filters.tests.test_separable_filtering" name="test_separable_input_and_output_dtypes[True-int32-complex64-1]" time="0.001"><skipped type="pytest.skip" message="cannot cast complex values to real">/home/goplanid/cucim/python/cucim/src/cucim/skimage/filters/tests/test_separable_filtering.py:277: cannot cast complex values to real</skipped></testcase><testcase classname="src.cucim.skimage.filters.tests.test_separable_filtering" name="test_separable_input_and_output_dtypes[True-int32-complex128-0]" time="0.001"><skipped type="pytest.skip" message="cannot cast complex values to real">/home/goplanid/cucim/python/cucim/src/cucim/skimage/filters/tests/test_separable_filtering.py:277: cannot cast complex values to real</skipped></testcase><testcase classname="src.cucim.skimage.filters.tests.test_separable_filtering" name="test_separable_input_and_output_dtypes[True-int32-complex128-1]" time="0.001"><skipped type="pytest.skip" message="cannot cast complex values to real">/home/goplanid/cucim/python/cucim/src/cucim/skimage/filters/tests/test_separable_filtering.py:277: cannot cast complex values to real</skipped></testcase><testcase classname="src.cucim.skimage.filters.tests.test_separable_filtering" name="test_separable_input_and_output_dtypes[True-int32-bool-0]" time="0.002" /><testcase classname="src.cucim.skimage.filters.tests.test_separable_filtering" name="test_separable_input_and_output_dtypes[True-int32-bool-1]" time="0.002" /><testcase classname="src.cucim.skimage.filters.tests.test_separable_filtering" name="test_separable_input_and_output_dtypes[True-int32-int8-0]" time="0.002" /><testcase classname="src.cucim.skimage.filters.tests.test_separable_filtering" name="test_separable_input_and_output_dtypes[True-int32-int8-1]" time="0.002" /><testcase classname="src.cucim.skimage.filters.tests.test_separable_filtering" name="test_separable_input_and_output_dtypes[True-int32-uint8-0]" time="0.002" /><testcase classname="src.cucim.skimage.filters.tests.test_separable_filtering" name="test_separable_input_and_output_dtypes[True-int32-uint8-1]" time="0.002" /><testcase classname="src.cucim.skimage.filters.tests.test_separable_filtering" name="test_separable_input_and_output_dtypes[True-int32-int16-0]" time="0.002" /><testcase classname="src.cucim.skimage.filters.tests.test_separable_filtering" name="test_separable_input_and_output_dtypes[True-int32-int16-1]" time="0.002" /><testcase classname="src.cucim.skimage.filters.tests.test_separable_filtering" name="test_separable_input_and_output_dtypes[True-int32-uint16-0]" time="0.002" /><testcase classname="src.cucim.skimage.filters.tests.test_separable_filtering" name="test_separable_input_and_output_dtypes[True-int32-uint16-1]" time="0.002" /><testcase classname="src.cucim.skimage.filters.tests.test_separable_filtering" name="test_separable_input_and_output_dtypes[True-int32-int32-0]" time="0.002" /><testcase classname="src.cucim.skimage.filters.tests.test_separable_filtering" name="test_separable_input_and_output_dtypes[True-int32-int32-1]" time="0.002" /><testcase classname="src.cucim.skimage.filters.tests.test_separable_filtering" name="test_separable_input_and_output_dtypes[True-int32-uint32-0]" time="0.002" /><testcase classname="src.cucim.skimage.filters.tests.test_separable_filtering" name="test_separable_input_and_output_dtypes[True-int32-uint32-1]" time="0.002" /><testcase classname="src.cucim.skimage.filters.tests.test_separable_filtering" name="test_separable_input_and_output_dtypes[True-int32-int64-0]" time="0.002" /><testcase classname="src.cucim.skimage.filters.tests.test_separable_filtering" name="test_separable_input_and_output_dtypes[True-int32-int64-1]" time="0.002" /><testcase classname="src.cucim.skimage.filters.tests.test_separable_filtering" name="test_separable_input_and_output_dtypes[True-int32-uint64-0]" time="0.002" /><testcase classname="src.cucim.skimage.filters.tests.test_separable_filtering" name="test_separable_input_and_output_dtypes[True-int32-uint64-1]" time="0.002" /><testcase classname="src.cucim.skimage.filters.tests.test_separable_filtering" name="test_separable_input_and_output_dtypes[True-complex64-float16-0]" time="0.002" /><testcase classname="src.cucim.skimage.filters.tests.test_separable_filtering" name="test_separable_input_and_output_dtypes[True-complex64-float16-1]" time="0.002" /><testcase classname="src.cucim.skimage.filters.tests.test_separable_filtering" name="test_separable_input_and_output_dtypes[True-complex64-float32-0]" time="0.002" /><testcase classname="src.cucim.skimage.filters.tests.test_separable_filtering" name="test_separable_input_and_output_dtypes[True-complex64-float32-1]" time="0.002" /><testcase classname="src.cucim.skimage.filters.tests.test_separable_filtering" name="test_separable_input_and_output_dtypes[True-complex64-float64-0]" time="0.002" /><testcase classname="src.cucim.skimage.filters.tests.test_separable_filtering" name="test_separable_input_and_output_dtypes[True-complex64-float64-1]" time="0.002" /><testcase classname="src.cucim.skimage.filters.tests.test_separable_filtering" name="test_separable_input_and_output_dtypes[True-complex64-complex64-0]" time="0.002" /><testcase classname="src.cucim.skimage.filters.tests.test_separable_filtering" name="test_separable_input_and_output_dtypes[True-complex64-complex64-1]" time="0.002" /><testcase classname="src.cucim.skimage.filters.tests.test_separable_filtering" name="test_separable_input_and_output_dtypes[True-complex64-complex128-0]" time="0.002" /><testcase classname="src.cucim.skimage.filters.tests.test_separable_filtering" name="test_separable_input_and_output_dtypes[True-complex64-complex128-1]" time="0.002" /><testcase classname="src.cucim.skimage.filters.tests.test_separable_filtering" name="test_separable_input_and_output_dtypes[True-complex64-bool-0]" time="0.002" /><testcase classname="src.cucim.skimage.filters.tests.test_separable_filtering" name="test_separable_input_and_output_dtypes[True-complex64-bool-1]" time="0.002" /><testcase classname="src.cucim.skimage.filters.tests.test_separable_filtering" name="test_separable_input_and_output_dtypes[True-complex64-int8-0]" time="0.002" /><testcase classname="src.cucim.skimage.filters.tests.test_separable_filtering" name="test_separable_input_and_output_dtypes[True-complex64-int8-1]" time="0.002" /><testcase classname="src.cucim.skimage.filters.tests.test_separable_filtering" name="test_separable_input_and_output_dtypes[True-complex64-uint8-0]" time="0.002" /><testcase classname="src.cucim.skimage.filters.tests.test_separable_filtering" name="test_separable_input_and_output_dtypes[True-complex64-uint8-1]" time="0.002" /><testcase classname="src.cucim.skimage.filters.tests.test_separable_filtering" name="test_separable_input_and_output_dtypes[True-complex64-int16-0]" time="0.002" /><testcase classname="src.cucim.skimage.filters.tests.test_separable_filtering" name="test_separable_input_and_output_dtypes[True-complex64-int16-1]" time="0.002" /><testcase classname="src.cucim.skimage.filters.tests.test_separable_filtering" name="test_separable_input_and_output_dtypes[True-complex64-uint16-0]" time="0.002" /><testcase classname="src.cucim.skimage.filters.tests.test_separable_filtering" name="test_separable_input_and_output_dtypes[True-complex64-uint16-1]" time="0.002" /><testcase classname="src.cucim.skimage.filters.tests.test_separable_filtering" name="test_separable_input_and_output_dtypes[True-complex64-int32-0]" time="0.002" /><testcase classname="src.cucim.skimage.filters.tests.test_separable_filtering" name="test_separable_input_and_output_dtypes[True-complex64-int32-1]" time="0.002" /><testcase classname="src.cucim.skimage.filters.tests.test_separable_filtering" name="test_separable_input_and_output_dtypes[True-complex64-uint32-0]" time="0.002" /><testcase classname="src.cucim.skimage.filters.tests.test_separable_filtering" name="test_separable_input_and_output_dtypes[True-complex64-uint32-1]" time="0.002" /><testcase classname="src.cucim.skimage.filters.tests.test_separable_filtering" name="test_separable_input_and_output_dtypes[True-complex64-int64-0]" time="0.002" /><testcase classname="src.cucim.skimage.filters.tests.test_separable_filtering" name="test_separable_input_and_output_dtypes[True-complex64-int64-1]" time="0.002" /><testcase classname="src.cucim.skimage.filters.tests.test_separable_filtering" name="test_separable_input_and_output_dtypes[True-complex64-uint64-0]" time="0.002" /><testcase classname="src.cucim.skimage.filters.tests.test_separable_filtering" name="test_separable_input_and_output_dtypes[True-complex64-uint64-1]" time="0.002" /><testcase classname="src.cucim.skimage.filters.tests.test_separable_filtering" name="test_separable_internal_kernel[gaussian_filter-func_kwargs0-min-0-shape0]" time="0.002" /><testcase classname="src.cucim.skimage.filters.tests.test_separable_filtering" name="test_separable_internal_kernel[gaussian_filter-func_kwargs0-min-1-shape0]" time="0.002" /><testcase classname="src.cucim.skimage.filters.tests.test_separable_filtering" name="test_separable_internal_kernel[gaussian_filter-func_kwargs0-0-0-shape0]" time="0.002" /><testcase classname="src.cucim.skimage.filters.tests.test_separable_filtering" name="test_separable_internal_kernel[gaussian_filter-func_kwargs0-0-1-shape0]" time="0.002" /><testcase classname="src.cucim.skimage.filters.tests.test_separable_filtering" name="test_separable_internal_kernel[gaussian_filter-func_kwargs0-max-0-shape0]" time="0.002" /><testcase classname="src.cucim.skimage.filters.tests.test_separable_filtering" name="test_separable_internal_kernel[gaussian_filter-func_kwargs0-max-1-shape0]" time="0.002" /><testcase classname="src.cucim.skimage.filters.tests.test_separable_filtering" name="test_separable_internal_kernel[gaussian_filter1d-func_kwargs1-min-0-shape0]" time="0.002" /><testcase classname="src.cucim.skimage.filters.tests.test_separable_filtering" name="test_separable_internal_kernel[gaussian_filter1d-func_kwargs1-min-1-shape0]" time="0.002" /><testcase classname="src.cucim.skimage.filters.tests.test_separable_filtering" name="test_separable_internal_kernel[gaussian_filter1d-func_kwargs1-0-0-shape0]" time="0.002" /><testcase classname="src.cucim.skimage.filters.tests.test_separable_filtering" name="test_separable_internal_kernel[gaussian_filter1d-func_kwargs1-0-1-shape0]" time="0.002" /><testcase classname="src.cucim.skimage.filters.tests.test_separable_filtering" name="test_separable_internal_kernel[gaussian_filter1d-func_kwargs1-max-0-shape0]" time="0.002" /><testcase classname="src.cucim.skimage.filters.tests.test_separable_filtering" name="test_separable_internal_kernel[gaussian_filter1d-func_kwargs1-max-1-shape0]" time="0.002" /><testcase classname="src.cucim.skimage.filters.tests.test_separable_filtering" name="test_separable_internal_kernel[gaussian_filter1d-func_kwargs2-min-0-shape0]" time="0.002" /><testcase classname="src.cucim.skimage.filters.tests.test_separable_filtering" name="test_separable_internal_kernel[gaussian_filter1d-func_kwargs2-min-1-shape0]" time="0.002" /><testcase classname="src.cucim.skimage.filters.tests.test_separable_filtering" name="test_separable_internal_kernel[gaussian_filter1d-func_kwargs2-0-0-shape0]" time="0.002" /><testcase classname="src.cucim.skimage.filters.tests.test_separable_filtering" name="test_separable_internal_kernel[gaussian_filter1d-func_kwargs2-0-1-shape0]" time="0.002" /><testcase classname="src.cucim.skimage.filters.tests.test_separable_filtering" name="test_separable_internal_kernel[gaussian_filter1d-func_kwargs2-max-0-shape0]" time="0.002" /><testcase classname="src.cucim.skimage.filters.tests.test_separable_filtering" name="test_separable_internal_kernel[gaussian_filter1d-func_kwargs2-max-1-shape0]" time="0.002" /><testcase classname="src.cucim.skimage.filters.tests.test_separable_filtering" name="test_separable_internal_kernel[gaussian_gradient_magnitude-func_kwargs3-min-0-shape0]" time="2.898" /><testcase classname="src.cucim.skimage.filters.tests.test_separable_filtering" name="test_separable_internal_kernel[gaussian_gradient_magnitude-func_kwargs3-min-1-shape0]" time="0.003" /><testcase classname="src.cucim.skimage.filters.tests.test_separable_filtering" name="test_separable_internal_kernel[gaussian_gradient_magnitude-func_kwargs3-0-0-shape0]" time="0.003" /><testcase classname="src.cucim.skimage.filters.tests.test_separable_filtering" name="test_separable_internal_kernel[gaussian_gradient_magnitude-func_kwargs3-0-1-shape0]" time="0.003" /><testcase classname="src.cucim.skimage.filters.tests.test_separable_filtering" name="test_separable_internal_kernel[gaussian_gradient_magnitude-func_kwargs3-max-0-shape0]" time="0.003" /><testcase classname="src.cucim.skimage.filters.tests.test_separable_filtering" name="test_separable_internal_kernel[gaussian_gradient_magnitude-func_kwargs3-max-1-shape0]" time="0.002" /><testcase classname="src.cucim.skimage.filters.tests.test_separable_filtering" name="test_separable_internal_kernel[gaussian_laplace-func_kwargs4-min-0-shape0]" time="2.968" /><testcase classname="src.cucim.skimage.filters.tests.test_separable_filtering" name="test_separable_internal_kernel[gaussian_laplace-func_kwargs4-min-1-shape0]" time="0.003" /><testcase classname="src.cucim.skimage.filters.tests.test_separable_filtering" name="test_separable_internal_kernel[gaussian_laplace-func_kwargs4-0-0-shape0]" time="0.002" /><testcase classname="src.cucim.skimage.filters.tests.test_separable_filtering" name="test_separable_internal_kernel[gaussian_laplace-func_kwargs4-0-1-shape0]" time="0.002" /><testcase classname="src.cucim.skimage.filters.tests.test_separable_filtering" name="test_separable_internal_kernel[gaussian_laplace-func_kwargs4-max-0-shape0]" time="0.002" /><testcase classname="src.cucim.skimage.filters.tests.test_separable_filtering" name="test_separable_internal_kernel[gaussian_laplace-func_kwargs4-max-1-shape0]" time="0.003" /><testcase classname="src.cucim.skimage.filters.tests.test_separable_filtering" name="test_separable_internal_kernel[laplace-func_kwargs5-min-0-shape0]" time="0.002" /><testcase classname="src.cucim.skimage.filters.tests.test_separable_filtering" name="test_separable_internal_kernel[laplace-func_kwargs5-min-1-shape0]" time="0.002" /><testcase classname="src.cucim.skimage.filters.tests.test_separable_filtering" name="test_separable_internal_kernel[laplace-func_kwargs5-0-0-shape0]" time="0.002" /><testcase classname="src.cucim.skimage.filters.tests.test_separable_filtering" name="test_separable_internal_kernel[laplace-func_kwargs5-0-1-shape0]" time="0.002" /><testcase classname="src.cucim.skimage.filters.tests.test_separable_filtering" name="test_separable_internal_kernel[laplace-func_kwargs5-max-0-shape0]" time="0.002" /><testcase classname="src.cucim.skimage.filters.tests.test_separable_filtering" name="test_separable_internal_kernel[laplace-func_kwargs5-max-1-shape0]" time="0.002" /><testcase classname="src.cucim.skimage.filters.tests.test_separable_filtering" name="test_separable_internal_kernel[prewitt-func_kwargs6-min-0-shape0]" time="0.002" /><testcase classname="src.cucim.skimage.filters.tests.test_separable_filtering" name="test_separable_internal_kernel[prewitt-func_kwargs6-min-1-shape0]" time="0.002" /><testcase classname="src.cucim.skimage.filters.tests.test_separable_filtering" name="test_separable_internal_kernel[prewitt-func_kwargs6-0-0-shape0]" time="0.002" /><testcase classname="src.cucim.skimage.filters.tests.test_separable_filtering" name="test_separable_internal_kernel[prewitt-func_kwargs6-0-1-shape0]" time="0.002" /><testcase classname="src.cucim.skimage.filters.tests.test_separable_filtering" name="test_separable_internal_kernel[prewitt-func_kwargs6-max-0-shape0]" time="0.002" /><testcase classname="src.cucim.skimage.filters.tests.test_separable_filtering" name="test_separable_internal_kernel[prewitt-func_kwargs6-max-1-shape0]" time="0.002" /><testcase classname="src.cucim.skimage.filters.tests.test_separable_filtering" name="test_separable_internal_kernel[sobel-func_kwargs7-min-0-shape0]" time="0.002" /><testcase classname="src.cucim.skimage.filters.tests.test_separable_filtering" name="test_separable_internal_kernel[sobel-func_kwargs7-min-1-shape0]" time="0.002" /><testcase classname="src.cucim.skimage.filters.tests.test_separable_filtering" name="test_separable_internal_kernel[sobel-func_kwargs7-0-0-shape0]" time="0.002" /><testcase classname="src.cucim.skimage.filters.tests.test_separable_filtering" name="test_separable_internal_kernel[sobel-func_kwargs7-0-1-shape0]" time="0.002" /><testcase classname="src.cucim.skimage.filters.tests.test_separable_filtering" name="test_separable_internal_kernel[sobel-func_kwargs7-max-0-shape0]" time="0.002" /><testcase classname="src.cucim.skimage.filters.tests.test_separable_filtering" name="test_separable_internal_kernel[sobel-func_kwargs7-max-1-shape0]" time="0.002" /><testcase classname="src.cucim.skimage.filters.tests.test_separable_filtering" name="test_separable_internal_kernel[uniform_filter-func_kwargs8-min-0-shape0]" time="0.002" /><testcase classname="src.cucim.skimage.filters.tests.test_separable_filtering" name="test_separable_internal_kernel[uniform_filter-func_kwargs8-min-1-shape0]" time="0.002" /><testcase classname="src.cucim.skimage.filters.tests.test_separable_filtering" name="test_separable_internal_kernel[uniform_filter-func_kwargs8-0-0-shape0]" time="0.002" /><testcase classname="src.cucim.skimage.filters.tests.test_separable_filtering" name="test_separable_internal_kernel[uniform_filter-func_kwargs8-0-1-shape0]" time="0.002" /><testcase classname="src.cucim.skimage.filters.tests.test_separable_filtering" name="test_separable_internal_kernel[uniform_filter-func_kwargs8-max-0-shape0]" time="0.002" /><testcase classname="src.cucim.skimage.filters.tests.test_separable_filtering" name="test_separable_internal_kernel[uniform_filter-func_kwargs8-max-1-shape0]" time="0.002" /><testcase classname="src.cucim.skimage.filters.tests.test_separable_filtering" name="test_separable_internal_kernel[uniform_filter1d-func_kwargs9-min-0-shape0]" time="0.002" /><testcase classname="src.cucim.skimage.filters.tests.test_separable_filtering" name="test_separable_internal_kernel[uniform_filter1d-func_kwargs9-min-1-shape0]" time="0.002" /><testcase classname="src.cucim.skimage.filters.tests.test_separable_filtering" name="test_separable_internal_kernel[uniform_filter1d-func_kwargs9-0-0-shape0]" time="0.002" /><testcase classname="src.cucim.skimage.filters.tests.test_separable_filtering" name="test_separable_internal_kernel[uniform_filter1d-func_kwargs9-0-1-shape0]" time="0.002" /><testcase classname="src.cucim.skimage.filters.tests.test_separable_filtering" name="test_separable_internal_kernel[uniform_filter1d-func_kwargs9-max-0-shape0]" time="0.002" /><testcase classname="src.cucim.skimage.filters.tests.test_separable_filtering" name="test_separable_internal_kernel[uniform_filter1d-func_kwargs9-max-1-shape0]" time="0.002" /><testcase classname="src.cucim.skimage.filters.tests.test_separable_filtering" name="test_separable_internal_kernel[uniform_filter1d-func_kwargs10-min-0-shape0]" time="0.002" /><testcase classname="src.cucim.skimage.filters.tests.test_separable_filtering" name="test_separable_internal_kernel[uniform_filter1d-func_kwargs10-min-1-shape0]" time="0.002" /><testcase classname="src.cucim.skimage.filters.tests.test_separable_filtering" name="test_separable_internal_kernel[uniform_filter1d-func_kwargs10-0-0-shape0]" time="0.002" /><testcase classname="src.cucim.skimage.filters.tests.test_separable_filtering" name="test_separable_internal_kernel[uniform_filter1d-func_kwargs10-0-1-shape0]" time="0.002" /><testcase classname="src.cucim.skimage.filters.tests.test_separable_filtering" name="test_separable_internal_kernel[uniform_filter1d-func_kwargs10-max-0-shape0]" time="0.002" /><testcase classname="src.cucim.skimage.filters.tests.test_separable_filtering" name="test_separable_internal_kernel[uniform_filter1d-func_kwargs10-max-1-shape0]" time="0.002" /><testcase classname="src.cucim.skimage.filters.tests.test_separable_filtering" name="test_separable_kernel_sizes_3d[convolve1d-1-0-shape0]" time="1.366" /><testcase classname="src.cucim.skimage.filters.tests.test_separable_filtering" name="test_separable_kernel_sizes_3d[convolve1d-1-0-shape1]" time="0.053" /><testcase classname="src.cucim.skimage.filters.tests.test_separable_filtering" name="test_separable_kernel_sizes_3d[convolve1d-1-1-shape0]" time="0.702" /><testcase classname="src.cucim.skimage.filters.tests.test_separable_filtering" name="test_separable_kernel_sizes_3d[convolve1d-1-1-shape1]" time="0.052" /><testcase classname="src.cucim.skimage.filters.tests.test_separable_filtering" name="test_separable_kernel_sizes_3d[convolve1d-1-2-shape0]" time="0.700" /><testcase classname="src.cucim.skimage.filters.tests.test_separable_filtering" name="test_separable_kernel_sizes_3d[convolve1d-1-2-shape1]" time="0.051" /><testcase classname="src.cucim.skimage.filters.tests.test_separable_filtering" name="test_separable_kernel_sizes_3d[convolve1d-4-0-shape0]" time="1.390" /><testcase classname="src.cucim.skimage.filters.tests.test_separable_filtering" name="test_separable_kernel_sizes_3d[convolve1d-4-0-shape1]" time="0.057" /><testcase classname="src.cucim.skimage.filters.tests.test_separable_filtering" name="test_separable_kernel_sizes_3d[convolve1d-4-1-shape0]" time="1.405" /><testcase classname="src.cucim.skimage.filters.tests.test_separable_filtering" name="test_separable_kernel_sizes_3d[convolve1d-4-1-shape1]" time="0.054" /><testcase classname="src.cucim.skimage.filters.tests.test_separable_filtering" name="test_separable_kernel_sizes_3d[convolve1d-4-2-shape0]" time="1.406" /><testcase classname="src.cucim.skimage.filters.tests.test_separable_filtering" name="test_separable_kernel_sizes_3d[convolve1d-4-2-shape1]" time="0.052" /><testcase classname="src.cucim.skimage.filters.tests.test_separable_filtering" name="test_separable_kernel_sizes_3d[convolve1d-7-0-shape0]" time="1.405" /><testcase classname="src.cucim.skimage.filters.tests.test_separable_filtering" name="test_separable_kernel_sizes_3d[convolve1d-7-0-shape1]" time="0.054" /><testcase classname="src.cucim.skimage.filters.tests.test_separable_filtering" name="test_separable_kernel_sizes_3d[convolve1d-7-1-shape0]" time="1.394" /><testcase classname="src.cucim.skimage.filters.tests.test_separable_filtering" name="test_separable_kernel_sizes_3d[convolve1d-7-1-shape1]" time="0.056" /><testcase classname="src.cucim.skimage.filters.tests.test_separable_filtering" name="test_separable_kernel_sizes_3d[convolve1d-7-2-shape0]" time="1.365" /><testcase classname="src.cucim.skimage.filters.tests.test_separable_filtering" name="test_separable_kernel_sizes_3d[convolve1d-7-2-shape1]" time="0.052" /><testcase classname="src.cucim.skimage.filters.tests.test_separable_filtering" name="test_separable_kernel_sizes_3d[convolve1d-10-0-shape0]" time="1.378" /><testcase classname="src.cucim.skimage.filters.tests.test_separable_filtering" name="test_separable_kernel_sizes_3d[convolve1d-10-0-shape1]" time="0.054" /><testcase classname="src.cucim.skimage.filters.tests.test_separable_filtering" name="test_separable_kernel_sizes_3d[convolve1d-10-1-shape0]" time="1.409" /><testcase classname="src.cucim.skimage.filters.tests.test_separable_filtering" name="test_separable_kernel_sizes_3d[convolve1d-10-1-shape1]" time="0.053" /><testcase classname="src.cucim.skimage.filters.tests.test_separable_filtering" name="test_separable_kernel_sizes_3d[convolve1d-10-2-shape0]" time="1.415" /><testcase classname="src.cucim.skimage.filters.tests.test_separable_filtering" name="test_separable_kernel_sizes_3d[convolve1d-10-2-shape1]" time="0.053" /><testcase classname="src.cucim.skimage.filters.tests.test_separable_filtering" name="test_separable_kernel_sizes_3d[convolve1d-13-0-shape0]" time="1.411" /><testcase classname="src.cucim.skimage.filters.tests.test_separable_filtering" name="test_separable_kernel_sizes_3d[convolve1d-13-0-shape1]" time="0.054" /><testcase classname="src.cucim.skimage.filters.tests.test_separable_filtering" name="test_separable_kernel_sizes_3d[convolve1d-13-1-shape0]" time="1.444" /><testcase classname="src.cucim.skimage.filters.tests.test_separable_filtering" name="test_separable_kernel_sizes_3d[convolve1d-13-1-shape1]" time="0.054" /><testcase classname="src.cucim.skimage.filters.tests.test_separable_filtering" name="test_separable_kernel_sizes_3d[convolve1d-13-2-shape0]" time="1.426" /><testcase classname="src.cucim.skimage.filters.tests.test_separable_filtering" name="test_separable_kernel_sizes_3d[convolve1d-13-2-shape1]" time="0.053" /><testcase classname="src.cucim.skimage.filters.tests.test_separable_filtering" name="test_separable_kernel_sizes_3d[convolve1d-16-0-shape0]" time="1.442" /><testcase classname="src.cucim.skimage.filters.tests.test_separable_filtering" name="test_separable_kernel_sizes_3d[convolve1d-16-0-shape1]" time="0.053" /><testcase classname="src.cucim.skimage.filters.tests.test_separable_filtering" name="test_separable_kernel_sizes_3d[convolve1d-16-1-shape0]" time="1.431" /><testcase classname="src.cucim.skimage.filters.tests.test_separable_filtering" name="test_separable_kernel_sizes_3d[convolve1d-16-1-shape1]" time="0.053" /><testcase classname="src.cucim.skimage.filters.tests.test_separable_filtering" name="test_separable_kernel_sizes_3d[convolve1d-16-2-shape0]" time="1.448" /><testcase classname="src.cucim.skimage.filters.tests.test_separable_filtering" name="test_separable_kernel_sizes_3d[convolve1d-16-2-shape1]" time="0.054" /><testcase classname="src.cucim.skimage.filters.tests.test_separable_filtering" name="test_separable_kernel_sizes_3d[correlate1d-1-0-shape0]" time="0.701" /><testcase classname="src.cucim.skimage.filters.tests.test_separable_filtering" name="test_separable_kernel_sizes_3d[correlate1d-1-0-shape1]" time="0.056" /><testcase classname="src.cucim.skimage.filters.tests.test_separable_filtering" name="test_separable_kernel_sizes_3d[correlate1d-1-1-shape0]" time="0.678" /><testcase classname="src.cucim.skimage.filters.tests.test_separable_filtering" name="test_separable_kernel_sizes_3d[correlate1d-1-1-shape1]" time="0.055" /><testcase classname="src.cucim.skimage.filters.tests.test_separable_filtering" name="test_separable_kernel_sizes_3d[correlate1d-1-2-shape0]" time="0.686" /><testcase classname="src.cucim.skimage.filters.tests.test_separable_filtering" name="test_separable_kernel_sizes_3d[correlate1d-1-2-shape1]" time="0.054" /><testcase classname="src.cucim.skimage.filters.tests.test_separable_filtering" name="test_separable_kernel_sizes_3d[correlate1d-4-0-shape0]" time="1.386" /><testcase classname="src.cucim.skimage.filters.tests.test_separable_filtering" name="test_separable_kernel_sizes_3d[correlate1d-4-0-shape1]" time="0.053" /><testcase classname="src.cucim.skimage.filters.tests.test_separable_filtering" name="test_separable_kernel_sizes_3d[correlate1d-4-1-shape0]" time="1.373" /><testcase classname="src.cucim.skimage.filters.tests.test_separable_filtering" name="test_separable_kernel_sizes_3d[correlate1d-4-1-shape1]" time="0.053" /><testcase classname="src.cucim.skimage.filters.tests.test_separable_filtering" name="test_separable_kernel_sizes_3d[correlate1d-4-2-shape0]" time="1.383" /><testcase classname="src.cucim.skimage.filters.tests.test_separable_filtering" name="test_separable_kernel_sizes_3d[correlate1d-4-2-shape1]" time="0.054" /><testcase classname="src.cucim.skimage.filters.tests.test_separable_filtering" name="test_separable_kernel_sizes_3d[correlate1d-7-0-shape0]" time="0.714" /><testcase classname="src.cucim.skimage.filters.tests.test_separable_filtering" name="test_separable_kernel_sizes_3d[correlate1d-7-0-shape1]" time="0.052" /><testcase classname="src.cucim.skimage.filters.tests.test_separable_filtering" name="test_separable_kernel_sizes_3d[correlate1d-7-1-shape0]" time="0.705" /><testcase classname="src.cucim.skimage.filters.tests.test_separable_filtering" name="test_separable_kernel_sizes_3d[correlate1d-7-1-shape1]" time="0.052" /><testcase classname="src.cucim.skimage.filters.tests.test_separable_filtering" name="test_separable_kernel_sizes_3d[correlate1d-7-2-shape0]" time="0.701" /><testcase classname="src.cucim.skimage.filters.tests.test_separable_filtering" name="test_separable_kernel_sizes_3d[correlate1d-7-2-shape1]" time="0.051" /><testcase classname="src.cucim.skimage.filters.tests.test_separable_filtering" name="test_separable_kernel_sizes_3d[correlate1d-10-0-shape0]" time="1.424" /><testcase classname="src.cucim.skimage.filters.tests.test_separable_filtering" name="test_separable_kernel_sizes_3d[correlate1d-10-0-shape1]" time="0.052" /><testcase classname="src.cucim.skimage.filters.tests.test_separable_filtering" name="test_separable_kernel_sizes_3d[correlate1d-10-1-shape0]" time="1.406" /><testcase classname="src.cucim.skimage.filters.tests.test_separable_filtering" name="test_separable_kernel_sizes_3d[correlate1d-10-1-shape1]" time="0.054" /><testcase classname="src.cucim.skimage.filters.tests.test_separable_filtering" name="test_separable_kernel_sizes_3d[correlate1d-10-2-shape0]" time="1.484" /><testcase classname="src.cucim.skimage.filters.tests.test_separable_filtering" name="test_separable_kernel_sizes_3d[correlate1d-10-2-shape1]" time="0.064" /><testcase classname="src.cucim.skimage.filters.tests.test_separable_filtering" name="test_separable_kernel_sizes_3d[correlate1d-13-0-shape0]" time="1.066" /><testcase classname="src.cucim.skimage.filters.tests.test_separable_filtering" name="test_separable_kernel_sizes_3d[correlate1d-13-0-shape1]" time="0.071" /><testcase classname="src.cucim.skimage.filters.tests.test_separable_filtering" name="test_separable_kernel_sizes_3d[correlate1d-13-1-shape0]" time="1.105" /><testcase classname="src.cucim.skimage.filters.tests.test_separable_filtering" name="test_separable_kernel_sizes_3d[correlate1d-13-1-shape1]" time="0.131" /><testcase classname="src.cucim.skimage.filters.tests.test_separable_filtering" name="test_separable_kernel_sizes_3d[correlate1d-13-2-shape0]" time="1.098" /><testcase classname="src.cucim.skimage.filters.tests.test_separable_filtering" name="test_separable_kernel_sizes_3d[correlate1d-13-2-shape1]" time="0.127" /><testcase classname="src.cucim.skimage.filters.tests.test_separable_filtering" name="test_separable_kernel_sizes_3d[correlate1d-16-0-shape0]" time="1.681" /><testcase classname="src.cucim.skimage.filters.tests.test_separable_filtering" name="test_separable_kernel_sizes_3d[correlate1d-16-0-shape1]" time="0.065" /><testcase classname="src.cucim.skimage.filters.tests.test_separable_filtering" name="test_separable_kernel_sizes_3d[correlate1d-16-1-shape0]" time="1.490" /><testcase classname="src.cucim.skimage.filters.tests.test_separable_filtering" name="test_separable_kernel_sizes_3d[correlate1d-16-1-shape1]" time="0.067" /><testcase classname="src.cucim.skimage.filters.tests.test_separable_filtering" name="test_separable_kernel_sizes_3d[correlate1d-16-2-shape0]" time="1.504" /><testcase classname="src.cucim.skimage.filters.tests.test_separable_filtering" name="test_separable_kernel_sizes_3d[correlate1d-16-2-shape1]" time="0.068" /><testcase classname="src.cucim.skimage.filters.tests.test_separable_filtering" name="test_separable_large_kernel_3d[65-0]" time="0.779" /><testcase classname="src.cucim.skimage.filters.tests.test_separable_filtering" name="test_separable_large_kernel_3d[65-1]" time="0.790" /><testcase classname="src.cucim.skimage.filters.tests.test_separable_filtering" name="test_separable_large_kernel_3d[65-2]" time="1.729" /><testcase classname="src.cucim.skimage.filters.tests.test_separable_filtering" name="test_separable_large_kernel_3d[129-0]" time="0.796" /><testcase classname="src.cucim.skimage.filters.tests.test_separable_filtering" name="test_separable_large_kernel_3d[129-1]" time="0.783" /><testcase classname="src.cucim.skimage.filters.tests.test_separable_filtering" name="test_separable_large_kernel_3d[129-2]" time="2.286" /><testcase classname="src.cucim.skimage.filters.tests.test_separable_filtering" name="test_separable_large_kernel_3d[198-0]" time="0.799" /><testcase classname="src.cucim.skimage.filters.tests.test_separable_filtering" name="test_separable_large_kernel_3d[198-1]" time="0.774" /><testcase classname="src.cucim.skimage.filters.tests.test_separable_filtering" name="test_separable_large_kernel_3d[198-2]" time="3.440" /><testcase classname="src.cucim.skimage.filters.tests.test_separable_filtering" name="test_separable_image_shapes_and_modes_3d[nearest-9--1-shape0]" time="0.807" /><testcase classname="src.cucim.skimage.filters.tests.test_separable_filtering" name="test_separable_image_shapes_and_modes_3d[nearest-9--1-shape1]" time="0.003" /><testcase classname="src.cucim.skimage.filters.tests.test_separable_filtering" name="test_separable_image_shapes_and_modes_3d[nearest-9--1-shape2]" time="0.002" /><testcase classname="src.cucim.skimage.filters.tests.test_separable_filtering" name="test_separable_image_shapes_and_modes_3d[nearest-9--1-shape3]" time="0.002" /><testcase classname="src.cucim.skimage.filters.tests.test_separable_filtering" name="test_separable_image_shapes_and_modes_3d[nearest-9--2-shape0]" time="0.706" /><testcase classname="src.cucim.skimage.filters.tests.test_separable_filtering" name="test_separable_image_shapes_and_modes_3d[nearest-9--2-shape1]" time="0.002" /><testcase classname="src.cucim.skimage.filters.tests.test_separable_filtering" name="test_separable_image_shapes_and_modes_3d[nearest-9--2-shape2]" time="0.002" /><testcase classname="src.cucim.skimage.filters.tests.test_separable_filtering" name="test_separable_image_shapes_and_modes_3d[nearest-9--2-shape3]" time="0.002" /><testcase classname="src.cucim.skimage.filters.tests.test_separable_filtering" name="test_separable_image_shapes_and_modes_3d[nearest-9--3-shape0]" time="0.703" /><testcase classname="src.cucim.skimage.filters.tests.test_separable_filtering" name="test_separable_image_shapes_and_modes_3d[nearest-9--3-shape1]" time="0.002" /><testcase classname="src.cucim.skimage.filters.tests.test_separable_filtering" name="test_separable_image_shapes_and_modes_3d[nearest-9--3-shape2]" time="0.002" /><testcase classname="src.cucim.skimage.filters.tests.test_separable_filtering" name="test_separable_image_shapes_and_modes_3d[nearest-9--3-shape3]" time="0.002" /><testcase classname="src.cucim.skimage.filters.tests.test_separable_filtering" name="test_separable_image_shapes_and_modes_3d[reflect-9--1-shape0]" time="0.684" /><testcase classname="src.cucim.skimage.filters.tests.test_separable_filtering" name="test_separable_image_shapes_and_modes_3d[reflect-9--1-shape1]" time="0.002" /><testcase classname="src.cucim.skimage.filters.tests.test_separable_filtering" name="test_separable_image_shapes_and_modes_3d[reflect-9--1-shape2]" time="0.002" /><testcase classname="src.cucim.skimage.filters.tests.test_separable_filtering" name="test_separable_image_shapes_and_modes_3d[reflect-9--1-shape3]" time="0.002" /><testcase classname="src.cucim.skimage.filters.tests.test_separable_filtering" name="test_separable_image_shapes_and_modes_3d[reflect-9--2-shape0]" time="0.697" /><testcase classname="src.cucim.skimage.filters.tests.test_separable_filtering" name="test_separable_image_shapes_and_modes_3d[reflect-9--2-shape1]" time="0.003" /><testcase classname="src.cucim.skimage.filters.tests.test_separable_filtering" name="test_separable_image_shapes_and_modes_3d[reflect-9--2-shape2]" time="0.002" /><testcase classname="src.cucim.skimage.filters.tests.test_separable_filtering" name="test_separable_image_shapes_and_modes_3d[reflect-9--2-shape3]" time="0.002" /><testcase classname="src.cucim.skimage.filters.tests.test_separable_filtering" name="test_separable_image_shapes_and_modes_3d[reflect-9--3-shape0]" time="0.707" /><testcase classname="src.cucim.skimage.filters.tests.test_separable_filtering" name="test_separable_image_shapes_and_modes_3d[reflect-9--3-shape1]" time="0.003" /><testcase classname="src.cucim.skimage.filters.tests.test_separable_filtering" name="test_separable_image_shapes_and_modes_3d[reflect-9--3-shape2]" time="0.002" /><testcase classname="src.cucim.skimage.filters.tests.test_separable_filtering" name="test_separable_image_shapes_and_modes_3d[reflect-9--3-shape3]" time="0.002" /><testcase classname="src.cucim.skimage.filters.tests.test_separable_filtering" name="test_separable_image_shapes_and_modes_3d[wrap-9--1-shape0]" time="1.415" /><testcase classname="src.cucim.skimage.filters.tests.test_separable_filtering" name="test_separable_image_shapes_and_modes_3d[wrap-9--1-shape1]" time="0.002" /><testcase classname="src.cucim.skimage.filters.tests.test_separable_filtering" name="test_separable_image_shapes_and_modes_3d[wrap-9--1-shape2]" time="0.002" /><testcase classname="src.cucim.skimage.filters.tests.test_separable_filtering" name="test_separable_image_shapes_and_modes_3d[wrap-9--1-shape3]" time="0.002" /><testcase classname="src.cucim.skimage.filters.tests.test_separable_filtering" name="test_separable_image_shapes_and_modes_3d[wrap-9--2-shape0]" time="1.444" /><testcase classname="src.cucim.skimage.filters.tests.test_separable_filtering" name="test_separable_image_shapes_and_modes_3d[wrap-9--2-shape1]" time="0.002" /><testcase classname="src.cucim.skimage.filters.tests.test_separable_filtering" name="test_separable_image_shapes_and_modes_3d[wrap-9--2-shape2]" time="0.002" /><testcase classname="src.cucim.skimage.filters.tests.test_separable_filtering" name="test_separable_image_shapes_and_modes_3d[wrap-9--2-shape3]" time="0.002" /><testcase classname="src.cucim.skimage.filters.tests.test_separable_filtering" name="test_separable_image_shapes_and_modes_3d[wrap-9--3-shape0]" time="1.464" /><testcase classname="src.cucim.skimage.filters.tests.test_separable_filtering" name="test_separable_image_shapes_and_modes_3d[wrap-9--3-shape1]" time="0.002" /><testcase classname="src.cucim.skimage.filters.tests.test_separable_filtering" name="test_separable_image_shapes_and_modes_3d[wrap-9--3-shape2]" time="0.002" /><testcase classname="src.cucim.skimage.filters.tests.test_separable_filtering" name="test_separable_image_shapes_and_modes_3d[wrap-9--3-shape3]" time="0.002" /><testcase classname="src.cucim.skimage.filters.tests.test_separable_filtering" name="test_separable_image_shapes_and_modes_3d[mirror-9--1-shape0]" time="1.498" /><testcase classname="src.cucim.skimage.filters.tests.test_separable_filtering" name="test_separable_image_shapes_and_modes_3d[mirror-9--1-shape1]" time="0.002" /><testcase classname="src.cucim.skimage.filters.tests.test_separable_filtering" name="test_separable_image_shapes_and_modes_3d[mirror-9--1-shape2]" time="0.002" /><testcase classname="src.cucim.skimage.filters.tests.test_separable_filtering" name="test_separable_image_shapes_and_modes_3d[mirror-9--1-shape3]" time="0.002" /><testcase classname="src.cucim.skimage.filters.tests.test_separable_filtering" name="test_separable_image_shapes_and_modes_3d[mirror-9--2-shape0]" time="1.504" /><testcase classname="src.cucim.skimage.filters.tests.test_separable_filtering" name="test_separable_image_shapes_and_modes_3d[mirror-9--2-shape1]" time="0.003" /><testcase classname="src.cucim.skimage.filters.tests.test_separable_filtering" name="test_separable_image_shapes_and_modes_3d[mirror-9--2-shape2]" time="0.002" /><testcase classname="src.cucim.skimage.filters.tests.test_separable_filtering" name="test_separable_image_shapes_and_modes_3d[mirror-9--2-shape3]" time="0.002" /><testcase classname="src.cucim.skimage.filters.tests.test_separable_filtering" name="test_separable_image_shapes_and_modes_3d[mirror-9--3-shape0]" time="1.478" /><testcase classname="src.cucim.skimage.filters.tests.test_separable_filtering" name="test_separable_image_shapes_and_modes_3d[mirror-9--3-shape1]" time="0.003" /><testcase classname="src.cucim.skimage.filters.tests.test_separable_filtering" name="test_separable_image_shapes_and_modes_3d[mirror-9--3-shape2]" time="0.002" /><testcase classname="src.cucim.skimage.filters.tests.test_separable_filtering" name="test_separable_image_shapes_and_modes_3d[mirror-9--3-shape3]" time="0.002" /><testcase classname="src.cucim.skimage.filters.tests.test_separable_filtering" name="test_separable_image_shapes_and_modes_3d[constant-9--1-shape0]" time="0.728" /><testcase classname="src.cucim.skimage.filters.tests.test_separable_filtering" name="test_separable_image_shapes_and_modes_3d[constant-9--1-shape1]" time="0.002" /><testcase classname="src.cucim.skimage.filters.tests.test_separable_filtering" name="test_separable_image_shapes_and_modes_3d[constant-9--1-shape2]" time="0.002" /><testcase classname="src.cucim.skimage.filters.tests.test_separable_filtering" name="test_separable_image_shapes_and_modes_3d[constant-9--1-shape3]" time="0.002" /><testcase classname="src.cucim.skimage.filters.tests.test_separable_filtering" name="test_separable_image_shapes_and_modes_3d[constant-9--2-shape0]" time="0.737" /><testcase classname="src.cucim.skimage.filters.tests.test_separable_filtering" name="test_separable_image_shapes_and_modes_3d[constant-9--2-shape1]" time="0.002" /><testcase classname="src.cucim.skimage.filters.tests.test_separable_filtering" name="test_separable_image_shapes_and_modes_3d[constant-9--2-shape2]" time="0.002" /><testcase classname="src.cucim.skimage.filters.tests.test_separable_filtering" name="test_separable_image_shapes_and_modes_3d[constant-9--2-shape3]" time="0.002" /><testcase classname="src.cucim.skimage.filters.tests.test_separable_filtering" name="test_separable_image_shapes_and_modes_3d[constant-9--3-shape0]" time="0.739" /><testcase classname="src.cucim.skimage.filters.tests.test_separable_filtering" name="test_separable_image_shapes_and_modes_3d[constant-9--3-shape1]" time="0.002" /><testcase classname="src.cucim.skimage.filters.tests.test_separable_filtering" name="test_separable_image_shapes_and_modes_3d[constant-9--3-shape2]" time="0.002" /><testcase classname="src.cucim.skimage.filters.tests.test_separable_filtering" name="test_separable_image_shapes_and_modes_3d[constant-9--3-shape3]" time="0.002" /><testcase classname="src.cucim.skimage.filters.tests.test_separable_filtering" name="test_separable_image_shapes_and_modes_3d[mode5-9--1-shape0]" time="1.453" /><testcase classname="src.cucim.skimage.filters.tests.test_separable_filtering" name="test_separable_image_shapes_and_modes_3d[mode5-9--1-shape1]" time="0.002" /><testcase classname="src.cucim.skimage.filters.tests.test_separable_filtering" name="test_separable_image_shapes_and_modes_3d[mode5-9--1-shape2]" time="0.002" /><testcase classname="src.cucim.skimage.filters.tests.test_separable_filtering" name="test_separable_image_shapes_and_modes_3d[mode5-9--1-shape3]" time="0.002" /><testcase classname="src.cucim.skimage.filters.tests.test_separable_filtering" name="test_separable_image_shapes_and_modes_3d[mode5-9--2-shape0]" time="1.446" /><testcase classname="src.cucim.skimage.filters.tests.test_separable_filtering" name="test_separable_image_shapes_and_modes_3d[mode5-9--2-shape1]" time="0.003" /><testcase classname="src.cucim.skimage.filters.tests.test_separable_filtering" name="test_separable_image_shapes_and_modes_3d[mode5-9--2-shape2]" time="0.002" /><testcase classname="src.cucim.skimage.filters.tests.test_separable_filtering" name="test_separable_image_shapes_and_modes_3d[mode5-9--2-shape3]" time="0.002" /><testcase classname="src.cucim.skimage.filters.tests.test_separable_filtering" name="test_separable_image_shapes_and_modes_3d[mode5-9--3-shape0]" time="1.468" /><testcase classname="src.cucim.skimage.filters.tests.test_separable_filtering" name="test_separable_image_shapes_and_modes_3d[mode5-9--3-shape1]" time="0.003" /><testcase classname="src.cucim.skimage.filters.tests.test_separable_filtering" name="test_separable_image_shapes_and_modes_3d[mode5-9--3-shape2]" time="0.002" /><testcase classname="src.cucim.skimage.filters.tests.test_separable_filtering" name="test_separable_image_shapes_and_modes_3d[mode5-9--3-shape3]" time="0.002" /><testcase classname="src.cucim.skimage.filters.tests.test_thresholding.TestSimpleImage" name="test_minimum" time="0.194" /><testcase classname="src.cucim.skimage.filters.tests.test_thresholding.TestSimpleImage" name="test_try_all_threshold" time="4.869" /><testcase classname="src.cucim.skimage.filters.tests.test_thresholding.TestSimpleImage" name="test_otsu" time="0.002" /><testcase classname="src.cucim.skimage.filters.tests.test_thresholding.TestSimpleImage" name="test_otsu_negative_int" time="0.002" /><testcase classname="src.cucim.skimage.filters.tests.test_thresholding.TestSimpleImage" name="test_otsu_float_image" time="0.002" /><testcase classname="src.cucim.skimage.filters.tests.test_thresholding.TestSimpleImage" name="test_li" time="0.003" /><testcase classname="src.cucim.skimage.filters.tests.test_thresholding.TestSimpleImage" name="test_li_negative_int" time="0.003" /><testcase classname="src.cucim.skimage.filters.tests.test_thresholding.TestSimpleImage" name="test_li_float_image" time="0.069" /><testcase classname="src.cucim.skimage.filters.tests.test_thresholding.TestSimpleImage" name="test_li_constant_image" time="0.001" /><testcase classname="src.cucim.skimage.filters.tests.test_thresholding.TestSimpleImage" name="test_yen" time="0.002" /><testcase classname="src.cucim.skimage.filters.tests.test_thresholding.TestSimpleImage" name="test_yen_negative_int" time="0.001" /><testcase classname="src.cucim.skimage.filters.tests.test_thresholding.TestSimpleImage" name="test_yen_float_image" time="0.001" /><testcase classname="src.cucim.skimage.filters.tests.test_thresholding.TestSimpleImage" name="test_yen_arange" time="0.001" /><testcase classname="src.cucim.skimage.filters.tests.test_thresholding.TestSimpleImage" name="test_yen_binary" time="0.005" /><testcase classname="src.cucim.skimage.filters.tests.test_thresholding.TestSimpleImage" name="test_yen_blank_zero" time="0.001" /><testcase classname="src.cucim.skimage.filters.tests.test_thresholding.TestSimpleImage" name="test_yen_blank_max" time="0.001" /><testcase classname="src.cucim.skimage.filters.tests.test_thresholding.TestSimpleImage" name="test_isodata" time="0.002" /><testcase classname="src.cucim.skimage.filters.tests.test_thresholding.TestSimpleImage" name="test_isodata_blank_zero" time="0.002" /><testcase classname="src.cucim.skimage.filters.tests.test_thresholding.TestSimpleImage" name="test_isodata_linspace" time="0.002" /><testcase classname="src.cucim.skimage.filters.tests.test_thresholding.TestSimpleImage" name="test_isodata_16bit" time="0.003" /><testcase classname="src.cucim.skimage.filters.tests.test_thresholding.TestSimpleImage" name="test_threshold_local_gaussian[2]" time="0.069" /><testcase classname="src.cucim.skimage.filters.tests.test_thresholding.TestSimpleImage" name="test_threshold_local_gaussian[3]" time="0.003" /><testcase classname="src.cucim.skimage.filters.tests.test_thresholding.TestSimpleImage" name="test_threshold_local_mean[2]" time="0.002" /><testcase classname="src.cucim.skimage.filters.tests.test_thresholding.TestSimpleImage" name="test_threshold_local_mean[3]" time="0.002" /><testcase classname="src.cucim.skimage.filters.tests.test_thresholding.TestSimpleImage" name="test_threshold_local_invalid_block_size[block_size0]" time="0.001" /><testcase classname="src.cucim.skimage.filters.tests.test_thresholding.TestSimpleImage" name="test_threshold_local_invalid_block_size[block_size1]" time="0.001" /><testcase classname="src.cucim.skimage.filters.tests.test_thresholding.TestSimpleImage" name="test_threshold_local_median[2]" time="0.692" /><testcase classname="src.cucim.skimage.filters.tests.test_thresholding.TestSimpleImage" name="test_threshold_local_median[3]" time="0.863" /><testcase classname="src.cucim.skimage.filters.tests.test_thresholding.TestSimpleImage" name="test_threshold_local_median_constant_mode" time="0.716" /><testcase classname="src.cucim.skimage.filters.tests.test_thresholding.TestSimpleImage" name="test_threshold_niblack" time="0.149" /><testcase classname="src.cucim.skimage.filters.tests.test_thresholding.TestSimpleImage" name="test_threshold_sauvola" time="0.002" /><testcase classname="src.cucim.skimage.filters.tests.test_thresholding.TestSimpleImage" name="test_threshold_niblack_iterable_window_size" time="0.075" /><testcase classname="src.cucim.skimage.filters.tests.test_thresholding.TestSimpleImage" name="test_threshold_sauvola_iterable_window_size" time="0.002" /><testcase classname="src.cucim.skimage.filters.tests.test_thresholding" name="test_otsu_camera_image" time="0.072" /><testcase classname="src.cucim.skimage.filters.tests.test_thresholding" name="test_otsu_camera_image_histogram" time="0.001" /><testcase classname="src.cucim.skimage.filters.tests.test_thresholding" name="test_otsu_camera_image_counts" time="0.001" /><testcase classname="src.cucim.skimage.filters.tests.test_thresholding" name="test_otsu_zero_count_histogram" time="0.266" /><testcase classname="src.cucim.skimage.filters.tests.test_thresholding" name="test_otsu_coins_image" time="0.002" /><testcase classname="src.cucim.skimage.filters.tests.test_thresholding" name="test_otsu_coins_image_as_float" time="0.075" /><testcase classname="src.cucim.skimage.filters.tests.test_thresholding" name="test_otsu_astro_image" time="0.077" /><testcase classname="src.cucim.skimage.filters.tests.test_thresholding" name="test_otsu_one_color_image" time="0.058" /><testcase classname="src.cucim.skimage.filters.tests.test_thresholding" name="test_otsu_one_color_image_3d" time="0.001" /><testcase classname="src.cucim.skimage.filters.tests.test_thresholding" name="test_li_camera_image" time="4.462" /><testcase classname="src.cucim.skimage.filters.tests.test_thresholding" name="test_li_coins_image" time="0.008" /><testcase classname="src.cucim.skimage.filters.tests.test_thresholding" name="test_li_coins_image_as_float" time="0.467" /><testcase classname="src.cucim.skimage.filters.tests.test_thresholding" name="test_li_astro_image" time="0.010" /><testcase classname="src.cucim.skimage.filters.tests.test_thresholding" name="test_li_nan_image" time="0.059" /><testcase classname="src.cucim.skimage.filters.tests.test_thresholding" name="test_li_inf_image" time="0.001" /><testcase classname="src.cucim.skimage.filters.tests.test_thresholding" name="test_li_inf_minus_inf" time="0.001" /><testcase classname="src.cucim.skimage.filters.tests.test_thresholding" name="test_li_constant_image_with_nan" time="0.001" /><testcase classname="src.cucim.skimage.filters.tests.test_thresholding" name="test_li_arbitrary_start_point" time="0.130" /><testcase classname="src.cucim.skimage.filters.tests.test_thresholding" name="test_li_negative_inital_guess" time="0.001" /><testcase classname="src.cucim.skimage.filters.tests.test_thresholding" name="test_li_pathological_arrays" time="0.066" /><testcase classname="src.cucim.skimage.filters.tests.test_thresholding" name="test_yen_camera_image" time="0.001" /><testcase classname="src.cucim.skimage.filters.tests.test_thresholding" name="test_yen_camera_image_histogram" time="0.001" /><testcase classname="src.cucim.skimage.filters.tests.test_thresholding" name="test_yen_camera_image_counts" time="0.001" /><testcase classname="src.cucim.skimage.filters.tests.test_thresholding" name="test_yen_coins_image" time="0.001" /><testcase classname="src.cucim.skimage.filters.tests.test_thresholding" name="test_yen_coins_image_as_float" time="0.001" /><testcase classname="src.cucim.skimage.filters.tests.test_thresholding" name="test_local_even_block_size_error" time="0.000" /><testcase classname="src.cucim.skimage.filters.tests.test_thresholding" name="test_isodata_camera_image" time="0.264" /><testcase classname="src.cucim.skimage.filters.tests.test_thresholding" name="test_isodata_camera_image_histogram" time="0.001" /><testcase classname="src.cucim.skimage.filters.tests.test_thresholding" name="test_isodata_camera_image_counts" time="0.001" /><testcase classname="src.cucim.skimage.filters.tests.test_thresholding" name="test_isodata_coins_image" time="0.002" /><testcase classname="src.cucim.skimage.filters.tests.test_thresholding" name="test_isodata_moon_image" time="0.005" /><testcase classname="src.cucim.skimage.filters.tests.test_thresholding" name="test_isodata_moon_image_negative_int" time="2.160" /><testcase classname="src.cucim.skimage.filters.tests.test_thresholding" name="test_isodata_moon_image_negative_float" time="0.002" /><testcase classname="src.cucim.skimage.filters.tests.test_thresholding" name="test_threshold_minimum" time="0.127" /><testcase classname="src.cucim.skimage.filters.tests.test_thresholding" name="test_threshold_minimum_histogram" time="0.056" /><testcase classname="src.cucim.skimage.filters.tests.test_thresholding" name="test_threshold_minimum_counts" time="0.056" /><testcase classname="src.cucim.skimage.filters.tests.test_thresholding" name="test_threshold_minimum_synthetic" time="1.823" /><testcase classname="src.cucim.skimage.filters.tests.test_thresholding" name="test_threshold_minimum_failure" time="0.001" /><testcase classname="src.cucim.skimage.filters.tests.test_thresholding" name="test_mean" time="0.001" /><testcase classname="src.cucim.skimage.filters.tests.test_thresholding" name="test_triangle_uniform_images[uint8-kwargs0]" time="0.002" /><testcase classname="src.cucim.skimage.filters.tests.test_thresholding" name="test_triangle_uniform_images[uint8-kwargs1]" time="0.002" /><testcase classname="src.cucim.skimage.filters.tests.test_thresholding" name="test_triangle_uniform_images[int16-kwargs0]" time="0.122" /><testcase classname="src.cucim.skimage.filters.tests.test_thresholding" name="test_triangle_uniform_images[int16-kwargs1]" time="0.002" /><testcase classname="src.cucim.skimage.filters.tests.test_thresholding" name="test_triangle_uniform_images[float16-kwargs0]" time="0.129" /><testcase classname="src.cucim.skimage.filters.tests.test_thresholding" name="test_triangle_uniform_images[float16-kwargs1]" time="0.003" /><testcase classname="src.cucim.skimage.filters.tests.test_thresholding" name="test_triangle_uniform_images[float32-kwargs0]" time="0.002" /><testcase classname="src.cucim.skimage.filters.tests.test_thresholding" name="test_triangle_uniform_images[float32-kwargs1]" time="0.003" /><testcase classname="src.cucim.skimage.filters.tests.test_thresholding" name="test_triangle_uint_images[data0-151-kwargs0]" time="0.001" /><testcase classname="src.cucim.skimage.filters.tests.test_thresholding" name="test_triangle_uint_images[data0-151-kwargs1]" time="0.880" /><testcase classname="src.cucim.skimage.filters.tests.test_thresholding" name="test_triangle_uint_images[data1-104-kwargs0]" time="0.001" /><testcase classname="src.cucim.skimage.filters.tests.test_thresholding" name="test_triangle_uint_images[data1-104-kwargs1]" time="0.002" /><testcase classname="src.cucim.skimage.filters.tests.test_thresholding" name="test_triangle_uint_images[data2-80-kwargs0]" time="0.001" /><testcase classname="src.cucim.skimage.filters.tests.test_thresholding" name="test_triangle_uint_images[data2-80-kwargs1]" time="0.002" /><testcase classname="src.cucim.skimage.filters.tests.test_thresholding" name="test_triangle_uint_images[data3-175-kwargs0]" time="0.001" /><testcase classname="src.cucim.skimage.filters.tests.test_thresholding" name="test_triangle_uint_images[data3-175-kwargs1]" time="0.002" /><testcase classname="src.cucim.skimage.filters.tests.test_thresholding" name="test_triangle_float_images" time="0.135" /><testcase classname="src.cucim.skimage.filters.tests.test_thresholding" name="test_triangle_flip" time="0.067" /><testcase classname="src.cucim.skimage.filters.tests.test_thresholding" name="test_variable_dtypes[uint8-threshold_local]" time="2.773" /><testcase classname="src.cucim.skimage.filters.tests.test_thresholding" name="test_variable_dtypes[uint8-threshold_niblack]" time="0.155" /><testcase classname="src.cucim.skimage.filters.tests.test_thresholding" name="test_variable_dtypes[uint8-threshold_sauvola]" time="0.002" /><testcase classname="src.cucim.skimage.filters.tests.test_thresholding" name="test_variable_dtypes[int16-threshold_local]" time="0.135" /><testcase classname="src.cucim.skimage.filters.tests.test_thresholding" name="test_variable_dtypes[int16-threshold_niblack]" time="0.002" /><testcase classname="src.cucim.skimage.filters.tests.test_thresholding" name="test_variable_dtypes[int16-threshold_sauvola]" time="0.002" /><testcase classname="src.cucim.skimage.filters.tests.test_thresholding" name="test_variable_dtypes[float16-threshold_local]" time="0.002" /><testcase classname="src.cucim.skimage.filters.tests.test_thresholding" name="test_variable_dtypes[float16-threshold_niblack]" time="0.002" /><testcase classname="src.cucim.skimage.filters.tests.test_thresholding" name="test_variable_dtypes[float16-threshold_sauvola]" time="0.002" /><testcase classname="src.cucim.skimage.filters.tests.test_thresholding" name="test_variable_dtypes[float32-threshold_local]" time="0.002" /><testcase classname="src.cucim.skimage.filters.tests.test_thresholding" name="test_variable_dtypes[float32-threshold_niblack]" time="0.002" /><testcase classname="src.cucim.skimage.filters.tests.test_thresholding" name="test_variable_dtypes[float32-threshold_sauvola]" time="0.002" /><testcase classname="src.cucim.skimage.filters.tests.test_thresholding" name="test_niblack_sauvola_pathological_image" time="0.001" /><testcase classname="src.cucim.skimage.filters.tests.test_thresholding" name="test_bimodal_multiotsu_hist" time="0.064" /><testcase classname="src.cucim.skimage.filters.tests.test_thresholding" name="test_check_multiotsu_results" time="0.033" /><testcase classname="src.cucim.skimage.filters.tests.test_thresholding" name="test_multiotsu_output" time="0.086" /><testcase classname="src.cucim.skimage.filters.tests.test_thresholding" name="test_multiotsu_astro_image" time="0.012" /><testcase classname="src.cucim.skimage.filters.tests.test_thresholding" name="test_multiotsu_more_classes_then_values" time="0.077" /><testcase classname="src.cucim.skimage.filters.tests.test_thresholding" name="test_multiotsu_lut" time="0.000"><skipped type="pytest.skip" message="_get_multiotsu_thresh_indices functions not implemented yet">/home/goplanid/cucim/python/cucim/src/cucim/skimage/filters/tests/test_thresholding.py:834: _get_multiotsu_thresh_indices functions not implemented yet</skipped></testcase><testcase classname="src.cucim.skimage.filters.tests.test_thresholding" name="test_multiotsu_missing_img_and_hist" time="0.000" /><testcase classname="src.cucim.skimage.filters.tests.test_thresholding" name="test_multiotsu_hist_parameter" time="0.420" /><testcase classname="src.cucim.skimage.filters.tests.test_unsharp_mask" name="test_unsharp_masking_output_type_and_shape[False--1.0-0.0-0-uint8-shape0-False]" time="0.002" /><testcase classname="src.cucim.skimage.filters.tests.test_unsharp_mask" name="test_unsharp_masking_output_type_and_shape[False--1.0-0.0-0-uint8-shape1-True]" time="0.002" /><testcase classname="src.cucim.skimage.filters.tests.test_unsharp_mask" name="test_unsharp_masking_output_type_and_shape[False--1.0-0.0-0-uint8-shape2-False]" time="0.005" /><testcase classname="src.cucim.skimage.filters.tests.test_unsharp_mask" name="test_unsharp_masking_output_type_and_shape[False--1.0-0.0-0-uint8-shape3-True]" time="0.002" /><testcase classname="src.cucim.skimage.filters.tests.test_unsharp_mask" name="test_unsharp_masking_output_type_and_shape[False--1.0-0.0-0-uint8-shape4-False]" time="0.001" /><testcase classname="src.cucim.skimage.filters.tests.test_unsharp_mask" name="test_unsharp_masking_output_type_and_shape[False--1.0-0.0-0-int8-shape0-False]" time="0.068" /><testcase classname="src.cucim.skimage.filters.tests.test_unsharp_mask" name="test_unsharp_masking_output_type_and_shape[False--1.0-0.0-0-int8-shape1-True]" time="0.002" /><testcase classname="src.cucim.skimage.filters.tests.test_unsharp_mask" name="test_unsharp_masking_output_type_and_shape[False--1.0-0.0-0-int8-shape2-False]" time="0.001" /><testcase classname="src.cucim.skimage.filters.tests.test_unsharp_mask" name="test_unsharp_masking_output_type_and_shape[False--1.0-0.0-0-int8-shape3-True]" time="0.002" /><testcase classname="src.cucim.skimage.filters.tests.test_unsharp_mask" name="test_unsharp_masking_output_type_and_shape[False--1.0-0.0-0-int8-shape4-False]" time="0.001" /><testcase classname="src.cucim.skimage.filters.tests.test_unsharp_mask" name="test_unsharp_masking_output_type_and_shape[False--1.0-0.0-0-uint16-shape0-False]" time="0.001" /><testcase classname="src.cucim.skimage.filters.tests.test_unsharp_mask" name="test_unsharp_masking_output_type_and_shape[False--1.0-0.0-0-uint16-shape1-True]" time="0.002" /><testcase classname="src.cucim.skimage.filters.tests.test_unsharp_mask" name="test_unsharp_masking_output_type_and_shape[False--1.0-0.0-0-uint16-shape2-False]" time="0.001" /><testcase classname="src.cucim.skimage.filters.tests.test_unsharp_mask" name="test_unsharp_masking_output_type_and_shape[False--1.0-0.0-0-uint16-shape3-True]" time="0.001" /><testcase classname="src.cucim.skimage.filters.tests.test_unsharp_mask" name="test_unsharp_masking_output_type_and_shape[False--1.0-0.0-0-uint16-shape4-False]" time="0.001" /><testcase classname="src.cucim.skimage.filters.tests.test_unsharp_mask" name="test_unsharp_masking_output_type_and_shape[False--1.0-0.0-0-int16-shape0-False]" time="0.001" /><testcase classname="src.cucim.skimage.filters.tests.test_unsharp_mask" name="test_unsharp_masking_output_type_and_shape[False--1.0-0.0-0-int16-shape1-True]" time="0.002" /><testcase classname="src.cucim.skimage.filters.tests.test_unsharp_mask" name="test_unsharp_masking_output_type_and_shape[False--1.0-0.0-0-int16-shape2-False]" time="0.001" /><testcase classname="src.cucim.skimage.filters.tests.test_unsharp_mask" name="test_unsharp_masking_output_type_and_shape[False--1.0-0.0-0-int16-shape3-True]" time="0.002" /><testcase classname="src.cucim.skimage.filters.tests.test_unsharp_mask" name="test_unsharp_masking_output_type_and_shape[False--1.0-0.0-0-int16-shape4-False]" time="0.001" /><testcase classname="src.cucim.skimage.filters.tests.test_unsharp_mask" name="test_unsharp_masking_output_type_and_shape[False--1.0-0.0-0-uint32-shape0-False]" time="0.130" /><testcase classname="src.cucim.skimage.filters.tests.test_unsharp_mask" name="test_unsharp_masking_output_type_and_shape[False--1.0-0.0-0-uint32-shape1-True]" time="0.002" /><testcase classname="src.cucim.skimage.filters.tests.test_unsharp_mask" name="test_unsharp_masking_output_type_and_shape[False--1.0-0.0-0-uint32-shape2-False]" time="0.001" /><testcase classname="src.cucim.skimage.filters.tests.test_unsharp_mask" name="test_unsharp_masking_output_type_and_shape[False--1.0-0.0-0-uint32-shape3-True]" time="0.002" /><testcase classname="src.cucim.skimage.filters.tests.test_unsharp_mask" name="test_unsharp_masking_output_type_and_shape[False--1.0-0.0-0-uint32-shape4-False]" time="0.001" /><testcase classname="src.cucim.skimage.filters.tests.test_unsharp_mask" name="test_unsharp_masking_output_type_and_shape[False--1.0-0.0-0-int32-shape0-False]" time="0.066" /><testcase classname="src.cucim.skimage.filters.tests.test_unsharp_mask" name="test_unsharp_masking_output_type_and_shape[False--1.0-0.0-0-int32-shape1-True]" time="0.002" /><testcase classname="src.cucim.skimage.filters.tests.test_unsharp_mask" name="test_unsharp_masking_output_type_and_shape[False--1.0-0.0-0-int32-shape2-False]" time="0.002" /><testcase classname="src.cucim.skimage.filters.tests.test_unsharp_mask" name="test_unsharp_masking_output_type_and_shape[False--1.0-0.0-0-int32-shape3-True]" time="0.002" /><testcase classname="src.cucim.skimage.filters.tests.test_unsharp_mask" name="test_unsharp_masking_output_type_and_shape[False--1.0-0.0-0-int32-shape4-False]" time="0.002" /><testcase classname="src.cucim.skimage.filters.tests.test_unsharp_mask" name="test_unsharp_masking_output_type_and_shape[False--1.0-0.0-0-uint64-shape0-False]" time="0.130" /><testcase classname="src.cucim.skimage.filters.tests.test_unsharp_mask" name="test_unsharp_masking_output_type_and_shape[False--1.0-0.0-0-uint64-shape1-True]" time="0.002" /><testcase classname="src.cucim.skimage.filters.tests.test_unsharp_mask" name="test_unsharp_masking_output_type_and_shape[False--1.0-0.0-0-uint64-shape2-False]" time="0.001" /><testcase classname="src.cucim.skimage.filters.tests.test_unsharp_mask" name="test_unsharp_masking_output_type_and_shape[False--1.0-0.0-0-uint64-shape3-True]" time="0.002" /><testcase classname="src.cucim.skimage.filters.tests.test_unsharp_mask" name="test_unsharp_masking_output_type_and_shape[False--1.0-0.0-0-uint64-shape4-False]" time="0.001" /><testcase classname="src.cucim.skimage.filters.tests.test_unsharp_mask" name="test_unsharp_masking_output_type_and_shape[False--1.0-0.0-0-int64-shape0-False]" time="0.001" /><testcase classname="src.cucim.skimage.filters.tests.test_unsharp_mask" name="test_unsharp_masking_output_type_and_shape[False--1.0-0.0-0-int64-shape1-True]" time="0.002" /><testcase classname="src.cucim.skimage.filters.tests.test_unsharp_mask" name="test_unsharp_masking_output_type_and_shape[False--1.0-0.0-0-int64-shape2-False]" time="0.001" /><testcase classname="src.cucim.skimage.filters.tests.test_unsharp_mask" name="test_unsharp_masking_output_type_and_shape[False--1.0-0.0-0-int64-shape3-True]" time="0.002" /><testcase classname="src.cucim.skimage.filters.tests.test_unsharp_mask" name="test_unsharp_masking_output_type_and_shape[False--1.0-0.0-0-int64-shape4-False]" time="0.002" /><testcase classname="src.cucim.skimage.filters.tests.test_unsharp_mask" name="test_unsharp_masking_output_type_and_shape[False--1.0-0.0-0-float16-shape0-False]" time="0.001" /><testcase classname="src.cucim.skimage.filters.tests.test_unsharp_mask" name="test_unsharp_masking_output_type_and_shape[False--1.0-0.0-0-float16-shape1-True]" time="0.002" /><testcase classname="src.cucim.skimage.filters.tests.test_unsharp_mask" name="test_unsharp_masking_output_type_and_shape[False--1.0-0.0-0-float16-shape2-False]" time="0.001" /><testcase classname="src.cucim.skimage.filters.tests.test_unsharp_mask" name="test_unsharp_masking_output_type_and_shape[False--1.0-0.0-0-float16-shape3-True]" time="0.002" /><testcase classname="src.cucim.skimage.filters.tests.test_unsharp_mask" name="test_unsharp_masking_output_type_and_shape[False--1.0-0.0-0-float16-shape4-False]" time="0.001" /><testcase classname="src.cucim.skimage.filters.tests.test_unsharp_mask" name="test_unsharp_masking_output_type_and_shape[False--1.0-0.0-0-float32-shape0-False]" time="0.001" /><testcase classname="src.cucim.skimage.filters.tests.test_unsharp_mask" name="test_unsharp_masking_output_type_and_shape[False--1.0-0.0-0-float32-shape1-True]" time="0.002" /><testcase classname="src.cucim.skimage.filters.tests.test_unsharp_mask" name="test_unsharp_masking_output_type_and_shape[False--1.0-0.0-0-float32-shape2-False]" time="0.001" /><testcase classname="src.cucim.skimage.filters.tests.test_unsharp_mask" name="test_unsharp_masking_output_type_and_shape[False--1.0-0.0-0-float32-shape3-True]" time="0.002" /><testcase classname="src.cucim.skimage.filters.tests.test_unsharp_mask" name="test_unsharp_masking_output_type_and_shape[False--1.0-0.0-0-float32-shape4-False]" time="0.002" /><testcase classname="src.cucim.skimage.filters.tests.test_unsharp_mask" name="test_unsharp_masking_output_type_and_shape[False--1.0-0.0-0-float64-shape0-False]" time="0.001" /><testcase classname="src.cucim.skimage.filters.tests.test_unsharp_mask" name="test_unsharp_masking_output_type_and_shape[False--1.0-0.0-0-float64-shape1-True]" time="0.002" /><testcase classname="src.cucim.skimage.filters.tests.test_unsharp_mask" name="test_unsharp_masking_output_type_and_shape[False--1.0-0.0-0-float64-shape2-False]" time="0.001" /><testcase classname="src.cucim.skimage.filters.tests.test_unsharp_mask" name="test_unsharp_masking_output_type_and_shape[False--1.0-0.0-0-float64-shape3-True]" time="0.002" /><testcase classname="src.cucim.skimage.filters.tests.test_unsharp_mask" name="test_unsharp_masking_output_type_and_shape[False--1.0-0.0-0-float64-shape4-False]" time="0.001" /><testcase classname="src.cucim.skimage.filters.tests.test_unsharp_mask" name="test_unsharp_masking_output_type_and_shape[False--1.0-0.0-0.1-uint8-shape0-False]" time="0.001" /><testcase classname="src.cucim.skimage.filters.tests.test_unsharp_mask" name="test_unsharp_masking_output_type_and_shape[False--1.0-0.0-0.1-uint8-shape1-True]" time="0.002" /><testcase classname="src.cucim.skimage.filters.tests.test_unsharp_mask" name="test_unsharp_masking_output_type_and_shape[False--1.0-0.0-0.1-uint8-shape2-False]" time="0.001" /><testcase classname="src.cucim.skimage.filters.tests.test_unsharp_mask" name="test_unsharp_masking_output_type_and_shape[False--1.0-0.0-0.1-uint8-shape3-True]" time="0.002" /><testcase classname="src.cucim.skimage.filters.tests.test_unsharp_mask" name="test_unsharp_masking_output_type_and_shape[False--1.0-0.0-0.1-uint8-shape4-False]" time="0.001" /><testcase classname="src.cucim.skimage.filters.tests.test_unsharp_mask" name="test_unsharp_masking_output_type_and_shape[False--1.0-0.0-0.1-int8-shape0-False]" time="0.001" /><testcase classname="src.cucim.skimage.filters.tests.test_unsharp_mask" name="test_unsharp_masking_output_type_and_shape[False--1.0-0.0-0.1-int8-shape1-True]" time="0.002" /><testcase classname="src.cucim.skimage.filters.tests.test_unsharp_mask" name="test_unsharp_masking_output_type_and_shape[False--1.0-0.0-0.1-int8-shape2-False]" time="0.001" /><testcase classname="src.cucim.skimage.filters.tests.test_unsharp_mask" name="test_unsharp_masking_output_type_and_shape[False--1.0-0.0-0.1-int8-shape3-True]" time="0.002" /><testcase classname="src.cucim.skimage.filters.tests.test_unsharp_mask" name="test_unsharp_masking_output_type_and_shape[False--1.0-0.0-0.1-int8-shape4-False]" time="0.001" /><testcase classname="src.cucim.skimage.filters.tests.test_unsharp_mask" name="test_unsharp_masking_output_type_and_shape[False--1.0-0.0-0.1-uint16-shape0-False]" time="0.001" /><testcase classname="src.cucim.skimage.filters.tests.test_unsharp_mask" name="test_unsharp_masking_output_type_and_shape[False--1.0-0.0-0.1-uint16-shape1-True]" time="0.002" /><testcase classname="src.cucim.skimage.filters.tests.test_unsharp_mask" name="test_unsharp_masking_output_type_and_shape[False--1.0-0.0-0.1-uint16-shape2-False]" time="0.001" /><testcase classname="src.cucim.skimage.filters.tests.test_unsharp_mask" name="test_unsharp_masking_output_type_and_shape[False--1.0-0.0-0.1-uint16-shape3-True]" time="0.002" /><testcase classname="src.cucim.skimage.filters.tests.test_unsharp_mask" name="test_unsharp_masking_output_type_and_shape[False--1.0-0.0-0.1-uint16-shape4-False]" time="0.001" /><testcase classname="src.cucim.skimage.filters.tests.test_unsharp_mask" name="test_unsharp_masking_output_type_and_shape[False--1.0-0.0-0.1-int16-shape0-False]" time="0.001" /><testcase classname="src.cucim.skimage.filters.tests.test_unsharp_mask" name="test_unsharp_masking_output_type_and_shape[False--1.0-0.0-0.1-int16-shape1-True]" time="0.002" /><testcase classname="src.cucim.skimage.filters.tests.test_unsharp_mask" name="test_unsharp_masking_output_type_and_shape[False--1.0-0.0-0.1-int16-shape2-False]" time="0.001" /><testcase classname="src.cucim.skimage.filters.tests.test_unsharp_mask" name="test_unsharp_masking_output_type_and_shape[False--1.0-0.0-0.1-int16-shape3-True]" time="0.002" /><testcase classname="src.cucim.skimage.filters.tests.test_unsharp_mask" name="test_unsharp_masking_output_type_and_shape[False--1.0-0.0-0.1-int16-shape4-False]" time="0.001" /><testcase classname="src.cucim.skimage.filters.tests.test_unsharp_mask" name="test_unsharp_masking_output_type_and_shape[False--1.0-0.0-0.1-uint32-shape0-False]" time="0.001" /><testcase classname="src.cucim.skimage.filters.tests.test_unsharp_mask" name="test_unsharp_masking_output_type_and_shape[False--1.0-0.0-0.1-uint32-shape1-True]" time="0.002" /><testcase classname="src.cucim.skimage.filters.tests.test_unsharp_mask" name="test_unsharp_masking_output_type_and_shape[False--1.0-0.0-0.1-uint32-shape2-False]" time="0.001" /><testcase classname="src.cucim.skimage.filters.tests.test_unsharp_mask" name="test_unsharp_masking_output_type_and_shape[False--1.0-0.0-0.1-uint32-shape3-True]" time="0.002" /><testcase classname="src.cucim.skimage.filters.tests.test_unsharp_mask" name="test_unsharp_masking_output_type_and_shape[False--1.0-0.0-0.1-uint32-shape4-False]" time="0.001" /><testcase classname="src.cucim.skimage.filters.tests.test_unsharp_mask" name="test_unsharp_masking_output_type_and_shape[False--1.0-0.0-0.1-int32-shape0-False]" time="0.001" /><testcase classname="src.cucim.skimage.filters.tests.test_unsharp_mask" name="test_unsharp_masking_output_type_and_shape[False--1.0-0.0-0.1-int32-shape1-True]" time="0.002" /><testcase classname="src.cucim.skimage.filters.tests.test_unsharp_mask" name="test_unsharp_masking_output_type_and_shape[False--1.0-0.0-0.1-int32-shape2-False]" time="0.001" /><testcase classname="src.cucim.skimage.filters.tests.test_unsharp_mask" name="test_unsharp_masking_output_type_and_shape[False--1.0-0.0-0.1-int32-shape3-True]" time="0.002" /><testcase classname="src.cucim.skimage.filters.tests.test_unsharp_mask" name="test_unsharp_masking_output_type_and_shape[False--1.0-0.0-0.1-int32-shape4-False]" time="0.001" /><testcase classname="src.cucim.skimage.filters.tests.test_unsharp_mask" name="test_unsharp_masking_output_type_and_shape[False--1.0-0.0-0.1-uint64-shape0-False]" time="0.001" /><testcase classname="src.cucim.skimage.filters.tests.test_unsharp_mask" name="test_unsharp_masking_output_type_and_shape[False--1.0-0.0-0.1-uint64-shape1-True]" time="0.002" /><testcase classname="src.cucim.skimage.filters.tests.test_unsharp_mask" name="test_unsharp_masking_output_type_and_shape[False--1.0-0.0-0.1-uint64-shape2-False]" time="0.001" /><testcase classname="src.cucim.skimage.filters.tests.test_unsharp_mask" name="test_unsharp_masking_output_type_and_shape[False--1.0-0.0-0.1-uint64-shape3-True]" time="0.002" /><testcase classname="src.cucim.skimage.filters.tests.test_unsharp_mask" name="test_unsharp_masking_output_type_and_shape[False--1.0-0.0-0.1-uint64-shape4-False]" time="0.001" /><testcase classname="src.cucim.skimage.filters.tests.test_unsharp_mask" name="test_unsharp_masking_output_type_and_shape[False--1.0-0.0-0.1-int64-shape0-False]" time="0.001" /><testcase classname="src.cucim.skimage.filters.tests.test_unsharp_mask" name="test_unsharp_masking_output_type_and_shape[False--1.0-0.0-0.1-int64-shape1-True]" time="0.002" /><testcase classname="src.cucim.skimage.filters.tests.test_unsharp_mask" name="test_unsharp_masking_output_type_and_shape[False--1.0-0.0-0.1-int64-shape2-False]" time="0.001" /><testcase classname="src.cucim.skimage.filters.tests.test_unsharp_mask" name="test_unsharp_masking_output_type_and_shape[False--1.0-0.0-0.1-int64-shape3-True]" time="0.002" /><testcase classname="src.cucim.skimage.filters.tests.test_unsharp_mask" name="test_unsharp_masking_output_type_and_shape[False--1.0-0.0-0.1-int64-shape4-False]" time="0.001" /><testcase classname="src.cucim.skimage.filters.tests.test_unsharp_mask" name="test_unsharp_masking_output_type_and_shape[False--1.0-0.0-0.1-float16-shape0-False]" time="0.001" /><testcase classname="src.cucim.skimage.filters.tests.test_unsharp_mask" name="test_unsharp_masking_output_type_and_shape[False--1.0-0.0-0.1-float16-shape1-True]" time="0.002" /><testcase classname="src.cucim.skimage.filters.tests.test_unsharp_mask" name="test_unsharp_masking_output_type_and_shape[False--1.0-0.0-0.1-float16-shape2-False]" time="0.001" /><testcase classname="src.cucim.skimage.filters.tests.test_unsharp_mask" name="test_unsharp_masking_output_type_and_shape[False--1.0-0.0-0.1-float16-shape3-True]" time="0.002" /><testcase classname="src.cucim.skimage.filters.tests.test_unsharp_mask" name="test_unsharp_masking_output_type_and_shape[False--1.0-0.0-0.1-float16-shape4-False]" time="0.001" /><testcase classname="src.cucim.skimage.filters.tests.test_unsharp_mask" name="test_unsharp_masking_output_type_and_shape[False--1.0-0.0-0.1-float32-shape0-False]" time="0.001" /><testcase classname="src.cucim.skimage.filters.tests.test_unsharp_mask" name="test_unsharp_masking_output_type_and_shape[False--1.0-0.0-0.1-float32-shape1-True]" time="0.002" /><testcase classname="src.cucim.skimage.filters.tests.test_unsharp_mask" name="test_unsharp_masking_output_type_and_shape[False--1.0-0.0-0.1-float32-shape2-False]" time="0.001" /><testcase classname="src.cucim.skimage.filters.tests.test_unsharp_mask" name="test_unsharp_masking_output_type_and_shape[False--1.0-0.0-0.1-float32-shape3-True]" time="0.002" /><testcase classname="src.cucim.skimage.filters.tests.test_unsharp_mask" name="test_unsharp_masking_output_type_and_shape[False--1.0-0.0-0.1-float32-shape4-False]" time="0.001" /><testcase classname="src.cucim.skimage.filters.tests.test_unsharp_mask" name="test_unsharp_masking_output_type_and_shape[False--1.0-0.0-0.1-float64-shape0-False]" time="0.001" /><testcase classname="src.cucim.skimage.filters.tests.test_unsharp_mask" name="test_unsharp_masking_output_type_and_shape[False--1.0-0.0-0.1-float64-shape1-True]" time="0.002" /><testcase classname="src.cucim.skimage.filters.tests.test_unsharp_mask" name="test_unsharp_masking_output_type_and_shape[False--1.0-0.0-0.1-float64-shape2-False]" time="0.001" /><testcase classname="src.cucim.skimage.filters.tests.test_unsharp_mask" name="test_unsharp_masking_output_type_and_shape[False--1.0-0.0-0.1-float64-shape3-True]" time="0.002" /><testcase classname="src.cucim.skimage.filters.tests.test_unsharp_mask" name="test_unsharp_masking_output_type_and_shape[False--1.0-0.0-0.1-float64-shape4-False]" time="0.001" /><testcase classname="src.cucim.skimage.filters.tests.test_unsharp_mask" name="test_unsharp_masking_output_type_and_shape[False--1.0-0.0-2.0-uint8-shape0-False]" time="0.694" /><testcase classname="src.cucim.skimage.filters.tests.test_unsharp_mask" name="test_unsharp_masking_output_type_and_shape[False--1.0-0.0-2.0-uint8-shape1-True]" time="0.003" /><testcase classname="src.cucim.skimage.filters.tests.test_unsharp_mask" name="test_unsharp_masking_output_type_and_shape[False--1.0-0.0-2.0-uint8-shape2-False]" time="1.439" /><testcase classname="src.cucim.skimage.filters.tests.test_unsharp_mask" name="test_unsharp_masking_output_type_and_shape[False--1.0-0.0-2.0-uint8-shape3-True]" time="0.003" /><testcase classname="src.cucim.skimage.filters.tests.test_unsharp_mask" name="test_unsharp_masking_output_type_and_shape[False--1.0-0.0-2.0-uint8-shape4-False]" time="2.933" /><testcase classname="src.cucim.skimage.filters.tests.test_unsharp_mask" name="test_unsharp_masking_output_type_and_shape[False--1.0-0.0-2.0-int8-shape0-False]" time="0.002" /><testcase classname="src.cucim.skimage.filters.tests.test_unsharp_mask" name="test_unsharp_masking_output_type_and_shape[False--1.0-0.0-2.0-int8-shape1-True]" time="0.003" /><testcase classname="src.cucim.skimage.filters.tests.test_unsharp_mask" name="test_unsharp_masking_output_type_and_shape[False--1.0-0.0-2.0-int8-shape2-False]" time="0.002" /><testcase classname="src.cucim.skimage.filters.tests.test_unsharp_mask" name="test_unsharp_masking_output_type_and_shape[False--1.0-0.0-2.0-int8-shape3-True]" time="0.003" /><testcase classname="src.cucim.skimage.filters.tests.test_unsharp_mask" name="test_unsharp_masking_output_type_and_shape[False--1.0-0.0-2.0-int8-shape4-False]" time="0.002" /><testcase classname="src.cucim.skimage.filters.tests.test_unsharp_mask" name="test_unsharp_masking_output_type_and_shape[False--1.0-0.0-2.0-uint16-shape0-False]" time="0.001" /><testcase classname="src.cucim.skimage.filters.tests.test_unsharp_mask" name="test_unsharp_masking_output_type_and_shape[False--1.0-0.0-2.0-uint16-shape1-True]" time="0.002" /><testcase classname="src.cucim.skimage.filters.tests.test_unsharp_mask" name="test_unsharp_masking_output_type_and_shape[False--1.0-0.0-2.0-uint16-shape2-False]" time="0.002" /><testcase classname="src.cucim.skimage.filters.tests.test_unsharp_mask" name="test_unsharp_masking_output_type_and_shape[False--1.0-0.0-2.0-uint16-shape3-True]" time="0.002" /><testcase classname="src.cucim.skimage.filters.tests.test_unsharp_mask" name="test_unsharp_masking_output_type_and_shape[False--1.0-0.0-2.0-uint16-shape4-False]" time="0.002" /><testcase classname="src.cucim.skimage.filters.tests.test_unsharp_mask" name="test_unsharp_masking_output_type_and_shape[False--1.0-0.0-2.0-int16-shape0-False]" time="0.002" /><testcase classname="src.cucim.skimage.filters.tests.test_unsharp_mask" name="test_unsharp_masking_output_type_and_shape[False--1.0-0.0-2.0-int16-shape1-True]" time="0.003" /><testcase classname="src.cucim.skimage.filters.tests.test_unsharp_mask" name="test_unsharp_masking_output_type_and_shape[False--1.0-0.0-2.0-int16-shape2-False]" time="0.002" /><testcase classname="src.cucim.skimage.filters.tests.test_unsharp_mask" name="test_unsharp_masking_output_type_and_shape[False--1.0-0.0-2.0-int16-shape3-True]" time="0.003" /><testcase classname="src.cucim.skimage.filters.tests.test_unsharp_mask" name="test_unsharp_masking_output_type_and_shape[False--1.0-0.0-2.0-int16-shape4-False]" time="0.002" /><testcase classname="src.cucim.skimage.filters.tests.test_unsharp_mask" name="test_unsharp_masking_output_type_and_shape[False--1.0-0.0-2.0-uint32-shape0-False]" time="0.691" /><testcase classname="src.cucim.skimage.filters.tests.test_unsharp_mask" name="test_unsharp_masking_output_type_and_shape[False--1.0-0.0-2.0-uint32-shape1-True]" time="0.003" /><testcase classname="src.cucim.skimage.filters.tests.test_unsharp_mask" name="test_unsharp_masking_output_type_and_shape[False--1.0-0.0-2.0-uint32-shape2-False]" time="0.002" /><testcase classname="src.cucim.skimage.filters.tests.test_unsharp_mask" name="test_unsharp_masking_output_type_and_shape[False--1.0-0.0-2.0-uint32-shape3-True]" time="0.002" /><testcase classname="src.cucim.skimage.filters.tests.test_unsharp_mask" name="test_unsharp_masking_output_type_and_shape[False--1.0-0.0-2.0-uint32-shape4-False]" time="2.814" /><testcase classname="src.cucim.skimage.filters.tests.test_unsharp_mask" name="test_unsharp_masking_output_type_and_shape[False--1.0-0.0-2.0-int32-shape0-False]" time="0.002" /><testcase classname="src.cucim.skimage.filters.tests.test_unsharp_mask" name="test_unsharp_masking_output_type_and_shape[False--1.0-0.0-2.0-int32-shape1-True]" time="0.002" /><testcase classname="src.cucim.skimage.filters.tests.test_unsharp_mask" name="test_unsharp_masking_output_type_and_shape[False--1.0-0.0-2.0-int32-shape2-False]" time="0.002" /><testcase classname="src.cucim.skimage.filters.tests.test_unsharp_mask" name="test_unsharp_masking_output_type_and_shape[False--1.0-0.0-2.0-int32-shape3-True]" time="0.002" /><testcase classname="src.cucim.skimage.filters.tests.test_unsharp_mask" name="test_unsharp_masking_output_type_and_shape[False--1.0-0.0-2.0-int32-shape4-False]" time="0.002" /><testcase classname="src.cucim.skimage.filters.tests.test_unsharp_mask" name="test_unsharp_masking_output_type_and_shape[False--1.0-0.0-2.0-uint64-shape0-False]" time="0.002" /><testcase classname="src.cucim.skimage.filters.tests.test_unsharp_mask" name="test_unsharp_masking_output_type_and_shape[False--1.0-0.0-2.0-uint64-shape1-True]" time="0.003" /><testcase classname="src.cucim.skimage.filters.tests.test_unsharp_mask" name="test_unsharp_masking_output_type_and_shape[False--1.0-0.0-2.0-uint64-shape2-False]" time="0.002" /><testcase classname="src.cucim.skimage.filters.tests.test_unsharp_mask" name="test_unsharp_masking_output_type_and_shape[False--1.0-0.0-2.0-uint64-shape3-True]" time="0.002" /><testcase classname="src.cucim.skimage.filters.tests.test_unsharp_mask" name="test_unsharp_masking_output_type_and_shape[False--1.0-0.0-2.0-uint64-shape4-False]" time="0.002" /><testcase classname="src.cucim.skimage.filters.tests.test_unsharp_mask" name="test_unsharp_masking_output_type_and_shape[False--1.0-0.0-2.0-int64-shape0-False]" time="0.001" /><testcase classname="src.cucim.skimage.filters.tests.test_unsharp_mask" name="test_unsharp_masking_output_type_and_shape[False--1.0-0.0-2.0-int64-shape1-True]" time="0.002" /><testcase classname="src.cucim.skimage.filters.tests.test_unsharp_mask" name="test_unsharp_masking_output_type_and_shape[False--1.0-0.0-2.0-int64-shape2-False]" time="0.002" /><testcase classname="src.cucim.skimage.filters.tests.test_unsharp_mask" name="test_unsharp_masking_output_type_and_shape[False--1.0-0.0-2.0-int64-shape3-True]" time="0.002" /><testcase classname="src.cucim.skimage.filters.tests.test_unsharp_mask" name="test_unsharp_masking_output_type_and_shape[False--1.0-0.0-2.0-int64-shape4-False]" time="0.002" /><testcase classname="src.cucim.skimage.filters.tests.test_unsharp_mask" name="test_unsharp_masking_output_type_and_shape[False--1.0-0.0-2.0-float16-shape0-False]" time="0.002" /><testcase classname="src.cucim.skimage.filters.tests.test_unsharp_mask" name="test_unsharp_masking_output_type_and_shape[False--1.0-0.0-2.0-float16-shape1-True]" time="0.002" /><testcase classname="src.cucim.skimage.filters.tests.test_unsharp_mask" name="test_unsharp_masking_output_type_and_shape[False--1.0-0.0-2.0-float16-shape2-False]" time="0.002" /><testcase classname="src.cucim.skimage.filters.tests.test_unsharp_mask" name="test_unsharp_masking_output_type_and_shape[False--1.0-0.0-2.0-float16-shape3-True]" time="0.002" /><testcase classname="src.cucim.skimage.filters.tests.test_unsharp_mask" name="test_unsharp_masking_output_type_and_shape[False--1.0-0.0-2.0-float16-shape4-False]" time="0.002" /><testcase classname="src.cucim.skimage.filters.tests.test_unsharp_mask" name="test_unsharp_masking_output_type_and_shape[False--1.0-0.0-2.0-float32-shape0-False]" time="0.002" /><testcase classname="src.cucim.skimage.filters.tests.test_unsharp_mask" name="test_unsharp_masking_output_type_and_shape[False--1.0-0.0-2.0-float32-shape1-True]" time="0.002" /><testcase classname="src.cucim.skimage.filters.tests.test_unsharp_mask" name="test_unsharp_masking_output_type_and_shape[False--1.0-0.0-2.0-float32-shape2-False]" time="0.002" /><testcase classname="src.cucim.skimage.filters.tests.test_unsharp_mask" name="test_unsharp_masking_output_type_and_shape[False--1.0-0.0-2.0-float32-shape3-True]" time="0.003" /><testcase classname="src.cucim.skimage.filters.tests.test_unsharp_mask" name="test_unsharp_masking_output_type_and_shape[False--1.0-0.0-2.0-float32-shape4-False]" time="0.002" /><testcase classname="src.cucim.skimage.filters.tests.test_unsharp_mask" name="test_unsharp_masking_output_type_and_shape[False--1.0-0.0-2.0-float64-shape0-False]" time="0.002" /><testcase classname="src.cucim.skimage.filters.tests.test_unsharp_mask" name="test_unsharp_masking_output_type_and_shape[False--1.0-0.0-2.0-float64-shape1-True]" time="0.002" /><testcase classname="src.cucim.skimage.filters.tests.test_unsharp_mask" name="test_unsharp_masking_output_type_and_shape[False--1.0-0.0-2.0-float64-shape2-False]" time="0.002" /><testcase classname="src.cucim.skimage.filters.tests.test_unsharp_mask" name="test_unsharp_masking_output_type_and_shape[False--1.0-0.0-2.0-float64-shape3-True]" time="0.003" /><testcase classname="src.cucim.skimage.filters.tests.test_unsharp_mask" name="test_unsharp_masking_output_type_and_shape[False--1.0-0.0-2.0-float64-shape4-False]" time="0.002" /><testcase classname="src.cucim.skimage.filters.tests.test_unsharp_mask" name="test_unsharp_masking_output_type_and_shape[False--1.0-0.5-0-uint8-shape0-False]" time="0.001" /><testcase classname="src.cucim.skimage.filters.tests.test_unsharp_mask" name="test_unsharp_masking_output_type_and_shape[False--1.0-0.5-0-uint8-shape1-True]" time="0.002" /><testcase classname="src.cucim.skimage.filters.tests.test_unsharp_mask" name="test_unsharp_masking_output_type_and_shape[False--1.0-0.5-0-uint8-shape2-False]" time="0.001" /><testcase classname="src.cucim.skimage.filters.tests.test_unsharp_mask" name="test_unsharp_masking_output_type_and_shape[False--1.0-0.5-0-uint8-shape3-True]" time="0.002" /><testcase classname="src.cucim.skimage.filters.tests.test_unsharp_mask" name="test_unsharp_masking_output_type_and_shape[False--1.0-0.5-0-uint8-shape4-False]" time="0.001" /><testcase classname="src.cucim.skimage.filters.tests.test_unsharp_mask" name="test_unsharp_masking_output_type_and_shape[False--1.0-0.5-0-int8-shape0-False]" time="0.001" /><testcase classname="src.cucim.skimage.filters.tests.test_unsharp_mask" name="test_unsharp_masking_output_type_and_shape[False--1.0-0.5-0-int8-shape1-True]" time="0.002" /><testcase classname="src.cucim.skimage.filters.tests.test_unsharp_mask" name="test_unsharp_masking_output_type_and_shape[False--1.0-0.5-0-int8-shape2-False]" time="0.001" /><testcase classname="src.cucim.skimage.filters.tests.test_unsharp_mask" name="test_unsharp_masking_output_type_and_shape[False--1.0-0.5-0-int8-shape3-True]" time="0.002" /><testcase classname="src.cucim.skimage.filters.tests.test_unsharp_mask" name="test_unsharp_masking_output_type_and_shape[False--1.0-0.5-0-int8-shape4-False]" time="0.001" /><testcase classname="src.cucim.skimage.filters.tests.test_unsharp_mask" name="test_unsharp_masking_output_type_and_shape[False--1.0-0.5-0-uint16-shape0-False]" time="0.001" /><testcase classname="src.cucim.skimage.filters.tests.test_unsharp_mask" name="test_unsharp_masking_output_type_and_shape[False--1.0-0.5-0-uint16-shape1-True]" time="0.002" /><testcase classname="src.cucim.skimage.filters.tests.test_unsharp_mask" name="test_unsharp_masking_output_type_and_shape[False--1.0-0.5-0-uint16-shape2-False]" time="0.001" /><testcase classname="src.cucim.skimage.filters.tests.test_unsharp_mask" name="test_unsharp_masking_output_type_and_shape[False--1.0-0.5-0-uint16-shape3-True]" time="0.002" /><testcase classname="src.cucim.skimage.filters.tests.test_unsharp_mask" name="test_unsharp_masking_output_type_and_shape[False--1.0-0.5-0-uint16-shape4-False]" time="0.001" /><testcase classname="src.cucim.skimage.filters.tests.test_unsharp_mask" name="test_unsharp_masking_output_type_and_shape[False--1.0-0.5-0-int16-shape0-False]" time="0.001" /><testcase classname="src.cucim.skimage.filters.tests.test_unsharp_mask" name="test_unsharp_masking_output_type_and_shape[False--1.0-0.5-0-int16-shape1-True]" time="0.002" /><testcase classname="src.cucim.skimage.filters.tests.test_unsharp_mask" name="test_unsharp_masking_output_type_and_shape[False--1.0-0.5-0-int16-shape2-False]" time="0.001" /><testcase classname="src.cucim.skimage.filters.tests.test_unsharp_mask" name="test_unsharp_masking_output_type_and_shape[False--1.0-0.5-0-int16-shape3-True]" time="0.002" /><testcase classname="src.cucim.skimage.filters.tests.test_unsharp_mask" name="test_unsharp_masking_output_type_and_shape[False--1.0-0.5-0-int16-shape4-False]" time="0.001" /><testcase classname="src.cucim.skimage.filters.tests.test_unsharp_mask" name="test_unsharp_masking_output_type_and_shape[False--1.0-0.5-0-uint32-shape0-False]" time="0.001" /><testcase classname="src.cucim.skimage.filters.tests.test_unsharp_mask" name="test_unsharp_masking_output_type_and_shape[False--1.0-0.5-0-uint32-shape1-True]" time="0.002" /><testcase classname="src.cucim.skimage.filters.tests.test_unsharp_mask" name="test_unsharp_masking_output_type_and_shape[False--1.0-0.5-0-uint32-shape2-False]" time="0.001" /><testcase classname="src.cucim.skimage.filters.tests.test_unsharp_mask" name="test_unsharp_masking_output_type_and_shape[False--1.0-0.5-0-uint32-shape3-True]" time="0.002" /><testcase classname="src.cucim.skimage.filters.tests.test_unsharp_mask" name="test_unsharp_masking_output_type_and_shape[False--1.0-0.5-0-uint32-shape4-False]" time="0.001" /><testcase classname="src.cucim.skimage.filters.tests.test_unsharp_mask" name="test_unsharp_masking_output_type_and_shape[False--1.0-0.5-0-int32-shape0-False]" time="0.001" /><testcase classname="src.cucim.skimage.filters.tests.test_unsharp_mask" name="test_unsharp_masking_output_type_and_shape[False--1.0-0.5-0-int32-shape1-True]" time="0.002" /><testcase classname="src.cucim.skimage.filters.tests.test_unsharp_mask" name="test_unsharp_masking_output_type_and_shape[False--1.0-0.5-0-int32-shape2-False]" time="0.001" /><testcase classname="src.cucim.skimage.filters.tests.test_unsharp_mask" name="test_unsharp_masking_output_type_and_shape[False--1.0-0.5-0-int32-shape3-True]" time="0.002" /><testcase classname="src.cucim.skimage.filters.tests.test_unsharp_mask" name="test_unsharp_masking_output_type_and_shape[False--1.0-0.5-0-int32-shape4-False]" time="0.001" /><testcase classname="src.cucim.skimage.filters.tests.test_unsharp_mask" name="test_unsharp_masking_output_type_and_shape[False--1.0-0.5-0-uint64-shape0-False]" time="0.001" /><testcase classname="src.cucim.skimage.filters.tests.test_unsharp_mask" name="test_unsharp_masking_output_type_and_shape[False--1.0-0.5-0-uint64-shape1-True]" time="0.002" /><testcase classname="src.cucim.skimage.filters.tests.test_unsharp_mask" name="test_unsharp_masking_output_type_and_shape[False--1.0-0.5-0-uint64-shape2-False]" time="0.001" /><testcase classname="src.cucim.skimage.filters.tests.test_unsharp_mask" name="test_unsharp_masking_output_type_and_shape[False--1.0-0.5-0-uint64-shape3-True]" time="0.002" /><testcase classname="src.cucim.skimage.filters.tests.test_unsharp_mask" name="test_unsharp_masking_output_type_and_shape[False--1.0-0.5-0-uint64-shape4-False]" time="0.001" /><testcase classname="src.cucim.skimage.filters.tests.test_unsharp_mask" name="test_unsharp_masking_output_type_and_shape[False--1.0-0.5-0-int64-shape0-False]" time="0.001" /><testcase classname="src.cucim.skimage.filters.tests.test_unsharp_mask" name="test_unsharp_masking_output_type_and_shape[False--1.0-0.5-0-int64-shape1-True]" time="0.002" /><testcase classname="src.cucim.skimage.filters.tests.test_unsharp_mask" name="test_unsharp_masking_output_type_and_shape[False--1.0-0.5-0-int64-shape2-False]" time="0.001" /><testcase classname="src.cucim.skimage.filters.tests.test_unsharp_mask" name="test_unsharp_masking_output_type_and_shape[False--1.0-0.5-0-int64-shape3-True]" time="0.002" /><testcase classname="src.cucim.skimage.filters.tests.test_unsharp_mask" name="test_unsharp_masking_output_type_and_shape[False--1.0-0.5-0-int64-shape4-False]" time="0.001" /><testcase classname="src.cucim.skimage.filters.tests.test_unsharp_mask" name="test_unsharp_masking_output_type_and_shape[False--1.0-0.5-0-float16-shape0-False]" time="0.001" /><testcase classname="src.cucim.skimage.filters.tests.test_unsharp_mask" name="test_unsharp_masking_output_type_and_shape[False--1.0-0.5-0-float16-shape1-True]" time="0.002" /><testcase classname="src.cucim.skimage.filters.tests.test_unsharp_mask" name="test_unsharp_masking_output_type_and_shape[False--1.0-0.5-0-float16-shape2-False]" time="0.001" /><testcase classname="src.cucim.skimage.filters.tests.test_unsharp_mask" name="test_unsharp_masking_output_type_and_shape[False--1.0-0.5-0-float16-shape3-True]" time="0.002" /><testcase classname="src.cucim.skimage.filters.tests.test_unsharp_mask" name="test_unsharp_masking_output_type_and_shape[False--1.0-0.5-0-float16-shape4-False]" time="0.001" /><testcase classname="src.cucim.skimage.filters.tests.test_unsharp_mask" name="test_unsharp_masking_output_type_and_shape[False--1.0-0.5-0-float32-shape0-False]" time="0.001" /><testcase classname="src.cucim.skimage.filters.tests.test_unsharp_mask" name="test_unsharp_masking_output_type_and_shape[False--1.0-0.5-0-float32-shape1-True]" time="0.002" /><testcase classname="src.cucim.skimage.filters.tests.test_unsharp_mask" name="test_unsharp_masking_output_type_and_shape[False--1.0-0.5-0-float32-shape2-False]" time="0.001" /><testcase classname="src.cucim.skimage.filters.tests.test_unsharp_mask" name="test_unsharp_masking_output_type_and_shape[False--1.0-0.5-0-float32-shape3-True]" time="0.002" /><testcase classname="src.cucim.skimage.filters.tests.test_unsharp_mask" name="test_unsharp_masking_output_type_and_shape[False--1.0-0.5-0-float32-shape4-False]" time="0.001" /><testcase classname="src.cucim.skimage.filters.tests.test_unsharp_mask" name="test_unsharp_masking_output_type_and_shape[False--1.0-0.5-0-float64-shape0-False]" time="0.001" /><testcase classname="src.cucim.skimage.filters.tests.test_unsharp_mask" name="test_unsharp_masking_output_type_and_shape[False--1.0-0.5-0-float64-shape1-True]" time="0.002" /><testcase classname="src.cucim.skimage.filters.tests.test_unsharp_mask" name="test_unsharp_masking_output_type_and_shape[False--1.0-0.5-0-float64-shape2-False]" time="0.001" /><testcase classname="src.cucim.skimage.filters.tests.test_unsharp_mask" name="test_unsharp_masking_output_type_and_shape[False--1.0-0.5-0-float64-shape3-True]" time="0.002" /><testcase classname="src.cucim.skimage.filters.tests.test_unsharp_mask" name="test_unsharp_masking_output_type_and_shape[False--1.0-0.5-0-float64-shape4-False]" time="0.001" /><testcase classname="src.cucim.skimage.filters.tests.test_unsharp_mask" name="test_unsharp_masking_output_type_and_shape[False--1.0-0.5-0.1-uint8-shape0-False]" time="0.001" /><testcase classname="src.cucim.skimage.filters.tests.test_unsharp_mask" name="test_unsharp_masking_output_type_and_shape[False--1.0-0.5-0.1-uint8-shape1-True]" time="0.002" /><testcase classname="src.cucim.skimage.filters.tests.test_unsharp_mask" name="test_unsharp_masking_output_type_and_shape[False--1.0-0.5-0.1-uint8-shape2-False]" time="0.001" /><testcase classname="src.cucim.skimage.filters.tests.test_unsharp_mask" name="test_unsharp_masking_output_type_and_shape[False--1.0-0.5-0.1-uint8-shape3-True]" time="0.002" /><testcase classname="src.cucim.skimage.filters.tests.test_unsharp_mask" name="test_unsharp_masking_output_type_and_shape[False--1.0-0.5-0.1-uint8-shape4-False]" time="0.001" /><testcase classname="src.cucim.skimage.filters.tests.test_unsharp_mask" name="test_unsharp_masking_output_type_and_shape[False--1.0-0.5-0.1-int8-shape0-False]" time="0.001" /><testcase classname="src.cucim.skimage.filters.tests.test_unsharp_mask" name="test_unsharp_masking_output_type_and_shape[False--1.0-0.5-0.1-int8-shape1-True]" time="0.002" /><testcase classname="src.cucim.skimage.filters.tests.test_unsharp_mask" name="test_unsharp_masking_output_type_and_shape[False--1.0-0.5-0.1-int8-shape2-False]" time="0.001" /><testcase classname="src.cucim.skimage.filters.tests.test_unsharp_mask" name="test_unsharp_masking_output_type_and_shape[False--1.0-0.5-0.1-int8-shape3-True]" time="0.002" /><testcase classname="src.cucim.skimage.filters.tests.test_unsharp_mask" name="test_unsharp_masking_output_type_and_shape[False--1.0-0.5-0.1-int8-shape4-False]" time="0.001" /><testcase classname="src.cucim.skimage.filters.tests.test_unsharp_mask" name="test_unsharp_masking_output_type_and_shape[False--1.0-0.5-0.1-uint16-shape0-False]" time="0.001" /><testcase classname="src.cucim.skimage.filters.tests.test_unsharp_mask" name="test_unsharp_masking_output_type_and_shape[False--1.0-0.5-0.1-uint16-shape1-True]" time="0.002" /><testcase classname="src.cucim.skimage.filters.tests.test_unsharp_mask" name="test_unsharp_masking_output_type_and_shape[False--1.0-0.5-0.1-uint16-shape2-False]" time="0.002" /><testcase classname="src.cucim.skimage.filters.tests.test_unsharp_mask" name="test_unsharp_masking_output_type_and_shape[False--1.0-0.5-0.1-uint16-shape3-True]" time="0.002" /><testcase classname="src.cucim.skimage.filters.tests.test_unsharp_mask" name="test_unsharp_masking_output_type_and_shape[False--1.0-0.5-0.1-uint16-shape4-False]" time="0.001" /><testcase classname="src.cucim.skimage.filters.tests.test_unsharp_mask" name="test_unsharp_masking_output_type_and_shape[False--1.0-0.5-0.1-int16-shape0-False]" time="0.001" /><testcase classname="src.cucim.skimage.filters.tests.test_unsharp_mask" name="test_unsharp_masking_output_type_and_shape[False--1.0-0.5-0.1-int16-shape1-True]" time="0.002" /><testcase classname="src.cucim.skimage.filters.tests.test_unsharp_mask" name="test_unsharp_masking_output_type_and_shape[False--1.0-0.5-0.1-int16-shape2-False]" time="0.001" /><testcase classname="src.cucim.skimage.filters.tests.test_unsharp_mask" name="test_unsharp_masking_output_type_and_shape[False--1.0-0.5-0.1-int16-shape3-True]" time="0.002" /><testcase classname="src.cucim.skimage.filters.tests.test_unsharp_mask" name="test_unsharp_masking_output_type_and_shape[False--1.0-0.5-0.1-int16-shape4-False]" time="0.001" /><testcase classname="src.cucim.skimage.filters.tests.test_unsharp_mask" name="test_unsharp_masking_output_type_and_shape[False--1.0-0.5-0.1-uint32-shape0-False]" time="0.001" /><testcase classname="src.cucim.skimage.filters.tests.test_unsharp_mask" name="test_unsharp_masking_output_type_and_shape[False--1.0-0.5-0.1-uint32-shape1-True]" time="0.002" /><testcase classname="src.cucim.skimage.filters.tests.test_unsharp_mask" name="test_unsharp_masking_output_type_and_shape[False--1.0-0.5-0.1-uint32-shape2-False]" time="0.001" /><testcase classname="src.cucim.skimage.filters.tests.test_unsharp_mask" name="test_unsharp_masking_output_type_and_shape[False--1.0-0.5-0.1-uint32-shape3-True]" time="0.002" /><testcase classname="src.cucim.skimage.filters.tests.test_unsharp_mask" name="test_unsharp_masking_output_type_and_shape[False--1.0-0.5-0.1-uint32-shape4-False]" time="0.001" /><testcase classname="src.cucim.skimage.filters.tests.test_unsharp_mask" name="test_unsharp_masking_output_type_and_shape[False--1.0-0.5-0.1-int32-shape0-False]" time="0.001" /><testcase classname="src.cucim.skimage.filters.tests.test_unsharp_mask" name="test_unsharp_masking_output_type_and_shape[False--1.0-0.5-0.1-int32-shape1-True]" time="0.002" /><testcase classname="src.cucim.skimage.filters.tests.test_unsharp_mask" name="test_unsharp_masking_output_type_and_shape[False--1.0-0.5-0.1-int32-shape2-False]" time="0.001" /><testcase classname="src.cucim.skimage.filters.tests.test_unsharp_mask" name="test_unsharp_masking_output_type_and_shape[False--1.0-0.5-0.1-int32-shape3-True]" time="0.002" /><testcase classname="src.cucim.skimage.filters.tests.test_unsharp_mask" name="test_unsharp_masking_output_type_and_shape[False--1.0-0.5-0.1-int32-shape4-False]" time="0.001" /><testcase classname="src.cucim.skimage.filters.tests.test_unsharp_mask" name="test_unsharp_masking_output_type_and_shape[False--1.0-0.5-0.1-uint64-shape0-False]" time="0.001" /><testcase classname="src.cucim.skimage.filters.tests.test_unsharp_mask" name="test_unsharp_masking_output_type_and_shape[False--1.0-0.5-0.1-uint64-shape1-True]" time="0.002" /><testcase classname="src.cucim.skimage.filters.tests.test_unsharp_mask" name="test_unsharp_masking_output_type_and_shape[False--1.0-0.5-0.1-uint64-shape2-False]" time="0.001" /><testcase classname="src.cucim.skimage.filters.tests.test_unsharp_mask" name="test_unsharp_masking_output_type_and_shape[False--1.0-0.5-0.1-uint64-shape3-True]" time="0.002" /><testcase classname="src.cucim.skimage.filters.tests.test_unsharp_mask" name="test_unsharp_masking_output_type_and_shape[False--1.0-0.5-0.1-uint64-shape4-False]" time="0.001" /><testcase classname="src.cucim.skimage.filters.tests.test_unsharp_mask" name="test_unsharp_masking_output_type_and_shape[False--1.0-0.5-0.1-int64-shape0-False]" time="0.001" /><testcase classname="src.cucim.skimage.filters.tests.test_unsharp_mask" name="test_unsharp_masking_output_type_and_shape[False--1.0-0.5-0.1-int64-shape1-True]" time="0.002" /><testcase classname="src.cucim.skimage.filters.tests.test_unsharp_mask" name="test_unsharp_masking_output_type_and_shape[False--1.0-0.5-0.1-int64-shape2-False]" time="0.001" /><testcase classname="src.cucim.skimage.filters.tests.test_unsharp_mask" name="test_unsharp_masking_output_type_and_shape[False--1.0-0.5-0.1-int64-shape3-True]" time="0.002" /><testcase classname="src.cucim.skimage.filters.tests.test_unsharp_mask" name="test_unsharp_masking_output_type_and_shape[False--1.0-0.5-0.1-int64-shape4-False]" time="0.001" /><testcase classname="src.cucim.skimage.filters.tests.test_unsharp_mask" name="test_unsharp_masking_output_type_and_shape[False--1.0-0.5-0.1-float16-shape0-False]" time="0.001" /><testcase classname="src.cucim.skimage.filters.tests.test_unsharp_mask" name="test_unsharp_masking_output_type_and_shape[False--1.0-0.5-0.1-float16-shape1-True]" time="0.002" /><testcase classname="src.cucim.skimage.filters.tests.test_unsharp_mask" name="test_unsharp_masking_output_type_and_shape[False--1.0-0.5-0.1-float16-shape2-False]" time="0.001" /><testcase classname="src.cucim.skimage.filters.tests.test_unsharp_mask" name="test_unsharp_masking_output_type_and_shape[False--1.0-0.5-0.1-float16-shape3-True]" time="0.002" /><testcase classname="src.cucim.skimage.filters.tests.test_unsharp_mask" name="test_unsharp_masking_output_type_and_shape[False--1.0-0.5-0.1-float16-shape4-False]" time="0.001" /><testcase classname="src.cucim.skimage.filters.tests.test_unsharp_mask" name="test_unsharp_masking_output_type_and_shape[False--1.0-0.5-0.1-float32-shape0-False]" time="0.001" /><testcase classname="src.cucim.skimage.filters.tests.test_unsharp_mask" name="test_unsharp_masking_output_type_and_shape[False--1.0-0.5-0.1-float32-shape1-True]" time="0.002" /><testcase classname="src.cucim.skimage.filters.tests.test_unsharp_mask" name="test_unsharp_masking_output_type_and_shape[False--1.0-0.5-0.1-float32-shape2-False]" time="0.002" /><testcase classname="src.cucim.skimage.filters.tests.test_unsharp_mask" name="test_unsharp_masking_output_type_and_shape[False--1.0-0.5-0.1-float32-shape3-True]" time="0.002" /><testcase classname="src.cucim.skimage.filters.tests.test_unsharp_mask" name="test_unsharp_masking_output_type_and_shape[False--1.0-0.5-0.1-float32-shape4-False]" time="0.002" /><testcase classname="src.cucim.skimage.filters.tests.test_unsharp_mask" name="test_unsharp_masking_output_type_and_shape[False--1.0-0.5-0.1-float64-shape0-False]" time="0.001" /><testcase classname="src.cucim.skimage.filters.tests.test_unsharp_mask" name="test_unsharp_masking_output_type_and_shape[False--1.0-0.5-0.1-float64-shape1-True]" time="0.002" /><testcase classname="src.cucim.skimage.filters.tests.test_unsharp_mask" name="test_unsharp_masking_output_type_and_shape[False--1.0-0.5-0.1-float64-shape2-False]" time="0.001" /><testcase classname="src.cucim.skimage.filters.tests.test_unsharp_mask" name="test_unsharp_masking_output_type_and_shape[False--1.0-0.5-0.1-float64-shape3-True]" time="0.002" /><testcase classname="src.cucim.skimage.filters.tests.test_unsharp_mask" name="test_unsharp_masking_output_type_and_shape[False--1.0-0.5-0.1-float64-shape4-False]" time="0.001" /><testcase classname="src.cucim.skimage.filters.tests.test_unsharp_mask" name="test_unsharp_masking_output_type_and_shape[False--1.0-0.5-2.0-uint8-shape0-False]" time="0.001" /><testcase classname="src.cucim.skimage.filters.tests.test_unsharp_mask" name="test_unsharp_masking_output_type_and_shape[False--1.0-0.5-2.0-uint8-shape1-True]" time="0.002" /><testcase classname="src.cucim.skimage.filters.tests.test_unsharp_mask" name="test_unsharp_masking_output_type_and_shape[False--1.0-0.5-2.0-uint8-shape2-False]" time="0.002" /><testcase classname="src.cucim.skimage.filters.tests.test_unsharp_mask" name="test_unsharp_masking_output_type_and_shape[False--1.0-0.5-2.0-uint8-shape3-True]" time="0.002" /><testcase classname="src.cucim.skimage.filters.tests.test_unsharp_mask" name="test_unsharp_masking_output_type_and_shape[False--1.0-0.5-2.0-uint8-shape4-False]" time="0.002" /><testcase classname="src.cucim.skimage.filters.tests.test_unsharp_mask" name="test_unsharp_masking_output_type_and_shape[False--1.0-0.5-2.0-int8-shape0-False]" time="0.001" /><testcase classname="src.cucim.skimage.filters.tests.test_unsharp_mask" name="test_unsharp_masking_output_type_and_shape[False--1.0-0.5-2.0-int8-shape1-True]" time="0.003" /><testcase classname="src.cucim.skimage.filters.tests.test_unsharp_mask" name="test_unsharp_masking_output_type_and_shape[False--1.0-0.5-2.0-int8-shape2-False]" time="0.002" /><testcase classname="src.cucim.skimage.filters.tests.test_unsharp_mask" name="test_unsharp_masking_output_type_and_shape[False--1.0-0.5-2.0-int8-shape3-True]" time="0.002" /><testcase classname="src.cucim.skimage.filters.tests.test_unsharp_mask" name="test_unsharp_masking_output_type_and_shape[False--1.0-0.5-2.0-int8-shape4-False]" time="0.002" /><testcase classname="src.cucim.skimage.filters.tests.test_unsharp_mask" name="test_unsharp_masking_output_type_and_shape[False--1.0-0.5-2.0-uint16-shape0-False]" time="0.001" /><testcase classname="src.cucim.skimage.filters.tests.test_unsharp_mask" name="test_unsharp_masking_output_type_and_shape[False--1.0-0.5-2.0-uint16-shape1-True]" time="0.002" /><testcase classname="src.cucim.skimage.filters.tests.test_unsharp_mask" name="test_unsharp_masking_output_type_and_shape[False--1.0-0.5-2.0-uint16-shape2-False]" time="0.002" /><testcase classname="src.cucim.skimage.filters.tests.test_unsharp_mask" name="test_unsharp_masking_output_type_and_shape[False--1.0-0.5-2.0-uint16-shape3-True]" time="0.002" /><testcase classname="src.cucim.skimage.filters.tests.test_unsharp_mask" name="test_unsharp_masking_output_type_and_shape[False--1.0-0.5-2.0-uint16-shape4-False]" time="0.002" /><testcase classname="src.cucim.skimage.filters.tests.test_unsharp_mask" name="test_unsharp_masking_output_type_and_shape[False--1.0-0.5-2.0-int16-shape0-False]" time="0.001" /><testcase classname="src.cucim.skimage.filters.tests.test_unsharp_mask" name="test_unsharp_masking_output_type_and_shape[False--1.0-0.5-2.0-int16-shape1-True]" time="0.002" /><testcase classname="src.cucim.skimage.filters.tests.test_unsharp_mask" name="test_unsharp_masking_output_type_and_shape[False--1.0-0.5-2.0-int16-shape2-False]" time="0.002" /><testcase classname="src.cucim.skimage.filters.tests.test_unsharp_mask" name="test_unsharp_masking_output_type_and_shape[False--1.0-0.5-2.0-int16-shape3-True]" time="0.002" /><testcase classname="src.cucim.skimage.filters.tests.test_unsharp_mask" name="test_unsharp_masking_output_type_and_shape[False--1.0-0.5-2.0-int16-shape4-False]" time="0.002" /><testcase classname="src.cucim.skimage.filters.tests.test_unsharp_mask" name="test_unsharp_masking_output_type_and_shape[False--1.0-0.5-2.0-uint32-shape0-False]" time="0.002" /><testcase classname="src.cucim.skimage.filters.tests.test_unsharp_mask" name="test_unsharp_masking_output_type_and_shape[False--1.0-0.5-2.0-uint32-shape1-True]" time="0.002" /><testcase classname="src.cucim.skimage.filters.tests.test_unsharp_mask" name="test_unsharp_masking_output_type_and_shape[False--1.0-0.5-2.0-uint32-shape2-False]" time="0.002" /><testcase classname="src.cucim.skimage.filters.tests.test_unsharp_mask" name="test_unsharp_masking_output_type_and_shape[False--1.0-0.5-2.0-uint32-shape3-True]" time="0.002" /><testcase classname="src.cucim.skimage.filters.tests.test_unsharp_mask" name="test_unsharp_masking_output_type_and_shape[False--1.0-0.5-2.0-uint32-shape4-False]" time="0.002" /><testcase classname="src.cucim.skimage.filters.tests.test_unsharp_mask" name="test_unsharp_masking_output_type_and_shape[False--1.0-0.5-2.0-int32-shape0-False]" time="0.001" /><testcase classname="src.cucim.skimage.filters.tests.test_unsharp_mask" name="test_unsharp_masking_output_type_and_shape[False--1.0-0.5-2.0-int32-shape1-True]" time="0.002" /><testcase classname="src.cucim.skimage.filters.tests.test_unsharp_mask" name="test_unsharp_masking_output_type_and_shape[False--1.0-0.5-2.0-int32-shape2-False]" time="0.002" /><testcase classname="src.cucim.skimage.filters.tests.test_unsharp_mask" name="test_unsharp_masking_output_type_and_shape[False--1.0-0.5-2.0-int32-shape3-True]" time="0.002" /><testcase classname="src.cucim.skimage.filters.tests.test_unsharp_mask" name="test_unsharp_masking_output_type_and_shape[False--1.0-0.5-2.0-int32-shape4-False]" time="0.002" /><testcase classname="src.cucim.skimage.filters.tests.test_unsharp_mask" name="test_unsharp_masking_output_type_and_shape[False--1.0-0.5-2.0-uint64-shape0-False]" time="0.001" /><testcase classname="src.cucim.skimage.filters.tests.test_unsharp_mask" name="test_unsharp_masking_output_type_and_shape[False--1.0-0.5-2.0-uint64-shape1-True]" time="0.002" /><testcase classname="src.cucim.skimage.filters.tests.test_unsharp_mask" name="test_unsharp_masking_output_type_and_shape[False--1.0-0.5-2.0-uint64-shape2-False]" time="0.002" /><testcase classname="src.cucim.skimage.filters.tests.test_unsharp_mask" name="test_unsharp_masking_output_type_and_shape[False--1.0-0.5-2.0-uint64-shape3-True]" time="0.002" /><testcase classname="src.cucim.skimage.filters.tests.test_unsharp_mask" name="test_unsharp_masking_output_type_and_shape[False--1.0-0.5-2.0-uint64-shape4-False]" time="0.002" /><testcase classname="src.cucim.skimage.filters.tests.test_unsharp_mask" name="test_unsharp_masking_output_type_and_shape[False--1.0-0.5-2.0-int64-shape0-False]" time="0.001" /><testcase classname="src.cucim.skimage.filters.tests.test_unsharp_mask" name="test_unsharp_masking_output_type_and_shape[False--1.0-0.5-2.0-int64-shape1-True]" time="0.002" /><testcase classname="src.cucim.skimage.filters.tests.test_unsharp_mask" name="test_unsharp_masking_output_type_and_shape[False--1.0-0.5-2.0-int64-shape2-False]" time="0.002" /><testcase classname="src.cucim.skimage.filters.tests.test_unsharp_mask" name="test_unsharp_masking_output_type_and_shape[False--1.0-0.5-2.0-int64-shape3-True]" time="0.002" /><testcase classname="src.cucim.skimage.filters.tests.test_unsharp_mask" name="test_unsharp_masking_output_type_and_shape[False--1.0-0.5-2.0-int64-shape4-False]" time="0.002" /><testcase classname="src.cucim.skimage.filters.tests.test_unsharp_mask" name="test_unsharp_masking_output_type_and_shape[False--1.0-0.5-2.0-float16-shape0-False]" time="0.002" /><testcase classname="src.cucim.skimage.filters.tests.test_unsharp_mask" name="test_unsharp_masking_output_type_and_shape[False--1.0-0.5-2.0-float16-shape1-True]" time="0.002" /><testcase classname="src.cucim.skimage.filters.tests.test_unsharp_mask" name="test_unsharp_masking_output_type_and_shape[False--1.0-0.5-2.0-float16-shape2-False]" time="0.002" /><testcase classname="src.cucim.skimage.filters.tests.test_unsharp_mask" name="test_unsharp_masking_output_type_and_shape[False--1.0-0.5-2.0-float16-shape3-True]" time="0.002" /><testcase classname="src.cucim.skimage.filters.tests.test_unsharp_mask" name="test_unsharp_masking_output_type_and_shape[False--1.0-0.5-2.0-float16-shape4-False]" time="0.002" /><testcase classname="src.cucim.skimage.filters.tests.test_unsharp_mask" name="test_unsharp_masking_output_type_and_shape[False--1.0-0.5-2.0-float32-shape0-False]" time="0.001" /><testcase classname="src.cucim.skimage.filters.tests.test_unsharp_mask" name="test_unsharp_masking_output_type_and_shape[False--1.0-0.5-2.0-float32-shape1-True]" time="0.002" /><testcase classname="src.cucim.skimage.filters.tests.test_unsharp_mask" name="test_unsharp_masking_output_type_and_shape[False--1.0-0.5-2.0-float32-shape2-False]" time="0.002" /><testcase classname="src.cucim.skimage.filters.tests.test_unsharp_mask" name="test_unsharp_masking_output_type_and_shape[False--1.0-0.5-2.0-float32-shape3-True]" time="0.003" /><testcase classname="src.cucim.skimage.filters.tests.test_unsharp_mask" name="test_unsharp_masking_output_type_and_shape[False--1.0-0.5-2.0-float32-shape4-False]" time="0.002" /><testcase classname="src.cucim.skimage.filters.tests.test_unsharp_mask" name="test_unsharp_masking_output_type_and_shape[False--1.0-0.5-2.0-float64-shape0-False]" time="0.002" /><testcase classname="src.cucim.skimage.filters.tests.test_unsharp_mask" name="test_unsharp_masking_output_type_and_shape[False--1.0-0.5-2.0-float64-shape1-True]" time="0.002" /><testcase classname="src.cucim.skimage.filters.tests.test_unsharp_mask" name="test_unsharp_masking_output_type_and_shape[False--1.0-0.5-2.0-float64-shape2-False]" time="0.002" /><testcase classname="src.cucim.skimage.filters.tests.test_unsharp_mask" name="test_unsharp_masking_output_type_and_shape[False--1.0-0.5-2.0-float64-shape3-True]" time="0.002" /><testcase classname="src.cucim.skimage.filters.tests.test_unsharp_mask" name="test_unsharp_masking_output_type_and_shape[False--1.0-0.5-2.0-float64-shape4-False]" time="0.002" /><testcase classname="src.cucim.skimage.filters.tests.test_unsharp_mask" name="test_unsharp_masking_output_type_and_shape[False--1.0-2.0-0-uint8-shape0-False]" time="0.001" /><testcase classname="src.cucim.skimage.filters.tests.test_unsharp_mask" name="test_unsharp_masking_output_type_and_shape[False--1.0-2.0-0-uint8-shape1-True]" time="0.002" /><testcase classname="src.cucim.skimage.filters.tests.test_unsharp_mask" name="test_unsharp_masking_output_type_and_shape[False--1.0-2.0-0-uint8-shape2-False]" time="0.001" /><testcase classname="src.cucim.skimage.filters.tests.test_unsharp_mask" name="test_unsharp_masking_output_type_and_shape[False--1.0-2.0-0-uint8-shape3-True]" time="0.002" /><testcase classname="src.cucim.skimage.filters.tests.test_unsharp_mask" name="test_unsharp_masking_output_type_and_shape[False--1.0-2.0-0-uint8-shape4-False]" time="0.001" /><testcase classname="src.cucim.skimage.filters.tests.test_unsharp_mask" name="test_unsharp_masking_output_type_and_shape[False--1.0-2.0-0-int8-shape0-False]" time="0.001" /><testcase classname="src.cucim.skimage.filters.tests.test_unsharp_mask" name="test_unsharp_masking_output_type_and_shape[False--1.0-2.0-0-int8-shape1-True]" time="0.002" /><testcase classname="src.cucim.skimage.filters.tests.test_unsharp_mask" name="test_unsharp_masking_output_type_and_shape[False--1.0-2.0-0-int8-shape2-False]" time="0.001" /><testcase classname="src.cucim.skimage.filters.tests.test_unsharp_mask" name="test_unsharp_masking_output_type_and_shape[False--1.0-2.0-0-int8-shape3-True]" time="0.002" /><testcase classname="src.cucim.skimage.filters.tests.test_unsharp_mask" name="test_unsharp_masking_output_type_and_shape[False--1.0-2.0-0-int8-shape4-False]" time="0.001" /><testcase classname="src.cucim.skimage.filters.tests.test_unsharp_mask" name="test_unsharp_masking_output_type_and_shape[False--1.0-2.0-0-uint16-shape0-False]" time="0.001" /><testcase classname="src.cucim.skimage.filters.tests.test_unsharp_mask" name="test_unsharp_masking_output_type_and_shape[False--1.0-2.0-0-uint16-shape1-True]" time="0.002" /><testcase classname="src.cucim.skimage.filters.tests.test_unsharp_mask" name="test_unsharp_masking_output_type_and_shape[False--1.0-2.0-0-uint16-shape2-False]" time="0.001" /><testcase classname="src.cucim.skimage.filters.tests.test_unsharp_mask" name="test_unsharp_masking_output_type_and_shape[False--1.0-2.0-0-uint16-shape3-True]" time="0.002" /><testcase classname="src.cucim.skimage.filters.tests.test_unsharp_mask" name="test_unsharp_masking_output_type_and_shape[False--1.0-2.0-0-uint16-shape4-False]" time="0.001" /><testcase classname="src.cucim.skimage.filters.tests.test_unsharp_mask" name="test_unsharp_masking_output_type_and_shape[False--1.0-2.0-0-int16-shape0-False]" time="0.001" /><testcase classname="src.cucim.skimage.filters.tests.test_unsharp_mask" name="test_unsharp_masking_output_type_and_shape[False--1.0-2.0-0-int16-shape1-True]" time="0.002" /><testcase classname="src.cucim.skimage.filters.tests.test_unsharp_mask" name="test_unsharp_masking_output_type_and_shape[False--1.0-2.0-0-int16-shape2-False]" time="0.001" /><testcase classname="src.cucim.skimage.filters.tests.test_unsharp_mask" name="test_unsharp_masking_output_type_and_shape[False--1.0-2.0-0-int16-shape3-True]" time="0.002" /><testcase classname="src.cucim.skimage.filters.tests.test_unsharp_mask" name="test_unsharp_masking_output_type_and_shape[False--1.0-2.0-0-int16-shape4-False]" time="0.001" /><testcase classname="src.cucim.skimage.filters.tests.test_unsharp_mask" name="test_unsharp_masking_output_type_and_shape[False--1.0-2.0-0-uint32-shape0-False]" time="0.001" /><testcase classname="src.cucim.skimage.filters.tests.test_unsharp_mask" name="test_unsharp_masking_output_type_and_shape[False--1.0-2.0-0-uint32-shape1-True]" time="0.002" /><testcase classname="src.cucim.skimage.filters.tests.test_unsharp_mask" name="test_unsharp_masking_output_type_and_shape[False--1.0-2.0-0-uint32-shape2-False]" time="0.001" /><testcase classname="src.cucim.skimage.filters.tests.test_unsharp_mask" name="test_unsharp_masking_output_type_and_shape[False--1.0-2.0-0-uint32-shape3-True]" time="0.002" /><testcase classname="src.cucim.skimage.filters.tests.test_unsharp_mask" name="test_unsharp_masking_output_type_and_shape[False--1.0-2.0-0-uint32-shape4-False]" time="0.001" /><testcase classname="src.cucim.skimage.filters.tests.test_unsharp_mask" name="test_unsharp_masking_output_type_and_shape[False--1.0-2.0-0-int32-shape0-False]" time="0.001" /><testcase classname="src.cucim.skimage.filters.tests.test_unsharp_mask" name="test_unsharp_masking_output_type_and_shape[False--1.0-2.0-0-int32-shape1-True]" time="0.002" /><testcase classname="src.cucim.skimage.filters.tests.test_unsharp_mask" name="test_unsharp_masking_output_type_and_shape[False--1.0-2.0-0-int32-shape2-False]" time="0.001" /><testcase classname="src.cucim.skimage.filters.tests.test_unsharp_mask" name="test_unsharp_masking_output_type_and_shape[False--1.0-2.0-0-int32-shape3-True]" time="0.002" /><testcase classname="src.cucim.skimage.filters.tests.test_unsharp_mask" name="test_unsharp_masking_output_type_and_shape[False--1.0-2.0-0-int32-shape4-False]" time="0.001" /><testcase classname="src.cucim.skimage.filters.tests.test_unsharp_mask" name="test_unsharp_masking_output_type_and_shape[False--1.0-2.0-0-uint64-shape0-False]" time="0.001" /><testcase classname="src.cucim.skimage.filters.tests.test_unsharp_mask" name="test_unsharp_masking_output_type_and_shape[False--1.0-2.0-0-uint64-shape1-True]" time="0.002" /><testcase classname="src.cucim.skimage.filters.tests.test_unsharp_mask" name="test_unsharp_masking_output_type_and_shape[False--1.0-2.0-0-uint64-shape2-False]" time="0.001" /><testcase classname="src.cucim.skimage.filters.tests.test_unsharp_mask" name="test_unsharp_masking_output_type_and_shape[False--1.0-2.0-0-uint64-shape3-True]" time="0.002" /><testcase classname="src.cucim.skimage.filters.tests.test_unsharp_mask" name="test_unsharp_masking_output_type_and_shape[False--1.0-2.0-0-uint64-shape4-False]" time="0.001" /><testcase classname="src.cucim.skimage.filters.tests.test_unsharp_mask" name="test_unsharp_masking_output_type_and_shape[False--1.0-2.0-0-int64-shape0-False]" time="0.001" /><testcase classname="src.cucim.skimage.filters.tests.test_unsharp_mask" name="test_unsharp_masking_output_type_and_shape[False--1.0-2.0-0-int64-shape1-True]" time="0.002" /><testcase classname="src.cucim.skimage.filters.tests.test_unsharp_mask" name="test_unsharp_masking_output_type_and_shape[False--1.0-2.0-0-int64-shape2-False]" time="0.001" /><testcase classname="src.cucim.skimage.filters.tests.test_unsharp_mask" name="test_unsharp_masking_output_type_and_shape[False--1.0-2.0-0-int64-shape3-True]" time="0.002" /><testcase classname="src.cucim.skimage.filters.tests.test_unsharp_mask" name="test_unsharp_masking_output_type_and_shape[False--1.0-2.0-0-int64-shape4-False]" time="0.001" /><testcase classname="src.cucim.skimage.filters.tests.test_unsharp_mask" name="test_unsharp_masking_output_type_and_shape[False--1.0-2.0-0-float16-shape0-False]" time="0.001" /><testcase classname="src.cucim.skimage.filters.tests.test_unsharp_mask" name="test_unsharp_masking_output_type_and_shape[False--1.0-2.0-0-float16-shape1-True]" time="0.002" /><testcase classname="src.cucim.skimage.filters.tests.test_unsharp_mask" name="test_unsharp_masking_output_type_and_shape[False--1.0-2.0-0-float16-shape2-False]" time="0.001" /><testcase classname="src.cucim.skimage.filters.tests.test_unsharp_mask" name="test_unsharp_masking_output_type_and_shape[False--1.0-2.0-0-float16-shape3-True]" time="0.002" /><testcase classname="src.cucim.skimage.filters.tests.test_unsharp_mask" name="test_unsharp_masking_output_type_and_shape[False--1.0-2.0-0-float16-shape4-False]" time="0.001" /><testcase classname="src.cucim.skimage.filters.tests.test_unsharp_mask" name="test_unsharp_masking_output_type_and_shape[False--1.0-2.0-0-float32-shape0-False]" time="0.001" /><testcase classname="src.cucim.skimage.filters.tests.test_unsharp_mask" name="test_unsharp_masking_output_type_and_shape[False--1.0-2.0-0-float32-shape1-True]" time="0.002" /><testcase classname="src.cucim.skimage.filters.tests.test_unsharp_mask" name="test_unsharp_masking_output_type_and_shape[False--1.0-2.0-0-float32-shape2-False]" time="0.002" /><testcase classname="src.cucim.skimage.filters.tests.test_unsharp_mask" name="test_unsharp_masking_output_type_and_shape[False--1.0-2.0-0-float32-shape3-True]" time="0.002" /><testcase classname="src.cucim.skimage.filters.tests.test_unsharp_mask" name="test_unsharp_masking_output_type_and_shape[False--1.0-2.0-0-float32-shape4-False]" time="0.001" /><testcase classname="src.cucim.skimage.filters.tests.test_unsharp_mask" name="test_unsharp_masking_output_type_and_shape[False--1.0-2.0-0-float64-shape0-False]" time="0.001" /><testcase classname="src.cucim.skimage.filters.tests.test_unsharp_mask" name="test_unsharp_masking_output_type_and_shape[False--1.0-2.0-0-float64-shape1-True]" time="0.002" /><testcase classname="src.cucim.skimage.filters.tests.test_unsharp_mask" name="test_unsharp_masking_output_type_and_shape[False--1.0-2.0-0-float64-shape2-False]" time="0.001" /><testcase classname="src.cucim.skimage.filters.tests.test_unsharp_mask" name="test_unsharp_masking_output_type_and_shape[False--1.0-2.0-0-float64-shape3-True]" time="0.002" /><testcase classname="src.cucim.skimage.filters.tests.test_unsharp_mask" name="test_unsharp_masking_output_type_and_shape[False--1.0-2.0-0-float64-shape4-False]" time="0.001" /><testcase classname="src.cucim.skimage.filters.tests.test_unsharp_mask" name="test_unsharp_masking_output_type_and_shape[False--1.0-2.0-0.1-uint8-shape0-False]" time="0.001" /><testcase classname="src.cucim.skimage.filters.tests.test_unsharp_mask" name="test_unsharp_masking_output_type_and_shape[False--1.0-2.0-0.1-uint8-shape1-True]" time="0.002" /><testcase classname="src.cucim.skimage.filters.tests.test_unsharp_mask" name="test_unsharp_masking_output_type_and_shape[False--1.0-2.0-0.1-uint8-shape2-False]" time="0.001" /><testcase classname="src.cucim.skimage.filters.tests.test_unsharp_mask" name="test_unsharp_masking_output_type_and_shape[False--1.0-2.0-0.1-uint8-shape3-True]" time="0.002" /><testcase classname="src.cucim.skimage.filters.tests.test_unsharp_mask" name="test_unsharp_masking_output_type_and_shape[False--1.0-2.0-0.1-uint8-shape4-False]" time="0.001" /><testcase classname="src.cucim.skimage.filters.tests.test_unsharp_mask" name="test_unsharp_masking_output_type_and_shape[False--1.0-2.0-0.1-int8-shape0-False]" time="0.002" /><testcase classname="src.cucim.skimage.filters.tests.test_unsharp_mask" name="test_unsharp_masking_output_type_and_shape[False--1.0-2.0-0.1-int8-shape1-True]" time="0.002" /><testcase classname="src.cucim.skimage.filters.tests.test_unsharp_mask" name="test_unsharp_masking_output_type_and_shape[False--1.0-2.0-0.1-int8-shape2-False]" time="0.001" /><testcase classname="src.cucim.skimage.filters.tests.test_unsharp_mask" name="test_unsharp_masking_output_type_and_shape[False--1.0-2.0-0.1-int8-shape3-True]" time="0.002" /><testcase classname="src.cucim.skimage.filters.tests.test_unsharp_mask" name="test_unsharp_masking_output_type_and_shape[False--1.0-2.0-0.1-int8-shape4-False]" time="0.001" /><testcase classname="src.cucim.skimage.filters.tests.test_unsharp_mask" name="test_unsharp_masking_output_type_and_shape[False--1.0-2.0-0.1-uint16-shape0-False]" time="0.001" /><testcase classname="src.cucim.skimage.filters.tests.test_unsharp_mask" name="test_unsharp_masking_output_type_and_shape[False--1.0-2.0-0.1-uint16-shape1-True]" time="0.002" /><testcase classname="src.cucim.skimage.filters.tests.test_unsharp_mask" name="test_unsharp_masking_output_type_and_shape[False--1.0-2.0-0.1-uint16-shape2-False]" time="0.001" /><testcase classname="src.cucim.skimage.filters.tests.test_unsharp_mask" name="test_unsharp_masking_output_type_and_shape[False--1.0-2.0-0.1-uint16-shape3-True]" time="0.002" /><testcase classname="src.cucim.skimage.filters.tests.test_unsharp_mask" name="test_unsharp_masking_output_type_and_shape[False--1.0-2.0-0.1-uint16-shape4-False]" time="0.001" /><testcase classname="src.cucim.skimage.filters.tests.test_unsharp_mask" name="test_unsharp_masking_output_type_and_shape[False--1.0-2.0-0.1-int16-shape0-False]" time="0.001" /><testcase classname="src.cucim.skimage.filters.tests.test_unsharp_mask" name="test_unsharp_masking_output_type_and_shape[False--1.0-2.0-0.1-int16-shape1-True]" time="0.002" /><testcase classname="src.cucim.skimage.filters.tests.test_unsharp_mask" name="test_unsharp_masking_output_type_and_shape[False--1.0-2.0-0.1-int16-shape2-False]" time="0.001" /><testcase classname="src.cucim.skimage.filters.tests.test_unsharp_mask" name="test_unsharp_masking_output_type_and_shape[False--1.0-2.0-0.1-int16-shape3-True]" time="0.002" /><testcase classname="src.cucim.skimage.filters.tests.test_unsharp_mask" name="test_unsharp_masking_output_type_and_shape[False--1.0-2.0-0.1-int16-shape4-False]" time="0.001" /><testcase classname="src.cucim.skimage.filters.tests.test_unsharp_mask" name="test_unsharp_masking_output_type_and_shape[False--1.0-2.0-0.1-uint32-shape0-False]" time="0.001" /><testcase classname="src.cucim.skimage.filters.tests.test_unsharp_mask" name="test_unsharp_masking_output_type_and_shape[False--1.0-2.0-0.1-uint32-shape1-True]" time="0.002" /><testcase classname="src.cucim.skimage.filters.tests.test_unsharp_mask" name="test_unsharp_masking_output_type_and_shape[False--1.0-2.0-0.1-uint32-shape2-False]" time="0.001" /><testcase classname="src.cucim.skimage.filters.tests.test_unsharp_mask" name="test_unsharp_masking_output_type_and_shape[False--1.0-2.0-0.1-uint32-shape3-True]" time="0.002" /><testcase classname="src.cucim.skimage.filters.tests.test_unsharp_mask" name="test_unsharp_masking_output_type_and_shape[False--1.0-2.0-0.1-uint32-shape4-False]" time="0.001" /><testcase classname="src.cucim.skimage.filters.tests.test_unsharp_mask" name="test_unsharp_masking_output_type_and_shape[False--1.0-2.0-0.1-int32-shape0-False]" time="0.001" /><testcase classname="src.cucim.skimage.filters.tests.test_unsharp_mask" name="test_unsharp_masking_output_type_and_shape[False--1.0-2.0-0.1-int32-shape1-True]" time="0.002" /><testcase classname="src.cucim.skimage.filters.tests.test_unsharp_mask" name="test_unsharp_masking_output_type_and_shape[False--1.0-2.0-0.1-int32-shape2-False]" time="0.001" /><testcase classname="src.cucim.skimage.filters.tests.test_unsharp_mask" name="test_unsharp_masking_output_type_and_shape[False--1.0-2.0-0.1-int32-shape3-True]" time="0.002" /><testcase classname="src.cucim.skimage.filters.tests.test_unsharp_mask" name="test_unsharp_masking_output_type_and_shape[False--1.0-2.0-0.1-int32-shape4-False]" time="0.001" /><testcase classname="src.cucim.skimage.filters.tests.test_unsharp_mask" name="test_unsharp_masking_output_type_and_shape[False--1.0-2.0-0.1-uint64-shape0-False]" time="0.001" /><testcase classname="src.cucim.skimage.filters.tests.test_unsharp_mask" name="test_unsharp_masking_output_type_and_shape[False--1.0-2.0-0.1-uint64-shape1-True]" time="0.002" /><testcase classname="src.cucim.skimage.filters.tests.test_unsharp_mask" name="test_unsharp_masking_output_type_and_shape[False--1.0-2.0-0.1-uint64-shape2-False]" time="0.001" /><testcase classname="src.cucim.skimage.filters.tests.test_unsharp_mask" name="test_unsharp_masking_output_type_and_shape[False--1.0-2.0-0.1-uint64-shape3-True]" time="0.002" /><testcase classname="src.cucim.skimage.filters.tests.test_unsharp_mask" name="test_unsharp_masking_output_type_and_shape[False--1.0-2.0-0.1-uint64-shape4-False]" time="0.001" /><testcase classname="src.cucim.skimage.filters.tests.test_unsharp_mask" name="test_unsharp_masking_output_type_and_shape[False--1.0-2.0-0.1-int64-shape0-False]" time="0.001" /><testcase classname="src.cucim.skimage.filters.tests.test_unsharp_mask" name="test_unsharp_masking_output_type_and_shape[False--1.0-2.0-0.1-int64-shape1-True]" time="0.002" /><testcase classname="src.cucim.skimage.filters.tests.test_unsharp_mask" name="test_unsharp_masking_output_type_and_shape[False--1.0-2.0-0.1-int64-shape2-False]" time="0.001" /><testcase classname="src.cucim.skimage.filters.tests.test_unsharp_mask" name="test_unsharp_masking_output_type_and_shape[False--1.0-2.0-0.1-int64-shape3-True]" time="0.002" /><testcase classname="src.cucim.skimage.filters.tests.test_unsharp_mask" name="test_unsharp_masking_output_type_and_shape[False--1.0-2.0-0.1-int64-shape4-False]" time="0.001" /><testcase classname="src.cucim.skimage.filters.tests.test_unsharp_mask" name="test_unsharp_masking_output_type_and_shape[False--1.0-2.0-0.1-float16-shape0-False]" time="0.001" /><testcase classname="src.cucim.skimage.filters.tests.test_unsharp_mask" name="test_unsharp_masking_output_type_and_shape[False--1.0-2.0-0.1-float16-shape1-True]" time="0.002" /><testcase classname="src.cucim.skimage.filters.tests.test_unsharp_mask" name="test_unsharp_masking_output_type_and_shape[False--1.0-2.0-0.1-float16-shape2-False]" time="0.001" /><testcase classname="src.cucim.skimage.filters.tests.test_unsharp_mask" name="test_unsharp_masking_output_type_and_shape[False--1.0-2.0-0.1-float16-shape3-True]" time="0.002" /><testcase classname="src.cucim.skimage.filters.tests.test_unsharp_mask" name="test_unsharp_masking_output_type_and_shape[False--1.0-2.0-0.1-float16-shape4-False]" time="0.001" /><testcase classname="src.cucim.skimage.filters.tests.test_unsharp_mask" name="test_unsharp_masking_output_type_and_shape[False--1.0-2.0-0.1-float32-shape0-False]" time="0.001" /><testcase classname="src.cucim.skimage.filters.tests.test_unsharp_mask" name="test_unsharp_masking_output_type_and_shape[False--1.0-2.0-0.1-float32-shape1-True]" time="0.002" /><testcase classname="src.cucim.skimage.filters.tests.test_unsharp_mask" name="test_unsharp_masking_output_type_and_shape[False--1.0-2.0-0.1-float32-shape2-False]" time="0.001" /><testcase classname="src.cucim.skimage.filters.tests.test_unsharp_mask" name="test_unsharp_masking_output_type_and_shape[False--1.0-2.0-0.1-float32-shape3-True]" time="0.002" /><testcase classname="src.cucim.skimage.filters.tests.test_unsharp_mask" name="test_unsharp_masking_output_type_and_shape[False--1.0-2.0-0.1-float32-shape4-False]" time="0.002" /><testcase classname="src.cucim.skimage.filters.tests.test_unsharp_mask" name="test_unsharp_masking_output_type_and_shape[False--1.0-2.0-0.1-float64-shape0-False]" time="0.002" /><testcase classname="src.cucim.skimage.filters.tests.test_unsharp_mask" name="test_unsharp_masking_output_type_and_shape[False--1.0-2.0-0.1-float64-shape1-True]" time="0.002" /><testcase classname="src.cucim.skimage.filters.tests.test_unsharp_mask" name="test_unsharp_masking_output_type_and_shape[False--1.0-2.0-0.1-float64-shape2-False]" time="0.002" /><testcase classname="src.cucim.skimage.filters.tests.test_unsharp_mask" name="test_unsharp_masking_output_type_and_shape[False--1.0-2.0-0.1-float64-shape3-True]" time="0.002" /><testcase classname="src.cucim.skimage.filters.tests.test_unsharp_mask" name="test_unsharp_masking_output_type_and_shape[False--1.0-2.0-0.1-float64-shape4-False]" time="0.001" /><testcase classname="src.cucim.skimage.filters.tests.test_unsharp_mask" name="test_unsharp_masking_output_type_and_shape[False--1.0-2.0-2.0-uint8-shape0-False]" time="0.002" /><testcase classname="src.cucim.skimage.filters.tests.test_unsharp_mask" name="test_unsharp_masking_output_type_and_shape[False--1.0-2.0-2.0-uint8-shape1-True]" time="0.003" /><testcase classname="src.cucim.skimage.filters.tests.test_unsharp_mask" name="test_unsharp_masking_output_type_and_shape[False--1.0-2.0-2.0-uint8-shape2-False]" time="0.002" /><testcase classname="src.cucim.skimage.filters.tests.test_unsharp_mask" name="test_unsharp_masking_output_type_and_shape[False--1.0-2.0-2.0-uint8-shape3-True]" time="0.003" /><testcase classname="src.cucim.skimage.filters.tests.test_unsharp_mask" name="test_unsharp_masking_output_type_and_shape[False--1.0-2.0-2.0-uint8-shape4-False]" time="0.002" /><testcase classname="src.cucim.skimage.filters.tests.test_unsharp_mask" name="test_unsharp_masking_output_type_and_shape[False--1.0-2.0-2.0-int8-shape0-False]" time="0.002" /><testcase classname="src.cucim.skimage.filters.tests.test_unsharp_mask" name="test_unsharp_masking_output_type_and_shape[False--1.0-2.0-2.0-int8-shape1-True]" time="0.002" /><testcase classname="src.cucim.skimage.filters.tests.test_unsharp_mask" name="test_unsharp_masking_output_type_and_shape[False--1.0-2.0-2.0-int8-shape2-False]" time="0.002" /><testcase classname="src.cucim.skimage.filters.tests.test_unsharp_mask" name="test_unsharp_masking_output_type_and_shape[False--1.0-2.0-2.0-int8-shape3-True]" time="0.002" /><testcase classname="src.cucim.skimage.filters.tests.test_unsharp_mask" name="test_unsharp_masking_output_type_and_shape[False--1.0-2.0-2.0-int8-shape4-False]" time="0.002" /><testcase classname="src.cucim.skimage.filters.tests.test_unsharp_mask" name="test_unsharp_masking_output_type_and_shape[False--1.0-2.0-2.0-uint16-shape0-False]" time="0.002" /><testcase classname="src.cucim.skimage.filters.tests.test_unsharp_mask" name="test_unsharp_masking_output_type_and_shape[False--1.0-2.0-2.0-uint16-shape1-True]" time="0.002" /><testcase classname="src.cucim.skimage.filters.tests.test_unsharp_mask" name="test_unsharp_masking_output_type_and_shape[False--1.0-2.0-2.0-uint16-shape2-False]" time="0.002" /><testcase classname="src.cucim.skimage.filters.tests.test_unsharp_mask" name="test_unsharp_masking_output_type_and_shape[False--1.0-2.0-2.0-uint16-shape3-True]" time="0.003" /><testcase classname="src.cucim.skimage.filters.tests.test_unsharp_mask" name="test_unsharp_masking_output_type_and_shape[False--1.0-2.0-2.0-uint16-shape4-False]" time="0.002" /><testcase classname="src.cucim.skimage.filters.tests.test_unsharp_mask" name="test_unsharp_masking_output_type_and_shape[False--1.0-2.0-2.0-int16-shape0-False]" time="0.001" /><testcase classname="src.cucim.skimage.filters.tests.test_unsharp_mask" name="test_unsharp_masking_output_type_and_shape[False--1.0-2.0-2.0-int16-shape1-True]" time="0.002" /><testcase classname="src.cucim.skimage.filters.tests.test_unsharp_mask" name="test_unsharp_masking_output_type_and_shape[False--1.0-2.0-2.0-int16-shape2-False]" time="0.002" /><testcase classname="src.cucim.skimage.filters.tests.test_unsharp_mask" name="test_unsharp_masking_output_type_and_shape[False--1.0-2.0-2.0-int16-shape3-True]" time="0.002" /><testcase classname="src.cucim.skimage.filters.tests.test_unsharp_mask" name="test_unsharp_masking_output_type_and_shape[False--1.0-2.0-2.0-int16-shape4-False]" time="0.002" /><testcase classname="src.cucim.skimage.filters.tests.test_unsharp_mask" name="test_unsharp_masking_output_type_and_shape[False--1.0-2.0-2.0-uint32-shape0-False]" time="0.002" /><testcase classname="src.cucim.skimage.filters.tests.test_unsharp_mask" name="test_unsharp_masking_output_type_and_shape[False--1.0-2.0-2.0-uint32-shape1-True]" time="0.002" /><testcase classname="src.cucim.skimage.filters.tests.test_unsharp_mask" name="test_unsharp_masking_output_type_and_shape[False--1.0-2.0-2.0-uint32-shape2-False]" time="0.002" /><testcase classname="src.cucim.skimage.filters.tests.test_unsharp_mask" name="test_unsharp_masking_output_type_and_shape[False--1.0-2.0-2.0-uint32-shape3-True]" time="0.003" /><testcase classname="src.cucim.skimage.filters.tests.test_unsharp_mask" name="test_unsharp_masking_output_type_and_shape[False--1.0-2.0-2.0-uint32-shape4-False]" time="0.002" /><testcase classname="src.cucim.skimage.filters.tests.test_unsharp_mask" name="test_unsharp_masking_output_type_and_shape[False--1.0-2.0-2.0-int32-shape0-False]" time="0.002" /><testcase classname="src.cucim.skimage.filters.tests.test_unsharp_mask" name="test_unsharp_masking_output_type_and_shape[False--1.0-2.0-2.0-int32-shape1-True]" time="0.003" /><testcase classname="src.cucim.skimage.filters.tests.test_unsharp_mask" name="test_unsharp_masking_output_type_and_shape[False--1.0-2.0-2.0-int32-shape2-False]" time="0.002" /><testcase classname="src.cucim.skimage.filters.tests.test_unsharp_mask" name="test_unsharp_masking_output_type_and_shape[False--1.0-2.0-2.0-int32-shape3-True]" time="0.002" /><testcase classname="src.cucim.skimage.filters.tests.test_unsharp_mask" name="test_unsharp_masking_output_type_and_shape[False--1.0-2.0-2.0-int32-shape4-False]" time="0.002" /><testcase classname="src.cucim.skimage.filters.tests.test_unsharp_mask" name="test_unsharp_masking_output_type_and_shape[False--1.0-2.0-2.0-uint64-shape0-False]" time="0.002" /><testcase classname="src.cucim.skimage.filters.tests.test_unsharp_mask" name="test_unsharp_masking_output_type_and_shape[False--1.0-2.0-2.0-uint64-shape1-True]" time="0.002" /><testcase classname="src.cucim.skimage.filters.tests.test_unsharp_mask" name="test_unsharp_masking_output_type_and_shape[False--1.0-2.0-2.0-uint64-shape2-False]" time="0.002" /><testcase classname="src.cucim.skimage.filters.tests.test_unsharp_mask" name="test_unsharp_masking_output_type_and_shape[False--1.0-2.0-2.0-uint64-shape3-True]" time="0.002" /><testcase classname="src.cucim.skimage.filters.tests.test_unsharp_mask" name="test_unsharp_masking_output_type_and_shape[False--1.0-2.0-2.0-uint64-shape4-False]" time="0.002" /><testcase classname="src.cucim.skimage.filters.tests.test_unsharp_mask" name="test_unsharp_masking_output_type_and_shape[False--1.0-2.0-2.0-int64-shape0-False]" time="0.002" /><testcase classname="src.cucim.skimage.filters.tests.test_unsharp_mask" name="test_unsharp_masking_output_type_and_shape[False--1.0-2.0-2.0-int64-shape1-True]" time="0.002" /><testcase classname="src.cucim.skimage.filters.tests.test_unsharp_mask" name="test_unsharp_masking_output_type_and_shape[False--1.0-2.0-2.0-int64-shape2-False]" time="0.002" /><testcase classname="src.cucim.skimage.filters.tests.test_unsharp_mask" name="test_unsharp_masking_output_type_and_shape[False--1.0-2.0-2.0-int64-shape3-True]" time="0.002" /><testcase classname="src.cucim.skimage.filters.tests.test_unsharp_mask" name="test_unsharp_masking_output_type_and_shape[False--1.0-2.0-2.0-int64-shape4-False]" time="0.002" /><testcase classname="src.cucim.skimage.filters.tests.test_unsharp_mask" name="test_unsharp_masking_output_type_and_shape[False--1.0-2.0-2.0-float16-shape0-False]" time="0.002" /><testcase classname="src.cucim.skimage.filters.tests.test_unsharp_mask" name="test_unsharp_masking_output_type_and_shape[False--1.0-2.0-2.0-float16-shape1-True]" time="0.003" /><testcase classname="src.cucim.skimage.filters.tests.test_unsharp_mask" name="test_unsharp_masking_output_type_and_shape[False--1.0-2.0-2.0-float16-shape2-False]" time="0.002" /><testcase classname="src.cucim.skimage.filters.tests.test_unsharp_mask" name="test_unsharp_masking_output_type_and_shape[False--1.0-2.0-2.0-float16-shape3-True]" time="0.002" /><testcase classname="src.cucim.skimage.filters.tests.test_unsharp_mask" name="test_unsharp_masking_output_type_and_shape[False--1.0-2.0-2.0-float16-shape4-False]" time="0.002" /><testcase classname="src.cucim.skimage.filters.tests.test_unsharp_mask" name="test_unsharp_masking_output_type_and_shape[False--1.0-2.0-2.0-float32-shape0-False]" time="0.002" /><testcase classname="src.cucim.skimage.filters.tests.test_unsharp_mask" name="test_unsharp_masking_output_type_and_shape[False--1.0-2.0-2.0-float32-shape1-True]" time="0.002" /><testcase classname="src.cucim.skimage.filters.tests.test_unsharp_mask" name="test_unsharp_masking_output_type_and_shape[False--1.0-2.0-2.0-float32-shape2-False]" time="0.002" /><testcase classname="src.cucim.skimage.filters.tests.test_unsharp_mask" name="test_unsharp_masking_output_type_and_shape[False--1.0-2.0-2.0-float32-shape3-True]" time="0.003" /><testcase classname="src.cucim.skimage.filters.tests.test_unsharp_mask" name="test_unsharp_masking_output_type_and_shape[False--1.0-2.0-2.0-float32-shape4-False]" time="0.002" /><testcase classname="src.cucim.skimage.filters.tests.test_unsharp_mask" name="test_unsharp_masking_output_type_and_shape[False--1.0-2.0-2.0-float64-shape0-False]" time="0.002" /><testcase classname="src.cucim.skimage.filters.tests.test_unsharp_mask" name="test_unsharp_masking_output_type_and_shape[False--1.0-2.0-2.0-float64-shape1-True]" time="0.002" /><testcase classname="src.cucim.skimage.filters.tests.test_unsharp_mask" name="test_unsharp_masking_output_type_and_shape[False--1.0-2.0-2.0-float64-shape2-False]" time="0.002" /><testcase classname="src.cucim.skimage.filters.tests.test_unsharp_mask" name="test_unsharp_masking_output_type_and_shape[False--1.0-2.0-2.0-float64-shape3-True]" time="0.003" /><testcase classname="src.cucim.skimage.filters.tests.test_unsharp_mask" name="test_unsharp_masking_output_type_and_shape[False--1.0-2.0-2.0-float64-shape4-False]" time="0.002" /><testcase classname="src.cucim.skimage.filters.tests.test_unsharp_mask" name="test_unsharp_masking_output_type_and_shape[False--1.0--1.0-0-uint8-shape0-False]" time="0.001" /><testcase classname="src.cucim.skimage.filters.tests.test_unsharp_mask" name="test_unsharp_masking_output_type_and_shape[False--1.0--1.0-0-uint8-shape1-True]" time="0.002" /><testcase classname="src.cucim.skimage.filters.tests.test_unsharp_mask" name="test_unsharp_masking_output_type_and_shape[False--1.0--1.0-0-uint8-shape2-False]" time="0.001" /><testcase classname="src.cucim.skimage.filters.tests.test_unsharp_mask" name="test_unsharp_masking_output_type_and_shape[False--1.0--1.0-0-uint8-shape3-True]" time="0.002" /><testcase classname="src.cucim.skimage.filters.tests.test_unsharp_mask" name="test_unsharp_masking_output_type_and_shape[False--1.0--1.0-0-uint8-shape4-False]" time="0.001" /><testcase classname="src.cucim.skimage.filters.tests.test_unsharp_mask" name="test_unsharp_masking_output_type_and_shape[False--1.0--1.0-0-int8-shape0-False]" time="0.001" /><testcase classname="src.cucim.skimage.filters.tests.test_unsharp_mask" name="test_unsharp_masking_output_type_and_shape[False--1.0--1.0-0-int8-shape1-True]" time="0.002" /><testcase classname="src.cucim.skimage.filters.tests.test_unsharp_mask" name="test_unsharp_masking_output_type_and_shape[False--1.0--1.0-0-int8-shape2-False]" time="0.001" /><testcase classname="src.cucim.skimage.filters.tests.test_unsharp_mask" name="test_unsharp_masking_output_type_and_shape[False--1.0--1.0-0-int8-shape3-True]" time="0.002" /><testcase classname="src.cucim.skimage.filters.tests.test_unsharp_mask" name="test_unsharp_masking_output_type_and_shape[False--1.0--1.0-0-int8-shape4-False]" time="0.001" /><testcase classname="src.cucim.skimage.filters.tests.test_unsharp_mask" name="test_unsharp_masking_output_type_and_shape[False--1.0--1.0-0-uint16-shape0-False]" time="0.001" /><testcase classname="src.cucim.skimage.filters.tests.test_unsharp_mask" name="test_unsharp_masking_output_type_and_shape[False--1.0--1.0-0-uint16-shape1-True]" time="0.002" /><testcase classname="src.cucim.skimage.filters.tests.test_unsharp_mask" name="test_unsharp_masking_output_type_and_shape[False--1.0--1.0-0-uint16-shape2-False]" time="0.001" /><testcase classname="src.cucim.skimage.filters.tests.test_unsharp_mask" name="test_unsharp_masking_output_type_and_shape[False--1.0--1.0-0-uint16-shape3-True]" time="0.002" /><testcase classname="src.cucim.skimage.filters.tests.test_unsharp_mask" name="test_unsharp_masking_output_type_and_shape[False--1.0--1.0-0-uint16-shape4-False]" time="0.001" /><testcase classname="src.cucim.skimage.filters.tests.test_unsharp_mask" name="test_unsharp_masking_output_type_and_shape[False--1.0--1.0-0-int16-shape0-False]" time="0.001" /><testcase classname="src.cucim.skimage.filters.tests.test_unsharp_mask" name="test_unsharp_masking_output_type_and_shape[False--1.0--1.0-0-int16-shape1-True]" time="0.002" /><testcase classname="src.cucim.skimage.filters.tests.test_unsharp_mask" name="test_unsharp_masking_output_type_and_shape[False--1.0--1.0-0-int16-shape2-False]" time="0.001" /><testcase classname="src.cucim.skimage.filters.tests.test_unsharp_mask" name="test_unsharp_masking_output_type_and_shape[False--1.0--1.0-0-int16-shape3-True]" time="0.002" /><testcase classname="src.cucim.skimage.filters.tests.test_unsharp_mask" name="test_unsharp_masking_output_type_and_shape[False--1.0--1.0-0-int16-shape4-False]" time="0.001" /><testcase classname="src.cucim.skimage.filters.tests.test_unsharp_mask" name="test_unsharp_masking_output_type_and_shape[False--1.0--1.0-0-uint32-shape0-False]" time="0.001" /><testcase classname="src.cucim.skimage.filters.tests.test_unsharp_mask" name="test_unsharp_masking_output_type_and_shape[False--1.0--1.0-0-uint32-shape1-True]" time="0.002" /><testcase classname="src.cucim.skimage.filters.tests.test_unsharp_mask" name="test_unsharp_masking_output_type_and_shape[False--1.0--1.0-0-uint32-shape2-False]" time="0.001" /><testcase classname="src.cucim.skimage.filters.tests.test_unsharp_mask" name="test_unsharp_masking_output_type_and_shape[False--1.0--1.0-0-uint32-shape3-True]" time="0.002" /><testcase classname="src.cucim.skimage.filters.tests.test_unsharp_mask" name="test_unsharp_masking_output_type_and_shape[False--1.0--1.0-0-uint32-shape4-False]" time="0.001" /><testcase classname="src.cucim.skimage.filters.tests.test_unsharp_mask" name="test_unsharp_masking_output_type_and_shape[False--1.0--1.0-0-int32-shape0-False]" time="0.001" /><testcase classname="src.cucim.skimage.filters.tests.test_unsharp_mask" name="test_unsharp_masking_output_type_and_shape[False--1.0--1.0-0-int32-shape1-True]" time="0.002" /><testcase classname="src.cucim.skimage.filters.tests.test_unsharp_mask" name="test_unsharp_masking_output_type_and_shape[False--1.0--1.0-0-int32-shape2-False]" time="0.001" /><testcase classname="src.cucim.skimage.filters.tests.test_unsharp_mask" name="test_unsharp_masking_output_type_and_shape[False--1.0--1.0-0-int32-shape3-True]" time="0.002" /><testcase classname="src.cucim.skimage.filters.tests.test_unsharp_mask" name="test_unsharp_masking_output_type_and_shape[False--1.0--1.0-0-int32-shape4-False]" time="0.001" /><testcase classname="src.cucim.skimage.filters.tests.test_unsharp_mask" name="test_unsharp_masking_output_type_and_shape[False--1.0--1.0-0-uint64-shape0-False]" time="0.001" /><testcase classname="src.cucim.skimage.filters.tests.test_unsharp_mask" name="test_unsharp_masking_output_type_and_shape[False--1.0--1.0-0-uint64-shape1-True]" time="0.002" /><testcase classname="src.cucim.skimage.filters.tests.test_unsharp_mask" name="test_unsharp_masking_output_type_and_shape[False--1.0--1.0-0-uint64-shape2-False]" time="0.001" /><testcase classname="src.cucim.skimage.filters.tests.test_unsharp_mask" name="test_unsharp_masking_output_type_and_shape[False--1.0--1.0-0-uint64-shape3-True]" time="0.002" /><testcase classname="src.cucim.skimage.filters.tests.test_unsharp_mask" name="test_unsharp_masking_output_type_and_shape[False--1.0--1.0-0-uint64-shape4-False]" time="0.001" /><testcase classname="src.cucim.skimage.filters.tests.test_unsharp_mask" name="test_unsharp_masking_output_type_and_shape[False--1.0--1.0-0-int64-shape0-False]" time="0.001" /><testcase classname="src.cucim.skimage.filters.tests.test_unsharp_mask" name="test_unsharp_masking_output_type_and_shape[False--1.0--1.0-0-int64-shape1-True]" time="0.002" /><testcase classname="src.cucim.skimage.filters.tests.test_unsharp_mask" name="test_unsharp_masking_output_type_and_shape[False--1.0--1.0-0-int64-shape2-False]" time="0.001" /><testcase classname="src.cucim.skimage.filters.tests.test_unsharp_mask" name="test_unsharp_masking_output_type_and_shape[False--1.0--1.0-0-int64-shape3-True]" time="0.002" /><testcase classname="src.cucim.skimage.filters.tests.test_unsharp_mask" name="test_unsharp_masking_output_type_and_shape[False--1.0--1.0-0-int64-shape4-False]" time="0.001" /><testcase classname="src.cucim.skimage.filters.tests.test_unsharp_mask" name="test_unsharp_masking_output_type_and_shape[False--1.0--1.0-0-float16-shape0-False]" time="0.001" /><testcase classname="src.cucim.skimage.filters.tests.test_unsharp_mask" name="test_unsharp_masking_output_type_and_shape[False--1.0--1.0-0-float16-shape1-True]" time="0.002" /><testcase classname="src.cucim.skimage.filters.tests.test_unsharp_mask" name="test_unsharp_masking_output_type_and_shape[False--1.0--1.0-0-float16-shape2-False]" time="0.001" /><testcase classname="src.cucim.skimage.filters.tests.test_unsharp_mask" name="test_unsharp_masking_output_type_and_shape[False--1.0--1.0-0-float16-shape3-True]" time="0.002" /><testcase classname="src.cucim.skimage.filters.tests.test_unsharp_mask" name="test_unsharp_masking_output_type_and_shape[False--1.0--1.0-0-float16-shape4-False]" time="0.002" /><testcase classname="src.cucim.skimage.filters.tests.test_unsharp_mask" name="test_unsharp_masking_output_type_and_shape[False--1.0--1.0-0-float32-shape0-False]" time="0.001" /><testcase classname="src.cucim.skimage.filters.tests.test_unsharp_mask" name="test_unsharp_masking_output_type_and_shape[False--1.0--1.0-0-float32-shape1-True]" time="0.002" /><testcase classname="src.cucim.skimage.filters.tests.test_unsharp_mask" name="test_unsharp_masking_output_type_and_shape[False--1.0--1.0-0-float32-shape2-False]" time="0.002" /><testcase classname="src.cucim.skimage.filters.tests.test_unsharp_mask" name="test_unsharp_masking_output_type_and_shape[False--1.0--1.0-0-float32-shape3-True]" time="0.002" /><testcase classname="src.cucim.skimage.filters.tests.test_unsharp_mask" name="test_unsharp_masking_output_type_and_shape[False--1.0--1.0-0-float32-shape4-False]" time="0.002" /><testcase classname="src.cucim.skimage.filters.tests.test_unsharp_mask" name="test_unsharp_masking_output_type_and_shape[False--1.0--1.0-0-float64-shape0-False]" time="0.001" /><testcase classname="src.cucim.skimage.filters.tests.test_unsharp_mask" name="test_unsharp_masking_output_type_and_shape[False--1.0--1.0-0-float64-shape1-True]" time="0.002" /><testcase classname="src.cucim.skimage.filters.tests.test_unsharp_mask" name="test_unsharp_masking_output_type_and_shape[False--1.0--1.0-0-float64-shape2-False]" time="0.001" /><testcase classname="src.cucim.skimage.filters.tests.test_unsharp_mask" name="test_unsharp_masking_output_type_and_shape[False--1.0--1.0-0-float64-shape3-True]" time="0.002" /><testcase classname="src.cucim.skimage.filters.tests.test_unsharp_mask" name="test_unsharp_masking_output_type_and_shape[False--1.0--1.0-0-float64-shape4-False]" time="0.001" /><testcase classname="src.cucim.skimage.filters.tests.test_unsharp_mask" name="test_unsharp_masking_output_type_and_shape[False--1.0--1.0-0.1-uint8-shape0-False]" time="0.001" /><testcase classname="src.cucim.skimage.filters.tests.test_unsharp_mask" name="test_unsharp_masking_output_type_and_shape[False--1.0--1.0-0.1-uint8-shape1-True]" time="0.002" /><testcase classname="src.cucim.skimage.filters.tests.test_unsharp_mask" name="test_unsharp_masking_output_type_and_shape[False--1.0--1.0-0.1-uint8-shape2-False]" time="0.001" /><testcase classname="src.cucim.skimage.filters.tests.test_unsharp_mask" name="test_unsharp_masking_output_type_and_shape[False--1.0--1.0-0.1-uint8-shape3-True]" time="0.002" /><testcase classname="src.cucim.skimage.filters.tests.test_unsharp_mask" name="test_unsharp_masking_output_type_and_shape[False--1.0--1.0-0.1-uint8-shape4-False]" time="0.001" /><testcase classname="src.cucim.skimage.filters.tests.test_unsharp_mask" name="test_unsharp_masking_output_type_and_shape[False--1.0--1.0-0.1-int8-shape0-False]" time="0.001" /><testcase classname="src.cucim.skimage.filters.tests.test_unsharp_mask" name="test_unsharp_masking_output_type_and_shape[False--1.0--1.0-0.1-int8-shape1-True]" time="0.002" /><testcase classname="src.cucim.skimage.filters.tests.test_unsharp_mask" name="test_unsharp_masking_output_type_and_shape[False--1.0--1.0-0.1-int8-shape2-False]" time="0.001" /><testcase classname="src.cucim.skimage.filters.tests.test_unsharp_mask" name="test_unsharp_masking_output_type_and_shape[False--1.0--1.0-0.1-int8-shape3-True]" time="0.002" /><testcase classname="src.cucim.skimage.filters.tests.test_unsharp_mask" name="test_unsharp_masking_output_type_and_shape[False--1.0--1.0-0.1-int8-shape4-False]" time="0.001" /><testcase classname="src.cucim.skimage.filters.tests.test_unsharp_mask" name="test_unsharp_masking_output_type_and_shape[False--1.0--1.0-0.1-uint16-shape0-False]" time="0.001" /><testcase classname="src.cucim.skimage.filters.tests.test_unsharp_mask" name="test_unsharp_masking_output_type_and_shape[False--1.0--1.0-0.1-uint16-shape1-True]" time="0.002" /><testcase classname="src.cucim.skimage.filters.tests.test_unsharp_mask" name="test_unsharp_masking_output_type_and_shape[False--1.0--1.0-0.1-uint16-shape2-False]" time="0.001" /><testcase classname="src.cucim.skimage.filters.tests.test_unsharp_mask" name="test_unsharp_masking_output_type_and_shape[False--1.0--1.0-0.1-uint16-shape3-True]" time="0.002" /><testcase classname="src.cucim.skimage.filters.tests.test_unsharp_mask" name="test_unsharp_masking_output_type_and_shape[False--1.0--1.0-0.1-uint16-shape4-False]" time="0.001" /><testcase classname="src.cucim.skimage.filters.tests.test_unsharp_mask" name="test_unsharp_masking_output_type_and_shape[False--1.0--1.0-0.1-int16-shape0-False]" time="0.001" /><testcase classname="src.cucim.skimage.filters.tests.test_unsharp_mask" name="test_unsharp_masking_output_type_and_shape[False--1.0--1.0-0.1-int16-shape1-True]" time="0.002" /><testcase classname="src.cucim.skimage.filters.tests.test_unsharp_mask" name="test_unsharp_masking_output_type_and_shape[False--1.0--1.0-0.1-int16-shape2-False]" time="0.001" /><testcase classname="src.cucim.skimage.filters.tests.test_unsharp_mask" name="test_unsharp_masking_output_type_and_shape[False--1.0--1.0-0.1-int16-shape3-True]" time="0.002" /><testcase classname="src.cucim.skimage.filters.tests.test_unsharp_mask" name="test_unsharp_masking_output_type_and_shape[False--1.0--1.0-0.1-int16-shape4-False]" time="0.001" /><testcase classname="src.cucim.skimage.filters.tests.test_unsharp_mask" name="test_unsharp_masking_output_type_and_shape[False--1.0--1.0-0.1-uint32-shape0-False]" time="0.001" /><testcase classname="src.cucim.skimage.filters.tests.test_unsharp_mask" name="test_unsharp_masking_output_type_and_shape[False--1.0--1.0-0.1-uint32-shape1-True]" time="0.002" /><testcase classname="src.cucim.skimage.filters.tests.test_unsharp_mask" name="test_unsharp_masking_output_type_and_shape[False--1.0--1.0-0.1-uint32-shape2-False]" time="0.001" /><testcase classname="src.cucim.skimage.filters.tests.test_unsharp_mask" name="test_unsharp_masking_output_type_and_shape[False--1.0--1.0-0.1-uint32-shape3-True]" time="0.002" /><testcase classname="src.cucim.skimage.filters.tests.test_unsharp_mask" name="test_unsharp_masking_output_type_and_shape[False--1.0--1.0-0.1-uint32-shape4-False]" time="0.002" /><testcase classname="src.cucim.skimage.filters.tests.test_unsharp_mask" name="test_unsharp_masking_output_type_and_shape[False--1.0--1.0-0.1-int32-shape0-False]" time="0.001" /><testcase classname="src.cucim.skimage.filters.tests.test_unsharp_mask" name="test_unsharp_masking_output_type_and_shape[False--1.0--1.0-0.1-int32-shape1-True]" time="0.002" /><testcase classname="src.cucim.skimage.filters.tests.test_unsharp_mask" name="test_unsharp_masking_output_type_and_shape[False--1.0--1.0-0.1-int32-shape2-False]" time="0.001" /><testcase classname="src.cucim.skimage.filters.tests.test_unsharp_mask" name="test_unsharp_masking_output_type_and_shape[False--1.0--1.0-0.1-int32-shape3-True]" time="0.002" /><testcase classname="src.cucim.skimage.filters.tests.test_unsharp_mask" name="test_unsharp_masking_output_type_and_shape[False--1.0--1.0-0.1-int32-shape4-False]" time="0.001" /><testcase classname="src.cucim.skimage.filters.tests.test_unsharp_mask" name="test_unsharp_masking_output_type_and_shape[False--1.0--1.0-0.1-uint64-shape0-False]" time="0.001" /><testcase classname="src.cucim.skimage.filters.tests.test_unsharp_mask" name="test_unsharp_masking_output_type_and_shape[False--1.0--1.0-0.1-uint64-shape1-True]" time="0.002" /><testcase classname="src.cucim.skimage.filters.tests.test_unsharp_mask" name="test_unsharp_masking_output_type_and_shape[False--1.0--1.0-0.1-uint64-shape2-False]" time="0.001" /><testcase classname="src.cucim.skimage.filters.tests.test_unsharp_mask" name="test_unsharp_masking_output_type_and_shape[False--1.0--1.0-0.1-uint64-shape3-True]" time="0.002" /><testcase classname="src.cucim.skimage.filters.tests.test_unsharp_mask" name="test_unsharp_masking_output_type_and_shape[False--1.0--1.0-0.1-uint64-shape4-False]" time="0.001" /><testcase classname="src.cucim.skimage.filters.tests.test_unsharp_mask" name="test_unsharp_masking_output_type_and_shape[False--1.0--1.0-0.1-int64-shape0-False]" time="0.001" /><testcase classname="src.cucim.skimage.filters.tests.test_unsharp_mask" name="test_unsharp_masking_output_type_and_shape[False--1.0--1.0-0.1-int64-shape1-True]" time="0.002" /><testcase classname="src.cucim.skimage.filters.tests.test_unsharp_mask" name="test_unsharp_masking_output_type_and_shape[False--1.0--1.0-0.1-int64-shape2-False]" time="0.001" /><testcase classname="src.cucim.skimage.filters.tests.test_unsharp_mask" name="test_unsharp_masking_output_type_and_shape[False--1.0--1.0-0.1-int64-shape3-True]" time="0.002" /><testcase classname="src.cucim.skimage.filters.tests.test_unsharp_mask" name="test_unsharp_masking_output_type_and_shape[False--1.0--1.0-0.1-int64-shape4-False]" time="0.001" /><testcase classname="src.cucim.skimage.filters.tests.test_unsharp_mask" name="test_unsharp_masking_output_type_and_shape[False--1.0--1.0-0.1-float16-shape0-False]" time="0.001" /><testcase classname="src.cucim.skimage.filters.tests.test_unsharp_mask" name="test_unsharp_masking_output_type_and_shape[False--1.0--1.0-0.1-float16-shape1-True]" time="0.002" /><testcase classname="src.cucim.skimage.filters.tests.test_unsharp_mask" name="test_unsharp_masking_output_type_and_shape[False--1.0--1.0-0.1-float16-shape2-False]" time="0.001" /><testcase classname="src.cucim.skimage.filters.tests.test_unsharp_mask" name="test_unsharp_masking_output_type_and_shape[False--1.0--1.0-0.1-float16-shape3-True]" time="0.002" /><testcase classname="src.cucim.skimage.filters.tests.test_unsharp_mask" name="test_unsharp_masking_output_type_and_shape[False--1.0--1.0-0.1-float16-shape4-False]" time="0.001" /><testcase classname="src.cucim.skimage.filters.tests.test_unsharp_mask" name="test_unsharp_masking_output_type_and_shape[False--1.0--1.0-0.1-float32-shape0-False]" time="0.001" /><testcase classname="src.cucim.skimage.filters.tests.test_unsharp_mask" name="test_unsharp_masking_output_type_and_shape[False--1.0--1.0-0.1-float32-shape1-True]" time="0.002" /><testcase classname="src.cucim.skimage.filters.tests.test_unsharp_mask" name="test_unsharp_masking_output_type_and_shape[False--1.0--1.0-0.1-float32-shape2-False]" time="0.002" /><testcase classname="src.cucim.skimage.filters.tests.test_unsharp_mask" name="test_unsharp_masking_output_type_and_shape[False--1.0--1.0-0.1-float32-shape3-True]" time="0.002" /><testcase classname="src.cucim.skimage.filters.tests.test_unsharp_mask" name="test_unsharp_masking_output_type_and_shape[False--1.0--1.0-0.1-float32-shape4-False]" time="0.001" /><testcase classname="src.cucim.skimage.filters.tests.test_unsharp_mask" name="test_unsharp_masking_output_type_and_shape[False--1.0--1.0-0.1-float64-shape0-False]" time="0.001" /><testcase classname="src.cucim.skimage.filters.tests.test_unsharp_mask" name="test_unsharp_masking_output_type_and_shape[False--1.0--1.0-0.1-float64-shape1-True]" time="0.002" /><testcase classname="src.cucim.skimage.filters.tests.test_unsharp_mask" name="test_unsharp_masking_output_type_and_shape[False--1.0--1.0-0.1-float64-shape2-False]" time="0.001" /><testcase classname="src.cucim.skimage.filters.tests.test_unsharp_mask" name="test_unsharp_masking_output_type_and_shape[False--1.0--1.0-0.1-float64-shape3-True]" time="0.002" /><testcase classname="src.cucim.skimage.filters.tests.test_unsharp_mask" name="test_unsharp_masking_output_type_and_shape[False--1.0--1.0-0.1-float64-shape4-False]" time="0.001" /><testcase classname="src.cucim.skimage.filters.tests.test_unsharp_mask" name="test_unsharp_masking_output_type_and_shape[False--1.0--1.0-2.0-uint8-shape0-False]" time="0.002" /><testcase classname="src.cucim.skimage.filters.tests.test_unsharp_mask" name="test_unsharp_masking_output_type_and_shape[False--1.0--1.0-2.0-uint8-shape1-True]" time="0.002" /><testcase classname="src.cucim.skimage.filters.tests.test_unsharp_mask" name="test_unsharp_masking_output_type_and_shape[False--1.0--1.0-2.0-uint8-shape2-False]" time="0.002" /><testcase classname="src.cucim.skimage.filters.tests.test_unsharp_mask" name="test_unsharp_masking_output_type_and_shape[False--1.0--1.0-2.0-uint8-shape3-True]" time="0.002" /><testcase classname="src.cucim.skimage.filters.tests.test_unsharp_mask" name="test_unsharp_masking_output_type_and_shape[False--1.0--1.0-2.0-uint8-shape4-False]" time="0.002" /><testcase classname="src.cucim.skimage.filters.tests.test_unsharp_mask" name="test_unsharp_masking_output_type_and_shape[False--1.0--1.0-2.0-int8-shape0-False]" time="0.002" /><testcase classname="src.cucim.skimage.filters.tests.test_unsharp_mask" name="test_unsharp_masking_output_type_and_shape[False--1.0--1.0-2.0-int8-shape1-True]" time="0.002" /><testcase classname="src.cucim.skimage.filters.tests.test_unsharp_mask" name="test_unsharp_masking_output_type_and_shape[False--1.0--1.0-2.0-int8-shape2-False]" time="0.002" /><testcase classname="src.cucim.skimage.filters.tests.test_unsharp_mask" name="test_unsharp_masking_output_type_and_shape[False--1.0--1.0-2.0-int8-shape3-True]" time="0.003" /><testcase classname="src.cucim.skimage.filters.tests.test_unsharp_mask" name="test_unsharp_masking_output_type_and_shape[False--1.0--1.0-2.0-int8-shape4-False]" time="0.002" /><testcase classname="src.cucim.skimage.filters.tests.test_unsharp_mask" name="test_unsharp_masking_output_type_and_shape[False--1.0--1.0-2.0-uint16-shape0-False]" time="0.001" /><testcase classname="src.cucim.skimage.filters.tests.test_unsharp_mask" name="test_unsharp_masking_output_type_and_shape[False--1.0--1.0-2.0-uint16-shape1-True]" time="0.002" /><testcase classname="src.cucim.skimage.filters.tests.test_unsharp_mask" name="test_unsharp_masking_output_type_and_shape[False--1.0--1.0-2.0-uint16-shape2-False]" time="0.002" /><testcase classname="src.cucim.skimage.filters.tests.test_unsharp_mask" name="test_unsharp_masking_output_type_and_shape[False--1.0--1.0-2.0-uint16-shape3-True]" time="0.002" /><testcase classname="src.cucim.skimage.filters.tests.test_unsharp_mask" name="test_unsharp_masking_output_type_and_shape[False--1.0--1.0-2.0-uint16-shape4-False]" time="0.002" /><testcase classname="src.cucim.skimage.filters.tests.test_unsharp_mask" name="test_unsharp_masking_output_type_and_shape[False--1.0--1.0-2.0-int16-shape0-False]" time="0.001" /><testcase classname="src.cucim.skimage.filters.tests.test_unsharp_mask" name="test_unsharp_masking_output_type_and_shape[False--1.0--1.0-2.0-int16-shape1-True]" time="0.002" /><testcase classname="src.cucim.skimage.filters.tests.test_unsharp_mask" name="test_unsharp_masking_output_type_and_shape[False--1.0--1.0-2.0-int16-shape2-False]" time="0.002" /><testcase classname="src.cucim.skimage.filters.tests.test_unsharp_mask" name="test_unsharp_masking_output_type_and_shape[False--1.0--1.0-2.0-int16-shape3-True]" time="0.002" /><testcase classname="src.cucim.skimage.filters.tests.test_unsharp_mask" name="test_unsharp_masking_output_type_and_shape[False--1.0--1.0-2.0-int16-shape4-False]" time="0.002" /><testcase classname="src.cucim.skimage.filters.tests.test_unsharp_mask" name="test_unsharp_masking_output_type_and_shape[False--1.0--1.0-2.0-uint32-shape0-False]" time="0.002" /><testcase classname="src.cucim.skimage.filters.tests.test_unsharp_mask" name="test_unsharp_masking_output_type_and_shape[False--1.0--1.0-2.0-uint32-shape1-True]" time="0.003" /><testcase classname="src.cucim.skimage.filters.tests.test_unsharp_mask" name="test_unsharp_masking_output_type_and_shape[False--1.0--1.0-2.0-uint32-shape2-False]" time="0.002" /><testcase classname="src.cucim.skimage.filters.tests.test_unsharp_mask" name="test_unsharp_masking_output_type_and_shape[False--1.0--1.0-2.0-uint32-shape3-True]" time="0.002" /><testcase classname="src.cucim.skimage.filters.tests.test_unsharp_mask" name="test_unsharp_masking_output_type_and_shape[False--1.0--1.0-2.0-uint32-shape4-False]" time="0.002" /><testcase classname="src.cucim.skimage.filters.tests.test_unsharp_mask" name="test_unsharp_masking_output_type_and_shape[False--1.0--1.0-2.0-int32-shape0-False]" time="0.002" /><testcase classname="src.cucim.skimage.filters.tests.test_unsharp_mask" name="test_unsharp_masking_output_type_and_shape[False--1.0--1.0-2.0-int32-shape1-True]" time="0.003" /><testcase classname="src.cucim.skimage.filters.tests.test_unsharp_mask" name="test_unsharp_masking_output_type_and_shape[False--1.0--1.0-2.0-int32-shape2-False]" time="0.002" /><testcase classname="src.cucim.skimage.filters.tests.test_unsharp_mask" name="test_unsharp_masking_output_type_and_shape[False--1.0--1.0-2.0-int32-shape3-True]" time="0.003" /><testcase classname="src.cucim.skimage.filters.tests.test_unsharp_mask" name="test_unsharp_masking_output_type_and_shape[False--1.0--1.0-2.0-int32-shape4-False]" time="0.002" /><testcase classname="src.cucim.skimage.filters.tests.test_unsharp_mask" name="test_unsharp_masking_output_type_and_shape[False--1.0--1.0-2.0-uint64-shape0-False]" time="0.002" /><testcase classname="src.cucim.skimage.filters.tests.test_unsharp_mask" name="test_unsharp_masking_output_type_and_shape[False--1.0--1.0-2.0-uint64-shape1-True]" time="0.003" /><testcase classname="src.cucim.skimage.filters.tests.test_unsharp_mask" name="test_unsharp_masking_output_type_and_shape[False--1.0--1.0-2.0-uint64-shape2-False]" time="0.002" /><testcase classname="src.cucim.skimage.filters.tests.test_unsharp_mask" name="test_unsharp_masking_output_type_and_shape[False--1.0--1.0-2.0-uint64-shape3-True]" time="0.002" /><testcase classname="src.cucim.skimage.filters.tests.test_unsharp_mask" name="test_unsharp_masking_output_type_and_shape[False--1.0--1.0-2.0-uint64-shape4-False]" time="0.002" /><testcase classname="src.cucim.skimage.filters.tests.test_unsharp_mask" name="test_unsharp_masking_output_type_and_shape[False--1.0--1.0-2.0-int64-shape0-False]" time="0.002" /><testcase classname="src.cucim.skimage.filters.tests.test_unsharp_mask" name="test_unsharp_masking_output_type_and_shape[False--1.0--1.0-2.0-int64-shape1-True]" time="0.002" /><testcase classname="src.cucim.skimage.filters.tests.test_unsharp_mask" name="test_unsharp_masking_output_type_and_shape[False--1.0--1.0-2.0-int64-shape2-False]" time="0.002" /><testcase classname="src.cucim.skimage.filters.tests.test_unsharp_mask" name="test_unsharp_masking_output_type_and_shape[False--1.0--1.0-2.0-int64-shape3-True]" time="0.002" /><testcase classname="src.cucim.skimage.filters.tests.test_unsharp_mask" name="test_unsharp_masking_output_type_and_shape[False--1.0--1.0-2.0-int64-shape4-False]" time="0.002" /><testcase classname="src.cucim.skimage.filters.tests.test_unsharp_mask" name="test_unsharp_masking_output_type_and_shape[False--1.0--1.0-2.0-float16-shape0-False]" time="0.002" /><testcase classname="src.cucim.skimage.filters.tests.test_unsharp_mask" name="test_unsharp_masking_output_type_and_shape[False--1.0--1.0-2.0-float16-shape1-True]" time="0.002" /><testcase classname="src.cucim.skimage.filters.tests.test_unsharp_mask" name="test_unsharp_masking_output_type_and_shape[False--1.0--1.0-2.0-float16-shape2-False]" time="0.002" /><testcase classname="src.cucim.skimage.filters.tests.test_unsharp_mask" name="test_unsharp_masking_output_type_and_shape[False--1.0--1.0-2.0-float16-shape3-True]" time="0.003" /><testcase classname="src.cucim.skimage.filters.tests.test_unsharp_mask" name="test_unsharp_masking_output_type_and_shape[False--1.0--1.0-2.0-float16-shape4-False]" time="0.002" /><testcase classname="src.cucim.skimage.filters.tests.test_unsharp_mask" name="test_unsharp_masking_output_type_and_shape[False--1.0--1.0-2.0-float32-shape0-False]" time="0.002" /><testcase classname="src.cucim.skimage.filters.tests.test_unsharp_mask" name="test_unsharp_masking_output_type_and_shape[False--1.0--1.0-2.0-float32-shape1-True]" time="0.002" /><testcase classname="src.cucim.skimage.filters.tests.test_unsharp_mask" name="test_unsharp_masking_output_type_and_shape[False--1.0--1.0-2.0-float32-shape2-False]" time="0.002" /><testcase classname="src.cucim.skimage.filters.tests.test_unsharp_mask" name="test_unsharp_masking_output_type_and_shape[False--1.0--1.0-2.0-float32-shape3-True]" time="0.003" /><testcase classname="src.cucim.skimage.filters.tests.test_unsharp_mask" name="test_unsharp_masking_output_type_and_shape[False--1.0--1.0-2.0-float32-shape4-False]" time="0.002" /><testcase classname="src.cucim.skimage.filters.tests.test_unsharp_mask" name="test_unsharp_masking_output_type_and_shape[False--1.0--1.0-2.0-float64-shape0-False]" time="0.002" /><testcase classname="src.cucim.skimage.filters.tests.test_unsharp_mask" name="test_unsharp_masking_output_type_and_shape[False--1.0--1.0-2.0-float64-shape1-True]" time="0.002" /><testcase classname="src.cucim.skimage.filters.tests.test_unsharp_mask" name="test_unsharp_masking_output_type_and_shape[False--1.0--1.0-2.0-float64-shape2-False]" time="0.002" /><testcase classname="src.cucim.skimage.filters.tests.test_unsharp_mask" name="test_unsharp_masking_output_type_and_shape[False--1.0--1.0-2.0-float64-shape3-True]" time="0.003" /><testcase classname="src.cucim.skimage.filters.tests.test_unsharp_mask" name="test_unsharp_masking_output_type_and_shape[False--1.0--1.0-2.0-float64-shape4-False]" time="0.002" /><testcase classname="src.cucim.skimage.filters.tests.test_unsharp_mask" name="test_unsharp_masking_output_type_and_shape[False-0.0-0.0-0-uint8-shape0-False]" time="0.001" /><testcase classname="src.cucim.skimage.filters.tests.test_unsharp_mask" name="test_unsharp_masking_output_type_and_shape[False-0.0-0.0-0-uint8-shape1-True]" time="0.002" /><testcase classname="src.cucim.skimage.filters.tests.test_unsharp_mask" name="test_unsharp_masking_output_type_and_shape[False-0.0-0.0-0-uint8-shape2-False]" time="0.001" /><testcase classname="src.cucim.skimage.filters.tests.test_unsharp_mask" name="test_unsharp_masking_output_type_and_shape[False-0.0-0.0-0-uint8-shape3-True]" time="0.002" /><testcase classname="src.cucim.skimage.filters.tests.test_unsharp_mask" name="test_unsharp_masking_output_type_and_shape[False-0.0-0.0-0-uint8-shape4-False]" time="0.002" /><testcase classname="src.cucim.skimage.filters.tests.test_unsharp_mask" name="test_unsharp_masking_output_type_and_shape[False-0.0-0.0-0-int8-shape0-False]" time="0.001" /><testcase classname="src.cucim.skimage.filters.tests.test_unsharp_mask" name="test_unsharp_masking_output_type_and_shape[False-0.0-0.0-0-int8-shape1-True]" time="0.002" /><testcase classname="src.cucim.skimage.filters.tests.test_unsharp_mask" name="test_unsharp_masking_output_type_and_shape[False-0.0-0.0-0-int8-shape2-False]" time="0.001" /><testcase classname="src.cucim.skimage.filters.tests.test_unsharp_mask" name="test_unsharp_masking_output_type_and_shape[False-0.0-0.0-0-int8-shape3-True]" time="0.002" /><testcase classname="src.cucim.skimage.filters.tests.test_unsharp_mask" name="test_unsharp_masking_output_type_and_shape[False-0.0-0.0-0-int8-shape4-False]" time="0.001" /><testcase classname="src.cucim.skimage.filters.tests.test_unsharp_mask" name="test_unsharp_masking_output_type_and_shape[False-0.0-0.0-0-uint16-shape0-False]" time="0.001" /><testcase classname="src.cucim.skimage.filters.tests.test_unsharp_mask" name="test_unsharp_masking_output_type_and_shape[False-0.0-0.0-0-uint16-shape1-True]" time="0.002" /><testcase classname="src.cucim.skimage.filters.tests.test_unsharp_mask" name="test_unsharp_masking_output_type_and_shape[False-0.0-0.0-0-uint16-shape2-False]" time="0.001" /><testcase classname="src.cucim.skimage.filters.tests.test_unsharp_mask" name="test_unsharp_masking_output_type_and_shape[False-0.0-0.0-0-uint16-shape3-True]" time="0.002" /><testcase classname="src.cucim.skimage.filters.tests.test_unsharp_mask" name="test_unsharp_masking_output_type_and_shape[False-0.0-0.0-0-uint16-shape4-False]" time="0.001" /><testcase classname="src.cucim.skimage.filters.tests.test_unsharp_mask" name="test_unsharp_masking_output_type_and_shape[False-0.0-0.0-0-int16-shape0-False]" time="0.001" /><testcase classname="src.cucim.skimage.filters.tests.test_unsharp_mask" name="test_unsharp_masking_output_type_and_shape[False-0.0-0.0-0-int16-shape1-True]" time="0.002" /><testcase classname="src.cucim.skimage.filters.tests.test_unsharp_mask" name="test_unsharp_masking_output_type_and_shape[False-0.0-0.0-0-int16-shape2-False]" time="0.001" /><testcase classname="src.cucim.skimage.filters.tests.test_unsharp_mask" name="test_unsharp_masking_output_type_and_shape[False-0.0-0.0-0-int16-shape3-True]" time="0.002" /><testcase classname="src.cucim.skimage.filters.tests.test_unsharp_mask" name="test_unsharp_masking_output_type_and_shape[False-0.0-0.0-0-int16-shape4-False]" time="0.001" /><testcase classname="src.cucim.skimage.filters.tests.test_unsharp_mask" name="test_unsharp_masking_output_type_and_shape[False-0.0-0.0-0-uint32-shape0-False]" time="0.001" /><testcase classname="src.cucim.skimage.filters.tests.test_unsharp_mask" name="test_unsharp_masking_output_type_and_shape[False-0.0-0.0-0-uint32-shape1-True]" time="0.002" /><testcase classname="src.cucim.skimage.filters.tests.test_unsharp_mask" name="test_unsharp_masking_output_type_and_shape[False-0.0-0.0-0-uint32-shape2-False]" time="0.001" /><testcase classname="src.cucim.skimage.filters.tests.test_unsharp_mask" name="test_unsharp_masking_output_type_and_shape[False-0.0-0.0-0-uint32-shape3-True]" time="0.001" /><testcase classname="src.cucim.skimage.filters.tests.test_unsharp_mask" name="test_unsharp_masking_output_type_and_shape[False-0.0-0.0-0-uint32-shape4-False]" time="0.001" /><testcase classname="src.cucim.skimage.filters.tests.test_unsharp_mask" name="test_unsharp_masking_output_type_and_shape[False-0.0-0.0-0-int32-shape0-False]" time="0.001" /><testcase classname="src.cucim.skimage.filters.tests.test_unsharp_mask" name="test_unsharp_masking_output_type_and_shape[False-0.0-0.0-0-int32-shape1-True]" time="0.002" /><testcase classname="src.cucim.skimage.filters.tests.test_unsharp_mask" name="test_unsharp_masking_output_type_and_shape[False-0.0-0.0-0-int32-shape2-False]" time="0.001" /><testcase classname="src.cucim.skimage.filters.tests.test_unsharp_mask" name="test_unsharp_masking_output_type_and_shape[False-0.0-0.0-0-int32-shape3-True]" time="0.002" /><testcase classname="src.cucim.skimage.filters.tests.test_unsharp_mask" name="test_unsharp_masking_output_type_and_shape[False-0.0-0.0-0-int32-shape4-False]" time="0.001" /><testcase classname="src.cucim.skimage.filters.tests.test_unsharp_mask" name="test_unsharp_masking_output_type_and_shape[False-0.0-0.0-0-uint64-shape0-False]" time="0.001" /><testcase classname="src.cucim.skimage.filters.tests.test_unsharp_mask" name="test_unsharp_masking_output_type_and_shape[False-0.0-0.0-0-uint64-shape1-True]" time="0.002" /><testcase classname="src.cucim.skimage.filters.tests.test_unsharp_mask" name="test_unsharp_masking_output_type_and_shape[False-0.0-0.0-0-uint64-shape2-False]" time="0.001" /><testcase classname="src.cucim.skimage.filters.tests.test_unsharp_mask" name="test_unsharp_masking_output_type_and_shape[False-0.0-0.0-0-uint64-shape3-True]" time="0.002" /><testcase classname="src.cucim.skimage.filters.tests.test_unsharp_mask" name="test_unsharp_masking_output_type_and_shape[False-0.0-0.0-0-uint64-shape4-False]" time="0.001" /><testcase classname="src.cucim.skimage.filters.tests.test_unsharp_mask" name="test_unsharp_masking_output_type_and_shape[False-0.0-0.0-0-int64-shape0-False]" time="0.001" /><testcase classname="src.cucim.skimage.filters.tests.test_unsharp_mask" name="test_unsharp_masking_output_type_and_shape[False-0.0-0.0-0-int64-shape1-True]" time="0.002" /><testcase classname="src.cucim.skimage.filters.tests.test_unsharp_mask" name="test_unsharp_masking_output_type_and_shape[False-0.0-0.0-0-int64-shape2-False]" time="0.001" /><testcase classname="src.cucim.skimage.filters.tests.test_unsharp_mask" name="test_unsharp_masking_output_type_and_shape[False-0.0-0.0-0-int64-shape3-True]" time="0.002" /><testcase classname="src.cucim.skimage.filters.tests.test_unsharp_mask" name="test_unsharp_masking_output_type_and_shape[False-0.0-0.0-0-int64-shape4-False]" time="0.002" /><testcase classname="src.cucim.skimage.filters.tests.test_unsharp_mask" name="test_unsharp_masking_output_type_and_shape[False-0.0-0.0-0-float16-shape0-False]" time="0.001" /><testcase classname="src.cucim.skimage.filters.tests.test_unsharp_mask" name="test_unsharp_masking_output_type_and_shape[False-0.0-0.0-0-float16-shape1-True]" time="0.002" /><testcase classname="src.cucim.skimage.filters.tests.test_unsharp_mask" name="test_unsharp_masking_output_type_and_shape[False-0.0-0.0-0-float16-shape2-False]" time="0.001" /><testcase classname="src.cucim.skimage.filters.tests.test_unsharp_mask" name="test_unsharp_masking_output_type_and_shape[False-0.0-0.0-0-float16-shape3-True]" time="0.002" /><testcase classname="src.cucim.skimage.filters.tests.test_unsharp_mask" name="test_unsharp_masking_output_type_and_shape[False-0.0-0.0-0-float16-shape4-False]" time="0.001" /><testcase classname="src.cucim.skimage.filters.tests.test_unsharp_mask" name="test_unsharp_masking_output_type_and_shape[False-0.0-0.0-0-float32-shape0-False]" time="0.001" /><testcase classname="src.cucim.skimage.filters.tests.test_unsharp_mask" name="test_unsharp_masking_output_type_and_shape[False-0.0-0.0-0-float32-shape1-True]" time="0.002" /><testcase classname="src.cucim.skimage.filters.tests.test_unsharp_mask" name="test_unsharp_masking_output_type_and_shape[False-0.0-0.0-0-float32-shape2-False]" time="0.002" /><testcase classname="src.cucim.skimage.filters.tests.test_unsharp_mask" name="test_unsharp_masking_output_type_and_shape[False-0.0-0.0-0-float32-shape3-True]" time="0.002" /><testcase classname="src.cucim.skimage.filters.tests.test_unsharp_mask" name="test_unsharp_masking_output_type_and_shape[False-0.0-0.0-0-float32-shape4-False]" time="0.002" /><testcase classname="src.cucim.skimage.filters.tests.test_unsharp_mask" name="test_unsharp_masking_output_type_and_shape[False-0.0-0.0-0-float64-shape0-False]" time="0.001" /><testcase classname="src.cucim.skimage.filters.tests.test_unsharp_mask" name="test_unsharp_masking_output_type_and_shape[False-0.0-0.0-0-float64-shape1-True]" time="0.002" /><testcase classname="src.cucim.skimage.filters.tests.test_unsharp_mask" name="test_unsharp_masking_output_type_and_shape[False-0.0-0.0-0-float64-shape2-False]" time="0.001" /><testcase classname="src.cucim.skimage.filters.tests.test_unsharp_mask" name="test_unsharp_masking_output_type_and_shape[False-0.0-0.0-0-float64-shape3-True]" time="0.002" /><testcase classname="src.cucim.skimage.filters.tests.test_unsharp_mask" name="test_unsharp_masking_output_type_and_shape[False-0.0-0.0-0-float64-shape4-False]" time="0.001" /><testcase classname="src.cucim.skimage.filters.tests.test_unsharp_mask" name="test_unsharp_masking_output_type_and_shape[False-0.0-0.0-0.1-uint8-shape0-False]" time="0.001" /><testcase classname="src.cucim.skimage.filters.tests.test_unsharp_mask" name="test_unsharp_masking_output_type_and_shape[False-0.0-0.0-0.1-uint8-shape1-True]" time="0.002" /><testcase classname="src.cucim.skimage.filters.tests.test_unsharp_mask" name="test_unsharp_masking_output_type_and_shape[False-0.0-0.0-0.1-uint8-shape2-False]" time="0.001" /><testcase classname="src.cucim.skimage.filters.tests.test_unsharp_mask" name="test_unsharp_masking_output_type_and_shape[False-0.0-0.0-0.1-uint8-shape3-True]" time="0.002" /><testcase classname="src.cucim.skimage.filters.tests.test_unsharp_mask" name="test_unsharp_masking_output_type_and_shape[False-0.0-0.0-0.1-uint8-shape4-False]" time="0.001" /><testcase classname="src.cucim.skimage.filters.tests.test_unsharp_mask" name="test_unsharp_masking_output_type_and_shape[False-0.0-0.0-0.1-int8-shape0-False]" time="0.001" /><testcase classname="src.cucim.skimage.filters.tests.test_unsharp_mask" name="test_unsharp_masking_output_type_and_shape[False-0.0-0.0-0.1-int8-shape1-True]" time="0.002" /><testcase classname="src.cucim.skimage.filters.tests.test_unsharp_mask" name="test_unsharp_masking_output_type_and_shape[False-0.0-0.0-0.1-int8-shape2-False]" time="0.001" /><testcase classname="src.cucim.skimage.filters.tests.test_unsharp_mask" name="test_unsharp_masking_output_type_and_shape[False-0.0-0.0-0.1-int8-shape3-True]" time="0.002" /><testcase classname="src.cucim.skimage.filters.tests.test_unsharp_mask" name="test_unsharp_masking_output_type_and_shape[False-0.0-0.0-0.1-int8-shape4-False]" time="0.001" /><testcase classname="src.cucim.skimage.filters.tests.test_unsharp_mask" name="test_unsharp_masking_output_type_and_shape[False-0.0-0.0-0.1-uint16-shape0-False]" time="0.001" /><testcase classname="src.cucim.skimage.filters.tests.test_unsharp_mask" name="test_unsharp_masking_output_type_and_shape[False-0.0-0.0-0.1-uint16-shape1-True]" time="0.002" /><testcase classname="src.cucim.skimage.filters.tests.test_unsharp_mask" name="test_unsharp_masking_output_type_and_shape[False-0.0-0.0-0.1-uint16-shape2-False]" time="0.001" /><testcase classname="src.cucim.skimage.filters.tests.test_unsharp_mask" name="test_unsharp_masking_output_type_and_shape[False-0.0-0.0-0.1-uint16-shape3-True]" time="0.002" /><testcase classname="src.cucim.skimage.filters.tests.test_unsharp_mask" name="test_unsharp_masking_output_type_and_shape[False-0.0-0.0-0.1-uint16-shape4-False]" time="0.001" /><testcase classname="src.cucim.skimage.filters.tests.test_unsharp_mask" name="test_unsharp_masking_output_type_and_shape[False-0.0-0.0-0.1-int16-shape0-False]" time="0.001" /><testcase classname="src.cucim.skimage.filters.tests.test_unsharp_mask" name="test_unsharp_masking_output_type_and_shape[False-0.0-0.0-0.1-int16-shape1-True]" time="0.002" /><testcase classname="src.cucim.skimage.filters.tests.test_unsharp_mask" name="test_unsharp_masking_output_type_and_shape[False-0.0-0.0-0.1-int16-shape2-False]" time="0.001" /><testcase classname="src.cucim.skimage.filters.tests.test_unsharp_mask" name="test_unsharp_masking_output_type_and_shape[False-0.0-0.0-0.1-int16-shape3-True]" time="0.002" /><testcase classname="src.cucim.skimage.filters.tests.test_unsharp_mask" name="test_unsharp_masking_output_type_and_shape[False-0.0-0.0-0.1-int16-shape4-False]" time="0.002" /><testcase classname="src.cucim.skimage.filters.tests.test_unsharp_mask" name="test_unsharp_masking_output_type_and_shape[False-0.0-0.0-0.1-uint32-shape0-False]" time="0.001" /><testcase classname="src.cucim.skimage.filters.tests.test_unsharp_mask" name="test_unsharp_masking_output_type_and_shape[False-0.0-0.0-0.1-uint32-shape1-True]" time="0.002" /><testcase classname="src.cucim.skimage.filters.tests.test_unsharp_mask" name="test_unsharp_masking_output_type_and_shape[False-0.0-0.0-0.1-uint32-shape2-False]" time="0.001" /><testcase classname="src.cucim.skimage.filters.tests.test_unsharp_mask" name="test_unsharp_masking_output_type_and_shape[False-0.0-0.0-0.1-uint32-shape3-True]" time="0.002" /><testcase classname="src.cucim.skimage.filters.tests.test_unsharp_mask" name="test_unsharp_masking_output_type_and_shape[False-0.0-0.0-0.1-uint32-shape4-False]" time="0.001" /><testcase classname="src.cucim.skimage.filters.tests.test_unsharp_mask" name="test_unsharp_masking_output_type_and_shape[False-0.0-0.0-0.1-int32-shape0-False]" time="0.001" /><testcase classname="src.cucim.skimage.filters.tests.test_unsharp_mask" name="test_unsharp_masking_output_type_and_shape[False-0.0-0.0-0.1-int32-shape1-True]" time="0.002" /><testcase classname="src.cucim.skimage.filters.tests.test_unsharp_mask" name="test_unsharp_masking_output_type_and_shape[False-0.0-0.0-0.1-int32-shape2-False]" time="0.001" /><testcase classname="src.cucim.skimage.filters.tests.test_unsharp_mask" name="test_unsharp_masking_output_type_and_shape[False-0.0-0.0-0.1-int32-shape3-True]" time="0.002" /><testcase classname="src.cucim.skimage.filters.tests.test_unsharp_mask" name="test_unsharp_masking_output_type_and_shape[False-0.0-0.0-0.1-int32-shape4-False]" time="0.001" /><testcase classname="src.cucim.skimage.filters.tests.test_unsharp_mask" name="test_unsharp_masking_output_type_and_shape[False-0.0-0.0-0.1-uint64-shape0-False]" time="0.001" /><testcase classname="src.cucim.skimage.filters.tests.test_unsharp_mask" name="test_unsharp_masking_output_type_and_shape[False-0.0-0.0-0.1-uint64-shape1-True]" time="0.002" /><testcase classname="src.cucim.skimage.filters.tests.test_unsharp_mask" name="test_unsharp_masking_output_type_and_shape[False-0.0-0.0-0.1-uint64-shape2-False]" time="0.001" /><testcase classname="src.cucim.skimage.filters.tests.test_unsharp_mask" name="test_unsharp_masking_output_type_and_shape[False-0.0-0.0-0.1-uint64-shape3-True]" time="0.002" /><testcase classname="src.cucim.skimage.filters.tests.test_unsharp_mask" name="test_unsharp_masking_output_type_and_shape[False-0.0-0.0-0.1-uint64-shape4-False]" time="0.001" /><testcase classname="src.cucim.skimage.filters.tests.test_unsharp_mask" name="test_unsharp_masking_output_type_and_shape[False-0.0-0.0-0.1-int64-shape0-False]" time="0.001" /><testcase classname="src.cucim.skimage.filters.tests.test_unsharp_mask" name="test_unsharp_masking_output_type_and_shape[False-0.0-0.0-0.1-int64-shape1-True]" time="0.002" /><testcase classname="src.cucim.skimage.filters.tests.test_unsharp_mask" name="test_unsharp_masking_output_type_and_shape[False-0.0-0.0-0.1-int64-shape2-False]" time="0.001" /><testcase classname="src.cucim.skimage.filters.tests.test_unsharp_mask" name="test_unsharp_masking_output_type_and_shape[False-0.0-0.0-0.1-int64-shape3-True]" time="0.002" /><testcase classname="src.cucim.skimage.filters.tests.test_unsharp_mask" name="test_unsharp_masking_output_type_and_shape[False-0.0-0.0-0.1-int64-shape4-False]" time="0.001" /><testcase classname="src.cucim.skimage.filters.tests.test_unsharp_mask" name="test_unsharp_masking_output_type_and_shape[False-0.0-0.0-0.1-float16-shape0-False]" time="0.001" /><testcase classname="src.cucim.skimage.filters.tests.test_unsharp_mask" name="test_unsharp_masking_output_type_and_shape[False-0.0-0.0-0.1-float16-shape1-True]" time="0.002" /><testcase classname="src.cucim.skimage.filters.tests.test_unsharp_mask" name="test_unsharp_masking_output_type_and_shape[False-0.0-0.0-0.1-float16-shape2-False]" time="0.001" /><testcase classname="src.cucim.skimage.filters.tests.test_unsharp_mask" name="test_unsharp_masking_output_type_and_shape[False-0.0-0.0-0.1-float16-shape3-True]" time="0.002" /><testcase classname="src.cucim.skimage.filters.tests.test_unsharp_mask" name="test_unsharp_masking_output_type_and_shape[False-0.0-0.0-0.1-float16-shape4-False]" time="0.001" /><testcase classname="src.cucim.skimage.filters.tests.test_unsharp_mask" name="test_unsharp_masking_output_type_and_shape[False-0.0-0.0-0.1-float32-shape0-False]" time="0.001" /><testcase classname="src.cucim.skimage.filters.tests.test_unsharp_mask" name="test_unsharp_masking_output_type_and_shape[False-0.0-0.0-0.1-float32-shape1-True]" time="0.002" /><testcase classname="src.cucim.skimage.filters.tests.test_unsharp_mask" name="test_unsharp_masking_output_type_and_shape[False-0.0-0.0-0.1-float32-shape2-False]" time="0.001" /><testcase classname="src.cucim.skimage.filters.tests.test_unsharp_mask" name="test_unsharp_masking_output_type_and_shape[False-0.0-0.0-0.1-float32-shape3-True]" time="0.002" /><testcase classname="src.cucim.skimage.filters.tests.test_unsharp_mask" name="test_unsharp_masking_output_type_and_shape[False-0.0-0.0-0.1-float32-shape4-False]" time="0.001" /><testcase classname="src.cucim.skimage.filters.tests.test_unsharp_mask" name="test_unsharp_masking_output_type_and_shape[False-0.0-0.0-0.1-float64-shape0-False]" time="0.001" /><testcase classname="src.cucim.skimage.filters.tests.test_unsharp_mask" name="test_unsharp_masking_output_type_and_shape[False-0.0-0.0-0.1-float64-shape1-True]" time="0.002" /><testcase classname="src.cucim.skimage.filters.tests.test_unsharp_mask" name="test_unsharp_masking_output_type_and_shape[False-0.0-0.0-0.1-float64-shape2-False]" time="0.002" /><testcase classname="src.cucim.skimage.filters.tests.test_unsharp_mask" name="test_unsharp_masking_output_type_and_shape[False-0.0-0.0-0.1-float64-shape3-True]" time="0.002" /><testcase classname="src.cucim.skimage.filters.tests.test_unsharp_mask" name="test_unsharp_masking_output_type_and_shape[False-0.0-0.0-0.1-float64-shape4-False]" time="0.002" /><testcase classname="src.cucim.skimage.filters.tests.test_unsharp_mask" name="test_unsharp_masking_output_type_and_shape[False-0.0-0.0-2.0-uint8-shape0-False]" time="0.002" /><testcase classname="src.cucim.skimage.filters.tests.test_unsharp_mask" name="test_unsharp_masking_output_type_and_shape[False-0.0-0.0-2.0-uint8-shape1-True]" time="0.003" /><testcase classname="src.cucim.skimage.filters.tests.test_unsharp_mask" name="test_unsharp_masking_output_type_and_shape[False-0.0-0.0-2.0-uint8-shape2-False]" time="0.002" /><testcase classname="src.cucim.skimage.filters.tests.test_unsharp_mask" name="test_unsharp_masking_output_type_and_shape[False-0.0-0.0-2.0-uint8-shape3-True]" time="0.002" /><testcase classname="src.cucim.skimage.filters.tests.test_unsharp_mask" name="test_unsharp_masking_output_type_and_shape[False-0.0-0.0-2.0-uint8-shape4-False]" time="0.002" /><testcase classname="src.cucim.skimage.filters.tests.test_unsharp_mask" name="test_unsharp_masking_output_type_and_shape[False-0.0-0.0-2.0-int8-shape0-False]" time="0.002" /><testcase classname="src.cucim.skimage.filters.tests.test_unsharp_mask" name="test_unsharp_masking_output_type_and_shape[False-0.0-0.0-2.0-int8-shape1-True]" time="0.003" /><testcase classname="src.cucim.skimage.filters.tests.test_unsharp_mask" name="test_unsharp_masking_output_type_and_shape[False-0.0-0.0-2.0-int8-shape2-False]" time="0.002" /><testcase classname="src.cucim.skimage.filters.tests.test_unsharp_mask" name="test_unsharp_masking_output_type_and_shape[False-0.0-0.0-2.0-int8-shape3-True]" time="0.003" /><testcase classname="src.cucim.skimage.filters.tests.test_unsharp_mask" name="test_unsharp_masking_output_type_and_shape[False-0.0-0.0-2.0-int8-shape4-False]" time="0.002" /><testcase classname="src.cucim.skimage.filters.tests.test_unsharp_mask" name="test_unsharp_masking_output_type_and_shape[False-0.0-0.0-2.0-uint16-shape0-False]" time="0.001" /><testcase classname="src.cucim.skimage.filters.tests.test_unsharp_mask" name="test_unsharp_masking_output_type_and_shape[False-0.0-0.0-2.0-uint16-shape1-True]" time="0.002" /><testcase classname="src.cucim.skimage.filters.tests.test_unsharp_mask" name="test_unsharp_masking_output_type_and_shape[False-0.0-0.0-2.0-uint16-shape2-False]" time="0.002" /><testcase classname="src.cucim.skimage.filters.tests.test_unsharp_mask" name="test_unsharp_masking_output_type_and_shape[False-0.0-0.0-2.0-uint16-shape3-True]" time="0.002" /><testcase classname="src.cucim.skimage.filters.tests.test_unsharp_mask" name="test_unsharp_masking_output_type_and_shape[False-0.0-0.0-2.0-uint16-shape4-False]" time="0.002" /><testcase classname="src.cucim.skimage.filters.tests.test_unsharp_mask" name="test_unsharp_masking_output_type_and_shape[False-0.0-0.0-2.0-int16-shape0-False]" time="0.002" /><testcase classname="src.cucim.skimage.filters.tests.test_unsharp_mask" name="test_unsharp_masking_output_type_and_shape[False-0.0-0.0-2.0-int16-shape1-True]" time="0.003" /><testcase classname="src.cucim.skimage.filters.tests.test_unsharp_mask" name="test_unsharp_masking_output_type_and_shape[False-0.0-0.0-2.0-int16-shape2-False]" time="0.002" /><testcase classname="src.cucim.skimage.filters.tests.test_unsharp_mask" name="test_unsharp_masking_output_type_and_shape[False-0.0-0.0-2.0-int16-shape3-True]" time="0.003" /><testcase classname="src.cucim.skimage.filters.tests.test_unsharp_mask" name="test_unsharp_masking_output_type_and_shape[False-0.0-0.0-2.0-int16-shape4-False]" time="0.002" /><testcase classname="src.cucim.skimage.filters.tests.test_unsharp_mask" name="test_unsharp_masking_output_type_and_shape[False-0.0-0.0-2.0-uint32-shape0-False]" time="0.001" /><testcase classname="src.cucim.skimage.filters.tests.test_unsharp_mask" name="test_unsharp_masking_output_type_and_shape[False-0.0-0.0-2.0-uint32-shape1-True]" time="0.002" /><testcase classname="src.cucim.skimage.filters.tests.test_unsharp_mask" name="test_unsharp_masking_output_type_and_shape[False-0.0-0.0-2.0-uint32-shape2-False]" time="0.001" /><testcase classname="src.cucim.skimage.filters.tests.test_unsharp_mask" name="test_unsharp_masking_output_type_and_shape[False-0.0-0.0-2.0-uint32-shape3-True]" time="0.002" /><testcase classname="src.cucim.skimage.filters.tests.test_unsharp_mask" name="test_unsharp_masking_output_type_and_shape[False-0.0-0.0-2.0-uint32-shape4-False]" time="0.002" /><testcase classname="src.cucim.skimage.filters.tests.test_unsharp_mask" name="test_unsharp_masking_output_type_and_shape[False-0.0-0.0-2.0-int32-shape0-False]" time="0.002" /><testcase classname="src.cucim.skimage.filters.tests.test_unsharp_mask" name="test_unsharp_masking_output_type_and_shape[False-0.0-0.0-2.0-int32-shape1-True]" time="0.003" /><testcase classname="src.cucim.skimage.filters.tests.test_unsharp_mask" name="test_unsharp_masking_output_type_and_shape[False-0.0-0.0-2.0-int32-shape2-False]" time="0.002" /><testcase classname="src.cucim.skimage.filters.tests.test_unsharp_mask" name="test_unsharp_masking_output_type_and_shape[False-0.0-0.0-2.0-int32-shape3-True]" time="0.003" /><testcase classname="src.cucim.skimage.filters.tests.test_unsharp_mask" name="test_unsharp_masking_output_type_and_shape[False-0.0-0.0-2.0-int32-shape4-False]" time="0.002" /><testcase classname="src.cucim.skimage.filters.tests.test_unsharp_mask" name="test_unsharp_masking_output_type_and_shape[False-0.0-0.0-2.0-uint64-shape0-False]" time="0.002" /><testcase classname="src.cucim.skimage.filters.tests.test_unsharp_mask" name="test_unsharp_masking_output_type_and_shape[False-0.0-0.0-2.0-uint64-shape1-True]" time="0.002" /><testcase classname="src.cucim.skimage.filters.tests.test_unsharp_mask" name="test_unsharp_masking_output_type_and_shape[False-0.0-0.0-2.0-uint64-shape2-False]" time="0.002" /><testcase classname="src.cucim.skimage.filters.tests.test_unsharp_mask" name="test_unsharp_masking_output_type_and_shape[False-0.0-0.0-2.0-uint64-shape3-True]" time="0.002" /><testcase classname="src.cucim.skimage.filters.tests.test_unsharp_mask" name="test_unsharp_masking_output_type_and_shape[False-0.0-0.0-2.0-uint64-shape4-False]" time="0.002" /><testcase classname="src.cucim.skimage.filters.tests.test_unsharp_mask" name="test_unsharp_masking_output_type_and_shape[False-0.0-0.0-2.0-int64-shape0-False]" time="0.002" /><testcase classname="src.cucim.skimage.filters.tests.test_unsharp_mask" name="test_unsharp_masking_output_type_and_shape[False-0.0-0.0-2.0-int64-shape1-True]" time="0.003" /><testcase classname="src.cucim.skimage.filters.tests.test_unsharp_mask" name="test_unsharp_masking_output_type_and_shape[False-0.0-0.0-2.0-int64-shape2-False]" time="0.002" /><testcase classname="src.cucim.skimage.filters.tests.test_unsharp_mask" name="test_unsharp_masking_output_type_and_shape[False-0.0-0.0-2.0-int64-shape3-True]" time="0.002" /><testcase classname="src.cucim.skimage.filters.tests.test_unsharp_mask" name="test_unsharp_masking_output_type_and_shape[False-0.0-0.0-2.0-int64-shape4-False]" time="0.002" /><testcase classname="src.cucim.skimage.filters.tests.test_unsharp_mask" name="test_unsharp_masking_output_type_and_shape[False-0.0-0.0-2.0-float16-shape0-False]" time="0.001" /><testcase classname="src.cucim.skimage.filters.tests.test_unsharp_mask" name="test_unsharp_masking_output_type_and_shape[False-0.0-0.0-2.0-float16-shape1-True]" time="0.002" /><testcase classname="src.cucim.skimage.filters.tests.test_unsharp_mask" name="test_unsharp_masking_output_type_and_shape[False-0.0-0.0-2.0-float16-shape2-False]" time="0.002" /><testcase classname="src.cucim.skimage.filters.tests.test_unsharp_mask" name="test_unsharp_masking_output_type_and_shape[False-0.0-0.0-2.0-float16-shape3-True]" time="0.003" /><testcase classname="src.cucim.skimage.filters.tests.test_unsharp_mask" name="test_unsharp_masking_output_type_and_shape[False-0.0-0.0-2.0-float16-shape4-False]" time="0.002" /><testcase classname="src.cucim.skimage.filters.tests.test_unsharp_mask" name="test_unsharp_masking_output_type_and_shape[False-0.0-0.0-2.0-float32-shape0-False]" time="0.002" /><testcase classname="src.cucim.skimage.filters.tests.test_unsharp_mask" name="test_unsharp_masking_output_type_and_shape[False-0.0-0.0-2.0-float32-shape1-True]" time="0.003" /><testcase classname="src.cucim.skimage.filters.tests.test_unsharp_mask" name="test_unsharp_masking_output_type_and_shape[False-0.0-0.0-2.0-float32-shape2-False]" time="0.002" /><testcase classname="src.cucim.skimage.filters.tests.test_unsharp_mask" name="test_unsharp_masking_output_type_and_shape[False-0.0-0.0-2.0-float32-shape3-True]" time="0.003" /><testcase classname="src.cucim.skimage.filters.tests.test_unsharp_mask" name="test_unsharp_masking_output_type_and_shape[False-0.0-0.0-2.0-float32-shape4-False]" time="0.002" /><testcase classname="src.cucim.skimage.filters.tests.test_unsharp_mask" name="test_unsharp_masking_output_type_and_shape[False-0.0-0.0-2.0-float64-shape0-False]" time="0.002" /><testcase classname="src.cucim.skimage.filters.tests.test_unsharp_mask" name="test_unsharp_masking_output_type_and_shape[False-0.0-0.0-2.0-float64-shape1-True]" time="0.002" /><testcase classname="src.cucim.skimage.filters.tests.test_unsharp_mask" name="test_unsharp_masking_output_type_and_shape[False-0.0-0.0-2.0-float64-shape2-False]" time="0.002" /><testcase classname="src.cucim.skimage.filters.tests.test_unsharp_mask" name="test_unsharp_masking_output_type_and_shape[False-0.0-0.0-2.0-float64-shape3-True]" time="0.002" /><testcase classname="src.cucim.skimage.filters.tests.test_unsharp_mask" name="test_unsharp_masking_output_type_and_shape[False-0.0-0.0-2.0-float64-shape4-False]" time="0.002" /><testcase classname="src.cucim.skimage.filters.tests.test_unsharp_mask" name="test_unsharp_masking_output_type_and_shape[False-0.0-0.5-0-uint8-shape0-False]" time="0.001" /><testcase classname="src.cucim.skimage.filters.tests.test_unsharp_mask" name="test_unsharp_masking_output_type_and_shape[False-0.0-0.5-0-uint8-shape1-True]" time="0.002" /><testcase classname="src.cucim.skimage.filters.tests.test_unsharp_mask" name="test_unsharp_masking_output_type_and_shape[False-0.0-0.5-0-uint8-shape2-False]" time="0.001" /><testcase classname="src.cucim.skimage.filters.tests.test_unsharp_mask" name="test_unsharp_masking_output_type_and_shape[False-0.0-0.5-0-uint8-shape3-True]" time="0.002" /><testcase classname="src.cucim.skimage.filters.tests.test_unsharp_mask" name="test_unsharp_masking_output_type_and_shape[False-0.0-0.5-0-uint8-shape4-False]" time="0.001" /><testcase classname="src.cucim.skimage.filters.tests.test_unsharp_mask" name="test_unsharp_masking_output_type_and_shape[False-0.0-0.5-0-int8-shape0-False]" time="0.001" /><testcase classname="src.cucim.skimage.filters.tests.test_unsharp_mask" name="test_unsharp_masking_output_type_and_shape[False-0.0-0.5-0-int8-shape1-True]" time="0.002" /><testcase classname="src.cucim.skimage.filters.tests.test_unsharp_mask" name="test_unsharp_masking_output_type_and_shape[False-0.0-0.5-0-int8-shape2-False]" time="0.001" /><testcase classname="src.cucim.skimage.filters.tests.test_unsharp_mask" name="test_unsharp_masking_output_type_and_shape[False-0.0-0.5-0-int8-shape3-True]" time="0.002" /><testcase classname="src.cucim.skimage.filters.tests.test_unsharp_mask" name="test_unsharp_masking_output_type_and_shape[False-0.0-0.5-0-int8-shape4-False]" time="0.001" /><testcase classname="src.cucim.skimage.filters.tests.test_unsharp_mask" name="test_unsharp_masking_output_type_and_shape[False-0.0-0.5-0-uint16-shape0-False]" time="0.001" /><testcase classname="src.cucim.skimage.filters.tests.test_unsharp_mask" name="test_unsharp_masking_output_type_and_shape[False-0.0-0.5-0-uint16-shape1-True]" time="0.002" /><testcase classname="src.cucim.skimage.filters.tests.test_unsharp_mask" name="test_unsharp_masking_output_type_and_shape[False-0.0-0.5-0-uint16-shape2-False]" time="0.001" /><testcase classname="src.cucim.skimage.filters.tests.test_unsharp_mask" name="test_unsharp_masking_output_type_and_shape[False-0.0-0.5-0-uint16-shape3-True]" time="0.002" /><testcase classname="src.cucim.skimage.filters.tests.test_unsharp_mask" name="test_unsharp_masking_output_type_and_shape[False-0.0-0.5-0-uint16-shape4-False]" time="0.001" /><testcase classname="src.cucim.skimage.filters.tests.test_unsharp_mask" name="test_unsharp_masking_output_type_and_shape[False-0.0-0.5-0-int16-shape0-False]" time="0.001" /><testcase classname="src.cucim.skimage.filters.tests.test_unsharp_mask" name="test_unsharp_masking_output_type_and_shape[False-0.0-0.5-0-int16-shape1-True]" time="0.002" /><testcase classname="src.cucim.skimage.filters.tests.test_unsharp_mask" name="test_unsharp_masking_output_type_and_shape[False-0.0-0.5-0-int16-shape2-False]" time="0.001" /><testcase classname="src.cucim.skimage.filters.tests.test_unsharp_mask" name="test_unsharp_masking_output_type_and_shape[False-0.0-0.5-0-int16-shape3-True]" time="0.002" /><testcase classname="src.cucim.skimage.filters.tests.test_unsharp_mask" name="test_unsharp_masking_output_type_and_shape[False-0.0-0.5-0-int16-shape4-False]" time="0.001" /><testcase classname="src.cucim.skimage.filters.tests.test_unsharp_mask" name="test_unsharp_masking_output_type_and_shape[False-0.0-0.5-0-uint32-shape0-False]" time="0.001" /><testcase classname="src.cucim.skimage.filters.tests.test_unsharp_mask" name="test_unsharp_masking_output_type_and_shape[False-0.0-0.5-0-uint32-shape1-True]" time="0.002" /><testcase classname="src.cucim.skimage.filters.tests.test_unsharp_mask" name="test_unsharp_masking_output_type_and_shape[False-0.0-0.5-0-uint32-shape2-False]" time="0.001" /><testcase classname="src.cucim.skimage.filters.tests.test_unsharp_mask" name="test_unsharp_masking_output_type_and_shape[False-0.0-0.5-0-uint32-shape3-True]" time="0.002" /><testcase classname="src.cucim.skimage.filters.tests.test_unsharp_mask" name="test_unsharp_masking_output_type_and_shape[False-0.0-0.5-0-uint32-shape4-False]" time="0.001" /><testcase classname="src.cucim.skimage.filters.tests.test_unsharp_mask" name="test_unsharp_masking_output_type_and_shape[False-0.0-0.5-0-int32-shape0-False]" time="0.001" /><testcase classname="src.cucim.skimage.filters.tests.test_unsharp_mask" name="test_unsharp_masking_output_type_and_shape[False-0.0-0.5-0-int32-shape1-True]" time="0.002" /><testcase classname="src.cucim.skimage.filters.tests.test_unsharp_mask" name="test_unsharp_masking_output_type_and_shape[False-0.0-0.5-0-int32-shape2-False]" time="0.001" /><testcase classname="src.cucim.skimage.filters.tests.test_unsharp_mask" name="test_unsharp_masking_output_type_and_shape[False-0.0-0.5-0-int32-shape3-True]" time="0.002" /><testcase classname="src.cucim.skimage.filters.tests.test_unsharp_mask" name="test_unsharp_masking_output_type_and_shape[False-0.0-0.5-0-int32-shape4-False]" time="0.001" /><testcase classname="src.cucim.skimage.filters.tests.test_unsharp_mask" name="test_unsharp_masking_output_type_and_shape[False-0.0-0.5-0-uint64-shape0-False]" time="0.001" /><testcase classname="src.cucim.skimage.filters.tests.test_unsharp_mask" name="test_unsharp_masking_output_type_and_shape[False-0.0-0.5-0-uint64-shape1-True]" time="0.002" /><testcase classname="src.cucim.skimage.filters.tests.test_unsharp_mask" name="test_unsharp_masking_output_type_and_shape[False-0.0-0.5-0-uint64-shape2-False]" time="0.001" /><testcase classname="src.cucim.skimage.filters.tests.test_unsharp_mask" name="test_unsharp_masking_output_type_and_shape[False-0.0-0.5-0-uint64-shape3-True]" time="0.002" /><testcase classname="src.cucim.skimage.filters.tests.test_unsharp_mask" name="test_unsharp_masking_output_type_and_shape[False-0.0-0.5-0-uint64-shape4-False]" time="0.002" /><testcase classname="src.cucim.skimage.filters.tests.test_unsharp_mask" name="test_unsharp_masking_output_type_and_shape[False-0.0-0.5-0-int64-shape0-False]" time="0.001" /><testcase classname="src.cucim.skimage.filters.tests.test_unsharp_mask" name="test_unsharp_masking_output_type_and_shape[False-0.0-0.5-0-int64-shape1-True]" time="0.002" /><testcase classname="src.cucim.skimage.filters.tests.test_unsharp_mask" name="test_unsharp_masking_output_type_and_shape[False-0.0-0.5-0-int64-shape2-False]" time="0.001" /><testcase classname="src.cucim.skimage.filters.tests.test_unsharp_mask" name="test_unsharp_masking_output_type_and_shape[False-0.0-0.5-0-int64-shape3-True]" time="0.002" /><testcase classname="src.cucim.skimage.filters.tests.test_unsharp_mask" name="test_unsharp_masking_output_type_and_shape[False-0.0-0.5-0-int64-shape4-False]" time="0.001" /><testcase classname="src.cucim.skimage.filters.tests.test_unsharp_mask" name="test_unsharp_masking_output_type_and_shape[False-0.0-0.5-0-float16-shape0-False]" time="0.001" /><testcase classname="src.cucim.skimage.filters.tests.test_unsharp_mask" name="test_unsharp_masking_output_type_and_shape[False-0.0-0.5-0-float16-shape1-True]" time="0.002" /><testcase classname="src.cucim.skimage.filters.tests.test_unsharp_mask" name="test_unsharp_masking_output_type_and_shape[False-0.0-0.5-0-float16-shape2-False]" time="0.001" /><testcase classname="src.cucim.skimage.filters.tests.test_unsharp_mask" name="test_unsharp_masking_output_type_and_shape[False-0.0-0.5-0-float16-shape3-True]" time="0.002" /><testcase classname="src.cucim.skimage.filters.tests.test_unsharp_mask" name="test_unsharp_masking_output_type_and_shape[False-0.0-0.5-0-float16-shape4-False]" time="0.001" /><testcase classname="src.cucim.skimage.filters.tests.test_unsharp_mask" name="test_unsharp_masking_output_type_and_shape[False-0.0-0.5-0-float32-shape0-False]" time="0.001" /><testcase classname="src.cucim.skimage.filters.tests.test_unsharp_mask" name="test_unsharp_masking_output_type_and_shape[False-0.0-0.5-0-float32-shape1-True]" time="0.002" /><testcase classname="src.cucim.skimage.filters.tests.test_unsharp_mask" name="test_unsharp_masking_output_type_and_shape[False-0.0-0.5-0-float32-shape2-False]" time="0.001" /><testcase classname="src.cucim.skimage.filters.tests.test_unsharp_mask" name="test_unsharp_masking_output_type_and_shape[False-0.0-0.5-0-float32-shape3-True]" time="0.002" /><testcase classname="src.cucim.skimage.filters.tests.test_unsharp_mask" name="test_unsharp_masking_output_type_and_shape[False-0.0-0.5-0-float32-shape4-False]" time="0.001" /><testcase classname="src.cucim.skimage.filters.tests.test_unsharp_mask" name="test_unsharp_masking_output_type_and_shape[False-0.0-0.5-0-float64-shape0-False]" time="0.001" /><testcase classname="src.cucim.skimage.filters.tests.test_unsharp_mask" name="test_unsharp_masking_output_type_and_shape[False-0.0-0.5-0-float64-shape1-True]" time="0.002" /><testcase classname="src.cucim.skimage.filters.tests.test_unsharp_mask" name="test_unsharp_masking_output_type_and_shape[False-0.0-0.5-0-float64-shape2-False]" time="0.001" /><testcase classname="src.cucim.skimage.filters.tests.test_unsharp_mask" name="test_unsharp_masking_output_type_and_shape[False-0.0-0.5-0-float64-shape3-True]" time="0.002" /><testcase classname="src.cucim.skimage.filters.tests.test_unsharp_mask" name="test_unsharp_masking_output_type_and_shape[False-0.0-0.5-0-float64-shape4-False]" time="0.001" /><testcase classname="src.cucim.skimage.filters.tests.test_unsharp_mask" name="test_unsharp_masking_output_type_and_shape[False-0.0-0.5-0.1-uint8-shape0-False]" time="0.001" /><testcase classname="src.cucim.skimage.filters.tests.test_unsharp_mask" name="test_unsharp_masking_output_type_and_shape[False-0.0-0.5-0.1-uint8-shape1-True]" time="0.002" /><testcase classname="src.cucim.skimage.filters.tests.test_unsharp_mask" name="test_unsharp_masking_output_type_and_shape[False-0.0-0.5-0.1-uint8-shape2-False]" time="0.001" /><testcase classname="src.cucim.skimage.filters.tests.test_unsharp_mask" name="test_unsharp_masking_output_type_and_shape[False-0.0-0.5-0.1-uint8-shape3-True]" time="0.002" /><testcase classname="src.cucim.skimage.filters.tests.test_unsharp_mask" name="test_unsharp_masking_output_type_and_shape[False-0.0-0.5-0.1-uint8-shape4-False]" time="0.001" /><testcase classname="src.cucim.skimage.filters.tests.test_unsharp_mask" name="test_unsharp_masking_output_type_and_shape[False-0.0-0.5-0.1-int8-shape0-False]" time="0.001" /><testcase classname="src.cucim.skimage.filters.tests.test_unsharp_mask" name="test_unsharp_masking_output_type_and_shape[False-0.0-0.5-0.1-int8-shape1-True]" time="0.002" /><testcase classname="src.cucim.skimage.filters.tests.test_unsharp_mask" name="test_unsharp_masking_output_type_and_shape[False-0.0-0.5-0.1-int8-shape2-False]" time="0.001" /><testcase classname="src.cucim.skimage.filters.tests.test_unsharp_mask" name="test_unsharp_masking_output_type_and_shape[False-0.0-0.5-0.1-int8-shape3-True]" time="0.002" /><testcase classname="src.cucim.skimage.filters.tests.test_unsharp_mask" name="test_unsharp_masking_output_type_and_shape[False-0.0-0.5-0.1-int8-shape4-False]" time="0.001" /><testcase classname="src.cucim.skimage.filters.tests.test_unsharp_mask" name="test_unsharp_masking_output_type_and_shape[False-0.0-0.5-0.1-uint16-shape0-False]" time="0.001" /><testcase classname="src.cucim.skimage.filters.tests.test_unsharp_mask" name="test_unsharp_masking_output_type_and_shape[False-0.0-0.5-0.1-uint16-shape1-True]" time="0.002" /><testcase classname="src.cucim.skimage.filters.tests.test_unsharp_mask" name="test_unsharp_masking_output_type_and_shape[False-0.0-0.5-0.1-uint16-shape2-False]" time="0.002" /><testcase classname="src.cucim.skimage.filters.tests.test_unsharp_mask" name="test_unsharp_masking_output_type_and_shape[False-0.0-0.5-0.1-uint16-shape3-True]" time="0.002" /><testcase classname="src.cucim.skimage.filters.tests.test_unsharp_mask" name="test_unsharp_masking_output_type_and_shape[False-0.0-0.5-0.1-uint16-shape4-False]" time="0.001" /><testcase classname="src.cucim.skimage.filters.tests.test_unsharp_mask" name="test_unsharp_masking_output_type_and_shape[False-0.0-0.5-0.1-int16-shape0-False]" time="0.001" /><testcase classname="src.cucim.skimage.filters.tests.test_unsharp_mask" name="test_unsharp_masking_output_type_and_shape[False-0.0-0.5-0.1-int16-shape1-True]" time="0.002" /><testcase classname="src.cucim.skimage.filters.tests.test_unsharp_mask" name="test_unsharp_masking_output_type_and_shape[False-0.0-0.5-0.1-int16-shape2-False]" time="0.002" /><testcase classname="src.cucim.skimage.filters.tests.test_unsharp_mask" name="test_unsharp_masking_output_type_and_shape[False-0.0-0.5-0.1-int16-shape3-True]" time="0.002" /><testcase classname="src.cucim.skimage.filters.tests.test_unsharp_mask" name="test_unsharp_masking_output_type_and_shape[False-0.0-0.5-0.1-int16-shape4-False]" time="0.002" /><testcase classname="src.cucim.skimage.filters.tests.test_unsharp_mask" name="test_unsharp_masking_output_type_and_shape[False-0.0-0.5-0.1-uint32-shape0-False]" time="0.001" /><testcase classname="src.cucim.skimage.filters.tests.test_unsharp_mask" name="test_unsharp_masking_output_type_and_shape[False-0.0-0.5-0.1-uint32-shape1-True]" time="0.002" /><testcase classname="src.cucim.skimage.filters.tests.test_unsharp_mask" name="test_unsharp_masking_output_type_and_shape[False-0.0-0.5-0.1-uint32-shape2-False]" time="0.001" /><testcase classname="src.cucim.skimage.filters.tests.test_unsharp_mask" name="test_unsharp_masking_output_type_and_shape[False-0.0-0.5-0.1-uint32-shape3-True]" time="0.002" /><testcase classname="src.cucim.skimage.filters.tests.test_unsharp_mask" name="test_unsharp_masking_output_type_and_shape[False-0.0-0.5-0.1-uint32-shape4-False]" time="0.001" /><testcase classname="src.cucim.skimage.filters.tests.test_unsharp_mask" name="test_unsharp_masking_output_type_and_shape[False-0.0-0.5-0.1-int32-shape0-False]" time="0.001" /><testcase classname="src.cucim.skimage.filters.tests.test_unsharp_mask" name="test_unsharp_masking_output_type_and_shape[False-0.0-0.5-0.1-int32-shape1-True]" time="0.002" /><testcase classname="src.cucim.skimage.filters.tests.test_unsharp_mask" name="test_unsharp_masking_output_type_and_shape[False-0.0-0.5-0.1-int32-shape2-False]" time="0.001" /><testcase classname="src.cucim.skimage.filters.tests.test_unsharp_mask" name="test_unsharp_masking_output_type_and_shape[False-0.0-0.5-0.1-int32-shape3-True]" time="0.002" /><testcase classname="src.cucim.skimage.filters.tests.test_unsharp_mask" name="test_unsharp_masking_output_type_and_shape[False-0.0-0.5-0.1-int32-shape4-False]" time="0.001" /><testcase classname="src.cucim.skimage.filters.tests.test_unsharp_mask" name="test_unsharp_masking_output_type_and_shape[False-0.0-0.5-0.1-uint64-shape0-False]" time="0.001" /><testcase classname="src.cucim.skimage.filters.tests.test_unsharp_mask" name="test_unsharp_masking_output_type_and_shape[False-0.0-0.5-0.1-uint64-shape1-True]" time="0.002" /><testcase classname="src.cucim.skimage.filters.tests.test_unsharp_mask" name="test_unsharp_masking_output_type_and_shape[False-0.0-0.5-0.1-uint64-shape2-False]" time="0.001" /><testcase classname="src.cucim.skimage.filters.tests.test_unsharp_mask" name="test_unsharp_masking_output_type_and_shape[False-0.0-0.5-0.1-uint64-shape3-True]" time="0.002" /><testcase classname="src.cucim.skimage.filters.tests.test_unsharp_mask" name="test_unsharp_masking_output_type_and_shape[False-0.0-0.5-0.1-uint64-shape4-False]" time="0.001" /><testcase classname="src.cucim.skimage.filters.tests.test_unsharp_mask" name="test_unsharp_masking_output_type_and_shape[False-0.0-0.5-0.1-int64-shape0-False]" time="0.001" /><testcase classname="src.cucim.skimage.filters.tests.test_unsharp_mask" name="test_unsharp_masking_output_type_and_shape[False-0.0-0.5-0.1-int64-shape1-True]" time="0.002" /><testcase classname="src.cucim.skimage.filters.tests.test_unsharp_mask" name="test_unsharp_masking_output_type_and_shape[False-0.0-0.5-0.1-int64-shape2-False]" time="0.001" /><testcase classname="src.cucim.skimage.filters.tests.test_unsharp_mask" name="test_unsharp_masking_output_type_and_shape[False-0.0-0.5-0.1-int64-shape3-True]" time="0.002" /><testcase classname="src.cucim.skimage.filters.tests.test_unsharp_mask" name="test_unsharp_masking_output_type_and_shape[False-0.0-0.5-0.1-int64-shape4-False]" time="0.001" /><testcase classname="src.cucim.skimage.filters.tests.test_unsharp_mask" name="test_unsharp_masking_output_type_and_shape[False-0.0-0.5-0.1-float16-shape0-False]" time="0.001" /><testcase classname="src.cucim.skimage.filters.tests.test_unsharp_mask" name="test_unsharp_masking_output_type_and_shape[False-0.0-0.5-0.1-float16-shape1-True]" time="0.002" /><testcase classname="src.cucim.skimage.filters.tests.test_unsharp_mask" name="test_unsharp_masking_output_type_and_shape[False-0.0-0.5-0.1-float16-shape2-False]" time="0.001" /><testcase classname="src.cucim.skimage.filters.tests.test_unsharp_mask" name="test_unsharp_masking_output_type_and_shape[False-0.0-0.5-0.1-float16-shape3-True]" time="0.002" /><testcase classname="src.cucim.skimage.filters.tests.test_unsharp_mask" name="test_unsharp_masking_output_type_and_shape[False-0.0-0.5-0.1-float16-shape4-False]" time="0.001" /><testcase classname="src.cucim.skimage.filters.tests.test_unsharp_mask" name="test_unsharp_masking_output_type_and_shape[False-0.0-0.5-0.1-float32-shape0-False]" time="0.001" /><testcase classname="src.cucim.skimage.filters.tests.test_unsharp_mask" name="test_unsharp_masking_output_type_and_shape[False-0.0-0.5-0.1-float32-shape1-True]" time="0.002" /><testcase classname="src.cucim.skimage.filters.tests.test_unsharp_mask" name="test_unsharp_masking_output_type_and_shape[False-0.0-0.5-0.1-float32-shape2-False]" time="0.002" /><testcase classname="src.cucim.skimage.filters.tests.test_unsharp_mask" name="test_unsharp_masking_output_type_and_shape[False-0.0-0.5-0.1-float32-shape3-True]" time="0.002" /><testcase classname="src.cucim.skimage.filters.tests.test_unsharp_mask" name="test_unsharp_masking_output_type_and_shape[False-0.0-0.5-0.1-float32-shape4-False]" time="0.002" /><testcase classname="src.cucim.skimage.filters.tests.test_unsharp_mask" name="test_unsharp_masking_output_type_and_shape[False-0.0-0.5-0.1-float64-shape0-False]" time="0.002" /><testcase classname="src.cucim.skimage.filters.tests.test_unsharp_mask" name="test_unsharp_masking_output_type_and_shape[False-0.0-0.5-0.1-float64-shape1-True]" time="0.002" /><testcase classname="src.cucim.skimage.filters.tests.test_unsharp_mask" name="test_unsharp_masking_output_type_and_shape[False-0.0-0.5-0.1-float64-shape2-False]" time="0.002" /><testcase classname="src.cucim.skimage.filters.tests.test_unsharp_mask" name="test_unsharp_masking_output_type_and_shape[False-0.0-0.5-0.1-float64-shape3-True]" time="0.002" /><testcase classname="src.cucim.skimage.filters.tests.test_unsharp_mask" name="test_unsharp_masking_output_type_and_shape[False-0.0-0.5-0.1-float64-shape4-False]" time="0.002" /><testcase classname="src.cucim.skimage.filters.tests.test_unsharp_mask" name="test_unsharp_masking_output_type_and_shape[False-0.0-0.5-2.0-uint8-shape0-False]" time="0.002" /><testcase classname="src.cucim.skimage.filters.tests.test_unsharp_mask" name="test_unsharp_masking_output_type_and_shape[False-0.0-0.5-2.0-uint8-shape1-True]" time="0.002" /><testcase classname="src.cucim.skimage.filters.tests.test_unsharp_mask" name="test_unsharp_masking_output_type_and_shape[False-0.0-0.5-2.0-uint8-shape2-False]" time="0.002" /><testcase classname="src.cucim.skimage.filters.tests.test_unsharp_mask" name="test_unsharp_masking_output_type_and_shape[False-0.0-0.5-2.0-uint8-shape3-True]" time="0.003" /><testcase classname="src.cucim.skimage.filters.tests.test_unsharp_mask" name="test_unsharp_masking_output_type_and_shape[False-0.0-0.5-2.0-uint8-shape4-False]" time="0.002" /><testcase classname="src.cucim.skimage.filters.tests.test_unsharp_mask" name="test_unsharp_masking_output_type_and_shape[False-0.0-0.5-2.0-int8-shape0-False]" time="0.002" /><testcase classname="src.cucim.skimage.filters.tests.test_unsharp_mask" name="test_unsharp_masking_output_type_and_shape[False-0.0-0.5-2.0-int8-shape1-True]" time="0.002" /><testcase classname="src.cucim.skimage.filters.tests.test_unsharp_mask" name="test_unsharp_masking_output_type_and_shape[False-0.0-0.5-2.0-int8-shape2-False]" time="0.002" /><testcase classname="src.cucim.skimage.filters.tests.test_unsharp_mask" name="test_unsharp_masking_output_type_and_shape[False-0.0-0.5-2.0-int8-shape3-True]" time="0.002" /><testcase classname="src.cucim.skimage.filters.tests.test_unsharp_mask" name="test_unsharp_masking_output_type_and_shape[False-0.0-0.5-2.0-int8-shape4-False]" time="0.002" /><testcase classname="src.cucim.skimage.filters.tests.test_unsharp_mask" name="test_unsharp_masking_output_type_and_shape[False-0.0-0.5-2.0-uint16-shape0-False]" time="0.002" /><testcase classname="src.cucim.skimage.filters.tests.test_unsharp_mask" name="test_unsharp_masking_output_type_and_shape[False-0.0-0.5-2.0-uint16-shape1-True]" time="0.003" /><testcase classname="src.cucim.skimage.filters.tests.test_unsharp_mask" name="test_unsharp_masking_output_type_and_shape[False-0.0-0.5-2.0-uint16-shape2-False]" time="0.002" /><testcase classname="src.cucim.skimage.filters.tests.test_unsharp_mask" name="test_unsharp_masking_output_type_and_shape[False-0.0-0.5-2.0-uint16-shape3-True]" time="0.002" /><testcase classname="src.cucim.skimage.filters.tests.test_unsharp_mask" name="test_unsharp_masking_output_type_and_shape[False-0.0-0.5-2.0-uint16-shape4-False]" time="0.002" /><testcase classname="src.cucim.skimage.filters.tests.test_unsharp_mask" name="test_unsharp_masking_output_type_and_shape[False-0.0-0.5-2.0-int16-shape0-False]" time="0.001" /><testcase classname="src.cucim.skimage.filters.tests.test_unsharp_mask" name="test_unsharp_masking_output_type_and_shape[False-0.0-0.5-2.0-int16-shape1-True]" time="0.002" /><testcase classname="src.cucim.skimage.filters.tests.test_unsharp_mask" name="test_unsharp_masking_output_type_and_shape[False-0.0-0.5-2.0-int16-shape2-False]" time="0.002" /><testcase classname="src.cucim.skimage.filters.tests.test_unsharp_mask" name="test_unsharp_masking_output_type_and_shape[False-0.0-0.5-2.0-int16-shape3-True]" time="0.002" /><testcase classname="src.cucim.skimage.filters.tests.test_unsharp_mask" name="test_unsharp_masking_output_type_and_shape[False-0.0-0.5-2.0-int16-shape4-False]" time="0.002" /><testcase classname="src.cucim.skimage.filters.tests.test_unsharp_mask" name="test_unsharp_masking_output_type_and_shape[False-0.0-0.5-2.0-uint32-shape0-False]" time="0.001" /><testcase classname="src.cucim.skimage.filters.tests.test_unsharp_mask" name="test_unsharp_masking_output_type_and_shape[False-0.0-0.5-2.0-uint32-shape1-True]" time="0.002" /><testcase classname="src.cucim.skimage.filters.tests.test_unsharp_mask" name="test_unsharp_masking_output_type_and_shape[False-0.0-0.5-2.0-uint32-shape2-False]" time="0.002" /><testcase classname="src.cucim.skimage.filters.tests.test_unsharp_mask" name="test_unsharp_masking_output_type_and_shape[False-0.0-0.5-2.0-uint32-shape3-True]" time="0.002" /><testcase classname="src.cucim.skimage.filters.tests.test_unsharp_mask" name="test_unsharp_masking_output_type_and_shape[False-0.0-0.5-2.0-uint32-shape4-False]" time="0.002" /><testcase classname="src.cucim.skimage.filters.tests.test_unsharp_mask" name="test_unsharp_masking_output_type_and_shape[False-0.0-0.5-2.0-int32-shape0-False]" time="0.001" /><testcase classname="src.cucim.skimage.filters.tests.test_unsharp_mask" name="test_unsharp_masking_output_type_and_shape[False-0.0-0.5-2.0-int32-shape1-True]" time="0.002" /><testcase classname="src.cucim.skimage.filters.tests.test_unsharp_mask" name="test_unsharp_masking_output_type_and_shape[False-0.0-0.5-2.0-int32-shape2-False]" time="0.002" /><testcase classname="src.cucim.skimage.filters.tests.test_unsharp_mask" name="test_unsharp_masking_output_type_and_shape[False-0.0-0.5-2.0-int32-shape3-True]" time="0.002" /><testcase classname="src.cucim.skimage.filters.tests.test_unsharp_mask" name="test_unsharp_masking_output_type_and_shape[False-0.0-0.5-2.0-int32-shape4-False]" time="0.002" /><testcase classname="src.cucim.skimage.filters.tests.test_unsharp_mask" name="test_unsharp_masking_output_type_and_shape[False-0.0-0.5-2.0-uint64-shape0-False]" time="0.001" /><testcase classname="src.cucim.skimage.filters.tests.test_unsharp_mask" name="test_unsharp_masking_output_type_and_shape[False-0.0-0.5-2.0-uint64-shape1-True]" time="0.002" /><testcase classname="src.cucim.skimage.filters.tests.test_unsharp_mask" name="test_unsharp_masking_output_type_and_shape[False-0.0-0.5-2.0-uint64-shape2-False]" time="0.002" /><testcase classname="src.cucim.skimage.filters.tests.test_unsharp_mask" name="test_unsharp_masking_output_type_and_shape[False-0.0-0.5-2.0-uint64-shape3-True]" time="0.002" /><testcase classname="src.cucim.skimage.filters.tests.test_unsharp_mask" name="test_unsharp_masking_output_type_and_shape[False-0.0-0.5-2.0-uint64-shape4-False]" time="0.002" /><testcase classname="src.cucim.skimage.filters.tests.test_unsharp_mask" name="test_unsharp_masking_output_type_and_shape[False-0.0-0.5-2.0-int64-shape0-False]" time="0.001" /><testcase classname="src.cucim.skimage.filters.tests.test_unsharp_mask" name="test_unsharp_masking_output_type_and_shape[False-0.0-0.5-2.0-int64-shape1-True]" time="0.002" /><testcase classname="src.cucim.skimage.filters.tests.test_unsharp_mask" name="test_unsharp_masking_output_type_and_shape[False-0.0-0.5-2.0-int64-shape2-False]" time="0.001" /><testcase classname="src.cucim.skimage.filters.tests.test_unsharp_mask" name="test_unsharp_masking_output_type_and_shape[False-0.0-0.5-2.0-int64-shape3-True]" time="0.002" /><testcase classname="src.cucim.skimage.filters.tests.test_unsharp_mask" name="test_unsharp_masking_output_type_and_shape[False-0.0-0.5-2.0-int64-shape4-False]" time="0.002" /><testcase classname="src.cucim.skimage.filters.tests.test_unsharp_mask" name="test_unsharp_masking_output_type_and_shape[False-0.0-0.5-2.0-float16-shape0-False]" time="0.002" /><testcase classname="src.cucim.skimage.filters.tests.test_unsharp_mask" name="test_unsharp_masking_output_type_and_shape[False-0.0-0.5-2.0-float16-shape1-True]" time="0.002" /><testcase classname="src.cucim.skimage.filters.tests.test_unsharp_mask" name="test_unsharp_masking_output_type_and_shape[False-0.0-0.5-2.0-float16-shape2-False]" time="0.002" /><testcase classname="src.cucim.skimage.filters.tests.test_unsharp_mask" name="test_unsharp_masking_output_type_and_shape[False-0.0-0.5-2.0-float16-shape3-True]" time="0.003" /><testcase classname="src.cucim.skimage.filters.tests.test_unsharp_mask" name="test_unsharp_masking_output_type_and_shape[False-0.0-0.5-2.0-float16-shape4-False]" time="0.002" /><testcase classname="src.cucim.skimage.filters.tests.test_unsharp_mask" name="test_unsharp_masking_output_type_and_shape[False-0.0-0.5-2.0-float32-shape0-False]" time="0.002" /><testcase classname="src.cucim.skimage.filters.tests.test_unsharp_mask" name="test_unsharp_masking_output_type_and_shape[False-0.0-0.5-2.0-float32-shape1-True]" time="0.003" /><testcase classname="src.cucim.skimage.filters.tests.test_unsharp_mask" name="test_unsharp_masking_output_type_and_shape[False-0.0-0.5-2.0-float32-shape2-False]" time="0.002" /><testcase classname="src.cucim.skimage.filters.tests.test_unsharp_mask" name="test_unsharp_masking_output_type_and_shape[False-0.0-0.5-2.0-float32-shape3-True]" time="0.002" /><testcase classname="src.cucim.skimage.filters.tests.test_unsharp_mask" name="test_unsharp_masking_output_type_and_shape[False-0.0-0.5-2.0-float32-shape4-False]" time="0.002" /><testcase classname="src.cucim.skimage.filters.tests.test_unsharp_mask" name="test_unsharp_masking_output_type_and_shape[False-0.0-0.5-2.0-float64-shape0-False]" time="0.002" /><testcase classname="src.cucim.skimage.filters.tests.test_unsharp_mask" name="test_unsharp_masking_output_type_and_shape[False-0.0-0.5-2.0-float64-shape1-True]" time="0.002" /><testcase classname="src.cucim.skimage.filters.tests.test_unsharp_mask" name="test_unsharp_masking_output_type_and_shape[False-0.0-0.5-2.0-float64-shape2-False]" time="0.002" /><testcase classname="src.cucim.skimage.filters.tests.test_unsharp_mask" name="test_unsharp_masking_output_type_and_shape[False-0.0-0.5-2.0-float64-shape3-True]" time="0.002" /><testcase classname="src.cucim.skimage.filters.tests.test_unsharp_mask" name="test_unsharp_masking_output_type_and_shape[False-0.0-0.5-2.0-float64-shape4-False]" time="0.002" /><testcase classname="src.cucim.skimage.filters.tests.test_unsharp_mask" name="test_unsharp_masking_output_type_and_shape[False-0.0-2.0-0-uint8-shape0-False]" time="0.001" /><testcase classname="src.cucim.skimage.filters.tests.test_unsharp_mask" name="test_unsharp_masking_output_type_and_shape[False-0.0-2.0-0-uint8-shape1-True]" time="0.002" /><testcase classname="src.cucim.skimage.filters.tests.test_unsharp_mask" name="test_unsharp_masking_output_type_and_shape[False-0.0-2.0-0-uint8-shape2-False]" time="0.001" /><testcase classname="src.cucim.skimage.filters.tests.test_unsharp_mask" name="test_unsharp_masking_output_type_and_shape[False-0.0-2.0-0-uint8-shape3-True]" time="0.001" /><testcase classname="src.cucim.skimage.filters.tests.test_unsharp_mask" name="test_unsharp_masking_output_type_and_shape[False-0.0-2.0-0-uint8-shape4-False]" time="0.001" /><testcase classname="src.cucim.skimage.filters.tests.test_unsharp_mask" name="test_unsharp_masking_output_type_and_shape[False-0.0-2.0-0-int8-shape0-False]" time="0.001" /><testcase classname="src.cucim.skimage.filters.tests.test_unsharp_mask" name="test_unsharp_masking_output_type_and_shape[False-0.0-2.0-0-int8-shape1-True]" time="0.002" /><testcase classname="src.cucim.skimage.filters.tests.test_unsharp_mask" name="test_unsharp_masking_output_type_and_shape[False-0.0-2.0-0-int8-shape2-False]" time="0.001" /><testcase classname="src.cucim.skimage.filters.tests.test_unsharp_mask" name="test_unsharp_masking_output_type_and_shape[False-0.0-2.0-0-int8-shape3-True]" time="0.002" /><testcase classname="src.cucim.skimage.filters.tests.test_unsharp_mask" name="test_unsharp_masking_output_type_and_shape[False-0.0-2.0-0-int8-shape4-False]" time="0.001" /><testcase classname="src.cucim.skimage.filters.tests.test_unsharp_mask" name="test_unsharp_masking_output_type_and_shape[False-0.0-2.0-0-uint16-shape0-False]" time="0.001" /><testcase classname="src.cucim.skimage.filters.tests.test_unsharp_mask" name="test_unsharp_masking_output_type_and_shape[False-0.0-2.0-0-uint16-shape1-True]" time="0.002" /><testcase classname="src.cucim.skimage.filters.tests.test_unsharp_mask" name="test_unsharp_masking_output_type_and_shape[False-0.0-2.0-0-uint16-shape2-False]" time="0.001" /><testcase classname="src.cucim.skimage.filters.tests.test_unsharp_mask" name="test_unsharp_masking_output_type_and_shape[False-0.0-2.0-0-uint16-shape3-True]" time="0.002" /><testcase classname="src.cucim.skimage.filters.tests.test_unsharp_mask" name="test_unsharp_masking_output_type_and_shape[False-0.0-2.0-0-uint16-shape4-False]" time="0.001" /><testcase classname="src.cucim.skimage.filters.tests.test_unsharp_mask" name="test_unsharp_masking_output_type_and_shape[False-0.0-2.0-0-int16-shape0-False]" time="0.001" /><testcase classname="src.cucim.skimage.filters.tests.test_unsharp_mask" name="test_unsharp_masking_output_type_and_shape[False-0.0-2.0-0-int16-shape1-True]" time="0.002" /><testcase classname="src.cucim.skimage.filters.tests.test_unsharp_mask" name="test_unsharp_masking_output_type_and_shape[False-0.0-2.0-0-int16-shape2-False]" time="0.001" /><testcase classname="src.cucim.skimage.filters.tests.test_unsharp_mask" name="test_unsharp_masking_output_type_and_shape[False-0.0-2.0-0-int16-shape3-True]" time="0.002" /><testcase classname="src.cucim.skimage.filters.tests.test_unsharp_mask" name="test_unsharp_masking_output_type_and_shape[False-0.0-2.0-0-int16-shape4-False]" time="0.001" /><testcase classname="src.cucim.skimage.filters.tests.test_unsharp_mask" name="test_unsharp_masking_output_type_and_shape[False-0.0-2.0-0-uint32-shape0-False]" time="0.001" /><testcase classname="src.cucim.skimage.filters.tests.test_unsharp_mask" name="test_unsharp_masking_output_type_and_shape[False-0.0-2.0-0-uint32-shape1-True]" time="0.002" /><testcase classname="src.cucim.skimage.filters.tests.test_unsharp_mask" name="test_unsharp_masking_output_type_and_shape[False-0.0-2.0-0-uint32-shape2-False]" time="0.001" /><testcase classname="src.cucim.skimage.filters.tests.test_unsharp_mask" name="test_unsharp_masking_output_type_and_shape[False-0.0-2.0-0-uint32-shape3-True]" time="0.002" /><testcase classname="src.cucim.skimage.filters.tests.test_unsharp_mask" name="test_unsharp_masking_output_type_and_shape[False-0.0-2.0-0-uint32-shape4-False]" time="0.001" /><testcase classname="src.cucim.skimage.filters.tests.test_unsharp_mask" name="test_unsharp_masking_output_type_and_shape[False-0.0-2.0-0-int32-shape0-False]" time="0.001" /><testcase classname="src.cucim.skimage.filters.tests.test_unsharp_mask" name="test_unsharp_masking_output_type_and_shape[False-0.0-2.0-0-int32-shape1-True]" time="0.002" /><testcase classname="src.cucim.skimage.filters.tests.test_unsharp_mask" name="test_unsharp_masking_output_type_and_shape[False-0.0-2.0-0-int32-shape2-False]" time="0.001" /><testcase classname="src.cucim.skimage.filters.tests.test_unsharp_mask" name="test_unsharp_masking_output_type_and_shape[False-0.0-2.0-0-int32-shape3-True]" time="0.002" /><testcase classname="src.cucim.skimage.filters.tests.test_unsharp_mask" name="test_unsharp_masking_output_type_and_shape[False-0.0-2.0-0-int32-shape4-False]" time="0.001" /><testcase classname="src.cucim.skimage.filters.tests.test_unsharp_mask" name="test_unsharp_masking_output_type_and_shape[False-0.0-2.0-0-uint64-shape0-False]" time="0.001" /><testcase classname="src.cucim.skimage.filters.tests.test_unsharp_mask" name="test_unsharp_masking_output_type_and_shape[False-0.0-2.0-0-uint64-shape1-True]" time="0.002" /><testcase classname="src.cucim.skimage.filters.tests.test_unsharp_mask" name="test_unsharp_masking_output_type_and_shape[False-0.0-2.0-0-uint64-shape2-False]" time="0.001" /><testcase classname="src.cucim.skimage.filters.tests.test_unsharp_mask" name="test_unsharp_masking_output_type_and_shape[False-0.0-2.0-0-uint64-shape3-True]" time="0.002" /><testcase classname="src.cucim.skimage.filters.tests.test_unsharp_mask" name="test_unsharp_masking_output_type_and_shape[False-0.0-2.0-0-uint64-shape4-False]" time="0.001" /><testcase classname="src.cucim.skimage.filters.tests.test_unsharp_mask" name="test_unsharp_masking_output_type_and_shape[False-0.0-2.0-0-int64-shape0-False]" time="0.001" /><testcase classname="src.cucim.skimage.filters.tests.test_unsharp_mask" name="test_unsharp_masking_output_type_and_shape[False-0.0-2.0-0-int64-shape1-True]" time="0.002" /><testcase classname="src.cucim.skimage.filters.tests.test_unsharp_mask" name="test_unsharp_masking_output_type_and_shape[False-0.0-2.0-0-int64-shape2-False]" time="0.001" /><testcase classname="src.cucim.skimage.filters.tests.test_unsharp_mask" name="test_unsharp_masking_output_type_and_shape[False-0.0-2.0-0-int64-shape3-True]" time="0.002" /><testcase classname="src.cucim.skimage.filters.tests.test_unsharp_mask" name="test_unsharp_masking_output_type_and_shape[False-0.0-2.0-0-int64-shape4-False]" time="0.001" /><testcase classname="src.cucim.skimage.filters.tests.test_unsharp_mask" name="test_unsharp_masking_output_type_and_shape[False-0.0-2.0-0-float16-shape0-False]" time="0.001" /><testcase classname="src.cucim.skimage.filters.tests.test_unsharp_mask" name="test_unsharp_masking_output_type_and_shape[False-0.0-2.0-0-float16-shape1-True]" time="0.002" /><testcase classname="src.cucim.skimage.filters.tests.test_unsharp_mask" name="test_unsharp_masking_output_type_and_shape[False-0.0-2.0-0-float16-shape2-False]" time="0.001" /><testcase classname="src.cucim.skimage.filters.tests.test_unsharp_mask" name="test_unsharp_masking_output_type_and_shape[False-0.0-2.0-0-float16-shape3-True]" time="0.002" /><testcase classname="src.cucim.skimage.filters.tests.test_unsharp_mask" name="test_unsharp_masking_output_type_and_shape[False-0.0-2.0-0-float16-shape4-False]" time="0.001" /><testcase classname="src.cucim.skimage.filters.tests.test_unsharp_mask" name="test_unsharp_masking_output_type_and_shape[False-0.0-2.0-0-float32-shape0-False]" time="0.001" /><testcase classname="src.cucim.skimage.filters.tests.test_unsharp_mask" name="test_unsharp_masking_output_type_and_shape[False-0.0-2.0-0-float32-shape1-True]" time="0.002" /><testcase classname="src.cucim.skimage.filters.tests.test_unsharp_mask" name="test_unsharp_masking_output_type_and_shape[False-0.0-2.0-0-float32-shape2-False]" time="0.002" /><testcase classname="src.cucim.skimage.filters.tests.test_unsharp_mask" name="test_unsharp_masking_output_type_and_shape[False-0.0-2.0-0-float32-shape3-True]" time="0.002" /><testcase classname="src.cucim.skimage.filters.tests.test_unsharp_mask" name="test_unsharp_masking_output_type_and_shape[False-0.0-2.0-0-float32-shape4-False]" time="0.001" /><testcase classname="src.cucim.skimage.filters.tests.test_unsharp_mask" name="test_unsharp_masking_output_type_and_shape[False-0.0-2.0-0-float64-shape0-False]" time="0.001" /><testcase classname="src.cucim.skimage.filters.tests.test_unsharp_mask" name="test_unsharp_masking_output_type_and_shape[False-0.0-2.0-0-float64-shape1-True]" time="0.002" /><testcase classname="src.cucim.skimage.filters.tests.test_unsharp_mask" name="test_unsharp_masking_output_type_and_shape[False-0.0-2.0-0-float64-shape2-False]" time="0.001" /><testcase classname="src.cucim.skimage.filters.tests.test_unsharp_mask" name="test_unsharp_masking_output_type_and_shape[False-0.0-2.0-0-float64-shape3-True]" time="0.002" /><testcase classname="src.cucim.skimage.filters.tests.test_unsharp_mask" name="test_unsharp_masking_output_type_and_shape[False-0.0-2.0-0-float64-shape4-False]" time="0.001" /><testcase classname="src.cucim.skimage.filters.tests.test_unsharp_mask" name="test_unsharp_masking_output_type_and_shape[False-0.0-2.0-0.1-uint8-shape0-False]" time="0.001" /><testcase classname="src.cucim.skimage.filters.tests.test_unsharp_mask" name="test_unsharp_masking_output_type_and_shape[False-0.0-2.0-0.1-uint8-shape1-True]" time="0.002" /><testcase classname="src.cucim.skimage.filters.tests.test_unsharp_mask" name="test_unsharp_masking_output_type_and_shape[False-0.0-2.0-0.1-uint8-shape2-False]" time="0.001" /><testcase classname="src.cucim.skimage.filters.tests.test_unsharp_mask" name="test_unsharp_masking_output_type_and_shape[False-0.0-2.0-0.1-uint8-shape3-True]" time="0.002" /><testcase classname="src.cucim.skimage.filters.tests.test_unsharp_mask" name="test_unsharp_masking_output_type_and_shape[False-0.0-2.0-0.1-uint8-shape4-False]" time="0.001" /><testcase classname="src.cucim.skimage.filters.tests.test_unsharp_mask" name="test_unsharp_masking_output_type_and_shape[False-0.0-2.0-0.1-int8-shape0-False]" time="0.001" /><testcase classname="src.cucim.skimage.filters.tests.test_unsharp_mask" name="test_unsharp_masking_output_type_and_shape[False-0.0-2.0-0.1-int8-shape1-True]" time="0.002" /><testcase classname="src.cucim.skimage.filters.tests.test_unsharp_mask" name="test_unsharp_masking_output_type_and_shape[False-0.0-2.0-0.1-int8-shape2-False]" time="0.001" /><testcase classname="src.cucim.skimage.filters.tests.test_unsharp_mask" name="test_unsharp_masking_output_type_and_shape[False-0.0-2.0-0.1-int8-shape3-True]" time="0.002" /><testcase classname="src.cucim.skimage.filters.tests.test_unsharp_mask" name="test_unsharp_masking_output_type_and_shape[False-0.0-2.0-0.1-int8-shape4-False]" time="0.001" /><testcase classname="src.cucim.skimage.filters.tests.test_unsharp_mask" name="test_unsharp_masking_output_type_and_shape[False-0.0-2.0-0.1-uint16-shape0-False]" time="0.001" /><testcase classname="src.cucim.skimage.filters.tests.test_unsharp_mask" name="test_unsharp_masking_output_type_and_shape[False-0.0-2.0-0.1-uint16-shape1-True]" time="0.002" /><testcase classname="src.cucim.skimage.filters.tests.test_unsharp_mask" name="test_unsharp_masking_output_type_and_shape[False-0.0-2.0-0.1-uint16-shape2-False]" time="0.001" /><testcase classname="src.cucim.skimage.filters.tests.test_unsharp_mask" name="test_unsharp_masking_output_type_and_shape[False-0.0-2.0-0.1-uint16-shape3-True]" time="0.002" /><testcase classname="src.cucim.skimage.filters.tests.test_unsharp_mask" name="test_unsharp_masking_output_type_and_shape[False-0.0-2.0-0.1-uint16-shape4-False]" time="0.001" /><testcase classname="src.cucim.skimage.filters.tests.test_unsharp_mask" name="test_unsharp_masking_output_type_and_shape[False-0.0-2.0-0.1-int16-shape0-False]" time="0.001" /><testcase classname="src.cucim.skimage.filters.tests.test_unsharp_mask" name="test_unsharp_masking_output_type_and_shape[False-0.0-2.0-0.1-int16-shape1-True]" time="0.002" /><testcase classname="src.cucim.skimage.filters.tests.test_unsharp_mask" name="test_unsharp_masking_output_type_and_shape[False-0.0-2.0-0.1-int16-shape2-False]" time="0.001" /><testcase classname="src.cucim.skimage.filters.tests.test_unsharp_mask" name="test_unsharp_masking_output_type_and_shape[False-0.0-2.0-0.1-int16-shape3-True]" time="0.002" /><testcase classname="src.cucim.skimage.filters.tests.test_unsharp_mask" name="test_unsharp_masking_output_type_and_shape[False-0.0-2.0-0.1-int16-shape4-False]" time="0.001" /><testcase classname="src.cucim.skimage.filters.tests.test_unsharp_mask" name="test_unsharp_masking_output_type_and_shape[False-0.0-2.0-0.1-uint32-shape0-False]" time="0.001" /><testcase classname="src.cucim.skimage.filters.tests.test_unsharp_mask" name="test_unsharp_masking_output_type_and_shape[False-0.0-2.0-0.1-uint32-shape1-True]" time="0.002" /><testcase classname="src.cucim.skimage.filters.tests.test_unsharp_mask" name="test_unsharp_masking_output_type_and_shape[False-0.0-2.0-0.1-uint32-shape2-False]" time="0.001" /><testcase classname="src.cucim.skimage.filters.tests.test_unsharp_mask" name="test_unsharp_masking_output_type_and_shape[False-0.0-2.0-0.1-uint32-shape3-True]" time="0.002" /><testcase classname="src.cucim.skimage.filters.tests.test_unsharp_mask" name="test_unsharp_masking_output_type_and_shape[False-0.0-2.0-0.1-uint32-shape4-False]" time="0.001" /><testcase classname="src.cucim.skimage.filters.tests.test_unsharp_mask" name="test_unsharp_masking_output_type_and_shape[False-0.0-2.0-0.1-int32-shape0-False]" time="0.001" /><testcase classname="src.cucim.skimage.filters.tests.test_unsharp_mask" name="test_unsharp_masking_output_type_and_shape[False-0.0-2.0-0.1-int32-shape1-True]" time="0.002" /><testcase classname="src.cucim.skimage.filters.tests.test_unsharp_mask" name="test_unsharp_masking_output_type_and_shape[False-0.0-2.0-0.1-int32-shape2-False]" time="0.001" /><testcase classname="src.cucim.skimage.filters.tests.test_unsharp_mask" name="test_unsharp_masking_output_type_and_shape[False-0.0-2.0-0.1-int32-shape3-True]" time="0.002" /><testcase classname="src.cucim.skimage.filters.tests.test_unsharp_mask" name="test_unsharp_masking_output_type_and_shape[False-0.0-2.0-0.1-int32-shape4-False]" time="0.002" /><testcase classname="src.cucim.skimage.filters.tests.test_unsharp_mask" name="test_unsharp_masking_output_type_and_shape[False-0.0-2.0-0.1-uint64-shape0-False]" time="0.001" /><testcase classname="src.cucim.skimage.filters.tests.test_unsharp_mask" name="test_unsharp_masking_output_type_and_shape[False-0.0-2.0-0.1-uint64-shape1-True]" time="0.002" /><testcase classname="src.cucim.skimage.filters.tests.test_unsharp_mask" name="test_unsharp_masking_output_type_and_shape[False-0.0-2.0-0.1-uint64-shape2-False]" time="0.001" /><testcase classname="src.cucim.skimage.filters.tests.test_unsharp_mask" name="test_unsharp_masking_output_type_and_shape[False-0.0-2.0-0.1-uint64-shape3-True]" time="0.002" /><testcase classname="src.cucim.skimage.filters.tests.test_unsharp_mask" name="test_unsharp_masking_output_type_and_shape[False-0.0-2.0-0.1-uint64-shape4-False]" time="0.001" /><testcase classname="src.cucim.skimage.filters.tests.test_unsharp_mask" name="test_unsharp_masking_output_type_and_shape[False-0.0-2.0-0.1-int64-shape0-False]" time="0.001" /><testcase classname="src.cucim.skimage.filters.tests.test_unsharp_mask" name="test_unsharp_masking_output_type_and_shape[False-0.0-2.0-0.1-int64-shape1-True]" time="0.002" /><testcase classname="src.cucim.skimage.filters.tests.test_unsharp_mask" name="test_unsharp_masking_output_type_and_shape[False-0.0-2.0-0.1-int64-shape2-False]" time="0.001" /><testcase classname="src.cucim.skimage.filters.tests.test_unsharp_mask" name="test_unsharp_masking_output_type_and_shape[False-0.0-2.0-0.1-int64-shape3-True]" time="0.002" /><testcase classname="src.cucim.skimage.filters.tests.test_unsharp_mask" name="test_unsharp_masking_output_type_and_shape[False-0.0-2.0-0.1-int64-shape4-False]" time="0.001" /><testcase classname="src.cucim.skimage.filters.tests.test_unsharp_mask" name="test_unsharp_masking_output_type_and_shape[False-0.0-2.0-0.1-float16-shape0-False]" time="0.001" /><testcase classname="src.cucim.skimage.filters.tests.test_unsharp_mask" name="test_unsharp_masking_output_type_and_shape[False-0.0-2.0-0.1-float16-shape1-True]" time="0.002" /><testcase classname="src.cucim.skimage.filters.tests.test_unsharp_mask" name="test_unsharp_masking_output_type_and_shape[False-0.0-2.0-0.1-float16-shape2-False]" time="0.001" /><testcase classname="src.cucim.skimage.filters.tests.test_unsharp_mask" name="test_unsharp_masking_output_type_and_shape[False-0.0-2.0-0.1-float16-shape3-True]" time="0.002" /><testcase classname="src.cucim.skimage.filters.tests.test_unsharp_mask" name="test_unsharp_masking_output_type_and_shape[False-0.0-2.0-0.1-float16-shape4-False]" time="0.001" /><testcase classname="src.cucim.skimage.filters.tests.test_unsharp_mask" name="test_unsharp_masking_output_type_and_shape[False-0.0-2.0-0.1-float32-shape0-False]" time="0.001" /><testcase classname="src.cucim.skimage.filters.tests.test_unsharp_mask" name="test_unsharp_masking_output_type_and_shape[False-0.0-2.0-0.1-float32-shape1-True]" time="0.002" /><testcase classname="src.cucim.skimage.filters.tests.test_unsharp_mask" name="test_unsharp_masking_output_type_and_shape[False-0.0-2.0-0.1-float32-shape2-False]" time="0.002" /><testcase classname="src.cucim.skimage.filters.tests.test_unsharp_mask" name="test_unsharp_masking_output_type_and_shape[False-0.0-2.0-0.1-float32-shape3-True]" time="0.002" /><testcase classname="src.cucim.skimage.filters.tests.test_unsharp_mask" name="test_unsharp_masking_output_type_and_shape[False-0.0-2.0-0.1-float32-shape4-False]" time="0.002" /><testcase classname="src.cucim.skimage.filters.tests.test_unsharp_mask" name="test_unsharp_masking_output_type_and_shape[False-0.0-2.0-0.1-float64-shape0-False]" time="0.002" /><testcase classname="src.cucim.skimage.filters.tests.test_unsharp_mask" name="test_unsharp_masking_output_type_and_shape[False-0.0-2.0-0.1-float64-shape1-True]" time="0.002" /><testcase classname="src.cucim.skimage.filters.tests.test_unsharp_mask" name="test_unsharp_masking_output_type_and_shape[False-0.0-2.0-0.1-float64-shape2-False]" time="0.001" /><testcase classname="src.cucim.skimage.filters.tests.test_unsharp_mask" name="test_unsharp_masking_output_type_and_shape[False-0.0-2.0-0.1-float64-shape3-True]" time="0.002" /><testcase classname="src.cucim.skimage.filters.tests.test_unsharp_mask" name="test_unsharp_masking_output_type_and_shape[False-0.0-2.0-0.1-float64-shape4-False]" time="0.001" /><testcase classname="src.cucim.skimage.filters.tests.test_unsharp_mask" name="test_unsharp_masking_output_type_and_shape[False-0.0-2.0-2.0-uint8-shape0-False]" time="0.002" /><testcase classname="src.cucim.skimage.filters.tests.test_unsharp_mask" name="test_unsharp_masking_output_type_and_shape[False-0.0-2.0-2.0-uint8-shape1-True]" time="0.002" /><testcase classname="src.cucim.skimage.filters.tests.test_unsharp_mask" name="test_unsharp_masking_output_type_and_shape[False-0.0-2.0-2.0-uint8-shape2-False]" time="0.002" /><testcase classname="src.cucim.skimage.filters.tests.test_unsharp_mask" name="test_unsharp_masking_output_type_and_shape[False-0.0-2.0-2.0-uint8-shape3-True]" time="0.002" /><testcase classname="src.cucim.skimage.filters.tests.test_unsharp_mask" name="test_unsharp_masking_output_type_and_shape[False-0.0-2.0-2.0-uint8-shape4-False]" time="0.002" /><testcase classname="src.cucim.skimage.filters.tests.test_unsharp_mask" name="test_unsharp_masking_output_type_and_shape[False-0.0-2.0-2.0-int8-shape0-False]" time="0.002" /><testcase classname="src.cucim.skimage.filters.tests.test_unsharp_mask" name="test_unsharp_masking_output_type_and_shape[False-0.0-2.0-2.0-int8-shape1-True]" time="0.003" /><testcase classname="src.cucim.skimage.filters.tests.test_unsharp_mask" name="test_unsharp_masking_output_type_and_shape[False-0.0-2.0-2.0-int8-shape2-False]" time="0.002" /><testcase classname="src.cucim.skimage.filters.tests.test_unsharp_mask" name="test_unsharp_masking_output_type_and_shape[False-0.0-2.0-2.0-int8-shape3-True]" time="0.003" /><testcase classname="src.cucim.skimage.filters.tests.test_unsharp_mask" name="test_unsharp_masking_output_type_and_shape[False-0.0-2.0-2.0-int8-shape4-False]" time="0.002" /><testcase classname="src.cucim.skimage.filters.tests.test_unsharp_mask" name="test_unsharp_masking_output_type_and_shape[False-0.0-2.0-2.0-uint16-shape0-False]" time="0.002" /><testcase classname="src.cucim.skimage.filters.tests.test_unsharp_mask" name="test_unsharp_masking_output_type_and_shape[False-0.0-2.0-2.0-uint16-shape1-True]" time="0.003" /><testcase classname="src.cucim.skimage.filters.tests.test_unsharp_mask" name="test_unsharp_masking_output_type_and_shape[False-0.0-2.0-2.0-uint16-shape2-False]" time="0.002" /><testcase classname="src.cucim.skimage.filters.tests.test_unsharp_mask" name="test_unsharp_masking_output_type_and_shape[False-0.0-2.0-2.0-uint16-shape3-True]" time="0.002" /><testcase classname="src.cucim.skimage.filters.tests.test_unsharp_mask" name="test_unsharp_masking_output_type_and_shape[False-0.0-2.0-2.0-uint16-shape4-False]" time="0.002" /><testcase classname="src.cucim.skimage.filters.tests.test_unsharp_mask" name="test_unsharp_masking_output_type_and_shape[False-0.0-2.0-2.0-int16-shape0-False]" time="0.002" /><testcase classname="src.cucim.skimage.filters.tests.test_unsharp_mask" name="test_unsharp_masking_output_type_and_shape[False-0.0-2.0-2.0-int16-shape1-True]" time="0.002" /><testcase classname="src.cucim.skimage.filters.tests.test_unsharp_mask" name="test_unsharp_masking_output_type_and_shape[False-0.0-2.0-2.0-int16-shape2-False]" time="0.002" /><testcase classname="src.cucim.skimage.filters.tests.test_unsharp_mask" name="test_unsharp_masking_output_type_and_shape[False-0.0-2.0-2.0-int16-shape3-True]" time="0.003" /><testcase classname="src.cucim.skimage.filters.tests.test_unsharp_mask" name="test_unsharp_masking_output_type_and_shape[False-0.0-2.0-2.0-int16-shape4-False]" time="0.002" /><testcase classname="src.cucim.skimage.filters.tests.test_unsharp_mask" name="test_unsharp_masking_output_type_and_shape[False-0.0-2.0-2.0-uint32-shape0-False]" time="0.002" /><testcase classname="src.cucim.skimage.filters.tests.test_unsharp_mask" name="test_unsharp_masking_output_type_and_shape[False-0.0-2.0-2.0-uint32-shape1-True]" time="0.002" /><testcase classname="src.cucim.skimage.filters.tests.test_unsharp_mask" name="test_unsharp_masking_output_type_and_shape[False-0.0-2.0-2.0-uint32-shape2-False]" time="0.002" /><testcase classname="src.cucim.skimage.filters.tests.test_unsharp_mask" name="test_unsharp_masking_output_type_and_shape[False-0.0-2.0-2.0-uint32-shape3-True]" time="0.002" /><testcase classname="src.cucim.skimage.filters.tests.test_unsharp_mask" name="test_unsharp_masking_output_type_and_shape[False-0.0-2.0-2.0-uint32-shape4-False]" time="0.002" /><testcase classname="src.cucim.skimage.filters.tests.test_unsharp_mask" name="test_unsharp_masking_output_type_and_shape[False-0.0-2.0-2.0-int32-shape0-False]" time="0.001" /><testcase classname="src.cucim.skimage.filters.tests.test_unsharp_mask" name="test_unsharp_masking_output_type_and_shape[False-0.0-2.0-2.0-int32-shape1-True]" time="0.002" /><testcase classname="src.cucim.skimage.filters.tests.test_unsharp_mask" name="test_unsharp_masking_output_type_and_shape[False-0.0-2.0-2.0-int32-shape2-False]" time="0.001" /><testcase classname="src.cucim.skimage.filters.tests.test_unsharp_mask" name="test_unsharp_masking_output_type_and_shape[False-0.0-2.0-2.0-int32-shape3-True]" time="0.002" /><testcase classname="src.cucim.skimage.filters.tests.test_unsharp_mask" name="test_unsharp_masking_output_type_and_shape[False-0.0-2.0-2.0-int32-shape4-False]" time="0.002" /><testcase classname="src.cucim.skimage.filters.tests.test_unsharp_mask" name="test_unsharp_masking_output_type_and_shape[False-0.0-2.0-2.0-uint64-shape0-False]" time="0.001" /><testcase classname="src.cucim.skimage.filters.tests.test_unsharp_mask" name="test_unsharp_masking_output_type_and_shape[False-0.0-2.0-2.0-uint64-shape1-True]" time="0.002" /><testcase classname="src.cucim.skimage.filters.tests.test_unsharp_mask" name="test_unsharp_masking_output_type_and_shape[False-0.0-2.0-2.0-uint64-shape2-False]" time="0.002" /><testcase classname="src.cucim.skimage.filters.tests.test_unsharp_mask" name="test_unsharp_masking_output_type_and_shape[False-0.0-2.0-2.0-uint64-shape3-True]" time="0.003" /><testcase classname="src.cucim.skimage.filters.tests.test_unsharp_mask" name="test_unsharp_masking_output_type_and_shape[False-0.0-2.0-2.0-uint64-shape4-False]" time="0.002" /><testcase classname="src.cucim.skimage.filters.tests.test_unsharp_mask" name="test_unsharp_masking_output_type_and_shape[False-0.0-2.0-2.0-int64-shape0-False]" time="0.002" /><testcase classname="src.cucim.skimage.filters.tests.test_unsharp_mask" name="test_unsharp_masking_output_type_and_shape[False-0.0-2.0-2.0-int64-shape1-True]" time="0.002" /><testcase classname="src.cucim.skimage.filters.tests.test_unsharp_mask" name="test_unsharp_masking_output_type_and_shape[False-0.0-2.0-2.0-int64-shape2-False]" time="0.002" /><testcase classname="src.cucim.skimage.filters.tests.test_unsharp_mask" name="test_unsharp_masking_output_type_and_shape[False-0.0-2.0-2.0-int64-shape3-True]" time="0.003" /><testcase classname="src.cucim.skimage.filters.tests.test_unsharp_mask" name="test_unsharp_masking_output_type_and_shape[False-0.0-2.0-2.0-int64-shape4-False]" time="0.002" /><testcase classname="src.cucim.skimage.filters.tests.test_unsharp_mask" name="test_unsharp_masking_output_type_and_shape[False-0.0-2.0-2.0-float16-shape0-False]" time="0.002" /><testcase classname="src.cucim.skimage.filters.tests.test_unsharp_mask" name="test_unsharp_masking_output_type_and_shape[False-0.0-2.0-2.0-float16-shape1-True]" time="0.002" /><testcase classname="src.cucim.skimage.filters.tests.test_unsharp_mask" name="test_unsharp_masking_output_type_and_shape[False-0.0-2.0-2.0-float16-shape2-False]" time="0.001" /><testcase classname="src.cucim.skimage.filters.tests.test_unsharp_mask" name="test_unsharp_masking_output_type_and_shape[False-0.0-2.0-2.0-float16-shape3-True]" time="0.002" /><testcase classname="src.cucim.skimage.filters.tests.test_unsharp_mask" name="test_unsharp_masking_output_type_and_shape[False-0.0-2.0-2.0-float16-shape4-False]" time="0.002" /><testcase classname="src.cucim.skimage.filters.tests.test_unsharp_mask" name="test_unsharp_masking_output_type_and_shape[False-0.0-2.0-2.0-float32-shape0-False]" time="0.001" /><testcase classname="src.cucim.skimage.filters.tests.test_unsharp_mask" name="test_unsharp_masking_output_type_and_shape[False-0.0-2.0-2.0-float32-shape1-True]" time="0.002" /><testcase classname="src.cucim.skimage.filters.tests.test_unsharp_mask" name="test_unsharp_masking_output_type_and_shape[False-0.0-2.0-2.0-float32-shape2-False]" time="0.002" /><testcase classname="src.cucim.skimage.filters.tests.test_unsharp_mask" name="test_unsharp_masking_output_type_and_shape[False-0.0-2.0-2.0-float32-shape3-True]" time="0.003" /><testcase classname="src.cucim.skimage.filters.tests.test_unsharp_mask" name="test_unsharp_masking_output_type_and_shape[False-0.0-2.0-2.0-float32-shape4-False]" time="0.002" /><testcase classname="src.cucim.skimage.filters.tests.test_unsharp_mask" name="test_unsharp_masking_output_type_and_shape[False-0.0-2.0-2.0-float64-shape0-False]" time="0.002" /><testcase classname="src.cucim.skimage.filters.tests.test_unsharp_mask" name="test_unsharp_masking_output_type_and_shape[False-0.0-2.0-2.0-float64-shape1-True]" time="0.002" /><testcase classname="src.cucim.skimage.filters.tests.test_unsharp_mask" name="test_unsharp_masking_output_type_and_shape[False-0.0-2.0-2.0-float64-shape2-False]" time="0.002" /><testcase classname="src.cucim.skimage.filters.tests.test_unsharp_mask" name="test_unsharp_masking_output_type_and_shape[False-0.0-2.0-2.0-float64-shape3-True]" time="0.002" /><testcase classname="src.cucim.skimage.filters.tests.test_unsharp_mask" name="test_unsharp_masking_output_type_and_shape[False-0.0-2.0-2.0-float64-shape4-False]" time="0.002" /><testcase classname="src.cucim.skimage.filters.tests.test_unsharp_mask" name="test_unsharp_masking_output_type_and_shape[False-0.0--1.0-0-uint8-shape0-False]" time="0.001" /><testcase classname="src.cucim.skimage.filters.tests.test_unsharp_mask" name="test_unsharp_masking_output_type_and_shape[False-0.0--1.0-0-uint8-shape1-True]" time="0.002" /><testcase classname="src.cucim.skimage.filters.tests.test_unsharp_mask" name="test_unsharp_masking_output_type_and_shape[False-0.0--1.0-0-uint8-shape2-False]" time="0.001" /><testcase classname="src.cucim.skimage.filters.tests.test_unsharp_mask" name="test_unsharp_masking_output_type_and_shape[False-0.0--1.0-0-uint8-shape3-True]" time="0.002" /><testcase classname="src.cucim.skimage.filters.tests.test_unsharp_mask" name="test_unsharp_masking_output_type_and_shape[False-0.0--1.0-0-uint8-shape4-False]" time="0.001" /><testcase classname="src.cucim.skimage.filters.tests.test_unsharp_mask" name="test_unsharp_masking_output_type_and_shape[False-0.0--1.0-0-int8-shape0-False]" time="0.001" /><testcase classname="src.cucim.skimage.filters.tests.test_unsharp_mask" name="test_unsharp_masking_output_type_and_shape[False-0.0--1.0-0-int8-shape1-True]" time="0.002" /><testcase classname="src.cucim.skimage.filters.tests.test_unsharp_mask" name="test_unsharp_masking_output_type_and_shape[False-0.0--1.0-0-int8-shape2-False]" time="0.001" /><testcase classname="src.cucim.skimage.filters.tests.test_unsharp_mask" name="test_unsharp_masking_output_type_and_shape[False-0.0--1.0-0-int8-shape3-True]" time="0.002" /><testcase classname="src.cucim.skimage.filters.tests.test_unsharp_mask" name="test_unsharp_masking_output_type_and_shape[False-0.0--1.0-0-int8-shape4-False]" time="0.001" /><testcase classname="src.cucim.skimage.filters.tests.test_unsharp_mask" name="test_unsharp_masking_output_type_and_shape[False-0.0--1.0-0-uint16-shape0-False]" time="0.001" /><testcase classname="src.cucim.skimage.filters.tests.test_unsharp_mask" name="test_unsharp_masking_output_type_and_shape[False-0.0--1.0-0-uint16-shape1-True]" time="0.002" /><testcase classname="src.cucim.skimage.filters.tests.test_unsharp_mask" name="test_unsharp_masking_output_type_and_shape[False-0.0--1.0-0-uint16-shape2-False]" time="0.001" /><testcase classname="src.cucim.skimage.filters.tests.test_unsharp_mask" name="test_unsharp_masking_output_type_and_shape[False-0.0--1.0-0-uint16-shape3-True]" time="0.002" /><testcase classname="src.cucim.skimage.filters.tests.test_unsharp_mask" name="test_unsharp_masking_output_type_and_shape[False-0.0--1.0-0-uint16-shape4-False]" time="0.001" /><testcase classname="src.cucim.skimage.filters.tests.test_unsharp_mask" name="test_unsharp_masking_output_type_and_shape[False-0.0--1.0-0-int16-shape0-False]" time="0.001" /><testcase classname="src.cucim.skimage.filters.tests.test_unsharp_mask" name="test_unsharp_masking_output_type_and_shape[False-0.0--1.0-0-int16-shape1-True]" time="0.002" /><testcase classname="src.cucim.skimage.filters.tests.test_unsharp_mask" name="test_unsharp_masking_output_type_and_shape[False-0.0--1.0-0-int16-shape2-False]" time="0.001" /><testcase classname="src.cucim.skimage.filters.tests.test_unsharp_mask" name="test_unsharp_masking_output_type_and_shape[False-0.0--1.0-0-int16-shape3-True]" time="0.002" /><testcase classname="src.cucim.skimage.filters.tests.test_unsharp_mask" name="test_unsharp_masking_output_type_and_shape[False-0.0--1.0-0-int16-shape4-False]" time="0.001" /><testcase classname="src.cucim.skimage.filters.tests.test_unsharp_mask" name="test_unsharp_masking_output_type_and_shape[False-0.0--1.0-0-uint32-shape0-False]" time="0.001" /><testcase classname="src.cucim.skimage.filters.tests.test_unsharp_mask" name="test_unsharp_masking_output_type_and_shape[False-0.0--1.0-0-uint32-shape1-True]" time="0.002" /><testcase classname="src.cucim.skimage.filters.tests.test_unsharp_mask" name="test_unsharp_masking_output_type_and_shape[False-0.0--1.0-0-uint32-shape2-False]" time="0.001" /><testcase classname="src.cucim.skimage.filters.tests.test_unsharp_mask" name="test_unsharp_masking_output_type_and_shape[False-0.0--1.0-0-uint32-shape3-True]" time="0.002" /><testcase classname="src.cucim.skimage.filters.tests.test_unsharp_mask" name="test_unsharp_masking_output_type_and_shape[False-0.0--1.0-0-uint32-shape4-False]" time="0.001" /><testcase classname="src.cucim.skimage.filters.tests.test_unsharp_mask" name="test_unsharp_masking_output_type_and_shape[False-0.0--1.0-0-int32-shape0-False]" time="0.001" /><testcase classname="src.cucim.skimage.filters.tests.test_unsharp_mask" name="test_unsharp_masking_output_type_and_shape[False-0.0--1.0-0-int32-shape1-True]" time="0.002" /><testcase classname="src.cucim.skimage.filters.tests.test_unsharp_mask" name="test_unsharp_masking_output_type_and_shape[False-0.0--1.0-0-int32-shape2-False]" time="0.001" /><testcase classname="src.cucim.skimage.filters.tests.test_unsharp_mask" name="test_unsharp_masking_output_type_and_shape[False-0.0--1.0-0-int32-shape3-True]" time="0.002" /><testcase classname="src.cucim.skimage.filters.tests.test_unsharp_mask" name="test_unsharp_masking_output_type_and_shape[False-0.0--1.0-0-int32-shape4-False]" time="0.001" /><testcase classname="src.cucim.skimage.filters.tests.test_unsharp_mask" name="test_unsharp_masking_output_type_and_shape[False-0.0--1.0-0-uint64-shape0-False]" time="0.001" /><testcase classname="src.cucim.skimage.filters.tests.test_unsharp_mask" name="test_unsharp_masking_output_type_and_shape[False-0.0--1.0-0-uint64-shape1-True]" time="0.002" /><testcase classname="src.cucim.skimage.filters.tests.test_unsharp_mask" name="test_unsharp_masking_output_type_and_shape[False-0.0--1.0-0-uint64-shape2-False]" time="0.001" /><testcase classname="src.cucim.skimage.filters.tests.test_unsharp_mask" name="test_unsharp_masking_output_type_and_shape[False-0.0--1.0-0-uint64-shape3-True]" time="0.002" /><testcase classname="src.cucim.skimage.filters.tests.test_unsharp_mask" name="test_unsharp_masking_output_type_and_shape[False-0.0--1.0-0-uint64-shape4-False]" time="0.001" /><testcase classname="src.cucim.skimage.filters.tests.test_unsharp_mask" name="test_unsharp_masking_output_type_and_shape[False-0.0--1.0-0-int64-shape0-False]" time="0.001" /><testcase classname="src.cucim.skimage.filters.tests.test_unsharp_mask" name="test_unsharp_masking_output_type_and_shape[False-0.0--1.0-0-int64-shape1-True]" time="0.002" /><testcase classname="src.cucim.skimage.filters.tests.test_unsharp_mask" name="test_unsharp_masking_output_type_and_shape[False-0.0--1.0-0-int64-shape2-False]" time="0.001" /><testcase classname="src.cucim.skimage.filters.tests.test_unsharp_mask" name="test_unsharp_masking_output_type_and_shape[False-0.0--1.0-0-int64-shape3-True]" time="0.002" /><testcase classname="src.cucim.skimage.filters.tests.test_unsharp_mask" name="test_unsharp_masking_output_type_and_shape[False-0.0--1.0-0-int64-shape4-False]" time="0.001" /><testcase classname="src.cucim.skimage.filters.tests.test_unsharp_mask" name="test_unsharp_masking_output_type_and_shape[False-0.0--1.0-0-float16-shape0-False]" time="0.001" /><testcase classname="src.cucim.skimage.filters.tests.test_unsharp_mask" name="test_unsharp_masking_output_type_and_shape[False-0.0--1.0-0-float16-shape1-True]" time="0.002" /><testcase classname="src.cucim.skimage.filters.tests.test_unsharp_mask" name="test_unsharp_masking_output_type_and_shape[False-0.0--1.0-0-float16-shape2-False]" time="0.001" /><testcase classname="src.cucim.skimage.filters.tests.test_unsharp_mask" name="test_unsharp_masking_output_type_and_shape[False-0.0--1.0-0-float16-shape3-True]" time="0.002" /><testcase classname="src.cucim.skimage.filters.tests.test_unsharp_mask" name="test_unsharp_masking_output_type_and_shape[False-0.0--1.0-0-float16-shape4-False]" time="0.001" /><testcase classname="src.cucim.skimage.filters.tests.test_unsharp_mask" name="test_unsharp_masking_output_type_and_shape[False-0.0--1.0-0-float32-shape0-False]" time="0.001" /><testcase classname="src.cucim.skimage.filters.tests.test_unsharp_mask" name="test_unsharp_masking_output_type_and_shape[False-0.0--1.0-0-float32-shape1-True]" time="0.002" /><testcase classname="src.cucim.skimage.filters.tests.test_unsharp_mask" name="test_unsharp_masking_output_type_and_shape[False-0.0--1.0-0-float32-shape2-False]" time="0.001" /><testcase classname="src.cucim.skimage.filters.tests.test_unsharp_mask" name="test_unsharp_masking_output_type_and_shape[False-0.0--1.0-0-float32-shape3-True]" time="0.002" /><testcase classname="src.cucim.skimage.filters.tests.test_unsharp_mask" name="test_unsharp_masking_output_type_and_shape[False-0.0--1.0-0-float32-shape4-False]" time="0.001" /><testcase classname="src.cucim.skimage.filters.tests.test_unsharp_mask" name="test_unsharp_masking_output_type_and_shape[False-0.0--1.0-0-float64-shape0-False]" time="0.001" /><testcase classname="src.cucim.skimage.filters.tests.test_unsharp_mask" name="test_unsharp_masking_output_type_and_shape[False-0.0--1.0-0-float64-shape1-True]" time="0.002" /><testcase classname="src.cucim.skimage.filters.tests.test_unsharp_mask" name="test_unsharp_masking_output_type_and_shape[False-0.0--1.0-0-float64-shape2-False]" time="0.001" /><testcase classname="src.cucim.skimage.filters.tests.test_unsharp_mask" name="test_unsharp_masking_output_type_and_shape[False-0.0--1.0-0-float64-shape3-True]" time="0.002" /><testcase classname="src.cucim.skimage.filters.tests.test_unsharp_mask" name="test_unsharp_masking_output_type_and_shape[False-0.0--1.0-0-float64-shape4-False]" time="0.002" /><testcase classname="src.cucim.skimage.filters.tests.test_unsharp_mask" name="test_unsharp_masking_output_type_and_shape[False-0.0--1.0-0.1-uint8-shape0-False]" time="0.001" /><testcase classname="src.cucim.skimage.filters.tests.test_unsharp_mask" name="test_unsharp_masking_output_type_and_shape[False-0.0--1.0-0.1-uint8-shape1-True]" time="0.002" /><testcase classname="src.cucim.skimage.filters.tests.test_unsharp_mask" name="test_unsharp_masking_output_type_and_shape[False-0.0--1.0-0.1-uint8-shape2-False]" time="0.001" /><testcase classname="src.cucim.skimage.filters.tests.test_unsharp_mask" name="test_unsharp_masking_output_type_and_shape[False-0.0--1.0-0.1-uint8-shape3-True]" time="0.002" /><testcase classname="src.cucim.skimage.filters.tests.test_unsharp_mask" name="test_unsharp_masking_output_type_and_shape[False-0.0--1.0-0.1-uint8-shape4-False]" time="0.001" /><testcase classname="src.cucim.skimage.filters.tests.test_unsharp_mask" name="test_unsharp_masking_output_type_and_shape[False-0.0--1.0-0.1-int8-shape0-False]" time="0.001" /><testcase classname="src.cucim.skimage.filters.tests.test_unsharp_mask" name="test_unsharp_masking_output_type_and_shape[False-0.0--1.0-0.1-int8-shape1-True]" time="0.002" /><testcase classname="src.cucim.skimage.filters.tests.test_unsharp_mask" name="test_unsharp_masking_output_type_and_shape[False-0.0--1.0-0.1-int8-shape2-False]" time="0.001" /><testcase classname="src.cucim.skimage.filters.tests.test_unsharp_mask" name="test_unsharp_masking_output_type_and_shape[False-0.0--1.0-0.1-int8-shape3-True]" time="0.002" /><testcase classname="src.cucim.skimage.filters.tests.test_unsharp_mask" name="test_unsharp_masking_output_type_and_shape[False-0.0--1.0-0.1-int8-shape4-False]" time="0.001" /><testcase classname="src.cucim.skimage.filters.tests.test_unsharp_mask" name="test_unsharp_masking_output_type_and_shape[False-0.0--1.0-0.1-uint16-shape0-False]" time="0.001" /><testcase classname="src.cucim.skimage.filters.tests.test_unsharp_mask" name="test_unsharp_masking_output_type_and_shape[False-0.0--1.0-0.1-uint16-shape1-True]" time="0.002" /><testcase classname="src.cucim.skimage.filters.tests.test_unsharp_mask" name="test_unsharp_masking_output_type_and_shape[False-0.0--1.0-0.1-uint16-shape2-False]" time="0.001" /><testcase classname="src.cucim.skimage.filters.tests.test_unsharp_mask" name="test_unsharp_masking_output_type_and_shape[False-0.0--1.0-0.1-uint16-shape3-True]" time="0.002" /><testcase classname="src.cucim.skimage.filters.tests.test_unsharp_mask" name="test_unsharp_masking_output_type_and_shape[False-0.0--1.0-0.1-uint16-shape4-False]" time="0.001" /><testcase classname="src.cucim.skimage.filters.tests.test_unsharp_mask" name="test_unsharp_masking_output_type_and_shape[False-0.0--1.0-0.1-int16-shape0-False]" time="0.001" /><testcase classname="src.cucim.skimage.filters.tests.test_unsharp_mask" name="test_unsharp_masking_output_type_and_shape[False-0.0--1.0-0.1-int16-shape1-True]" time="0.002" /><testcase classname="src.cucim.skimage.filters.tests.test_unsharp_mask" name="test_unsharp_masking_output_type_and_shape[False-0.0--1.0-0.1-int16-shape2-False]" time="0.001" /><testcase classname="src.cucim.skimage.filters.tests.test_unsharp_mask" name="test_unsharp_masking_output_type_and_shape[False-0.0--1.0-0.1-int16-shape3-True]" time="0.002" /><testcase classname="src.cucim.skimage.filters.tests.test_unsharp_mask" name="test_unsharp_masking_output_type_and_shape[False-0.0--1.0-0.1-int16-shape4-False]" time="0.001" /><testcase classname="src.cucim.skimage.filters.tests.test_unsharp_mask" name="test_unsharp_masking_output_type_and_shape[False-0.0--1.0-0.1-uint32-shape0-False]" time="0.001" /><testcase classname="src.cucim.skimage.filters.tests.test_unsharp_mask" name="test_unsharp_masking_output_type_and_shape[False-0.0--1.0-0.1-uint32-shape1-True]" time="0.002" /><testcase classname="src.cucim.skimage.filters.tests.test_unsharp_mask" name="test_unsharp_masking_output_type_and_shape[False-0.0--1.0-0.1-uint32-shape2-False]" time="0.001" /><testcase classname="src.cucim.skimage.filters.tests.test_unsharp_mask" name="test_unsharp_masking_output_type_and_shape[False-0.0--1.0-0.1-uint32-shape3-True]" time="0.002" /><testcase classname="src.cucim.skimage.filters.tests.test_unsharp_mask" name="test_unsharp_masking_output_type_and_shape[False-0.0--1.0-0.1-uint32-shape4-False]" time="0.001" /><testcase classname="src.cucim.skimage.filters.tests.test_unsharp_mask" name="test_unsharp_masking_output_type_and_shape[False-0.0--1.0-0.1-int32-shape0-False]" time="0.001" /><testcase classname="src.cucim.skimage.filters.tests.test_unsharp_mask" name="test_unsharp_masking_output_type_and_shape[False-0.0--1.0-0.1-int32-shape1-True]" time="0.002" /><testcase classname="src.cucim.skimage.filters.tests.test_unsharp_mask" name="test_unsharp_masking_output_type_and_shape[False-0.0--1.0-0.1-int32-shape2-False]" time="0.001" /><testcase classname="src.cucim.skimage.filters.tests.test_unsharp_mask" name="test_unsharp_masking_output_type_and_shape[False-0.0--1.0-0.1-int32-shape3-True]" time="0.002" /><testcase classname="src.cucim.skimage.filters.tests.test_unsharp_mask" name="test_unsharp_masking_output_type_and_shape[False-0.0--1.0-0.1-int32-shape4-False]" time="0.001" /><testcase classname="src.cucim.skimage.filters.tests.test_unsharp_mask" name="test_unsharp_masking_output_type_and_shape[False-0.0--1.0-0.1-uint64-shape0-False]" time="0.001" /><testcase classname="src.cucim.skimage.filters.tests.test_unsharp_mask" name="test_unsharp_masking_output_type_and_shape[False-0.0--1.0-0.1-uint64-shape1-True]" time="0.002" /><testcase classname="src.cucim.skimage.filters.tests.test_unsharp_mask" name="test_unsharp_masking_output_type_and_shape[False-0.0--1.0-0.1-uint64-shape2-False]" time="0.001" /><testcase classname="src.cucim.skimage.filters.tests.test_unsharp_mask" name="test_unsharp_masking_output_type_and_shape[False-0.0--1.0-0.1-uint64-shape3-True]" time="0.002" /><testcase classname="src.cucim.skimage.filters.tests.test_unsharp_mask" name="test_unsharp_masking_output_type_and_shape[False-0.0--1.0-0.1-uint64-shape4-False]" time="0.001" /><testcase classname="src.cucim.skimage.filters.tests.test_unsharp_mask" name="test_unsharp_masking_output_type_and_shape[False-0.0--1.0-0.1-int64-shape0-False]" time="0.001" /><testcase classname="src.cucim.skimage.filters.tests.test_unsharp_mask" name="test_unsharp_masking_output_type_and_shape[False-0.0--1.0-0.1-int64-shape1-True]" time="0.002" /><testcase classname="src.cucim.skimage.filters.tests.test_unsharp_mask" name="test_unsharp_masking_output_type_and_shape[False-0.0--1.0-0.1-int64-shape2-False]" time="0.001" /><testcase classname="src.cucim.skimage.filters.tests.test_unsharp_mask" name="test_unsharp_masking_output_type_and_shape[False-0.0--1.0-0.1-int64-shape3-True]" time="0.002" /><testcase classname="src.cucim.skimage.filters.tests.test_unsharp_mask" name="test_unsharp_masking_output_type_and_shape[False-0.0--1.0-0.1-int64-shape4-False]" time="0.001" /><testcase classname="src.cucim.skimage.filters.tests.test_unsharp_mask" name="test_unsharp_masking_output_type_and_shape[False-0.0--1.0-0.1-float16-shape0-False]" time="0.001" /><testcase classname="src.cucim.skimage.filters.tests.test_unsharp_mask" name="test_unsharp_masking_output_type_and_shape[False-0.0--1.0-0.1-float16-shape1-True]" time="0.002" /><testcase classname="src.cucim.skimage.filters.tests.test_unsharp_mask" name="test_unsharp_masking_output_type_and_shape[False-0.0--1.0-0.1-float16-shape2-False]" time="0.001" /><testcase classname="src.cucim.skimage.filters.tests.test_unsharp_mask" name="test_unsharp_masking_output_type_and_shape[False-0.0--1.0-0.1-float16-shape3-True]" time="0.002" /><testcase classname="src.cucim.skimage.filters.tests.test_unsharp_mask" name="test_unsharp_masking_output_type_and_shape[False-0.0--1.0-0.1-float16-shape4-False]" time="0.001" /><testcase classname="src.cucim.skimage.filters.tests.test_unsharp_mask" name="test_unsharp_masking_output_type_and_shape[False-0.0--1.0-0.1-float32-shape0-False]" time="0.001" /><testcase classname="src.cucim.skimage.filters.tests.test_unsharp_mask" name="test_unsharp_masking_output_type_and_shape[False-0.0--1.0-0.1-float32-shape1-True]" time="0.002" /><testcase classname="src.cucim.skimage.filters.tests.test_unsharp_mask" name="test_unsharp_masking_output_type_and_shape[False-0.0--1.0-0.1-float32-shape2-False]" time="0.001" /><testcase classname="src.cucim.skimage.filters.tests.test_unsharp_mask" name="test_unsharp_masking_output_type_and_shape[False-0.0--1.0-0.1-float32-shape3-True]" time="0.002" /><testcase classname="src.cucim.skimage.filters.tests.test_unsharp_mask" name="test_unsharp_masking_output_type_and_shape[False-0.0--1.0-0.1-float32-shape4-False]" time="0.001" /><testcase classname="src.cucim.skimage.filters.tests.test_unsharp_mask" name="test_unsharp_masking_output_type_and_shape[False-0.0--1.0-0.1-float64-shape0-False]" time="0.001" /><testcase classname="src.cucim.skimage.filters.tests.test_unsharp_mask" name="test_unsharp_masking_output_type_and_shape[False-0.0--1.0-0.1-float64-shape1-True]" time="0.002" /><testcase classname="src.cucim.skimage.filters.tests.test_unsharp_mask" name="test_unsharp_masking_output_type_and_shape[False-0.0--1.0-0.1-float64-shape2-False]" time="0.001" /><testcase classname="src.cucim.skimage.filters.tests.test_unsharp_mask" name="test_unsharp_masking_output_type_and_shape[False-0.0--1.0-0.1-float64-shape3-True]" time="0.002" /><testcase classname="src.cucim.skimage.filters.tests.test_unsharp_mask" name="test_unsharp_masking_output_type_and_shape[False-0.0--1.0-0.1-float64-shape4-False]" time="0.002" /><testcase classname="src.cucim.skimage.filters.tests.test_unsharp_mask" name="test_unsharp_masking_output_type_and_shape[False-0.0--1.0-2.0-uint8-shape0-False]" time="0.002" /><testcase classname="src.cucim.skimage.filters.tests.test_unsharp_mask" name="test_unsharp_masking_output_type_and_shape[False-0.0--1.0-2.0-uint8-shape1-True]" time="0.003" /><testcase classname="src.cucim.skimage.filters.tests.test_unsharp_mask" name="test_unsharp_masking_output_type_and_shape[False-0.0--1.0-2.0-uint8-shape2-False]" time="0.002" /><testcase classname="src.cucim.skimage.filters.tests.test_unsharp_mask" name="test_unsharp_masking_output_type_and_shape[False-0.0--1.0-2.0-uint8-shape3-True]" time="0.003" /><testcase classname="src.cucim.skimage.filters.tests.test_unsharp_mask" name="test_unsharp_masking_output_type_and_shape[False-0.0--1.0-2.0-uint8-shape4-False]" time="0.002" /><testcase classname="src.cucim.skimage.filters.tests.test_unsharp_mask" name="test_unsharp_masking_output_type_and_shape[False-0.0--1.0-2.0-int8-shape0-False]" time="0.002" /><testcase classname="src.cucim.skimage.filters.tests.test_unsharp_mask" name="test_unsharp_masking_output_type_and_shape[False-0.0--1.0-2.0-int8-shape1-True]" time="0.003" /><testcase classname="src.cucim.skimage.filters.tests.test_unsharp_mask" name="test_unsharp_masking_output_type_and_shape[False-0.0--1.0-2.0-int8-shape2-False]" time="0.002" /><testcase classname="src.cucim.skimage.filters.tests.test_unsharp_mask" name="test_unsharp_masking_output_type_and_shape[False-0.0--1.0-2.0-int8-shape3-True]" time="0.003" /><testcase classname="src.cucim.skimage.filters.tests.test_unsharp_mask" name="test_unsharp_masking_output_type_and_shape[False-0.0--1.0-2.0-int8-shape4-False]" time="0.002" /><testcase classname="src.cucim.skimage.filters.tests.test_unsharp_mask" name="test_unsharp_masking_output_type_and_shape[False-0.0--1.0-2.0-uint16-shape0-False]" time="0.002" /><testcase classname="src.cucim.skimage.filters.tests.test_unsharp_mask" name="test_unsharp_masking_output_type_and_shape[False-0.0--1.0-2.0-uint16-shape1-True]" time="0.003" /><testcase classname="src.cucim.skimage.filters.tests.test_unsharp_mask" name="test_unsharp_masking_output_type_and_shape[False-0.0--1.0-2.0-uint16-shape2-False]" time="0.002" /><testcase classname="src.cucim.skimage.filters.tests.test_unsharp_mask" name="test_unsharp_masking_output_type_and_shape[False-0.0--1.0-2.0-uint16-shape3-True]" time="0.002" /><testcase classname="src.cucim.skimage.filters.tests.test_unsharp_mask" name="test_unsharp_masking_output_type_and_shape[False-0.0--1.0-2.0-uint16-shape4-False]" time="0.002" /><testcase classname="src.cucim.skimage.filters.tests.test_unsharp_mask" name="test_unsharp_masking_output_type_and_shape[False-0.0--1.0-2.0-int16-shape0-False]" time="0.002" /><testcase classname="src.cucim.skimage.filters.tests.test_unsharp_mask" name="test_unsharp_masking_output_type_and_shape[False-0.0--1.0-2.0-int16-shape1-True]" time="0.003" /><testcase classname="src.cucim.skimage.filters.tests.test_unsharp_mask" name="test_unsharp_masking_output_type_and_shape[False-0.0--1.0-2.0-int16-shape2-False]" time="0.002" /><testcase classname="src.cucim.skimage.filters.tests.test_unsharp_mask" name="test_unsharp_masking_output_type_and_shape[False-0.0--1.0-2.0-int16-shape3-True]" time="0.003" /><testcase classname="src.cucim.skimage.filters.tests.test_unsharp_mask" name="test_unsharp_masking_output_type_and_shape[False-0.0--1.0-2.0-int16-shape4-False]" time="0.002" /><testcase classname="src.cucim.skimage.filters.tests.test_unsharp_mask" name="test_unsharp_masking_output_type_and_shape[False-0.0--1.0-2.0-uint32-shape0-False]" time="0.002" /><testcase classname="src.cucim.skimage.filters.tests.test_unsharp_mask" name="test_unsharp_masking_output_type_and_shape[False-0.0--1.0-2.0-uint32-shape1-True]" time="0.002" /><testcase classname="src.cucim.skimage.filters.tests.test_unsharp_mask" name="test_unsharp_masking_output_type_and_shape[False-0.0--1.0-2.0-uint32-shape2-False]" time="0.002" /><testcase classname="src.cucim.skimage.filters.tests.test_unsharp_mask" name="test_unsharp_masking_output_type_and_shape[False-0.0--1.0-2.0-uint32-shape3-True]" time="0.002" /><testcase classname="src.cucim.skimage.filters.tests.test_unsharp_mask" name="test_unsharp_masking_output_type_and_shape[False-0.0--1.0-2.0-uint32-shape4-False]" time="0.002" /><testcase classname="src.cucim.skimage.filters.tests.test_unsharp_mask" name="test_unsharp_masking_output_type_and_shape[False-0.0--1.0-2.0-int32-shape0-False]" time="0.001" /><testcase classname="src.cucim.skimage.filters.tests.test_unsharp_mask" name="test_unsharp_masking_output_type_and_shape[False-0.0--1.0-2.0-int32-shape1-True]" time="0.002" /><testcase classname="src.cucim.skimage.filters.tests.test_unsharp_mask" name="test_unsharp_masking_output_type_and_shape[False-0.0--1.0-2.0-int32-shape2-False]" time="0.002" /><testcase classname="src.cucim.skimage.filters.tests.test_unsharp_mask" name="test_unsharp_masking_output_type_and_shape[False-0.0--1.0-2.0-int32-shape3-True]" time="0.002" /><testcase classname="src.cucim.skimage.filters.tests.test_unsharp_mask" name="test_unsharp_masking_output_type_and_shape[False-0.0--1.0-2.0-int32-shape4-False]" time="0.002" /><testcase classname="src.cucim.skimage.filters.tests.test_unsharp_mask" name="test_unsharp_masking_output_type_and_shape[False-0.0--1.0-2.0-uint64-shape0-False]" time="0.002" /><testcase classname="src.cucim.skimage.filters.tests.test_unsharp_mask" name="test_unsharp_masking_output_type_and_shape[False-0.0--1.0-2.0-uint64-shape1-True]" time="0.002" /><testcase classname="src.cucim.skimage.filters.tests.test_unsharp_mask" name="test_unsharp_masking_output_type_and_shape[False-0.0--1.0-2.0-uint64-shape2-False]" time="0.002" /><testcase classname="src.cucim.skimage.filters.tests.test_unsharp_mask" name="test_unsharp_masking_output_type_and_shape[False-0.0--1.0-2.0-uint64-shape3-True]" time="0.002" /><testcase classname="src.cucim.skimage.filters.tests.test_unsharp_mask" name="test_unsharp_masking_output_type_and_shape[False-0.0--1.0-2.0-uint64-shape4-False]" time="0.002" /><testcase classname="src.cucim.skimage.filters.tests.test_unsharp_mask" name="test_unsharp_masking_output_type_and_shape[False-0.0--1.0-2.0-int64-shape0-False]" time="0.002" /><testcase classname="src.cucim.skimage.filters.tests.test_unsharp_mask" name="test_unsharp_masking_output_type_and_shape[False-0.0--1.0-2.0-int64-shape1-True]" time="0.002" /><testcase classname="src.cucim.skimage.filters.tests.test_unsharp_mask" name="test_unsharp_masking_output_type_and_shape[False-0.0--1.0-2.0-int64-shape2-False]" time="0.002" /><testcase classname="src.cucim.skimage.filters.tests.test_unsharp_mask" name="test_unsharp_masking_output_type_and_shape[False-0.0--1.0-2.0-int64-shape3-True]" time="0.002" /><testcase classname="src.cucim.skimage.filters.tests.test_unsharp_mask" name="test_unsharp_masking_output_type_and_shape[False-0.0--1.0-2.0-int64-shape4-False]" time="0.002" /><testcase classname="src.cucim.skimage.filters.tests.test_unsharp_mask" name="test_unsharp_masking_output_type_and_shape[False-0.0--1.0-2.0-float16-shape0-False]" time="0.002" /><testcase classname="src.cucim.skimage.filters.tests.test_unsharp_mask" name="test_unsharp_masking_output_type_and_shape[False-0.0--1.0-2.0-float16-shape1-True]" time="0.003" /><testcase classname="src.cucim.skimage.filters.tests.test_unsharp_mask" name="test_unsharp_masking_output_type_and_shape[False-0.0--1.0-2.0-float16-shape2-False]" time="0.002" /><testcase classname="src.cucim.skimage.filters.tests.test_unsharp_mask" name="test_unsharp_masking_output_type_and_shape[False-0.0--1.0-2.0-float16-shape3-True]" time="0.002" /><testcase classname="src.cucim.skimage.filters.tests.test_unsharp_mask" name="test_unsharp_masking_output_type_and_shape[False-0.0--1.0-2.0-float16-shape4-False]" time="0.002" /><testcase classname="src.cucim.skimage.filters.tests.test_unsharp_mask" name="test_unsharp_masking_output_type_and_shape[False-0.0--1.0-2.0-float32-shape0-False]" time="0.002" /><testcase classname="src.cucim.skimage.filters.tests.test_unsharp_mask" name="test_unsharp_masking_output_type_and_shape[False-0.0--1.0-2.0-float32-shape1-True]" time="0.002" /><testcase classname="src.cucim.skimage.filters.tests.test_unsharp_mask" name="test_unsharp_masking_output_type_and_shape[False-0.0--1.0-2.0-float32-shape2-False]" time="0.002" /><testcase classname="src.cucim.skimage.filters.tests.test_unsharp_mask" name="test_unsharp_masking_output_type_and_shape[False-0.0--1.0-2.0-float32-shape3-True]" time="0.003" /><testcase classname="src.cucim.skimage.filters.tests.test_unsharp_mask" name="test_unsharp_masking_output_type_and_shape[False-0.0--1.0-2.0-float32-shape4-False]" time="0.002" /><testcase classname="src.cucim.skimage.filters.tests.test_unsharp_mask" name="test_unsharp_masking_output_type_and_shape[False-0.0--1.0-2.0-float64-shape0-False]" time="0.002" /><testcase classname="src.cucim.skimage.filters.tests.test_unsharp_mask" name="test_unsharp_masking_output_type_and_shape[False-0.0--1.0-2.0-float64-shape1-True]" time="0.002" /><testcase classname="src.cucim.skimage.filters.tests.test_unsharp_mask" name="test_unsharp_masking_output_type_and_shape[False-0.0--1.0-2.0-float64-shape2-False]" time="0.002" /><testcase classname="src.cucim.skimage.filters.tests.test_unsharp_mask" name="test_unsharp_masking_output_type_and_shape[False-0.0--1.0-2.0-float64-shape3-True]" time="0.002" /><testcase classname="src.cucim.skimage.filters.tests.test_unsharp_mask" name="test_unsharp_masking_output_type_and_shape[False-0.0--1.0-2.0-float64-shape4-False]" time="0.002" /><testcase classname="src.cucim.skimage.filters.tests.test_unsharp_mask" name="test_unsharp_masking_output_type_and_shape[False-1.0-0.0-0-uint8-shape0-False]" time="0.001" /><testcase classname="src.cucim.skimage.filters.tests.test_unsharp_mask" name="test_unsharp_masking_output_type_and_shape[False-1.0-0.0-0-uint8-shape1-True]" time="0.002" /><testcase classname="src.cucim.skimage.filters.tests.test_unsharp_mask" name="test_unsharp_masking_output_type_and_shape[False-1.0-0.0-0-uint8-shape2-False]" time="0.001" /><testcase classname="src.cucim.skimage.filters.tests.test_unsharp_mask" name="test_unsharp_masking_output_type_and_shape[False-1.0-0.0-0-uint8-shape3-True]" time="0.002" /><testcase classname="src.cucim.skimage.filters.tests.test_unsharp_mask" name="test_unsharp_masking_output_type_and_shape[False-1.0-0.0-0-uint8-shape4-False]" time="0.001" /><testcase classname="src.cucim.skimage.filters.tests.test_unsharp_mask" name="test_unsharp_masking_output_type_and_shape[False-1.0-0.0-0-int8-shape0-False]" time="0.001" /><testcase classname="src.cucim.skimage.filters.tests.test_unsharp_mask" name="test_unsharp_masking_output_type_and_shape[False-1.0-0.0-0-int8-shape1-True]" time="0.002" /><testcase classname="src.cucim.skimage.filters.tests.test_unsharp_mask" name="test_unsharp_masking_output_type_and_shape[False-1.0-0.0-0-int8-shape2-False]" time="0.001" /><testcase classname="src.cucim.skimage.filters.tests.test_unsharp_mask" name="test_unsharp_masking_output_type_and_shape[False-1.0-0.0-0-int8-shape3-True]" time="0.002" /><testcase classname="src.cucim.skimage.filters.tests.test_unsharp_mask" name="test_unsharp_masking_output_type_and_shape[False-1.0-0.0-0-int8-shape4-False]" time="0.002" /><testcase classname="src.cucim.skimage.filters.tests.test_unsharp_mask" name="test_unsharp_masking_output_type_and_shape[False-1.0-0.0-0-uint16-shape0-False]" time="0.001" /><testcase classname="src.cucim.skimage.filters.tests.test_unsharp_mask" name="test_unsharp_masking_output_type_and_shape[False-1.0-0.0-0-uint16-shape1-True]" time="0.002" /><testcase classname="src.cucim.skimage.filters.tests.test_unsharp_mask" name="test_unsharp_masking_output_type_and_shape[False-1.0-0.0-0-uint16-shape2-False]" time="0.001" /><testcase classname="src.cucim.skimage.filters.tests.test_unsharp_mask" name="test_unsharp_masking_output_type_and_shape[False-1.0-0.0-0-uint16-shape3-True]" time="0.002" /><testcase classname="src.cucim.skimage.filters.tests.test_unsharp_mask" name="test_unsharp_masking_output_type_and_shape[False-1.0-0.0-0-uint16-shape4-False]" time="0.001" /><testcase classname="src.cucim.skimage.filters.tests.test_unsharp_mask" name="test_unsharp_masking_output_type_and_shape[False-1.0-0.0-0-int16-shape0-False]" time="0.001" /><testcase classname="src.cucim.skimage.filters.tests.test_unsharp_mask" name="test_unsharp_masking_output_type_and_shape[False-1.0-0.0-0-int16-shape1-True]" time="0.002" /><testcase classname="src.cucim.skimage.filters.tests.test_unsharp_mask" name="test_unsharp_masking_output_type_and_shape[False-1.0-0.0-0-int16-shape2-False]" time="0.001" /><testcase classname="src.cucim.skimage.filters.tests.test_unsharp_mask" name="test_unsharp_masking_output_type_and_shape[False-1.0-0.0-0-int16-shape3-True]" time="0.002" /><testcase classname="src.cucim.skimage.filters.tests.test_unsharp_mask" name="test_unsharp_masking_output_type_and_shape[False-1.0-0.0-0-int16-shape4-False]" time="0.001" /><testcase classname="src.cucim.skimage.filters.tests.test_unsharp_mask" name="test_unsharp_masking_output_type_and_shape[False-1.0-0.0-0-uint32-shape0-False]" time="0.001" /><testcase classname="src.cucim.skimage.filters.tests.test_unsharp_mask" name="test_unsharp_masking_output_type_and_shape[False-1.0-0.0-0-uint32-shape1-True]" time="0.002" /><testcase classname="src.cucim.skimage.filters.tests.test_unsharp_mask" name="test_unsharp_masking_output_type_and_shape[False-1.0-0.0-0-uint32-shape2-False]" time="0.001" /><testcase classname="src.cucim.skimage.filters.tests.test_unsharp_mask" name="test_unsharp_masking_output_type_and_shape[False-1.0-0.0-0-uint32-shape3-True]" time="0.001" /><testcase classname="src.cucim.skimage.filters.tests.test_unsharp_mask" name="test_unsharp_masking_output_type_and_shape[False-1.0-0.0-0-uint32-shape4-False]" time="0.001" /><testcase classname="src.cucim.skimage.filters.tests.test_unsharp_mask" name="test_unsharp_masking_output_type_and_shape[False-1.0-0.0-0-int32-shape0-False]" time="0.001" /><testcase classname="src.cucim.skimage.filters.tests.test_unsharp_mask" name="test_unsharp_masking_output_type_and_shape[False-1.0-0.0-0-int32-shape1-True]" time="0.002" /><testcase classname="src.cucim.skimage.filters.tests.test_unsharp_mask" name="test_unsharp_masking_output_type_and_shape[False-1.0-0.0-0-int32-shape2-False]" time="0.001" /><testcase classname="src.cucim.skimage.filters.tests.test_unsharp_mask" name="test_unsharp_masking_output_type_and_shape[False-1.0-0.0-0-int32-shape3-True]" time="0.002" /><testcase classname="src.cucim.skimage.filters.tests.test_unsharp_mask" name="test_unsharp_masking_output_type_and_shape[False-1.0-0.0-0-int32-shape4-False]" time="0.001" /><testcase classname="src.cucim.skimage.filters.tests.test_unsharp_mask" name="test_unsharp_masking_output_type_and_shape[False-1.0-0.0-0-uint64-shape0-False]" time="0.001" /><testcase classname="src.cucim.skimage.filters.tests.test_unsharp_mask" name="test_unsharp_masking_output_type_and_shape[False-1.0-0.0-0-uint64-shape1-True]" time="0.002" /><testcase classname="src.cucim.skimage.filters.tests.test_unsharp_mask" name="test_unsharp_masking_output_type_and_shape[False-1.0-0.0-0-uint64-shape2-False]" time="0.001" /><testcase classname="src.cucim.skimage.filters.tests.test_unsharp_mask" name="test_unsharp_masking_output_type_and_shape[False-1.0-0.0-0-uint64-shape3-True]" time="0.002" /><testcase classname="src.cucim.skimage.filters.tests.test_unsharp_mask" name="test_unsharp_masking_output_type_and_shape[False-1.0-0.0-0-uint64-shape4-False]" time="0.001" /><testcase classname="src.cucim.skimage.filters.tests.test_unsharp_mask" name="test_unsharp_masking_output_type_and_shape[False-1.0-0.0-0-int64-shape0-False]" time="0.001" /><testcase classname="src.cucim.skimage.filters.tests.test_unsharp_mask" name="test_unsharp_masking_output_type_and_shape[False-1.0-0.0-0-int64-shape1-True]" time="0.002" /><testcase classname="src.cucim.skimage.filters.tests.test_unsharp_mask" name="test_unsharp_masking_output_type_and_shape[False-1.0-0.0-0-int64-shape2-False]" time="0.001" /><testcase classname="src.cucim.skimage.filters.tests.test_unsharp_mask" name="test_unsharp_masking_output_type_and_shape[False-1.0-0.0-0-int64-shape3-True]" time="0.002" /><testcase classname="src.cucim.skimage.filters.tests.test_unsharp_mask" name="test_unsharp_masking_output_type_and_shape[False-1.0-0.0-0-int64-shape4-False]" time="0.001" /><testcase classname="src.cucim.skimage.filters.tests.test_unsharp_mask" name="test_unsharp_masking_output_type_and_shape[False-1.0-0.0-0-float16-shape0-False]" time="0.001" /><testcase classname="src.cucim.skimage.filters.tests.test_unsharp_mask" name="test_unsharp_masking_output_type_and_shape[False-1.0-0.0-0-float16-shape1-True]" time="0.002" /><testcase classname="src.cucim.skimage.filters.tests.test_unsharp_mask" name="test_unsharp_masking_output_type_and_shape[False-1.0-0.0-0-float16-shape2-False]" time="0.001" /><testcase classname="src.cucim.skimage.filters.tests.test_unsharp_mask" name="test_unsharp_masking_output_type_and_shape[False-1.0-0.0-0-float16-shape3-True]" time="0.002" /><testcase classname="src.cucim.skimage.filters.tests.test_unsharp_mask" name="test_unsharp_masking_output_type_and_shape[False-1.0-0.0-0-float16-shape4-False]" time="0.001" /><testcase classname="src.cucim.skimage.filters.tests.test_unsharp_mask" name="test_unsharp_masking_output_type_and_shape[False-1.0-0.0-0-float32-shape0-False]" time="0.001" /><testcase classname="src.cucim.skimage.filters.tests.test_unsharp_mask" name="test_unsharp_masking_output_type_and_shape[False-1.0-0.0-0-float32-shape1-True]" time="0.002" /><testcase classname="src.cucim.skimage.filters.tests.test_unsharp_mask" name="test_unsharp_masking_output_type_and_shape[False-1.0-0.0-0-float32-shape2-False]" time="0.001" /><testcase classname="src.cucim.skimage.filters.tests.test_unsharp_mask" name="test_unsharp_masking_output_type_and_shape[False-1.0-0.0-0-float32-shape3-True]" time="0.002" /><testcase classname="src.cucim.skimage.filters.tests.test_unsharp_mask" name="test_unsharp_masking_output_type_and_shape[False-1.0-0.0-0-float32-shape4-False]" time="0.001" /><testcase classname="src.cucim.skimage.filters.tests.test_unsharp_mask" name="test_unsharp_masking_output_type_and_shape[False-1.0-0.0-0-float64-shape0-False]" time="0.001" /><testcase classname="src.cucim.skimage.filters.tests.test_unsharp_mask" name="test_unsharp_masking_output_type_and_shape[False-1.0-0.0-0-float64-shape1-True]" time="0.002" /><testcase classname="src.cucim.skimage.filters.tests.test_unsharp_mask" name="test_unsharp_masking_output_type_and_shape[False-1.0-0.0-0-float64-shape2-False]" time="0.001" /><testcase classname="src.cucim.skimage.filters.tests.test_unsharp_mask" name="test_unsharp_masking_output_type_and_shape[False-1.0-0.0-0-float64-shape3-True]" time="0.002" /><testcase classname="src.cucim.skimage.filters.tests.test_unsharp_mask" name="test_unsharp_masking_output_type_and_shape[False-1.0-0.0-0-float64-shape4-False]" time="0.001" /><testcase classname="src.cucim.skimage.filters.tests.test_unsharp_mask" name="test_unsharp_masking_output_type_and_shape[False-1.0-0.0-0.1-uint8-shape0-False]" time="0.001" /><testcase classname="src.cucim.skimage.filters.tests.test_unsharp_mask" name="test_unsharp_masking_output_type_and_shape[False-1.0-0.0-0.1-uint8-shape1-True]" time="0.002" /><testcase classname="src.cucim.skimage.filters.tests.test_unsharp_mask" name="test_unsharp_masking_output_type_and_shape[False-1.0-0.0-0.1-uint8-shape2-False]" time="0.001" /><testcase classname="src.cucim.skimage.filters.tests.test_unsharp_mask" name="test_unsharp_masking_output_type_and_shape[False-1.0-0.0-0.1-uint8-shape3-True]" time="0.002" /><testcase classname="src.cucim.skimage.filters.tests.test_unsharp_mask" name="test_unsharp_masking_output_type_and_shape[False-1.0-0.0-0.1-uint8-shape4-False]" time="0.001" /><testcase classname="src.cucim.skimage.filters.tests.test_unsharp_mask" name="test_unsharp_masking_output_type_and_shape[False-1.0-0.0-0.1-int8-shape0-False]" time="0.001" /><testcase classname="src.cucim.skimage.filters.tests.test_unsharp_mask" name="test_unsharp_masking_output_type_and_shape[False-1.0-0.0-0.1-int8-shape1-True]" time="0.002" /><testcase classname="src.cucim.skimage.filters.tests.test_unsharp_mask" name="test_unsharp_masking_output_type_and_shape[False-1.0-0.0-0.1-int8-shape2-False]" time="0.001" /><testcase classname="src.cucim.skimage.filters.tests.test_unsharp_mask" name="test_unsharp_masking_output_type_and_shape[False-1.0-0.0-0.1-int8-shape3-True]" time="0.002" /><testcase classname="src.cucim.skimage.filters.tests.test_unsharp_mask" name="test_unsharp_masking_output_type_and_shape[False-1.0-0.0-0.1-int8-shape4-False]" time="0.001" /><testcase classname="src.cucim.skimage.filters.tests.test_unsharp_mask" name="test_unsharp_masking_output_type_and_shape[False-1.0-0.0-0.1-uint16-shape0-False]" time="0.001" /><testcase classname="src.cucim.skimage.filters.tests.test_unsharp_mask" name="test_unsharp_masking_output_type_and_shape[False-1.0-0.0-0.1-uint16-shape1-True]" time="0.002" /><testcase classname="src.cucim.skimage.filters.tests.test_unsharp_mask" name="test_unsharp_masking_output_type_and_shape[False-1.0-0.0-0.1-uint16-shape2-False]" time="0.001" /><testcase classname="src.cucim.skimage.filters.tests.test_unsharp_mask" name="test_unsharp_masking_output_type_and_shape[False-1.0-0.0-0.1-uint16-shape3-True]" time="0.002" /><testcase classname="src.cucim.skimage.filters.tests.test_unsharp_mask" name="test_unsharp_masking_output_type_and_shape[False-1.0-0.0-0.1-uint16-shape4-False]" time="0.001" /><testcase classname="src.cucim.skimage.filters.tests.test_unsharp_mask" name="test_unsharp_masking_output_type_and_shape[False-1.0-0.0-0.1-int16-shape0-False]" time="0.001" /><testcase classname="src.cucim.skimage.filters.tests.test_unsharp_mask" name="test_unsharp_masking_output_type_and_shape[False-1.0-0.0-0.1-int16-shape1-True]" time="0.002" /><testcase classname="src.cucim.skimage.filters.tests.test_unsharp_mask" name="test_unsharp_masking_output_type_and_shape[False-1.0-0.0-0.1-int16-shape2-False]" time="0.001" /><testcase classname="src.cucim.skimage.filters.tests.test_unsharp_mask" name="test_unsharp_masking_output_type_and_shape[False-1.0-0.0-0.1-int16-shape3-True]" time="0.002" /><testcase classname="src.cucim.skimage.filters.tests.test_unsharp_mask" name="test_unsharp_masking_output_type_and_shape[False-1.0-0.0-0.1-int16-shape4-False]" time="0.001" /><testcase classname="src.cucim.skimage.filters.tests.test_unsharp_mask" name="test_unsharp_masking_output_type_and_shape[False-1.0-0.0-0.1-uint32-shape0-False]" time="0.001" /><testcase classname="src.cucim.skimage.filters.tests.test_unsharp_mask" name="test_unsharp_masking_output_type_and_shape[False-1.0-0.0-0.1-uint32-shape1-True]" time="0.002" /><testcase classname="src.cucim.skimage.filters.tests.test_unsharp_mask" name="test_unsharp_masking_output_type_and_shape[False-1.0-0.0-0.1-uint32-shape2-False]" time="0.001" /><testcase classname="src.cucim.skimage.filters.tests.test_unsharp_mask" name="test_unsharp_masking_output_type_and_shape[False-1.0-0.0-0.1-uint32-shape3-True]" time="0.002" /><testcase classname="src.cucim.skimage.filters.tests.test_unsharp_mask" name="test_unsharp_masking_output_type_and_shape[False-1.0-0.0-0.1-uint32-shape4-False]" time="0.001" /><testcase classname="src.cucim.skimage.filters.tests.test_unsharp_mask" name="test_unsharp_masking_output_type_and_shape[False-1.0-0.0-0.1-int32-shape0-False]" time="0.001" /><testcase classname="src.cucim.skimage.filters.tests.test_unsharp_mask" name="test_unsharp_masking_output_type_and_shape[False-1.0-0.0-0.1-int32-shape1-True]" time="0.002" /><testcase classname="src.cucim.skimage.filters.tests.test_unsharp_mask" name="test_unsharp_masking_output_type_and_shape[False-1.0-0.0-0.1-int32-shape2-False]" time="0.001" /><testcase classname="src.cucim.skimage.filters.tests.test_unsharp_mask" name="test_unsharp_masking_output_type_and_shape[False-1.0-0.0-0.1-int32-shape3-True]" time="0.002" /><testcase classname="src.cucim.skimage.filters.tests.test_unsharp_mask" name="test_unsharp_masking_output_type_and_shape[False-1.0-0.0-0.1-int32-shape4-False]" time="0.001" /><testcase classname="src.cucim.skimage.filters.tests.test_unsharp_mask" name="test_unsharp_masking_output_type_and_shape[False-1.0-0.0-0.1-uint64-shape0-False]" time="0.001" /><testcase classname="src.cucim.skimage.filters.tests.test_unsharp_mask" name="test_unsharp_masking_output_type_and_shape[False-1.0-0.0-0.1-uint64-shape1-True]" time="0.002" /><testcase classname="src.cucim.skimage.filters.tests.test_unsharp_mask" name="test_unsharp_masking_output_type_and_shape[False-1.0-0.0-0.1-uint64-shape2-False]" time="0.001" /><testcase classname="src.cucim.skimage.filters.tests.test_unsharp_mask" name="test_unsharp_masking_output_type_and_shape[False-1.0-0.0-0.1-uint64-shape3-True]" time="0.002" /><testcase classname="src.cucim.skimage.filters.tests.test_unsharp_mask" name="test_unsharp_masking_output_type_and_shape[False-1.0-0.0-0.1-uint64-shape4-False]" time="0.002" /><testcase classname="src.cucim.skimage.filters.tests.test_unsharp_mask" name="test_unsharp_masking_output_type_and_shape[False-1.0-0.0-0.1-int64-shape0-False]" time="0.001" /><testcase classname="src.cucim.skimage.filters.tests.test_unsharp_mask" name="test_unsharp_masking_output_type_and_shape[False-1.0-0.0-0.1-int64-shape1-True]" time="0.002" /><testcase classname="src.cucim.skimage.filters.tests.test_unsharp_mask" name="test_unsharp_masking_output_type_and_shape[False-1.0-0.0-0.1-int64-shape2-False]" time="0.001" /><testcase classname="src.cucim.skimage.filters.tests.test_unsharp_mask" name="test_unsharp_masking_output_type_and_shape[False-1.0-0.0-0.1-int64-shape3-True]" time="0.002" /><testcase classname="src.cucim.skimage.filters.tests.test_unsharp_mask" name="test_unsharp_masking_output_type_and_shape[False-1.0-0.0-0.1-int64-shape4-False]" time="0.001" /><testcase classname="src.cucim.skimage.filters.tests.test_unsharp_mask" name="test_unsharp_masking_output_type_and_shape[False-1.0-0.0-0.1-float16-shape0-False]" time="0.001" /><testcase classname="src.cucim.skimage.filters.tests.test_unsharp_mask" name="test_unsharp_masking_output_type_and_shape[False-1.0-0.0-0.1-float16-shape1-True]" time="0.002" /><testcase classname="src.cucim.skimage.filters.tests.test_unsharp_mask" name="test_unsharp_masking_output_type_and_shape[False-1.0-0.0-0.1-float16-shape2-False]" time="0.001" /><testcase classname="src.cucim.skimage.filters.tests.test_unsharp_mask" name="test_unsharp_masking_output_type_and_shape[False-1.0-0.0-0.1-float16-shape3-True]" time="0.002" /><testcase classname="src.cucim.skimage.filters.tests.test_unsharp_mask" name="test_unsharp_masking_output_type_and_shape[False-1.0-0.0-0.1-float16-shape4-False]" time="0.002" /><testcase classname="src.cucim.skimage.filters.tests.test_unsharp_mask" name="test_unsharp_masking_output_type_and_shape[False-1.0-0.0-0.1-float32-shape0-False]" time="0.002" /><testcase classname="src.cucim.skimage.filters.tests.test_unsharp_mask" name="test_unsharp_masking_output_type_and_shape[False-1.0-0.0-0.1-float32-shape1-True]" time="0.002" /><testcase classname="src.cucim.skimage.filters.tests.test_unsharp_mask" name="test_unsharp_masking_output_type_and_shape[False-1.0-0.0-0.1-float32-shape2-False]" time="0.001" /><testcase classname="src.cucim.skimage.filters.tests.test_unsharp_mask" name="test_unsharp_masking_output_type_and_shape[False-1.0-0.0-0.1-float32-shape3-True]" time="0.002" /><testcase classname="src.cucim.skimage.filters.tests.test_unsharp_mask" name="test_unsharp_masking_output_type_and_shape[False-1.0-0.0-0.1-float32-shape4-False]" time="0.001" /><testcase classname="src.cucim.skimage.filters.tests.test_unsharp_mask" name="test_unsharp_masking_output_type_and_shape[False-1.0-0.0-0.1-float64-shape0-False]" time="0.001" /><testcase classname="src.cucim.skimage.filters.tests.test_unsharp_mask" name="test_unsharp_masking_output_type_and_shape[False-1.0-0.0-0.1-float64-shape1-True]" time="0.002" /><testcase classname="src.cucim.skimage.filters.tests.test_unsharp_mask" name="test_unsharp_masking_output_type_and_shape[False-1.0-0.0-0.1-float64-shape2-False]" time="0.001" /><testcase classname="src.cucim.skimage.filters.tests.test_unsharp_mask" name="test_unsharp_masking_output_type_and_shape[False-1.0-0.0-0.1-float64-shape3-True]" time="0.002" /><testcase classname="src.cucim.skimage.filters.tests.test_unsharp_mask" name="test_unsharp_masking_output_type_and_shape[False-1.0-0.0-0.1-float64-shape4-False]" time="0.002" /><testcase classname="src.cucim.skimage.filters.tests.test_unsharp_mask" name="test_unsharp_masking_output_type_and_shape[False-1.0-0.0-2.0-uint8-shape0-False]" time="0.001" /><testcase classname="src.cucim.skimage.filters.tests.test_unsharp_mask" name="test_unsharp_masking_output_type_and_shape[False-1.0-0.0-2.0-uint8-shape1-True]" time="0.002" /><testcase classname="src.cucim.skimage.filters.tests.test_unsharp_mask" name="test_unsharp_masking_output_type_and_shape[False-1.0-0.0-2.0-uint8-shape2-False]" time="0.002" /><testcase classname="src.cucim.skimage.filters.tests.test_unsharp_mask" name="test_unsharp_masking_output_type_and_shape[False-1.0-0.0-2.0-uint8-shape3-True]" time="0.002" /><testcase classname="src.cucim.skimage.filters.tests.test_unsharp_mask" name="test_unsharp_masking_output_type_and_shape[False-1.0-0.0-2.0-uint8-shape4-False]" time="0.002" /><testcase classname="src.cucim.skimage.filters.tests.test_unsharp_mask" name="test_unsharp_masking_output_type_and_shape[False-1.0-0.0-2.0-int8-shape0-False]" time="0.001" /><testcase classname="src.cucim.skimage.filters.tests.test_unsharp_mask" name="test_unsharp_masking_output_type_and_shape[False-1.0-0.0-2.0-int8-shape1-True]" time="0.003" /><testcase classname="src.cucim.skimage.filters.tests.test_unsharp_mask" name="test_unsharp_masking_output_type_and_shape[False-1.0-0.0-2.0-int8-shape2-False]" time="0.002" /><testcase classname="src.cucim.skimage.filters.tests.test_unsharp_mask" name="test_unsharp_masking_output_type_and_shape[False-1.0-0.0-2.0-int8-shape3-True]" time="0.003" /><testcase classname="src.cucim.skimage.filters.tests.test_unsharp_mask" name="test_unsharp_masking_output_type_and_shape[False-1.0-0.0-2.0-int8-shape4-False]" time="0.002" /><testcase classname="src.cucim.skimage.filters.tests.test_unsharp_mask" name="test_unsharp_masking_output_type_and_shape[False-1.0-0.0-2.0-uint16-shape0-False]" time="0.002" /><testcase classname="src.cucim.skimage.filters.tests.test_unsharp_mask" name="test_unsharp_masking_output_type_and_shape[False-1.0-0.0-2.0-uint16-shape1-True]" time="0.003" /><testcase classname="src.cucim.skimage.filters.tests.test_unsharp_mask" name="test_unsharp_masking_output_type_and_shape[False-1.0-0.0-2.0-uint16-shape2-False]" time="0.002" /><testcase classname="src.cucim.skimage.filters.tests.test_unsharp_mask" name="test_unsharp_masking_output_type_and_shape[False-1.0-0.0-2.0-uint16-shape3-True]" time="0.003" /><testcase classname="src.cucim.skimage.filters.tests.test_unsharp_mask" name="test_unsharp_masking_output_type_and_shape[False-1.0-0.0-2.0-uint16-shape4-False]" time="0.002" /><testcase classname="src.cucim.skimage.filters.tests.test_unsharp_mask" name="test_unsharp_masking_output_type_and_shape[False-1.0-0.0-2.0-int16-shape0-False]" time="0.001" /><testcase classname="src.cucim.skimage.filters.tests.test_unsharp_mask" name="test_unsharp_masking_output_type_and_shape[False-1.0-0.0-2.0-int16-shape1-True]" time="0.002" /><testcase classname="src.cucim.skimage.filters.tests.test_unsharp_mask" name="test_unsharp_masking_output_type_and_shape[False-1.0-0.0-2.0-int16-shape2-False]" time="0.002" /><testcase classname="src.cucim.skimage.filters.tests.test_unsharp_mask" name="test_unsharp_masking_output_type_and_shape[False-1.0-0.0-2.0-int16-shape3-True]" time="0.002" /><testcase classname="src.cucim.skimage.filters.tests.test_unsharp_mask" name="test_unsharp_masking_output_type_and_shape[False-1.0-0.0-2.0-int16-shape4-False]" time="0.002" /><testcase classname="src.cucim.skimage.filters.tests.test_unsharp_mask" name="test_unsharp_masking_output_type_and_shape[False-1.0-0.0-2.0-uint32-shape0-False]" time="0.001" /><testcase classname="src.cucim.skimage.filters.tests.test_unsharp_mask" name="test_unsharp_masking_output_type_and_shape[False-1.0-0.0-2.0-uint32-shape1-True]" time="0.002" /><testcase classname="src.cucim.skimage.filters.tests.test_unsharp_mask" name="test_unsharp_masking_output_type_and_shape[False-1.0-0.0-2.0-uint32-shape2-False]" time="0.002" /><testcase classname="src.cucim.skimage.filters.tests.test_unsharp_mask" name="test_unsharp_masking_output_type_and_shape[False-1.0-0.0-2.0-uint32-shape3-True]" time="0.002" /><testcase classname="src.cucim.skimage.filters.tests.test_unsharp_mask" name="test_unsharp_masking_output_type_and_shape[False-1.0-0.0-2.0-uint32-shape4-False]" time="0.002" /><testcase classname="src.cucim.skimage.filters.tests.test_unsharp_mask" name="test_unsharp_masking_output_type_and_shape[False-1.0-0.0-2.0-int32-shape0-False]" time="0.001" /><testcase classname="src.cucim.skimage.filters.tests.test_unsharp_mask" name="test_unsharp_masking_output_type_and_shape[False-1.0-0.0-2.0-int32-shape1-True]" time="0.002" /><testcase classname="src.cucim.skimage.filters.tests.test_unsharp_mask" name="test_unsharp_masking_output_type_and_shape[False-1.0-0.0-2.0-int32-shape2-False]" time="0.002" /><testcase classname="src.cucim.skimage.filters.tests.test_unsharp_mask" name="test_unsharp_masking_output_type_and_shape[False-1.0-0.0-2.0-int32-shape3-True]" time="0.002" /><testcase classname="src.cucim.skimage.filters.tests.test_unsharp_mask" name="test_unsharp_masking_output_type_and_shape[False-1.0-0.0-2.0-int32-shape4-False]" time="0.002" /><testcase classname="src.cucim.skimage.filters.tests.test_unsharp_mask" name="test_unsharp_masking_output_type_and_shape[False-1.0-0.0-2.0-uint64-shape0-False]" time="0.001" /><testcase classname="src.cucim.skimage.filters.tests.test_unsharp_mask" name="test_unsharp_masking_output_type_and_shape[False-1.0-0.0-2.0-uint64-shape1-True]" time="0.002" /><testcase classname="src.cucim.skimage.filters.tests.test_unsharp_mask" name="test_unsharp_masking_output_type_and_shape[False-1.0-0.0-2.0-uint64-shape2-False]" time="0.002" /><testcase classname="src.cucim.skimage.filters.tests.test_unsharp_mask" name="test_unsharp_masking_output_type_and_shape[False-1.0-0.0-2.0-uint64-shape3-True]" time="0.003" /><testcase classname="src.cucim.skimage.filters.tests.test_unsharp_mask" name="test_unsharp_masking_output_type_and_shape[False-1.0-0.0-2.0-uint64-shape4-False]" time="0.002" /><testcase classname="src.cucim.skimage.filters.tests.test_unsharp_mask" name="test_unsharp_masking_output_type_and_shape[False-1.0-0.0-2.0-int64-shape0-False]" time="0.002" /><testcase classname="src.cucim.skimage.filters.tests.test_unsharp_mask" name="test_unsharp_masking_output_type_and_shape[False-1.0-0.0-2.0-int64-shape1-True]" time="0.003" /><testcase classname="src.cucim.skimage.filters.tests.test_unsharp_mask" name="test_unsharp_masking_output_type_and_shape[False-1.0-0.0-2.0-int64-shape2-False]" time="0.002" /><testcase classname="src.cucim.skimage.filters.tests.test_unsharp_mask" name="test_unsharp_masking_output_type_and_shape[False-1.0-0.0-2.0-int64-shape3-True]" time="0.002" /><testcase classname="src.cucim.skimage.filters.tests.test_unsharp_mask" name="test_unsharp_masking_output_type_and_shape[False-1.0-0.0-2.0-int64-shape4-False]" time="0.002" /><testcase classname="src.cucim.skimage.filters.tests.test_unsharp_mask" name="test_unsharp_masking_output_type_and_shape[False-1.0-0.0-2.0-float16-shape0-False]" time="0.001" /><testcase classname="src.cucim.skimage.filters.tests.test_unsharp_mask" name="test_unsharp_masking_output_type_and_shape[False-1.0-0.0-2.0-float16-shape1-True]" time="0.003" /><testcase classname="src.cucim.skimage.filters.tests.test_unsharp_mask" name="test_unsharp_masking_output_type_and_shape[False-1.0-0.0-2.0-float16-shape2-False]" time="0.002" /><testcase classname="src.cucim.skimage.filters.tests.test_unsharp_mask" name="test_unsharp_masking_output_type_and_shape[False-1.0-0.0-2.0-float16-shape3-True]" time="0.003" /><testcase classname="src.cucim.skimage.filters.tests.test_unsharp_mask" name="test_unsharp_masking_output_type_and_shape[False-1.0-0.0-2.0-float16-shape4-False]" time="0.002" /><testcase classname="src.cucim.skimage.filters.tests.test_unsharp_mask" name="test_unsharp_masking_output_type_and_shape[False-1.0-0.0-2.0-float32-shape0-False]" time="0.002" /><testcase classname="src.cucim.skimage.filters.tests.test_unsharp_mask" name="test_unsharp_masking_output_type_and_shape[False-1.0-0.0-2.0-float32-shape1-True]" time="0.003" /><testcase classname="src.cucim.skimage.filters.tests.test_unsharp_mask" name="test_unsharp_masking_output_type_and_shape[False-1.0-0.0-2.0-float32-shape2-False]" time="0.002" /><testcase classname="src.cucim.skimage.filters.tests.test_unsharp_mask" name="test_unsharp_masking_output_type_and_shape[False-1.0-0.0-2.0-float32-shape3-True]" time="0.003" /><testcase classname="src.cucim.skimage.filters.tests.test_unsharp_mask" name="test_unsharp_masking_output_type_and_shape[False-1.0-0.0-2.0-float32-shape4-False]" time="0.002" /><testcase classname="src.cucim.skimage.filters.tests.test_unsharp_mask" name="test_unsharp_masking_output_type_and_shape[False-1.0-0.0-2.0-float64-shape0-False]" time="0.002" /><testcase classname="src.cucim.skimage.filters.tests.test_unsharp_mask" name="test_unsharp_masking_output_type_and_shape[False-1.0-0.0-2.0-float64-shape1-True]" time="0.002" /><testcase classname="src.cucim.skimage.filters.tests.test_unsharp_mask" name="test_unsharp_masking_output_type_and_shape[False-1.0-0.0-2.0-float64-shape2-False]" time="0.002" /><testcase classname="src.cucim.skimage.filters.tests.test_unsharp_mask" name="test_unsharp_masking_output_type_and_shape[False-1.0-0.0-2.0-float64-shape3-True]" time="0.002" /><testcase classname="src.cucim.skimage.filters.tests.test_unsharp_mask" name="test_unsharp_masking_output_type_and_shape[False-1.0-0.0-2.0-float64-shape4-False]" time="0.002" /><testcase classname="src.cucim.skimage.filters.tests.test_unsharp_mask" name="test_unsharp_masking_output_type_and_shape[False-1.0-0.5-0-uint8-shape0-False]" time="0.001" /><testcase classname="src.cucim.skimage.filters.tests.test_unsharp_mask" name="test_unsharp_masking_output_type_and_shape[False-1.0-0.5-0-uint8-shape1-True]" time="0.002" /><testcase classname="src.cucim.skimage.filters.tests.test_unsharp_mask" name="test_unsharp_masking_output_type_and_shape[False-1.0-0.5-0-uint8-shape2-False]" time="0.001" /><testcase classname="src.cucim.skimage.filters.tests.test_unsharp_mask" name="test_unsharp_masking_output_type_and_shape[False-1.0-0.5-0-uint8-shape3-True]" time="0.001" /><testcase classname="src.cucim.skimage.filters.tests.test_unsharp_mask" name="test_unsharp_masking_output_type_and_shape[False-1.0-0.5-0-uint8-shape4-False]" time="0.001" /><testcase classname="src.cucim.skimage.filters.tests.test_unsharp_mask" name="test_unsharp_masking_output_type_and_shape[False-1.0-0.5-0-int8-shape0-False]" time="0.001" /><testcase classname="src.cucim.skimage.filters.tests.test_unsharp_mask" name="test_unsharp_masking_output_type_and_shape[False-1.0-0.5-0-int8-shape1-True]" time="0.002" /><testcase classname="src.cucim.skimage.filters.tests.test_unsharp_mask" name="test_unsharp_masking_output_type_and_shape[False-1.0-0.5-0-int8-shape2-False]" time="0.001" /><testcase classname="src.cucim.skimage.filters.tests.test_unsharp_mask" name="test_unsharp_masking_output_type_and_shape[False-1.0-0.5-0-int8-shape3-True]" time="0.002" /><testcase classname="src.cucim.skimage.filters.tests.test_unsharp_mask" name="test_unsharp_masking_output_type_and_shape[False-1.0-0.5-0-int8-shape4-False]" time="0.001" /><testcase classname="src.cucim.skimage.filters.tests.test_unsharp_mask" name="test_unsharp_masking_output_type_and_shape[False-1.0-0.5-0-uint16-shape0-False]" time="0.001" /><testcase classname="src.cucim.skimage.filters.tests.test_unsharp_mask" name="test_unsharp_masking_output_type_and_shape[False-1.0-0.5-0-uint16-shape1-True]" time="0.002" /><testcase classname="src.cucim.skimage.filters.tests.test_unsharp_mask" name="test_unsharp_masking_output_type_and_shape[False-1.0-0.5-0-uint16-shape2-False]" time="0.001" /><testcase classname="src.cucim.skimage.filters.tests.test_unsharp_mask" name="test_unsharp_masking_output_type_and_shape[False-1.0-0.5-0-uint16-shape3-True]" time="0.002" /><testcase classname="src.cucim.skimage.filters.tests.test_unsharp_mask" name="test_unsharp_masking_output_type_and_shape[False-1.0-0.5-0-uint16-shape4-False]" time="0.001" /><testcase classname="src.cucim.skimage.filters.tests.test_unsharp_mask" name="test_unsharp_masking_output_type_and_shape[False-1.0-0.5-0-int16-shape0-False]" time="0.001" /><testcase classname="src.cucim.skimage.filters.tests.test_unsharp_mask" name="test_unsharp_masking_output_type_and_shape[False-1.0-0.5-0-int16-shape1-True]" time="0.002" /><testcase classname="src.cucim.skimage.filters.tests.test_unsharp_mask" name="test_unsharp_masking_output_type_and_shape[False-1.0-0.5-0-int16-shape2-False]" time="0.001" /><testcase classname="src.cucim.skimage.filters.tests.test_unsharp_mask" name="test_unsharp_masking_output_type_and_shape[False-1.0-0.5-0-int16-shape3-True]" time="0.002" /><testcase classname="src.cucim.skimage.filters.tests.test_unsharp_mask" name="test_unsharp_masking_output_type_and_shape[False-1.0-0.5-0-int16-shape4-False]" time="0.001" /><testcase classname="src.cucim.skimage.filters.tests.test_unsharp_mask" name="test_unsharp_masking_output_type_and_shape[False-1.0-0.5-0-uint32-shape0-False]" time="0.001" /><testcase classname="src.cucim.skimage.filters.tests.test_unsharp_mask" name="test_unsharp_masking_output_type_and_shape[False-1.0-0.5-0-uint32-shape1-True]" time="0.002" /><testcase classname="src.cucim.skimage.filters.tests.test_unsharp_mask" name="test_unsharp_masking_output_type_and_shape[False-1.0-0.5-0-uint32-shape2-False]" time="0.001" /><testcase classname="src.cucim.skimage.filters.tests.test_unsharp_mask" name="test_unsharp_masking_output_type_and_shape[False-1.0-0.5-0-uint32-shape3-True]" time="0.002" /><testcase classname="src.cucim.skimage.filters.tests.test_unsharp_mask" name="test_unsharp_masking_output_type_and_shape[False-1.0-0.5-0-uint32-shape4-False]" time="0.001" /><testcase classname="src.cucim.skimage.filters.tests.test_unsharp_mask" name="test_unsharp_masking_output_type_and_shape[False-1.0-0.5-0-int32-shape0-False]" time="0.001" /><testcase classname="src.cucim.skimage.filters.tests.test_unsharp_mask" name="test_unsharp_masking_output_type_and_shape[False-1.0-0.5-0-int32-shape1-True]" time="0.002" /><testcase classname="src.cucim.skimage.filters.tests.test_unsharp_mask" name="test_unsharp_masking_output_type_and_shape[False-1.0-0.5-0-int32-shape2-False]" time="0.001" /><testcase classname="src.cucim.skimage.filters.tests.test_unsharp_mask" name="test_unsharp_masking_output_type_and_shape[False-1.0-0.5-0-int32-shape3-True]" time="0.002" /><testcase classname="src.cucim.skimage.filters.tests.test_unsharp_mask" name="test_unsharp_masking_output_type_and_shape[False-1.0-0.5-0-int32-shape4-False]" time="0.001" /><testcase classname="src.cucim.skimage.filters.tests.test_unsharp_mask" name="test_unsharp_masking_output_type_and_shape[False-1.0-0.5-0-uint64-shape0-False]" time="0.001" /><testcase classname="src.cucim.skimage.filters.tests.test_unsharp_mask" name="test_unsharp_masking_output_type_and_shape[False-1.0-0.5-0-uint64-shape1-True]" time="0.002" /><testcase classname="src.cucim.skimage.filters.tests.test_unsharp_mask" name="test_unsharp_masking_output_type_and_shape[False-1.0-0.5-0-uint64-shape2-False]" time="0.001" /><testcase classname="src.cucim.skimage.filters.tests.test_unsharp_mask" name="test_unsharp_masking_output_type_and_shape[False-1.0-0.5-0-uint64-shape3-True]" time="0.002" /><testcase classname="src.cucim.skimage.filters.tests.test_unsharp_mask" name="test_unsharp_masking_output_type_and_shape[False-1.0-0.5-0-uint64-shape4-False]" time="0.001" /><testcase classname="src.cucim.skimage.filters.tests.test_unsharp_mask" name="test_unsharp_masking_output_type_and_shape[False-1.0-0.5-0-int64-shape0-False]" time="0.002" /><testcase classname="src.cucim.skimage.filters.tests.test_unsharp_mask" name="test_unsharp_masking_output_type_and_shape[False-1.0-0.5-0-int64-shape1-True]" time="0.002" /><testcase classname="src.cucim.skimage.filters.tests.test_unsharp_mask" name="test_unsharp_masking_output_type_and_shape[False-1.0-0.5-0-int64-shape2-False]" time="0.001" /><testcase classname="src.cucim.skimage.filters.tests.test_unsharp_mask" name="test_unsharp_masking_output_type_and_shape[False-1.0-0.5-0-int64-shape3-True]" time="0.001" /><testcase classname="src.cucim.skimage.filters.tests.test_unsharp_mask" name="test_unsharp_masking_output_type_and_shape[False-1.0-0.5-0-int64-shape4-False]" time="0.001" /><testcase classname="src.cucim.skimage.filters.tests.test_unsharp_mask" name="test_unsharp_masking_output_type_and_shape[False-1.0-0.5-0-float16-shape0-False]" time="0.001" /><testcase classname="src.cucim.skimage.filters.tests.test_unsharp_mask" name="test_unsharp_masking_output_type_and_shape[False-1.0-0.5-0-float16-shape1-True]" time="0.002" /><testcase classname="src.cucim.skimage.filters.tests.test_unsharp_mask" name="test_unsharp_masking_output_type_and_shape[False-1.0-0.5-0-float16-shape2-False]" time="0.001" /><testcase classname="src.cucim.skimage.filters.tests.test_unsharp_mask" name="test_unsharp_masking_output_type_and_shape[False-1.0-0.5-0-float16-shape3-True]" time="0.002" /><testcase classname="src.cucim.skimage.filters.tests.test_unsharp_mask" name="test_unsharp_masking_output_type_and_shape[False-1.0-0.5-0-float16-shape4-False]" time="0.001" /><testcase classname="src.cucim.skimage.filters.tests.test_unsharp_mask" name="test_unsharp_masking_output_type_and_shape[False-1.0-0.5-0-float32-shape0-False]" time="0.001" /><testcase classname="src.cucim.skimage.filters.tests.test_unsharp_mask" name="test_unsharp_masking_output_type_and_shape[False-1.0-0.5-0-float32-shape1-True]" time="0.002" /><testcase classname="src.cucim.skimage.filters.tests.test_unsharp_mask" name="test_unsharp_masking_output_type_and_shape[False-1.0-0.5-0-float32-shape2-False]" time="0.001" /><testcase classname="src.cucim.skimage.filters.tests.test_unsharp_mask" name="test_unsharp_masking_output_type_and_shape[False-1.0-0.5-0-float32-shape3-True]" time="0.002" /><testcase classname="src.cucim.skimage.filters.tests.test_unsharp_mask" name="test_unsharp_masking_output_type_and_shape[False-1.0-0.5-0-float32-shape4-False]" time="0.001" /><testcase classname="src.cucim.skimage.filters.tests.test_unsharp_mask" name="test_unsharp_masking_output_type_and_shape[False-1.0-0.5-0-float64-shape0-False]" time="0.001" /><testcase classname="src.cucim.skimage.filters.tests.test_unsharp_mask" name="test_unsharp_masking_output_type_and_shape[False-1.0-0.5-0-float64-shape1-True]" time="0.002" /><testcase classname="src.cucim.skimage.filters.tests.test_unsharp_mask" name="test_unsharp_masking_output_type_and_shape[False-1.0-0.5-0-float64-shape2-False]" time="0.001" /><testcase classname="src.cucim.skimage.filters.tests.test_unsharp_mask" name="test_unsharp_masking_output_type_and_shape[False-1.0-0.5-0-float64-shape3-True]" time="0.002" /><testcase classname="src.cucim.skimage.filters.tests.test_unsharp_mask" name="test_unsharp_masking_output_type_and_shape[False-1.0-0.5-0-float64-shape4-False]" time="0.001" /><testcase classname="src.cucim.skimage.filters.tests.test_unsharp_mask" name="test_unsharp_masking_output_type_and_shape[False-1.0-0.5-0.1-uint8-shape0-False]" time="0.001" /><testcase classname="src.cucim.skimage.filters.tests.test_unsharp_mask" name="test_unsharp_masking_output_type_and_shape[False-1.0-0.5-0.1-uint8-shape1-True]" time="0.002" /><testcase classname="src.cucim.skimage.filters.tests.test_unsharp_mask" name="test_unsharp_masking_output_type_and_shape[False-1.0-0.5-0.1-uint8-shape2-False]" time="0.001" /><testcase classname="src.cucim.skimage.filters.tests.test_unsharp_mask" name="test_unsharp_masking_output_type_and_shape[False-1.0-0.5-0.1-uint8-shape3-True]" time="0.002" /><testcase classname="src.cucim.skimage.filters.tests.test_unsharp_mask" name="test_unsharp_masking_output_type_and_shape[False-1.0-0.5-0.1-uint8-shape4-False]" time="0.001" /><testcase classname="src.cucim.skimage.filters.tests.test_unsharp_mask" name="test_unsharp_masking_output_type_and_shape[False-1.0-0.5-0.1-int8-shape0-False]" time="0.001" /><testcase classname="src.cucim.skimage.filters.tests.test_unsharp_mask" name="test_unsharp_masking_output_type_and_shape[False-1.0-0.5-0.1-int8-shape1-True]" time="0.002" /><testcase classname="src.cucim.skimage.filters.tests.test_unsharp_mask" name="test_unsharp_masking_output_type_and_shape[False-1.0-0.5-0.1-int8-shape2-False]" time="0.001" /><testcase classname="src.cucim.skimage.filters.tests.test_unsharp_mask" name="test_unsharp_masking_output_type_and_shape[False-1.0-0.5-0.1-int8-shape3-True]" time="0.002" /><testcase classname="src.cucim.skimage.filters.tests.test_unsharp_mask" name="test_unsharp_masking_output_type_and_shape[False-1.0-0.5-0.1-int8-shape4-False]" time="0.001" /><testcase classname="src.cucim.skimage.filters.tests.test_unsharp_mask" name="test_unsharp_masking_output_type_and_shape[False-1.0-0.5-0.1-uint16-shape0-False]" time="0.001" /><testcase classname="src.cucim.skimage.filters.tests.test_unsharp_mask" name="test_unsharp_masking_output_type_and_shape[False-1.0-0.5-0.1-uint16-shape1-True]" time="0.002" /><testcase classname="src.cucim.skimage.filters.tests.test_unsharp_mask" name="test_unsharp_masking_output_type_and_shape[False-1.0-0.5-0.1-uint16-shape2-False]" time="0.001" /><testcase classname="src.cucim.skimage.filters.tests.test_unsharp_mask" name="test_unsharp_masking_output_type_and_shape[False-1.0-0.5-0.1-uint16-shape3-True]" time="0.002" /><testcase classname="src.cucim.skimage.filters.tests.test_unsharp_mask" name="test_unsharp_masking_output_type_and_shape[False-1.0-0.5-0.1-uint16-shape4-False]" time="0.001" /><testcase classname="src.cucim.skimage.filters.tests.test_unsharp_mask" name="test_unsharp_masking_output_type_and_shape[False-1.0-0.5-0.1-int16-shape0-False]" time="0.001" /><testcase classname="src.cucim.skimage.filters.tests.test_unsharp_mask" name="test_unsharp_masking_output_type_and_shape[False-1.0-0.5-0.1-int16-shape1-True]" time="0.002" /><testcase classname="src.cucim.skimage.filters.tests.test_unsharp_mask" name="test_unsharp_masking_output_type_and_shape[False-1.0-0.5-0.1-int16-shape2-False]" time="0.001" /><testcase classname="src.cucim.skimage.filters.tests.test_unsharp_mask" name="test_unsharp_masking_output_type_and_shape[False-1.0-0.5-0.1-int16-shape3-True]" time="0.002" /><testcase classname="src.cucim.skimage.filters.tests.test_unsharp_mask" name="test_unsharp_masking_output_type_and_shape[False-1.0-0.5-0.1-int16-shape4-False]" time="0.001" /><testcase classname="src.cucim.skimage.filters.tests.test_unsharp_mask" name="test_unsharp_masking_output_type_and_shape[False-1.0-0.5-0.1-uint32-shape0-False]" time="0.001" /><testcase classname="src.cucim.skimage.filters.tests.test_unsharp_mask" name="test_unsharp_masking_output_type_and_shape[False-1.0-0.5-0.1-uint32-shape1-True]" time="0.002" /><testcase classname="src.cucim.skimage.filters.tests.test_unsharp_mask" name="test_unsharp_masking_output_type_and_shape[False-1.0-0.5-0.1-uint32-shape2-False]" time="0.001" /><testcase classname="src.cucim.skimage.filters.tests.test_unsharp_mask" name="test_unsharp_masking_output_type_and_shape[False-1.0-0.5-0.1-uint32-shape3-True]" time="0.002" /><testcase classname="src.cucim.skimage.filters.tests.test_unsharp_mask" name="test_unsharp_masking_output_type_and_shape[False-1.0-0.5-0.1-uint32-shape4-False]" time="0.001" /><testcase classname="src.cucim.skimage.filters.tests.test_unsharp_mask" name="test_unsharp_masking_output_type_and_shape[False-1.0-0.5-0.1-int32-shape0-False]" time="0.001" /><testcase classname="src.cucim.skimage.filters.tests.test_unsharp_mask" name="test_unsharp_masking_output_type_and_shape[False-1.0-0.5-0.1-int32-shape1-True]" time="0.002" /><testcase classname="src.cucim.skimage.filters.tests.test_unsharp_mask" name="test_unsharp_masking_output_type_and_shape[False-1.0-0.5-0.1-int32-shape2-False]" time="0.001" /><testcase classname="src.cucim.skimage.filters.tests.test_unsharp_mask" name="test_unsharp_masking_output_type_and_shape[False-1.0-0.5-0.1-int32-shape3-True]" time="0.002" /><testcase classname="src.cucim.skimage.filters.tests.test_unsharp_mask" name="test_unsharp_masking_output_type_and_shape[False-1.0-0.5-0.1-int32-shape4-False]" time="0.001" /><testcase classname="src.cucim.skimage.filters.tests.test_unsharp_mask" name="test_unsharp_masking_output_type_and_shape[False-1.0-0.5-0.1-uint64-shape0-False]" time="0.001" /><testcase classname="src.cucim.skimage.filters.tests.test_unsharp_mask" name="test_unsharp_masking_output_type_and_shape[False-1.0-0.5-0.1-uint64-shape1-True]" time="0.002" /><testcase classname="src.cucim.skimage.filters.tests.test_unsharp_mask" name="test_unsharp_masking_output_type_and_shape[False-1.0-0.5-0.1-uint64-shape2-False]" time="0.001" /><testcase classname="src.cucim.skimage.filters.tests.test_unsharp_mask" name="test_unsharp_masking_output_type_and_shape[False-1.0-0.5-0.1-uint64-shape3-True]" time="0.002" /><testcase classname="src.cucim.skimage.filters.tests.test_unsharp_mask" name="test_unsharp_masking_output_type_and_shape[False-1.0-0.5-0.1-uint64-shape4-False]" time="0.001" /><testcase classname="src.cucim.skimage.filters.tests.test_unsharp_mask" name="test_unsharp_masking_output_type_and_shape[False-1.0-0.5-0.1-int64-shape0-False]" time="0.001" /><testcase classname="src.cucim.skimage.filters.tests.test_unsharp_mask" name="test_unsharp_masking_output_type_and_shape[False-1.0-0.5-0.1-int64-shape1-True]" time="0.002" /><testcase classname="src.cucim.skimage.filters.tests.test_unsharp_mask" name="test_unsharp_masking_output_type_and_shape[False-1.0-0.5-0.1-int64-shape2-False]" time="0.001" /><testcase classname="src.cucim.skimage.filters.tests.test_unsharp_mask" name="test_unsharp_masking_output_type_and_shape[False-1.0-0.5-0.1-int64-shape3-True]" time="0.002" /><testcase classname="src.cucim.skimage.filters.tests.test_unsharp_mask" name="test_unsharp_masking_output_type_and_shape[False-1.0-0.5-0.1-int64-shape4-False]" time="0.001" /><testcase classname="src.cucim.skimage.filters.tests.test_unsharp_mask" name="test_unsharp_masking_output_type_and_shape[False-1.0-0.5-0.1-float16-shape0-False]" time="0.001" /><testcase classname="src.cucim.skimage.filters.tests.test_unsharp_mask" name="test_unsharp_masking_output_type_and_shape[False-1.0-0.5-0.1-float16-shape1-True]" time="0.002" /><testcase classname="src.cucim.skimage.filters.tests.test_unsharp_mask" name="test_unsharp_masking_output_type_and_shape[False-1.0-0.5-0.1-float16-shape2-False]" time="0.001" /><testcase classname="src.cucim.skimage.filters.tests.test_unsharp_mask" name="test_unsharp_masking_output_type_and_shape[False-1.0-0.5-0.1-float16-shape3-True]" time="0.002" /><testcase classname="src.cucim.skimage.filters.tests.test_unsharp_mask" name="test_unsharp_masking_output_type_and_shape[False-1.0-0.5-0.1-float16-shape4-False]" time="0.001" /><testcase classname="src.cucim.skimage.filters.tests.test_unsharp_mask" name="test_unsharp_masking_output_type_and_shape[False-1.0-0.5-0.1-float32-shape0-False]" time="0.001" /><testcase classname="src.cucim.skimage.filters.tests.test_unsharp_mask" name="test_unsharp_masking_output_type_and_shape[False-1.0-0.5-0.1-float32-shape1-True]" time="0.002" /><testcase classname="src.cucim.skimage.filters.tests.test_unsharp_mask" name="test_unsharp_masking_output_type_and_shape[False-1.0-0.5-0.1-float32-shape2-False]" time="0.002" /><testcase classname="src.cucim.skimage.filters.tests.test_unsharp_mask" name="test_unsharp_masking_output_type_and_shape[False-1.0-0.5-0.1-float32-shape3-True]" time="0.002" /><testcase classname="src.cucim.skimage.filters.tests.test_unsharp_mask" name="test_unsharp_masking_output_type_and_shape[False-1.0-0.5-0.1-float32-shape4-False]" time="0.002" /><testcase classname="src.cucim.skimage.filters.tests.test_unsharp_mask" name="test_unsharp_masking_output_type_and_shape[False-1.0-0.5-0.1-float64-shape0-False]" time="0.001" /><testcase classname="src.cucim.skimage.filters.tests.test_unsharp_mask" name="test_unsharp_masking_output_type_and_shape[False-1.0-0.5-0.1-float64-shape1-True]" time="0.002" /><testcase classname="src.cucim.skimage.filters.tests.test_unsharp_mask" name="test_unsharp_masking_output_type_and_shape[False-1.0-0.5-0.1-float64-shape2-False]" time="0.001" /><testcase classname="src.cucim.skimage.filters.tests.test_unsharp_mask" name="test_unsharp_masking_output_type_and_shape[False-1.0-0.5-0.1-float64-shape3-True]" time="0.002" /><testcase classname="src.cucim.skimage.filters.tests.test_unsharp_mask" name="test_unsharp_masking_output_type_and_shape[False-1.0-0.5-0.1-float64-shape4-False]" time="0.002" /><testcase classname="src.cucim.skimage.filters.tests.test_unsharp_mask" name="test_unsharp_masking_output_type_and_shape[False-1.0-0.5-2.0-uint8-shape0-False]" time="0.002" /><testcase classname="src.cucim.skimage.filters.tests.test_unsharp_mask" name="test_unsharp_masking_output_type_and_shape[False-1.0-0.5-2.0-uint8-shape1-True]" time="0.002" /><testcase classname="src.cucim.skimage.filters.tests.test_unsharp_mask" name="test_unsharp_masking_output_type_and_shape[False-1.0-0.5-2.0-uint8-shape2-False]" time="0.002" /><testcase classname="src.cucim.skimage.filters.tests.test_unsharp_mask" name="test_unsharp_masking_output_type_and_shape[False-1.0-0.5-2.0-uint8-shape3-True]" time="0.002" /><testcase classname="src.cucim.skimage.filters.tests.test_unsharp_mask" name="test_unsharp_masking_output_type_and_shape[False-1.0-0.5-2.0-uint8-shape4-False]" time="0.002" /><testcase classname="src.cucim.skimage.filters.tests.test_unsharp_mask" name="test_unsharp_masking_output_type_and_shape[False-1.0-0.5-2.0-int8-shape0-False]" time="0.001" /><testcase classname="src.cucim.skimage.filters.tests.test_unsharp_mask" name="test_unsharp_masking_output_type_and_shape[False-1.0-0.5-2.0-int8-shape1-True]" time="0.002" /><testcase classname="src.cucim.skimage.filters.tests.test_unsharp_mask" name="test_unsharp_masking_output_type_and_shape[False-1.0-0.5-2.0-int8-shape2-False]" time="0.002" /><testcase classname="src.cucim.skimage.filters.tests.test_unsharp_mask" name="test_unsharp_masking_output_type_and_shape[False-1.0-0.5-2.0-int8-shape3-True]" time="0.002" /><testcase classname="src.cucim.skimage.filters.tests.test_unsharp_mask" name="test_unsharp_masking_output_type_and_shape[False-1.0-0.5-2.0-int8-shape4-False]" time="0.002" /><testcase classname="src.cucim.skimage.filters.tests.test_unsharp_mask" name="test_unsharp_masking_output_type_and_shape[False-1.0-0.5-2.0-uint16-shape0-False]" time="0.002" /><testcase classname="src.cucim.skimage.filters.tests.test_unsharp_mask" name="test_unsharp_masking_output_type_and_shape[False-1.0-0.5-2.0-uint16-shape1-True]" time="0.003" /><testcase classname="src.cucim.skimage.filters.tests.test_unsharp_mask" name="test_unsharp_masking_output_type_and_shape[False-1.0-0.5-2.0-uint16-shape2-False]" time="0.002" /><testcase classname="src.cucim.skimage.filters.tests.test_unsharp_mask" name="test_unsharp_masking_output_type_and_shape[False-1.0-0.5-2.0-uint16-shape3-True]" time="0.002" /><testcase classname="src.cucim.skimage.filters.tests.test_unsharp_mask" name="test_unsharp_masking_output_type_and_shape[False-1.0-0.5-2.0-uint16-shape4-False]" time="0.002" /><testcase classname="src.cucim.skimage.filters.tests.test_unsharp_mask" name="test_unsharp_masking_output_type_and_shape[False-1.0-0.5-2.0-int16-shape0-False]" time="0.002" /><testcase classname="src.cucim.skimage.filters.tests.test_unsharp_mask" name="test_unsharp_masking_output_type_and_shape[False-1.0-0.5-2.0-int16-shape1-True]" time="0.002" /><testcase classname="src.cucim.skimage.filters.tests.test_unsharp_mask" name="test_unsharp_masking_output_type_and_shape[False-1.0-0.5-2.0-int16-shape2-False]" time="0.002" /><testcase classname="src.cucim.skimage.filters.tests.test_unsharp_mask" name="test_unsharp_masking_output_type_and_shape[False-1.0-0.5-2.0-int16-shape3-True]" time="0.002" /><testcase classname="src.cucim.skimage.filters.tests.test_unsharp_mask" name="test_unsharp_masking_output_type_and_shape[False-1.0-0.5-2.0-int16-shape4-False]" time="0.002" /><testcase classname="src.cucim.skimage.filters.tests.test_unsharp_mask" name="test_unsharp_masking_output_type_and_shape[False-1.0-0.5-2.0-uint32-shape0-False]" time="0.002" /><testcase classname="src.cucim.skimage.filters.tests.test_unsharp_mask" name="test_unsharp_masking_output_type_and_shape[False-1.0-0.5-2.0-uint32-shape1-True]" time="0.002" /><testcase classname="src.cucim.skimage.filters.tests.test_unsharp_mask" name="test_unsharp_masking_output_type_and_shape[False-1.0-0.5-2.0-uint32-shape2-False]" time="0.002" /><testcase classname="src.cucim.skimage.filters.tests.test_unsharp_mask" name="test_unsharp_masking_output_type_and_shape[False-1.0-0.5-2.0-uint32-shape3-True]" time="0.002" /><testcase classname="src.cucim.skimage.filters.tests.test_unsharp_mask" name="test_unsharp_masking_output_type_and_shape[False-1.0-0.5-2.0-uint32-shape4-False]" time="0.002" /><testcase classname="src.cucim.skimage.filters.tests.test_unsharp_mask" name="test_unsharp_masking_output_type_and_shape[False-1.0-0.5-2.0-int32-shape0-False]" time="0.002" /><testcase classname="src.cucim.skimage.filters.tests.test_unsharp_mask" name="test_unsharp_masking_output_type_and_shape[False-1.0-0.5-2.0-int32-shape1-True]" time="0.002" /><testcase classname="src.cucim.skimage.filters.tests.test_unsharp_mask" name="test_unsharp_masking_output_type_and_shape[False-1.0-0.5-2.0-int32-shape2-False]" time="0.002" /><testcase classname="src.cucim.skimage.filters.tests.test_unsharp_mask" name="test_unsharp_masking_output_type_and_shape[False-1.0-0.5-2.0-int32-shape3-True]" time="0.002" /><testcase classname="src.cucim.skimage.filters.tests.test_unsharp_mask" name="test_unsharp_masking_output_type_and_shape[False-1.0-0.5-2.0-int32-shape4-False]" time="0.002" /><testcase classname="src.cucim.skimage.filters.tests.test_unsharp_mask" name="test_unsharp_masking_output_type_and_shape[False-1.0-0.5-2.0-uint64-shape0-False]" time="0.001" /><testcase classname="src.cucim.skimage.filters.tests.test_unsharp_mask" name="test_unsharp_masking_output_type_and_shape[False-1.0-0.5-2.0-uint64-shape1-True]" time="0.002" /><testcase classname="src.cucim.skimage.filters.tests.test_unsharp_mask" name="test_unsharp_masking_output_type_and_shape[False-1.0-0.5-2.0-uint64-shape2-False]" time="0.002" /><testcase classname="src.cucim.skimage.filters.tests.test_unsharp_mask" name="test_unsharp_masking_output_type_and_shape[False-1.0-0.5-2.0-uint64-shape3-True]" time="0.002" /><testcase classname="src.cucim.skimage.filters.tests.test_unsharp_mask" name="test_unsharp_masking_output_type_and_shape[False-1.0-0.5-2.0-uint64-shape4-False]" time="0.002" /><testcase classname="src.cucim.skimage.filters.tests.test_unsharp_mask" name="test_unsharp_masking_output_type_and_shape[False-1.0-0.5-2.0-int64-shape0-False]" time="0.001" /><testcase classname="src.cucim.skimage.filters.tests.test_unsharp_mask" name="test_unsharp_masking_output_type_and_shape[False-1.0-0.5-2.0-int64-shape1-True]" time="0.002" /><testcase classname="src.cucim.skimage.filters.tests.test_unsharp_mask" name="test_unsharp_masking_output_type_and_shape[False-1.0-0.5-2.0-int64-shape2-False]" time="0.002" /><testcase classname="src.cucim.skimage.filters.tests.test_unsharp_mask" name="test_unsharp_masking_output_type_and_shape[False-1.0-0.5-2.0-int64-shape3-True]" time="0.002" /><testcase classname="src.cucim.skimage.filters.tests.test_unsharp_mask" name="test_unsharp_masking_output_type_and_shape[False-1.0-0.5-2.0-int64-shape4-False]" time="0.002" /><testcase classname="src.cucim.skimage.filters.tests.test_unsharp_mask" name="test_unsharp_masking_output_type_and_shape[False-1.0-0.5-2.0-float16-shape0-False]" time="0.002" /><testcase classname="src.cucim.skimage.filters.tests.test_unsharp_mask" name="test_unsharp_masking_output_type_and_shape[False-1.0-0.5-2.0-float16-shape1-True]" time="0.002" /><testcase classname="src.cucim.skimage.filters.tests.test_unsharp_mask" name="test_unsharp_masking_output_type_and_shape[False-1.0-0.5-2.0-float16-shape2-False]" time="0.002" /><testcase classname="src.cucim.skimage.filters.tests.test_unsharp_mask" name="test_unsharp_masking_output_type_and_shape[False-1.0-0.5-2.0-float16-shape3-True]" time="0.003" /><testcase classname="src.cucim.skimage.filters.tests.test_unsharp_mask" name="test_unsharp_masking_output_type_and_shape[False-1.0-0.5-2.0-float16-shape4-False]" time="0.002" /><testcase classname="src.cucim.skimage.filters.tests.test_unsharp_mask" name="test_unsharp_masking_output_type_and_shape[False-1.0-0.5-2.0-float32-shape0-False]" time="0.002" /><testcase classname="src.cucim.skimage.filters.tests.test_unsharp_mask" name="test_unsharp_masking_output_type_and_shape[False-1.0-0.5-2.0-float32-shape1-True]" time="0.002" /><testcase classname="src.cucim.skimage.filters.tests.test_unsharp_mask" name="test_unsharp_masking_output_type_and_shape[False-1.0-0.5-2.0-float32-shape2-False]" time="0.002" /><testcase classname="src.cucim.skimage.filters.tests.test_unsharp_mask" name="test_unsharp_masking_output_type_and_shape[False-1.0-0.5-2.0-float32-shape3-True]" time="0.003" /><testcase classname="src.cucim.skimage.filters.tests.test_unsharp_mask" name="test_unsharp_masking_output_type_and_shape[False-1.0-0.5-2.0-float32-shape4-False]" time="0.002" /><testcase classname="src.cucim.skimage.filters.tests.test_unsharp_mask" name="test_unsharp_masking_output_type_and_shape[False-1.0-0.5-2.0-float64-shape0-False]" time="0.002" /><testcase classname="src.cucim.skimage.filters.tests.test_unsharp_mask" name="test_unsharp_masking_output_type_and_shape[False-1.0-0.5-2.0-float64-shape1-True]" time="0.002" /><testcase classname="src.cucim.skimage.filters.tests.test_unsharp_mask" name="test_unsharp_masking_output_type_and_shape[False-1.0-0.5-2.0-float64-shape2-False]" time="0.002" /><testcase classname="src.cucim.skimage.filters.tests.test_unsharp_mask" name="test_unsharp_masking_output_type_and_shape[False-1.0-0.5-2.0-float64-shape3-True]" time="0.003" /><testcase classname="src.cucim.skimage.filters.tests.test_unsharp_mask" name="test_unsharp_masking_output_type_and_shape[False-1.0-0.5-2.0-float64-shape4-False]" time="0.002" /><testcase classname="src.cucim.skimage.filters.tests.test_unsharp_mask" name="test_unsharp_masking_output_type_and_shape[False-1.0-2.0-0-uint8-shape0-False]" time="0.001" /><testcase classname="src.cucim.skimage.filters.tests.test_unsharp_mask" name="test_unsharp_masking_output_type_and_shape[False-1.0-2.0-0-uint8-shape1-True]" time="0.002" /><testcase classname="src.cucim.skimage.filters.tests.test_unsharp_mask" name="test_unsharp_masking_output_type_and_shape[False-1.0-2.0-0-uint8-shape2-False]" time="0.001" /><testcase classname="src.cucim.skimage.filters.tests.test_unsharp_mask" name="test_unsharp_masking_output_type_and_shape[False-1.0-2.0-0-uint8-shape3-True]" time="0.002" /><testcase classname="src.cucim.skimage.filters.tests.test_unsharp_mask" name="test_unsharp_masking_output_type_and_shape[False-1.0-2.0-0-uint8-shape4-False]" time="0.001" /><testcase classname="src.cucim.skimage.filters.tests.test_unsharp_mask" name="test_unsharp_masking_output_type_and_shape[False-1.0-2.0-0-int8-shape0-False]" time="0.001" /><testcase classname="src.cucim.skimage.filters.tests.test_unsharp_mask" name="test_unsharp_masking_output_type_and_shape[False-1.0-2.0-0-int8-shape1-True]" time="0.002" /><testcase classname="src.cucim.skimage.filters.tests.test_unsharp_mask" name="test_unsharp_masking_output_type_and_shape[False-1.0-2.0-0-int8-shape2-False]" time="0.001" /><testcase classname="src.cucim.skimage.filters.tests.test_unsharp_mask" name="test_unsharp_masking_output_type_and_shape[False-1.0-2.0-0-int8-shape3-True]" time="0.002" /><testcase classname="src.cucim.skimage.filters.tests.test_unsharp_mask" name="test_unsharp_masking_output_type_and_shape[False-1.0-2.0-0-int8-shape4-False]" time="0.001" /><testcase classname="src.cucim.skimage.filters.tests.test_unsharp_mask" name="test_unsharp_masking_output_type_and_shape[False-1.0-2.0-0-uint16-shape0-False]" time="0.001" /><testcase classname="src.cucim.skimage.filters.tests.test_unsharp_mask" name="test_unsharp_masking_output_type_and_shape[False-1.0-2.0-0-uint16-shape1-True]" time="0.002" /><testcase classname="src.cucim.skimage.filters.tests.test_unsharp_mask" name="test_unsharp_masking_output_type_and_shape[False-1.0-2.0-0-uint16-shape2-False]" time="0.001" /><testcase classname="src.cucim.skimage.filters.tests.test_unsharp_mask" name="test_unsharp_masking_output_type_and_shape[False-1.0-2.0-0-uint16-shape3-True]" time="0.002" /><testcase classname="src.cucim.skimage.filters.tests.test_unsharp_mask" name="test_unsharp_masking_output_type_and_shape[False-1.0-2.0-0-uint16-shape4-False]" time="0.001" /><testcase classname="src.cucim.skimage.filters.tests.test_unsharp_mask" name="test_unsharp_masking_output_type_and_shape[False-1.0-2.0-0-int16-shape0-False]" time="0.001" /><testcase classname="src.cucim.skimage.filters.tests.test_unsharp_mask" name="test_unsharp_masking_output_type_and_shape[False-1.0-2.0-0-int16-shape1-True]" time="0.002" /><testcase classname="src.cucim.skimage.filters.tests.test_unsharp_mask" name="test_unsharp_masking_output_type_and_shape[False-1.0-2.0-0-int16-shape2-False]" time="0.001" /><testcase classname="src.cucim.skimage.filters.tests.test_unsharp_mask" name="test_unsharp_masking_output_type_and_shape[False-1.0-2.0-0-int16-shape3-True]" time="0.002" /><testcase classname="src.cucim.skimage.filters.tests.test_unsharp_mask" name="test_unsharp_masking_output_type_and_shape[False-1.0-2.0-0-int16-shape4-False]" time="0.001" /><testcase classname="src.cucim.skimage.filters.tests.test_unsharp_mask" name="test_unsharp_masking_output_type_and_shape[False-1.0-2.0-0-uint32-shape0-False]" time="0.001" /><testcase classname="src.cucim.skimage.filters.tests.test_unsharp_mask" name="test_unsharp_masking_output_type_and_shape[False-1.0-2.0-0-uint32-shape1-True]" time="0.002" /><testcase classname="src.cucim.skimage.filters.tests.test_unsharp_mask" name="test_unsharp_masking_output_type_and_shape[False-1.0-2.0-0-uint32-shape2-False]" time="0.001" /><testcase classname="src.cucim.skimage.filters.tests.test_unsharp_mask" name="test_unsharp_masking_output_type_and_shape[False-1.0-2.0-0-uint32-shape3-True]" time="0.002" /><testcase classname="src.cucim.skimage.filters.tests.test_unsharp_mask" name="test_unsharp_masking_output_type_and_shape[False-1.0-2.0-0-uint32-shape4-False]" time="0.001" /><testcase classname="src.cucim.skimage.filters.tests.test_unsharp_mask" name="test_unsharp_masking_output_type_and_shape[False-1.0-2.0-0-int32-shape0-False]" time="0.001" /><testcase classname="src.cucim.skimage.filters.tests.test_unsharp_mask" name="test_unsharp_masking_output_type_and_shape[False-1.0-2.0-0-int32-shape1-True]" time="0.002" /><testcase classname="src.cucim.skimage.filters.tests.test_unsharp_mask" name="test_unsharp_masking_output_type_and_shape[False-1.0-2.0-0-int32-shape2-False]" time="0.001" /><testcase classname="src.cucim.skimage.filters.tests.test_unsharp_mask" name="test_unsharp_masking_output_type_and_shape[False-1.0-2.0-0-int32-shape3-True]" time="0.002" /><testcase classname="src.cucim.skimage.filters.tests.test_unsharp_mask" name="test_unsharp_masking_output_type_and_shape[False-1.0-2.0-0-int32-shape4-False]" time="0.001" /><testcase classname="src.cucim.skimage.filters.tests.test_unsharp_mask" name="test_unsharp_masking_output_type_and_shape[False-1.0-2.0-0-uint64-shape0-False]" time="0.001" /><testcase classname="src.cucim.skimage.filters.tests.test_unsharp_mask" name="test_unsharp_masking_output_type_and_shape[False-1.0-2.0-0-uint64-shape1-True]" time="0.002" /><testcase classname="src.cucim.skimage.filters.tests.test_unsharp_mask" name="test_unsharp_masking_output_type_and_shape[False-1.0-2.0-0-uint64-shape2-False]" time="0.002" /><testcase classname="src.cucim.skimage.filters.tests.test_unsharp_mask" name="test_unsharp_masking_output_type_and_shape[False-1.0-2.0-0-uint64-shape3-True]" time="0.002" /><testcase classname="src.cucim.skimage.filters.tests.test_unsharp_mask" name="test_unsharp_masking_output_type_and_shape[False-1.0-2.0-0-uint64-shape4-False]" time="0.001" /><testcase classname="src.cucim.skimage.filters.tests.test_unsharp_mask" name="test_unsharp_masking_output_type_and_shape[False-1.0-2.0-0-int64-shape0-False]" time="0.001" /><testcase classname="src.cucim.skimage.filters.tests.test_unsharp_mask" name="test_unsharp_masking_output_type_and_shape[False-1.0-2.0-0-int64-shape1-True]" time="0.002" /><testcase classname="src.cucim.skimage.filters.tests.test_unsharp_mask" name="test_unsharp_masking_output_type_and_shape[False-1.0-2.0-0-int64-shape2-False]" time="0.001" /><testcase classname="src.cucim.skimage.filters.tests.test_unsharp_mask" name="test_unsharp_masking_output_type_and_shape[False-1.0-2.0-0-int64-shape3-True]" time="0.002" /><testcase classname="src.cucim.skimage.filters.tests.test_unsharp_mask" name="test_unsharp_masking_output_type_and_shape[False-1.0-2.0-0-int64-shape4-False]" time="0.001" /><testcase classname="src.cucim.skimage.filters.tests.test_unsharp_mask" name="test_unsharp_masking_output_type_and_shape[False-1.0-2.0-0-float16-shape0-False]" time="0.001" /><testcase classname="src.cucim.skimage.filters.tests.test_unsharp_mask" name="test_unsharp_masking_output_type_and_shape[False-1.0-2.0-0-float16-shape1-True]" time="0.002" /><testcase classname="src.cucim.skimage.filters.tests.test_unsharp_mask" name="test_unsharp_masking_output_type_and_shape[False-1.0-2.0-0-float16-shape2-False]" time="0.001" /><testcase classname="src.cucim.skimage.filters.tests.test_unsharp_mask" name="test_unsharp_masking_output_type_and_shape[False-1.0-2.0-0-float16-shape3-True]" time="0.002" /><testcase classname="src.cucim.skimage.filters.tests.test_unsharp_mask" name="test_unsharp_masking_output_type_and_shape[False-1.0-2.0-0-float16-shape4-False]" time="0.001" /><testcase classname="src.cucim.skimage.filters.tests.test_unsharp_mask" name="test_unsharp_masking_output_type_and_shape[False-1.0-2.0-0-float32-shape0-False]" time="0.001" /><testcase classname="src.cucim.skimage.filters.tests.test_unsharp_mask" name="test_unsharp_masking_output_type_and_shape[False-1.0-2.0-0-float32-shape1-True]" time="0.002" /><testcase classname="src.cucim.skimage.filters.tests.test_unsharp_mask" name="test_unsharp_masking_output_type_and_shape[False-1.0-2.0-0-float32-shape2-False]" time="0.001" /><testcase classname="src.cucim.skimage.filters.tests.test_unsharp_mask" name="test_unsharp_masking_output_type_and_shape[False-1.0-2.0-0-float32-shape3-True]" time="0.002" /><testcase classname="src.cucim.skimage.filters.tests.test_unsharp_mask" name="test_unsharp_masking_output_type_and_shape[False-1.0-2.0-0-float32-shape4-False]" time="0.001" /><testcase classname="src.cucim.skimage.filters.tests.test_unsharp_mask" name="test_unsharp_masking_output_type_and_shape[False-1.0-2.0-0-float64-shape0-False]" time="0.001" /><testcase classname="src.cucim.skimage.filters.tests.test_unsharp_mask" name="test_unsharp_masking_output_type_and_shape[False-1.0-2.0-0-float64-shape1-True]" time="0.002" /><testcase classname="src.cucim.skimage.filters.tests.test_unsharp_mask" name="test_unsharp_masking_output_type_and_shape[False-1.0-2.0-0-float64-shape2-False]" time="0.001" /><testcase classname="src.cucim.skimage.filters.tests.test_unsharp_mask" name="test_unsharp_masking_output_type_and_shape[False-1.0-2.0-0-float64-shape3-True]" time="0.002" /><testcase classname="src.cucim.skimage.filters.tests.test_unsharp_mask" name="test_unsharp_masking_output_type_and_shape[False-1.0-2.0-0-float64-shape4-False]" time="0.001" /><testcase classname="src.cucim.skimage.filters.tests.test_unsharp_mask" name="test_unsharp_masking_output_type_and_shape[False-1.0-2.0-0.1-uint8-shape0-False]" time="0.001" /><testcase classname="src.cucim.skimage.filters.tests.test_unsharp_mask" name="test_unsharp_masking_output_type_and_shape[False-1.0-2.0-0.1-uint8-shape1-True]" time="0.002" /><testcase classname="src.cucim.skimage.filters.tests.test_unsharp_mask" name="test_unsharp_masking_output_type_and_shape[False-1.0-2.0-0.1-uint8-shape2-False]" time="0.001" /><testcase classname="src.cucim.skimage.filters.tests.test_unsharp_mask" name="test_unsharp_masking_output_type_and_shape[False-1.0-2.0-0.1-uint8-shape3-True]" time="0.002" /><testcase classname="src.cucim.skimage.filters.tests.test_unsharp_mask" name="test_unsharp_masking_output_type_and_shape[False-1.0-2.0-0.1-uint8-shape4-False]" time="0.001" /><testcase classname="src.cucim.skimage.filters.tests.test_unsharp_mask" name="test_unsharp_masking_output_type_and_shape[False-1.0-2.0-0.1-int8-shape0-False]" time="0.001" /><testcase classname="src.cucim.skimage.filters.tests.test_unsharp_mask" name="test_unsharp_masking_output_type_and_shape[False-1.0-2.0-0.1-int8-shape1-True]" time="0.002" /><testcase classname="src.cucim.skimage.filters.tests.test_unsharp_mask" name="test_unsharp_masking_output_type_and_shape[False-1.0-2.0-0.1-int8-shape2-False]" time="0.002" /><testcase classname="src.cucim.skimage.filters.tests.test_unsharp_mask" name="test_unsharp_masking_output_type_and_shape[False-1.0-2.0-0.1-int8-shape3-True]" time="0.002" /><testcase classname="src.cucim.skimage.filters.tests.test_unsharp_mask" name="test_unsharp_masking_output_type_and_shape[False-1.0-2.0-0.1-int8-shape4-False]" time="0.001" /><testcase classname="src.cucim.skimage.filters.tests.test_unsharp_mask" name="test_unsharp_masking_output_type_and_shape[False-1.0-2.0-0.1-uint16-shape0-False]" time="0.001" /><testcase classname="src.cucim.skimage.filters.tests.test_unsharp_mask" name="test_unsharp_masking_output_type_and_shape[False-1.0-2.0-0.1-uint16-shape1-True]" time="0.002" /><testcase classname="src.cucim.skimage.filters.tests.test_unsharp_mask" name="test_unsharp_masking_output_type_and_shape[False-1.0-2.0-0.1-uint16-shape2-False]" time="0.001" /><testcase classname="src.cucim.skimage.filters.tests.test_unsharp_mask" name="test_unsharp_masking_output_type_and_shape[False-1.0-2.0-0.1-uint16-shape3-True]" time="0.002" /><testcase classname="src.cucim.skimage.filters.tests.test_unsharp_mask" name="test_unsharp_masking_output_type_and_shape[False-1.0-2.0-0.1-uint16-shape4-False]" time="0.001" /><testcase classname="src.cucim.skimage.filters.tests.test_unsharp_mask" name="test_unsharp_masking_output_type_and_shape[False-1.0-2.0-0.1-int16-shape0-False]" time="0.001" /><testcase classname="src.cucim.skimage.filters.tests.test_unsharp_mask" name="test_unsharp_masking_output_type_and_shape[False-1.0-2.0-0.1-int16-shape1-True]" time="0.002" /><testcase classname="src.cucim.skimage.filters.tests.test_unsharp_mask" name="test_unsharp_masking_output_type_and_shape[False-1.0-2.0-0.1-int16-shape2-False]" time="0.001" /><testcase classname="src.cucim.skimage.filters.tests.test_unsharp_mask" name="test_unsharp_masking_output_type_and_shape[False-1.0-2.0-0.1-int16-shape3-True]" time="0.002" /><testcase classname="src.cucim.skimage.filters.tests.test_unsharp_mask" name="test_unsharp_masking_output_type_and_shape[False-1.0-2.0-0.1-int16-shape4-False]" time="0.001" /><testcase classname="src.cucim.skimage.filters.tests.test_unsharp_mask" name="test_unsharp_masking_output_type_and_shape[False-1.0-2.0-0.1-uint32-shape0-False]" time="0.001" /><testcase classname="src.cucim.skimage.filters.tests.test_unsharp_mask" name="test_unsharp_masking_output_type_and_shape[False-1.0-2.0-0.1-uint32-shape1-True]" time="0.002" /><testcase classname="src.cucim.skimage.filters.tests.test_unsharp_mask" name="test_unsharp_masking_output_type_and_shape[False-1.0-2.0-0.1-uint32-shape2-False]" time="0.001" /><testcase classname="src.cucim.skimage.filters.tests.test_unsharp_mask" name="test_unsharp_masking_output_type_and_shape[False-1.0-2.0-0.1-uint32-shape3-True]" time="0.002" /><testcase classname="src.cucim.skimage.filters.tests.test_unsharp_mask" name="test_unsharp_masking_output_type_and_shape[False-1.0-2.0-0.1-uint32-shape4-False]" time="0.001" /><testcase classname="src.cucim.skimage.filters.tests.test_unsharp_mask" name="test_unsharp_masking_output_type_and_shape[False-1.0-2.0-0.1-int32-shape0-False]" time="0.001" /><testcase classname="src.cucim.skimage.filters.tests.test_unsharp_mask" name="test_unsharp_masking_output_type_and_shape[False-1.0-2.0-0.1-int32-shape1-True]" time="0.002" /><testcase classname="src.cucim.skimage.filters.tests.test_unsharp_mask" name="test_unsharp_masking_output_type_and_shape[False-1.0-2.0-0.1-int32-shape2-False]" time="0.001" /><testcase classname="src.cucim.skimage.filters.tests.test_unsharp_mask" name="test_unsharp_masking_output_type_and_shape[False-1.0-2.0-0.1-int32-shape3-True]" time="0.002" /><testcase classname="src.cucim.skimage.filters.tests.test_unsharp_mask" name="test_unsharp_masking_output_type_and_shape[False-1.0-2.0-0.1-int32-shape4-False]" time="0.001" /><testcase classname="src.cucim.skimage.filters.tests.test_unsharp_mask" name="test_unsharp_masking_output_type_and_shape[False-1.0-2.0-0.1-uint64-shape0-False]" time="0.001" /><testcase classname="src.cucim.skimage.filters.tests.test_unsharp_mask" name="test_unsharp_masking_output_type_and_shape[False-1.0-2.0-0.1-uint64-shape1-True]" time="0.002" /><testcase classname="src.cucim.skimage.filters.tests.test_unsharp_mask" name="test_unsharp_masking_output_type_and_shape[False-1.0-2.0-0.1-uint64-shape2-False]" time="0.001" /><testcase classname="src.cucim.skimage.filters.tests.test_unsharp_mask" name="test_unsharp_masking_output_type_and_shape[False-1.0-2.0-0.1-uint64-shape3-True]" time="0.002" /><testcase classname="src.cucim.skimage.filters.tests.test_unsharp_mask" name="test_unsharp_masking_output_type_and_shape[False-1.0-2.0-0.1-uint64-shape4-False]" time="0.001" /><testcase classname="src.cucim.skimage.filters.tests.test_unsharp_mask" name="test_unsharp_masking_output_type_and_shape[False-1.0-2.0-0.1-int64-shape0-False]" time="0.001" /><testcase classname="src.cucim.skimage.filters.tests.test_unsharp_mask" name="test_unsharp_masking_output_type_and_shape[False-1.0-2.0-0.1-int64-shape1-True]" time="0.002" /><testcase classname="src.cucim.skimage.filters.tests.test_unsharp_mask" name="test_unsharp_masking_output_type_and_shape[False-1.0-2.0-0.1-int64-shape2-False]" time="0.001" /><testcase classname="src.cucim.skimage.filters.tests.test_unsharp_mask" name="test_unsharp_masking_output_type_and_shape[False-1.0-2.0-0.1-int64-shape3-True]" time="0.002" /><testcase classname="src.cucim.skimage.filters.tests.test_unsharp_mask" name="test_unsharp_masking_output_type_and_shape[False-1.0-2.0-0.1-int64-shape4-False]" time="0.001" /><testcase classname="src.cucim.skimage.filters.tests.test_unsharp_mask" name="test_unsharp_masking_output_type_and_shape[False-1.0-2.0-0.1-float16-shape0-False]" time="0.001" /><testcase classname="src.cucim.skimage.filters.tests.test_unsharp_mask" name="test_unsharp_masking_output_type_and_shape[False-1.0-2.0-0.1-float16-shape1-True]" time="0.002" /><testcase classname="src.cucim.skimage.filters.tests.test_unsharp_mask" name="test_unsharp_masking_output_type_and_shape[False-1.0-2.0-0.1-float16-shape2-False]" time="0.001" /><testcase classname="src.cucim.skimage.filters.tests.test_unsharp_mask" name="test_unsharp_masking_output_type_and_shape[False-1.0-2.0-0.1-float16-shape3-True]" time="0.002" /><testcase classname="src.cucim.skimage.filters.tests.test_unsharp_mask" name="test_unsharp_masking_output_type_and_shape[False-1.0-2.0-0.1-float16-shape4-False]" time="0.001" /><testcase classname="src.cucim.skimage.filters.tests.test_unsharp_mask" name="test_unsharp_masking_output_type_and_shape[False-1.0-2.0-0.1-float32-shape0-False]" time="0.001" /><testcase classname="src.cucim.skimage.filters.tests.test_unsharp_mask" name="test_unsharp_masking_output_type_and_shape[False-1.0-2.0-0.1-float32-shape1-True]" time="0.002" /><testcase classname="src.cucim.skimage.filters.tests.test_unsharp_mask" name="test_unsharp_masking_output_type_and_shape[False-1.0-2.0-0.1-float32-shape2-False]" time="0.002" /><testcase classname="src.cucim.skimage.filters.tests.test_unsharp_mask" name="test_unsharp_masking_output_type_and_shape[False-1.0-2.0-0.1-float32-shape3-True]" time="0.002" /><testcase classname="src.cucim.skimage.filters.tests.test_unsharp_mask" name="test_unsharp_masking_output_type_and_shape[False-1.0-2.0-0.1-float32-shape4-False]" time="0.001" /><testcase classname="src.cucim.skimage.filters.tests.test_unsharp_mask" name="test_unsharp_masking_output_type_and_shape[False-1.0-2.0-0.1-float64-shape0-False]" time="0.001" /><testcase classname="src.cucim.skimage.filters.tests.test_unsharp_mask" name="test_unsharp_masking_output_type_and_shape[False-1.0-2.0-0.1-float64-shape1-True]" time="0.002" /><testcase classname="src.cucim.skimage.filters.tests.test_unsharp_mask" name="test_unsharp_masking_output_type_and_shape[False-1.0-2.0-0.1-float64-shape2-False]" time="0.001" /><testcase classname="src.cucim.skimage.filters.tests.test_unsharp_mask" name="test_unsharp_masking_output_type_and_shape[False-1.0-2.0-0.1-float64-shape3-True]" time="0.002" /><testcase classname="src.cucim.skimage.filters.tests.test_unsharp_mask" name="test_unsharp_masking_output_type_and_shape[False-1.0-2.0-0.1-float64-shape4-False]" time="0.002" /><testcase classname="src.cucim.skimage.filters.tests.test_unsharp_mask" name="test_unsharp_masking_output_type_and_shape[False-1.0-2.0-2.0-uint8-shape0-False]" time="0.002" /><testcase classname="src.cucim.skimage.filters.tests.test_unsharp_mask" name="test_unsharp_masking_output_type_and_shape[False-1.0-2.0-2.0-uint8-shape1-True]" time="0.002" /><testcase classname="src.cucim.skimage.filters.tests.test_unsharp_mask" name="test_unsharp_masking_output_type_and_shape[False-1.0-2.0-2.0-uint8-shape2-False]" time="0.002" /><testcase classname="src.cucim.skimage.filters.tests.test_unsharp_mask" name="test_unsharp_masking_output_type_and_shape[False-1.0-2.0-2.0-uint8-shape3-True]" time="0.002" /><testcase classname="src.cucim.skimage.filters.tests.test_unsharp_mask" name="test_unsharp_masking_output_type_and_shape[False-1.0-2.0-2.0-uint8-shape4-False]" time="0.002" /><testcase classname="src.cucim.skimage.filters.tests.test_unsharp_mask" name="test_unsharp_masking_output_type_and_shape[False-1.0-2.0-2.0-int8-shape0-False]" time="0.001" /><testcase classname="src.cucim.skimage.filters.tests.test_unsharp_mask" name="test_unsharp_masking_output_type_and_shape[False-1.0-2.0-2.0-int8-shape1-True]" time="0.002" /><testcase classname="src.cucim.skimage.filters.tests.test_unsharp_mask" name="test_unsharp_masking_output_type_and_shape[False-1.0-2.0-2.0-int8-shape2-False]" time="0.002" /><testcase classname="src.cucim.skimage.filters.tests.test_unsharp_mask" name="test_unsharp_masking_output_type_and_shape[False-1.0-2.0-2.0-int8-shape3-True]" time="0.003" /><testcase classname="src.cucim.skimage.filters.tests.test_unsharp_mask" name="test_unsharp_masking_output_type_and_shape[False-1.0-2.0-2.0-int8-shape4-False]" time="0.002" /><testcase classname="src.cucim.skimage.filters.tests.test_unsharp_mask" name="test_unsharp_masking_output_type_and_shape[False-1.0-2.0-2.0-uint16-shape0-False]" time="0.002" /><testcase classname="src.cucim.skimage.filters.tests.test_unsharp_mask" name="test_unsharp_masking_output_type_and_shape[False-1.0-2.0-2.0-uint16-shape1-True]" time="0.002" /><testcase classname="src.cucim.skimage.filters.tests.test_unsharp_mask" name="test_unsharp_masking_output_type_and_shape[False-1.0-2.0-2.0-uint16-shape2-False]" time="0.002" /><testcase classname="src.cucim.skimage.filters.tests.test_unsharp_mask" name="test_unsharp_masking_output_type_and_shape[False-1.0-2.0-2.0-uint16-shape3-True]" time="0.003" /><testcase classname="src.cucim.skimage.filters.tests.test_unsharp_mask" name="test_unsharp_masking_output_type_and_shape[False-1.0-2.0-2.0-uint16-shape4-False]" time="0.002" /><testcase classname="src.cucim.skimage.filters.tests.test_unsharp_mask" name="test_unsharp_masking_output_type_and_shape[False-1.0-2.0-2.0-int16-shape0-False]" time="0.002" /><testcase classname="src.cucim.skimage.filters.tests.test_unsharp_mask" name="test_unsharp_masking_output_type_and_shape[False-1.0-2.0-2.0-int16-shape1-True]" time="0.003" /><testcase classname="src.cucim.skimage.filters.tests.test_unsharp_mask" name="test_unsharp_masking_output_type_and_shape[False-1.0-2.0-2.0-int16-shape2-False]" time="0.002" /><testcase classname="src.cucim.skimage.filters.tests.test_unsharp_mask" name="test_unsharp_masking_output_type_and_shape[False-1.0-2.0-2.0-int16-shape3-True]" time="0.003" /><testcase classname="src.cucim.skimage.filters.tests.test_unsharp_mask" name="test_unsharp_masking_output_type_and_shape[False-1.0-2.0-2.0-int16-shape4-False]" time="0.002" /><testcase classname="src.cucim.skimage.filters.tests.test_unsharp_mask" name="test_unsharp_masking_output_type_and_shape[False-1.0-2.0-2.0-uint32-shape0-False]" time="0.001" /><testcase classname="src.cucim.skimage.filters.tests.test_unsharp_mask" name="test_unsharp_masking_output_type_and_shape[False-1.0-2.0-2.0-uint32-shape1-True]" time="0.002" /><testcase classname="src.cucim.skimage.filters.tests.test_unsharp_mask" name="test_unsharp_masking_output_type_and_shape[False-1.0-2.0-2.0-uint32-shape2-False]" time="0.002" /><testcase classname="src.cucim.skimage.filters.tests.test_unsharp_mask" name="test_unsharp_masking_output_type_and_shape[False-1.0-2.0-2.0-uint32-shape3-True]" time="0.002" /><testcase classname="src.cucim.skimage.filters.tests.test_unsharp_mask" name="test_unsharp_masking_output_type_and_shape[False-1.0-2.0-2.0-uint32-shape4-False]" time="0.002" /><testcase classname="src.cucim.skimage.filters.tests.test_unsharp_mask" name="test_unsharp_masking_output_type_and_shape[False-1.0-2.0-2.0-int32-shape0-False]" time="0.002" /><testcase classname="src.cucim.skimage.filters.tests.test_unsharp_mask" name="test_unsharp_masking_output_type_and_shape[False-1.0-2.0-2.0-int32-shape1-True]" time="0.002" /><testcase classname="src.cucim.skimage.filters.tests.test_unsharp_mask" name="test_unsharp_masking_output_type_and_shape[False-1.0-2.0-2.0-int32-shape2-False]" time="0.002" /><testcase classname="src.cucim.skimage.filters.tests.test_unsharp_mask" name="test_unsharp_masking_output_type_and_shape[False-1.0-2.0-2.0-int32-shape3-True]" time="0.002" /><testcase classname="src.cucim.skimage.filters.tests.test_unsharp_mask" name="test_unsharp_masking_output_type_and_shape[False-1.0-2.0-2.0-int32-shape4-False]" time="0.002" /><testcase classname="src.cucim.skimage.filters.tests.test_unsharp_mask" name="test_unsharp_masking_output_type_and_shape[False-1.0-2.0-2.0-uint64-shape0-False]" time="0.002" /><testcase classname="src.cucim.skimage.filters.tests.test_unsharp_mask" name="test_unsharp_masking_output_type_and_shape[False-1.0-2.0-2.0-uint64-shape1-True]" time="0.002" /><testcase classname="src.cucim.skimage.filters.tests.test_unsharp_mask" name="test_unsharp_masking_output_type_and_shape[False-1.0-2.0-2.0-uint64-shape2-False]" time="0.002" /><testcase classname="src.cucim.skimage.filters.tests.test_unsharp_mask" name="test_unsharp_masking_output_type_and_shape[False-1.0-2.0-2.0-uint64-shape3-True]" time="0.002" /><testcase classname="src.cucim.skimage.filters.tests.test_unsharp_mask" name="test_unsharp_masking_output_type_and_shape[False-1.0-2.0-2.0-uint64-shape4-False]" time="0.002" /><testcase classname="src.cucim.skimage.filters.tests.test_unsharp_mask" name="test_unsharp_masking_output_type_and_shape[False-1.0-2.0-2.0-int64-shape0-False]" time="0.002" /><testcase classname="src.cucim.skimage.filters.tests.test_unsharp_mask" name="test_unsharp_masking_output_type_and_shape[False-1.0-2.0-2.0-int64-shape1-True]" time="0.002" /><testcase classname="src.cucim.skimage.filters.tests.test_unsharp_mask" name="test_unsharp_masking_output_type_and_shape[False-1.0-2.0-2.0-int64-shape2-False]" time="0.002" /><testcase classname="src.cucim.skimage.filters.tests.test_unsharp_mask" name="test_unsharp_masking_output_type_and_shape[False-1.0-2.0-2.0-int64-shape3-True]" time="0.002" /><testcase classname="src.cucim.skimage.filters.tests.test_unsharp_mask" name="test_unsharp_masking_output_type_and_shape[False-1.0-2.0-2.0-int64-shape4-False]" time="0.002" /><testcase classname="src.cucim.skimage.filters.tests.test_unsharp_mask" name="test_unsharp_masking_output_type_and_shape[False-1.0-2.0-2.0-float16-shape0-False]" time="0.002" /><testcase classname="src.cucim.skimage.filters.tests.test_unsharp_mask" name="test_unsharp_masking_output_type_and_shape[False-1.0-2.0-2.0-float16-shape1-True]" time="0.003" /><testcase classname="src.cucim.skimage.filters.tests.test_unsharp_mask" name="test_unsharp_masking_output_type_and_shape[False-1.0-2.0-2.0-float16-shape2-False]" time="0.002" /><testcase classname="src.cucim.skimage.filters.tests.test_unsharp_mask" name="test_unsharp_masking_output_type_and_shape[False-1.0-2.0-2.0-float16-shape3-True]" time="0.003" /><testcase classname="src.cucim.skimage.filters.tests.test_unsharp_mask" name="test_unsharp_masking_output_type_and_shape[False-1.0-2.0-2.0-float16-shape4-False]" time="0.002" /><testcase classname="src.cucim.skimage.filters.tests.test_unsharp_mask" name="test_unsharp_masking_output_type_and_shape[False-1.0-2.0-2.0-float32-shape0-False]" time="0.002" /><testcase classname="src.cucim.skimage.filters.tests.test_unsharp_mask" name="test_unsharp_masking_output_type_and_shape[False-1.0-2.0-2.0-float32-shape1-True]" time="0.002" /><testcase classname="src.cucim.skimage.filters.tests.test_unsharp_mask" name="test_unsharp_masking_output_type_and_shape[False-1.0-2.0-2.0-float32-shape2-False]" time="0.002" /><testcase classname="src.cucim.skimage.filters.tests.test_unsharp_mask" name="test_unsharp_masking_output_type_and_shape[False-1.0-2.0-2.0-float32-shape3-True]" time="0.003" /><testcase classname="src.cucim.skimage.filters.tests.test_unsharp_mask" name="test_unsharp_masking_output_type_and_shape[False-1.0-2.0-2.0-float32-shape4-False]" time="0.002" /><testcase classname="src.cucim.skimage.filters.tests.test_unsharp_mask" name="test_unsharp_masking_output_type_and_shape[False-1.0-2.0-2.0-float64-shape0-False]" time="0.002" /><testcase classname="src.cucim.skimage.filters.tests.test_unsharp_mask" name="test_unsharp_masking_output_type_and_shape[False-1.0-2.0-2.0-float64-shape1-True]" time="0.002" /><testcase classname="src.cucim.skimage.filters.tests.test_unsharp_mask" name="test_unsharp_masking_output_type_and_shape[False-1.0-2.0-2.0-float64-shape2-False]" time="0.002" /><testcase classname="src.cucim.skimage.filters.tests.test_unsharp_mask" name="test_unsharp_masking_output_type_and_shape[False-1.0-2.0-2.0-float64-shape3-True]" time="0.002" /><testcase classname="src.cucim.skimage.filters.tests.test_unsharp_mask" name="test_unsharp_masking_output_type_and_shape[False-1.0-2.0-2.0-float64-shape4-False]" time="0.002" /><testcase classname="src.cucim.skimage.filters.tests.test_unsharp_mask" name="test_unsharp_masking_output_type_and_shape[False-1.0--1.0-0-uint8-shape0-False]" time="0.001" /><testcase classname="src.cucim.skimage.filters.tests.test_unsharp_mask" name="test_unsharp_masking_output_type_and_shape[False-1.0--1.0-0-uint8-shape1-True]" time="0.002" /><testcase classname="src.cucim.skimage.filters.tests.test_unsharp_mask" name="test_unsharp_masking_output_type_and_shape[False-1.0--1.0-0-uint8-shape2-False]" time="0.001" /><testcase classname="src.cucim.skimage.filters.tests.test_unsharp_mask" name="test_unsharp_masking_output_type_and_shape[False-1.0--1.0-0-uint8-shape3-True]" time="0.002" /><testcase classname="src.cucim.skimage.filters.tests.test_unsharp_mask" name="test_unsharp_masking_output_type_and_shape[False-1.0--1.0-0-uint8-shape4-False]" time="0.001" /><testcase classname="src.cucim.skimage.filters.tests.test_unsharp_mask" name="test_unsharp_masking_output_type_and_shape[False-1.0--1.0-0-int8-shape0-False]" time="0.001" /><testcase classname="src.cucim.skimage.filters.tests.test_unsharp_mask" name="test_unsharp_masking_output_type_and_shape[False-1.0--1.0-0-int8-shape1-True]" time="0.002" /><testcase classname="src.cucim.skimage.filters.tests.test_unsharp_mask" name="test_unsharp_masking_output_type_and_shape[False-1.0--1.0-0-int8-shape2-False]" time="0.001" /><testcase classname="src.cucim.skimage.filters.tests.test_unsharp_mask" name="test_unsharp_masking_output_type_and_shape[False-1.0--1.0-0-int8-shape3-True]" time="0.002" /><testcase classname="src.cucim.skimage.filters.tests.test_unsharp_mask" name="test_unsharp_masking_output_type_and_shape[False-1.0--1.0-0-int8-shape4-False]" time="0.001" /><testcase classname="src.cucim.skimage.filters.tests.test_unsharp_mask" name="test_unsharp_masking_output_type_and_shape[False-1.0--1.0-0-uint16-shape0-False]" time="0.001" /><testcase classname="src.cucim.skimage.filters.tests.test_unsharp_mask" name="test_unsharp_masking_output_type_and_shape[False-1.0--1.0-0-uint16-shape1-True]" time="0.002" /><testcase classname="src.cucim.skimage.filters.tests.test_unsharp_mask" name="test_unsharp_masking_output_type_and_shape[False-1.0--1.0-0-uint16-shape2-False]" time="0.001" /><testcase classname="src.cucim.skimage.filters.tests.test_unsharp_mask" name="test_unsharp_masking_output_type_and_shape[False-1.0--1.0-0-uint16-shape3-True]" time="0.001" /><testcase classname="src.cucim.skimage.filters.tests.test_unsharp_mask" name="test_unsharp_masking_output_type_and_shape[False-1.0--1.0-0-uint16-shape4-False]" time="0.001" /><testcase classname="src.cucim.skimage.filters.tests.test_unsharp_mask" name="test_unsharp_masking_output_type_and_shape[False-1.0--1.0-0-int16-shape0-False]" time="0.001" /><testcase classname="src.cucim.skimage.filters.tests.test_unsharp_mask" name="test_unsharp_masking_output_type_and_shape[False-1.0--1.0-0-int16-shape1-True]" time="0.002" /><testcase classname="src.cucim.skimage.filters.tests.test_unsharp_mask" name="test_unsharp_masking_output_type_and_shape[False-1.0--1.0-0-int16-shape2-False]" time="0.001" /><testcase classname="src.cucim.skimage.filters.tests.test_unsharp_mask" name="test_unsharp_masking_output_type_and_shape[False-1.0--1.0-0-int16-shape3-True]" time="0.002" /><testcase classname="src.cucim.skimage.filters.tests.test_unsharp_mask" name="test_unsharp_masking_output_type_and_shape[False-1.0--1.0-0-int16-shape4-False]" time="0.001" /><testcase classname="src.cucim.skimage.filters.tests.test_unsharp_mask" name="test_unsharp_masking_output_type_and_shape[False-1.0--1.0-0-uint32-shape0-False]" time="0.001" /><testcase classname="src.cucim.skimage.filters.tests.test_unsharp_mask" name="test_unsharp_masking_output_type_and_shape[False-1.0--1.0-0-uint32-shape1-True]" time="0.002" /><testcase classname="src.cucim.skimage.filters.tests.test_unsharp_mask" name="test_unsharp_masking_output_type_and_shape[False-1.0--1.0-0-uint32-shape2-False]" time="0.001" /><testcase classname="src.cucim.skimage.filters.tests.test_unsharp_mask" name="test_unsharp_masking_output_type_and_shape[False-1.0--1.0-0-uint32-shape3-True]" time="0.002" /><testcase classname="src.cucim.skimage.filters.tests.test_unsharp_mask" name="test_unsharp_masking_output_type_and_shape[False-1.0--1.0-0-uint32-shape4-False]" time="0.001" /><testcase classname="src.cucim.skimage.filters.tests.test_unsharp_mask" name="test_unsharp_masking_output_type_and_shape[False-1.0--1.0-0-int32-shape0-False]" time="0.001" /><testcase classname="src.cucim.skimage.filters.tests.test_unsharp_mask" name="test_unsharp_masking_output_type_and_shape[False-1.0--1.0-0-int32-shape1-True]" time="0.002" /><testcase classname="src.cucim.skimage.filters.tests.test_unsharp_mask" name="test_unsharp_masking_output_type_and_shape[False-1.0--1.0-0-int32-shape2-False]" time="0.001" /><testcase classname="src.cucim.skimage.filters.tests.test_unsharp_mask" name="test_unsharp_masking_output_type_and_shape[False-1.0--1.0-0-int32-shape3-True]" time="0.002" /><testcase classname="src.cucim.skimage.filters.tests.test_unsharp_mask" name="test_unsharp_masking_output_type_and_shape[False-1.0--1.0-0-int32-shape4-False]" time="0.001" /><testcase classname="src.cucim.skimage.filters.tests.test_unsharp_mask" name="test_unsharp_masking_output_type_and_shape[False-1.0--1.0-0-uint64-shape0-False]" time="0.001" /><testcase classname="src.cucim.skimage.filters.tests.test_unsharp_mask" name="test_unsharp_masking_output_type_and_shape[False-1.0--1.0-0-uint64-shape1-True]" time="0.002" /><testcase classname="src.cucim.skimage.filters.tests.test_unsharp_mask" name="test_unsharp_masking_output_type_and_shape[False-1.0--1.0-0-uint64-shape2-False]" time="0.001" /><testcase classname="src.cucim.skimage.filters.tests.test_unsharp_mask" name="test_unsharp_masking_output_type_and_shape[False-1.0--1.0-0-uint64-shape3-True]" time="0.002" /><testcase classname="src.cucim.skimage.filters.tests.test_unsharp_mask" name="test_unsharp_masking_output_type_and_shape[False-1.0--1.0-0-uint64-shape4-False]" time="0.001" /><testcase classname="src.cucim.skimage.filters.tests.test_unsharp_mask" name="test_unsharp_masking_output_type_and_shape[False-1.0--1.0-0-int64-shape0-False]" time="0.001" /><testcase classname="src.cucim.skimage.filters.tests.test_unsharp_mask" name="test_unsharp_masking_output_type_and_shape[False-1.0--1.0-0-int64-shape1-True]" time="0.002" /><testcase classname="src.cucim.skimage.filters.tests.test_unsharp_mask" name="test_unsharp_masking_output_type_and_shape[False-1.0--1.0-0-int64-shape2-False]" time="0.001" /><testcase classname="src.cucim.skimage.filters.tests.test_unsharp_mask" name="test_unsharp_masking_output_type_and_shape[False-1.0--1.0-0-int64-shape3-True]" time="0.002" /><testcase classname="src.cucim.skimage.filters.tests.test_unsharp_mask" name="test_unsharp_masking_output_type_and_shape[False-1.0--1.0-0-int64-shape4-False]" time="0.001" /><testcase classname="src.cucim.skimage.filters.tests.test_unsharp_mask" name="test_unsharp_masking_output_type_and_shape[False-1.0--1.0-0-float16-shape0-False]" time="0.001" /><testcase classname="src.cucim.skimage.filters.tests.test_unsharp_mask" name="test_unsharp_masking_output_type_and_shape[False-1.0--1.0-0-float16-shape1-True]" time="0.001" /><testcase classname="src.cucim.skimage.filters.tests.test_unsharp_mask" name="test_unsharp_masking_output_type_and_shape[False-1.0--1.0-0-float16-shape2-False]" time="0.001" /><testcase classname="src.cucim.skimage.filters.tests.test_unsharp_mask" name="test_unsharp_masking_output_type_and_shape[False-1.0--1.0-0-float16-shape3-True]" time="0.002" /><testcase classname="src.cucim.skimage.filters.tests.test_unsharp_mask" name="test_unsharp_masking_output_type_and_shape[False-1.0--1.0-0-float16-shape4-False]" time="0.001" /><testcase classname="src.cucim.skimage.filters.tests.test_unsharp_mask" name="test_unsharp_masking_output_type_and_shape[False-1.0--1.0-0-float32-shape0-False]" time="0.001" /><testcase classname="src.cucim.skimage.filters.tests.test_unsharp_mask" name="test_unsharp_masking_output_type_and_shape[False-1.0--1.0-0-float32-shape1-True]" time="0.002" /><testcase classname="src.cucim.skimage.filters.tests.test_unsharp_mask" name="test_unsharp_masking_output_type_and_shape[False-1.0--1.0-0-float32-shape2-False]" time="0.001" /><testcase classname="src.cucim.skimage.filters.tests.test_unsharp_mask" name="test_unsharp_masking_output_type_and_shape[False-1.0--1.0-0-float32-shape3-True]" time="0.002" /><testcase classname="src.cucim.skimage.filters.tests.test_unsharp_mask" name="test_unsharp_masking_output_type_and_shape[False-1.0--1.0-0-float32-shape4-False]" time="0.001" /><testcase classname="src.cucim.skimage.filters.tests.test_unsharp_mask" name="test_unsharp_masking_output_type_and_shape[False-1.0--1.0-0-float64-shape0-False]" time="0.001" /><testcase classname="src.cucim.skimage.filters.tests.test_unsharp_mask" name="test_unsharp_masking_output_type_and_shape[False-1.0--1.0-0-float64-shape1-True]" time="0.002" /><testcase classname="src.cucim.skimage.filters.tests.test_unsharp_mask" name="test_unsharp_masking_output_type_and_shape[False-1.0--1.0-0-float64-shape2-False]" time="0.001" /><testcase classname="src.cucim.skimage.filters.tests.test_unsharp_mask" name="test_unsharp_masking_output_type_and_shape[False-1.0--1.0-0-float64-shape3-True]" time="0.002" /><testcase classname="src.cucim.skimage.filters.tests.test_unsharp_mask" name="test_unsharp_masking_output_type_and_shape[False-1.0--1.0-0-float64-shape4-False]" time="0.001" /><testcase classname="src.cucim.skimage.filters.tests.test_unsharp_mask" name="test_unsharp_masking_output_type_and_shape[False-1.0--1.0-0.1-uint8-shape0-False]" time="0.001" /><testcase classname="src.cucim.skimage.filters.tests.test_unsharp_mask" name="test_unsharp_masking_output_type_and_shape[False-1.0--1.0-0.1-uint8-shape1-True]" time="0.002" /><testcase classname="src.cucim.skimage.filters.tests.test_unsharp_mask" name="test_unsharp_masking_output_type_and_shape[False-1.0--1.0-0.1-uint8-shape2-False]" time="0.001" /><testcase classname="src.cucim.skimage.filters.tests.test_unsharp_mask" name="test_unsharp_masking_output_type_and_shape[False-1.0--1.0-0.1-uint8-shape3-True]" time="0.002" /><testcase classname="src.cucim.skimage.filters.tests.test_unsharp_mask" name="test_unsharp_masking_output_type_and_shape[False-1.0--1.0-0.1-uint8-shape4-False]" time="0.001" /><testcase classname="src.cucim.skimage.filters.tests.test_unsharp_mask" name="test_unsharp_masking_output_type_and_shape[False-1.0--1.0-0.1-int8-shape0-False]" time="0.001" /><testcase classname="src.cucim.skimage.filters.tests.test_unsharp_mask" name="test_unsharp_masking_output_type_and_shape[False-1.0--1.0-0.1-int8-shape1-True]" time="0.002" /><testcase classname="src.cucim.skimage.filters.tests.test_unsharp_mask" name="test_unsharp_masking_output_type_and_shape[False-1.0--1.0-0.1-int8-shape2-False]" time="0.001" /><testcase classname="src.cucim.skimage.filters.tests.test_unsharp_mask" name="test_unsharp_masking_output_type_and_shape[False-1.0--1.0-0.1-int8-shape3-True]" time="0.002" /><testcase classname="src.cucim.skimage.filters.tests.test_unsharp_mask" name="test_unsharp_masking_output_type_and_shape[False-1.0--1.0-0.1-int8-shape4-False]" time="0.001" /><testcase classname="src.cucim.skimage.filters.tests.test_unsharp_mask" name="test_unsharp_masking_output_type_and_shape[False-1.0--1.0-0.1-uint16-shape0-False]" time="0.001" /><testcase classname="src.cucim.skimage.filters.tests.test_unsharp_mask" name="test_unsharp_masking_output_type_and_shape[False-1.0--1.0-0.1-uint16-shape1-True]" time="0.002" /><testcase classname="src.cucim.skimage.filters.tests.test_unsharp_mask" name="test_unsharp_masking_output_type_and_shape[False-1.0--1.0-0.1-uint16-shape2-False]" time="0.001" /><testcase classname="src.cucim.skimage.filters.tests.test_unsharp_mask" name="test_unsharp_masking_output_type_and_shape[False-1.0--1.0-0.1-uint16-shape3-True]" time="0.002" /><testcase classname="src.cucim.skimage.filters.tests.test_unsharp_mask" name="test_unsharp_masking_output_type_and_shape[False-1.0--1.0-0.1-uint16-shape4-False]" time="0.001" /><testcase classname="src.cucim.skimage.filters.tests.test_unsharp_mask" name="test_unsharp_masking_output_type_and_shape[False-1.0--1.0-0.1-int16-shape0-False]" time="0.001" /><testcase classname="src.cucim.skimage.filters.tests.test_unsharp_mask" name="test_unsharp_masking_output_type_and_shape[False-1.0--1.0-0.1-int16-shape1-True]" time="0.002" /><testcase classname="src.cucim.skimage.filters.tests.test_unsharp_mask" name="test_unsharp_masking_output_type_and_shape[False-1.0--1.0-0.1-int16-shape2-False]" time="0.001" /><testcase classname="src.cucim.skimage.filters.tests.test_unsharp_mask" name="test_unsharp_masking_output_type_and_shape[False-1.0--1.0-0.1-int16-shape3-True]" time="0.002" /><testcase classname="src.cucim.skimage.filters.tests.test_unsharp_mask" name="test_unsharp_masking_output_type_and_shape[False-1.0--1.0-0.1-int16-shape4-False]" time="0.001" /><testcase classname="src.cucim.skimage.filters.tests.test_unsharp_mask" name="test_unsharp_masking_output_type_and_shape[False-1.0--1.0-0.1-uint32-shape0-False]" time="0.001" /><testcase classname="src.cucim.skimage.filters.tests.test_unsharp_mask" name="test_unsharp_masking_output_type_and_shape[False-1.0--1.0-0.1-uint32-shape1-True]" time="0.002" /><testcase classname="src.cucim.skimage.filters.tests.test_unsharp_mask" name="test_unsharp_masking_output_type_and_shape[False-1.0--1.0-0.1-uint32-shape2-False]" time="0.001" /><testcase classname="src.cucim.skimage.filters.tests.test_unsharp_mask" name="test_unsharp_masking_output_type_and_shape[False-1.0--1.0-0.1-uint32-shape3-True]" time="0.002" /><testcase classname="src.cucim.skimage.filters.tests.test_unsharp_mask" name="test_unsharp_masking_output_type_and_shape[False-1.0--1.0-0.1-uint32-shape4-False]" time="0.001" /><testcase classname="src.cucim.skimage.filters.tests.test_unsharp_mask" name="test_unsharp_masking_output_type_and_shape[False-1.0--1.0-0.1-int32-shape0-False]" time="0.001" /><testcase classname="src.cucim.skimage.filters.tests.test_unsharp_mask" name="test_unsharp_masking_output_type_and_shape[False-1.0--1.0-0.1-int32-shape1-True]" time="0.002" /><testcase classname="src.cucim.skimage.filters.tests.test_unsharp_mask" name="test_unsharp_masking_output_type_and_shape[False-1.0--1.0-0.1-int32-shape2-False]" time="0.001" /><testcase classname="src.cucim.skimage.filters.tests.test_unsharp_mask" name="test_unsharp_masking_output_type_and_shape[False-1.0--1.0-0.1-int32-shape3-True]" time="0.002" /><testcase classname="src.cucim.skimage.filters.tests.test_unsharp_mask" name="test_unsharp_masking_output_type_and_shape[False-1.0--1.0-0.1-int32-shape4-False]" time="0.001" /><testcase classname="src.cucim.skimage.filters.tests.test_unsharp_mask" name="test_unsharp_masking_output_type_and_shape[False-1.0--1.0-0.1-uint64-shape0-False]" time="0.001" /><testcase classname="src.cucim.skimage.filters.tests.test_unsharp_mask" name="test_unsharp_masking_output_type_and_shape[False-1.0--1.0-0.1-uint64-shape1-True]" time="0.002" /><testcase classname="src.cucim.skimage.filters.tests.test_unsharp_mask" name="test_unsharp_masking_output_type_and_shape[False-1.0--1.0-0.1-uint64-shape2-False]" time="0.001" /><testcase classname="src.cucim.skimage.filters.tests.test_unsharp_mask" name="test_unsharp_masking_output_type_and_shape[False-1.0--1.0-0.1-uint64-shape3-True]" time="0.002" /><testcase classname="src.cucim.skimage.filters.tests.test_unsharp_mask" name="test_unsharp_masking_output_type_and_shape[False-1.0--1.0-0.1-uint64-shape4-False]" time="0.001" /><testcase classname="src.cucim.skimage.filters.tests.test_unsharp_mask" name="test_unsharp_masking_output_type_and_shape[False-1.0--1.0-0.1-int64-shape0-False]" time="0.001" /><testcase classname="src.cucim.skimage.filters.tests.test_unsharp_mask" name="test_unsharp_masking_output_type_and_shape[False-1.0--1.0-0.1-int64-shape1-True]" time="0.002" /><testcase classname="src.cucim.skimage.filters.tests.test_unsharp_mask" name="test_unsharp_masking_output_type_and_shape[False-1.0--1.0-0.1-int64-shape2-False]" time="0.001" /><testcase classname="src.cucim.skimage.filters.tests.test_unsharp_mask" name="test_unsharp_masking_output_type_and_shape[False-1.0--1.0-0.1-int64-shape3-True]" time="0.002" /><testcase classname="src.cucim.skimage.filters.tests.test_unsharp_mask" name="test_unsharp_masking_output_type_and_shape[False-1.0--1.0-0.1-int64-shape4-False]" time="0.001" /><testcase classname="src.cucim.skimage.filters.tests.test_unsharp_mask" name="test_unsharp_masking_output_type_and_shape[False-1.0--1.0-0.1-float16-shape0-False]" time="0.001" /><testcase classname="src.cucim.skimage.filters.tests.test_unsharp_mask" name="test_unsharp_masking_output_type_and_shape[False-1.0--1.0-0.1-float16-shape1-True]" time="0.002" /><testcase classname="src.cucim.skimage.filters.tests.test_unsharp_mask" name="test_unsharp_masking_output_type_and_shape[False-1.0--1.0-0.1-float16-shape2-False]" time="0.001" /><testcase classname="src.cucim.skimage.filters.tests.test_unsharp_mask" name="test_unsharp_masking_output_type_and_shape[False-1.0--1.0-0.1-float16-shape3-True]" time="0.002" /><testcase classname="src.cucim.skimage.filters.tests.test_unsharp_mask" name="test_unsharp_masking_output_type_and_shape[False-1.0--1.0-0.1-float16-shape4-False]" time="0.001" /><testcase classname="src.cucim.skimage.filters.tests.test_unsharp_mask" name="test_unsharp_masking_output_type_and_shape[False-1.0--1.0-0.1-float32-shape0-False]" time="0.001" /><testcase classname="src.cucim.skimage.filters.tests.test_unsharp_mask" name="test_unsharp_masking_output_type_and_shape[False-1.0--1.0-0.1-float32-shape1-True]" time="0.002" /><testcase classname="src.cucim.skimage.filters.tests.test_unsharp_mask" name="test_unsharp_masking_output_type_and_shape[False-1.0--1.0-0.1-float32-shape2-False]" time="0.002" /><testcase classname="src.cucim.skimage.filters.tests.test_unsharp_mask" name="test_unsharp_masking_output_type_and_shape[False-1.0--1.0-0.1-float32-shape3-True]" time="0.002" /><testcase classname="src.cucim.skimage.filters.tests.test_unsharp_mask" name="test_unsharp_masking_output_type_and_shape[False-1.0--1.0-0.1-float32-shape4-False]" time="0.001" /><testcase classname="src.cucim.skimage.filters.tests.test_unsharp_mask" name="test_unsharp_masking_output_type_and_shape[False-1.0--1.0-0.1-float64-shape0-False]" time="0.001" /><testcase classname="src.cucim.skimage.filters.tests.test_unsharp_mask" name="test_unsharp_masking_output_type_and_shape[False-1.0--1.0-0.1-float64-shape1-True]" time="0.002" /><testcase classname="src.cucim.skimage.filters.tests.test_unsharp_mask" name="test_unsharp_masking_output_type_and_shape[False-1.0--1.0-0.1-float64-shape2-False]" time="0.002" /><testcase classname="src.cucim.skimage.filters.tests.test_unsharp_mask" name="test_unsharp_masking_output_type_and_shape[False-1.0--1.0-0.1-float64-shape3-True]" time="0.002" /><testcase classname="src.cucim.skimage.filters.tests.test_unsharp_mask" name="test_unsharp_masking_output_type_and_shape[False-1.0--1.0-0.1-float64-shape4-False]" time="0.002" /><testcase classname="src.cucim.skimage.filters.tests.test_unsharp_mask" name="test_unsharp_masking_output_type_and_shape[False-1.0--1.0-2.0-uint8-shape0-False]" time="0.002" /><testcase classname="src.cucim.skimage.filters.tests.test_unsharp_mask" name="test_unsharp_masking_output_type_and_shape[False-1.0--1.0-2.0-uint8-shape1-True]" time="0.002" /><testcase classname="src.cucim.skimage.filters.tests.test_unsharp_mask" name="test_unsharp_masking_output_type_and_shape[False-1.0--1.0-2.0-uint8-shape2-False]" time="0.002" /><testcase classname="src.cucim.skimage.filters.tests.test_unsharp_mask" name="test_unsharp_masking_output_type_and_shape[False-1.0--1.0-2.0-uint8-shape3-True]" time="0.002" /><testcase classname="src.cucim.skimage.filters.tests.test_unsharp_mask" name="test_unsharp_masking_output_type_and_shape[False-1.0--1.0-2.0-uint8-shape4-False]" time="0.002" /><testcase classname="src.cucim.skimage.filters.tests.test_unsharp_mask" name="test_unsharp_masking_output_type_and_shape[False-1.0--1.0-2.0-int8-shape0-False]" time="0.001" /><testcase classname="src.cucim.skimage.filters.tests.test_unsharp_mask" name="test_unsharp_masking_output_type_and_shape[False-1.0--1.0-2.0-int8-shape1-True]" time="0.002" /><testcase classname="src.cucim.skimage.filters.tests.test_unsharp_mask" name="test_unsharp_masking_output_type_and_shape[False-1.0--1.0-2.0-int8-shape2-False]" time="0.002" /><testcase classname="src.cucim.skimage.filters.tests.test_unsharp_mask" name="test_unsharp_masking_output_type_and_shape[False-1.0--1.0-2.0-int8-shape3-True]" time="0.002" /><testcase classname="src.cucim.skimage.filters.tests.test_unsharp_mask" name="test_unsharp_masking_output_type_and_shape[False-1.0--1.0-2.0-int8-shape4-False]" time="0.002" /><testcase classname="src.cucim.skimage.filters.tests.test_unsharp_mask" name="test_unsharp_masking_output_type_and_shape[False-1.0--1.0-2.0-uint16-shape0-False]" time="0.001" /><testcase classname="src.cucim.skimage.filters.tests.test_unsharp_mask" name="test_unsharp_masking_output_type_and_shape[False-1.0--1.0-2.0-uint16-shape1-True]" time="0.002" /><testcase classname="src.cucim.skimage.filters.tests.test_unsharp_mask" name="test_unsharp_masking_output_type_and_shape[False-1.0--1.0-2.0-uint16-shape2-False]" time="0.002" /><testcase classname="src.cucim.skimage.filters.tests.test_unsharp_mask" name="test_unsharp_masking_output_type_and_shape[False-1.0--1.0-2.0-uint16-shape3-True]" time="0.002" /><testcase classname="src.cucim.skimage.filters.tests.test_unsharp_mask" name="test_unsharp_masking_output_type_and_shape[False-1.0--1.0-2.0-uint16-shape4-False]" time="0.002" /><testcase classname="src.cucim.skimage.filters.tests.test_unsharp_mask" name="test_unsharp_masking_output_type_and_shape[False-1.0--1.0-2.0-int16-shape0-False]" time="0.001" /><testcase classname="src.cucim.skimage.filters.tests.test_unsharp_mask" name="test_unsharp_masking_output_type_and_shape[False-1.0--1.0-2.0-int16-shape1-True]" time="0.002" /><testcase classname="src.cucim.skimage.filters.tests.test_unsharp_mask" name="test_unsharp_masking_output_type_and_shape[False-1.0--1.0-2.0-int16-shape2-False]" time="0.002" /><testcase classname="src.cucim.skimage.filters.tests.test_unsharp_mask" name="test_unsharp_masking_output_type_and_shape[False-1.0--1.0-2.0-int16-shape3-True]" time="0.002" /><testcase classname="src.cucim.skimage.filters.tests.test_unsharp_mask" name="test_unsharp_masking_output_type_and_shape[False-1.0--1.0-2.0-int16-shape4-False]" time="0.002" /><testcase classname="src.cucim.skimage.filters.tests.test_unsharp_mask" name="test_unsharp_masking_output_type_and_shape[False-1.0--1.0-2.0-uint32-shape0-False]" time="0.001" /><testcase classname="src.cucim.skimage.filters.tests.test_unsharp_mask" name="test_unsharp_masking_output_type_and_shape[False-1.0--1.0-2.0-uint32-shape1-True]" time="0.002" /><testcase classname="src.cucim.skimage.filters.tests.test_unsharp_mask" name="test_unsharp_masking_output_type_and_shape[False-1.0--1.0-2.0-uint32-shape2-False]" time="0.002" /><testcase classname="src.cucim.skimage.filters.tests.test_unsharp_mask" name="test_unsharp_masking_output_type_and_shape[False-1.0--1.0-2.0-uint32-shape3-True]" time="0.002" /><testcase classname="src.cucim.skimage.filters.tests.test_unsharp_mask" name="test_unsharp_masking_output_type_and_shape[False-1.0--1.0-2.0-uint32-shape4-False]" time="0.002" /><testcase classname="src.cucim.skimage.filters.tests.test_unsharp_mask" name="test_unsharp_masking_output_type_and_shape[False-1.0--1.0-2.0-int32-shape0-False]" time="0.001" /><testcase classname="src.cucim.skimage.filters.tests.test_unsharp_mask" name="test_unsharp_masking_output_type_and_shape[False-1.0--1.0-2.0-int32-shape1-True]" time="0.002" /><testcase classname="src.cucim.skimage.filters.tests.test_unsharp_mask" name="test_unsharp_masking_output_type_and_shape[False-1.0--1.0-2.0-int32-shape2-False]" time="0.002" /><testcase classname="src.cucim.skimage.filters.tests.test_unsharp_mask" name="test_unsharp_masking_output_type_and_shape[False-1.0--1.0-2.0-int32-shape3-True]" time="0.002" /><testcase classname="src.cucim.skimage.filters.tests.test_unsharp_mask" name="test_unsharp_masking_output_type_and_shape[False-1.0--1.0-2.0-int32-shape4-False]" time="0.002" /><testcase classname="src.cucim.skimage.filters.tests.test_unsharp_mask" name="test_unsharp_masking_output_type_and_shape[False-1.0--1.0-2.0-uint64-shape0-False]" time="0.001" /><testcase classname="src.cucim.skimage.filters.tests.test_unsharp_mask" name="test_unsharp_masking_output_type_and_shape[False-1.0--1.0-2.0-uint64-shape1-True]" time="0.002" /><testcase classname="src.cucim.skimage.filters.tests.test_unsharp_mask" name="test_unsharp_masking_output_type_and_shape[False-1.0--1.0-2.0-uint64-shape2-False]" time="0.002" /><testcase classname="src.cucim.skimage.filters.tests.test_unsharp_mask" name="test_unsharp_masking_output_type_and_shape[False-1.0--1.0-2.0-uint64-shape3-True]" time="0.002" /><testcase classname="src.cucim.skimage.filters.tests.test_unsharp_mask" name="test_unsharp_masking_output_type_and_shape[False-1.0--1.0-2.0-uint64-shape4-False]" time="0.002" /><testcase classname="src.cucim.skimage.filters.tests.test_unsharp_mask" name="test_unsharp_masking_output_type_and_shape[False-1.0--1.0-2.0-int64-shape0-False]" time="0.001" /><testcase classname="src.cucim.skimage.filters.tests.test_unsharp_mask" name="test_unsharp_masking_output_type_and_shape[False-1.0--1.0-2.0-int64-shape1-True]" time="0.002" /><testcase classname="src.cucim.skimage.filters.tests.test_unsharp_mask" name="test_unsharp_masking_output_type_and_shape[False-1.0--1.0-2.0-int64-shape2-False]" time="0.001" /><testcase classname="src.cucim.skimage.filters.tests.test_unsharp_mask" name="test_unsharp_masking_output_type_and_shape[False-1.0--1.0-2.0-int64-shape3-True]" time="0.002" /><testcase classname="src.cucim.skimage.filters.tests.test_unsharp_mask" name="test_unsharp_masking_output_type_and_shape[False-1.0--1.0-2.0-int64-shape4-False]" time="0.002" /><testcase classname="src.cucim.skimage.filters.tests.test_unsharp_mask" name="test_unsharp_masking_output_type_and_shape[False-1.0--1.0-2.0-float16-shape0-False]" time="0.001" /><testcase classname="src.cucim.skimage.filters.tests.test_unsharp_mask" name="test_unsharp_masking_output_type_and_shape[False-1.0--1.0-2.0-float16-shape1-True]" time="0.002" /><testcase classname="src.cucim.skimage.filters.tests.test_unsharp_mask" name="test_unsharp_masking_output_type_and_shape[False-1.0--1.0-2.0-float16-shape2-False]" time="0.002" /><testcase classname="src.cucim.skimage.filters.tests.test_unsharp_mask" name="test_unsharp_masking_output_type_and_shape[False-1.0--1.0-2.0-float16-shape3-True]" time="0.002" /><testcase classname="src.cucim.skimage.filters.tests.test_unsharp_mask" name="test_unsharp_masking_output_type_and_shape[False-1.0--1.0-2.0-float16-shape4-False]" time="0.002" /><testcase classname="src.cucim.skimage.filters.tests.test_unsharp_mask" name="test_unsharp_masking_output_type_and_shape[False-1.0--1.0-2.0-float32-shape0-False]" time="0.002" /><testcase classname="src.cucim.skimage.filters.tests.test_unsharp_mask" name="test_unsharp_masking_output_type_and_shape[False-1.0--1.0-2.0-float32-shape1-True]" time="0.002" /><testcase classname="src.cucim.skimage.filters.tests.test_unsharp_mask" name="test_unsharp_masking_output_type_and_shape[False-1.0--1.0-2.0-float32-shape2-False]" time="0.002" /><testcase classname="src.cucim.skimage.filters.tests.test_unsharp_mask" name="test_unsharp_masking_output_type_and_shape[False-1.0--1.0-2.0-float32-shape3-True]" time="0.002" /><testcase classname="src.cucim.skimage.filters.tests.test_unsharp_mask" name="test_unsharp_masking_output_type_and_shape[False-1.0--1.0-2.0-float32-shape4-False]" time="0.002" /><testcase classname="src.cucim.skimage.filters.tests.test_unsharp_mask" name="test_unsharp_masking_output_type_and_shape[False-1.0--1.0-2.0-float64-shape0-False]" time="0.001" /><testcase classname="src.cucim.skimage.filters.tests.test_unsharp_mask" name="test_unsharp_masking_output_type_and_shape[False-1.0--1.0-2.0-float64-shape1-True]" time="0.002" /><testcase classname="src.cucim.skimage.filters.tests.test_unsharp_mask" name="test_unsharp_masking_output_type_and_shape[False-1.0--1.0-2.0-float64-shape2-False]" time="0.002" /><testcase classname="src.cucim.skimage.filters.tests.test_unsharp_mask" name="test_unsharp_masking_output_type_and_shape[False-1.0--1.0-2.0-float64-shape3-True]" time="0.002" /><testcase classname="src.cucim.skimage.filters.tests.test_unsharp_mask" name="test_unsharp_masking_output_type_and_shape[False-1.0--1.0-2.0-float64-shape4-False]" time="0.002" /><testcase classname="src.cucim.skimage.filters.tests.test_unsharp_mask" name="test_unsharp_masking_output_type_and_shape[True--1.0-0.0-0-uint8-shape0-False]" time="0.001" /><testcase classname="src.cucim.skimage.filters.tests.test_unsharp_mask" name="test_unsharp_masking_output_type_and_shape[True--1.0-0.0-0-uint8-shape1-True]" time="0.001" /><testcase classname="src.cucim.skimage.filters.tests.test_unsharp_mask" name="test_unsharp_masking_output_type_and_shape[True--1.0-0.0-0-uint8-shape2-False]" time="0.001" /><testcase classname="src.cucim.skimage.filters.tests.test_unsharp_mask" name="test_unsharp_masking_output_type_and_shape[True--1.0-0.0-0-uint8-shape3-True]" time="0.001" /><testcase classname="src.cucim.skimage.filters.tests.test_unsharp_mask" name="test_unsharp_masking_output_type_and_shape[True--1.0-0.0-0-uint8-shape4-False]" time="0.001" /><testcase classname="src.cucim.skimage.filters.tests.test_unsharp_mask" name="test_unsharp_masking_output_type_and_shape[True--1.0-0.0-0-int8-shape0-False]" time="0.001" /><testcase classname="src.cucim.skimage.filters.tests.test_unsharp_mask" name="test_unsharp_masking_output_type_and_shape[True--1.0-0.0-0-int8-shape1-True]" time="0.001" /><testcase classname="src.cucim.skimage.filters.tests.test_unsharp_mask" name="test_unsharp_masking_output_type_and_shape[True--1.0-0.0-0-int8-shape2-False]" time="0.001" /><testcase classname="src.cucim.skimage.filters.tests.test_unsharp_mask" name="test_unsharp_masking_output_type_and_shape[True--1.0-0.0-0-int8-shape3-True]" time="0.001" /><testcase classname="src.cucim.skimage.filters.tests.test_unsharp_mask" name="test_unsharp_masking_output_type_and_shape[True--1.0-0.0-0-int8-shape4-False]" time="0.001" /><testcase classname="src.cucim.skimage.filters.tests.test_unsharp_mask" name="test_unsharp_masking_output_type_and_shape[True--1.0-0.0-0-uint16-shape0-False]" time="0.001" /><testcase classname="src.cucim.skimage.filters.tests.test_unsharp_mask" name="test_unsharp_masking_output_type_and_shape[True--1.0-0.0-0-uint16-shape1-True]" time="0.001" /><testcase classname="src.cucim.skimage.filters.tests.test_unsharp_mask" name="test_unsharp_masking_output_type_and_shape[True--1.0-0.0-0-uint16-shape2-False]" time="0.001" /><testcase classname="src.cucim.skimage.filters.tests.test_unsharp_mask" name="test_unsharp_masking_output_type_and_shape[True--1.0-0.0-0-uint16-shape3-True]" time="0.001" /><testcase classname="src.cucim.skimage.filters.tests.test_unsharp_mask" name="test_unsharp_masking_output_type_and_shape[True--1.0-0.0-0-uint16-shape4-False]" time="0.001" /><testcase classname="src.cucim.skimage.filters.tests.test_unsharp_mask" name="test_unsharp_masking_output_type_and_shape[True--1.0-0.0-0-int16-shape0-False]" time="0.001" /><testcase classname="src.cucim.skimage.filters.tests.test_unsharp_mask" name="test_unsharp_masking_output_type_and_shape[True--1.0-0.0-0-int16-shape1-True]" time="0.001" /><testcase classname="src.cucim.skimage.filters.tests.test_unsharp_mask" name="test_unsharp_masking_output_type_and_shape[True--1.0-0.0-0-int16-shape2-False]" time="0.001" /><testcase classname="src.cucim.skimage.filters.tests.test_unsharp_mask" name="test_unsharp_masking_output_type_and_shape[True--1.0-0.0-0-int16-shape3-True]" time="0.001" /><testcase classname="src.cucim.skimage.filters.tests.test_unsharp_mask" name="test_unsharp_masking_output_type_and_shape[True--1.0-0.0-0-int16-shape4-False]" time="0.001" /><testcase classname="src.cucim.skimage.filters.tests.test_unsharp_mask" name="test_unsharp_masking_output_type_and_shape[True--1.0-0.0-0-uint32-shape0-False]" time="0.001" /><testcase classname="src.cucim.skimage.filters.tests.test_unsharp_mask" name="test_unsharp_masking_output_type_and_shape[True--1.0-0.0-0-uint32-shape1-True]" time="0.001" /><testcase classname="src.cucim.skimage.filters.tests.test_unsharp_mask" name="test_unsharp_masking_output_type_and_shape[True--1.0-0.0-0-uint32-shape2-False]" time="0.001" /><testcase classname="src.cucim.skimage.filters.tests.test_unsharp_mask" name="test_unsharp_masking_output_type_and_shape[True--1.0-0.0-0-uint32-shape3-True]" time="0.001" /><testcase classname="src.cucim.skimage.filters.tests.test_unsharp_mask" name="test_unsharp_masking_output_type_and_shape[True--1.0-0.0-0-uint32-shape4-False]" time="0.001" /><testcase classname="src.cucim.skimage.filters.tests.test_unsharp_mask" name="test_unsharp_masking_output_type_and_shape[True--1.0-0.0-0-int32-shape0-False]" time="0.001" /><testcase classname="src.cucim.skimage.filters.tests.test_unsharp_mask" name="test_unsharp_masking_output_type_and_shape[True--1.0-0.0-0-int32-shape1-True]" time="0.001" /><testcase classname="src.cucim.skimage.filters.tests.test_unsharp_mask" name="test_unsharp_masking_output_type_and_shape[True--1.0-0.0-0-int32-shape2-False]" time="0.001" /><testcase classname="src.cucim.skimage.filters.tests.test_unsharp_mask" name="test_unsharp_masking_output_type_and_shape[True--1.0-0.0-0-int32-shape3-True]" time="0.001" /><testcase classname="src.cucim.skimage.filters.tests.test_unsharp_mask" name="test_unsharp_masking_output_type_and_shape[True--1.0-0.0-0-int32-shape4-False]" time="0.001" /><testcase classname="src.cucim.skimage.filters.tests.test_unsharp_mask" name="test_unsharp_masking_output_type_and_shape[True--1.0-0.0-0-uint64-shape0-False]" time="0.001" /><testcase classname="src.cucim.skimage.filters.tests.test_unsharp_mask" name="test_unsharp_masking_output_type_and_shape[True--1.0-0.0-0-uint64-shape1-True]" time="0.001" /><testcase classname="src.cucim.skimage.filters.tests.test_unsharp_mask" name="test_unsharp_masking_output_type_and_shape[True--1.0-0.0-0-uint64-shape2-False]" time="0.001" /><testcase classname="src.cucim.skimage.filters.tests.test_unsharp_mask" name="test_unsharp_masking_output_type_and_shape[True--1.0-0.0-0-uint64-shape3-True]" time="0.001" /><testcase classname="src.cucim.skimage.filters.tests.test_unsharp_mask" name="test_unsharp_masking_output_type_and_shape[True--1.0-0.0-0-uint64-shape4-False]" time="0.001" /><testcase classname="src.cucim.skimage.filters.tests.test_unsharp_mask" name="test_unsharp_masking_output_type_and_shape[True--1.0-0.0-0-int64-shape0-False]" time="0.001" /><testcase classname="src.cucim.skimage.filters.tests.test_unsharp_mask" name="test_unsharp_masking_output_type_and_shape[True--1.0-0.0-0-int64-shape1-True]" time="0.001" /><testcase classname="src.cucim.skimage.filters.tests.test_unsharp_mask" name="test_unsharp_masking_output_type_and_shape[True--1.0-0.0-0-int64-shape2-False]" time="0.001" /><testcase classname="src.cucim.skimage.filters.tests.test_unsharp_mask" name="test_unsharp_masking_output_type_and_shape[True--1.0-0.0-0-int64-shape3-True]" time="0.001" /><testcase classname="src.cucim.skimage.filters.tests.test_unsharp_mask" name="test_unsharp_masking_output_type_and_shape[True--1.0-0.0-0-int64-shape4-False]" time="0.001" /><testcase classname="src.cucim.skimage.filters.tests.test_unsharp_mask" name="test_unsharp_masking_output_type_and_shape[True--1.0-0.0-0-float16-shape0-False]" time="0.001" /><testcase classname="src.cucim.skimage.filters.tests.test_unsharp_mask" name="test_unsharp_masking_output_type_and_shape[True--1.0-0.0-0-float16-shape1-True]" time="0.001" /><testcase classname="src.cucim.skimage.filters.tests.test_unsharp_mask" name="test_unsharp_masking_output_type_and_shape[True--1.0-0.0-0-float16-shape2-False]" time="0.001" /><testcase classname="src.cucim.skimage.filters.tests.test_unsharp_mask" name="test_unsharp_masking_output_type_and_shape[True--1.0-0.0-0-float16-shape3-True]" time="0.001" /><testcase classname="src.cucim.skimage.filters.tests.test_unsharp_mask" name="test_unsharp_masking_output_type_and_shape[True--1.0-0.0-0-float16-shape4-False]" time="0.001" /><testcase classname="src.cucim.skimage.filters.tests.test_unsharp_mask" name="test_unsharp_masking_output_type_and_shape[True--1.0-0.0-0-float32-shape0-False]" time="0.001" /><testcase classname="src.cucim.skimage.filters.tests.test_unsharp_mask" name="test_unsharp_masking_output_type_and_shape[True--1.0-0.0-0-float32-shape1-True]" time="0.001" /><testcase classname="src.cucim.skimage.filters.tests.test_unsharp_mask" name="test_unsharp_masking_output_type_and_shape[True--1.0-0.0-0-float32-shape2-False]" time="0.001" /><testcase classname="src.cucim.skimage.filters.tests.test_unsharp_mask" name="test_unsharp_masking_output_type_and_shape[True--1.0-0.0-0-float32-shape3-True]" time="0.001" /><testcase classname="src.cucim.skimage.filters.tests.test_unsharp_mask" name="test_unsharp_masking_output_type_and_shape[True--1.0-0.0-0-float32-shape4-False]" time="0.001" /><testcase classname="src.cucim.skimage.filters.tests.test_unsharp_mask" name="test_unsharp_masking_output_type_and_shape[True--1.0-0.0-0-float64-shape0-False]" time="0.001" /><testcase classname="src.cucim.skimage.filters.tests.test_unsharp_mask" name="test_unsharp_masking_output_type_and_shape[True--1.0-0.0-0-float64-shape1-True]" time="0.001" /><testcase classname="src.cucim.skimage.filters.tests.test_unsharp_mask" name="test_unsharp_masking_output_type_and_shape[True--1.0-0.0-0-float64-shape2-False]" time="0.001" /><testcase classname="src.cucim.skimage.filters.tests.test_unsharp_mask" name="test_unsharp_masking_output_type_and_shape[True--1.0-0.0-0-float64-shape3-True]" time="0.001" /><testcase classname="src.cucim.skimage.filters.tests.test_unsharp_mask" name="test_unsharp_masking_output_type_and_shape[True--1.0-0.0-0-float64-shape4-False]" time="0.001" /><testcase classname="src.cucim.skimage.filters.tests.test_unsharp_mask" name="test_unsharp_masking_output_type_and_shape[True--1.0-0.0-0.1-uint8-shape0-False]" time="0.001" /><testcase classname="src.cucim.skimage.filters.tests.test_unsharp_mask" name="test_unsharp_masking_output_type_and_shape[True--1.0-0.0-0.1-uint8-shape1-True]" time="0.002" /><testcase classname="src.cucim.skimage.filters.tests.test_unsharp_mask" name="test_unsharp_masking_output_type_and_shape[True--1.0-0.0-0.1-uint8-shape2-False]" time="0.001" /><testcase classname="src.cucim.skimage.filters.tests.test_unsharp_mask" name="test_unsharp_masking_output_type_and_shape[True--1.0-0.0-0.1-uint8-shape3-True]" time="0.001" /><testcase classname="src.cucim.skimage.filters.tests.test_unsharp_mask" name="test_unsharp_masking_output_type_and_shape[True--1.0-0.0-0.1-uint8-shape4-False]" time="0.001" /><testcase classname="src.cucim.skimage.filters.tests.test_unsharp_mask" name="test_unsharp_masking_output_type_and_shape[True--1.0-0.0-0.1-int8-shape0-False]" time="0.001" /><testcase classname="src.cucim.skimage.filters.tests.test_unsharp_mask" name="test_unsharp_masking_output_type_and_shape[True--1.0-0.0-0.1-int8-shape1-True]" time="0.001" /><testcase classname="src.cucim.skimage.filters.tests.test_unsharp_mask" name="test_unsharp_masking_output_type_and_shape[True--1.0-0.0-0.1-int8-shape2-False]" time="0.001" /><testcase classname="src.cucim.skimage.filters.tests.test_unsharp_mask" name="test_unsharp_masking_output_type_and_shape[True--1.0-0.0-0.1-int8-shape3-True]" time="0.001" /><testcase classname="src.cucim.skimage.filters.tests.test_unsharp_mask" name="test_unsharp_masking_output_type_and_shape[True--1.0-0.0-0.1-int8-shape4-False]" time="0.002" /><testcase classname="src.cucim.skimage.filters.tests.test_unsharp_mask" name="test_unsharp_masking_output_type_and_shape[True--1.0-0.0-0.1-uint16-shape0-False]" time="0.001" /><testcase classname="src.cucim.skimage.filters.tests.test_unsharp_mask" name="test_unsharp_masking_output_type_and_shape[True--1.0-0.0-0.1-uint16-shape1-True]" time="0.002" /><testcase classname="src.cucim.skimage.filters.tests.test_unsharp_mask" name="test_unsharp_masking_output_type_and_shape[True--1.0-0.0-0.1-uint16-shape2-False]" time="0.001" /><testcase classname="src.cucim.skimage.filters.tests.test_unsharp_mask" name="test_unsharp_masking_output_type_and_shape[True--1.0-0.0-0.1-uint16-shape3-True]" time="0.001" /><testcase classname="src.cucim.skimage.filters.tests.test_unsharp_mask" name="test_unsharp_masking_output_type_and_shape[True--1.0-0.0-0.1-uint16-shape4-False]" time="0.001" /><testcase classname="src.cucim.skimage.filters.tests.test_unsharp_mask" name="test_unsharp_masking_output_type_and_shape[True--1.0-0.0-0.1-int16-shape0-False]" time="0.001" /><testcase classname="src.cucim.skimage.filters.tests.test_unsharp_mask" name="test_unsharp_masking_output_type_and_shape[True--1.0-0.0-0.1-int16-shape1-True]" time="0.001" /><testcase classname="src.cucim.skimage.filters.tests.test_unsharp_mask" name="test_unsharp_masking_output_type_and_shape[True--1.0-0.0-0.1-int16-shape2-False]" time="0.001" /><testcase classname="src.cucim.skimage.filters.tests.test_unsharp_mask" name="test_unsharp_masking_output_type_and_shape[True--1.0-0.0-0.1-int16-shape3-True]" time="0.001" /><testcase classname="src.cucim.skimage.filters.tests.test_unsharp_mask" name="test_unsharp_masking_output_type_and_shape[True--1.0-0.0-0.1-int16-shape4-False]" time="0.001" /><testcase classname="src.cucim.skimage.filters.tests.test_unsharp_mask" name="test_unsharp_masking_output_type_and_shape[True--1.0-0.0-0.1-uint32-shape0-False]" time="0.001" /><testcase classname="src.cucim.skimage.filters.tests.test_unsharp_mask" name="test_unsharp_masking_output_type_and_shape[True--1.0-0.0-0.1-uint32-shape1-True]" time="0.003" /><testcase classname="src.cucim.skimage.filters.tests.test_unsharp_mask" name="test_unsharp_masking_output_type_and_shape[True--1.0-0.0-0.1-uint32-shape2-False]" time="0.001" /><testcase classname="src.cucim.skimage.filters.tests.test_unsharp_mask" name="test_unsharp_masking_output_type_and_shape[True--1.0-0.0-0.1-uint32-shape3-True]" time="0.001" /><testcase classname="src.cucim.skimage.filters.tests.test_unsharp_mask" name="test_unsharp_masking_output_type_and_shape[True--1.0-0.0-0.1-uint32-shape4-False]" time="0.001" /><testcase classname="src.cucim.skimage.filters.tests.test_unsharp_mask" name="test_unsharp_masking_output_type_and_shape[True--1.0-0.0-0.1-int32-shape0-False]" time="0.001" /><testcase classname="src.cucim.skimage.filters.tests.test_unsharp_mask" name="test_unsharp_masking_output_type_and_shape[True--1.0-0.0-0.1-int32-shape1-True]" time="0.001" /><testcase classname="src.cucim.skimage.filters.tests.test_unsharp_mask" name="test_unsharp_masking_output_type_and_shape[True--1.0-0.0-0.1-int32-shape2-False]" time="0.001" /><testcase classname="src.cucim.skimage.filters.tests.test_unsharp_mask" name="test_unsharp_masking_output_type_and_shape[True--1.0-0.0-0.1-int32-shape3-True]" time="0.001" /><testcase classname="src.cucim.skimage.filters.tests.test_unsharp_mask" name="test_unsharp_masking_output_type_and_shape[True--1.0-0.0-0.1-int32-shape4-False]" time="0.001" /><testcase classname="src.cucim.skimage.filters.tests.test_unsharp_mask" name="test_unsharp_masking_output_type_and_shape[True--1.0-0.0-0.1-uint64-shape0-False]" time="0.001" /><testcase classname="src.cucim.skimage.filters.tests.test_unsharp_mask" name="test_unsharp_masking_output_type_and_shape[True--1.0-0.0-0.1-uint64-shape1-True]" time="0.002" /><testcase classname="src.cucim.skimage.filters.tests.test_unsharp_mask" name="test_unsharp_masking_output_type_and_shape[True--1.0-0.0-0.1-uint64-shape2-False]" time="0.001" /><testcase classname="src.cucim.skimage.filters.tests.test_unsharp_mask" name="test_unsharp_masking_output_type_and_shape[True--1.0-0.0-0.1-uint64-shape3-True]" time="0.001" /><testcase classname="src.cucim.skimage.filters.tests.test_unsharp_mask" name="test_unsharp_masking_output_type_and_shape[True--1.0-0.0-0.1-uint64-shape4-False]" time="0.001" /><testcase classname="src.cucim.skimage.filters.tests.test_unsharp_mask" name="test_unsharp_masking_output_type_and_shape[True--1.0-0.0-0.1-int64-shape0-False]" time="0.001" /><testcase classname="src.cucim.skimage.filters.tests.test_unsharp_mask" name="test_unsharp_masking_output_type_and_shape[True--1.0-0.0-0.1-int64-shape1-True]" time="0.002" /><testcase classname="src.cucim.skimage.filters.tests.test_unsharp_mask" name="test_unsharp_masking_output_type_and_shape[True--1.0-0.0-0.1-int64-shape2-False]" time="0.001" /><testcase classname="src.cucim.skimage.filters.tests.test_unsharp_mask" name="test_unsharp_masking_output_type_and_shape[True--1.0-0.0-0.1-int64-shape3-True]" time="0.001" /><testcase classname="src.cucim.skimage.filters.tests.test_unsharp_mask" name="test_unsharp_masking_output_type_and_shape[True--1.0-0.0-0.1-int64-shape4-False]" time="0.001" /><testcase classname="src.cucim.skimage.filters.tests.test_unsharp_mask" name="test_unsharp_masking_output_type_and_shape[True--1.0-0.0-0.1-float16-shape0-False]" time="0.001" /><testcase classname="src.cucim.skimage.filters.tests.test_unsharp_mask" name="test_unsharp_masking_output_type_and_shape[True--1.0-0.0-0.1-float16-shape1-True]" time="0.002" /><testcase classname="src.cucim.skimage.filters.tests.test_unsharp_mask" name="test_unsharp_masking_output_type_and_shape[True--1.0-0.0-0.1-float16-shape2-False]" time="0.001" /><testcase classname="src.cucim.skimage.filters.tests.test_unsharp_mask" name="test_unsharp_masking_output_type_and_shape[True--1.0-0.0-0.1-float16-shape3-True]" time="0.001" /><testcase classname="src.cucim.skimage.filters.tests.test_unsharp_mask" name="test_unsharp_masking_output_type_and_shape[True--1.0-0.0-0.1-float16-shape4-False]" time="0.001" /><testcase classname="src.cucim.skimage.filters.tests.test_unsharp_mask" name="test_unsharp_masking_output_type_and_shape[True--1.0-0.0-0.1-float32-shape0-False]" time="0.001" /><testcase classname="src.cucim.skimage.filters.tests.test_unsharp_mask" name="test_unsharp_masking_output_type_and_shape[True--1.0-0.0-0.1-float32-shape1-True]" time="0.001" /><testcase classname="src.cucim.skimage.filters.tests.test_unsharp_mask" name="test_unsharp_masking_output_type_and_shape[True--1.0-0.0-0.1-float32-shape2-False]" time="0.001" /><testcase classname="src.cucim.skimage.filters.tests.test_unsharp_mask" name="test_unsharp_masking_output_type_and_shape[True--1.0-0.0-0.1-float32-shape3-True]" time="0.001" /><testcase classname="src.cucim.skimage.filters.tests.test_unsharp_mask" name="test_unsharp_masking_output_type_and_shape[True--1.0-0.0-0.1-float32-shape4-False]" time="0.001" /><testcase classname="src.cucim.skimage.filters.tests.test_unsharp_mask" name="test_unsharp_masking_output_type_and_shape[True--1.0-0.0-0.1-float64-shape0-False]" time="0.001" /><testcase classname="src.cucim.skimage.filters.tests.test_unsharp_mask" name="test_unsharp_masking_output_type_and_shape[True--1.0-0.0-0.1-float64-shape1-True]" time="0.002" /><testcase classname="src.cucim.skimage.filters.tests.test_unsharp_mask" name="test_unsharp_masking_output_type_and_shape[True--1.0-0.0-0.1-float64-shape2-False]" time="0.001" /><testcase classname="src.cucim.skimage.filters.tests.test_unsharp_mask" name="test_unsharp_masking_output_type_and_shape[True--1.0-0.0-0.1-float64-shape3-True]" time="0.001" /><testcase classname="src.cucim.skimage.filters.tests.test_unsharp_mask" name="test_unsharp_masking_output_type_and_shape[True--1.0-0.0-0.1-float64-shape4-False]" time="0.001" /><testcase classname="src.cucim.skimage.filters.tests.test_unsharp_mask" name="test_unsharp_masking_output_type_and_shape[True--1.0-0.0-2.0-uint8-shape0-False]" time="0.001" /><testcase classname="src.cucim.skimage.filters.tests.test_unsharp_mask" name="test_unsharp_masking_output_type_and_shape[True--1.0-0.0-2.0-uint8-shape1-True]" time="0.002" /><testcase classname="src.cucim.skimage.filters.tests.test_unsharp_mask" name="test_unsharp_masking_output_type_and_shape[True--1.0-0.0-2.0-uint8-shape2-False]" time="0.001" /><testcase classname="src.cucim.skimage.filters.tests.test_unsharp_mask" name="test_unsharp_masking_output_type_and_shape[True--1.0-0.0-2.0-uint8-shape3-True]" time="0.002" /><testcase classname="src.cucim.skimage.filters.tests.test_unsharp_mask" name="test_unsharp_masking_output_type_and_shape[True--1.0-0.0-2.0-uint8-shape4-False]" time="0.002" /><testcase classname="src.cucim.skimage.filters.tests.test_unsharp_mask" name="test_unsharp_masking_output_type_and_shape[True--1.0-0.0-2.0-int8-shape0-False]" time="0.001" /><testcase classname="src.cucim.skimage.filters.tests.test_unsharp_mask" name="test_unsharp_masking_output_type_and_shape[True--1.0-0.0-2.0-int8-shape1-True]" time="0.002" /><testcase classname="src.cucim.skimage.filters.tests.test_unsharp_mask" name="test_unsharp_masking_output_type_and_shape[True--1.0-0.0-2.0-int8-shape2-False]" time="0.001" /><testcase classname="src.cucim.skimage.filters.tests.test_unsharp_mask" name="test_unsharp_masking_output_type_and_shape[True--1.0-0.0-2.0-int8-shape3-True]" time="0.002" /><testcase classname="src.cucim.skimage.filters.tests.test_unsharp_mask" name="test_unsharp_masking_output_type_and_shape[True--1.0-0.0-2.0-int8-shape4-False]" time="0.002" /><testcase classname="src.cucim.skimage.filters.tests.test_unsharp_mask" name="test_unsharp_masking_output_type_and_shape[True--1.0-0.0-2.0-uint16-shape0-False]" time="0.001" /><testcase classname="src.cucim.skimage.filters.tests.test_unsharp_mask" name="test_unsharp_masking_output_type_and_shape[True--1.0-0.0-2.0-uint16-shape1-True]" time="0.002" /><testcase classname="src.cucim.skimage.filters.tests.test_unsharp_mask" name="test_unsharp_masking_output_type_and_shape[True--1.0-0.0-2.0-uint16-shape2-False]" time="0.001" /><testcase classname="src.cucim.skimage.filters.tests.test_unsharp_mask" name="test_unsharp_masking_output_type_and_shape[True--1.0-0.0-2.0-uint16-shape3-True]" time="0.002" /><testcase classname="src.cucim.skimage.filters.tests.test_unsharp_mask" name="test_unsharp_masking_output_type_and_shape[True--1.0-0.0-2.0-uint16-shape4-False]" time="0.002" /><testcase classname="src.cucim.skimage.filters.tests.test_unsharp_mask" name="test_unsharp_masking_output_type_and_shape[True--1.0-0.0-2.0-int16-shape0-False]" time="0.001" /><testcase classname="src.cucim.skimage.filters.tests.test_unsharp_mask" name="test_unsharp_masking_output_type_and_shape[True--1.0-0.0-2.0-int16-shape1-True]" time="0.002" /><testcase classname="src.cucim.skimage.filters.tests.test_unsharp_mask" name="test_unsharp_masking_output_type_and_shape[True--1.0-0.0-2.0-int16-shape2-False]" time="0.001" /><testcase classname="src.cucim.skimage.filters.tests.test_unsharp_mask" name="test_unsharp_masking_output_type_and_shape[True--1.0-0.0-2.0-int16-shape3-True]" time="0.002" /><testcase classname="src.cucim.skimage.filters.tests.test_unsharp_mask" name="test_unsharp_masking_output_type_and_shape[True--1.0-0.0-2.0-int16-shape4-False]" time="0.002" /><testcase classname="src.cucim.skimage.filters.tests.test_unsharp_mask" name="test_unsharp_masking_output_type_and_shape[True--1.0-0.0-2.0-uint32-shape0-False]" time="0.001" /><testcase classname="src.cucim.skimage.filters.tests.test_unsharp_mask" name="test_unsharp_masking_output_type_and_shape[True--1.0-0.0-2.0-uint32-shape1-True]" time="0.002" /><testcase classname="src.cucim.skimage.filters.tests.test_unsharp_mask" name="test_unsharp_masking_output_type_and_shape[True--1.0-0.0-2.0-uint32-shape2-False]" time="0.002" /><testcase classname="src.cucim.skimage.filters.tests.test_unsharp_mask" name="test_unsharp_masking_output_type_and_shape[True--1.0-0.0-2.0-uint32-shape3-True]" time="0.002" /><testcase classname="src.cucim.skimage.filters.tests.test_unsharp_mask" name="test_unsharp_masking_output_type_and_shape[True--1.0-0.0-2.0-uint32-shape4-False]" time="0.002" /><testcase classname="src.cucim.skimage.filters.tests.test_unsharp_mask" name="test_unsharp_masking_output_type_and_shape[True--1.0-0.0-2.0-int32-shape0-False]" time="0.001" /><testcase classname="src.cucim.skimage.filters.tests.test_unsharp_mask" name="test_unsharp_masking_output_type_and_shape[True--1.0-0.0-2.0-int32-shape1-True]" time="0.002" /><testcase classname="src.cucim.skimage.filters.tests.test_unsharp_mask" name="test_unsharp_masking_output_type_and_shape[True--1.0-0.0-2.0-int32-shape2-False]" time="0.001" /><testcase classname="src.cucim.skimage.filters.tests.test_unsharp_mask" name="test_unsharp_masking_output_type_and_shape[True--1.0-0.0-2.0-int32-shape3-True]" time="0.002" /><testcase classname="src.cucim.skimage.filters.tests.test_unsharp_mask" name="test_unsharp_masking_output_type_and_shape[True--1.0-0.0-2.0-int32-shape4-False]" time="0.002" /><testcase classname="src.cucim.skimage.filters.tests.test_unsharp_mask" name="test_unsharp_masking_output_type_and_shape[True--1.0-0.0-2.0-uint64-shape0-False]" time="0.001" /><testcase classname="src.cucim.skimage.filters.tests.test_unsharp_mask" name="test_unsharp_masking_output_type_and_shape[True--1.0-0.0-2.0-uint64-shape1-True]" time="0.002" /><testcase classname="src.cucim.skimage.filters.tests.test_unsharp_mask" name="test_unsharp_masking_output_type_and_shape[True--1.0-0.0-2.0-uint64-shape2-False]" time="0.001" /><testcase classname="src.cucim.skimage.filters.tests.test_unsharp_mask" name="test_unsharp_masking_output_type_and_shape[True--1.0-0.0-2.0-uint64-shape3-True]" time="0.002" /><testcase classname="src.cucim.skimage.filters.tests.test_unsharp_mask" name="test_unsharp_masking_output_type_and_shape[True--1.0-0.0-2.0-uint64-shape4-False]" time="0.002" /><testcase classname="src.cucim.skimage.filters.tests.test_unsharp_mask" name="test_unsharp_masking_output_type_and_shape[True--1.0-0.0-2.0-int64-shape0-False]" time="0.001" /><testcase classname="src.cucim.skimage.filters.tests.test_unsharp_mask" name="test_unsharp_masking_output_type_and_shape[True--1.0-0.0-2.0-int64-shape1-True]" time="0.002" /><testcase classname="src.cucim.skimage.filters.tests.test_unsharp_mask" name="test_unsharp_masking_output_type_and_shape[True--1.0-0.0-2.0-int64-shape2-False]" time="0.001" /><testcase classname="src.cucim.skimage.filters.tests.test_unsharp_mask" name="test_unsharp_masking_output_type_and_shape[True--1.0-0.0-2.0-int64-shape3-True]" time="0.002" /><testcase classname="src.cucim.skimage.filters.tests.test_unsharp_mask" name="test_unsharp_masking_output_type_and_shape[True--1.0-0.0-2.0-int64-shape4-False]" time="0.001" /><testcase classname="src.cucim.skimage.filters.tests.test_unsharp_mask" name="test_unsharp_masking_output_type_and_shape[True--1.0-0.0-2.0-float16-shape0-False]" time="0.001" /><testcase classname="src.cucim.skimage.filters.tests.test_unsharp_mask" name="test_unsharp_masking_output_type_and_shape[True--1.0-0.0-2.0-float16-shape1-True]" time="0.002" /><testcase classname="src.cucim.skimage.filters.tests.test_unsharp_mask" name="test_unsharp_masking_output_type_and_shape[True--1.0-0.0-2.0-float16-shape2-False]" time="0.001" /><testcase classname="src.cucim.skimage.filters.tests.test_unsharp_mask" name="test_unsharp_masking_output_type_and_shape[True--1.0-0.0-2.0-float16-shape3-True]" time="0.002" /><testcase classname="src.cucim.skimage.filters.tests.test_unsharp_mask" name="test_unsharp_masking_output_type_and_shape[True--1.0-0.0-2.0-float16-shape4-False]" time="0.002" /><testcase classname="src.cucim.skimage.filters.tests.test_unsharp_mask" name="test_unsharp_masking_output_type_and_shape[True--1.0-0.0-2.0-float32-shape0-False]" time="0.001" /><testcase classname="src.cucim.skimage.filters.tests.test_unsharp_mask" name="test_unsharp_masking_output_type_and_shape[True--1.0-0.0-2.0-float32-shape1-True]" time="0.002" /><testcase classname="src.cucim.skimage.filters.tests.test_unsharp_mask" name="test_unsharp_masking_output_type_and_shape[True--1.0-0.0-2.0-float32-shape2-False]" time="0.001" /><testcase classname="src.cucim.skimage.filters.tests.test_unsharp_mask" name="test_unsharp_masking_output_type_and_shape[True--1.0-0.0-2.0-float32-shape3-True]" time="0.002" /><testcase classname="src.cucim.skimage.filters.tests.test_unsharp_mask" name="test_unsharp_masking_output_type_and_shape[True--1.0-0.0-2.0-float32-shape4-False]" time="0.002" /><testcase classname="src.cucim.skimage.filters.tests.test_unsharp_mask" name="test_unsharp_masking_output_type_and_shape[True--1.0-0.0-2.0-float64-shape0-False]" time="0.001" /><testcase classname="src.cucim.skimage.filters.tests.test_unsharp_mask" name="test_unsharp_masking_output_type_and_shape[True--1.0-0.0-2.0-float64-shape1-True]" time="0.002" /><testcase classname="src.cucim.skimage.filters.tests.test_unsharp_mask" name="test_unsharp_masking_output_type_and_shape[True--1.0-0.0-2.0-float64-shape2-False]" time="0.001" /><testcase classname="src.cucim.skimage.filters.tests.test_unsharp_mask" name="test_unsharp_masking_output_type_and_shape[True--1.0-0.0-2.0-float64-shape3-True]" time="0.002" /><testcase classname="src.cucim.skimage.filters.tests.test_unsharp_mask" name="test_unsharp_masking_output_type_and_shape[True--1.0-0.0-2.0-float64-shape4-False]" time="0.002" /><testcase classname="src.cucim.skimage.filters.tests.test_unsharp_mask" name="test_unsharp_masking_output_type_and_shape[True--1.0-0.5-0-uint8-shape0-False]" time="0.001" /><testcase classname="src.cucim.skimage.filters.tests.test_unsharp_mask" name="test_unsharp_masking_output_type_and_shape[True--1.0-0.5-0-uint8-shape1-True]" time="0.001" /><testcase classname="src.cucim.skimage.filters.tests.test_unsharp_mask" name="test_unsharp_masking_output_type_and_shape[True--1.0-0.5-0-uint8-shape2-False]" time="0.001" /><testcase classname="src.cucim.skimage.filters.tests.test_unsharp_mask" name="test_unsharp_masking_output_type_and_shape[True--1.0-0.5-0-uint8-shape3-True]" time="0.001" /><testcase classname="src.cucim.skimage.filters.tests.test_unsharp_mask" name="test_unsharp_masking_output_type_and_shape[True--1.0-0.5-0-uint8-shape4-False]" time="0.001" /><testcase classname="src.cucim.skimage.filters.tests.test_unsharp_mask" name="test_unsharp_masking_output_type_and_shape[True--1.0-0.5-0-int8-shape0-False]" time="0.001" /><testcase classname="src.cucim.skimage.filters.tests.test_unsharp_mask" name="test_unsharp_masking_output_type_and_shape[True--1.0-0.5-0-int8-shape1-True]" time="0.001" /><testcase classname="src.cucim.skimage.filters.tests.test_unsharp_mask" name="test_unsharp_masking_output_type_and_shape[True--1.0-0.5-0-int8-shape2-False]" time="0.001" /><testcase classname="src.cucim.skimage.filters.tests.test_unsharp_mask" name="test_unsharp_masking_output_type_and_shape[True--1.0-0.5-0-int8-shape3-True]" time="0.001" /><testcase classname="src.cucim.skimage.filters.tests.test_unsharp_mask" name="test_unsharp_masking_output_type_and_shape[True--1.0-0.5-0-int8-shape4-False]" time="0.001" /><testcase classname="src.cucim.skimage.filters.tests.test_unsharp_mask" name="test_unsharp_masking_output_type_and_shape[True--1.0-0.5-0-uint16-shape0-False]" time="0.001" /><testcase classname="src.cucim.skimage.filters.tests.test_unsharp_mask" name="test_unsharp_masking_output_type_and_shape[True--1.0-0.5-0-uint16-shape1-True]" time="0.001" /><testcase classname="src.cucim.skimage.filters.tests.test_unsharp_mask" name="test_unsharp_masking_output_type_and_shape[True--1.0-0.5-0-uint16-shape2-False]" time="0.001" /><testcase classname="src.cucim.skimage.filters.tests.test_unsharp_mask" name="test_unsharp_masking_output_type_and_shape[True--1.0-0.5-0-uint16-shape3-True]" time="0.001" /><testcase classname="src.cucim.skimage.filters.tests.test_unsharp_mask" name="test_unsharp_masking_output_type_and_shape[True--1.0-0.5-0-uint16-shape4-False]" time="0.001" /><testcase classname="src.cucim.skimage.filters.tests.test_unsharp_mask" name="test_unsharp_masking_output_type_and_shape[True--1.0-0.5-0-int16-shape0-False]" time="0.001" /><testcase classname="src.cucim.skimage.filters.tests.test_unsharp_mask" name="test_unsharp_masking_output_type_and_shape[True--1.0-0.5-0-int16-shape1-True]" time="0.001" /><testcase classname="src.cucim.skimage.filters.tests.test_unsharp_mask" name="test_unsharp_masking_output_type_and_shape[True--1.0-0.5-0-int16-shape2-False]" time="0.001" /><testcase classname="src.cucim.skimage.filters.tests.test_unsharp_mask" name="test_unsharp_masking_output_type_and_shape[True--1.0-0.5-0-int16-shape3-True]" time="0.001" /><testcase classname="src.cucim.skimage.filters.tests.test_unsharp_mask" name="test_unsharp_masking_output_type_and_shape[True--1.0-0.5-0-int16-shape4-False]" time="0.001" /><testcase classname="src.cucim.skimage.filters.tests.test_unsharp_mask" name="test_unsharp_masking_output_type_and_shape[True--1.0-0.5-0-uint32-shape0-False]" time="0.001" /><testcase classname="src.cucim.skimage.filters.tests.test_unsharp_mask" name="test_unsharp_masking_output_type_and_shape[True--1.0-0.5-0-uint32-shape1-True]" time="0.001" /><testcase classname="src.cucim.skimage.filters.tests.test_unsharp_mask" name="test_unsharp_masking_output_type_and_shape[True--1.0-0.5-0-uint32-shape2-False]" time="0.001" /><testcase classname="src.cucim.skimage.filters.tests.test_unsharp_mask" name="test_unsharp_masking_output_type_and_shape[True--1.0-0.5-0-uint32-shape3-True]" time="0.001" /><testcase classname="src.cucim.skimage.filters.tests.test_unsharp_mask" name="test_unsharp_masking_output_type_and_shape[True--1.0-0.5-0-uint32-shape4-False]" time="0.001" /><testcase classname="src.cucim.skimage.filters.tests.test_unsharp_mask" name="test_unsharp_masking_output_type_and_shape[True--1.0-0.5-0-int32-shape0-False]" time="0.001" /><testcase classname="src.cucim.skimage.filters.tests.test_unsharp_mask" name="test_unsharp_masking_output_type_and_shape[True--1.0-0.5-0-int32-shape1-True]" time="0.001" /><testcase classname="src.cucim.skimage.filters.tests.test_unsharp_mask" name="test_unsharp_masking_output_type_and_shape[True--1.0-0.5-0-int32-shape2-False]" time="0.001" /><testcase classname="src.cucim.skimage.filters.tests.test_unsharp_mask" name="test_unsharp_masking_output_type_and_shape[True--1.0-0.5-0-int32-shape3-True]" time="0.001" /><testcase classname="src.cucim.skimage.filters.tests.test_unsharp_mask" name="test_unsharp_masking_output_type_and_shape[True--1.0-0.5-0-int32-shape4-False]" time="0.001" /><testcase classname="src.cucim.skimage.filters.tests.test_unsharp_mask" name="test_unsharp_masking_output_type_and_shape[True--1.0-0.5-0-uint64-shape0-False]" time="0.001" /><testcase classname="src.cucim.skimage.filters.tests.test_unsharp_mask" name="test_unsharp_masking_output_type_and_shape[True--1.0-0.5-0-uint64-shape1-True]" time="0.001" /><testcase classname="src.cucim.skimage.filters.tests.test_unsharp_mask" name="test_unsharp_masking_output_type_and_shape[True--1.0-0.5-0-uint64-shape2-False]" time="0.001" /><testcase classname="src.cucim.skimage.filters.tests.test_unsharp_mask" name="test_unsharp_masking_output_type_and_shape[True--1.0-0.5-0-uint64-shape3-True]" time="0.001" /><testcase classname="src.cucim.skimage.filters.tests.test_unsharp_mask" name="test_unsharp_masking_output_type_and_shape[True--1.0-0.5-0-uint64-shape4-False]" time="0.001" /><testcase classname="src.cucim.skimage.filters.tests.test_unsharp_mask" name="test_unsharp_masking_output_type_and_shape[True--1.0-0.5-0-int64-shape0-False]" time="0.001" /><testcase classname="src.cucim.skimage.filters.tests.test_unsharp_mask" name="test_unsharp_masking_output_type_and_shape[True--1.0-0.5-0-int64-shape1-True]" time="0.001" /><testcase classname="src.cucim.skimage.filters.tests.test_unsharp_mask" name="test_unsharp_masking_output_type_and_shape[True--1.0-0.5-0-int64-shape2-False]" time="0.001" /><testcase classname="src.cucim.skimage.filters.tests.test_unsharp_mask" name="test_unsharp_masking_output_type_and_shape[True--1.0-0.5-0-int64-shape3-True]" time="0.001" /><testcase classname="src.cucim.skimage.filters.tests.test_unsharp_mask" name="test_unsharp_masking_output_type_and_shape[True--1.0-0.5-0-int64-shape4-False]" time="0.001" /><testcase classname="src.cucim.skimage.filters.tests.test_unsharp_mask" name="test_unsharp_masking_output_type_and_shape[True--1.0-0.5-0-float16-shape0-False]" time="0.001" /><testcase classname="src.cucim.skimage.filters.tests.test_unsharp_mask" name="test_unsharp_masking_output_type_and_shape[True--1.0-0.5-0-float16-shape1-True]" time="0.001" /><testcase classname="src.cucim.skimage.filters.tests.test_unsharp_mask" name="test_unsharp_masking_output_type_and_shape[True--1.0-0.5-0-float16-shape2-False]" time="0.001" /><testcase classname="src.cucim.skimage.filters.tests.test_unsharp_mask" name="test_unsharp_masking_output_type_and_shape[True--1.0-0.5-0-float16-shape3-True]" time="0.001" /><testcase classname="src.cucim.skimage.filters.tests.test_unsharp_mask" name="test_unsharp_masking_output_type_and_shape[True--1.0-0.5-0-float16-shape4-False]" time="0.001" /><testcase classname="src.cucim.skimage.filters.tests.test_unsharp_mask" name="test_unsharp_masking_output_type_and_shape[True--1.0-0.5-0-float32-shape0-False]" time="0.001" /><testcase classname="src.cucim.skimage.filters.tests.test_unsharp_mask" name="test_unsharp_masking_output_type_and_shape[True--1.0-0.5-0-float32-shape1-True]" time="0.001" /><testcase classname="src.cucim.skimage.filters.tests.test_unsharp_mask" name="test_unsharp_masking_output_type_and_shape[True--1.0-0.5-0-float32-shape2-False]" time="0.001" /><testcase classname="src.cucim.skimage.filters.tests.test_unsharp_mask" name="test_unsharp_masking_output_type_and_shape[True--1.0-0.5-0-float32-shape3-True]" time="0.001" /><testcase classname="src.cucim.skimage.filters.tests.test_unsharp_mask" name="test_unsharp_masking_output_type_and_shape[True--1.0-0.5-0-float32-shape4-False]" time="0.001" /><testcase classname="src.cucim.skimage.filters.tests.test_unsharp_mask" name="test_unsharp_masking_output_type_and_shape[True--1.0-0.5-0-float64-shape0-False]" time="0.001" /><testcase classname="src.cucim.skimage.filters.tests.test_unsharp_mask" name="test_unsharp_masking_output_type_and_shape[True--1.0-0.5-0-float64-shape1-True]" time="0.001" /><testcase classname="src.cucim.skimage.filters.tests.test_unsharp_mask" name="test_unsharp_masking_output_type_and_shape[True--1.0-0.5-0-float64-shape2-False]" time="0.001" /><testcase classname="src.cucim.skimage.filters.tests.test_unsharp_mask" name="test_unsharp_masking_output_type_and_shape[True--1.0-0.5-0-float64-shape3-True]" time="0.001" /><testcase classname="src.cucim.skimage.filters.tests.test_unsharp_mask" name="test_unsharp_masking_output_type_and_shape[True--1.0-0.5-0-float64-shape4-False]" time="0.001" /><testcase classname="src.cucim.skimage.filters.tests.test_unsharp_mask" name="test_unsharp_masking_output_type_and_shape[True--1.0-0.5-0.1-uint8-shape0-False]" time="0.001" /><testcase classname="src.cucim.skimage.filters.tests.test_unsharp_mask" name="test_unsharp_masking_output_type_and_shape[True--1.0-0.5-0.1-uint8-shape1-True]" time="0.002" /><testcase classname="src.cucim.skimage.filters.tests.test_unsharp_mask" name="test_unsharp_masking_output_type_and_shape[True--1.0-0.5-0.1-uint8-shape2-False]" time="0.001" /><testcase classname="src.cucim.skimage.filters.tests.test_unsharp_mask" name="test_unsharp_masking_output_type_and_shape[True--1.0-0.5-0.1-uint8-shape3-True]" time="0.001" /><testcase classname="src.cucim.skimage.filters.tests.test_unsharp_mask" name="test_unsharp_masking_output_type_and_shape[True--1.0-0.5-0.1-uint8-shape4-False]" time="0.001" /><testcase classname="src.cucim.skimage.filters.tests.test_unsharp_mask" name="test_unsharp_masking_output_type_and_shape[True--1.0-0.5-0.1-int8-shape0-False]" time="0.001" /><testcase classname="src.cucim.skimage.filters.tests.test_unsharp_mask" name="test_unsharp_masking_output_type_and_shape[True--1.0-0.5-0.1-int8-shape1-True]" time="0.001" /><testcase classname="src.cucim.skimage.filters.tests.test_unsharp_mask" name="test_unsharp_masking_output_type_and_shape[True--1.0-0.5-0.1-int8-shape2-False]" time="0.001" /><testcase classname="src.cucim.skimage.filters.tests.test_unsharp_mask" name="test_unsharp_masking_output_type_and_shape[True--1.0-0.5-0.1-int8-shape3-True]" time="0.001" /><testcase classname="src.cucim.skimage.filters.tests.test_unsharp_mask" name="test_unsharp_masking_output_type_and_shape[True--1.0-0.5-0.1-int8-shape4-False]" time="0.001" /><testcase classname="src.cucim.skimage.filters.tests.test_unsharp_mask" name="test_unsharp_masking_output_type_and_shape[True--1.0-0.5-0.1-uint16-shape0-False]" time="0.001" /><testcase classname="src.cucim.skimage.filters.tests.test_unsharp_mask" name="test_unsharp_masking_output_type_and_shape[True--1.0-0.5-0.1-uint16-shape1-True]" time="0.001" /><testcase classname="src.cucim.skimage.filters.tests.test_unsharp_mask" name="test_unsharp_masking_output_type_and_shape[True--1.0-0.5-0.1-uint16-shape2-False]" time="0.001" /><testcase classname="src.cucim.skimage.filters.tests.test_unsharp_mask" name="test_unsharp_masking_output_type_and_shape[True--1.0-0.5-0.1-uint16-shape3-True]" time="0.001" /><testcase classname="src.cucim.skimage.filters.tests.test_unsharp_mask" name="test_unsharp_masking_output_type_and_shape[True--1.0-0.5-0.1-uint16-shape4-False]" time="0.001" /><testcase classname="src.cucim.skimage.filters.tests.test_unsharp_mask" name="test_unsharp_masking_output_type_and_shape[True--1.0-0.5-0.1-int16-shape0-False]" time="0.001" /><testcase classname="src.cucim.skimage.filters.tests.test_unsharp_mask" name="test_unsharp_masking_output_type_and_shape[True--1.0-0.5-0.1-int16-shape1-True]" time="0.001" /><testcase classname="src.cucim.skimage.filters.tests.test_unsharp_mask" name="test_unsharp_masking_output_type_and_shape[True--1.0-0.5-0.1-int16-shape2-False]" time="0.001" /><testcase classname="src.cucim.skimage.filters.tests.test_unsharp_mask" name="test_unsharp_masking_output_type_and_shape[True--1.0-0.5-0.1-int16-shape3-True]" time="0.001" /><testcase classname="src.cucim.skimage.filters.tests.test_unsharp_mask" name="test_unsharp_masking_output_type_and_shape[True--1.0-0.5-0.1-int16-shape4-False]" time="0.001" /><testcase classname="src.cucim.skimage.filters.tests.test_unsharp_mask" name="test_unsharp_masking_output_type_and_shape[True--1.0-0.5-0.1-uint32-shape0-False]" time="0.001" /><testcase classname="src.cucim.skimage.filters.tests.test_unsharp_mask" name="test_unsharp_masking_output_type_and_shape[True--1.0-0.5-0.1-uint32-shape1-True]" time="0.002" /><testcase classname="src.cucim.skimage.filters.tests.test_unsharp_mask" name="test_unsharp_masking_output_type_and_shape[True--1.0-0.5-0.1-uint32-shape2-False]" time="0.001" /><testcase classname="src.cucim.skimage.filters.tests.test_unsharp_mask" name="test_unsharp_masking_output_type_and_shape[True--1.0-0.5-0.1-uint32-shape3-True]" time="0.001" /><testcase classname="src.cucim.skimage.filters.tests.test_unsharp_mask" name="test_unsharp_masking_output_type_and_shape[True--1.0-0.5-0.1-uint32-shape4-False]" time="0.001" /><testcase classname="src.cucim.skimage.filters.tests.test_unsharp_mask" name="test_unsharp_masking_output_type_and_shape[True--1.0-0.5-0.1-int32-shape0-False]" time="0.001" /><testcase classname="src.cucim.skimage.filters.tests.test_unsharp_mask" name="test_unsharp_masking_output_type_and_shape[True--1.0-0.5-0.1-int32-shape1-True]" time="0.002" /><testcase classname="src.cucim.skimage.filters.tests.test_unsharp_mask" name="test_unsharp_masking_output_type_and_shape[True--1.0-0.5-0.1-int32-shape2-False]" time="0.001" /><testcase classname="src.cucim.skimage.filters.tests.test_unsharp_mask" name="test_unsharp_masking_output_type_and_shape[True--1.0-0.5-0.1-int32-shape3-True]" time="0.001" /><testcase classname="src.cucim.skimage.filters.tests.test_unsharp_mask" name="test_unsharp_masking_output_type_and_shape[True--1.0-0.5-0.1-int32-shape4-False]" time="0.001" /><testcase classname="src.cucim.skimage.filters.tests.test_unsharp_mask" name="test_unsharp_masking_output_type_and_shape[True--1.0-0.5-0.1-uint64-shape0-False]" time="0.001" /><testcase classname="src.cucim.skimage.filters.tests.test_unsharp_mask" name="test_unsharp_masking_output_type_and_shape[True--1.0-0.5-0.1-uint64-shape1-True]" time="0.002" /><testcase classname="src.cucim.skimage.filters.tests.test_unsharp_mask" name="test_unsharp_masking_output_type_and_shape[True--1.0-0.5-0.1-uint64-shape2-False]" time="0.001" /><testcase classname="src.cucim.skimage.filters.tests.test_unsharp_mask" name="test_unsharp_masking_output_type_and_shape[True--1.0-0.5-0.1-uint64-shape3-True]" time="0.002" /><testcase classname="src.cucim.skimage.filters.tests.test_unsharp_mask" name="test_unsharp_masking_output_type_and_shape[True--1.0-0.5-0.1-uint64-shape4-False]" time="0.001" /><testcase classname="src.cucim.skimage.filters.tests.test_unsharp_mask" name="test_unsharp_masking_output_type_and_shape[True--1.0-0.5-0.1-int64-shape0-False]" time="0.001" /><testcase classname="src.cucim.skimage.filters.tests.test_unsharp_mask" name="test_unsharp_masking_output_type_and_shape[True--1.0-0.5-0.1-int64-shape1-True]" time="0.002" /><testcase classname="src.cucim.skimage.filters.tests.test_unsharp_mask" name="test_unsharp_masking_output_type_and_shape[True--1.0-0.5-0.1-int64-shape2-False]" time="0.001" /><testcase classname="src.cucim.skimage.filters.tests.test_unsharp_mask" name="test_unsharp_masking_output_type_and_shape[True--1.0-0.5-0.1-int64-shape3-True]" time="0.002" /><testcase classname="src.cucim.skimage.filters.tests.test_unsharp_mask" name="test_unsharp_masking_output_type_and_shape[True--1.0-0.5-0.1-int64-shape4-False]" time="0.001" /><testcase classname="src.cucim.skimage.filters.tests.test_unsharp_mask" name="test_unsharp_masking_output_type_and_shape[True--1.0-0.5-0.1-float16-shape0-False]" time="0.001" /><testcase classname="src.cucim.skimage.filters.tests.test_unsharp_mask" name="test_unsharp_masking_output_type_and_shape[True--1.0-0.5-0.1-float16-shape1-True]" time="0.002" /><testcase classname="src.cucim.skimage.filters.tests.test_unsharp_mask" name="test_unsharp_masking_output_type_and_shape[True--1.0-0.5-0.1-float16-shape2-False]" time="0.001" /><testcase classname="src.cucim.skimage.filters.tests.test_unsharp_mask" name="test_unsharp_masking_output_type_and_shape[True--1.0-0.5-0.1-float16-shape3-True]" time="0.001" /><testcase classname="src.cucim.skimage.filters.tests.test_unsharp_mask" name="test_unsharp_masking_output_type_and_shape[True--1.0-0.5-0.1-float16-shape4-False]" time="0.001" /><testcase classname="src.cucim.skimage.filters.tests.test_unsharp_mask" name="test_unsharp_masking_output_type_and_shape[True--1.0-0.5-0.1-float32-shape0-False]" time="0.001" /><testcase classname="src.cucim.skimage.filters.tests.test_unsharp_mask" name="test_unsharp_masking_output_type_and_shape[True--1.0-0.5-0.1-float32-shape1-True]" time="0.001" /><testcase classname="src.cucim.skimage.filters.tests.test_unsharp_mask" name="test_unsharp_masking_output_type_and_shape[True--1.0-0.5-0.1-float32-shape2-False]" time="0.001" /><testcase classname="src.cucim.skimage.filters.tests.test_unsharp_mask" name="test_unsharp_masking_output_type_and_shape[True--1.0-0.5-0.1-float32-shape3-True]" time="0.001" /><testcase classname="src.cucim.skimage.filters.tests.test_unsharp_mask" name="test_unsharp_masking_output_type_and_shape[True--1.0-0.5-0.1-float32-shape4-False]" time="0.001" /><testcase classname="src.cucim.skimage.filters.tests.test_unsharp_mask" name="test_unsharp_masking_output_type_and_shape[True--1.0-0.5-0.1-float64-shape0-False]" time="0.001" /><testcase classname="src.cucim.skimage.filters.tests.test_unsharp_mask" name="test_unsharp_masking_output_type_and_shape[True--1.0-0.5-0.1-float64-shape1-True]" time="0.001" /><testcase classname="src.cucim.skimage.filters.tests.test_unsharp_mask" name="test_unsharp_masking_output_type_and_shape[True--1.0-0.5-0.1-float64-shape2-False]" time="0.001" /><testcase classname="src.cucim.skimage.filters.tests.test_unsharp_mask" name="test_unsharp_masking_output_type_and_shape[True--1.0-0.5-0.1-float64-shape3-True]" time="0.002" /><testcase classname="src.cucim.skimage.filters.tests.test_unsharp_mask" name="test_unsharp_masking_output_type_and_shape[True--1.0-0.5-0.1-float64-shape4-False]" time="0.001" /><testcase classname="src.cucim.skimage.filters.tests.test_unsharp_mask" name="test_unsharp_masking_output_type_and_shape[True--1.0-0.5-2.0-uint8-shape0-False]" time="0.001" /><testcase classname="src.cucim.skimage.filters.tests.test_unsharp_mask" name="test_unsharp_masking_output_type_and_shape[True--1.0-0.5-2.0-uint8-shape1-True]" time="0.002" /><testcase classname="src.cucim.skimage.filters.tests.test_unsharp_mask" name="test_unsharp_masking_output_type_and_shape[True--1.0-0.5-2.0-uint8-shape2-False]" time="0.002" /><testcase classname="src.cucim.skimage.filters.tests.test_unsharp_mask" name="test_unsharp_masking_output_type_and_shape[True--1.0-0.5-2.0-uint8-shape3-True]" time="0.002" /><testcase classname="src.cucim.skimage.filters.tests.test_unsharp_mask" name="test_unsharp_masking_output_type_and_shape[True--1.0-0.5-2.0-uint8-shape4-False]" time="0.002" /><testcase classname="src.cucim.skimage.filters.tests.test_unsharp_mask" name="test_unsharp_masking_output_type_and_shape[True--1.0-0.5-2.0-int8-shape0-False]" time="0.001" /><testcase classname="src.cucim.skimage.filters.tests.test_unsharp_mask" name="test_unsharp_masking_output_type_and_shape[True--1.0-0.5-2.0-int8-shape1-True]" time="0.002" /><testcase classname="src.cucim.skimage.filters.tests.test_unsharp_mask" name="test_unsharp_masking_output_type_and_shape[True--1.0-0.5-2.0-int8-shape2-False]" time="0.001" /><testcase classname="src.cucim.skimage.filters.tests.test_unsharp_mask" name="test_unsharp_masking_output_type_and_shape[True--1.0-0.5-2.0-int8-shape3-True]" time="0.002" /><testcase classname="src.cucim.skimage.filters.tests.test_unsharp_mask" name="test_unsharp_masking_output_type_and_shape[True--1.0-0.5-2.0-int8-shape4-False]" time="0.002" /><testcase classname="src.cucim.skimage.filters.tests.test_unsharp_mask" name="test_unsharp_masking_output_type_and_shape[True--1.0-0.5-2.0-uint16-shape0-False]" time="0.001" /><testcase classname="src.cucim.skimage.filters.tests.test_unsharp_mask" name="test_unsharp_masking_output_type_and_shape[True--1.0-0.5-2.0-uint16-shape1-True]" time="0.002" /><testcase classname="src.cucim.skimage.filters.tests.test_unsharp_mask" name="test_unsharp_masking_output_type_and_shape[True--1.0-0.5-2.0-uint16-shape2-False]" time="0.002" /><testcase classname="src.cucim.skimage.filters.tests.test_unsharp_mask" name="test_unsharp_masking_output_type_and_shape[True--1.0-0.5-2.0-uint16-shape3-True]" time="0.002" /><testcase classname="src.cucim.skimage.filters.tests.test_unsharp_mask" name="test_unsharp_masking_output_type_and_shape[True--1.0-0.5-2.0-uint16-shape4-False]" time="0.002" /><testcase classname="src.cucim.skimage.filters.tests.test_unsharp_mask" name="test_unsharp_masking_output_type_and_shape[True--1.0-0.5-2.0-int16-shape0-False]" time="0.001" /><testcase classname="src.cucim.skimage.filters.tests.test_unsharp_mask" name="test_unsharp_masking_output_type_and_shape[True--1.0-0.5-2.0-int16-shape1-True]" time="0.002" /><testcase classname="src.cucim.skimage.filters.tests.test_unsharp_mask" name="test_unsharp_masking_output_type_and_shape[True--1.0-0.5-2.0-int16-shape2-False]" time="0.002" /><testcase classname="src.cucim.skimage.filters.tests.test_unsharp_mask" name="test_unsharp_masking_output_type_and_shape[True--1.0-0.5-2.0-int16-shape3-True]" time="0.002" /><testcase classname="src.cucim.skimage.filters.tests.test_unsharp_mask" name="test_unsharp_masking_output_type_and_shape[True--1.0-0.5-2.0-int16-shape4-False]" time="0.002" /><testcase classname="src.cucim.skimage.filters.tests.test_unsharp_mask" name="test_unsharp_masking_output_type_and_shape[True--1.0-0.5-2.0-uint32-shape0-False]" time="0.001" /><testcase classname="src.cucim.skimage.filters.tests.test_unsharp_mask" name="test_unsharp_masking_output_type_and_shape[True--1.0-0.5-2.0-uint32-shape1-True]" time="0.002" /><testcase classname="src.cucim.skimage.filters.tests.test_unsharp_mask" name="test_unsharp_masking_output_type_and_shape[True--1.0-0.5-2.0-uint32-shape2-False]" time="0.001" /><testcase classname="src.cucim.skimage.filters.tests.test_unsharp_mask" name="test_unsharp_masking_output_type_and_shape[True--1.0-0.5-2.0-uint32-shape3-True]" time="0.002" /><testcase classname="src.cucim.skimage.filters.tests.test_unsharp_mask" name="test_unsharp_masking_output_type_and_shape[True--1.0-0.5-2.0-uint32-shape4-False]" time="0.002" /><testcase classname="src.cucim.skimage.filters.tests.test_unsharp_mask" name="test_unsharp_masking_output_type_and_shape[True--1.0-0.5-2.0-int32-shape0-False]" time="0.001" /><testcase classname="src.cucim.skimage.filters.tests.test_unsharp_mask" name="test_unsharp_masking_output_type_and_shape[True--1.0-0.5-2.0-int32-shape1-True]" time="0.002" /><testcase classname="src.cucim.skimage.filters.tests.test_unsharp_mask" name="test_unsharp_masking_output_type_and_shape[True--1.0-0.5-2.0-int32-shape2-False]" time="0.001" /><testcase classname="src.cucim.skimage.filters.tests.test_unsharp_mask" name="test_unsharp_masking_output_type_and_shape[True--1.0-0.5-2.0-int32-shape3-True]" time="0.002" /><testcase classname="src.cucim.skimage.filters.tests.test_unsharp_mask" name="test_unsharp_masking_output_type_and_shape[True--1.0-0.5-2.0-int32-shape4-False]" time="0.002" /><testcase classname="src.cucim.skimage.filters.tests.test_unsharp_mask" name="test_unsharp_masking_output_type_and_shape[True--1.0-0.5-2.0-uint64-shape0-False]" time="0.001" /><testcase classname="src.cucim.skimage.filters.tests.test_unsharp_mask" name="test_unsharp_masking_output_type_and_shape[True--1.0-0.5-2.0-uint64-shape1-True]" time="0.002" /><testcase classname="src.cucim.skimage.filters.tests.test_unsharp_mask" name="test_unsharp_masking_output_type_and_shape[True--1.0-0.5-2.0-uint64-shape2-False]" time="0.001" /><testcase classname="src.cucim.skimage.filters.tests.test_unsharp_mask" name="test_unsharp_masking_output_type_and_shape[True--1.0-0.5-2.0-uint64-shape3-True]" time="0.002" /><testcase classname="src.cucim.skimage.filters.tests.test_unsharp_mask" name="test_unsharp_masking_output_type_and_shape[True--1.0-0.5-2.0-uint64-shape4-False]" time="0.002" /><testcase classname="src.cucim.skimage.filters.tests.test_unsharp_mask" name="test_unsharp_masking_output_type_and_shape[True--1.0-0.5-2.0-int64-shape0-False]" time="0.001" /><testcase classname="src.cucim.skimage.filters.tests.test_unsharp_mask" name="test_unsharp_masking_output_type_and_shape[True--1.0-0.5-2.0-int64-shape1-True]" time="0.002" /><testcase classname="src.cucim.skimage.filters.tests.test_unsharp_mask" name="test_unsharp_masking_output_type_and_shape[True--1.0-0.5-2.0-int64-shape2-False]" time="0.001" /><testcase classname="src.cucim.skimage.filters.tests.test_unsharp_mask" name="test_unsharp_masking_output_type_and_shape[True--1.0-0.5-2.0-int64-shape3-True]" time="0.002" /><testcase classname="src.cucim.skimage.filters.tests.test_unsharp_mask" name="test_unsharp_masking_output_type_and_shape[True--1.0-0.5-2.0-int64-shape4-False]" time="0.002" /><testcase classname="src.cucim.skimage.filters.tests.test_unsharp_mask" name="test_unsharp_masking_output_type_and_shape[True--1.0-0.5-2.0-float16-shape0-False]" time="0.001" /><testcase classname="src.cucim.skimage.filters.tests.test_unsharp_mask" name="test_unsharp_masking_output_type_and_shape[True--1.0-0.5-2.0-float16-shape1-True]" time="0.002" /><testcase classname="src.cucim.skimage.filters.tests.test_unsharp_mask" name="test_unsharp_masking_output_type_and_shape[True--1.0-0.5-2.0-float16-shape2-False]" time="0.001" /><testcase classname="src.cucim.skimage.filters.tests.test_unsharp_mask" name="test_unsharp_masking_output_type_and_shape[True--1.0-0.5-2.0-float16-shape3-True]" time="0.002" /><testcase classname="src.cucim.skimage.filters.tests.test_unsharp_mask" name="test_unsharp_masking_output_type_and_shape[True--1.0-0.5-2.0-float16-shape4-False]" time="0.002" /><testcase classname="src.cucim.skimage.filters.tests.test_unsharp_mask" name="test_unsharp_masking_output_type_and_shape[True--1.0-0.5-2.0-float32-shape0-False]" time="0.001" /><testcase classname="src.cucim.skimage.filters.tests.test_unsharp_mask" name="test_unsharp_masking_output_type_and_shape[True--1.0-0.5-2.0-float32-shape1-True]" time="0.002" /><testcase classname="src.cucim.skimage.filters.tests.test_unsharp_mask" name="test_unsharp_masking_output_type_and_shape[True--1.0-0.5-2.0-float32-shape2-False]" time="0.002" /><testcase classname="src.cucim.skimage.filters.tests.test_unsharp_mask" name="test_unsharp_masking_output_type_and_shape[True--1.0-0.5-2.0-float32-shape3-True]" time="0.002" /><testcase classname="src.cucim.skimage.filters.tests.test_unsharp_mask" name="test_unsharp_masking_output_type_and_shape[True--1.0-0.5-2.0-float32-shape4-False]" time="0.002" /><testcase classname="src.cucim.skimage.filters.tests.test_unsharp_mask" name="test_unsharp_masking_output_type_and_shape[True--1.0-0.5-2.0-float64-shape0-False]" time="0.001" /><testcase classname="src.cucim.skimage.filters.tests.test_unsharp_mask" name="test_unsharp_masking_output_type_and_shape[True--1.0-0.5-2.0-float64-shape1-True]" time="0.002" /><testcase classname="src.cucim.skimage.filters.tests.test_unsharp_mask" name="test_unsharp_masking_output_type_and_shape[True--1.0-0.5-2.0-float64-shape2-False]" time="0.002" /><testcase classname="src.cucim.skimage.filters.tests.test_unsharp_mask" name="test_unsharp_masking_output_type_and_shape[True--1.0-0.5-2.0-float64-shape3-True]" time="0.002" /><testcase classname="src.cucim.skimage.filters.tests.test_unsharp_mask" name="test_unsharp_masking_output_type_and_shape[True--1.0-0.5-2.0-float64-shape4-False]" time="0.002" /><testcase classname="src.cucim.skimage.filters.tests.test_unsharp_mask" name="test_unsharp_masking_output_type_and_shape[True--1.0-2.0-0-uint8-shape0-False]" time="0.001" /><testcase classname="src.cucim.skimage.filters.tests.test_unsharp_mask" name="test_unsharp_masking_output_type_and_shape[True--1.0-2.0-0-uint8-shape1-True]" time="0.001" /><testcase classname="src.cucim.skimage.filters.tests.test_unsharp_mask" name="test_unsharp_masking_output_type_and_shape[True--1.0-2.0-0-uint8-shape2-False]" time="0.001" /><testcase classname="src.cucim.skimage.filters.tests.test_unsharp_mask" name="test_unsharp_masking_output_type_and_shape[True--1.0-2.0-0-uint8-shape3-True]" time="0.001" /><testcase classname="src.cucim.skimage.filters.tests.test_unsharp_mask" name="test_unsharp_masking_output_type_and_shape[True--1.0-2.0-0-uint8-shape4-False]" time="0.001" /><testcase classname="src.cucim.skimage.filters.tests.test_unsharp_mask" name="test_unsharp_masking_output_type_and_shape[True--1.0-2.0-0-int8-shape0-False]" time="0.001" /><testcase classname="src.cucim.skimage.filters.tests.test_unsharp_mask" name="test_unsharp_masking_output_type_and_shape[True--1.0-2.0-0-int8-shape1-True]" time="0.001" /><testcase classname="src.cucim.skimage.filters.tests.test_unsharp_mask" name="test_unsharp_masking_output_type_and_shape[True--1.0-2.0-0-int8-shape2-False]" time="0.001" /><testcase classname="src.cucim.skimage.filters.tests.test_unsharp_mask" name="test_unsharp_masking_output_type_and_shape[True--1.0-2.0-0-int8-shape3-True]" time="0.001" /><testcase classname="src.cucim.skimage.filters.tests.test_unsharp_mask" name="test_unsharp_masking_output_type_and_shape[True--1.0-2.0-0-int8-shape4-False]" time="0.001" /><testcase classname="src.cucim.skimage.filters.tests.test_unsharp_mask" name="test_unsharp_masking_output_type_and_shape[True--1.0-2.0-0-uint16-shape0-False]" time="0.001" /><testcase classname="src.cucim.skimage.filters.tests.test_unsharp_mask" name="test_unsharp_masking_output_type_and_shape[True--1.0-2.0-0-uint16-shape1-True]" time="0.001" /><testcase classname="src.cucim.skimage.filters.tests.test_unsharp_mask" name="test_unsharp_masking_output_type_and_shape[True--1.0-2.0-0-uint16-shape2-False]" time="0.001" /><testcase classname="src.cucim.skimage.filters.tests.test_unsharp_mask" name="test_unsharp_masking_output_type_and_shape[True--1.0-2.0-0-uint16-shape3-True]" time="0.001" /><testcase classname="src.cucim.skimage.filters.tests.test_unsharp_mask" name="test_unsharp_masking_output_type_and_shape[True--1.0-2.0-0-uint16-shape4-False]" time="0.001" /><testcase classname="src.cucim.skimage.filters.tests.test_unsharp_mask" name="test_unsharp_masking_output_type_and_shape[True--1.0-2.0-0-int16-shape0-False]" time="0.001" /><testcase classname="src.cucim.skimage.filters.tests.test_unsharp_mask" name="test_unsharp_masking_output_type_and_shape[True--1.0-2.0-0-int16-shape1-True]" time="0.001" /><testcase classname="src.cucim.skimage.filters.tests.test_unsharp_mask" name="test_unsharp_masking_output_type_and_shape[True--1.0-2.0-0-int16-shape2-False]" time="0.001" /><testcase classname="src.cucim.skimage.filters.tests.test_unsharp_mask" name="test_unsharp_masking_output_type_and_shape[True--1.0-2.0-0-int16-shape3-True]" time="0.001" /><testcase classname="src.cucim.skimage.filters.tests.test_unsharp_mask" name="test_unsharp_masking_output_type_and_shape[True--1.0-2.0-0-int16-shape4-False]" time="0.001" /><testcase classname="src.cucim.skimage.filters.tests.test_unsharp_mask" name="test_unsharp_masking_output_type_and_shape[True--1.0-2.0-0-uint32-shape0-False]" time="0.001" /><testcase classname="src.cucim.skimage.filters.tests.test_unsharp_mask" name="test_unsharp_masking_output_type_and_shape[True--1.0-2.0-0-uint32-shape1-True]" time="0.001" /><testcase classname="src.cucim.skimage.filters.tests.test_unsharp_mask" name="test_unsharp_masking_output_type_and_shape[True--1.0-2.0-0-uint32-shape2-False]" time="0.001" /><testcase classname="src.cucim.skimage.filters.tests.test_unsharp_mask" name="test_unsharp_masking_output_type_and_shape[True--1.0-2.0-0-uint32-shape3-True]" time="0.001" /><testcase classname="src.cucim.skimage.filters.tests.test_unsharp_mask" name="test_unsharp_masking_output_type_and_shape[True--1.0-2.0-0-uint32-shape4-False]" time="0.001" /><testcase classname="src.cucim.skimage.filters.tests.test_unsharp_mask" name="test_unsharp_masking_output_type_and_shape[True--1.0-2.0-0-int32-shape0-False]" time="0.001" /><testcase classname="src.cucim.skimage.filters.tests.test_unsharp_mask" name="test_unsharp_masking_output_type_and_shape[True--1.0-2.0-0-int32-shape1-True]" time="0.001" /><testcase classname="src.cucim.skimage.filters.tests.test_unsharp_mask" name="test_unsharp_masking_output_type_and_shape[True--1.0-2.0-0-int32-shape2-False]" time="0.001" /><testcase classname="src.cucim.skimage.filters.tests.test_unsharp_mask" name="test_unsharp_masking_output_type_and_shape[True--1.0-2.0-0-int32-shape3-True]" time="0.001" /><testcase classname="src.cucim.skimage.filters.tests.test_unsharp_mask" name="test_unsharp_masking_output_type_and_shape[True--1.0-2.0-0-int32-shape4-False]" time="0.001" /><testcase classname="src.cucim.skimage.filters.tests.test_unsharp_mask" name="test_unsharp_masking_output_type_and_shape[True--1.0-2.0-0-uint64-shape0-False]" time="0.001" /><testcase classname="src.cucim.skimage.filters.tests.test_unsharp_mask" name="test_unsharp_masking_output_type_and_shape[True--1.0-2.0-0-uint64-shape1-True]" time="0.002" /><testcase classname="src.cucim.skimage.filters.tests.test_unsharp_mask" name="test_unsharp_masking_output_type_and_shape[True--1.0-2.0-0-uint64-shape2-False]" time="0.001" /><testcase classname="src.cucim.skimage.filters.tests.test_unsharp_mask" name="test_unsharp_masking_output_type_and_shape[True--1.0-2.0-0-uint64-shape3-True]" time="0.001" /><testcase classname="src.cucim.skimage.filters.tests.test_unsharp_mask" name="test_unsharp_masking_output_type_and_shape[True--1.0-2.0-0-uint64-shape4-False]" time="0.001" /><testcase classname="src.cucim.skimage.filters.tests.test_unsharp_mask" name="test_unsharp_masking_output_type_and_shape[True--1.0-2.0-0-int64-shape0-False]" time="0.001" /><testcase classname="src.cucim.skimage.filters.tests.test_unsharp_mask" name="test_unsharp_masking_output_type_and_shape[True--1.0-2.0-0-int64-shape1-True]" time="0.001" /><testcase classname="src.cucim.skimage.filters.tests.test_unsharp_mask" name="test_unsharp_masking_output_type_and_shape[True--1.0-2.0-0-int64-shape2-False]" time="0.001" /><testcase classname="src.cucim.skimage.filters.tests.test_unsharp_mask" name="test_unsharp_masking_output_type_and_shape[True--1.0-2.0-0-int64-shape3-True]" time="0.001" /><testcase classname="src.cucim.skimage.filters.tests.test_unsharp_mask" name="test_unsharp_masking_output_type_and_shape[True--1.0-2.0-0-int64-shape4-False]" time="0.001" /><testcase classname="src.cucim.skimage.filters.tests.test_unsharp_mask" name="test_unsharp_masking_output_type_and_shape[True--1.0-2.0-0-float16-shape0-False]" time="0.001" /><testcase classname="src.cucim.skimage.filters.tests.test_unsharp_mask" name="test_unsharp_masking_output_type_and_shape[True--1.0-2.0-0-float16-shape1-True]" time="0.001" /><testcase classname="src.cucim.skimage.filters.tests.test_unsharp_mask" name="test_unsharp_masking_output_type_and_shape[True--1.0-2.0-0-float16-shape2-False]" time="0.001" /><testcase classname="src.cucim.skimage.filters.tests.test_unsharp_mask" name="test_unsharp_masking_output_type_and_shape[True--1.0-2.0-0-float16-shape3-True]" time="0.001" /><testcase classname="src.cucim.skimage.filters.tests.test_unsharp_mask" name="test_unsharp_masking_output_type_and_shape[True--1.0-2.0-0-float16-shape4-False]" time="0.001" /><testcase classname="src.cucim.skimage.filters.tests.test_unsharp_mask" name="test_unsharp_masking_output_type_and_shape[True--1.0-2.0-0-float32-shape0-False]" time="0.001" /><testcase classname="src.cucim.skimage.filters.tests.test_unsharp_mask" name="test_unsharp_masking_output_type_and_shape[True--1.0-2.0-0-float32-shape1-True]" time="0.001" /><testcase classname="src.cucim.skimage.filters.tests.test_unsharp_mask" name="test_unsharp_masking_output_type_and_shape[True--1.0-2.0-0-float32-shape2-False]" time="0.001" /><testcase classname="src.cucim.skimage.filters.tests.test_unsharp_mask" name="test_unsharp_masking_output_type_and_shape[True--1.0-2.0-0-float32-shape3-True]" time="0.001" /><testcase classname="src.cucim.skimage.filters.tests.test_unsharp_mask" name="test_unsharp_masking_output_type_and_shape[True--1.0-2.0-0-float32-shape4-False]" time="0.001" /><testcase classname="src.cucim.skimage.filters.tests.test_unsharp_mask" name="test_unsharp_masking_output_type_and_shape[True--1.0-2.0-0-float64-shape0-False]" time="0.001" /><testcase classname="src.cucim.skimage.filters.tests.test_unsharp_mask" name="test_unsharp_masking_output_type_and_shape[True--1.0-2.0-0-float64-shape1-True]" time="0.001" /><testcase classname="src.cucim.skimage.filters.tests.test_unsharp_mask" name="test_unsharp_masking_output_type_and_shape[True--1.0-2.0-0-float64-shape2-False]" time="0.001" /><testcase classname="src.cucim.skimage.filters.tests.test_unsharp_mask" name="test_unsharp_masking_output_type_and_shape[True--1.0-2.0-0-float64-shape3-True]" time="0.001" /><testcase classname="src.cucim.skimage.filters.tests.test_unsharp_mask" name="test_unsharp_masking_output_type_and_shape[True--1.0-2.0-0-float64-shape4-False]" time="0.001" /><testcase classname="src.cucim.skimage.filters.tests.test_unsharp_mask" name="test_unsharp_masking_output_type_and_shape[True--1.0-2.0-0.1-uint8-shape0-False]" time="0.001" /><testcase classname="src.cucim.skimage.filters.tests.test_unsharp_mask" name="test_unsharp_masking_output_type_and_shape[True--1.0-2.0-0.1-uint8-shape1-True]" time="0.002" /><testcase classname="src.cucim.skimage.filters.tests.test_unsharp_mask" name="test_unsharp_masking_output_type_and_shape[True--1.0-2.0-0.1-uint8-shape2-False]" time="0.001" /><testcase classname="src.cucim.skimage.filters.tests.test_unsharp_mask" name="test_unsharp_masking_output_type_and_shape[True--1.0-2.0-0.1-uint8-shape3-True]" time="0.001" /><testcase classname="src.cucim.skimage.filters.tests.test_unsharp_mask" name="test_unsharp_masking_output_type_and_shape[True--1.0-2.0-0.1-uint8-shape4-False]" time="0.001" /><testcase classname="src.cucim.skimage.filters.tests.test_unsharp_mask" name="test_unsharp_masking_output_type_and_shape[True--1.0-2.0-0.1-int8-shape0-False]" time="0.001" /><testcase classname="src.cucim.skimage.filters.tests.test_unsharp_mask" name="test_unsharp_masking_output_type_and_shape[True--1.0-2.0-0.1-int8-shape1-True]" time="0.001" /><testcase classname="src.cucim.skimage.filters.tests.test_unsharp_mask" name="test_unsharp_masking_output_type_and_shape[True--1.0-2.0-0.1-int8-shape2-False]" time="0.001" /><testcase classname="src.cucim.skimage.filters.tests.test_unsharp_mask" name="test_unsharp_masking_output_type_and_shape[True--1.0-2.0-0.1-int8-shape3-True]" time="0.001" /><testcase classname="src.cucim.skimage.filters.tests.test_unsharp_mask" name="test_unsharp_masking_output_type_and_shape[True--1.0-2.0-0.1-int8-shape4-False]" time="0.001" /><testcase classname="src.cucim.skimage.filters.tests.test_unsharp_mask" name="test_unsharp_masking_output_type_and_shape[True--1.0-2.0-0.1-uint16-shape0-False]" time="0.001" /><testcase classname="src.cucim.skimage.filters.tests.test_unsharp_mask" name="test_unsharp_masking_output_type_and_shape[True--1.0-2.0-0.1-uint16-shape1-True]" time="0.001" /><testcase classname="src.cucim.skimage.filters.tests.test_unsharp_mask" name="test_unsharp_masking_output_type_and_shape[True--1.0-2.0-0.1-uint16-shape2-False]" time="0.001" /><testcase classname="src.cucim.skimage.filters.tests.test_unsharp_mask" name="test_unsharp_masking_output_type_and_shape[True--1.0-2.0-0.1-uint16-shape3-True]" time="0.001" /><testcase classname="src.cucim.skimage.filters.tests.test_unsharp_mask" name="test_unsharp_masking_output_type_and_shape[True--1.0-2.0-0.1-uint16-shape4-False]" time="0.001" /><testcase classname="src.cucim.skimage.filters.tests.test_unsharp_mask" name="test_unsharp_masking_output_type_and_shape[True--1.0-2.0-0.1-int16-shape0-False]" time="0.001" /><testcase classname="src.cucim.skimage.filters.tests.test_unsharp_mask" name="test_unsharp_masking_output_type_and_shape[True--1.0-2.0-0.1-int16-shape1-True]" time="0.002" /><testcase classname="src.cucim.skimage.filters.tests.test_unsharp_mask" name="test_unsharp_masking_output_type_and_shape[True--1.0-2.0-0.1-int16-shape2-False]" time="0.001" /><testcase classname="src.cucim.skimage.filters.tests.test_unsharp_mask" name="test_unsharp_masking_output_type_and_shape[True--1.0-2.0-0.1-int16-shape3-True]" time="0.002" /><testcase classname="src.cucim.skimage.filters.tests.test_unsharp_mask" name="test_unsharp_masking_output_type_and_shape[True--1.0-2.0-0.1-int16-shape4-False]" time="0.001" /><testcase classname="src.cucim.skimage.filters.tests.test_unsharp_mask" name="test_unsharp_masking_output_type_and_shape[True--1.0-2.0-0.1-uint32-shape0-False]" time="0.001" /><testcase classname="src.cucim.skimage.filters.tests.test_unsharp_mask" name="test_unsharp_masking_output_type_and_shape[True--1.0-2.0-0.1-uint32-shape1-True]" time="0.002" /><testcase classname="src.cucim.skimage.filters.tests.test_unsharp_mask" name="test_unsharp_masking_output_type_and_shape[True--1.0-2.0-0.1-uint32-shape2-False]" time="0.001" /><testcase classname="src.cucim.skimage.filters.tests.test_unsharp_mask" name="test_unsharp_masking_output_type_and_shape[True--1.0-2.0-0.1-uint32-shape3-True]" time="0.002" /><testcase classname="src.cucim.skimage.filters.tests.test_unsharp_mask" name="test_unsharp_masking_output_type_and_shape[True--1.0-2.0-0.1-uint32-shape4-False]" time="0.001" /><testcase classname="src.cucim.skimage.filters.tests.test_unsharp_mask" name="test_unsharp_masking_output_type_and_shape[True--1.0-2.0-0.1-int32-shape0-False]" time="0.001" /><testcase classname="src.cucim.skimage.filters.tests.test_unsharp_mask" name="test_unsharp_masking_output_type_and_shape[True--1.0-2.0-0.1-int32-shape1-True]" time="0.002" /><testcase classname="src.cucim.skimage.filters.tests.test_unsharp_mask" name="test_unsharp_masking_output_type_and_shape[True--1.0-2.0-0.1-int32-shape2-False]" time="0.001" /><testcase classname="src.cucim.skimage.filters.tests.test_unsharp_mask" name="test_unsharp_masking_output_type_and_shape[True--1.0-2.0-0.1-int32-shape3-True]" time="0.001" /><testcase classname="src.cucim.skimage.filters.tests.test_unsharp_mask" name="test_unsharp_masking_output_type_and_shape[True--1.0-2.0-0.1-int32-shape4-False]" time="0.001" /><testcase classname="src.cucim.skimage.filters.tests.test_unsharp_mask" name="test_unsharp_masking_output_type_and_shape[True--1.0-2.0-0.1-uint64-shape0-False]" time="0.001" /><testcase classname="src.cucim.skimage.filters.tests.test_unsharp_mask" name="test_unsharp_masking_output_type_and_shape[True--1.0-2.0-0.1-uint64-shape1-True]" time="0.002" /><testcase classname="src.cucim.skimage.filters.tests.test_unsharp_mask" name="test_unsharp_masking_output_type_and_shape[True--1.0-2.0-0.1-uint64-shape2-False]" time="0.001" /><testcase classname="src.cucim.skimage.filters.tests.test_unsharp_mask" name="test_unsharp_masking_output_type_and_shape[True--1.0-2.0-0.1-uint64-shape3-True]" time="0.001" /><testcase classname="src.cucim.skimage.filters.tests.test_unsharp_mask" name="test_unsharp_masking_output_type_and_shape[True--1.0-2.0-0.1-uint64-shape4-False]" time="0.001" /><testcase classname="src.cucim.skimage.filters.tests.test_unsharp_mask" name="test_unsharp_masking_output_type_and_shape[True--1.0-2.0-0.1-int64-shape0-False]" time="0.001" /><testcase classname="src.cucim.skimage.filters.tests.test_unsharp_mask" name="test_unsharp_masking_output_type_and_shape[True--1.0-2.0-0.1-int64-shape1-True]" time="0.002" /><testcase classname="src.cucim.skimage.filters.tests.test_unsharp_mask" name="test_unsharp_masking_output_type_and_shape[True--1.0-2.0-0.1-int64-shape2-False]" time="0.001" /><testcase classname="src.cucim.skimage.filters.tests.test_unsharp_mask" name="test_unsharp_masking_output_type_and_shape[True--1.0-2.0-0.1-int64-shape3-True]" time="0.001" /><testcase classname="src.cucim.skimage.filters.tests.test_unsharp_mask" name="test_unsharp_masking_output_type_and_shape[True--1.0-2.0-0.1-int64-shape4-False]" time="0.001" /><testcase classname="src.cucim.skimage.filters.tests.test_unsharp_mask" name="test_unsharp_masking_output_type_and_shape[True--1.0-2.0-0.1-float16-shape0-False]" time="0.001" /><testcase classname="src.cucim.skimage.filters.tests.test_unsharp_mask" name="test_unsharp_masking_output_type_and_shape[True--1.0-2.0-0.1-float16-shape1-True]" time="0.002" /><testcase classname="src.cucim.skimage.filters.tests.test_unsharp_mask" name="test_unsharp_masking_output_type_and_shape[True--1.0-2.0-0.1-float16-shape2-False]" time="0.001" /><testcase classname="src.cucim.skimage.filters.tests.test_unsharp_mask" name="test_unsharp_masking_output_type_and_shape[True--1.0-2.0-0.1-float16-shape3-True]" time="0.001" /><testcase classname="src.cucim.skimage.filters.tests.test_unsharp_mask" name="test_unsharp_masking_output_type_and_shape[True--1.0-2.0-0.1-float16-shape4-False]" time="0.001" /><testcase classname="src.cucim.skimage.filters.tests.test_unsharp_mask" name="test_unsharp_masking_output_type_and_shape[True--1.0-2.0-0.1-float32-shape0-False]" time="0.001" /><testcase classname="src.cucim.skimage.filters.tests.test_unsharp_mask" name="test_unsharp_masking_output_type_and_shape[True--1.0-2.0-0.1-float32-shape1-True]" time="0.002" /><testcase classname="src.cucim.skimage.filters.tests.test_unsharp_mask" name="test_unsharp_masking_output_type_and_shape[True--1.0-2.0-0.1-float32-shape2-False]" time="0.001" /><testcase classname="src.cucim.skimage.filters.tests.test_unsharp_mask" name="test_unsharp_masking_output_type_and_shape[True--1.0-2.0-0.1-float32-shape3-True]" time="0.001" /><testcase classname="src.cucim.skimage.filters.tests.test_unsharp_mask" name="test_unsharp_masking_output_type_and_shape[True--1.0-2.0-0.1-float32-shape4-False]" time="0.001" /><testcase classname="src.cucim.skimage.filters.tests.test_unsharp_mask" name="test_unsharp_masking_output_type_and_shape[True--1.0-2.0-0.1-float64-shape0-False]" time="0.002" /><testcase classname="src.cucim.skimage.filters.tests.test_unsharp_mask" name="test_unsharp_masking_output_type_and_shape[True--1.0-2.0-0.1-float64-shape1-True]" time="0.002" /><testcase classname="src.cucim.skimage.filters.tests.test_unsharp_mask" name="test_unsharp_masking_output_type_and_shape[True--1.0-2.0-0.1-float64-shape2-False]" time="0.001" /><testcase classname="src.cucim.skimage.filters.tests.test_unsharp_mask" name="test_unsharp_masking_output_type_and_shape[True--1.0-2.0-0.1-float64-shape3-True]" time="0.001" /><testcase classname="src.cucim.skimage.filters.tests.test_unsharp_mask" name="test_unsharp_masking_output_type_and_shape[True--1.0-2.0-0.1-float64-shape4-False]" time="0.001" /><testcase classname="src.cucim.skimage.filters.tests.test_unsharp_mask" name="test_unsharp_masking_output_type_and_shape[True--1.0-2.0-2.0-uint8-shape0-False]" time="0.001" /><testcase classname="src.cucim.skimage.filters.tests.test_unsharp_mask" name="test_unsharp_masking_output_type_and_shape[True--1.0-2.0-2.0-uint8-shape1-True]" time="0.002" /><testcase classname="src.cucim.skimage.filters.tests.test_unsharp_mask" name="test_unsharp_masking_output_type_and_shape[True--1.0-2.0-2.0-uint8-shape2-False]" time="0.002" /><testcase classname="src.cucim.skimage.filters.tests.test_unsharp_mask" name="test_unsharp_masking_output_type_and_shape[True--1.0-2.0-2.0-uint8-shape3-True]" time="0.002" /><testcase classname="src.cucim.skimage.filters.tests.test_unsharp_mask" name="test_unsharp_masking_output_type_and_shape[True--1.0-2.0-2.0-uint8-shape4-False]" time="0.002" /><testcase classname="src.cucim.skimage.filters.tests.test_unsharp_mask" name="test_unsharp_masking_output_type_and_shape[True--1.0-2.0-2.0-int8-shape0-False]" time="0.001" /><testcase classname="src.cucim.skimage.filters.tests.test_unsharp_mask" name="test_unsharp_masking_output_type_and_shape[True--1.0-2.0-2.0-int8-shape1-True]" time="0.002" /><testcase classname="src.cucim.skimage.filters.tests.test_unsharp_mask" name="test_unsharp_masking_output_type_and_shape[True--1.0-2.0-2.0-int8-shape2-False]" time="0.002" /><testcase classname="src.cucim.skimage.filters.tests.test_unsharp_mask" name="test_unsharp_masking_output_type_and_shape[True--1.0-2.0-2.0-int8-shape3-True]" time="0.002" /><testcase classname="src.cucim.skimage.filters.tests.test_unsharp_mask" name="test_unsharp_masking_output_type_and_shape[True--1.0-2.0-2.0-int8-shape4-False]" time="0.002" /><testcase classname="src.cucim.skimage.filters.tests.test_unsharp_mask" name="test_unsharp_masking_output_type_and_shape[True--1.0-2.0-2.0-uint16-shape0-False]" time="0.001" /><testcase classname="src.cucim.skimage.filters.tests.test_unsharp_mask" name="test_unsharp_masking_output_type_and_shape[True--1.0-2.0-2.0-uint16-shape1-True]" time="0.002" /><testcase classname="src.cucim.skimage.filters.tests.test_unsharp_mask" name="test_unsharp_masking_output_type_and_shape[True--1.0-2.0-2.0-uint16-shape2-False]" time="0.001" /><testcase classname="src.cucim.skimage.filters.tests.test_unsharp_mask" name="test_unsharp_masking_output_type_and_shape[True--1.0-2.0-2.0-uint16-shape3-True]" time="0.002" /><testcase classname="src.cucim.skimage.filters.tests.test_unsharp_mask" name="test_unsharp_masking_output_type_and_shape[True--1.0-2.0-2.0-uint16-shape4-False]" time="0.002" /><testcase classname="src.cucim.skimage.filters.tests.test_unsharp_mask" name="test_unsharp_masking_output_type_and_shape[True--1.0-2.0-2.0-int16-shape0-False]" time="0.001" /><testcase classname="src.cucim.skimage.filters.tests.test_unsharp_mask" name="test_unsharp_masking_output_type_and_shape[True--1.0-2.0-2.0-int16-shape1-True]" time="0.002" /><testcase classname="src.cucim.skimage.filters.tests.test_unsharp_mask" name="test_unsharp_masking_output_type_and_shape[True--1.0-2.0-2.0-int16-shape2-False]" time="0.002" /><testcase classname="src.cucim.skimage.filters.tests.test_unsharp_mask" name="test_unsharp_masking_output_type_and_shape[True--1.0-2.0-2.0-int16-shape3-True]" time="0.002" /><testcase classname="src.cucim.skimage.filters.tests.test_unsharp_mask" name="test_unsharp_masking_output_type_and_shape[True--1.0-2.0-2.0-int16-shape4-False]" time="0.002" /><testcase classname="src.cucim.skimage.filters.tests.test_unsharp_mask" name="test_unsharp_masking_output_type_and_shape[True--1.0-2.0-2.0-uint32-shape0-False]" time="0.001" /><testcase classname="src.cucim.skimage.filters.tests.test_unsharp_mask" name="test_unsharp_masking_output_type_and_shape[True--1.0-2.0-2.0-uint32-shape1-True]" time="0.002" /><testcase classname="src.cucim.skimage.filters.tests.test_unsharp_mask" name="test_unsharp_masking_output_type_and_shape[True--1.0-2.0-2.0-uint32-shape2-False]" time="0.001" /><testcase classname="src.cucim.skimage.filters.tests.test_unsharp_mask" name="test_unsharp_masking_output_type_and_shape[True--1.0-2.0-2.0-uint32-shape3-True]" time="0.002" /><testcase classname="src.cucim.skimage.filters.tests.test_unsharp_mask" name="test_unsharp_masking_output_type_and_shape[True--1.0-2.0-2.0-uint32-shape4-False]" time="0.002" /><testcase classname="src.cucim.skimage.filters.tests.test_unsharp_mask" name="test_unsharp_masking_output_type_and_shape[True--1.0-2.0-2.0-int32-shape0-False]" time="0.001" /><testcase classname="src.cucim.skimage.filters.tests.test_unsharp_mask" name="test_unsharp_masking_output_type_and_shape[True--1.0-2.0-2.0-int32-shape1-True]" time="0.002" /><testcase classname="src.cucim.skimage.filters.tests.test_unsharp_mask" name="test_unsharp_masking_output_type_and_shape[True--1.0-2.0-2.0-int32-shape2-False]" time="0.001" /><testcase classname="src.cucim.skimage.filters.tests.test_unsharp_mask" name="test_unsharp_masking_output_type_and_shape[True--1.0-2.0-2.0-int32-shape3-True]" time="0.002" /><testcase classname="src.cucim.skimage.filters.tests.test_unsharp_mask" name="test_unsharp_masking_output_type_and_shape[True--1.0-2.0-2.0-int32-shape4-False]" time="0.002" /><testcase classname="src.cucim.skimage.filters.tests.test_unsharp_mask" name="test_unsharp_masking_output_type_and_shape[True--1.0-2.0-2.0-uint64-shape0-False]" time="0.001" /><testcase classname="src.cucim.skimage.filters.tests.test_unsharp_mask" name="test_unsharp_masking_output_type_and_shape[True--1.0-2.0-2.0-uint64-shape1-True]" time="0.002" /><testcase classname="src.cucim.skimage.filters.tests.test_unsharp_mask" name="test_unsharp_masking_output_type_and_shape[True--1.0-2.0-2.0-uint64-shape2-False]" time="0.002" /><testcase classname="src.cucim.skimage.filters.tests.test_unsharp_mask" name="test_unsharp_masking_output_type_and_shape[True--1.0-2.0-2.0-uint64-shape3-True]" time="0.002" /><testcase classname="src.cucim.skimage.filters.tests.test_unsharp_mask" name="test_unsharp_masking_output_type_and_shape[True--1.0-2.0-2.0-uint64-shape4-False]" time="0.002" /><testcase classname="src.cucim.skimage.filters.tests.test_unsharp_mask" name="test_unsharp_masking_output_type_and_shape[True--1.0-2.0-2.0-int64-shape0-False]" time="0.001" /><testcase classname="src.cucim.skimage.filters.tests.test_unsharp_mask" name="test_unsharp_masking_output_type_and_shape[True--1.0-2.0-2.0-int64-shape1-True]" time="0.002" /><testcase classname="src.cucim.skimage.filters.tests.test_unsharp_mask" name="test_unsharp_masking_output_type_and_shape[True--1.0-2.0-2.0-int64-shape2-False]" time="0.002" /><testcase classname="src.cucim.skimage.filters.tests.test_unsharp_mask" name="test_unsharp_masking_output_type_and_shape[True--1.0-2.0-2.0-int64-shape3-True]" time="0.002" /><testcase classname="src.cucim.skimage.filters.tests.test_unsharp_mask" name="test_unsharp_masking_output_type_and_shape[True--1.0-2.0-2.0-int64-shape4-False]" time="0.002" /><testcase classname="src.cucim.skimage.filters.tests.test_unsharp_mask" name="test_unsharp_masking_output_type_and_shape[True--1.0-2.0-2.0-float16-shape0-False]" time="0.001" /><testcase classname="src.cucim.skimage.filters.tests.test_unsharp_mask" name="test_unsharp_masking_output_type_and_shape[True--1.0-2.0-2.0-float16-shape1-True]" time="0.002" /><testcase classname="src.cucim.skimage.filters.tests.test_unsharp_mask" name="test_unsharp_masking_output_type_and_shape[True--1.0-2.0-2.0-float16-shape2-False]" time="0.001" /><testcase classname="src.cucim.skimage.filters.tests.test_unsharp_mask" name="test_unsharp_masking_output_type_and_shape[True--1.0-2.0-2.0-float16-shape3-True]" time="0.002" /><testcase classname="src.cucim.skimage.filters.tests.test_unsharp_mask" name="test_unsharp_masking_output_type_and_shape[True--1.0-2.0-2.0-float16-shape4-False]" time="0.002" /><testcase classname="src.cucim.skimage.filters.tests.test_unsharp_mask" name="test_unsharp_masking_output_type_and_shape[True--1.0-2.0-2.0-float32-shape0-False]" time="0.001" /><testcase classname="src.cucim.skimage.filters.tests.test_unsharp_mask" name="test_unsharp_masking_output_type_and_shape[True--1.0-2.0-2.0-float32-shape1-True]" time="0.002" /><testcase classname="src.cucim.skimage.filters.tests.test_unsharp_mask" name="test_unsharp_masking_output_type_and_shape[True--1.0-2.0-2.0-float32-shape2-False]" time="0.001" /><testcase classname="src.cucim.skimage.filters.tests.test_unsharp_mask" name="test_unsharp_masking_output_type_and_shape[True--1.0-2.0-2.0-float32-shape3-True]" time="0.002" /><testcase classname="src.cucim.skimage.filters.tests.test_unsharp_mask" name="test_unsharp_masking_output_type_and_shape[True--1.0-2.0-2.0-float32-shape4-False]" time="0.002" /><testcase classname="src.cucim.skimage.filters.tests.test_unsharp_mask" name="test_unsharp_masking_output_type_and_shape[True--1.0-2.0-2.0-float64-shape0-False]" time="0.001" /><testcase classname="src.cucim.skimage.filters.tests.test_unsharp_mask" name="test_unsharp_masking_output_type_and_shape[True--1.0-2.0-2.0-float64-shape1-True]" time="0.002" /><testcase classname="src.cucim.skimage.filters.tests.test_unsharp_mask" name="test_unsharp_masking_output_type_and_shape[True--1.0-2.0-2.0-float64-shape2-False]" time="0.001" /><testcase classname="src.cucim.skimage.filters.tests.test_unsharp_mask" name="test_unsharp_masking_output_type_and_shape[True--1.0-2.0-2.0-float64-shape3-True]" time="0.002" /><testcase classname="src.cucim.skimage.filters.tests.test_unsharp_mask" name="test_unsharp_masking_output_type_and_shape[True--1.0-2.0-2.0-float64-shape4-False]" time="0.002" /><testcase classname="src.cucim.skimage.filters.tests.test_unsharp_mask" name="test_unsharp_masking_output_type_and_shape[True--1.0--1.0-0-uint8-shape0-False]" time="0.001" /><testcase classname="src.cucim.skimage.filters.tests.test_unsharp_mask" name="test_unsharp_masking_output_type_and_shape[True--1.0--1.0-0-uint8-shape1-True]" time="0.001" /><testcase classname="src.cucim.skimage.filters.tests.test_unsharp_mask" name="test_unsharp_masking_output_type_and_shape[True--1.0--1.0-0-uint8-shape2-False]" time="0.001" /><testcase classname="src.cucim.skimage.filters.tests.test_unsharp_mask" name="test_unsharp_masking_output_type_and_shape[True--1.0--1.0-0-uint8-shape3-True]" time="0.002" /><testcase classname="src.cucim.skimage.filters.tests.test_unsharp_mask" name="test_unsharp_masking_output_type_and_shape[True--1.0--1.0-0-uint8-shape4-False]" time="0.001" /><testcase classname="src.cucim.skimage.filters.tests.test_unsharp_mask" name="test_unsharp_masking_output_type_and_shape[True--1.0--1.0-0-int8-shape0-False]" time="0.001" /><testcase classname="src.cucim.skimage.filters.tests.test_unsharp_mask" name="test_unsharp_masking_output_type_and_shape[True--1.0--1.0-0-int8-shape1-True]" time="0.001" /><testcase classname="src.cucim.skimage.filters.tests.test_unsharp_mask" name="test_unsharp_masking_output_type_and_shape[True--1.0--1.0-0-int8-shape2-False]" time="0.001" /><testcase classname="src.cucim.skimage.filters.tests.test_unsharp_mask" name="test_unsharp_masking_output_type_and_shape[True--1.0--1.0-0-int8-shape3-True]" time="0.001" /><testcase classname="src.cucim.skimage.filters.tests.test_unsharp_mask" name="test_unsharp_masking_output_type_and_shape[True--1.0--1.0-0-int8-shape4-False]" time="0.001" /><testcase classname="src.cucim.skimage.filters.tests.test_unsharp_mask" name="test_unsharp_masking_output_type_and_shape[True--1.0--1.0-0-uint16-shape0-False]" time="0.001" /><testcase classname="src.cucim.skimage.filters.tests.test_unsharp_mask" name="test_unsharp_masking_output_type_and_shape[True--1.0--1.0-0-uint16-shape1-True]" time="0.001" /><testcase classname="src.cucim.skimage.filters.tests.test_unsharp_mask" name="test_unsharp_masking_output_type_and_shape[True--1.0--1.0-0-uint16-shape2-False]" time="0.001" /><testcase classname="src.cucim.skimage.filters.tests.test_unsharp_mask" name="test_unsharp_masking_output_type_and_shape[True--1.0--1.0-0-uint16-shape3-True]" time="0.001" /><testcase classname="src.cucim.skimage.filters.tests.test_unsharp_mask" name="test_unsharp_masking_output_type_and_shape[True--1.0--1.0-0-uint16-shape4-False]" time="0.001" /><testcase classname="src.cucim.skimage.filters.tests.test_unsharp_mask" name="test_unsharp_masking_output_type_and_shape[True--1.0--1.0-0-int16-shape0-False]" time="0.001" /><testcase classname="src.cucim.skimage.filters.tests.test_unsharp_mask" name="test_unsharp_masking_output_type_and_shape[True--1.0--1.0-0-int16-shape1-True]" time="0.001" /><testcase classname="src.cucim.skimage.filters.tests.test_unsharp_mask" name="test_unsharp_masking_output_type_and_shape[True--1.0--1.0-0-int16-shape2-False]" time="0.001" /><testcase classname="src.cucim.skimage.filters.tests.test_unsharp_mask" name="test_unsharp_masking_output_type_and_shape[True--1.0--1.0-0-int16-shape3-True]" time="0.001" /><testcase classname="src.cucim.skimage.filters.tests.test_unsharp_mask" name="test_unsharp_masking_output_type_and_shape[True--1.0--1.0-0-int16-shape4-False]" time="0.001" /><testcase classname="src.cucim.skimage.filters.tests.test_unsharp_mask" name="test_unsharp_masking_output_type_and_shape[True--1.0--1.0-0-uint32-shape0-False]" time="0.001" /><testcase classname="src.cucim.skimage.filters.tests.test_unsharp_mask" name="test_unsharp_masking_output_type_and_shape[True--1.0--1.0-0-uint32-shape1-True]" time="0.001" /><testcase classname="src.cucim.skimage.filters.tests.test_unsharp_mask" name="test_unsharp_masking_output_type_and_shape[True--1.0--1.0-0-uint32-shape2-False]" time="0.001" /><testcase classname="src.cucim.skimage.filters.tests.test_unsharp_mask" name="test_unsharp_masking_output_type_and_shape[True--1.0--1.0-0-uint32-shape3-True]" time="0.001" /><testcase classname="src.cucim.skimage.filters.tests.test_unsharp_mask" name="test_unsharp_masking_output_type_and_shape[True--1.0--1.0-0-uint32-shape4-False]" time="0.001" /><testcase classname="src.cucim.skimage.filters.tests.test_unsharp_mask" name="test_unsharp_masking_output_type_and_shape[True--1.0--1.0-0-int32-shape0-False]" time="0.001" /><testcase classname="src.cucim.skimage.filters.tests.test_unsharp_mask" name="test_unsharp_masking_output_type_and_shape[True--1.0--1.0-0-int32-shape1-True]" time="0.001" /><testcase classname="src.cucim.skimage.filters.tests.test_unsharp_mask" name="test_unsharp_masking_output_type_and_shape[True--1.0--1.0-0-int32-shape2-False]" time="0.001" /><testcase classname="src.cucim.skimage.filters.tests.test_unsharp_mask" name="test_unsharp_masking_output_type_and_shape[True--1.0--1.0-0-int32-shape3-True]" time="0.001" /><testcase classname="src.cucim.skimage.filters.tests.test_unsharp_mask" name="test_unsharp_masking_output_type_and_shape[True--1.0--1.0-0-int32-shape4-False]" time="0.001" /><testcase classname="src.cucim.skimage.filters.tests.test_unsharp_mask" name="test_unsharp_masking_output_type_and_shape[True--1.0--1.0-0-uint64-shape0-False]" time="0.001" /><testcase classname="src.cucim.skimage.filters.tests.test_unsharp_mask" name="test_unsharp_masking_output_type_and_shape[True--1.0--1.0-0-uint64-shape1-True]" time="0.001" /><testcase classname="src.cucim.skimage.filters.tests.test_unsharp_mask" name="test_unsharp_masking_output_type_and_shape[True--1.0--1.0-0-uint64-shape2-False]" time="0.001" /><testcase classname="src.cucim.skimage.filters.tests.test_unsharp_mask" name="test_unsharp_masking_output_type_and_shape[True--1.0--1.0-0-uint64-shape3-True]" time="0.001" /><testcase classname="src.cucim.skimage.filters.tests.test_unsharp_mask" name="test_unsharp_masking_output_type_and_shape[True--1.0--1.0-0-uint64-shape4-False]" time="0.001" /><testcase classname="src.cucim.skimage.filters.tests.test_unsharp_mask" name="test_unsharp_masking_output_type_and_shape[True--1.0--1.0-0-int64-shape0-False]" time="0.001" /><testcase classname="src.cucim.skimage.filters.tests.test_unsharp_mask" name="test_unsharp_masking_output_type_and_shape[True--1.0--1.0-0-int64-shape1-True]" time="0.001" /><testcase classname="src.cucim.skimage.filters.tests.test_unsharp_mask" name="test_unsharp_masking_output_type_and_shape[True--1.0--1.0-0-int64-shape2-False]" time="0.001" /><testcase classname="src.cucim.skimage.filters.tests.test_unsharp_mask" name="test_unsharp_masking_output_type_and_shape[True--1.0--1.0-0-int64-shape3-True]" time="0.001" /><testcase classname="src.cucim.skimage.filters.tests.test_unsharp_mask" name="test_unsharp_masking_output_type_and_shape[True--1.0--1.0-0-int64-shape4-False]" time="0.001" /><testcase classname="src.cucim.skimage.filters.tests.test_unsharp_mask" name="test_unsharp_masking_output_type_and_shape[True--1.0--1.0-0-float16-shape0-False]" time="0.001" /><testcase classname="src.cucim.skimage.filters.tests.test_unsharp_mask" name="test_unsharp_masking_output_type_and_shape[True--1.0--1.0-0-float16-shape1-True]" time="0.001" /><testcase classname="src.cucim.skimage.filters.tests.test_unsharp_mask" name="test_unsharp_masking_output_type_and_shape[True--1.0--1.0-0-float16-shape2-False]" time="0.001" /><testcase classname="src.cucim.skimage.filters.tests.test_unsharp_mask" name="test_unsharp_masking_output_type_and_shape[True--1.0--1.0-0-float16-shape3-True]" time="0.001" /><testcase classname="src.cucim.skimage.filters.tests.test_unsharp_mask" name="test_unsharp_masking_output_type_and_shape[True--1.0--1.0-0-float16-shape4-False]" time="0.001" /><testcase classname="src.cucim.skimage.filters.tests.test_unsharp_mask" name="test_unsharp_masking_output_type_and_shape[True--1.0--1.0-0-float32-shape0-False]" time="0.001" /><testcase classname="src.cucim.skimage.filters.tests.test_unsharp_mask" name="test_unsharp_masking_output_type_and_shape[True--1.0--1.0-0-float32-shape1-True]" time="0.001" /><testcase classname="src.cucim.skimage.filters.tests.test_unsharp_mask" name="test_unsharp_masking_output_type_and_shape[True--1.0--1.0-0-float32-shape2-False]" time="0.001" /><testcase classname="src.cucim.skimage.filters.tests.test_unsharp_mask" name="test_unsharp_masking_output_type_and_shape[True--1.0--1.0-0-float32-shape3-True]" time="0.001" /><testcase classname="src.cucim.skimage.filters.tests.test_unsharp_mask" name="test_unsharp_masking_output_type_and_shape[True--1.0--1.0-0-float32-shape4-False]" time="0.001" /><testcase classname="src.cucim.skimage.filters.tests.test_unsharp_mask" name="test_unsharp_masking_output_type_and_shape[True--1.0--1.0-0-float64-shape0-False]" time="0.001" /><testcase classname="src.cucim.skimage.filters.tests.test_unsharp_mask" name="test_unsharp_masking_output_type_and_shape[True--1.0--1.0-0-float64-shape1-True]" time="0.001" /><testcase classname="src.cucim.skimage.filters.tests.test_unsharp_mask" name="test_unsharp_masking_output_type_and_shape[True--1.0--1.0-0-float64-shape2-False]" time="0.001" /><testcase classname="src.cucim.skimage.filters.tests.test_unsharp_mask" name="test_unsharp_masking_output_type_and_shape[True--1.0--1.0-0-float64-shape3-True]" time="0.001" /><testcase classname="src.cucim.skimage.filters.tests.test_unsharp_mask" name="test_unsharp_masking_output_type_and_shape[True--1.0--1.0-0-float64-shape4-False]" time="0.001" /><testcase classname="src.cucim.skimage.filters.tests.test_unsharp_mask" name="test_unsharp_masking_output_type_and_shape[True--1.0--1.0-0.1-uint8-shape0-False]" time="0.001" /><testcase classname="src.cucim.skimage.filters.tests.test_unsharp_mask" name="test_unsharp_masking_output_type_and_shape[True--1.0--1.0-0.1-uint8-shape1-True]" time="0.001" /><testcase classname="src.cucim.skimage.filters.tests.test_unsharp_mask" name="test_unsharp_masking_output_type_and_shape[True--1.0--1.0-0.1-uint8-shape2-False]" time="0.001" /><testcase classname="src.cucim.skimage.filters.tests.test_unsharp_mask" name="test_unsharp_masking_output_type_and_shape[True--1.0--1.0-0.1-uint8-shape3-True]" time="0.001" /><testcase classname="src.cucim.skimage.filters.tests.test_unsharp_mask" name="test_unsharp_masking_output_type_and_shape[True--1.0--1.0-0.1-uint8-shape4-False]" time="0.001" /><testcase classname="src.cucim.skimage.filters.tests.test_unsharp_mask" name="test_unsharp_masking_output_type_and_shape[True--1.0--1.0-0.1-int8-shape0-False]" time="0.001" /><testcase classname="src.cucim.skimage.filters.tests.test_unsharp_mask" name="test_unsharp_masking_output_type_and_shape[True--1.0--1.0-0.1-int8-shape1-True]" time="0.002" /><testcase classname="src.cucim.skimage.filters.tests.test_unsharp_mask" name="test_unsharp_masking_output_type_and_shape[True--1.0--1.0-0.1-int8-shape2-False]" time="0.001" /><testcase classname="src.cucim.skimage.filters.tests.test_unsharp_mask" name="test_unsharp_masking_output_type_and_shape[True--1.0--1.0-0.1-int8-shape3-True]" time="0.001" /><testcase classname="src.cucim.skimage.filters.tests.test_unsharp_mask" name="test_unsharp_masking_output_type_and_shape[True--1.0--1.0-0.1-int8-shape4-False]" time="0.001" /><testcase classname="src.cucim.skimage.filters.tests.test_unsharp_mask" name="test_unsharp_masking_output_type_and_shape[True--1.0--1.0-0.1-uint16-shape0-False]" time="0.001" /><testcase classname="src.cucim.skimage.filters.tests.test_unsharp_mask" name="test_unsharp_masking_output_type_and_shape[True--1.0--1.0-0.1-uint16-shape1-True]" time="0.002" /><testcase classname="src.cucim.skimage.filters.tests.test_unsharp_mask" name="test_unsharp_masking_output_type_and_shape[True--1.0--1.0-0.1-uint16-shape2-False]" time="0.001" /><testcase classname="src.cucim.skimage.filters.tests.test_unsharp_mask" name="test_unsharp_masking_output_type_and_shape[True--1.0--1.0-0.1-uint16-shape3-True]" time="0.001" /><testcase classname="src.cucim.skimage.filters.tests.test_unsharp_mask" name="test_unsharp_masking_output_type_and_shape[True--1.0--1.0-0.1-uint16-shape4-False]" time="0.001" /><testcase classname="src.cucim.skimage.filters.tests.test_unsharp_mask" name="test_unsharp_masking_output_type_and_shape[True--1.0--1.0-0.1-int16-shape0-False]" time="0.001" /><testcase classname="src.cucim.skimage.filters.tests.test_unsharp_mask" name="test_unsharp_masking_output_type_and_shape[True--1.0--1.0-0.1-int16-shape1-True]" time="0.001" /><testcase classname="src.cucim.skimage.filters.tests.test_unsharp_mask" name="test_unsharp_masking_output_type_and_shape[True--1.0--1.0-0.1-int16-shape2-False]" time="0.001" /><testcase classname="src.cucim.skimage.filters.tests.test_unsharp_mask" name="test_unsharp_masking_output_type_and_shape[True--1.0--1.0-0.1-int16-shape3-True]" time="0.001" /><testcase classname="src.cucim.skimage.filters.tests.test_unsharp_mask" name="test_unsharp_masking_output_type_and_shape[True--1.0--1.0-0.1-int16-shape4-False]" time="0.001" /><testcase classname="src.cucim.skimage.filters.tests.test_unsharp_mask" name="test_unsharp_masking_output_type_and_shape[True--1.0--1.0-0.1-uint32-shape0-False]" time="0.001" /><testcase classname="src.cucim.skimage.filters.tests.test_unsharp_mask" name="test_unsharp_masking_output_type_and_shape[True--1.0--1.0-0.1-uint32-shape1-True]" time="0.001" /><testcase classname="src.cucim.skimage.filters.tests.test_unsharp_mask" name="test_unsharp_masking_output_type_and_shape[True--1.0--1.0-0.1-uint32-shape2-False]" time="0.001" /><testcase classname="src.cucim.skimage.filters.tests.test_unsharp_mask" name="test_unsharp_masking_output_type_and_shape[True--1.0--1.0-0.1-uint32-shape3-True]" time="0.001" /><testcase classname="src.cucim.skimage.filters.tests.test_unsharp_mask" name="test_unsharp_masking_output_type_and_shape[True--1.0--1.0-0.1-uint32-shape4-False]" time="0.001" /><testcase classname="src.cucim.skimage.filters.tests.test_unsharp_mask" name="test_unsharp_masking_output_type_and_shape[True--1.0--1.0-0.1-int32-shape0-False]" time="0.001" /><testcase classname="src.cucim.skimage.filters.tests.test_unsharp_mask" name="test_unsharp_masking_output_type_and_shape[True--1.0--1.0-0.1-int32-shape1-True]" time="0.002" /><testcase classname="src.cucim.skimage.filters.tests.test_unsharp_mask" name="test_unsharp_masking_output_type_and_shape[True--1.0--1.0-0.1-int32-shape2-False]" time="0.001" /><testcase classname="src.cucim.skimage.filters.tests.test_unsharp_mask" name="test_unsharp_masking_output_type_and_shape[True--1.0--1.0-0.1-int32-shape3-True]" time="0.001" /><testcase classname="src.cucim.skimage.filters.tests.test_unsharp_mask" name="test_unsharp_masking_output_type_and_shape[True--1.0--1.0-0.1-int32-shape4-False]" time="0.001" /><testcase classname="src.cucim.skimage.filters.tests.test_unsharp_mask" name="test_unsharp_masking_output_type_and_shape[True--1.0--1.0-0.1-uint64-shape0-False]" time="0.001" /><testcase classname="src.cucim.skimage.filters.tests.test_unsharp_mask" name="test_unsharp_masking_output_type_and_shape[True--1.0--1.0-0.1-uint64-shape1-True]" time="0.001" /><testcase classname="src.cucim.skimage.filters.tests.test_unsharp_mask" name="test_unsharp_masking_output_type_and_shape[True--1.0--1.0-0.1-uint64-shape2-False]" time="0.001" /><testcase classname="src.cucim.skimage.filters.tests.test_unsharp_mask" name="test_unsharp_masking_output_type_and_shape[True--1.0--1.0-0.1-uint64-shape3-True]" time="0.001" /><testcase classname="src.cucim.skimage.filters.tests.test_unsharp_mask" name="test_unsharp_masking_output_type_and_shape[True--1.0--1.0-0.1-uint64-shape4-False]" time="0.001" /><testcase classname="src.cucim.skimage.filters.tests.test_unsharp_mask" name="test_unsharp_masking_output_type_and_shape[True--1.0--1.0-0.1-int64-shape0-False]" time="0.001" /><testcase classname="src.cucim.skimage.filters.tests.test_unsharp_mask" name="test_unsharp_masking_output_type_and_shape[True--1.0--1.0-0.1-int64-shape1-True]" time="0.002" /><testcase classname="src.cucim.skimage.filters.tests.test_unsharp_mask" name="test_unsharp_masking_output_type_and_shape[True--1.0--1.0-0.1-int64-shape2-False]" time="0.001" /><testcase classname="src.cucim.skimage.filters.tests.test_unsharp_mask" name="test_unsharp_masking_output_type_and_shape[True--1.0--1.0-0.1-int64-shape3-True]" time="0.002" /><testcase classname="src.cucim.skimage.filters.tests.test_unsharp_mask" name="test_unsharp_masking_output_type_and_shape[True--1.0--1.0-0.1-int64-shape4-False]" time="0.001" /><testcase classname="src.cucim.skimage.filters.tests.test_unsharp_mask" name="test_unsharp_masking_output_type_and_shape[True--1.0--1.0-0.1-float16-shape0-False]" time="0.001" /><testcase classname="src.cucim.skimage.filters.tests.test_unsharp_mask" name="test_unsharp_masking_output_type_and_shape[True--1.0--1.0-0.1-float16-shape1-True]" time="0.001" /><testcase classname="src.cucim.skimage.filters.tests.test_unsharp_mask" name="test_unsharp_masking_output_type_and_shape[True--1.0--1.0-0.1-float16-shape2-False]" time="0.001" /><testcase classname="src.cucim.skimage.filters.tests.test_unsharp_mask" name="test_unsharp_masking_output_type_and_shape[True--1.0--1.0-0.1-float16-shape3-True]" time="0.001" /><testcase classname="src.cucim.skimage.filters.tests.test_unsharp_mask" name="test_unsharp_masking_output_type_and_shape[True--1.0--1.0-0.1-float16-shape4-False]" time="0.001" /><testcase classname="src.cucim.skimage.filters.tests.test_unsharp_mask" name="test_unsharp_masking_output_type_and_shape[True--1.0--1.0-0.1-float32-shape0-False]" time="0.001" /><testcase classname="src.cucim.skimage.filters.tests.test_unsharp_mask" name="test_unsharp_masking_output_type_and_shape[True--1.0--1.0-0.1-float32-shape1-True]" time="0.002" /><testcase classname="src.cucim.skimage.filters.tests.test_unsharp_mask" name="test_unsharp_masking_output_type_and_shape[True--1.0--1.0-0.1-float32-shape2-False]" time="0.001" /><testcase classname="src.cucim.skimage.filters.tests.test_unsharp_mask" name="test_unsharp_masking_output_type_and_shape[True--1.0--1.0-0.1-float32-shape3-True]" time="0.001" /><testcase classname="src.cucim.skimage.filters.tests.test_unsharp_mask" name="test_unsharp_masking_output_type_and_shape[True--1.0--1.0-0.1-float32-shape4-False]" time="0.001" /><testcase classname="src.cucim.skimage.filters.tests.test_unsharp_mask" name="test_unsharp_masking_output_type_and_shape[True--1.0--1.0-0.1-float64-shape0-False]" time="0.001" /><testcase classname="src.cucim.skimage.filters.tests.test_unsharp_mask" name="test_unsharp_masking_output_type_and_shape[True--1.0--1.0-0.1-float64-shape1-True]" time="0.002" /><testcase classname="src.cucim.skimage.filters.tests.test_unsharp_mask" name="test_unsharp_masking_output_type_and_shape[True--1.0--1.0-0.1-float64-shape2-False]" time="0.001" /><testcase classname="src.cucim.skimage.filters.tests.test_unsharp_mask" name="test_unsharp_masking_output_type_and_shape[True--1.0--1.0-0.1-float64-shape3-True]" time="0.001" /><testcase classname="src.cucim.skimage.filters.tests.test_unsharp_mask" name="test_unsharp_masking_output_type_and_shape[True--1.0--1.0-0.1-float64-shape4-False]" time="0.001" /><testcase classname="src.cucim.skimage.filters.tests.test_unsharp_mask" name="test_unsharp_masking_output_type_and_shape[True--1.0--1.0-2.0-uint8-shape0-False]" time="0.001" /><testcase classname="src.cucim.skimage.filters.tests.test_unsharp_mask" name="test_unsharp_masking_output_type_and_shape[True--1.0--1.0-2.0-uint8-shape1-True]" time="0.002" /><testcase classname="src.cucim.skimage.filters.tests.test_unsharp_mask" name="test_unsharp_masking_output_type_and_shape[True--1.0--1.0-2.0-uint8-shape2-False]" time="0.001" /><testcase classname="src.cucim.skimage.filters.tests.test_unsharp_mask" name="test_unsharp_masking_output_type_and_shape[True--1.0--1.0-2.0-uint8-shape3-True]" time="0.002" /><testcase classname="src.cucim.skimage.filters.tests.test_unsharp_mask" name="test_unsharp_masking_output_type_and_shape[True--1.0--1.0-2.0-uint8-shape4-False]" time="0.002" /><testcase classname="src.cucim.skimage.filters.tests.test_unsharp_mask" name="test_unsharp_masking_output_type_and_shape[True--1.0--1.0-2.0-int8-shape0-False]" time="0.001" /><testcase classname="src.cucim.skimage.filters.tests.test_unsharp_mask" name="test_unsharp_masking_output_type_and_shape[True--1.0--1.0-2.0-int8-shape1-True]" time="0.002" /><testcase classname="src.cucim.skimage.filters.tests.test_unsharp_mask" name="test_unsharp_masking_output_type_and_shape[True--1.0--1.0-2.0-int8-shape2-False]" time="0.001" /><testcase classname="src.cucim.skimage.filters.tests.test_unsharp_mask" name="test_unsharp_masking_output_type_and_shape[True--1.0--1.0-2.0-int8-shape3-True]" time="0.002" /><testcase classname="src.cucim.skimage.filters.tests.test_unsharp_mask" name="test_unsharp_masking_output_type_and_shape[True--1.0--1.0-2.0-int8-shape4-False]" time="0.002" /><testcase classname="src.cucim.skimage.filters.tests.test_unsharp_mask" name="test_unsharp_masking_output_type_and_shape[True--1.0--1.0-2.0-uint16-shape0-False]" time="0.001" /><testcase classname="src.cucim.skimage.filters.tests.test_unsharp_mask" name="test_unsharp_masking_output_type_and_shape[True--1.0--1.0-2.0-uint16-shape1-True]" time="0.002" /><testcase classname="src.cucim.skimage.filters.tests.test_unsharp_mask" name="test_unsharp_masking_output_type_and_shape[True--1.0--1.0-2.0-uint16-shape2-False]" time="0.001" /><testcase classname="src.cucim.skimage.filters.tests.test_unsharp_mask" name="test_unsharp_masking_output_type_and_shape[True--1.0--1.0-2.0-uint16-shape3-True]" time="0.002" /><testcase classname="src.cucim.skimage.filters.tests.test_unsharp_mask" name="test_unsharp_masking_output_type_and_shape[True--1.0--1.0-2.0-uint16-shape4-False]" time="0.002" /><testcase classname="src.cucim.skimage.filters.tests.test_unsharp_mask" name="test_unsharp_masking_output_type_and_shape[True--1.0--1.0-2.0-int16-shape0-False]" time="0.001" /><testcase classname="src.cucim.skimage.filters.tests.test_unsharp_mask" name="test_unsharp_masking_output_type_and_shape[True--1.0--1.0-2.0-int16-shape1-True]" time="0.002" /><testcase classname="src.cucim.skimage.filters.tests.test_unsharp_mask" name="test_unsharp_masking_output_type_and_shape[True--1.0--1.0-2.0-int16-shape2-False]" time="0.001" /><testcase classname="src.cucim.skimage.filters.tests.test_unsharp_mask" name="test_unsharp_masking_output_type_and_shape[True--1.0--1.0-2.0-int16-shape3-True]" time="0.002" /><testcase classname="src.cucim.skimage.filters.tests.test_unsharp_mask" name="test_unsharp_masking_output_type_and_shape[True--1.0--1.0-2.0-int16-shape4-False]" time="0.002" /><testcase classname="src.cucim.skimage.filters.tests.test_unsharp_mask" name="test_unsharp_masking_output_type_and_shape[True--1.0--1.0-2.0-uint32-shape0-False]" time="0.001" /><testcase classname="src.cucim.skimage.filters.tests.test_unsharp_mask" name="test_unsharp_masking_output_type_and_shape[True--1.0--1.0-2.0-uint32-shape1-True]" time="0.002" /><testcase classname="src.cucim.skimage.filters.tests.test_unsharp_mask" name="test_unsharp_masking_output_type_and_shape[True--1.0--1.0-2.0-uint32-shape2-False]" time="0.001" /><testcase classname="src.cucim.skimage.filters.tests.test_unsharp_mask" name="test_unsharp_masking_output_type_and_shape[True--1.0--1.0-2.0-uint32-shape3-True]" time="0.002" /><testcase classname="src.cucim.skimage.filters.tests.test_unsharp_mask" name="test_unsharp_masking_output_type_and_shape[True--1.0--1.0-2.0-uint32-shape4-False]" time="0.002" /><testcase classname="src.cucim.skimage.filters.tests.test_unsharp_mask" name="test_unsharp_masking_output_type_and_shape[True--1.0--1.0-2.0-int32-shape0-False]" time="0.001" /><testcase classname="src.cucim.skimage.filters.tests.test_unsharp_mask" name="test_unsharp_masking_output_type_and_shape[True--1.0--1.0-2.0-int32-shape1-True]" time="0.002" /><testcase classname="src.cucim.skimage.filters.tests.test_unsharp_mask" name="test_unsharp_masking_output_type_and_shape[True--1.0--1.0-2.0-int32-shape2-False]" time="0.001" /><testcase classname="src.cucim.skimage.filters.tests.test_unsharp_mask" name="test_unsharp_masking_output_type_and_shape[True--1.0--1.0-2.0-int32-shape3-True]" time="0.002" /><testcase classname="src.cucim.skimage.filters.tests.test_unsharp_mask" name="test_unsharp_masking_output_type_and_shape[True--1.0--1.0-2.0-int32-shape4-False]" time="0.002" /><testcase classname="src.cucim.skimage.filters.tests.test_unsharp_mask" name="test_unsharp_masking_output_type_and_shape[True--1.0--1.0-2.0-uint64-shape0-False]" time="0.001" /><testcase classname="src.cucim.skimage.filters.tests.test_unsharp_mask" name="test_unsharp_masking_output_type_and_shape[True--1.0--1.0-2.0-uint64-shape1-True]" time="0.002" /><testcase classname="src.cucim.skimage.filters.tests.test_unsharp_mask" name="test_unsharp_masking_output_type_and_shape[True--1.0--1.0-2.0-uint64-shape2-False]" time="0.001" /><testcase classname="src.cucim.skimage.filters.tests.test_unsharp_mask" name="test_unsharp_masking_output_type_and_shape[True--1.0--1.0-2.0-uint64-shape3-True]" time="0.002" /><testcase classname="src.cucim.skimage.filters.tests.test_unsharp_mask" name="test_unsharp_masking_output_type_and_shape[True--1.0--1.0-2.0-uint64-shape4-False]" time="0.002" /><testcase classname="src.cucim.skimage.filters.tests.test_unsharp_mask" name="test_unsharp_masking_output_type_and_shape[True--1.0--1.0-2.0-int64-shape0-False]" time="0.001" /><testcase classname="src.cucim.skimage.filters.tests.test_unsharp_mask" name="test_unsharp_masking_output_type_and_shape[True--1.0--1.0-2.0-int64-shape1-True]" time="0.002" /><testcase classname="src.cucim.skimage.filters.tests.test_unsharp_mask" name="test_unsharp_masking_output_type_and_shape[True--1.0--1.0-2.0-int64-shape2-False]" time="0.001" /><testcase classname="src.cucim.skimage.filters.tests.test_unsharp_mask" name="test_unsharp_masking_output_type_and_shape[True--1.0--1.0-2.0-int64-shape3-True]" time="0.002" /><testcase classname="src.cucim.skimage.filters.tests.test_unsharp_mask" name="test_unsharp_masking_output_type_and_shape[True--1.0--1.0-2.0-int64-shape4-False]" time="0.002" /><testcase classname="src.cucim.skimage.filters.tests.test_unsharp_mask" name="test_unsharp_masking_output_type_and_shape[True--1.0--1.0-2.0-float16-shape0-False]" time="0.001" /><testcase classname="src.cucim.skimage.filters.tests.test_unsharp_mask" name="test_unsharp_masking_output_type_and_shape[True--1.0--1.0-2.0-float16-shape1-True]" time="0.002" /><testcase classname="src.cucim.skimage.filters.tests.test_unsharp_mask" name="test_unsharp_masking_output_type_and_shape[True--1.0--1.0-2.0-float16-shape2-False]" time="0.001" /><testcase classname="src.cucim.skimage.filters.tests.test_unsharp_mask" name="test_unsharp_masking_output_type_and_shape[True--1.0--1.0-2.0-float16-shape3-True]" time="0.002" /><testcase classname="src.cucim.skimage.filters.tests.test_unsharp_mask" name="test_unsharp_masking_output_type_and_shape[True--1.0--1.0-2.0-float16-shape4-False]" time="0.002" /><testcase classname="src.cucim.skimage.filters.tests.test_unsharp_mask" name="test_unsharp_masking_output_type_and_shape[True--1.0--1.0-2.0-float32-shape0-False]" time="0.001" /><testcase classname="src.cucim.skimage.filters.tests.test_unsharp_mask" name="test_unsharp_masking_output_type_and_shape[True--1.0--1.0-2.0-float32-shape1-True]" time="0.002" /><testcase classname="src.cucim.skimage.filters.tests.test_unsharp_mask" name="test_unsharp_masking_output_type_and_shape[True--1.0--1.0-2.0-float32-shape2-False]" time="0.001" /><testcase classname="src.cucim.skimage.filters.tests.test_unsharp_mask" name="test_unsharp_masking_output_type_and_shape[True--1.0--1.0-2.0-float32-shape3-True]" time="0.002" /><testcase classname="src.cucim.skimage.filters.tests.test_unsharp_mask" name="test_unsharp_masking_output_type_and_shape[True--1.0--1.0-2.0-float32-shape4-False]" time="0.002" /><testcase classname="src.cucim.skimage.filters.tests.test_unsharp_mask" name="test_unsharp_masking_output_type_and_shape[True--1.0--1.0-2.0-float64-shape0-False]" time="0.001" /><testcase classname="src.cucim.skimage.filters.tests.test_unsharp_mask" name="test_unsharp_masking_output_type_and_shape[True--1.0--1.0-2.0-float64-shape1-True]" time="0.002" /><testcase classname="src.cucim.skimage.filters.tests.test_unsharp_mask" name="test_unsharp_masking_output_type_and_shape[True--1.0--1.0-2.0-float64-shape2-False]" time="0.001" /><testcase classname="src.cucim.skimage.filters.tests.test_unsharp_mask" name="test_unsharp_masking_output_type_and_shape[True--1.0--1.0-2.0-float64-shape3-True]" time="0.002" /><testcase classname="src.cucim.skimage.filters.tests.test_unsharp_mask" name="test_unsharp_masking_output_type_and_shape[True--1.0--1.0-2.0-float64-shape4-False]" time="0.002" /><testcase classname="src.cucim.skimage.filters.tests.test_unsharp_mask" name="test_unsharp_masking_output_type_and_shape[True-0.0-0.0-0-uint8-shape0-False]" time="0.001" /><testcase classname="src.cucim.skimage.filters.tests.test_unsharp_mask" name="test_unsharp_masking_output_type_and_shape[True-0.0-0.0-0-uint8-shape1-True]" time="0.001" /><testcase classname="src.cucim.skimage.filters.tests.test_unsharp_mask" name="test_unsharp_masking_output_type_and_shape[True-0.0-0.0-0-uint8-shape2-False]" time="0.001" /><testcase classname="src.cucim.skimage.filters.tests.test_unsharp_mask" name="test_unsharp_masking_output_type_and_shape[True-0.0-0.0-0-uint8-shape3-True]" time="0.001" /><testcase classname="src.cucim.skimage.filters.tests.test_unsharp_mask" name="test_unsharp_masking_output_type_and_shape[True-0.0-0.0-0-uint8-shape4-False]" time="0.001" /><testcase classname="src.cucim.skimage.filters.tests.test_unsharp_mask" name="test_unsharp_masking_output_type_and_shape[True-0.0-0.0-0-int8-shape0-False]" time="0.001" /><testcase classname="src.cucim.skimage.filters.tests.test_unsharp_mask" name="test_unsharp_masking_output_type_and_shape[True-0.0-0.0-0-int8-shape1-True]" time="0.001" /><testcase classname="src.cucim.skimage.filters.tests.test_unsharp_mask" name="test_unsharp_masking_output_type_and_shape[True-0.0-0.0-0-int8-shape2-False]" time="0.001" /><testcase classname="src.cucim.skimage.filters.tests.test_unsharp_mask" name="test_unsharp_masking_output_type_and_shape[True-0.0-0.0-0-int8-shape3-True]" time="0.001" /><testcase classname="src.cucim.skimage.filters.tests.test_unsharp_mask" name="test_unsharp_masking_output_type_and_shape[True-0.0-0.0-0-int8-shape4-False]" time="0.001" /><testcase classname="src.cucim.skimage.filters.tests.test_unsharp_mask" name="test_unsharp_masking_output_type_and_shape[True-0.0-0.0-0-uint16-shape0-False]" time="0.001" /><testcase classname="src.cucim.skimage.filters.tests.test_unsharp_mask" name="test_unsharp_masking_output_type_and_shape[True-0.0-0.0-0-uint16-shape1-True]" time="0.001" /><testcase classname="src.cucim.skimage.filters.tests.test_unsharp_mask" name="test_unsharp_masking_output_type_and_shape[True-0.0-0.0-0-uint16-shape2-False]" time="0.001" /><testcase classname="src.cucim.skimage.filters.tests.test_unsharp_mask" name="test_unsharp_masking_output_type_and_shape[True-0.0-0.0-0-uint16-shape3-True]" time="0.001" /><testcase classname="src.cucim.skimage.filters.tests.test_unsharp_mask" name="test_unsharp_masking_output_type_and_shape[True-0.0-0.0-0-uint16-shape4-False]" time="0.001" /><testcase classname="src.cucim.skimage.filters.tests.test_unsharp_mask" name="test_unsharp_masking_output_type_and_shape[True-0.0-0.0-0-int16-shape0-False]" time="0.001" /><testcase classname="src.cucim.skimage.filters.tests.test_unsharp_mask" name="test_unsharp_masking_output_type_and_shape[True-0.0-0.0-0-int16-shape1-True]" time="0.001" /><testcase classname="src.cucim.skimage.filters.tests.test_unsharp_mask" name="test_unsharp_masking_output_type_and_shape[True-0.0-0.0-0-int16-shape2-False]" time="0.001" /><testcase classname="src.cucim.skimage.filters.tests.test_unsharp_mask" name="test_unsharp_masking_output_type_and_shape[True-0.0-0.0-0-int16-shape3-True]" time="0.001" /><testcase classname="src.cucim.skimage.filters.tests.test_unsharp_mask" name="test_unsharp_masking_output_type_and_shape[True-0.0-0.0-0-int16-shape4-False]" time="0.001" /><testcase classname="src.cucim.skimage.filters.tests.test_unsharp_mask" name="test_unsharp_masking_output_type_and_shape[True-0.0-0.0-0-uint32-shape0-False]" time="0.001" /><testcase classname="src.cucim.skimage.filters.tests.test_unsharp_mask" name="test_unsharp_masking_output_type_and_shape[True-0.0-0.0-0-uint32-shape1-True]" time="0.001" /><testcase classname="src.cucim.skimage.filters.tests.test_unsharp_mask" name="test_unsharp_masking_output_type_and_shape[True-0.0-0.0-0-uint32-shape2-False]" time="0.001" /><testcase classname="src.cucim.skimage.filters.tests.test_unsharp_mask" name="test_unsharp_masking_output_type_and_shape[True-0.0-0.0-0-uint32-shape3-True]" time="0.001" /><testcase classname="src.cucim.skimage.filters.tests.test_unsharp_mask" name="test_unsharp_masking_output_type_and_shape[True-0.0-0.0-0-uint32-shape4-False]" time="0.001" /><testcase classname="src.cucim.skimage.filters.tests.test_unsharp_mask" name="test_unsharp_masking_output_type_and_shape[True-0.0-0.0-0-int32-shape0-False]" time="0.001" /><testcase classname="src.cucim.skimage.filters.tests.test_unsharp_mask" name="test_unsharp_masking_output_type_and_shape[True-0.0-0.0-0-int32-shape1-True]" time="0.002" /><testcase classname="src.cucim.skimage.filters.tests.test_unsharp_mask" name="test_unsharp_masking_output_type_and_shape[True-0.0-0.0-0-int32-shape2-False]" time="0.001" /><testcase classname="src.cucim.skimage.filters.tests.test_unsharp_mask" name="test_unsharp_masking_output_type_and_shape[True-0.0-0.0-0-int32-shape3-True]" time="0.001" /><testcase classname="src.cucim.skimage.filters.tests.test_unsharp_mask" name="test_unsharp_masking_output_type_and_shape[True-0.0-0.0-0-int32-shape4-False]" time="0.001" /><testcase classname="src.cucim.skimage.filters.tests.test_unsharp_mask" name="test_unsharp_masking_output_type_and_shape[True-0.0-0.0-0-uint64-shape0-False]" time="0.001" /><testcase classname="src.cucim.skimage.filters.tests.test_unsharp_mask" name="test_unsharp_masking_output_type_and_shape[True-0.0-0.0-0-uint64-shape1-True]" time="0.001" /><testcase classname="src.cucim.skimage.filters.tests.test_unsharp_mask" name="test_unsharp_masking_output_type_and_shape[True-0.0-0.0-0-uint64-shape2-False]" time="0.001" /><testcase classname="src.cucim.skimage.filters.tests.test_unsharp_mask" name="test_unsharp_masking_output_type_and_shape[True-0.0-0.0-0-uint64-shape3-True]" time="0.001" /><testcase classname="src.cucim.skimage.filters.tests.test_unsharp_mask" name="test_unsharp_masking_output_type_and_shape[True-0.0-0.0-0-uint64-shape4-False]" time="0.001" /><testcase classname="src.cucim.skimage.filters.tests.test_unsharp_mask" name="test_unsharp_masking_output_type_and_shape[True-0.0-0.0-0-int64-shape0-False]" time="0.001" /><testcase classname="src.cucim.skimage.filters.tests.test_unsharp_mask" name="test_unsharp_masking_output_type_and_shape[True-0.0-0.0-0-int64-shape1-True]" time="0.001" /><testcase classname="src.cucim.skimage.filters.tests.test_unsharp_mask" name="test_unsharp_masking_output_type_and_shape[True-0.0-0.0-0-int64-shape2-False]" time="0.001" /><testcase classname="src.cucim.skimage.filters.tests.test_unsharp_mask" name="test_unsharp_masking_output_type_and_shape[True-0.0-0.0-0-int64-shape3-True]" time="0.001" /><testcase classname="src.cucim.skimage.filters.tests.test_unsharp_mask" name="test_unsharp_masking_output_type_and_shape[True-0.0-0.0-0-int64-shape4-False]" time="0.001" /><testcase classname="src.cucim.skimage.filters.tests.test_unsharp_mask" name="test_unsharp_masking_output_type_and_shape[True-0.0-0.0-0-float16-shape0-False]" time="0.001" /><testcase classname="src.cucim.skimage.filters.tests.test_unsharp_mask" name="test_unsharp_masking_output_type_and_shape[True-0.0-0.0-0-float16-shape1-True]" time="0.001" /><testcase classname="src.cucim.skimage.filters.tests.test_unsharp_mask" name="test_unsharp_masking_output_type_and_shape[True-0.0-0.0-0-float16-shape2-False]" time="0.001" /><testcase classname="src.cucim.skimage.filters.tests.test_unsharp_mask" name="test_unsharp_masking_output_type_and_shape[True-0.0-0.0-0-float16-shape3-True]" time="0.001" /><testcase classname="src.cucim.skimage.filters.tests.test_unsharp_mask" name="test_unsharp_masking_output_type_and_shape[True-0.0-0.0-0-float16-shape4-False]" time="0.001" /><testcase classname="src.cucim.skimage.filters.tests.test_unsharp_mask" name="test_unsharp_masking_output_type_and_shape[True-0.0-0.0-0-float32-shape0-False]" time="0.001" /><testcase classname="src.cucim.skimage.filters.tests.test_unsharp_mask" name="test_unsharp_masking_output_type_and_shape[True-0.0-0.0-0-float32-shape1-True]" time="0.001" /><testcase classname="src.cucim.skimage.filters.tests.test_unsharp_mask" name="test_unsharp_masking_output_type_and_shape[True-0.0-0.0-0-float32-shape2-False]" time="0.001" /><testcase classname="src.cucim.skimage.filters.tests.test_unsharp_mask" name="test_unsharp_masking_output_type_and_shape[True-0.0-0.0-0-float32-shape3-True]" time="0.001" /><testcase classname="src.cucim.skimage.filters.tests.test_unsharp_mask" name="test_unsharp_masking_output_type_and_shape[True-0.0-0.0-0-float32-shape4-False]" time="0.001" /><testcase classname="src.cucim.skimage.filters.tests.test_unsharp_mask" name="test_unsharp_masking_output_type_and_shape[True-0.0-0.0-0-float64-shape0-False]" time="0.001" /><testcase classname="src.cucim.skimage.filters.tests.test_unsharp_mask" name="test_unsharp_masking_output_type_and_shape[True-0.0-0.0-0-float64-shape1-True]" time="0.001" /><testcase classname="src.cucim.skimage.filters.tests.test_unsharp_mask" name="test_unsharp_masking_output_type_and_shape[True-0.0-0.0-0-float64-shape2-False]" time="0.001" /><testcase classname="src.cucim.skimage.filters.tests.test_unsharp_mask" name="test_unsharp_masking_output_type_and_shape[True-0.0-0.0-0-float64-shape3-True]" time="0.001" /><testcase classname="src.cucim.skimage.filters.tests.test_unsharp_mask" name="test_unsharp_masking_output_type_and_shape[True-0.0-0.0-0-float64-shape4-False]" time="0.001" /><testcase classname="src.cucim.skimage.filters.tests.test_unsharp_mask" name="test_unsharp_masking_output_type_and_shape[True-0.0-0.0-0.1-uint8-shape0-False]" time="0.001" /><testcase classname="src.cucim.skimage.filters.tests.test_unsharp_mask" name="test_unsharp_masking_output_type_and_shape[True-0.0-0.0-0.1-uint8-shape1-True]" time="0.002" /><testcase classname="src.cucim.skimage.filters.tests.test_unsharp_mask" name="test_unsharp_masking_output_type_and_shape[True-0.0-0.0-0.1-uint8-shape2-False]" time="0.001" /><testcase classname="src.cucim.skimage.filters.tests.test_unsharp_mask" name="test_unsharp_masking_output_type_and_shape[True-0.0-0.0-0.1-uint8-shape3-True]" time="0.002" /><testcase classname="src.cucim.skimage.filters.tests.test_unsharp_mask" name="test_unsharp_masking_output_type_and_shape[True-0.0-0.0-0.1-uint8-shape4-False]" time="0.001" /><testcase classname="src.cucim.skimage.filters.tests.test_unsharp_mask" name="test_unsharp_masking_output_type_and_shape[True-0.0-0.0-0.1-int8-shape0-False]" time="0.001" /><testcase classname="src.cucim.skimage.filters.tests.test_unsharp_mask" name="test_unsharp_masking_output_type_and_shape[True-0.0-0.0-0.1-int8-shape1-True]" time="0.002" /><testcase classname="src.cucim.skimage.filters.tests.test_unsharp_mask" name="test_unsharp_masking_output_type_and_shape[True-0.0-0.0-0.1-int8-shape2-False]" time="0.001" /><testcase classname="src.cucim.skimage.filters.tests.test_unsharp_mask" name="test_unsharp_masking_output_type_and_shape[True-0.0-0.0-0.1-int8-shape3-True]" time="0.001" /><testcase classname="src.cucim.skimage.filters.tests.test_unsharp_mask" name="test_unsharp_masking_output_type_and_shape[True-0.0-0.0-0.1-int8-shape4-False]" time="0.001" /><testcase classname="src.cucim.skimage.filters.tests.test_unsharp_mask" name="test_unsharp_masking_output_type_and_shape[True-0.0-0.0-0.1-uint16-shape0-False]" time="0.001" /><testcase classname="src.cucim.skimage.filters.tests.test_unsharp_mask" name="test_unsharp_masking_output_type_and_shape[True-0.0-0.0-0.1-uint16-shape1-True]" time="0.002" /><testcase classname="src.cucim.skimage.filters.tests.test_unsharp_mask" name="test_unsharp_masking_output_type_and_shape[True-0.0-0.0-0.1-uint16-shape2-False]" time="0.001" /><testcase classname="src.cucim.skimage.filters.tests.test_unsharp_mask" name="test_unsharp_masking_output_type_and_shape[True-0.0-0.0-0.1-uint16-shape3-True]" time="0.001" /><testcase classname="src.cucim.skimage.filters.tests.test_unsharp_mask" name="test_unsharp_masking_output_type_and_shape[True-0.0-0.0-0.1-uint16-shape4-False]" time="0.001" /><testcase classname="src.cucim.skimage.filters.tests.test_unsharp_mask" name="test_unsharp_masking_output_type_and_shape[True-0.0-0.0-0.1-int16-shape0-False]" time="0.001" /><testcase classname="src.cucim.skimage.filters.tests.test_unsharp_mask" name="test_unsharp_masking_output_type_and_shape[True-0.0-0.0-0.1-int16-shape1-True]" time="0.002" /><testcase classname="src.cucim.skimage.filters.tests.test_unsharp_mask" name="test_unsharp_masking_output_type_and_shape[True-0.0-0.0-0.1-int16-shape2-False]" time="0.001" /><testcase classname="src.cucim.skimage.filters.tests.test_unsharp_mask" name="test_unsharp_masking_output_type_and_shape[True-0.0-0.0-0.1-int16-shape3-True]" time="0.001" /><testcase classname="src.cucim.skimage.filters.tests.test_unsharp_mask" name="test_unsharp_masking_output_type_and_shape[True-0.0-0.0-0.1-int16-shape4-False]" time="0.001" /><testcase classname="src.cucim.skimage.filters.tests.test_unsharp_mask" name="test_unsharp_masking_output_type_and_shape[True-0.0-0.0-0.1-uint32-shape0-False]" time="0.001" /><testcase classname="src.cucim.skimage.filters.tests.test_unsharp_mask" name="test_unsharp_masking_output_type_and_shape[True-0.0-0.0-0.1-uint32-shape1-True]" time="0.002" /><testcase classname="src.cucim.skimage.filters.tests.test_unsharp_mask" name="test_unsharp_masking_output_type_and_shape[True-0.0-0.0-0.1-uint32-shape2-False]" time="0.001" /><testcase classname="src.cucim.skimage.filters.tests.test_unsharp_mask" name="test_unsharp_masking_output_type_and_shape[True-0.0-0.0-0.1-uint32-shape3-True]" time="0.001" /><testcase classname="src.cucim.skimage.filters.tests.test_unsharp_mask" name="test_unsharp_masking_output_type_and_shape[True-0.0-0.0-0.1-uint32-shape4-False]" time="0.001" /><testcase classname="src.cucim.skimage.filters.tests.test_unsharp_mask" name="test_unsharp_masking_output_type_and_shape[True-0.0-0.0-0.1-int32-shape0-False]" time="0.001" /><testcase classname="src.cucim.skimage.filters.tests.test_unsharp_mask" name="test_unsharp_masking_output_type_and_shape[True-0.0-0.0-0.1-int32-shape1-True]" time="0.001" /><testcase classname="src.cucim.skimage.filters.tests.test_unsharp_mask" name="test_unsharp_masking_output_type_and_shape[True-0.0-0.0-0.1-int32-shape2-False]" time="0.001" /><testcase classname="src.cucim.skimage.filters.tests.test_unsharp_mask" name="test_unsharp_masking_output_type_and_shape[True-0.0-0.0-0.1-int32-shape3-True]" time="0.002" /><testcase classname="src.cucim.skimage.filters.tests.test_unsharp_mask" name="test_unsharp_masking_output_type_and_shape[True-0.0-0.0-0.1-int32-shape4-False]" time="0.001" /><testcase classname="src.cucim.skimage.filters.tests.test_unsharp_mask" name="test_unsharp_masking_output_type_and_shape[True-0.0-0.0-0.1-uint64-shape0-False]" time="0.001" /><testcase classname="src.cucim.skimage.filters.tests.test_unsharp_mask" name="test_unsharp_masking_output_type_and_shape[True-0.0-0.0-0.1-uint64-shape1-True]" time="0.002" /><testcase classname="src.cucim.skimage.filters.tests.test_unsharp_mask" name="test_unsharp_masking_output_type_and_shape[True-0.0-0.0-0.1-uint64-shape2-False]" time="0.001" /><testcase classname="src.cucim.skimage.filters.tests.test_unsharp_mask" name="test_unsharp_masking_output_type_and_shape[True-0.0-0.0-0.1-uint64-shape3-True]" time="0.002" /><testcase classname="src.cucim.skimage.filters.tests.test_unsharp_mask" name="test_unsharp_masking_output_type_and_shape[True-0.0-0.0-0.1-uint64-shape4-False]" time="0.001" /><testcase classname="src.cucim.skimage.filters.tests.test_unsharp_mask" name="test_unsharp_masking_output_type_and_shape[True-0.0-0.0-0.1-int64-shape0-False]" time="0.001" /><testcase classname="src.cucim.skimage.filters.tests.test_unsharp_mask" name="test_unsharp_masking_output_type_and_shape[True-0.0-0.0-0.1-int64-shape1-True]" time="0.002" /><testcase classname="src.cucim.skimage.filters.tests.test_unsharp_mask" name="test_unsharp_masking_output_type_and_shape[True-0.0-0.0-0.1-int64-shape2-False]" time="0.001" /><testcase classname="src.cucim.skimage.filters.tests.test_unsharp_mask" name="test_unsharp_masking_output_type_and_shape[True-0.0-0.0-0.1-int64-shape3-True]" time="0.001" /><testcase classname="src.cucim.skimage.filters.tests.test_unsharp_mask" name="test_unsharp_masking_output_type_and_shape[True-0.0-0.0-0.1-int64-shape4-False]" time="0.001" /><testcase classname="src.cucim.skimage.filters.tests.test_unsharp_mask" name="test_unsharp_masking_output_type_and_shape[True-0.0-0.0-0.1-float16-shape0-False]" time="0.001" /><testcase classname="src.cucim.skimage.filters.tests.test_unsharp_mask" name="test_unsharp_masking_output_type_and_shape[True-0.0-0.0-0.1-float16-shape1-True]" time="0.001" /><testcase classname="src.cucim.skimage.filters.tests.test_unsharp_mask" name="test_unsharp_masking_output_type_and_shape[True-0.0-0.0-0.1-float16-shape2-False]" time="0.001" /><testcase classname="src.cucim.skimage.filters.tests.test_unsharp_mask" name="test_unsharp_masking_output_type_and_shape[True-0.0-0.0-0.1-float16-shape3-True]" time="0.001" /><testcase classname="src.cucim.skimage.filters.tests.test_unsharp_mask" name="test_unsharp_masking_output_type_and_shape[True-0.0-0.0-0.1-float16-shape4-False]" time="0.001" /><testcase classname="src.cucim.skimage.filters.tests.test_unsharp_mask" name="test_unsharp_masking_output_type_and_shape[True-0.0-0.0-0.1-float32-shape0-False]" time="0.001" /><testcase classname="src.cucim.skimage.filters.tests.test_unsharp_mask" name="test_unsharp_masking_output_type_and_shape[True-0.0-0.0-0.1-float32-shape1-True]" time="0.001" /><testcase classname="src.cucim.skimage.filters.tests.test_unsharp_mask" name="test_unsharp_masking_output_type_and_shape[True-0.0-0.0-0.1-float32-shape2-False]" time="0.001" /><testcase classname="src.cucim.skimage.filters.tests.test_unsharp_mask" name="test_unsharp_masking_output_type_and_shape[True-0.0-0.0-0.1-float32-shape3-True]" time="0.001" /><testcase classname="src.cucim.skimage.filters.tests.test_unsharp_mask" name="test_unsharp_masking_output_type_and_shape[True-0.0-0.0-0.1-float32-shape4-False]" time="0.001" /><testcase classname="src.cucim.skimage.filters.tests.test_unsharp_mask" name="test_unsharp_masking_output_type_and_shape[True-0.0-0.0-0.1-float64-shape0-False]" time="0.001" /><testcase classname="src.cucim.skimage.filters.tests.test_unsharp_mask" name="test_unsharp_masking_output_type_and_shape[True-0.0-0.0-0.1-float64-shape1-True]" time="0.002" /><testcase classname="src.cucim.skimage.filters.tests.test_unsharp_mask" name="test_unsharp_masking_output_type_and_shape[True-0.0-0.0-0.1-float64-shape2-False]" time="0.001" /><testcase classname="src.cucim.skimage.filters.tests.test_unsharp_mask" name="test_unsharp_masking_output_type_and_shape[True-0.0-0.0-0.1-float64-shape3-True]" time="0.001" /><testcase classname="src.cucim.skimage.filters.tests.test_unsharp_mask" name="test_unsharp_masking_output_type_and_shape[True-0.0-0.0-0.1-float64-shape4-False]" time="0.001" /><testcase classname="src.cucim.skimage.filters.tests.test_unsharp_mask" name="test_unsharp_masking_output_type_and_shape[True-0.0-0.0-2.0-uint8-shape0-False]" time="0.001" /><testcase classname="src.cucim.skimage.filters.tests.test_unsharp_mask" name="test_unsharp_masking_output_type_and_shape[True-0.0-0.0-2.0-uint8-shape1-True]" time="0.002" /><testcase classname="src.cucim.skimage.filters.tests.test_unsharp_mask" name="test_unsharp_masking_output_type_and_shape[True-0.0-0.0-2.0-uint8-shape2-False]" time="0.001" /><testcase classname="src.cucim.skimage.filters.tests.test_unsharp_mask" name="test_unsharp_masking_output_type_and_shape[True-0.0-0.0-2.0-uint8-shape3-True]" time="0.002" /><testcase classname="src.cucim.skimage.filters.tests.test_unsharp_mask" name="test_unsharp_masking_output_type_and_shape[True-0.0-0.0-2.0-uint8-shape4-False]" time="0.002" /><testcase classname="src.cucim.skimage.filters.tests.test_unsharp_mask" name="test_unsharp_masking_output_type_and_shape[True-0.0-0.0-2.0-int8-shape0-False]" time="0.001" /><testcase classname="src.cucim.skimage.filters.tests.test_unsharp_mask" name="test_unsharp_masking_output_type_and_shape[True-0.0-0.0-2.0-int8-shape1-True]" time="0.002" /><testcase classname="src.cucim.skimage.filters.tests.test_unsharp_mask" name="test_unsharp_masking_output_type_and_shape[True-0.0-0.0-2.0-int8-shape2-False]" time="0.001" /><testcase classname="src.cucim.skimage.filters.tests.test_unsharp_mask" name="test_unsharp_masking_output_type_and_shape[True-0.0-0.0-2.0-int8-shape3-True]" time="0.002" /><testcase classname="src.cucim.skimage.filters.tests.test_unsharp_mask" name="test_unsharp_masking_output_type_and_shape[True-0.0-0.0-2.0-int8-shape4-False]" time="0.002" /><testcase classname="src.cucim.skimage.filters.tests.test_unsharp_mask" name="test_unsharp_masking_output_type_and_shape[True-0.0-0.0-2.0-uint16-shape0-False]" time="0.001" /><testcase classname="src.cucim.skimage.filters.tests.test_unsharp_mask" name="test_unsharp_masking_output_type_and_shape[True-0.0-0.0-2.0-uint16-shape1-True]" time="0.002" /><testcase classname="src.cucim.skimage.filters.tests.test_unsharp_mask" name="test_unsharp_masking_output_type_and_shape[True-0.0-0.0-2.0-uint16-shape2-False]" time="0.001" /><testcase classname="src.cucim.skimage.filters.tests.test_unsharp_mask" name="test_unsharp_masking_output_type_and_shape[True-0.0-0.0-2.0-uint16-shape3-True]" time="0.002" /><testcase classname="src.cucim.skimage.filters.tests.test_unsharp_mask" name="test_unsharp_masking_output_type_and_shape[True-0.0-0.0-2.0-uint16-shape4-False]" time="0.002" /><testcase classname="src.cucim.skimage.filters.tests.test_unsharp_mask" name="test_unsharp_masking_output_type_and_shape[True-0.0-0.0-2.0-int16-shape0-False]" time="0.001" /><testcase classname="src.cucim.skimage.filters.tests.test_unsharp_mask" name="test_unsharp_masking_output_type_and_shape[True-0.0-0.0-2.0-int16-shape1-True]" time="0.002" /><testcase classname="src.cucim.skimage.filters.tests.test_unsharp_mask" name="test_unsharp_masking_output_type_and_shape[True-0.0-0.0-2.0-int16-shape2-False]" time="0.001" /><testcase classname="src.cucim.skimage.filters.tests.test_unsharp_mask" name="test_unsharp_masking_output_type_and_shape[True-0.0-0.0-2.0-int16-shape3-True]" time="0.002" /><testcase classname="src.cucim.skimage.filters.tests.test_unsharp_mask" name="test_unsharp_masking_output_type_and_shape[True-0.0-0.0-2.0-int16-shape4-False]" time="0.002" /><testcase classname="src.cucim.skimage.filters.tests.test_unsharp_mask" name="test_unsharp_masking_output_type_and_shape[True-0.0-0.0-2.0-uint32-shape0-False]" time="0.001" /><testcase classname="src.cucim.skimage.filters.tests.test_unsharp_mask" name="test_unsharp_masking_output_type_and_shape[True-0.0-0.0-2.0-uint32-shape1-True]" time="0.002" /><testcase classname="src.cucim.skimage.filters.tests.test_unsharp_mask" name="test_unsharp_masking_output_type_and_shape[True-0.0-0.0-2.0-uint32-shape2-False]" time="0.001" /><testcase classname="src.cucim.skimage.filters.tests.test_unsharp_mask" name="test_unsharp_masking_output_type_and_shape[True-0.0-0.0-2.0-uint32-shape3-True]" time="0.002" /><testcase classname="src.cucim.skimage.filters.tests.test_unsharp_mask" name="test_unsharp_masking_output_type_and_shape[True-0.0-0.0-2.0-uint32-shape4-False]" time="0.002" /><testcase classname="src.cucim.skimage.filters.tests.test_unsharp_mask" name="test_unsharp_masking_output_type_and_shape[True-0.0-0.0-2.0-int32-shape0-False]" time="0.001" /><testcase classname="src.cucim.skimage.filters.tests.test_unsharp_mask" name="test_unsharp_masking_output_type_and_shape[True-0.0-0.0-2.0-int32-shape1-True]" time="0.002" /><testcase classname="src.cucim.skimage.filters.tests.test_unsharp_mask" name="test_unsharp_masking_output_type_and_shape[True-0.0-0.0-2.0-int32-shape2-False]" time="0.001" /><testcase classname="src.cucim.skimage.filters.tests.test_unsharp_mask" name="test_unsharp_masking_output_type_and_shape[True-0.0-0.0-2.0-int32-shape3-True]" time="0.002" /><testcase classname="src.cucim.skimage.filters.tests.test_unsharp_mask" name="test_unsharp_masking_output_type_and_shape[True-0.0-0.0-2.0-int32-shape4-False]" time="0.002" /><testcase classname="src.cucim.skimage.filters.tests.test_unsharp_mask" name="test_unsharp_masking_output_type_and_shape[True-0.0-0.0-2.0-uint64-shape0-False]" time="0.001" /><testcase classname="src.cucim.skimage.filters.tests.test_unsharp_mask" name="test_unsharp_masking_output_type_and_shape[True-0.0-0.0-2.0-uint64-shape1-True]" time="0.002" /><testcase classname="src.cucim.skimage.filters.tests.test_unsharp_mask" name="test_unsharp_masking_output_type_and_shape[True-0.0-0.0-2.0-uint64-shape2-False]" time="0.001" /><testcase classname="src.cucim.skimage.filters.tests.test_unsharp_mask" name="test_unsharp_masking_output_type_and_shape[True-0.0-0.0-2.0-uint64-shape3-True]" time="0.002" /><testcase classname="src.cucim.skimage.filters.tests.test_unsharp_mask" name="test_unsharp_masking_output_type_and_shape[True-0.0-0.0-2.0-uint64-shape4-False]" time="0.002" /><testcase classname="src.cucim.skimage.filters.tests.test_unsharp_mask" name="test_unsharp_masking_output_type_and_shape[True-0.0-0.0-2.0-int64-shape0-False]" time="0.001" /><testcase classname="src.cucim.skimage.filters.tests.test_unsharp_mask" name="test_unsharp_masking_output_type_and_shape[True-0.0-0.0-2.0-int64-shape1-True]" time="0.002" /><testcase classname="src.cucim.skimage.filters.tests.test_unsharp_mask" name="test_unsharp_masking_output_type_and_shape[True-0.0-0.0-2.0-int64-shape2-False]" time="0.001" /><testcase classname="src.cucim.skimage.filters.tests.test_unsharp_mask" name="test_unsharp_masking_output_type_and_shape[True-0.0-0.0-2.0-int64-shape3-True]" time="0.002" /><testcase classname="src.cucim.skimage.filters.tests.test_unsharp_mask" name="test_unsharp_masking_output_type_and_shape[True-0.0-0.0-2.0-int64-shape4-False]" time="0.002" /><testcase classname="src.cucim.skimage.filters.tests.test_unsharp_mask" name="test_unsharp_masking_output_type_and_shape[True-0.0-0.0-2.0-float16-shape0-False]" time="0.001" /><testcase classname="src.cucim.skimage.filters.tests.test_unsharp_mask" name="test_unsharp_masking_output_type_and_shape[True-0.0-0.0-2.0-float16-shape1-True]" time="0.002" /><testcase classname="src.cucim.skimage.filters.tests.test_unsharp_mask" name="test_unsharp_masking_output_type_and_shape[True-0.0-0.0-2.0-float16-shape2-False]" time="0.002" /><testcase classname="src.cucim.skimage.filters.tests.test_unsharp_mask" name="test_unsharp_masking_output_type_and_shape[True-0.0-0.0-2.0-float16-shape3-True]" time="0.002" /><testcase classname="src.cucim.skimage.filters.tests.test_unsharp_mask" name="test_unsharp_masking_output_type_and_shape[True-0.0-0.0-2.0-float16-shape4-False]" time="0.002" /><testcase classname="src.cucim.skimage.filters.tests.test_unsharp_mask" name="test_unsharp_masking_output_type_and_shape[True-0.0-0.0-2.0-float32-shape0-False]" time="0.001" /><testcase classname="src.cucim.skimage.filters.tests.test_unsharp_mask" name="test_unsharp_masking_output_type_and_shape[True-0.0-0.0-2.0-float32-shape1-True]" time="0.002" /><testcase classname="src.cucim.skimage.filters.tests.test_unsharp_mask" name="test_unsharp_masking_output_type_and_shape[True-0.0-0.0-2.0-float32-shape2-False]" time="0.002" /><testcase classname="src.cucim.skimage.filters.tests.test_unsharp_mask" name="test_unsharp_masking_output_type_and_shape[True-0.0-0.0-2.0-float32-shape3-True]" time="0.002" /><testcase classname="src.cucim.skimage.filters.tests.test_unsharp_mask" name="test_unsharp_masking_output_type_and_shape[True-0.0-0.0-2.0-float32-shape4-False]" time="0.002" /><testcase classname="src.cucim.skimage.filters.tests.test_unsharp_mask" name="test_unsharp_masking_output_type_and_shape[True-0.0-0.0-2.0-float64-shape0-False]" time="0.001" /><testcase classname="src.cucim.skimage.filters.tests.test_unsharp_mask" name="test_unsharp_masking_output_type_and_shape[True-0.0-0.0-2.0-float64-shape1-True]" time="0.002" /><testcase classname="src.cucim.skimage.filters.tests.test_unsharp_mask" name="test_unsharp_masking_output_type_and_shape[True-0.0-0.0-2.0-float64-shape2-False]" time="0.001" /><testcase classname="src.cucim.skimage.filters.tests.test_unsharp_mask" name="test_unsharp_masking_output_type_and_shape[True-0.0-0.0-2.0-float64-shape3-True]" time="0.002" /><testcase classname="src.cucim.skimage.filters.tests.test_unsharp_mask" name="test_unsharp_masking_output_type_and_shape[True-0.0-0.0-2.0-float64-shape4-False]" time="0.002" /><testcase classname="src.cucim.skimage.filters.tests.test_unsharp_mask" name="test_unsharp_masking_output_type_and_shape[True-0.0-0.5-0-uint8-shape0-False]" time="0.001" /><testcase classname="src.cucim.skimage.filters.tests.test_unsharp_mask" name="test_unsharp_masking_output_type_and_shape[True-0.0-0.5-0-uint8-shape1-True]" time="0.001" /><testcase classname="src.cucim.skimage.filters.tests.test_unsharp_mask" name="test_unsharp_masking_output_type_and_shape[True-0.0-0.5-0-uint8-shape2-False]" time="0.001" /><testcase classname="src.cucim.skimage.filters.tests.test_unsharp_mask" name="test_unsharp_masking_output_type_and_shape[True-0.0-0.5-0-uint8-shape3-True]" time="0.001" /><testcase classname="src.cucim.skimage.filters.tests.test_unsharp_mask" name="test_unsharp_masking_output_type_and_shape[True-0.0-0.5-0-uint8-shape4-False]" time="0.001" /><testcase classname="src.cucim.skimage.filters.tests.test_unsharp_mask" name="test_unsharp_masking_output_type_and_shape[True-0.0-0.5-0-int8-shape0-False]" time="0.001" /><testcase classname="src.cucim.skimage.filters.tests.test_unsharp_mask" name="test_unsharp_masking_output_type_and_shape[True-0.0-0.5-0-int8-shape1-True]" time="0.001" /><testcase classname="src.cucim.skimage.filters.tests.test_unsharp_mask" name="test_unsharp_masking_output_type_and_shape[True-0.0-0.5-0-int8-shape2-False]" time="0.001" /><testcase classname="src.cucim.skimage.filters.tests.test_unsharp_mask" name="test_unsharp_masking_output_type_and_shape[True-0.0-0.5-0-int8-shape3-True]" time="0.001" /><testcase classname="src.cucim.skimage.filters.tests.test_unsharp_mask" name="test_unsharp_masking_output_type_and_shape[True-0.0-0.5-0-int8-shape4-False]" time="0.001" /><testcase classname="src.cucim.skimage.filters.tests.test_unsharp_mask" name="test_unsharp_masking_output_type_and_shape[True-0.0-0.5-0-uint16-shape0-False]" time="0.001" /><testcase classname="src.cucim.skimage.filters.tests.test_unsharp_mask" name="test_unsharp_masking_output_type_and_shape[True-0.0-0.5-0-uint16-shape1-True]" time="0.001" /><testcase classname="src.cucim.skimage.filters.tests.test_unsharp_mask" name="test_unsharp_masking_output_type_and_shape[True-0.0-0.5-0-uint16-shape2-False]" time="0.001" /><testcase classname="src.cucim.skimage.filters.tests.test_unsharp_mask" name="test_unsharp_masking_output_type_and_shape[True-0.0-0.5-0-uint16-shape3-True]" time="0.001" /><testcase classname="src.cucim.skimage.filters.tests.test_unsharp_mask" name="test_unsharp_masking_output_type_and_shape[True-0.0-0.5-0-uint16-shape4-False]" time="0.001" /><testcase classname="src.cucim.skimage.filters.tests.test_unsharp_mask" name="test_unsharp_masking_output_type_and_shape[True-0.0-0.5-0-int16-shape0-False]" time="0.001" /><testcase classname="src.cucim.skimage.filters.tests.test_unsharp_mask" name="test_unsharp_masking_output_type_and_shape[True-0.0-0.5-0-int16-shape1-True]" time="0.001" /><testcase classname="src.cucim.skimage.filters.tests.test_unsharp_mask" name="test_unsharp_masking_output_type_and_shape[True-0.0-0.5-0-int16-shape2-False]" time="0.001" /><testcase classname="src.cucim.skimage.filters.tests.test_unsharp_mask" name="test_unsharp_masking_output_type_and_shape[True-0.0-0.5-0-int16-shape3-True]" time="0.001" /><testcase classname="src.cucim.skimage.filters.tests.test_unsharp_mask" name="test_unsharp_masking_output_type_and_shape[True-0.0-0.5-0-int16-shape4-False]" time="0.001" /><testcase classname="src.cucim.skimage.filters.tests.test_unsharp_mask" name="test_unsharp_masking_output_type_and_shape[True-0.0-0.5-0-uint32-shape0-False]" time="0.001" /><testcase classname="src.cucim.skimage.filters.tests.test_unsharp_mask" name="test_unsharp_masking_output_type_and_shape[True-0.0-0.5-0-uint32-shape1-True]" time="0.001" /><testcase classname="src.cucim.skimage.filters.tests.test_unsharp_mask" name="test_unsharp_masking_output_type_and_shape[True-0.0-0.5-0-uint32-shape2-False]" time="0.001" /><testcase classname="src.cucim.skimage.filters.tests.test_unsharp_mask" name="test_unsharp_masking_output_type_and_shape[True-0.0-0.5-0-uint32-shape3-True]" time="0.001" /><testcase classname="src.cucim.skimage.filters.tests.test_unsharp_mask" name="test_unsharp_masking_output_type_and_shape[True-0.0-0.5-0-uint32-shape4-False]" time="0.001" /><testcase classname="src.cucim.skimage.filters.tests.test_unsharp_mask" name="test_unsharp_masking_output_type_and_shape[True-0.0-0.5-0-int32-shape0-False]" time="0.001" /><testcase classname="src.cucim.skimage.filters.tests.test_unsharp_mask" name="test_unsharp_masking_output_type_and_shape[True-0.0-0.5-0-int32-shape1-True]" time="0.002" /><testcase classname="src.cucim.skimage.filters.tests.test_unsharp_mask" name="test_unsharp_masking_output_type_and_shape[True-0.0-0.5-0-int32-shape2-False]" time="0.001" /><testcase classname="src.cucim.skimage.filters.tests.test_unsharp_mask" name="test_unsharp_masking_output_type_and_shape[True-0.0-0.5-0-int32-shape3-True]" time="0.001" /><testcase classname="src.cucim.skimage.filters.tests.test_unsharp_mask" name="test_unsharp_masking_output_type_and_shape[True-0.0-0.5-0-int32-shape4-False]" time="0.001" /><testcase classname="src.cucim.skimage.filters.tests.test_unsharp_mask" name="test_unsharp_masking_output_type_and_shape[True-0.0-0.5-0-uint64-shape0-False]" time="0.001" /><testcase classname="src.cucim.skimage.filters.tests.test_unsharp_mask" name="test_unsharp_masking_output_type_and_shape[True-0.0-0.5-0-uint64-shape1-True]" time="0.001" /><testcase classname="src.cucim.skimage.filters.tests.test_unsharp_mask" name="test_unsharp_masking_output_type_and_shape[True-0.0-0.5-0-uint64-shape2-False]" time="0.001" /><testcase classname="src.cucim.skimage.filters.tests.test_unsharp_mask" name="test_unsharp_masking_output_type_and_shape[True-0.0-0.5-0-uint64-shape3-True]" time="0.001" /><testcase classname="src.cucim.skimage.filters.tests.test_unsharp_mask" name="test_unsharp_masking_output_type_and_shape[True-0.0-0.5-0-uint64-shape4-False]" time="0.001" /><testcase classname="src.cucim.skimage.filters.tests.test_unsharp_mask" name="test_unsharp_masking_output_type_and_shape[True-0.0-0.5-0-int64-shape0-False]" time="0.001" /><testcase classname="src.cucim.skimage.filters.tests.test_unsharp_mask" name="test_unsharp_masking_output_type_and_shape[True-0.0-0.5-0-int64-shape1-True]" time="0.001" /><testcase classname="src.cucim.skimage.filters.tests.test_unsharp_mask" name="test_unsharp_masking_output_type_and_shape[True-0.0-0.5-0-int64-shape2-False]" time="0.001" /><testcase classname="src.cucim.skimage.filters.tests.test_unsharp_mask" name="test_unsharp_masking_output_type_and_shape[True-0.0-0.5-0-int64-shape3-True]" time="0.001" /><testcase classname="src.cucim.skimage.filters.tests.test_unsharp_mask" name="test_unsharp_masking_output_type_and_shape[True-0.0-0.5-0-int64-shape4-False]" time="0.001" /><testcase classname="src.cucim.skimage.filters.tests.test_unsharp_mask" name="test_unsharp_masking_output_type_and_shape[True-0.0-0.5-0-float16-shape0-False]" time="0.001" /><testcase classname="src.cucim.skimage.filters.tests.test_unsharp_mask" name="test_unsharp_masking_output_type_and_shape[True-0.0-0.5-0-float16-shape1-True]" time="0.002" /><testcase classname="src.cucim.skimage.filters.tests.test_unsharp_mask" name="test_unsharp_masking_output_type_and_shape[True-0.0-0.5-0-float16-shape2-False]" time="0.001" /><testcase classname="src.cucim.skimage.filters.tests.test_unsharp_mask" name="test_unsharp_masking_output_type_and_shape[True-0.0-0.5-0-float16-shape3-True]" time="0.001" /><testcase classname="src.cucim.skimage.filters.tests.test_unsharp_mask" name="test_unsharp_masking_output_type_and_shape[True-0.0-0.5-0-float16-shape4-False]" time="0.001" /><testcase classname="src.cucim.skimage.filters.tests.test_unsharp_mask" name="test_unsharp_masking_output_type_and_shape[True-0.0-0.5-0-float32-shape0-False]" time="0.001" /><testcase classname="src.cucim.skimage.filters.tests.test_unsharp_mask" name="test_unsharp_masking_output_type_and_shape[True-0.0-0.5-0-float32-shape1-True]" time="0.001" /><testcase classname="src.cucim.skimage.filters.tests.test_unsharp_mask" name="test_unsharp_masking_output_type_and_shape[True-0.0-0.5-0-float32-shape2-False]" time="0.001" /><testcase classname="src.cucim.skimage.filters.tests.test_unsharp_mask" name="test_unsharp_masking_output_type_and_shape[True-0.0-0.5-0-float32-shape3-True]" time="0.001" /><testcase classname="src.cucim.skimage.filters.tests.test_unsharp_mask" name="test_unsharp_masking_output_type_and_shape[True-0.0-0.5-0-float32-shape4-False]" time="0.001" /><testcase classname="src.cucim.skimage.filters.tests.test_unsharp_mask" name="test_unsharp_masking_output_type_and_shape[True-0.0-0.5-0-float64-shape0-False]" time="0.001" /><testcase classname="src.cucim.skimage.filters.tests.test_unsharp_mask" name="test_unsharp_masking_output_type_and_shape[True-0.0-0.5-0-float64-shape1-True]" time="0.001" /><testcase classname="src.cucim.skimage.filters.tests.test_unsharp_mask" name="test_unsharp_masking_output_type_and_shape[True-0.0-0.5-0-float64-shape2-False]" time="0.001" /><testcase classname="src.cucim.skimage.filters.tests.test_unsharp_mask" name="test_unsharp_masking_output_type_and_shape[True-0.0-0.5-0-float64-shape3-True]" time="0.001" /><testcase classname="src.cucim.skimage.filters.tests.test_unsharp_mask" name="test_unsharp_masking_output_type_and_shape[True-0.0-0.5-0-float64-shape4-False]" time="0.001" /><testcase classname="src.cucim.skimage.filters.tests.test_unsharp_mask" name="test_unsharp_masking_output_type_and_shape[True-0.0-0.5-0.1-uint8-shape0-False]" time="0.001" /><testcase classname="src.cucim.skimage.filters.tests.test_unsharp_mask" name="test_unsharp_masking_output_type_and_shape[True-0.0-0.5-0.1-uint8-shape1-True]" time="0.001" /><testcase classname="src.cucim.skimage.filters.tests.test_unsharp_mask" name="test_unsharp_masking_output_type_and_shape[True-0.0-0.5-0.1-uint8-shape2-False]" time="0.001" /><testcase classname="src.cucim.skimage.filters.tests.test_unsharp_mask" name="test_unsharp_masking_output_type_and_shape[True-0.0-0.5-0.1-uint8-shape3-True]" time="0.001" /><testcase classname="src.cucim.skimage.filters.tests.test_unsharp_mask" name="test_unsharp_masking_output_type_and_shape[True-0.0-0.5-0.1-uint8-shape4-False]" time="0.001" /><testcase classname="src.cucim.skimage.filters.tests.test_unsharp_mask" name="test_unsharp_masking_output_type_and_shape[True-0.0-0.5-0.1-int8-shape0-False]" time="0.001" /><testcase classname="src.cucim.skimage.filters.tests.test_unsharp_mask" name="test_unsharp_masking_output_type_and_shape[True-0.0-0.5-0.1-int8-shape1-True]" time="0.002" /><testcase classname="src.cucim.skimage.filters.tests.test_unsharp_mask" name="test_unsharp_masking_output_type_and_shape[True-0.0-0.5-0.1-int8-shape2-False]" time="0.001" /><testcase classname="src.cucim.skimage.filters.tests.test_unsharp_mask" name="test_unsharp_masking_output_type_and_shape[True-0.0-0.5-0.1-int8-shape3-True]" time="0.001" /><testcase classname="src.cucim.skimage.filters.tests.test_unsharp_mask" name="test_unsharp_masking_output_type_and_shape[True-0.0-0.5-0.1-int8-shape4-False]" time="0.001" /><testcase classname="src.cucim.skimage.filters.tests.test_unsharp_mask" name="test_unsharp_masking_output_type_and_shape[True-0.0-0.5-0.1-uint16-shape0-False]" time="0.001" /><testcase classname="src.cucim.skimage.filters.tests.test_unsharp_mask" name="test_unsharp_masking_output_type_and_shape[True-0.0-0.5-0.1-uint16-shape1-True]" time="0.002" /><testcase classname="src.cucim.skimage.filters.tests.test_unsharp_mask" name="test_unsharp_masking_output_type_and_shape[True-0.0-0.5-0.1-uint16-shape2-False]" time="0.001" /><testcase classname="src.cucim.skimage.filters.tests.test_unsharp_mask" name="test_unsharp_masking_output_type_and_shape[True-0.0-0.5-0.1-uint16-shape3-True]" time="0.001" /><testcase classname="src.cucim.skimage.filters.tests.test_unsharp_mask" name="test_unsharp_masking_output_type_and_shape[True-0.0-0.5-0.1-uint16-shape4-False]" time="0.001" /><testcase classname="src.cucim.skimage.filters.tests.test_unsharp_mask" name="test_unsharp_masking_output_type_and_shape[True-0.0-0.5-0.1-int16-shape0-False]" time="0.001" /><testcase classname="src.cucim.skimage.filters.tests.test_unsharp_mask" name="test_unsharp_masking_output_type_and_shape[True-0.0-0.5-0.1-int16-shape1-True]" time="0.002" /><testcase classname="src.cucim.skimage.filters.tests.test_unsharp_mask" name="test_unsharp_masking_output_type_and_shape[True-0.0-0.5-0.1-int16-shape2-False]" time="0.001" /><testcase classname="src.cucim.skimage.filters.tests.test_unsharp_mask" name="test_unsharp_masking_output_type_and_shape[True-0.0-0.5-0.1-int16-shape3-True]" time="0.001" /><testcase classname="src.cucim.skimage.filters.tests.test_unsharp_mask" name="test_unsharp_masking_output_type_and_shape[True-0.0-0.5-0.1-int16-shape4-False]" time="0.001" /><testcase classname="src.cucim.skimage.filters.tests.test_unsharp_mask" name="test_unsharp_masking_output_type_and_shape[True-0.0-0.5-0.1-uint32-shape0-False]" time="0.001" /><testcase classname="src.cucim.skimage.filters.tests.test_unsharp_mask" name="test_unsharp_masking_output_type_and_shape[True-0.0-0.5-0.1-uint32-shape1-True]" time="0.001" /><testcase classname="src.cucim.skimage.filters.tests.test_unsharp_mask" name="test_unsharp_masking_output_type_and_shape[True-0.0-0.5-0.1-uint32-shape2-False]" time="0.001" /><testcase classname="src.cucim.skimage.filters.tests.test_unsharp_mask" name="test_unsharp_masking_output_type_and_shape[True-0.0-0.5-0.1-uint32-shape3-True]" time="0.001" /><testcase classname="src.cucim.skimage.filters.tests.test_unsharp_mask" name="test_unsharp_masking_output_type_and_shape[True-0.0-0.5-0.1-uint32-shape4-False]" time="0.001" /><testcase classname="src.cucim.skimage.filters.tests.test_unsharp_mask" name="test_unsharp_masking_output_type_and_shape[True-0.0-0.5-0.1-int32-shape0-False]" time="0.001" /><testcase classname="src.cucim.skimage.filters.tests.test_unsharp_mask" name="test_unsharp_masking_output_type_and_shape[True-0.0-0.5-0.1-int32-shape1-True]" time="0.001" /><testcase classname="src.cucim.skimage.filters.tests.test_unsharp_mask" name="test_unsharp_masking_output_type_and_shape[True-0.0-0.5-0.1-int32-shape2-False]" time="0.001" /><testcase classname="src.cucim.skimage.filters.tests.test_unsharp_mask" name="test_unsharp_masking_output_type_and_shape[True-0.0-0.5-0.1-int32-shape3-True]" time="0.002" /><testcase classname="src.cucim.skimage.filters.tests.test_unsharp_mask" name="test_unsharp_masking_output_type_and_shape[True-0.0-0.5-0.1-int32-shape4-False]" time="0.001" /><testcase classname="src.cucim.skimage.filters.tests.test_unsharp_mask" name="test_unsharp_masking_output_type_and_shape[True-0.0-0.5-0.1-uint64-shape0-False]" time="0.001" /><testcase classname="src.cucim.skimage.filters.tests.test_unsharp_mask" name="test_unsharp_masking_output_type_and_shape[True-0.0-0.5-0.1-uint64-shape1-True]" time="0.002" /><testcase classname="src.cucim.skimage.filters.tests.test_unsharp_mask" name="test_unsharp_masking_output_type_and_shape[True-0.0-0.5-0.1-uint64-shape2-False]" time="0.001" /><testcase classname="src.cucim.skimage.filters.tests.test_unsharp_mask" name="test_unsharp_masking_output_type_and_shape[True-0.0-0.5-0.1-uint64-shape3-True]" time="0.001" /><testcase classname="src.cucim.skimage.filters.tests.test_unsharp_mask" name="test_unsharp_masking_output_type_and_shape[True-0.0-0.5-0.1-uint64-shape4-False]" time="0.001" /><testcase classname="src.cucim.skimage.filters.tests.test_unsharp_mask" name="test_unsharp_masking_output_type_and_shape[True-0.0-0.5-0.1-int64-shape0-False]" time="0.001" /><testcase classname="src.cucim.skimage.filters.tests.test_unsharp_mask" name="test_unsharp_masking_output_type_and_shape[True-0.0-0.5-0.1-int64-shape1-True]" time="0.002" /><testcase classname="src.cucim.skimage.filters.tests.test_unsharp_mask" name="test_unsharp_masking_output_type_and_shape[True-0.0-0.5-0.1-int64-shape2-False]" time="0.001" /><testcase classname="src.cucim.skimage.filters.tests.test_unsharp_mask" name="test_unsharp_masking_output_type_and_shape[True-0.0-0.5-0.1-int64-shape3-True]" time="0.002" /><testcase classname="src.cucim.skimage.filters.tests.test_unsharp_mask" name="test_unsharp_masking_output_type_and_shape[True-0.0-0.5-0.1-int64-shape4-False]" time="0.001" /><testcase classname="src.cucim.skimage.filters.tests.test_unsharp_mask" name="test_unsharp_masking_output_type_and_shape[True-0.0-0.5-0.1-float16-shape0-False]" time="0.001" /><testcase classname="src.cucim.skimage.filters.tests.test_unsharp_mask" name="test_unsharp_masking_output_type_and_shape[True-0.0-0.5-0.1-float16-shape1-True]" time="0.001" /><testcase classname="src.cucim.skimage.filters.tests.test_unsharp_mask" name="test_unsharp_masking_output_type_and_shape[True-0.0-0.5-0.1-float16-shape2-False]" time="0.001" /><testcase classname="src.cucim.skimage.filters.tests.test_unsharp_mask" name="test_unsharp_masking_output_type_and_shape[True-0.0-0.5-0.1-float16-shape3-True]" time="0.001" /><testcase classname="src.cucim.skimage.filters.tests.test_unsharp_mask" name="test_unsharp_masking_output_type_and_shape[True-0.0-0.5-0.1-float16-shape4-False]" time="0.001" /><testcase classname="src.cucim.skimage.filters.tests.test_unsharp_mask" name="test_unsharp_masking_output_type_and_shape[True-0.0-0.5-0.1-float32-shape0-False]" time="0.001" /><testcase classname="src.cucim.skimage.filters.tests.test_unsharp_mask" name="test_unsharp_masking_output_type_and_shape[True-0.0-0.5-0.1-float32-shape1-True]" time="0.002" /><testcase classname="src.cucim.skimage.filters.tests.test_unsharp_mask" name="test_unsharp_masking_output_type_and_shape[True-0.0-0.5-0.1-float32-shape2-False]" time="0.001" /><testcase classname="src.cucim.skimage.filters.tests.test_unsharp_mask" name="test_unsharp_masking_output_type_and_shape[True-0.0-0.5-0.1-float32-shape3-True]" time="0.001" /><testcase classname="src.cucim.skimage.filters.tests.test_unsharp_mask" name="test_unsharp_masking_output_type_and_shape[True-0.0-0.5-0.1-float32-shape4-False]" time="0.001" /><testcase classname="src.cucim.skimage.filters.tests.test_unsharp_mask" name="test_unsharp_masking_output_type_and_shape[True-0.0-0.5-0.1-float64-shape0-False]" time="0.001" /><testcase classname="src.cucim.skimage.filters.tests.test_unsharp_mask" name="test_unsharp_masking_output_type_and_shape[True-0.0-0.5-0.1-float64-shape1-True]" time="0.002" /><testcase classname="src.cucim.skimage.filters.tests.test_unsharp_mask" name="test_unsharp_masking_output_type_and_shape[True-0.0-0.5-0.1-float64-shape2-False]" time="0.001" /><testcase classname="src.cucim.skimage.filters.tests.test_unsharp_mask" name="test_unsharp_masking_output_type_and_shape[True-0.0-0.5-0.1-float64-shape3-True]" time="0.001" /><testcase classname="src.cucim.skimage.filters.tests.test_unsharp_mask" name="test_unsharp_masking_output_type_and_shape[True-0.0-0.5-0.1-float64-shape4-False]" time="0.001" /><testcase classname="src.cucim.skimage.filters.tests.test_unsharp_mask" name="test_unsharp_masking_output_type_and_shape[True-0.0-0.5-2.0-uint8-shape0-False]" time="0.001" /><testcase classname="src.cucim.skimage.filters.tests.test_unsharp_mask" name="test_unsharp_masking_output_type_and_shape[True-0.0-0.5-2.0-uint8-shape1-True]" time="0.002" /><testcase classname="src.cucim.skimage.filters.tests.test_unsharp_mask" name="test_unsharp_masking_output_type_and_shape[True-0.0-0.5-2.0-uint8-shape2-False]" time="0.001" /><testcase classname="src.cucim.skimage.filters.tests.test_unsharp_mask" name="test_unsharp_masking_output_type_and_shape[True-0.0-0.5-2.0-uint8-shape3-True]" time="0.002" /><testcase classname="src.cucim.skimage.filters.tests.test_unsharp_mask" name="test_unsharp_masking_output_type_and_shape[True-0.0-0.5-2.0-uint8-shape4-False]" time="0.002" /><testcase classname="src.cucim.skimage.filters.tests.test_unsharp_mask" name="test_unsharp_masking_output_type_and_shape[True-0.0-0.5-2.0-int8-shape0-False]" time="0.001" /><testcase classname="src.cucim.skimage.filters.tests.test_unsharp_mask" name="test_unsharp_masking_output_type_and_shape[True-0.0-0.5-2.0-int8-shape1-True]" time="0.002" /><testcase classname="src.cucim.skimage.filters.tests.test_unsharp_mask" name="test_unsharp_masking_output_type_and_shape[True-0.0-0.5-2.0-int8-shape2-False]" time="0.001" /><testcase classname="src.cucim.skimage.filters.tests.test_unsharp_mask" name="test_unsharp_masking_output_type_and_shape[True-0.0-0.5-2.0-int8-shape3-True]" time="0.002" /><testcase classname="src.cucim.skimage.filters.tests.test_unsharp_mask" name="test_unsharp_masking_output_type_and_shape[True-0.0-0.5-2.0-int8-shape4-False]" time="0.002" /><testcase classname="src.cucim.skimage.filters.tests.test_unsharp_mask" name="test_unsharp_masking_output_type_and_shape[True-0.0-0.5-2.0-uint16-shape0-False]" time="0.001" /><testcase classname="src.cucim.skimage.filters.tests.test_unsharp_mask" name="test_unsharp_masking_output_type_and_shape[True-0.0-0.5-2.0-uint16-shape1-True]" time="0.002" /><testcase classname="src.cucim.skimage.filters.tests.test_unsharp_mask" name="test_unsharp_masking_output_type_and_shape[True-0.0-0.5-2.0-uint16-shape2-False]" time="0.002" /><testcase classname="src.cucim.skimage.filters.tests.test_unsharp_mask" name="test_unsharp_masking_output_type_and_shape[True-0.0-0.5-2.0-uint16-shape3-True]" time="0.002" /><testcase classname="src.cucim.skimage.filters.tests.test_unsharp_mask" name="test_unsharp_masking_output_type_and_shape[True-0.0-0.5-2.0-uint16-shape4-False]" time="0.002" /><testcase classname="src.cucim.skimage.filters.tests.test_unsharp_mask" name="test_unsharp_masking_output_type_and_shape[True-0.0-0.5-2.0-int16-shape0-False]" time="0.001" /><testcase classname="src.cucim.skimage.filters.tests.test_unsharp_mask" name="test_unsharp_masking_output_type_and_shape[True-0.0-0.5-2.0-int16-shape1-True]" time="0.002" /><testcase classname="src.cucim.skimage.filters.tests.test_unsharp_mask" name="test_unsharp_masking_output_type_and_shape[True-0.0-0.5-2.0-int16-shape2-False]" time="0.001" /><testcase classname="src.cucim.skimage.filters.tests.test_unsharp_mask" name="test_unsharp_masking_output_type_and_shape[True-0.0-0.5-2.0-int16-shape3-True]" time="0.002" /><testcase classname="src.cucim.skimage.filters.tests.test_unsharp_mask" name="test_unsharp_masking_output_type_and_shape[True-0.0-0.5-2.0-int16-shape4-False]" time="0.002" /><testcase classname="src.cucim.skimage.filters.tests.test_unsharp_mask" name="test_unsharp_masking_output_type_and_shape[True-0.0-0.5-2.0-uint32-shape0-False]" time="0.001" /><testcase classname="src.cucim.skimage.filters.tests.test_unsharp_mask" name="test_unsharp_masking_output_type_and_shape[True-0.0-0.5-2.0-uint32-shape1-True]" time="0.002" /><testcase classname="src.cucim.skimage.filters.tests.test_unsharp_mask" name="test_unsharp_masking_output_type_and_shape[True-0.0-0.5-2.0-uint32-shape2-False]" time="0.001" /><testcase classname="src.cucim.skimage.filters.tests.test_unsharp_mask" name="test_unsharp_masking_output_type_and_shape[True-0.0-0.5-2.0-uint32-shape3-True]" time="0.002" /><testcase classname="src.cucim.skimage.filters.tests.test_unsharp_mask" name="test_unsharp_masking_output_type_and_shape[True-0.0-0.5-2.0-uint32-shape4-False]" time="0.002" /><testcase classname="src.cucim.skimage.filters.tests.test_unsharp_mask" name="test_unsharp_masking_output_type_and_shape[True-0.0-0.5-2.0-int32-shape0-False]" time="0.001" /><testcase classname="src.cucim.skimage.filters.tests.test_unsharp_mask" name="test_unsharp_masking_output_type_and_shape[True-0.0-0.5-2.0-int32-shape1-True]" time="0.002" /><testcase classname="src.cucim.skimage.filters.tests.test_unsharp_mask" name="test_unsharp_masking_output_type_and_shape[True-0.0-0.5-2.0-int32-shape2-False]" time="0.001" /><testcase classname="src.cucim.skimage.filters.tests.test_unsharp_mask" name="test_unsharp_masking_output_type_and_shape[True-0.0-0.5-2.0-int32-shape3-True]" time="0.002" /><testcase classname="src.cucim.skimage.filters.tests.test_unsharp_mask" name="test_unsharp_masking_output_type_and_shape[True-0.0-0.5-2.0-int32-shape4-False]" time="0.002" /><testcase classname="src.cucim.skimage.filters.tests.test_unsharp_mask" name="test_unsharp_masking_output_type_and_shape[True-0.0-0.5-2.0-uint64-shape0-False]" time="0.001" /><testcase classname="src.cucim.skimage.filters.tests.test_unsharp_mask" name="test_unsharp_masking_output_type_and_shape[True-0.0-0.5-2.0-uint64-shape1-True]" time="0.002" /><testcase classname="src.cucim.skimage.filters.tests.test_unsharp_mask" name="test_unsharp_masking_output_type_and_shape[True-0.0-0.5-2.0-uint64-shape2-False]" time="0.001" /><testcase classname="src.cucim.skimage.filters.tests.test_unsharp_mask" name="test_unsharp_masking_output_type_and_shape[True-0.0-0.5-2.0-uint64-shape3-True]" time="0.002" /><testcase classname="src.cucim.skimage.filters.tests.test_unsharp_mask" name="test_unsharp_masking_output_type_and_shape[True-0.0-0.5-2.0-uint64-shape4-False]" time="0.002" /><testcase classname="src.cucim.skimage.filters.tests.test_unsharp_mask" name="test_unsharp_masking_output_type_and_shape[True-0.0-0.5-2.0-int64-shape0-False]" time="0.001" /><testcase classname="src.cucim.skimage.filters.tests.test_unsharp_mask" name="test_unsharp_masking_output_type_and_shape[True-0.0-0.5-2.0-int64-shape1-True]" time="0.002" /><testcase classname="src.cucim.skimage.filters.tests.test_unsharp_mask" name="test_unsharp_masking_output_type_and_shape[True-0.0-0.5-2.0-int64-shape2-False]" time="0.001" /><testcase classname="src.cucim.skimage.filters.tests.test_unsharp_mask" name="test_unsharp_masking_output_type_and_shape[True-0.0-0.5-2.0-int64-shape3-True]" time="0.002" /><testcase classname="src.cucim.skimage.filters.tests.test_unsharp_mask" name="test_unsharp_masking_output_type_and_shape[True-0.0-0.5-2.0-int64-shape4-False]" time="0.001" /><testcase classname="src.cucim.skimage.filters.tests.test_unsharp_mask" name="test_unsharp_masking_output_type_and_shape[True-0.0-0.5-2.0-float16-shape0-False]" time="0.001" /><testcase classname="src.cucim.skimage.filters.tests.test_unsharp_mask" name="test_unsharp_masking_output_type_and_shape[True-0.0-0.5-2.0-float16-shape1-True]" time="0.002" /><testcase classname="src.cucim.skimage.filters.tests.test_unsharp_mask" name="test_unsharp_masking_output_type_and_shape[True-0.0-0.5-2.0-float16-shape2-False]" time="0.001" /><testcase classname="src.cucim.skimage.filters.tests.test_unsharp_mask" name="test_unsharp_masking_output_type_and_shape[True-0.0-0.5-2.0-float16-shape3-True]" time="0.002" /><testcase classname="src.cucim.skimage.filters.tests.test_unsharp_mask" name="test_unsharp_masking_output_type_and_shape[True-0.0-0.5-2.0-float16-shape4-False]" time="0.002" /><testcase classname="src.cucim.skimage.filters.tests.test_unsharp_mask" name="test_unsharp_masking_output_type_and_shape[True-0.0-0.5-2.0-float32-shape0-False]" time="0.001" /><testcase classname="src.cucim.skimage.filters.tests.test_unsharp_mask" name="test_unsharp_masking_output_type_and_shape[True-0.0-0.5-2.0-float32-shape1-True]" time="0.002" /><testcase classname="src.cucim.skimage.filters.tests.test_unsharp_mask" name="test_unsharp_masking_output_type_and_shape[True-0.0-0.5-2.0-float32-shape2-False]" time="0.001" /><testcase classname="src.cucim.skimage.filters.tests.test_unsharp_mask" name="test_unsharp_masking_output_type_and_shape[True-0.0-0.5-2.0-float32-shape3-True]" time="0.002" /><testcase classname="src.cucim.skimage.filters.tests.test_unsharp_mask" name="test_unsharp_masking_output_type_and_shape[True-0.0-0.5-2.0-float32-shape4-False]" time="0.001" /><testcase classname="src.cucim.skimage.filters.tests.test_unsharp_mask" name="test_unsharp_masking_output_type_and_shape[True-0.0-0.5-2.0-float64-shape0-False]" time="0.001" /><testcase classname="src.cucim.skimage.filters.tests.test_unsharp_mask" name="test_unsharp_masking_output_type_and_shape[True-0.0-0.5-2.0-float64-shape1-True]" time="0.002" /><testcase classname="src.cucim.skimage.filters.tests.test_unsharp_mask" name="test_unsharp_masking_output_type_and_shape[True-0.0-0.5-2.0-float64-shape2-False]" time="0.001" /><testcase classname="src.cucim.skimage.filters.tests.test_unsharp_mask" name="test_unsharp_masking_output_type_and_shape[True-0.0-0.5-2.0-float64-shape3-True]" time="0.002" /><testcase classname="src.cucim.skimage.filters.tests.test_unsharp_mask" name="test_unsharp_masking_output_type_and_shape[True-0.0-0.5-2.0-float64-shape4-False]" time="0.002" /><testcase classname="src.cucim.skimage.filters.tests.test_unsharp_mask" name="test_unsharp_masking_output_type_and_shape[True-0.0-2.0-0-uint8-shape0-False]" time="0.001" /><testcase classname="src.cucim.skimage.filters.tests.test_unsharp_mask" name="test_unsharp_masking_output_type_and_shape[True-0.0-2.0-0-uint8-shape1-True]" time="0.001" /><testcase classname="src.cucim.skimage.filters.tests.test_unsharp_mask" name="test_unsharp_masking_output_type_and_shape[True-0.0-2.0-0-uint8-shape2-False]" time="0.001" /><testcase classname="src.cucim.skimage.filters.tests.test_unsharp_mask" name="test_unsharp_masking_output_type_and_shape[True-0.0-2.0-0-uint8-shape3-True]" time="0.001" /><testcase classname="src.cucim.skimage.filters.tests.test_unsharp_mask" name="test_unsharp_masking_output_type_and_shape[True-0.0-2.0-0-uint8-shape4-False]" time="0.001" /><testcase classname="src.cucim.skimage.filters.tests.test_unsharp_mask" name="test_unsharp_masking_output_type_and_shape[True-0.0-2.0-0-int8-shape0-False]" time="0.001" /><testcase classname="src.cucim.skimage.filters.tests.test_unsharp_mask" name="test_unsharp_masking_output_type_and_shape[True-0.0-2.0-0-int8-shape1-True]" time="0.001" /><testcase classname="src.cucim.skimage.filters.tests.test_unsharp_mask" name="test_unsharp_masking_output_type_and_shape[True-0.0-2.0-0-int8-shape2-False]" time="0.001" /><testcase classname="src.cucim.skimage.filters.tests.test_unsharp_mask" name="test_unsharp_masking_output_type_and_shape[True-0.0-2.0-0-int8-shape3-True]" time="0.001" /><testcase classname="src.cucim.skimage.filters.tests.test_unsharp_mask" name="test_unsharp_masking_output_type_and_shape[True-0.0-2.0-0-int8-shape4-False]" time="0.001" /><testcase classname="src.cucim.skimage.filters.tests.test_unsharp_mask" name="test_unsharp_masking_output_type_and_shape[True-0.0-2.0-0-uint16-shape0-False]" time="0.001" /><testcase classname="src.cucim.skimage.filters.tests.test_unsharp_mask" name="test_unsharp_masking_output_type_and_shape[True-0.0-2.0-0-uint16-shape1-True]" time="0.001" /><testcase classname="src.cucim.skimage.filters.tests.test_unsharp_mask" name="test_unsharp_masking_output_type_and_shape[True-0.0-2.0-0-uint16-shape2-False]" time="0.001" /><testcase classname="src.cucim.skimage.filters.tests.test_unsharp_mask" name="test_unsharp_masking_output_type_and_shape[True-0.0-2.0-0-uint16-shape3-True]" time="0.001" /><testcase classname="src.cucim.skimage.filters.tests.test_unsharp_mask" name="test_unsharp_masking_output_type_and_shape[True-0.0-2.0-0-uint16-shape4-False]" time="0.001" /><testcase classname="src.cucim.skimage.filters.tests.test_unsharp_mask" name="test_unsharp_masking_output_type_and_shape[True-0.0-2.0-0-int16-shape0-False]" time="0.001" /><testcase classname="src.cucim.skimage.filters.tests.test_unsharp_mask" name="test_unsharp_masking_output_type_and_shape[True-0.0-2.0-0-int16-shape1-True]" time="0.001" /><testcase classname="src.cucim.skimage.filters.tests.test_unsharp_mask" name="test_unsharp_masking_output_type_and_shape[True-0.0-2.0-0-int16-shape2-False]" time="0.001" /><testcase classname="src.cucim.skimage.filters.tests.test_unsharp_mask" name="test_unsharp_masking_output_type_and_shape[True-0.0-2.0-0-int16-shape3-True]" time="0.001" /><testcase classname="src.cucim.skimage.filters.tests.test_unsharp_mask" name="test_unsharp_masking_output_type_and_shape[True-0.0-2.0-0-int16-shape4-False]" time="0.001" /><testcase classname="src.cucim.skimage.filters.tests.test_unsharp_mask" name="test_unsharp_masking_output_type_and_shape[True-0.0-2.0-0-uint32-shape0-False]" time="0.001" /><testcase classname="src.cucim.skimage.filters.tests.test_unsharp_mask" name="test_unsharp_masking_output_type_and_shape[True-0.0-2.0-0-uint32-shape1-True]" time="0.001" /><testcase classname="src.cucim.skimage.filters.tests.test_unsharp_mask" name="test_unsharp_masking_output_type_and_shape[True-0.0-2.0-0-uint32-shape2-False]" time="0.001" /><testcase classname="src.cucim.skimage.filters.tests.test_unsharp_mask" name="test_unsharp_masking_output_type_and_shape[True-0.0-2.0-0-uint32-shape3-True]" time="0.001" /><testcase classname="src.cucim.skimage.filters.tests.test_unsharp_mask" name="test_unsharp_masking_output_type_and_shape[True-0.0-2.0-0-uint32-shape4-False]" time="0.001" /><testcase classname="src.cucim.skimage.filters.tests.test_unsharp_mask" name="test_unsharp_masking_output_type_and_shape[True-0.0-2.0-0-int32-shape0-False]" time="0.001" /><testcase classname="src.cucim.skimage.filters.tests.test_unsharp_mask" name="test_unsharp_masking_output_type_and_shape[True-0.0-2.0-0-int32-shape1-True]" time="0.001" /><testcase classname="src.cucim.skimage.filters.tests.test_unsharp_mask" name="test_unsharp_masking_output_type_and_shape[True-0.0-2.0-0-int32-shape2-False]" time="0.001" /><testcase classname="src.cucim.skimage.filters.tests.test_unsharp_mask" name="test_unsharp_masking_output_type_and_shape[True-0.0-2.0-0-int32-shape3-True]" time="0.001" /><testcase classname="src.cucim.skimage.filters.tests.test_unsharp_mask" name="test_unsharp_masking_output_type_and_shape[True-0.0-2.0-0-int32-shape4-False]" time="0.001" /><testcase classname="src.cucim.skimage.filters.tests.test_unsharp_mask" name="test_unsharp_masking_output_type_and_shape[True-0.0-2.0-0-uint64-shape0-False]" time="0.001" /><testcase classname="src.cucim.skimage.filters.tests.test_unsharp_mask" name="test_unsharp_masking_output_type_and_shape[True-0.0-2.0-0-uint64-shape1-True]" time="0.001" /><testcase classname="src.cucim.skimage.filters.tests.test_unsharp_mask" name="test_unsharp_masking_output_type_and_shape[True-0.0-2.0-0-uint64-shape2-False]" time="0.001" /><testcase classname="src.cucim.skimage.filters.tests.test_unsharp_mask" name="test_unsharp_masking_output_type_and_shape[True-0.0-2.0-0-uint64-shape3-True]" time="0.001" /><testcase classname="src.cucim.skimage.filters.tests.test_unsharp_mask" name="test_unsharp_masking_output_type_and_shape[True-0.0-2.0-0-uint64-shape4-False]" time="0.001" /><testcase classname="src.cucim.skimage.filters.tests.test_unsharp_mask" name="test_unsharp_masking_output_type_and_shape[True-0.0-2.0-0-int64-shape0-False]" time="0.001" /><testcase classname="src.cucim.skimage.filters.tests.test_unsharp_mask" name="test_unsharp_masking_output_type_and_shape[True-0.0-2.0-0-int64-shape1-True]" time="0.001" /><testcase classname="src.cucim.skimage.filters.tests.test_unsharp_mask" name="test_unsharp_masking_output_type_and_shape[True-0.0-2.0-0-int64-shape2-False]" time="0.001" /><testcase classname="src.cucim.skimage.filters.tests.test_unsharp_mask" name="test_unsharp_masking_output_type_and_shape[True-0.0-2.0-0-int64-shape3-True]" time="0.001" /><testcase classname="src.cucim.skimage.filters.tests.test_unsharp_mask" name="test_unsharp_masking_output_type_and_shape[True-0.0-2.0-0-int64-shape4-False]" time="0.001" /><testcase classname="src.cucim.skimage.filters.tests.test_unsharp_mask" name="test_unsharp_masking_output_type_and_shape[True-0.0-2.0-0-float16-shape0-False]" time="0.001" /><testcase classname="src.cucim.skimage.filters.tests.test_unsharp_mask" name="test_unsharp_masking_output_type_and_shape[True-0.0-2.0-0-float16-shape1-True]" time="0.002" /><testcase classname="src.cucim.skimage.filters.tests.test_unsharp_mask" name="test_unsharp_masking_output_type_and_shape[True-0.0-2.0-0-float16-shape2-False]" time="0.001" /><testcase classname="src.cucim.skimage.filters.tests.test_unsharp_mask" name="test_unsharp_masking_output_type_and_shape[True-0.0-2.0-0-float16-shape3-True]" time="0.001" /><testcase classname="src.cucim.skimage.filters.tests.test_unsharp_mask" name="test_unsharp_masking_output_type_and_shape[True-0.0-2.0-0-float16-shape4-False]" time="0.001" /><testcase classname="src.cucim.skimage.filters.tests.test_unsharp_mask" name="test_unsharp_masking_output_type_and_shape[True-0.0-2.0-0-float32-shape0-False]" time="0.001" /><testcase classname="src.cucim.skimage.filters.tests.test_unsharp_mask" name="test_unsharp_masking_output_type_and_shape[True-0.0-2.0-0-float32-shape1-True]" time="0.001" /><testcase classname="src.cucim.skimage.filters.tests.test_unsharp_mask" name="test_unsharp_masking_output_type_and_shape[True-0.0-2.0-0-float32-shape2-False]" time="0.001" /><testcase classname="src.cucim.skimage.filters.tests.test_unsharp_mask" name="test_unsharp_masking_output_type_and_shape[True-0.0-2.0-0-float32-shape3-True]" time="0.001" /><testcase classname="src.cucim.skimage.filters.tests.test_unsharp_mask" name="test_unsharp_masking_output_type_and_shape[True-0.0-2.0-0-float32-shape4-False]" time="0.001" /><testcase classname="src.cucim.skimage.filters.tests.test_unsharp_mask" name="test_unsharp_masking_output_type_and_shape[True-0.0-2.0-0-float64-shape0-False]" time="0.001" /><testcase classname="src.cucim.skimage.filters.tests.test_unsharp_mask" name="test_unsharp_masking_output_type_and_shape[True-0.0-2.0-0-float64-shape1-True]" time="0.001" /><testcase classname="src.cucim.skimage.filters.tests.test_unsharp_mask" name="test_unsharp_masking_output_type_and_shape[True-0.0-2.0-0-float64-shape2-False]" time="0.001" /><testcase classname="src.cucim.skimage.filters.tests.test_unsharp_mask" name="test_unsharp_masking_output_type_and_shape[True-0.0-2.0-0-float64-shape3-True]" time="0.001" /><testcase classname="src.cucim.skimage.filters.tests.test_unsharp_mask" name="test_unsharp_masking_output_type_and_shape[True-0.0-2.0-0-float64-shape4-False]" time="0.001" /><testcase classname="src.cucim.skimage.filters.tests.test_unsharp_mask" name="test_unsharp_masking_output_type_and_shape[True-0.0-2.0-0.1-uint8-shape0-False]" time="0.001" /><testcase classname="src.cucim.skimage.filters.tests.test_unsharp_mask" name="test_unsharp_masking_output_type_and_shape[True-0.0-2.0-0.1-uint8-shape1-True]" time="0.002" /><testcase classname="src.cucim.skimage.filters.tests.test_unsharp_mask" name="test_unsharp_masking_output_type_and_shape[True-0.0-2.0-0.1-uint8-shape2-False]" time="0.001" /><testcase classname="src.cucim.skimage.filters.tests.test_unsharp_mask" name="test_unsharp_masking_output_type_and_shape[True-0.0-2.0-0.1-uint8-shape3-True]" time="0.001" /><testcase classname="src.cucim.skimage.filters.tests.test_unsharp_mask" name="test_unsharp_masking_output_type_and_shape[True-0.0-2.0-0.1-uint8-shape4-False]" time="0.001" /><testcase classname="src.cucim.skimage.filters.tests.test_unsharp_mask" name="test_unsharp_masking_output_type_and_shape[True-0.0-2.0-0.1-int8-shape0-False]" time="0.001" /><testcase classname="src.cucim.skimage.filters.tests.test_unsharp_mask" name="test_unsharp_masking_output_type_and_shape[True-0.0-2.0-0.1-int8-shape1-True]" time="0.001" /><testcase classname="src.cucim.skimage.filters.tests.test_unsharp_mask" name="test_unsharp_masking_output_type_and_shape[True-0.0-2.0-0.1-int8-shape2-False]" time="0.001" /><testcase classname="src.cucim.skimage.filters.tests.test_unsharp_mask" name="test_unsharp_masking_output_type_and_shape[True-0.0-2.0-0.1-int8-shape3-True]" time="0.001" /><testcase classname="src.cucim.skimage.filters.tests.test_unsharp_mask" name="test_unsharp_masking_output_type_and_shape[True-0.0-2.0-0.1-int8-shape4-False]" time="0.001" /><testcase classname="src.cucim.skimage.filters.tests.test_unsharp_mask" name="test_unsharp_masking_output_type_and_shape[True-0.0-2.0-0.1-uint16-shape0-False]" time="0.001" /><testcase classname="src.cucim.skimage.filters.tests.test_unsharp_mask" name="test_unsharp_masking_output_type_and_shape[True-0.0-2.0-0.1-uint16-shape1-True]" time="0.001" /><testcase classname="src.cucim.skimage.filters.tests.test_unsharp_mask" name="test_unsharp_masking_output_type_and_shape[True-0.0-2.0-0.1-uint16-shape2-False]" time="0.001" /><testcase classname="src.cucim.skimage.filters.tests.test_unsharp_mask" name="test_unsharp_masking_output_type_and_shape[True-0.0-2.0-0.1-uint16-shape3-True]" time="0.001" /><testcase classname="src.cucim.skimage.filters.tests.test_unsharp_mask" name="test_unsharp_masking_output_type_and_shape[True-0.0-2.0-0.1-uint16-shape4-False]" time="0.001" /><testcase classname="src.cucim.skimage.filters.tests.test_unsharp_mask" name="test_unsharp_masking_output_type_and_shape[True-0.0-2.0-0.1-int16-shape0-False]" time="0.001" /><testcase classname="src.cucim.skimage.filters.tests.test_unsharp_mask" name="test_unsharp_masking_output_type_and_shape[True-0.0-2.0-0.1-int16-shape1-True]" time="0.001" /><testcase classname="src.cucim.skimage.filters.tests.test_unsharp_mask" name="test_unsharp_masking_output_type_and_shape[True-0.0-2.0-0.1-int16-shape2-False]" time="0.001" /><testcase classname="src.cucim.skimage.filters.tests.test_unsharp_mask" name="test_unsharp_masking_output_type_and_shape[True-0.0-2.0-0.1-int16-shape3-True]" time="0.001" /><testcase classname="src.cucim.skimage.filters.tests.test_unsharp_mask" name="test_unsharp_masking_output_type_and_shape[True-0.0-2.0-0.1-int16-shape4-False]" time="0.001" /><testcase classname="src.cucim.skimage.filters.tests.test_unsharp_mask" name="test_unsharp_masking_output_type_and_shape[True-0.0-2.0-0.1-uint32-shape0-False]" time="0.001" /><testcase classname="src.cucim.skimage.filters.tests.test_unsharp_mask" name="test_unsharp_masking_output_type_and_shape[True-0.0-2.0-0.1-uint32-shape1-True]" time="0.002" /><testcase classname="src.cucim.skimage.filters.tests.test_unsharp_mask" name="test_unsharp_masking_output_type_and_shape[True-0.0-2.0-0.1-uint32-shape2-False]" time="0.001" /><testcase classname="src.cucim.skimage.filters.tests.test_unsharp_mask" name="test_unsharp_masking_output_type_and_shape[True-0.0-2.0-0.1-uint32-shape3-True]" time="0.001" /><testcase classname="src.cucim.skimage.filters.tests.test_unsharp_mask" name="test_unsharp_masking_output_type_and_shape[True-0.0-2.0-0.1-uint32-shape4-False]" time="0.001" /><testcase classname="src.cucim.skimage.filters.tests.test_unsharp_mask" name="test_unsharp_masking_output_type_and_shape[True-0.0-2.0-0.1-int32-shape0-False]" time="0.001" /><testcase classname="src.cucim.skimage.filters.tests.test_unsharp_mask" name="test_unsharp_masking_output_type_and_shape[True-0.0-2.0-0.1-int32-shape1-True]" time="0.001" /><testcase classname="src.cucim.skimage.filters.tests.test_unsharp_mask" name="test_unsharp_masking_output_type_and_shape[True-0.0-2.0-0.1-int32-shape2-False]" time="0.001" /><testcase classname="src.cucim.skimage.filters.tests.test_unsharp_mask" name="test_unsharp_masking_output_type_and_shape[True-0.0-2.0-0.1-int32-shape3-True]" time="0.001" /><testcase classname="src.cucim.skimage.filters.tests.test_unsharp_mask" name="test_unsharp_masking_output_type_and_shape[True-0.0-2.0-0.1-int32-shape4-False]" time="0.001" /><testcase classname="src.cucim.skimage.filters.tests.test_unsharp_mask" name="test_unsharp_masking_output_type_and_shape[True-0.0-2.0-0.1-uint64-shape0-False]" time="0.001" /><testcase classname="src.cucim.skimage.filters.tests.test_unsharp_mask" name="test_unsharp_masking_output_type_and_shape[True-0.0-2.0-0.1-uint64-shape1-True]" time="0.001" /><testcase classname="src.cucim.skimage.filters.tests.test_unsharp_mask" name="test_unsharp_masking_output_type_and_shape[True-0.0-2.0-0.1-uint64-shape2-False]" time="0.001" /><testcase classname="src.cucim.skimage.filters.tests.test_unsharp_mask" name="test_unsharp_masking_output_type_and_shape[True-0.0-2.0-0.1-uint64-shape3-True]" time="0.001" /><testcase classname="src.cucim.skimage.filters.tests.test_unsharp_mask" name="test_unsharp_masking_output_type_and_shape[True-0.0-2.0-0.1-uint64-shape4-False]" time="0.001" /><testcase classname="src.cucim.skimage.filters.tests.test_unsharp_mask" name="test_unsharp_masking_output_type_and_shape[True-0.0-2.0-0.1-int64-shape0-False]" time="0.001" /><testcase classname="src.cucim.skimage.filters.tests.test_unsharp_mask" name="test_unsharp_masking_output_type_and_shape[True-0.0-2.0-0.1-int64-shape1-True]" time="0.001" /><testcase classname="src.cucim.skimage.filters.tests.test_unsharp_mask" name="test_unsharp_masking_output_type_and_shape[True-0.0-2.0-0.1-int64-shape2-False]" time="0.001" /><testcase classname="src.cucim.skimage.filters.tests.test_unsharp_mask" name="test_unsharp_masking_output_type_and_shape[True-0.0-2.0-0.1-int64-shape3-True]" time="0.001" /><testcase classname="src.cucim.skimage.filters.tests.test_unsharp_mask" name="test_unsharp_masking_output_type_and_shape[True-0.0-2.0-0.1-int64-shape4-False]" time="0.001" /><testcase classname="src.cucim.skimage.filters.tests.test_unsharp_mask" name="test_unsharp_masking_output_type_and_shape[True-0.0-2.0-0.1-float16-shape0-False]" time="0.001" /><testcase classname="src.cucim.skimage.filters.tests.test_unsharp_mask" name="test_unsharp_masking_output_type_and_shape[True-0.0-2.0-0.1-float16-shape1-True]" time="0.001" /><testcase classname="src.cucim.skimage.filters.tests.test_unsharp_mask" name="test_unsharp_masking_output_type_and_shape[True-0.0-2.0-0.1-float16-shape2-False]" time="0.001" /><testcase classname="src.cucim.skimage.filters.tests.test_unsharp_mask" name="test_unsharp_masking_output_type_and_shape[True-0.0-2.0-0.1-float16-shape3-True]" time="0.001" /><testcase classname="src.cucim.skimage.filters.tests.test_unsharp_mask" name="test_unsharp_masking_output_type_and_shape[True-0.0-2.0-0.1-float16-shape4-False]" time="0.001" /><testcase classname="src.cucim.skimage.filters.tests.test_unsharp_mask" name="test_unsharp_masking_output_type_and_shape[True-0.0-2.0-0.1-float32-shape0-False]" time="0.001" /><testcase classname="src.cucim.skimage.filters.tests.test_unsharp_mask" name="test_unsharp_masking_output_type_and_shape[True-0.0-2.0-0.1-float32-shape1-True]" time="0.002" /><testcase classname="src.cucim.skimage.filters.tests.test_unsharp_mask" name="test_unsharp_masking_output_type_and_shape[True-0.0-2.0-0.1-float32-shape2-False]" time="0.001" /><testcase classname="src.cucim.skimage.filters.tests.test_unsharp_mask" name="test_unsharp_masking_output_type_and_shape[True-0.0-2.0-0.1-float32-shape3-True]" time="0.001" /><testcase classname="src.cucim.skimage.filters.tests.test_unsharp_mask" name="test_unsharp_masking_output_type_and_shape[True-0.0-2.0-0.1-float32-shape4-False]" time="0.001" /><testcase classname="src.cucim.skimage.filters.tests.test_unsharp_mask" name="test_unsharp_masking_output_type_and_shape[True-0.0-2.0-0.1-float64-shape0-False]" time="0.001" /><testcase classname="src.cucim.skimage.filters.tests.test_unsharp_mask" name="test_unsharp_masking_output_type_and_shape[True-0.0-2.0-0.1-float64-shape1-True]" time="0.001" /><testcase classname="src.cucim.skimage.filters.tests.test_unsharp_mask" name="test_unsharp_masking_output_type_and_shape[True-0.0-2.0-0.1-float64-shape2-False]" time="0.001" /><testcase classname="src.cucim.skimage.filters.tests.test_unsharp_mask" name="test_unsharp_masking_output_type_and_shape[True-0.0-2.0-0.1-float64-shape3-True]" time="0.001" /><testcase classname="src.cucim.skimage.filters.tests.test_unsharp_mask" name="test_unsharp_masking_output_type_and_shape[True-0.0-2.0-0.1-float64-shape4-False]" time="0.001" /><testcase classname="src.cucim.skimage.filters.tests.test_unsharp_mask" name="test_unsharp_masking_output_type_and_shape[True-0.0-2.0-2.0-uint8-shape0-False]" time="0.001" /><testcase classname="src.cucim.skimage.filters.tests.test_unsharp_mask" name="test_unsharp_masking_output_type_and_shape[True-0.0-2.0-2.0-uint8-shape1-True]" time="0.002" /><testcase classname="src.cucim.skimage.filters.tests.test_unsharp_mask" name="test_unsharp_masking_output_type_and_shape[True-0.0-2.0-2.0-uint8-shape2-False]" time="0.001" /><testcase classname="src.cucim.skimage.filters.tests.test_unsharp_mask" name="test_unsharp_masking_output_type_and_shape[True-0.0-2.0-2.0-uint8-shape3-True]" time="0.002" /><testcase classname="src.cucim.skimage.filters.tests.test_unsharp_mask" name="test_unsharp_masking_output_type_and_shape[True-0.0-2.0-2.0-uint8-shape4-False]" time="0.002" /><testcase classname="src.cucim.skimage.filters.tests.test_unsharp_mask" name="test_unsharp_masking_output_type_and_shape[True-0.0-2.0-2.0-int8-shape0-False]" time="0.001" /><testcase classname="src.cucim.skimage.filters.tests.test_unsharp_mask" name="test_unsharp_masking_output_type_and_shape[True-0.0-2.0-2.0-int8-shape1-True]" time="0.002" /><testcase classname="src.cucim.skimage.filters.tests.test_unsharp_mask" name="test_unsharp_masking_output_type_and_shape[True-0.0-2.0-2.0-int8-shape2-False]" time="0.002" /><testcase classname="src.cucim.skimage.filters.tests.test_unsharp_mask" name="test_unsharp_masking_output_type_and_shape[True-0.0-2.0-2.0-int8-shape3-True]" time="0.002" /><testcase classname="src.cucim.skimage.filters.tests.test_unsharp_mask" name="test_unsharp_masking_output_type_and_shape[True-0.0-2.0-2.0-int8-shape4-False]" time="0.002" /><testcase classname="src.cucim.skimage.filters.tests.test_unsharp_mask" name="test_unsharp_masking_output_type_and_shape[True-0.0-2.0-2.0-uint16-shape0-False]" time="0.001" /><testcase classname="src.cucim.skimage.filters.tests.test_unsharp_mask" name="test_unsharp_masking_output_type_and_shape[True-0.0-2.0-2.0-uint16-shape1-True]" time="0.002" /><testcase classname="src.cucim.skimage.filters.tests.test_unsharp_mask" name="test_unsharp_masking_output_type_and_shape[True-0.0-2.0-2.0-uint16-shape2-False]" time="0.001" /><testcase classname="src.cucim.skimage.filters.tests.test_unsharp_mask" name="test_unsharp_masking_output_type_and_shape[True-0.0-2.0-2.0-uint16-shape3-True]" time="0.002" /><testcase classname="src.cucim.skimage.filters.tests.test_unsharp_mask" name="test_unsharp_masking_output_type_and_shape[True-0.0-2.0-2.0-uint16-shape4-False]" time="0.002" /><testcase classname="src.cucim.skimage.filters.tests.test_unsharp_mask" name="test_unsharp_masking_output_type_and_shape[True-0.0-2.0-2.0-int16-shape0-False]" time="0.001" /><testcase classname="src.cucim.skimage.filters.tests.test_unsharp_mask" name="test_unsharp_masking_output_type_and_shape[True-0.0-2.0-2.0-int16-shape1-True]" time="0.002" /><testcase classname="src.cucim.skimage.filters.tests.test_unsharp_mask" name="test_unsharp_masking_output_type_and_shape[True-0.0-2.0-2.0-int16-shape2-False]" time="0.001" /><testcase classname="src.cucim.skimage.filters.tests.test_unsharp_mask" name="test_unsharp_masking_output_type_and_shape[True-0.0-2.0-2.0-int16-shape3-True]" time="0.002" /><testcase classname="src.cucim.skimage.filters.tests.test_unsharp_mask" name="test_unsharp_masking_output_type_and_shape[True-0.0-2.0-2.0-int16-shape4-False]" time="0.002" /><testcase classname="src.cucim.skimage.filters.tests.test_unsharp_mask" name="test_unsharp_masking_output_type_and_shape[True-0.0-2.0-2.0-uint32-shape0-False]" time="0.001" /><testcase classname="src.cucim.skimage.filters.tests.test_unsharp_mask" name="test_unsharp_masking_output_type_and_shape[True-0.0-2.0-2.0-uint32-shape1-True]" time="0.002" /><testcase classname="src.cucim.skimage.filters.tests.test_unsharp_mask" name="test_unsharp_masking_output_type_and_shape[True-0.0-2.0-2.0-uint32-shape2-False]" time="0.001" /><testcase classname="src.cucim.skimage.filters.tests.test_unsharp_mask" name="test_unsharp_masking_output_type_and_shape[True-0.0-2.0-2.0-uint32-shape3-True]" time="0.002" /><testcase classname="src.cucim.skimage.filters.tests.test_unsharp_mask" name="test_unsharp_masking_output_type_and_shape[True-0.0-2.0-2.0-uint32-shape4-False]" time="0.002" /><testcase classname="src.cucim.skimage.filters.tests.test_unsharp_mask" name="test_unsharp_masking_output_type_and_shape[True-0.0-2.0-2.0-int32-shape0-False]" time="0.001" /><testcase classname="src.cucim.skimage.filters.tests.test_unsharp_mask" name="test_unsharp_masking_output_type_and_shape[True-0.0-2.0-2.0-int32-shape1-True]" time="0.002" /><testcase classname="src.cucim.skimage.filters.tests.test_unsharp_mask" name="test_unsharp_masking_output_type_and_shape[True-0.0-2.0-2.0-int32-shape2-False]" time="0.001" /><testcase classname="src.cucim.skimage.filters.tests.test_unsharp_mask" name="test_unsharp_masking_output_type_and_shape[True-0.0-2.0-2.0-int32-shape3-True]" time="0.002" /><testcase classname="src.cucim.skimage.filters.tests.test_unsharp_mask" name="test_unsharp_masking_output_type_and_shape[True-0.0-2.0-2.0-int32-shape4-False]" time="0.001" /><testcase classname="src.cucim.skimage.filters.tests.test_unsharp_mask" name="test_unsharp_masking_output_type_and_shape[True-0.0-2.0-2.0-uint64-shape0-False]" time="0.001" /><testcase classname="src.cucim.skimage.filters.tests.test_unsharp_mask" name="test_unsharp_masking_output_type_and_shape[True-0.0-2.0-2.0-uint64-shape1-True]" time="0.002" /><testcase classname="src.cucim.skimage.filters.tests.test_unsharp_mask" name="test_unsharp_masking_output_type_and_shape[True-0.0-2.0-2.0-uint64-shape2-False]" time="0.001" /><testcase classname="src.cucim.skimage.filters.tests.test_unsharp_mask" name="test_unsharp_masking_output_type_and_shape[True-0.0-2.0-2.0-uint64-shape3-True]" time="0.002" /><testcase classname="src.cucim.skimage.filters.tests.test_unsharp_mask" name="test_unsharp_masking_output_type_and_shape[True-0.0-2.0-2.0-uint64-shape4-False]" time="0.002" /><testcase classname="src.cucim.skimage.filters.tests.test_unsharp_mask" name="test_unsharp_masking_output_type_and_shape[True-0.0-2.0-2.0-int64-shape0-False]" time="0.001" /><testcase classname="src.cucim.skimage.filters.tests.test_unsharp_mask" name="test_unsharp_masking_output_type_and_shape[True-0.0-2.0-2.0-int64-shape1-True]" time="0.002" /><testcase classname="src.cucim.skimage.filters.tests.test_unsharp_mask" name="test_unsharp_masking_output_type_and_shape[True-0.0-2.0-2.0-int64-shape2-False]" time="0.001" /><testcase classname="src.cucim.skimage.filters.tests.test_unsharp_mask" name="test_unsharp_masking_output_type_and_shape[True-0.0-2.0-2.0-int64-shape3-True]" time="0.002" /><testcase classname="src.cucim.skimage.filters.tests.test_unsharp_mask" name="test_unsharp_masking_output_type_and_shape[True-0.0-2.0-2.0-int64-shape4-False]" time="0.002" /><testcase classname="src.cucim.skimage.filters.tests.test_unsharp_mask" name="test_unsharp_masking_output_type_and_shape[True-0.0-2.0-2.0-float16-shape0-False]" time="0.001" /><testcase classname="src.cucim.skimage.filters.tests.test_unsharp_mask" name="test_unsharp_masking_output_type_and_shape[True-0.0-2.0-2.0-float16-shape1-True]" time="0.002" /><testcase classname="src.cucim.skimage.filters.tests.test_unsharp_mask" name="test_unsharp_masking_output_type_and_shape[True-0.0-2.0-2.0-float16-shape2-False]" time="0.002" /><testcase classname="src.cucim.skimage.filters.tests.test_unsharp_mask" name="test_unsharp_masking_output_type_and_shape[True-0.0-2.0-2.0-float16-shape3-True]" time="0.002" /><testcase classname="src.cucim.skimage.filters.tests.test_unsharp_mask" name="test_unsharp_masking_output_type_and_shape[True-0.0-2.0-2.0-float16-shape4-False]" time="0.002" /><testcase classname="src.cucim.skimage.filters.tests.test_unsharp_mask" name="test_unsharp_masking_output_type_and_shape[True-0.0-2.0-2.0-float32-shape0-False]" time="0.001" /><testcase classname="src.cucim.skimage.filters.tests.test_unsharp_mask" name="test_unsharp_masking_output_type_and_shape[True-0.0-2.0-2.0-float32-shape1-True]" time="0.002" /><testcase classname="src.cucim.skimage.filters.tests.test_unsharp_mask" name="test_unsharp_masking_output_type_and_shape[True-0.0-2.0-2.0-float32-shape2-False]" time="0.001" /><testcase classname="src.cucim.skimage.filters.tests.test_unsharp_mask" name="test_unsharp_masking_output_type_and_shape[True-0.0-2.0-2.0-float32-shape3-True]" time="0.002" /><testcase classname="src.cucim.skimage.filters.tests.test_unsharp_mask" name="test_unsharp_masking_output_type_and_shape[True-0.0-2.0-2.0-float32-shape4-False]" time="0.002" /><testcase classname="src.cucim.skimage.filters.tests.test_unsharp_mask" name="test_unsharp_masking_output_type_and_shape[True-0.0-2.0-2.0-float64-shape0-False]" time="0.001" /><testcase classname="src.cucim.skimage.filters.tests.test_unsharp_mask" name="test_unsharp_masking_output_type_and_shape[True-0.0-2.0-2.0-float64-shape1-True]" time="0.002" /><testcase classname="src.cucim.skimage.filters.tests.test_unsharp_mask" name="test_unsharp_masking_output_type_and_shape[True-0.0-2.0-2.0-float64-shape2-False]" time="0.001" /><testcase classname="src.cucim.skimage.filters.tests.test_unsharp_mask" name="test_unsharp_masking_output_type_and_shape[True-0.0-2.0-2.0-float64-shape3-True]" time="0.002" /><testcase classname="src.cucim.skimage.filters.tests.test_unsharp_mask" name="test_unsharp_masking_output_type_and_shape[True-0.0-2.0-2.0-float64-shape4-False]" time="0.002" /><testcase classname="src.cucim.skimage.filters.tests.test_unsharp_mask" name="test_unsharp_masking_output_type_and_shape[True-0.0--1.0-0-uint8-shape0-False]" time="0.001" /><testcase classname="src.cucim.skimage.filters.tests.test_unsharp_mask" name="test_unsharp_masking_output_type_and_shape[True-0.0--1.0-0-uint8-shape1-True]" time="0.002" /><testcase classname="src.cucim.skimage.filters.tests.test_unsharp_mask" name="test_unsharp_masking_output_type_and_shape[True-0.0--1.0-0-uint8-shape2-False]" time="0.001" /><testcase classname="src.cucim.skimage.filters.tests.test_unsharp_mask" name="test_unsharp_masking_output_type_and_shape[True-0.0--1.0-0-uint8-shape3-True]" time="0.002" /><testcase classname="src.cucim.skimage.filters.tests.test_unsharp_mask" name="test_unsharp_masking_output_type_and_shape[True-0.0--1.0-0-uint8-shape4-False]" time="0.001" /><testcase classname="src.cucim.skimage.filters.tests.test_unsharp_mask" name="test_unsharp_masking_output_type_and_shape[True-0.0--1.0-0-int8-shape0-False]" time="0.001" /><testcase classname="src.cucim.skimage.filters.tests.test_unsharp_mask" name="test_unsharp_masking_output_type_and_shape[True-0.0--1.0-0-int8-shape1-True]" time="0.001" /><testcase classname="src.cucim.skimage.filters.tests.test_unsharp_mask" name="test_unsharp_masking_output_type_and_shape[True-0.0--1.0-0-int8-shape2-False]" time="0.001" /><testcase classname="src.cucim.skimage.filters.tests.test_unsharp_mask" name="test_unsharp_masking_output_type_and_shape[True-0.0--1.0-0-int8-shape3-True]" time="0.001" /><testcase classname="src.cucim.skimage.filters.tests.test_unsharp_mask" name="test_unsharp_masking_output_type_and_shape[True-0.0--1.0-0-int8-shape4-False]" time="0.001" /><testcase classname="src.cucim.skimage.filters.tests.test_unsharp_mask" name="test_unsharp_masking_output_type_and_shape[True-0.0--1.0-0-uint16-shape0-False]" time="0.001" /><testcase classname="src.cucim.skimage.filters.tests.test_unsharp_mask" name="test_unsharp_masking_output_type_and_shape[True-0.0--1.0-0-uint16-shape1-True]" time="0.001" /><testcase classname="src.cucim.skimage.filters.tests.test_unsharp_mask" name="test_unsharp_masking_output_type_and_shape[True-0.0--1.0-0-uint16-shape2-False]" time="0.001" /><testcase classname="src.cucim.skimage.filters.tests.test_unsharp_mask" name="test_unsharp_masking_output_type_and_shape[True-0.0--1.0-0-uint16-shape3-True]" time="0.001" /><testcase classname="src.cucim.skimage.filters.tests.test_unsharp_mask" name="test_unsharp_masking_output_type_and_shape[True-0.0--1.0-0-uint16-shape4-False]" time="0.001" /><testcase classname="src.cucim.skimage.filters.tests.test_unsharp_mask" name="test_unsharp_masking_output_type_and_shape[True-0.0--1.0-0-int16-shape0-False]" time="0.001" /><testcase classname="src.cucim.skimage.filters.tests.test_unsharp_mask" name="test_unsharp_masking_output_type_and_shape[True-0.0--1.0-0-int16-shape1-True]" time="0.001" /><testcase classname="src.cucim.skimage.filters.tests.test_unsharp_mask" name="test_unsharp_masking_output_type_and_shape[True-0.0--1.0-0-int16-shape2-False]" time="0.001" /><testcase classname="src.cucim.skimage.filters.tests.test_unsharp_mask" name="test_unsharp_masking_output_type_and_shape[True-0.0--1.0-0-int16-shape3-True]" time="0.001" /><testcase classname="src.cucim.skimage.filters.tests.test_unsharp_mask" name="test_unsharp_masking_output_type_and_shape[True-0.0--1.0-0-int16-shape4-False]" time="0.001" /><testcase classname="src.cucim.skimage.filters.tests.test_unsharp_mask" name="test_unsharp_masking_output_type_and_shape[True-0.0--1.0-0-uint32-shape0-False]" time="0.001" /><testcase classname="src.cucim.skimage.filters.tests.test_unsharp_mask" name="test_unsharp_masking_output_type_and_shape[True-0.0--1.0-0-uint32-shape1-True]" time="0.001" /><testcase classname="src.cucim.skimage.filters.tests.test_unsharp_mask" name="test_unsharp_masking_output_type_and_shape[True-0.0--1.0-0-uint32-shape2-False]" time="0.001" /><testcase classname="src.cucim.skimage.filters.tests.test_unsharp_mask" name="test_unsharp_masking_output_type_and_shape[True-0.0--1.0-0-uint32-shape3-True]" time="0.001" /><testcase classname="src.cucim.skimage.filters.tests.test_unsharp_mask" name="test_unsharp_masking_output_type_and_shape[True-0.0--1.0-0-uint32-shape4-False]" time="0.001" /><testcase classname="src.cucim.skimage.filters.tests.test_unsharp_mask" name="test_unsharp_masking_output_type_and_shape[True-0.0--1.0-0-int32-shape0-False]" time="0.001" /><testcase classname="src.cucim.skimage.filters.tests.test_unsharp_mask" name="test_unsharp_masking_output_type_and_shape[True-0.0--1.0-0-int32-shape1-True]" time="0.001" /><testcase classname="src.cucim.skimage.filters.tests.test_unsharp_mask" name="test_unsharp_masking_output_type_and_shape[True-0.0--1.0-0-int32-shape2-False]" time="0.001" /><testcase classname="src.cucim.skimage.filters.tests.test_unsharp_mask" name="test_unsharp_masking_output_type_and_shape[True-0.0--1.0-0-int32-shape3-True]" time="0.001" /><testcase classname="src.cucim.skimage.filters.tests.test_unsharp_mask" name="test_unsharp_masking_output_type_and_shape[True-0.0--1.0-0-int32-shape4-False]" time="0.001" /><testcase classname="src.cucim.skimage.filters.tests.test_unsharp_mask" name="test_unsharp_masking_output_type_and_shape[True-0.0--1.0-0-uint64-shape0-False]" time="0.001" /><testcase classname="src.cucim.skimage.filters.tests.test_unsharp_mask" name="test_unsharp_masking_output_type_and_shape[True-0.0--1.0-0-uint64-shape1-True]" time="0.001" /><testcase classname="src.cucim.skimage.filters.tests.test_unsharp_mask" name="test_unsharp_masking_output_type_and_shape[True-0.0--1.0-0-uint64-shape2-False]" time="0.001" /><testcase classname="src.cucim.skimage.filters.tests.test_unsharp_mask" name="test_unsharp_masking_output_type_and_shape[True-0.0--1.0-0-uint64-shape3-True]" time="0.001" /><testcase classname="src.cucim.skimage.filters.tests.test_unsharp_mask" name="test_unsharp_masking_output_type_and_shape[True-0.0--1.0-0-uint64-shape4-False]" time="0.001" /><testcase classname="src.cucim.skimage.filters.tests.test_unsharp_mask" name="test_unsharp_masking_output_type_and_shape[True-0.0--1.0-0-int64-shape0-False]" time="0.002" /><testcase classname="src.cucim.skimage.filters.tests.test_unsharp_mask" name="test_unsharp_masking_output_type_and_shape[True-0.0--1.0-0-int64-shape1-True]" time="0.001" /><testcase classname="src.cucim.skimage.filters.tests.test_unsharp_mask" name="test_unsharp_masking_output_type_and_shape[True-0.0--1.0-0-int64-shape2-False]" time="0.001" /><testcase classname="src.cucim.skimage.filters.tests.test_unsharp_mask" name="test_unsharp_masking_output_type_and_shape[True-0.0--1.0-0-int64-shape3-True]" time="0.001" /><testcase classname="src.cucim.skimage.filters.tests.test_unsharp_mask" name="test_unsharp_masking_output_type_and_shape[True-0.0--1.0-0-int64-shape4-False]" time="0.001" /><testcase classname="src.cucim.skimage.filters.tests.test_unsharp_mask" name="test_unsharp_masking_output_type_and_shape[True-0.0--1.0-0-float16-shape0-False]" time="0.001" /><testcase classname="src.cucim.skimage.filters.tests.test_unsharp_mask" name="test_unsharp_masking_output_type_and_shape[True-0.0--1.0-0-float16-shape1-True]" time="0.001" /><testcase classname="src.cucim.skimage.filters.tests.test_unsharp_mask" name="test_unsharp_masking_output_type_and_shape[True-0.0--1.0-0-float16-shape2-False]" time="0.001" /><testcase classname="src.cucim.skimage.filters.tests.test_unsharp_mask" name="test_unsharp_masking_output_type_and_shape[True-0.0--1.0-0-float16-shape3-True]" time="0.001" /><testcase classname="src.cucim.skimage.filters.tests.test_unsharp_mask" name="test_unsharp_masking_output_type_and_shape[True-0.0--1.0-0-float16-shape4-False]" time="0.001" /><testcase classname="src.cucim.skimage.filters.tests.test_unsharp_mask" name="test_unsharp_masking_output_type_and_shape[True-0.0--1.0-0-float32-shape0-False]" time="0.001" /><testcase classname="src.cucim.skimage.filters.tests.test_unsharp_mask" name="test_unsharp_masking_output_type_and_shape[True-0.0--1.0-0-float32-shape1-True]" time="0.001" /><testcase classname="src.cucim.skimage.filters.tests.test_unsharp_mask" name="test_unsharp_masking_output_type_and_shape[True-0.0--1.0-0-float32-shape2-False]" time="0.001" /><testcase classname="src.cucim.skimage.filters.tests.test_unsharp_mask" name="test_unsharp_masking_output_type_and_shape[True-0.0--1.0-0-float32-shape3-True]" time="0.001" /><testcase classname="src.cucim.skimage.filters.tests.test_unsharp_mask" name="test_unsharp_masking_output_type_and_shape[True-0.0--1.0-0-float32-shape4-False]" time="0.001" /><testcase classname="src.cucim.skimage.filters.tests.test_unsharp_mask" name="test_unsharp_masking_output_type_and_shape[True-0.0--1.0-0-float64-shape0-False]" time="0.001" /><testcase classname="src.cucim.skimage.filters.tests.test_unsharp_mask" name="test_unsharp_masking_output_type_and_shape[True-0.0--1.0-0-float64-shape1-True]" time="0.001" /><testcase classname="src.cucim.skimage.filters.tests.test_unsharp_mask" name="test_unsharp_masking_output_type_and_shape[True-0.0--1.0-0-float64-shape2-False]" time="0.001" /><testcase classname="src.cucim.skimage.filters.tests.test_unsharp_mask" name="test_unsharp_masking_output_type_and_shape[True-0.0--1.0-0-float64-shape3-True]" time="0.001" /><testcase classname="src.cucim.skimage.filters.tests.test_unsharp_mask" name="test_unsharp_masking_output_type_and_shape[True-0.0--1.0-0-float64-shape4-False]" time="0.001" /><testcase classname="src.cucim.skimage.filters.tests.test_unsharp_mask" name="test_unsharp_masking_output_type_and_shape[True-0.0--1.0-0.1-uint8-shape0-False]" time="0.001" /><testcase classname="src.cucim.skimage.filters.tests.test_unsharp_mask" name="test_unsharp_masking_output_type_and_shape[True-0.0--1.0-0.1-uint8-shape1-True]" time="0.002" /><testcase classname="src.cucim.skimage.filters.tests.test_unsharp_mask" name="test_unsharp_masking_output_type_and_shape[True-0.0--1.0-0.1-uint8-shape2-False]" time="0.001" /><testcase classname="src.cucim.skimage.filters.tests.test_unsharp_mask" name="test_unsharp_masking_output_type_and_shape[True-0.0--1.0-0.1-uint8-shape3-True]" time="0.001" /><testcase classname="src.cucim.skimage.filters.tests.test_unsharp_mask" name="test_unsharp_masking_output_type_and_shape[True-0.0--1.0-0.1-uint8-shape4-False]" time="0.001" /><testcase classname="src.cucim.skimage.filters.tests.test_unsharp_mask" name="test_unsharp_masking_output_type_and_shape[True-0.0--1.0-0.1-int8-shape0-False]" time="0.001" /><testcase classname="src.cucim.skimage.filters.tests.test_unsharp_mask" name="test_unsharp_masking_output_type_and_shape[True-0.0--1.0-0.1-int8-shape1-True]" time="0.002" /><testcase classname="src.cucim.skimage.filters.tests.test_unsharp_mask" name="test_unsharp_masking_output_type_and_shape[True-0.0--1.0-0.1-int8-shape2-False]" time="0.001" /><testcase classname="src.cucim.skimage.filters.tests.test_unsharp_mask" name="test_unsharp_masking_output_type_and_shape[True-0.0--1.0-0.1-int8-shape3-True]" time="0.001" /><testcase classname="src.cucim.skimage.filters.tests.test_unsharp_mask" name="test_unsharp_masking_output_type_and_shape[True-0.0--1.0-0.1-int8-shape4-False]" time="0.001" /><testcase classname="src.cucim.skimage.filters.tests.test_unsharp_mask" name="test_unsharp_masking_output_type_and_shape[True-0.0--1.0-0.1-uint16-shape0-False]" time="0.001" /><testcase classname="src.cucim.skimage.filters.tests.test_unsharp_mask" name="test_unsharp_masking_output_type_and_shape[True-0.0--1.0-0.1-uint16-shape1-True]" time="0.002" /><testcase classname="src.cucim.skimage.filters.tests.test_unsharp_mask" name="test_unsharp_masking_output_type_and_shape[True-0.0--1.0-0.1-uint16-shape2-False]" time="0.001" /><testcase classname="src.cucim.skimage.filters.tests.test_unsharp_mask" name="test_unsharp_masking_output_type_and_shape[True-0.0--1.0-0.1-uint16-shape3-True]" time="0.001" /><testcase classname="src.cucim.skimage.filters.tests.test_unsharp_mask" name="test_unsharp_masking_output_type_and_shape[True-0.0--1.0-0.1-uint16-shape4-False]" time="0.001" /><testcase classname="src.cucim.skimage.filters.tests.test_unsharp_mask" name="test_unsharp_masking_output_type_and_shape[True-0.0--1.0-0.1-int16-shape0-False]" time="0.001" /><testcase classname="src.cucim.skimage.filters.tests.test_unsharp_mask" name="test_unsharp_masking_output_type_and_shape[True-0.0--1.0-0.1-int16-shape1-True]" time="0.002" /><testcase classname="src.cucim.skimage.filters.tests.test_unsharp_mask" name="test_unsharp_masking_output_type_and_shape[True-0.0--1.0-0.1-int16-shape2-False]" time="0.001" /><testcase classname="src.cucim.skimage.filters.tests.test_unsharp_mask" name="test_unsharp_masking_output_type_and_shape[True-0.0--1.0-0.1-int16-shape3-True]" time="0.001" /><testcase classname="src.cucim.skimage.filters.tests.test_unsharp_mask" name="test_unsharp_masking_output_type_and_shape[True-0.0--1.0-0.1-int16-shape4-False]" time="0.001" /><testcase classname="src.cucim.skimage.filters.tests.test_unsharp_mask" name="test_unsharp_masking_output_type_and_shape[True-0.0--1.0-0.1-uint32-shape0-False]" time="0.001" /><testcase classname="src.cucim.skimage.filters.tests.test_unsharp_mask" name="test_unsharp_masking_output_type_and_shape[True-0.0--1.0-0.1-uint32-shape1-True]" time="0.001" /><testcase classname="src.cucim.skimage.filters.tests.test_unsharp_mask" name="test_unsharp_masking_output_type_and_shape[True-0.0--1.0-0.1-uint32-shape2-False]" time="0.001" /><testcase classname="src.cucim.skimage.filters.tests.test_unsharp_mask" name="test_unsharp_masking_output_type_and_shape[True-0.0--1.0-0.1-uint32-shape3-True]" time="0.001" /><testcase classname="src.cucim.skimage.filters.tests.test_unsharp_mask" name="test_unsharp_masking_output_type_and_shape[True-0.0--1.0-0.1-uint32-shape4-False]" time="0.001" /><testcase classname="src.cucim.skimage.filters.tests.test_unsharp_mask" name="test_unsharp_masking_output_type_and_shape[True-0.0--1.0-0.1-int32-shape0-False]" time="0.001" /><testcase classname="src.cucim.skimage.filters.tests.test_unsharp_mask" name="test_unsharp_masking_output_type_and_shape[True-0.0--1.0-0.1-int32-shape1-True]" time="0.002" /><testcase classname="src.cucim.skimage.filters.tests.test_unsharp_mask" name="test_unsharp_masking_output_type_and_shape[True-0.0--1.0-0.1-int32-shape2-False]" time="0.001" /><testcase classname="src.cucim.skimage.filters.tests.test_unsharp_mask" name="test_unsharp_masking_output_type_and_shape[True-0.0--1.0-0.1-int32-shape3-True]" time="0.002" /><testcase classname="src.cucim.skimage.filters.tests.test_unsharp_mask" name="test_unsharp_masking_output_type_and_shape[True-0.0--1.0-0.1-int32-shape4-False]" time="0.001" /><testcase classname="src.cucim.skimage.filters.tests.test_unsharp_mask" name="test_unsharp_masking_output_type_and_shape[True-0.0--1.0-0.1-uint64-shape0-False]" time="0.001" /><testcase classname="src.cucim.skimage.filters.tests.test_unsharp_mask" name="test_unsharp_masking_output_type_and_shape[True-0.0--1.0-0.1-uint64-shape1-True]" time="0.002" /><testcase classname="src.cucim.skimage.filters.tests.test_unsharp_mask" name="test_unsharp_masking_output_type_and_shape[True-0.0--1.0-0.1-uint64-shape2-False]" time="0.001" /><testcase classname="src.cucim.skimage.filters.tests.test_unsharp_mask" name="test_unsharp_masking_output_type_and_shape[True-0.0--1.0-0.1-uint64-shape3-True]" time="0.002" /><testcase classname="src.cucim.skimage.filters.tests.test_unsharp_mask" name="test_unsharp_masking_output_type_and_shape[True-0.0--1.0-0.1-uint64-shape4-False]" time="0.001" /><testcase classname="src.cucim.skimage.filters.tests.test_unsharp_mask" name="test_unsharp_masking_output_type_and_shape[True-0.0--1.0-0.1-int64-shape0-False]" time="0.001" /><testcase classname="src.cucim.skimage.filters.tests.test_unsharp_mask" name="test_unsharp_masking_output_type_and_shape[True-0.0--1.0-0.1-int64-shape1-True]" time="0.002" /><testcase classname="src.cucim.skimage.filters.tests.test_unsharp_mask" name="test_unsharp_masking_output_type_and_shape[True-0.0--1.0-0.1-int64-shape2-False]" time="0.001" /><testcase classname="src.cucim.skimage.filters.tests.test_unsharp_mask" name="test_unsharp_masking_output_type_and_shape[True-0.0--1.0-0.1-int64-shape3-True]" time="0.001" /><testcase classname="src.cucim.skimage.filters.tests.test_unsharp_mask" name="test_unsharp_masking_output_type_and_shape[True-0.0--1.0-0.1-int64-shape4-False]" time="0.001" /><testcase classname="src.cucim.skimage.filters.tests.test_unsharp_mask" name="test_unsharp_masking_output_type_and_shape[True-0.0--1.0-0.1-float16-shape0-False]" time="0.001" /><testcase classname="src.cucim.skimage.filters.tests.test_unsharp_mask" name="test_unsharp_masking_output_type_and_shape[True-0.0--1.0-0.1-float16-shape1-True]" time="0.001" /><testcase classname="src.cucim.skimage.filters.tests.test_unsharp_mask" name="test_unsharp_masking_output_type_and_shape[True-0.0--1.0-0.1-float16-shape2-False]" time="0.001" /><testcase classname="src.cucim.skimage.filters.tests.test_unsharp_mask" name="test_unsharp_masking_output_type_and_shape[True-0.0--1.0-0.1-float16-shape3-True]" time="0.002" /><testcase classname="src.cucim.skimage.filters.tests.test_unsharp_mask" name="test_unsharp_masking_output_type_and_shape[True-0.0--1.0-0.1-float16-shape4-False]" time="0.001" /><testcase classname="src.cucim.skimage.filters.tests.test_unsharp_mask" name="test_unsharp_masking_output_type_and_shape[True-0.0--1.0-0.1-float32-shape0-False]" time="0.001" /><testcase classname="src.cucim.skimage.filters.tests.test_unsharp_mask" name="test_unsharp_masking_output_type_and_shape[True-0.0--1.0-0.1-float32-shape1-True]" time="0.001" /><testcase classname="src.cucim.skimage.filters.tests.test_unsharp_mask" name="test_unsharp_masking_output_type_and_shape[True-0.0--1.0-0.1-float32-shape2-False]" time="0.001" /><testcase classname="src.cucim.skimage.filters.tests.test_unsharp_mask" name="test_unsharp_masking_output_type_and_shape[True-0.0--1.0-0.1-float32-shape3-True]" time="0.001" /><testcase classname="src.cucim.skimage.filters.tests.test_unsharp_mask" name="test_unsharp_masking_output_type_and_shape[True-0.0--1.0-0.1-float32-shape4-False]" time="0.001" /><testcase classname="src.cucim.skimage.filters.tests.test_unsharp_mask" name="test_unsharp_masking_output_type_and_shape[True-0.0--1.0-0.1-float64-shape0-False]" time="0.001" /><testcase classname="src.cucim.skimage.filters.tests.test_unsharp_mask" name="test_unsharp_masking_output_type_and_shape[True-0.0--1.0-0.1-float64-shape1-True]" time="0.001" /><testcase classname="src.cucim.skimage.filters.tests.test_unsharp_mask" name="test_unsharp_masking_output_type_and_shape[True-0.0--1.0-0.1-float64-shape2-False]" time="0.001" /><testcase classname="src.cucim.skimage.filters.tests.test_unsharp_mask" name="test_unsharp_masking_output_type_and_shape[True-0.0--1.0-0.1-float64-shape3-True]" time="0.001" /><testcase classname="src.cucim.skimage.filters.tests.test_unsharp_mask" name="test_unsharp_masking_output_type_and_shape[True-0.0--1.0-0.1-float64-shape4-False]" time="0.001" /><testcase classname="src.cucim.skimage.filters.tests.test_unsharp_mask" name="test_unsharp_masking_output_type_and_shape[True-0.0--1.0-2.0-uint8-shape0-False]" time="0.001" /><testcase classname="src.cucim.skimage.filters.tests.test_unsharp_mask" name="test_unsharp_masking_output_type_and_shape[True-0.0--1.0-2.0-uint8-shape1-True]" time="0.002" /><testcase classname="src.cucim.skimage.filters.tests.test_unsharp_mask" name="test_unsharp_masking_output_type_and_shape[True-0.0--1.0-2.0-uint8-shape2-False]" time="0.002" /><testcase classname="src.cucim.skimage.filters.tests.test_unsharp_mask" name="test_unsharp_masking_output_type_and_shape[True-0.0--1.0-2.0-uint8-shape3-True]" time="0.002" /><testcase classname="src.cucim.skimage.filters.tests.test_unsharp_mask" name="test_unsharp_masking_output_type_and_shape[True-0.0--1.0-2.0-uint8-shape4-False]" time="0.002" /><testcase classname="src.cucim.skimage.filters.tests.test_unsharp_mask" name="test_unsharp_masking_output_type_and_shape[True-0.0--1.0-2.0-int8-shape0-False]" time="0.001" /><testcase classname="src.cucim.skimage.filters.tests.test_unsharp_mask" name="test_unsharp_masking_output_type_and_shape[True-0.0--1.0-2.0-int8-shape1-True]" time="0.002" /><testcase classname="src.cucim.skimage.filters.tests.test_unsharp_mask" name="test_unsharp_masking_output_type_and_shape[True-0.0--1.0-2.0-int8-shape2-False]" time="0.001" /><testcase classname="src.cucim.skimage.filters.tests.test_unsharp_mask" name="test_unsharp_masking_output_type_and_shape[True-0.0--1.0-2.0-int8-shape3-True]" time="0.002" /><testcase classname="src.cucim.skimage.filters.tests.test_unsharp_mask" name="test_unsharp_masking_output_type_and_shape[True-0.0--1.0-2.0-int8-shape4-False]" time="0.002" /><testcase classname="src.cucim.skimage.filters.tests.test_unsharp_mask" name="test_unsharp_masking_output_type_and_shape[True-0.0--1.0-2.0-uint16-shape0-False]" time="0.001" /><testcase classname="src.cucim.skimage.filters.tests.test_unsharp_mask" name="test_unsharp_masking_output_type_and_shape[True-0.0--1.0-2.0-uint16-shape1-True]" time="0.002" /><testcase classname="src.cucim.skimage.filters.tests.test_unsharp_mask" name="test_unsharp_masking_output_type_and_shape[True-0.0--1.0-2.0-uint16-shape2-False]" time="0.001" /><testcase classname="src.cucim.skimage.filters.tests.test_unsharp_mask" name="test_unsharp_masking_output_type_and_shape[True-0.0--1.0-2.0-uint16-shape3-True]" time="0.002" /><testcase classname="src.cucim.skimage.filters.tests.test_unsharp_mask" name="test_unsharp_masking_output_type_and_shape[True-0.0--1.0-2.0-uint16-shape4-False]" time="0.002" /><testcase classname="src.cucim.skimage.filters.tests.test_unsharp_mask" name="test_unsharp_masking_output_type_and_shape[True-0.0--1.0-2.0-int16-shape0-False]" time="0.001" /><testcase classname="src.cucim.skimage.filters.tests.test_unsharp_mask" name="test_unsharp_masking_output_type_and_shape[True-0.0--1.0-2.0-int16-shape1-True]" time="0.002" /><testcase classname="src.cucim.skimage.filters.tests.test_unsharp_mask" name="test_unsharp_masking_output_type_and_shape[True-0.0--1.0-2.0-int16-shape2-False]" time="0.001" /><testcase classname="src.cucim.skimage.filters.tests.test_unsharp_mask" name="test_unsharp_masking_output_type_and_shape[True-0.0--1.0-2.0-int16-shape3-True]" time="0.002" /><testcase classname="src.cucim.skimage.filters.tests.test_unsharp_mask" name="test_unsharp_masking_output_type_and_shape[True-0.0--1.0-2.0-int16-shape4-False]" time="0.002" /><testcase classname="src.cucim.skimage.filters.tests.test_unsharp_mask" name="test_unsharp_masking_output_type_and_shape[True-0.0--1.0-2.0-uint32-shape0-False]" time="0.001" /><testcase classname="src.cucim.skimage.filters.tests.test_unsharp_mask" name="test_unsharp_masking_output_type_and_shape[True-0.0--1.0-2.0-uint32-shape1-True]" time="0.002" /><testcase classname="src.cucim.skimage.filters.tests.test_unsharp_mask" name="test_unsharp_masking_output_type_and_shape[True-0.0--1.0-2.0-uint32-shape2-False]" time="0.002" /><testcase classname="src.cucim.skimage.filters.tests.test_unsharp_mask" name="test_unsharp_masking_output_type_and_shape[True-0.0--1.0-2.0-uint32-shape3-True]" time="0.002" /><testcase classname="src.cucim.skimage.filters.tests.test_unsharp_mask" name="test_unsharp_masking_output_type_and_shape[True-0.0--1.0-2.0-uint32-shape4-False]" time="0.002" /><testcase classname="src.cucim.skimage.filters.tests.test_unsharp_mask" name="test_unsharp_masking_output_type_and_shape[True-0.0--1.0-2.0-int32-shape0-False]" time="0.001" /><testcase classname="src.cucim.skimage.filters.tests.test_unsharp_mask" name="test_unsharp_masking_output_type_and_shape[True-0.0--1.0-2.0-int32-shape1-True]" time="0.002" /><testcase classname="src.cucim.skimage.filters.tests.test_unsharp_mask" name="test_unsharp_masking_output_type_and_shape[True-0.0--1.0-2.0-int32-shape2-False]" time="0.002" /><testcase classname="src.cucim.skimage.filters.tests.test_unsharp_mask" name="test_unsharp_masking_output_type_and_shape[True-0.0--1.0-2.0-int32-shape3-True]" time="0.002" /><testcase classname="src.cucim.skimage.filters.tests.test_unsharp_mask" name="test_unsharp_masking_output_type_and_shape[True-0.0--1.0-2.0-int32-shape4-False]" time="0.002" /><testcase classname="src.cucim.skimage.filters.tests.test_unsharp_mask" name="test_unsharp_masking_output_type_and_shape[True-0.0--1.0-2.0-uint64-shape0-False]" time="0.001" /><testcase classname="src.cucim.skimage.filters.tests.test_unsharp_mask" name="test_unsharp_masking_output_type_and_shape[True-0.0--1.0-2.0-uint64-shape1-True]" time="0.002" /><testcase classname="src.cucim.skimage.filters.tests.test_unsharp_mask" name="test_unsharp_masking_output_type_and_shape[True-0.0--1.0-2.0-uint64-shape2-False]" time="0.001" /><testcase classname="src.cucim.skimage.filters.tests.test_unsharp_mask" name="test_unsharp_masking_output_type_and_shape[True-0.0--1.0-2.0-uint64-shape3-True]" time="0.002" /><testcase classname="src.cucim.skimage.filters.tests.test_unsharp_mask" name="test_unsharp_masking_output_type_and_shape[True-0.0--1.0-2.0-uint64-shape4-False]" time="0.002" /><testcase classname="src.cucim.skimage.filters.tests.test_unsharp_mask" name="test_unsharp_masking_output_type_and_shape[True-0.0--1.0-2.0-int64-shape0-False]" time="0.001" /><testcase classname="src.cucim.skimage.filters.tests.test_unsharp_mask" name="test_unsharp_masking_output_type_and_shape[True-0.0--1.0-2.0-int64-shape1-True]" time="0.002" /><testcase classname="src.cucim.skimage.filters.tests.test_unsharp_mask" name="test_unsharp_masking_output_type_and_shape[True-0.0--1.0-2.0-int64-shape2-False]" time="0.001" /><testcase classname="src.cucim.skimage.filters.tests.test_unsharp_mask" name="test_unsharp_masking_output_type_and_shape[True-0.0--1.0-2.0-int64-shape3-True]" time="0.002" /><testcase classname="src.cucim.skimage.filters.tests.test_unsharp_mask" name="test_unsharp_masking_output_type_and_shape[True-0.0--1.0-2.0-int64-shape4-False]" time="0.002" /><testcase classname="src.cucim.skimage.filters.tests.test_unsharp_mask" name="test_unsharp_masking_output_type_and_shape[True-0.0--1.0-2.0-float16-shape0-False]" time="0.001" /><testcase classname="src.cucim.skimage.filters.tests.test_unsharp_mask" name="test_unsharp_masking_output_type_and_shape[True-0.0--1.0-2.0-float16-shape1-True]" time="0.002" /><testcase classname="src.cucim.skimage.filters.tests.test_unsharp_mask" name="test_unsharp_masking_output_type_and_shape[True-0.0--1.0-2.0-float16-shape2-False]" time="0.001" /><testcase classname="src.cucim.skimage.filters.tests.test_unsharp_mask" name="test_unsharp_masking_output_type_and_shape[True-0.0--1.0-2.0-float16-shape3-True]" time="0.002" /><testcase classname="src.cucim.skimage.filters.tests.test_unsharp_mask" name="test_unsharp_masking_output_type_and_shape[True-0.0--1.0-2.0-float16-shape4-False]" time="0.002" /><testcase classname="src.cucim.skimage.filters.tests.test_unsharp_mask" name="test_unsharp_masking_output_type_and_shape[True-0.0--1.0-2.0-float32-shape0-False]" time="0.001" /><testcase classname="src.cucim.skimage.filters.tests.test_unsharp_mask" name="test_unsharp_masking_output_type_and_shape[True-0.0--1.0-2.0-float32-shape1-True]" time="0.002" /><testcase classname="src.cucim.skimage.filters.tests.test_unsharp_mask" name="test_unsharp_masking_output_type_and_shape[True-0.0--1.0-2.0-float32-shape2-False]" time="0.001" /><testcase classname="src.cucim.skimage.filters.tests.test_unsharp_mask" name="test_unsharp_masking_output_type_and_shape[True-0.0--1.0-2.0-float32-shape3-True]" time="0.002" /><testcase classname="src.cucim.skimage.filters.tests.test_unsharp_mask" name="test_unsharp_masking_output_type_and_shape[True-0.0--1.0-2.0-float32-shape4-False]" time="0.001" /><testcase classname="src.cucim.skimage.filters.tests.test_unsharp_mask" name="test_unsharp_masking_output_type_and_shape[True-0.0--1.0-2.0-float64-shape0-False]" time="0.001" /><testcase classname="src.cucim.skimage.filters.tests.test_unsharp_mask" name="test_unsharp_masking_output_type_and_shape[True-0.0--1.0-2.0-float64-shape1-True]" time="0.002" /><testcase classname="src.cucim.skimage.filters.tests.test_unsharp_mask" name="test_unsharp_masking_output_type_and_shape[True-0.0--1.0-2.0-float64-shape2-False]" time="0.001" /><testcase classname="src.cucim.skimage.filters.tests.test_unsharp_mask" name="test_unsharp_masking_output_type_and_shape[True-0.0--1.0-2.0-float64-shape3-True]" time="0.002" /><testcase classname="src.cucim.skimage.filters.tests.test_unsharp_mask" name="test_unsharp_masking_output_type_and_shape[True-0.0--1.0-2.0-float64-shape4-False]" time="0.002" /><testcase classname="src.cucim.skimage.filters.tests.test_unsharp_mask" name="test_unsharp_masking_output_type_and_shape[True-1.0-0.0-0-uint8-shape0-False]" time="0.001" /><testcase classname="src.cucim.skimage.filters.tests.test_unsharp_mask" name="test_unsharp_masking_output_type_and_shape[True-1.0-0.0-0-uint8-shape1-True]" time="0.001" /><testcase classname="src.cucim.skimage.filters.tests.test_unsharp_mask" name="test_unsharp_masking_output_type_and_shape[True-1.0-0.0-0-uint8-shape2-False]" time="0.001" /><testcase classname="src.cucim.skimage.filters.tests.test_unsharp_mask" name="test_unsharp_masking_output_type_and_shape[True-1.0-0.0-0-uint8-shape3-True]" time="0.001" /><testcase classname="src.cucim.skimage.filters.tests.test_unsharp_mask" name="test_unsharp_masking_output_type_and_shape[True-1.0-0.0-0-uint8-shape4-False]" time="0.001" /><testcase classname="src.cucim.skimage.filters.tests.test_unsharp_mask" name="test_unsharp_masking_output_type_and_shape[True-1.0-0.0-0-int8-shape0-False]" time="0.001" /><testcase classname="src.cucim.skimage.filters.tests.test_unsharp_mask" name="test_unsharp_masking_output_type_and_shape[True-1.0-0.0-0-int8-shape1-True]" time="0.001" /><testcase classname="src.cucim.skimage.filters.tests.test_unsharp_mask" name="test_unsharp_masking_output_type_and_shape[True-1.0-0.0-0-int8-shape2-False]" time="0.001" /><testcase classname="src.cucim.skimage.filters.tests.test_unsharp_mask" name="test_unsharp_masking_output_type_and_shape[True-1.0-0.0-0-int8-shape3-True]" time="0.001" /><testcase classname="src.cucim.skimage.filters.tests.test_unsharp_mask" name="test_unsharp_masking_output_type_and_shape[True-1.0-0.0-0-int8-shape4-False]" time="0.001" /><testcase classname="src.cucim.skimage.filters.tests.test_unsharp_mask" name="test_unsharp_masking_output_type_and_shape[True-1.0-0.0-0-uint16-shape0-False]" time="0.001" /><testcase classname="src.cucim.skimage.filters.tests.test_unsharp_mask" name="test_unsharp_masking_output_type_and_shape[True-1.0-0.0-0-uint16-shape1-True]" time="0.001" /><testcase classname="src.cucim.skimage.filters.tests.test_unsharp_mask" name="test_unsharp_masking_output_type_and_shape[True-1.0-0.0-0-uint16-shape2-False]" time="0.001" /><testcase classname="src.cucim.skimage.filters.tests.test_unsharp_mask" name="test_unsharp_masking_output_type_and_shape[True-1.0-0.0-0-uint16-shape3-True]" time="0.001" /><testcase classname="src.cucim.skimage.filters.tests.test_unsharp_mask" name="test_unsharp_masking_output_type_and_shape[True-1.0-0.0-0-uint16-shape4-False]" time="0.001" /><testcase classname="src.cucim.skimage.filters.tests.test_unsharp_mask" name="test_unsharp_masking_output_type_and_shape[True-1.0-0.0-0-int16-shape0-False]" time="0.001" /><testcase classname="src.cucim.skimage.filters.tests.test_unsharp_mask" name="test_unsharp_masking_output_type_and_shape[True-1.0-0.0-0-int16-shape1-True]" time="0.001" /><testcase classname="src.cucim.skimage.filters.tests.test_unsharp_mask" name="test_unsharp_masking_output_type_and_shape[True-1.0-0.0-0-int16-shape2-False]" time="0.001" /><testcase classname="src.cucim.skimage.filters.tests.test_unsharp_mask" name="test_unsharp_masking_output_type_and_shape[True-1.0-0.0-0-int16-shape3-True]" time="0.001" /><testcase classname="src.cucim.skimage.filters.tests.test_unsharp_mask" name="test_unsharp_masking_output_type_and_shape[True-1.0-0.0-0-int16-shape4-False]" time="0.001" /><testcase classname="src.cucim.skimage.filters.tests.test_unsharp_mask" name="test_unsharp_masking_output_type_and_shape[True-1.0-0.0-0-uint32-shape0-False]" time="0.001" /><testcase classname="src.cucim.skimage.filters.tests.test_unsharp_mask" name="test_unsharp_masking_output_type_and_shape[True-1.0-0.0-0-uint32-shape1-True]" time="0.002" /><testcase classname="src.cucim.skimage.filters.tests.test_unsharp_mask" name="test_unsharp_masking_output_type_and_shape[True-1.0-0.0-0-uint32-shape2-False]" time="0.001" /><testcase classname="src.cucim.skimage.filters.tests.test_unsharp_mask" name="test_unsharp_masking_output_type_and_shape[True-1.0-0.0-0-uint32-shape3-True]" time="0.001" /><testcase classname="src.cucim.skimage.filters.tests.test_unsharp_mask" name="test_unsharp_masking_output_type_and_shape[True-1.0-0.0-0-uint32-shape4-False]" time="0.001" /><testcase classname="src.cucim.skimage.filters.tests.test_unsharp_mask" name="test_unsharp_masking_output_type_and_shape[True-1.0-0.0-0-int32-shape0-False]" time="0.001" /><testcase classname="src.cucim.skimage.filters.tests.test_unsharp_mask" name="test_unsharp_masking_output_type_and_shape[True-1.0-0.0-0-int32-shape1-True]" time="0.002" /><testcase classname="src.cucim.skimage.filters.tests.test_unsharp_mask" name="test_unsharp_masking_output_type_and_shape[True-1.0-0.0-0-int32-shape2-False]" time="0.001" /><testcase classname="src.cucim.skimage.filters.tests.test_unsharp_mask" name="test_unsharp_masking_output_type_and_shape[True-1.0-0.0-0-int32-shape3-True]" time="0.001" /><testcase classname="src.cucim.skimage.filters.tests.test_unsharp_mask" name="test_unsharp_masking_output_type_and_shape[True-1.0-0.0-0-int32-shape4-False]" time="0.001" /><testcase classname="src.cucim.skimage.filters.tests.test_unsharp_mask" name="test_unsharp_masking_output_type_and_shape[True-1.0-0.0-0-uint64-shape0-False]" time="0.001" /><testcase classname="src.cucim.skimage.filters.tests.test_unsharp_mask" name="test_unsharp_masking_output_type_and_shape[True-1.0-0.0-0-uint64-shape1-True]" time="0.001" /><testcase classname="src.cucim.skimage.filters.tests.test_unsharp_mask" name="test_unsharp_masking_output_type_and_shape[True-1.0-0.0-0-uint64-shape2-False]" time="0.001" /><testcase classname="src.cucim.skimage.filters.tests.test_unsharp_mask" name="test_unsharp_masking_output_type_and_shape[True-1.0-0.0-0-uint64-shape3-True]" time="0.001" /><testcase classname="src.cucim.skimage.filters.tests.test_unsharp_mask" name="test_unsharp_masking_output_type_and_shape[True-1.0-0.0-0-uint64-shape4-False]" time="0.001" /><testcase classname="src.cucim.skimage.filters.tests.test_unsharp_mask" name="test_unsharp_masking_output_type_and_shape[True-1.0-0.0-0-int64-shape0-False]" time="0.001" /><testcase classname="src.cucim.skimage.filters.tests.test_unsharp_mask" name="test_unsharp_masking_output_type_and_shape[True-1.0-0.0-0-int64-shape1-True]" time="0.001" /><testcase classname="src.cucim.skimage.filters.tests.test_unsharp_mask" name="test_unsharp_masking_output_type_and_shape[True-1.0-0.0-0-int64-shape2-False]" time="0.001" /><testcase classname="src.cucim.skimage.filters.tests.test_unsharp_mask" name="test_unsharp_masking_output_type_and_shape[True-1.0-0.0-0-int64-shape3-True]" time="0.001" /><testcase classname="src.cucim.skimage.filters.tests.test_unsharp_mask" name="test_unsharp_masking_output_type_and_shape[True-1.0-0.0-0-int64-shape4-False]" time="0.001" /><testcase classname="src.cucim.skimage.filters.tests.test_unsharp_mask" name="test_unsharp_masking_output_type_and_shape[True-1.0-0.0-0-float16-shape0-False]" time="0.001" /><testcase classname="src.cucim.skimage.filters.tests.test_unsharp_mask" name="test_unsharp_masking_output_type_and_shape[True-1.0-0.0-0-float16-shape1-True]" time="0.001" /><testcase classname="src.cucim.skimage.filters.tests.test_unsharp_mask" name="test_unsharp_masking_output_type_and_shape[True-1.0-0.0-0-float16-shape2-False]" time="0.001" /><testcase classname="src.cucim.skimage.filters.tests.test_unsharp_mask" name="test_unsharp_masking_output_type_and_shape[True-1.0-0.0-0-float16-shape3-True]" time="0.001" /><testcase classname="src.cucim.skimage.filters.tests.test_unsharp_mask" name="test_unsharp_masking_output_type_and_shape[True-1.0-0.0-0-float16-shape4-False]" time="0.001" /><testcase classname="src.cucim.skimage.filters.tests.test_unsharp_mask" name="test_unsharp_masking_output_type_and_shape[True-1.0-0.0-0-float32-shape0-False]" time="0.001" /><testcase classname="src.cucim.skimage.filters.tests.test_unsharp_mask" name="test_unsharp_masking_output_type_and_shape[True-1.0-0.0-0-float32-shape1-True]" time="0.001" /><testcase classname="src.cucim.skimage.filters.tests.test_unsharp_mask" name="test_unsharp_masking_output_type_and_shape[True-1.0-0.0-0-float32-shape2-False]" time="0.001" /><testcase classname="src.cucim.skimage.filters.tests.test_unsharp_mask" name="test_unsharp_masking_output_type_and_shape[True-1.0-0.0-0-float32-shape3-True]" time="0.001" /><testcase classname="src.cucim.skimage.filters.tests.test_unsharp_mask" name="test_unsharp_masking_output_type_and_shape[True-1.0-0.0-0-float32-shape4-False]" time="0.001" /><testcase classname="src.cucim.skimage.filters.tests.test_unsharp_mask" name="test_unsharp_masking_output_type_and_shape[True-1.0-0.0-0-float64-shape0-False]" time="0.001" /><testcase classname="src.cucim.skimage.filters.tests.test_unsharp_mask" name="test_unsharp_masking_output_type_and_shape[True-1.0-0.0-0-float64-shape1-True]" time="0.001" /><testcase classname="src.cucim.skimage.filters.tests.test_unsharp_mask" name="test_unsharp_masking_output_type_and_shape[True-1.0-0.0-0-float64-shape2-False]" time="0.001" /><testcase classname="src.cucim.skimage.filters.tests.test_unsharp_mask" name="test_unsharp_masking_output_type_and_shape[True-1.0-0.0-0-float64-shape3-True]" time="0.001" /><testcase classname="src.cucim.skimage.filters.tests.test_unsharp_mask" name="test_unsharp_masking_output_type_and_shape[True-1.0-0.0-0-float64-shape4-False]" time="0.001" /><testcase classname="src.cucim.skimage.filters.tests.test_unsharp_mask" name="test_unsharp_masking_output_type_and_shape[True-1.0-0.0-0.1-uint8-shape0-False]" time="0.001" /><testcase classname="src.cucim.skimage.filters.tests.test_unsharp_mask" name="test_unsharp_masking_output_type_and_shape[True-1.0-0.0-0.1-uint8-shape1-True]" time="0.002" /><testcase classname="src.cucim.skimage.filters.tests.test_unsharp_mask" name="test_unsharp_masking_output_type_and_shape[True-1.0-0.0-0.1-uint8-shape2-False]" time="0.001" /><testcase classname="src.cucim.skimage.filters.tests.test_unsharp_mask" name="test_unsharp_masking_output_type_and_shape[True-1.0-0.0-0.1-uint8-shape3-True]" time="0.001" /><testcase classname="src.cucim.skimage.filters.tests.test_unsharp_mask" name="test_unsharp_masking_output_type_and_shape[True-1.0-0.0-0.1-uint8-shape4-False]" time="0.001" /><testcase classname="src.cucim.skimage.filters.tests.test_unsharp_mask" name="test_unsharp_masking_output_type_and_shape[True-1.0-0.0-0.1-int8-shape0-False]" time="0.001" /><testcase classname="src.cucim.skimage.filters.tests.test_unsharp_mask" name="test_unsharp_masking_output_type_and_shape[True-1.0-0.0-0.1-int8-shape1-True]" time="0.002" /><testcase classname="src.cucim.skimage.filters.tests.test_unsharp_mask" name="test_unsharp_masking_output_type_and_shape[True-1.0-0.0-0.1-int8-shape2-False]" time="0.001" /><testcase classname="src.cucim.skimage.filters.tests.test_unsharp_mask" name="test_unsharp_masking_output_type_and_shape[True-1.0-0.0-0.1-int8-shape3-True]" time="0.002" /><testcase classname="src.cucim.skimage.filters.tests.test_unsharp_mask" name="test_unsharp_masking_output_type_and_shape[True-1.0-0.0-0.1-int8-shape4-False]" time="0.001" /><testcase classname="src.cucim.skimage.filters.tests.test_unsharp_mask" name="test_unsharp_masking_output_type_and_shape[True-1.0-0.0-0.1-uint16-shape0-False]" time="0.001" /><testcase classname="src.cucim.skimage.filters.tests.test_unsharp_mask" name="test_unsharp_masking_output_type_and_shape[True-1.0-0.0-0.1-uint16-shape1-True]" time="0.002" /><testcase classname="src.cucim.skimage.filters.tests.test_unsharp_mask" name="test_unsharp_masking_output_type_and_shape[True-1.0-0.0-0.1-uint16-shape2-False]" time="0.001" /><testcase classname="src.cucim.skimage.filters.tests.test_unsharp_mask" name="test_unsharp_masking_output_type_and_shape[True-1.0-0.0-0.1-uint16-shape3-True]" time="0.002" /><testcase classname="src.cucim.skimage.filters.tests.test_unsharp_mask" name="test_unsharp_masking_output_type_and_shape[True-1.0-0.0-0.1-uint16-shape4-False]" time="0.001" /><testcase classname="src.cucim.skimage.filters.tests.test_unsharp_mask" name="test_unsharp_masking_output_type_and_shape[True-1.0-0.0-0.1-int16-shape0-False]" time="0.001" /><testcase classname="src.cucim.skimage.filters.tests.test_unsharp_mask" name="test_unsharp_masking_output_type_and_shape[True-1.0-0.0-0.1-int16-shape1-True]" time="0.002" /><testcase classname="src.cucim.skimage.filters.tests.test_unsharp_mask" name="test_unsharp_masking_output_type_and_shape[True-1.0-0.0-0.1-int16-shape2-False]" time="0.001" /><testcase classname="src.cucim.skimage.filters.tests.test_unsharp_mask" name="test_unsharp_masking_output_type_and_shape[True-1.0-0.0-0.1-int16-shape3-True]" time="0.001" /><testcase classname="src.cucim.skimage.filters.tests.test_unsharp_mask" name="test_unsharp_masking_output_type_and_shape[True-1.0-0.0-0.1-int16-shape4-False]" time="0.001" /><testcase classname="src.cucim.skimage.filters.tests.test_unsharp_mask" name="test_unsharp_masking_output_type_and_shape[True-1.0-0.0-0.1-uint32-shape0-False]" time="0.001" /><testcase classname="src.cucim.skimage.filters.tests.test_unsharp_mask" name="test_unsharp_masking_output_type_and_shape[True-1.0-0.0-0.1-uint32-shape1-True]" time="0.001" /><testcase classname="src.cucim.skimage.filters.tests.test_unsharp_mask" name="test_unsharp_masking_output_type_and_shape[True-1.0-0.0-0.1-uint32-shape2-False]" time="0.001" /><testcase classname="src.cucim.skimage.filters.tests.test_unsharp_mask" name="test_unsharp_masking_output_type_and_shape[True-1.0-0.0-0.1-uint32-shape3-True]" time="0.001" /><testcase classname="src.cucim.skimage.filters.tests.test_unsharp_mask" name="test_unsharp_masking_output_type_and_shape[True-1.0-0.0-0.1-uint32-shape4-False]" time="0.001" /><testcase classname="src.cucim.skimage.filters.tests.test_unsharp_mask" name="test_unsharp_masking_output_type_and_shape[True-1.0-0.0-0.1-int32-shape0-False]" time="0.001" /><testcase classname="src.cucim.skimage.filters.tests.test_unsharp_mask" name="test_unsharp_masking_output_type_and_shape[True-1.0-0.0-0.1-int32-shape1-True]" time="0.002" /><testcase classname="src.cucim.skimage.filters.tests.test_unsharp_mask" name="test_unsharp_masking_output_type_and_shape[True-1.0-0.0-0.1-int32-shape2-False]" time="0.001" /><testcase classname="src.cucim.skimage.filters.tests.test_unsharp_mask" name="test_unsharp_masking_output_type_and_shape[True-1.0-0.0-0.1-int32-shape3-True]" time="0.001" /><testcase classname="src.cucim.skimage.filters.tests.test_unsharp_mask" name="test_unsharp_masking_output_type_and_shape[True-1.0-0.0-0.1-int32-shape4-False]" time="0.001" /><testcase classname="src.cucim.skimage.filters.tests.test_unsharp_mask" name="test_unsharp_masking_output_type_and_shape[True-1.0-0.0-0.1-uint64-shape0-False]" time="0.001" /><testcase classname="src.cucim.skimage.filters.tests.test_unsharp_mask" name="test_unsharp_masking_output_type_and_shape[True-1.0-0.0-0.1-uint64-shape1-True]" time="0.001" /><testcase classname="src.cucim.skimage.filters.tests.test_unsharp_mask" name="test_unsharp_masking_output_type_and_shape[True-1.0-0.0-0.1-uint64-shape2-False]" time="0.001" /><testcase classname="src.cucim.skimage.filters.tests.test_unsharp_mask" name="test_unsharp_masking_output_type_and_shape[True-1.0-0.0-0.1-uint64-shape3-True]" time="0.001" /><testcase classname="src.cucim.skimage.filters.tests.test_unsharp_mask" name="test_unsharp_masking_output_type_and_shape[True-1.0-0.0-0.1-uint64-shape4-False]" time="0.001" /><testcase classname="src.cucim.skimage.filters.tests.test_unsharp_mask" name="test_unsharp_masking_output_type_and_shape[True-1.0-0.0-0.1-int64-shape0-False]" time="0.001" /><testcase classname="src.cucim.skimage.filters.tests.test_unsharp_mask" name="test_unsharp_masking_output_type_and_shape[True-1.0-0.0-0.1-int64-shape1-True]" time="0.001" /><testcase classname="src.cucim.skimage.filters.tests.test_unsharp_mask" name="test_unsharp_masking_output_type_and_shape[True-1.0-0.0-0.1-int64-shape2-False]" time="0.001" /><testcase classname="src.cucim.skimage.filters.tests.test_unsharp_mask" name="test_unsharp_masking_output_type_and_shape[True-1.0-0.0-0.1-int64-shape3-True]" time="0.001" /><testcase classname="src.cucim.skimage.filters.tests.test_unsharp_mask" name="test_unsharp_masking_output_type_and_shape[True-1.0-0.0-0.1-int64-shape4-False]" time="0.001" /><testcase classname="src.cucim.skimage.filters.tests.test_unsharp_mask" name="test_unsharp_masking_output_type_and_shape[True-1.0-0.0-0.1-float16-shape0-False]" time="0.001" /><testcase classname="src.cucim.skimage.filters.tests.test_unsharp_mask" name="test_unsharp_masking_output_type_and_shape[True-1.0-0.0-0.1-float16-shape1-True]" time="0.002" /><testcase classname="src.cucim.skimage.filters.tests.test_unsharp_mask" name="test_unsharp_masking_output_type_and_shape[True-1.0-0.0-0.1-float16-shape2-False]" time="0.001" /><testcase classname="src.cucim.skimage.filters.tests.test_unsharp_mask" name="test_unsharp_masking_output_type_and_shape[True-1.0-0.0-0.1-float16-shape3-True]" time="0.001" /><testcase classname="src.cucim.skimage.filters.tests.test_unsharp_mask" name="test_unsharp_masking_output_type_and_shape[True-1.0-0.0-0.1-float16-shape4-False]" time="0.001" /><testcase classname="src.cucim.skimage.filters.tests.test_unsharp_mask" name="test_unsharp_masking_output_type_and_shape[True-1.0-0.0-0.1-float32-shape0-False]" time="0.001" /><testcase classname="src.cucim.skimage.filters.tests.test_unsharp_mask" name="test_unsharp_masking_output_type_and_shape[True-1.0-0.0-0.1-float32-shape1-True]" time="0.001" /><testcase classname="src.cucim.skimage.filters.tests.test_unsharp_mask" name="test_unsharp_masking_output_type_and_shape[True-1.0-0.0-0.1-float32-shape2-False]" time="0.001" /><testcase classname="src.cucim.skimage.filters.tests.test_unsharp_mask" name="test_unsharp_masking_output_type_and_shape[True-1.0-0.0-0.1-float32-shape3-True]" time="0.001" /><testcase classname="src.cucim.skimage.filters.tests.test_unsharp_mask" name="test_unsharp_masking_output_type_and_shape[True-1.0-0.0-0.1-float32-shape4-False]" time="0.001" /><testcase classname="src.cucim.skimage.filters.tests.test_unsharp_mask" name="test_unsharp_masking_output_type_and_shape[True-1.0-0.0-0.1-float64-shape0-False]" time="0.001" /><testcase classname="src.cucim.skimage.filters.tests.test_unsharp_mask" name="test_unsharp_masking_output_type_and_shape[True-1.0-0.0-0.1-float64-shape1-True]" time="0.001" /><testcase classname="src.cucim.skimage.filters.tests.test_unsharp_mask" name="test_unsharp_masking_output_type_and_shape[True-1.0-0.0-0.1-float64-shape2-False]" time="0.001" /><testcase classname="src.cucim.skimage.filters.tests.test_unsharp_mask" name="test_unsharp_masking_output_type_and_shape[True-1.0-0.0-0.1-float64-shape3-True]" time="0.001" /><testcase classname="src.cucim.skimage.filters.tests.test_unsharp_mask" name="test_unsharp_masking_output_type_and_shape[True-1.0-0.0-0.1-float64-shape4-False]" time="0.001" /><testcase classname="src.cucim.skimage.filters.tests.test_unsharp_mask" name="test_unsharp_masking_output_type_and_shape[True-1.0-0.0-2.0-uint8-shape0-False]" time="0.001" /><testcase classname="src.cucim.skimage.filters.tests.test_unsharp_mask" name="test_unsharp_masking_output_type_and_shape[True-1.0-0.0-2.0-uint8-shape1-True]" time="0.002" /><testcase classname="src.cucim.skimage.filters.tests.test_unsharp_mask" name="test_unsharp_masking_output_type_and_shape[True-1.0-0.0-2.0-uint8-shape2-False]" time="0.001" /><testcase classname="src.cucim.skimage.filters.tests.test_unsharp_mask" name="test_unsharp_masking_output_type_and_shape[True-1.0-0.0-2.0-uint8-shape3-True]" time="0.002" /><testcase classname="src.cucim.skimage.filters.tests.test_unsharp_mask" name="test_unsharp_masking_output_type_and_shape[True-1.0-0.0-2.0-uint8-shape4-False]" time="0.002" /><testcase classname="src.cucim.skimage.filters.tests.test_unsharp_mask" name="test_unsharp_masking_output_type_and_shape[True-1.0-0.0-2.0-int8-shape0-False]" time="0.001" /><testcase classname="src.cucim.skimage.filters.tests.test_unsharp_mask" name="test_unsharp_masking_output_type_and_shape[True-1.0-0.0-2.0-int8-shape1-True]" time="0.002" /><testcase classname="src.cucim.skimage.filters.tests.test_unsharp_mask" name="test_unsharp_masking_output_type_and_shape[True-1.0-0.0-2.0-int8-shape2-False]" time="0.001" /><testcase classname="src.cucim.skimage.filters.tests.test_unsharp_mask" name="test_unsharp_masking_output_type_and_shape[True-1.0-0.0-2.0-int8-shape3-True]" time="0.002" /><testcase classname="src.cucim.skimage.filters.tests.test_unsharp_mask" name="test_unsharp_masking_output_type_and_shape[True-1.0-0.0-2.0-int8-shape4-False]" time="0.002" /><testcase classname="src.cucim.skimage.filters.tests.test_unsharp_mask" name="test_unsharp_masking_output_type_and_shape[True-1.0-0.0-2.0-uint16-shape0-False]" time="0.001" /><testcase classname="src.cucim.skimage.filters.tests.test_unsharp_mask" name="test_unsharp_masking_output_type_and_shape[True-1.0-0.0-2.0-uint16-shape1-True]" time="0.002" /><testcase classname="src.cucim.skimage.filters.tests.test_unsharp_mask" name="test_unsharp_masking_output_type_and_shape[True-1.0-0.0-2.0-uint16-shape2-False]" time="0.001" /><testcase classname="src.cucim.skimage.filters.tests.test_unsharp_mask" name="test_unsharp_masking_output_type_and_shape[True-1.0-0.0-2.0-uint16-shape3-True]" time="0.002" /><testcase classname="src.cucim.skimage.filters.tests.test_unsharp_mask" name="test_unsharp_masking_output_type_and_shape[True-1.0-0.0-2.0-uint16-shape4-False]" time="0.002" /><testcase classname="src.cucim.skimage.filters.tests.test_unsharp_mask" name="test_unsharp_masking_output_type_and_shape[True-1.0-0.0-2.0-int16-shape0-False]" time="0.001" /><testcase classname="src.cucim.skimage.filters.tests.test_unsharp_mask" name="test_unsharp_masking_output_type_and_shape[True-1.0-0.0-2.0-int16-shape1-True]" time="0.002" /><testcase classname="src.cucim.skimage.filters.tests.test_unsharp_mask" name="test_unsharp_masking_output_type_and_shape[True-1.0-0.0-2.0-int16-shape2-False]" time="0.001" /><testcase classname="src.cucim.skimage.filters.tests.test_unsharp_mask" name="test_unsharp_masking_output_type_and_shape[True-1.0-0.0-2.0-int16-shape3-True]" time="0.002" /><testcase classname="src.cucim.skimage.filters.tests.test_unsharp_mask" name="test_unsharp_masking_output_type_and_shape[True-1.0-0.0-2.0-int16-shape4-False]" time="0.002" /><testcase classname="src.cucim.skimage.filters.tests.test_unsharp_mask" name="test_unsharp_masking_output_type_and_shape[True-1.0-0.0-2.0-uint32-shape0-False]" time="0.001" /><testcase classname="src.cucim.skimage.filters.tests.test_unsharp_mask" name="test_unsharp_masking_output_type_and_shape[True-1.0-0.0-2.0-uint32-shape1-True]" time="0.002" /><testcase classname="src.cucim.skimage.filters.tests.test_unsharp_mask" name="test_unsharp_masking_output_type_and_shape[True-1.0-0.0-2.0-uint32-shape2-False]" time="0.001" /><testcase classname="src.cucim.skimage.filters.tests.test_unsharp_mask" name="test_unsharp_masking_output_type_and_shape[True-1.0-0.0-2.0-uint32-shape3-True]" time="0.002" /><testcase classname="src.cucim.skimage.filters.tests.test_unsharp_mask" name="test_unsharp_masking_output_type_and_shape[True-1.0-0.0-2.0-uint32-shape4-False]" time="0.001" /><testcase classname="src.cucim.skimage.filters.tests.test_unsharp_mask" name="test_unsharp_masking_output_type_and_shape[True-1.0-0.0-2.0-int32-shape0-False]" time="0.001" /><testcase classname="src.cucim.skimage.filters.tests.test_unsharp_mask" name="test_unsharp_masking_output_type_and_shape[True-1.0-0.0-2.0-int32-shape1-True]" time="0.002" /><testcase classname="src.cucim.skimage.filters.tests.test_unsharp_mask" name="test_unsharp_masking_output_type_and_shape[True-1.0-0.0-2.0-int32-shape2-False]" time="0.001" /><testcase classname="src.cucim.skimage.filters.tests.test_unsharp_mask" name="test_unsharp_masking_output_type_and_shape[True-1.0-0.0-2.0-int32-shape3-True]" time="0.002" /><testcase classname="src.cucim.skimage.filters.tests.test_unsharp_mask" name="test_unsharp_masking_output_type_and_shape[True-1.0-0.0-2.0-int32-shape4-False]" time="0.002" /><testcase classname="src.cucim.skimage.filters.tests.test_unsharp_mask" name="test_unsharp_masking_output_type_and_shape[True-1.0-0.0-2.0-uint64-shape0-False]" time="0.001" /><testcase classname="src.cucim.skimage.filters.tests.test_unsharp_mask" name="test_unsharp_masking_output_type_and_shape[True-1.0-0.0-2.0-uint64-shape1-True]" time="0.002" /><testcase classname="src.cucim.skimage.filters.tests.test_unsharp_mask" name="test_unsharp_masking_output_type_and_shape[True-1.0-0.0-2.0-uint64-shape2-False]" time="0.002" /><testcase classname="src.cucim.skimage.filters.tests.test_unsharp_mask" name="test_unsharp_masking_output_type_and_shape[True-1.0-0.0-2.0-uint64-shape3-True]" time="0.002" /><testcase classname="src.cucim.skimage.filters.tests.test_unsharp_mask" name="test_unsharp_masking_output_type_and_shape[True-1.0-0.0-2.0-uint64-shape4-False]" time="0.002" /><testcase classname="src.cucim.skimage.filters.tests.test_unsharp_mask" name="test_unsharp_masking_output_type_and_shape[True-1.0-0.0-2.0-int64-shape0-False]" time="0.001" /><testcase classname="src.cucim.skimage.filters.tests.test_unsharp_mask" name="test_unsharp_masking_output_type_and_shape[True-1.0-0.0-2.0-int64-shape1-True]" time="0.002" /><testcase classname="src.cucim.skimage.filters.tests.test_unsharp_mask" name="test_unsharp_masking_output_type_and_shape[True-1.0-0.0-2.0-int64-shape2-False]" time="0.001" /><testcase classname="src.cucim.skimage.filters.tests.test_unsharp_mask" name="test_unsharp_masking_output_type_and_shape[True-1.0-0.0-2.0-int64-shape3-True]" time="0.002" /><testcase classname="src.cucim.skimage.filters.tests.test_unsharp_mask" name="test_unsharp_masking_output_type_and_shape[True-1.0-0.0-2.0-int64-shape4-False]" time="0.002" /><testcase classname="src.cucim.skimage.filters.tests.test_unsharp_mask" name="test_unsharp_masking_output_type_and_shape[True-1.0-0.0-2.0-float16-shape0-False]" time="0.001" /><testcase classname="src.cucim.skimage.filters.tests.test_unsharp_mask" name="test_unsharp_masking_output_type_and_shape[True-1.0-0.0-2.0-float16-shape1-True]" time="0.002" /><testcase classname="src.cucim.skimage.filters.tests.test_unsharp_mask" name="test_unsharp_masking_output_type_and_shape[True-1.0-0.0-2.0-float16-shape2-False]" time="0.001" /><testcase classname="src.cucim.skimage.filters.tests.test_unsharp_mask" name="test_unsharp_masking_output_type_and_shape[True-1.0-0.0-2.0-float16-shape3-True]" time="0.002" /><testcase classname="src.cucim.skimage.filters.tests.test_unsharp_mask" name="test_unsharp_masking_output_type_and_shape[True-1.0-0.0-2.0-float16-shape4-False]" time="0.002" /><testcase classname="src.cucim.skimage.filters.tests.test_unsharp_mask" name="test_unsharp_masking_output_type_and_shape[True-1.0-0.0-2.0-float32-shape0-False]" time="0.001" /><testcase classname="src.cucim.skimage.filters.tests.test_unsharp_mask" name="test_unsharp_masking_output_type_and_shape[True-1.0-0.0-2.0-float32-shape1-True]" time="0.002" /><testcase classname="src.cucim.skimage.filters.tests.test_unsharp_mask" name="test_unsharp_masking_output_type_and_shape[True-1.0-0.0-2.0-float32-shape2-False]" time="0.001" /><testcase classname="src.cucim.skimage.filters.tests.test_unsharp_mask" name="test_unsharp_masking_output_type_and_shape[True-1.0-0.0-2.0-float32-shape3-True]" time="0.002" /><testcase classname="src.cucim.skimage.filters.tests.test_unsharp_mask" name="test_unsharp_masking_output_type_and_shape[True-1.0-0.0-2.0-float32-shape4-False]" time="0.002" /><testcase classname="src.cucim.skimage.filters.tests.test_unsharp_mask" name="test_unsharp_masking_output_type_and_shape[True-1.0-0.0-2.0-float64-shape0-False]" time="0.001" /><testcase classname="src.cucim.skimage.filters.tests.test_unsharp_mask" name="test_unsharp_masking_output_type_and_shape[True-1.0-0.0-2.0-float64-shape1-True]" time="0.002" /><testcase classname="src.cucim.skimage.filters.tests.test_unsharp_mask" name="test_unsharp_masking_output_type_and_shape[True-1.0-0.0-2.0-float64-shape2-False]" time="0.001" /><testcase classname="src.cucim.skimage.filters.tests.test_unsharp_mask" name="test_unsharp_masking_output_type_and_shape[True-1.0-0.0-2.0-float64-shape3-True]" time="0.002" /><testcase classname="src.cucim.skimage.filters.tests.test_unsharp_mask" name="test_unsharp_masking_output_type_and_shape[True-1.0-0.0-2.0-float64-shape4-False]" time="0.002" /><testcase classname="src.cucim.skimage.filters.tests.test_unsharp_mask" name="test_unsharp_masking_output_type_and_shape[True-1.0-0.5-0-uint8-shape0-False]" time="0.001" /><testcase classname="src.cucim.skimage.filters.tests.test_unsharp_mask" name="test_unsharp_masking_output_type_and_shape[True-1.0-0.5-0-uint8-shape1-True]" time="0.001" /><testcase classname="src.cucim.skimage.filters.tests.test_unsharp_mask" name="test_unsharp_masking_output_type_and_shape[True-1.0-0.5-0-uint8-shape2-False]" time="0.001" /><testcase classname="src.cucim.skimage.filters.tests.test_unsharp_mask" name="test_unsharp_masking_output_type_and_shape[True-1.0-0.5-0-uint8-shape3-True]" time="0.001" /><testcase classname="src.cucim.skimage.filters.tests.test_unsharp_mask" name="test_unsharp_masking_output_type_and_shape[True-1.0-0.5-0-uint8-shape4-False]" time="0.001" /><testcase classname="src.cucim.skimage.filters.tests.test_unsharp_mask" name="test_unsharp_masking_output_type_and_shape[True-1.0-0.5-0-int8-shape0-False]" time="0.001" /><testcase classname="src.cucim.skimage.filters.tests.test_unsharp_mask" name="test_unsharp_masking_output_type_and_shape[True-1.0-0.5-0-int8-shape1-True]" time="0.002" /><testcase classname="src.cucim.skimage.filters.tests.test_unsharp_mask" name="test_unsharp_masking_output_type_and_shape[True-1.0-0.5-0-int8-shape2-False]" time="0.001" /><testcase classname="src.cucim.skimage.filters.tests.test_unsharp_mask" name="test_unsharp_masking_output_type_and_shape[True-1.0-0.5-0-int8-shape3-True]" time="0.001" /><testcase classname="src.cucim.skimage.filters.tests.test_unsharp_mask" name="test_unsharp_masking_output_type_and_shape[True-1.0-0.5-0-int8-shape4-False]" time="0.001" /><testcase classname="src.cucim.skimage.filters.tests.test_unsharp_mask" name="test_unsharp_masking_output_type_and_shape[True-1.0-0.5-0-uint16-shape0-False]" time="0.001" /><testcase classname="src.cucim.skimage.filters.tests.test_unsharp_mask" name="test_unsharp_masking_output_type_and_shape[True-1.0-0.5-0-uint16-shape1-True]" time="0.001" /><testcase classname="src.cucim.skimage.filters.tests.test_unsharp_mask" name="test_unsharp_masking_output_type_and_shape[True-1.0-0.5-0-uint16-shape2-False]" time="0.001" /><testcase classname="src.cucim.skimage.filters.tests.test_unsharp_mask" name="test_unsharp_masking_output_type_and_shape[True-1.0-0.5-0-uint16-shape3-True]" time="0.001" /><testcase classname="src.cucim.skimage.filters.tests.test_unsharp_mask" name="test_unsharp_masking_output_type_and_shape[True-1.0-0.5-0-uint16-shape4-False]" time="0.001" /><testcase classname="src.cucim.skimage.filters.tests.test_unsharp_mask" name="test_unsharp_masking_output_type_and_shape[True-1.0-0.5-0-int16-shape0-False]" time="0.001" /><testcase classname="src.cucim.skimage.filters.tests.test_unsharp_mask" name="test_unsharp_masking_output_type_and_shape[True-1.0-0.5-0-int16-shape1-True]" time="0.002" /><testcase classname="src.cucim.skimage.filters.tests.test_unsharp_mask" name="test_unsharp_masking_output_type_and_shape[True-1.0-0.5-0-int16-shape2-False]" time="0.001" /><testcase classname="src.cucim.skimage.filters.tests.test_unsharp_mask" name="test_unsharp_masking_output_type_and_shape[True-1.0-0.5-0-int16-shape3-True]" time="0.001" /><testcase classname="src.cucim.skimage.filters.tests.test_unsharp_mask" name="test_unsharp_masking_output_type_and_shape[True-1.0-0.5-0-int16-shape4-False]" time="0.001" /><testcase classname="src.cucim.skimage.filters.tests.test_unsharp_mask" name="test_unsharp_masking_output_type_and_shape[True-1.0-0.5-0-uint32-shape0-False]" time="0.001" /><testcase classname="src.cucim.skimage.filters.tests.test_unsharp_mask" name="test_unsharp_masking_output_type_and_shape[True-1.0-0.5-0-uint32-shape1-True]" time="0.001" /><testcase classname="src.cucim.skimage.filters.tests.test_unsharp_mask" name="test_unsharp_masking_output_type_and_shape[True-1.0-0.5-0-uint32-shape2-False]" time="0.001" /><testcase classname="src.cucim.skimage.filters.tests.test_unsharp_mask" name="test_unsharp_masking_output_type_and_shape[True-1.0-0.5-0-uint32-shape3-True]" time="0.001" /><testcase classname="src.cucim.skimage.filters.tests.test_unsharp_mask" name="test_unsharp_masking_output_type_and_shape[True-1.0-0.5-0-uint32-shape4-False]" time="0.001" /><testcase classname="src.cucim.skimage.filters.tests.test_unsharp_mask" name="test_unsharp_masking_output_type_and_shape[True-1.0-0.5-0-int32-shape0-False]" time="0.001" /><testcase classname="src.cucim.skimage.filters.tests.test_unsharp_mask" name="test_unsharp_masking_output_type_and_shape[True-1.0-0.5-0-int32-shape1-True]" time="0.002" /><testcase classname="src.cucim.skimage.filters.tests.test_unsharp_mask" name="test_unsharp_masking_output_type_and_shape[True-1.0-0.5-0-int32-shape2-False]" time="0.001" /><testcase classname="src.cucim.skimage.filters.tests.test_unsharp_mask" name="test_unsharp_masking_output_type_and_shape[True-1.0-0.5-0-int32-shape3-True]" time="0.001" /><testcase classname="src.cucim.skimage.filters.tests.test_unsharp_mask" name="test_unsharp_masking_output_type_and_shape[True-1.0-0.5-0-int32-shape4-False]" time="0.001" /><testcase classname="src.cucim.skimage.filters.tests.test_unsharp_mask" name="test_unsharp_masking_output_type_and_shape[True-1.0-0.5-0-uint64-shape0-False]" time="0.001" /><testcase classname="src.cucim.skimage.filters.tests.test_unsharp_mask" name="test_unsharp_masking_output_type_and_shape[True-1.0-0.5-0-uint64-shape1-True]" time="0.001" /><testcase classname="src.cucim.skimage.filters.tests.test_unsharp_mask" name="test_unsharp_masking_output_type_and_shape[True-1.0-0.5-0-uint64-shape2-False]" time="0.001" /><testcase classname="src.cucim.skimage.filters.tests.test_unsharp_mask" name="test_unsharp_masking_output_type_and_shape[True-1.0-0.5-0-uint64-shape3-True]" time="0.001" /><testcase classname="src.cucim.skimage.filters.tests.test_unsharp_mask" name="test_unsharp_masking_output_type_and_shape[True-1.0-0.5-0-uint64-shape4-False]" time="0.001" /><testcase classname="src.cucim.skimage.filters.tests.test_unsharp_mask" name="test_unsharp_masking_output_type_and_shape[True-1.0-0.5-0-int64-shape0-False]" time="0.001" /><testcase classname="src.cucim.skimage.filters.tests.test_unsharp_mask" name="test_unsharp_masking_output_type_and_shape[True-1.0-0.5-0-int64-shape1-True]" time="0.001" /><testcase classname="src.cucim.skimage.filters.tests.test_unsharp_mask" name="test_unsharp_masking_output_type_and_shape[True-1.0-0.5-0-int64-shape2-False]" time="0.001" /><testcase classname="src.cucim.skimage.filters.tests.test_unsharp_mask" name="test_unsharp_masking_output_type_and_shape[True-1.0-0.5-0-int64-shape3-True]" time="0.001" /><testcase classname="src.cucim.skimage.filters.tests.test_unsharp_mask" name="test_unsharp_masking_output_type_and_shape[True-1.0-0.5-0-int64-shape4-False]" time="0.001" /><testcase classname="src.cucim.skimage.filters.tests.test_unsharp_mask" name="test_unsharp_masking_output_type_and_shape[True-1.0-0.5-0-float16-shape0-False]" time="0.001" /><testcase classname="src.cucim.skimage.filters.tests.test_unsharp_mask" name="test_unsharp_masking_output_type_and_shape[True-1.0-0.5-0-float16-shape1-True]" time="0.001" /><testcase classname="src.cucim.skimage.filters.tests.test_unsharp_mask" name="test_unsharp_masking_output_type_and_shape[True-1.0-0.5-0-float16-shape2-False]" time="0.001" /><testcase classname="src.cucim.skimage.filters.tests.test_unsharp_mask" name="test_unsharp_masking_output_type_and_shape[True-1.0-0.5-0-float16-shape3-True]" time="0.001" /><testcase classname="src.cucim.skimage.filters.tests.test_unsharp_mask" name="test_unsharp_masking_output_type_and_shape[True-1.0-0.5-0-float16-shape4-False]" time="0.001" /><testcase classname="src.cucim.skimage.filters.tests.test_unsharp_mask" name="test_unsharp_masking_output_type_and_shape[True-1.0-0.5-0-float32-shape0-False]" time="0.001" /><testcase classname="src.cucim.skimage.filters.tests.test_unsharp_mask" name="test_unsharp_masking_output_type_and_shape[True-1.0-0.5-0-float32-shape1-True]" time="0.001" /><testcase classname="src.cucim.skimage.filters.tests.test_unsharp_mask" name="test_unsharp_masking_output_type_and_shape[True-1.0-0.5-0-float32-shape2-False]" time="0.001" /><testcase classname="src.cucim.skimage.filters.tests.test_unsharp_mask" name="test_unsharp_masking_output_type_and_shape[True-1.0-0.5-0-float32-shape3-True]" time="0.002" /><testcase classname="src.cucim.skimage.filters.tests.test_unsharp_mask" name="test_unsharp_masking_output_type_and_shape[True-1.0-0.5-0-float32-shape4-False]" time="0.001" /><testcase classname="src.cucim.skimage.filters.tests.test_unsharp_mask" name="test_unsharp_masking_output_type_and_shape[True-1.0-0.5-0-float64-shape0-False]" time="0.001" /><testcase classname="src.cucim.skimage.filters.tests.test_unsharp_mask" name="test_unsharp_masking_output_type_and_shape[True-1.0-0.5-0-float64-shape1-True]" time="0.001" /><testcase classname="src.cucim.skimage.filters.tests.test_unsharp_mask" name="test_unsharp_masking_output_type_and_shape[True-1.0-0.5-0-float64-shape2-False]" time="0.001" /><testcase classname="src.cucim.skimage.filters.tests.test_unsharp_mask" name="test_unsharp_masking_output_type_and_shape[True-1.0-0.5-0-float64-shape3-True]" time="0.001" /><testcase classname="src.cucim.skimage.filters.tests.test_unsharp_mask" name="test_unsharp_masking_output_type_and_shape[True-1.0-0.5-0-float64-shape4-False]" time="0.001" /><testcase classname="src.cucim.skimage.filters.tests.test_unsharp_mask" name="test_unsharp_masking_output_type_and_shape[True-1.0-0.5-0.1-uint8-shape0-False]" time="0.001" /><testcase classname="src.cucim.skimage.filters.tests.test_unsharp_mask" name="test_unsharp_masking_output_type_and_shape[True-1.0-0.5-0.1-uint8-shape1-True]" time="0.002" /><testcase classname="src.cucim.skimage.filters.tests.test_unsharp_mask" name="test_unsharp_masking_output_type_and_shape[True-1.0-0.5-0.1-uint8-shape2-False]" time="0.001" /><testcase classname="src.cucim.skimage.filters.tests.test_unsharp_mask" name="test_unsharp_masking_output_type_and_shape[True-1.0-0.5-0.1-uint8-shape3-True]" time="0.001" /><testcase classname="src.cucim.skimage.filters.tests.test_unsharp_mask" name="test_unsharp_masking_output_type_and_shape[True-1.0-0.5-0.1-uint8-shape4-False]" time="0.001" /><testcase classname="src.cucim.skimage.filters.tests.test_unsharp_mask" name="test_unsharp_masking_output_type_and_shape[True-1.0-0.5-0.1-int8-shape0-False]" time="0.001" /><testcase classname="src.cucim.skimage.filters.tests.test_unsharp_mask" name="test_unsharp_masking_output_type_and_shape[True-1.0-0.5-0.1-int8-shape1-True]" time="0.002" /><testcase classname="src.cucim.skimage.filters.tests.test_unsharp_mask" name="test_unsharp_masking_output_type_and_shape[True-1.0-0.5-0.1-int8-shape2-False]" time="0.001" /><testcase classname="src.cucim.skimage.filters.tests.test_unsharp_mask" name="test_unsharp_masking_output_type_and_shape[True-1.0-0.5-0.1-int8-shape3-True]" time="0.001" /><testcase classname="src.cucim.skimage.filters.tests.test_unsharp_mask" name="test_unsharp_masking_output_type_and_shape[True-1.0-0.5-0.1-int8-shape4-False]" time="0.001" /><testcase classname="src.cucim.skimage.filters.tests.test_unsharp_mask" name="test_unsharp_masking_output_type_and_shape[True-1.0-0.5-0.1-uint16-shape0-False]" time="0.001" /><testcase classname="src.cucim.skimage.filters.tests.test_unsharp_mask" name="test_unsharp_masking_output_type_and_shape[True-1.0-0.5-0.1-uint16-shape1-True]" time="0.001" /><testcase classname="src.cucim.skimage.filters.tests.test_unsharp_mask" name="test_unsharp_masking_output_type_and_shape[True-1.0-0.5-0.1-uint16-shape2-False]" time="0.001" /><testcase classname="src.cucim.skimage.filters.tests.test_unsharp_mask" name="test_unsharp_masking_output_type_and_shape[True-1.0-0.5-0.1-uint16-shape3-True]" time="0.001" /><testcase classname="src.cucim.skimage.filters.tests.test_unsharp_mask" name="test_unsharp_masking_output_type_and_shape[True-1.0-0.5-0.1-uint16-shape4-False]" time="0.001" /><testcase classname="src.cucim.skimage.filters.tests.test_unsharp_mask" name="test_unsharp_masking_output_type_and_shape[True-1.0-0.5-0.1-int16-shape0-False]" time="0.001" /><testcase classname="src.cucim.skimage.filters.tests.test_unsharp_mask" name="test_unsharp_masking_output_type_and_shape[True-1.0-0.5-0.1-int16-shape1-True]" time="0.002" /><testcase classname="src.cucim.skimage.filters.tests.test_unsharp_mask" name="test_unsharp_masking_output_type_and_shape[True-1.0-0.5-0.1-int16-shape2-False]" time="0.001" /><testcase classname="src.cucim.skimage.filters.tests.test_unsharp_mask" name="test_unsharp_masking_output_type_and_shape[True-1.0-0.5-0.1-int16-shape3-True]" time="0.001" /><testcase classname="src.cucim.skimage.filters.tests.test_unsharp_mask" name="test_unsharp_masking_output_type_and_shape[True-1.0-0.5-0.1-int16-shape4-False]" time="0.001" /><testcase classname="src.cucim.skimage.filters.tests.test_unsharp_mask" name="test_unsharp_masking_output_type_and_shape[True-1.0-0.5-0.1-uint32-shape0-False]" time="0.001" /><testcase classname="src.cucim.skimage.filters.tests.test_unsharp_mask" name="test_unsharp_masking_output_type_and_shape[True-1.0-0.5-0.1-uint32-shape1-True]" time="0.002" /><testcase classname="src.cucim.skimage.filters.tests.test_unsharp_mask" name="test_unsharp_masking_output_type_and_shape[True-1.0-0.5-0.1-uint32-shape2-False]" time="0.001" /><testcase classname="src.cucim.skimage.filters.tests.test_unsharp_mask" name="test_unsharp_masking_output_type_and_shape[True-1.0-0.5-0.1-uint32-shape3-True]" time="0.001" /><testcase classname="src.cucim.skimage.filters.tests.test_unsharp_mask" name="test_unsharp_masking_output_type_and_shape[True-1.0-0.5-0.1-uint32-shape4-False]" time="0.001" /><testcase classname="src.cucim.skimage.filters.tests.test_unsharp_mask" name="test_unsharp_masking_output_type_and_shape[True-1.0-0.5-0.1-int32-shape0-False]" time="0.002" /><testcase classname="src.cucim.skimage.filters.tests.test_unsharp_mask" name="test_unsharp_masking_output_type_and_shape[True-1.0-0.5-0.1-int32-shape1-True]" time="0.001" /><testcase classname="src.cucim.skimage.filters.tests.test_unsharp_mask" name="test_unsharp_masking_output_type_and_shape[True-1.0-0.5-0.1-int32-shape2-False]" time="0.001" /><testcase classname="src.cucim.skimage.filters.tests.test_unsharp_mask" name="test_unsharp_masking_output_type_and_shape[True-1.0-0.5-0.1-int32-shape3-True]" time="0.001" /><testcase classname="src.cucim.skimage.filters.tests.test_unsharp_mask" name="test_unsharp_masking_output_type_and_shape[True-1.0-0.5-0.1-int32-shape4-False]" time="0.001" /><testcase classname="src.cucim.skimage.filters.tests.test_unsharp_mask" name="test_unsharp_masking_output_type_and_shape[True-1.0-0.5-0.1-uint64-shape0-False]" time="0.001" /><testcase classname="src.cucim.skimage.filters.tests.test_unsharp_mask" name="test_unsharp_masking_output_type_and_shape[True-1.0-0.5-0.1-uint64-shape1-True]" time="0.002" /><testcase classname="src.cucim.skimage.filters.tests.test_unsharp_mask" name="test_unsharp_masking_output_type_and_shape[True-1.0-0.5-0.1-uint64-shape2-False]" time="0.001" /><testcase classname="src.cucim.skimage.filters.tests.test_unsharp_mask" name="test_unsharp_masking_output_type_and_shape[True-1.0-0.5-0.1-uint64-shape3-True]" time="0.001" /><testcase classname="src.cucim.skimage.filters.tests.test_unsharp_mask" name="test_unsharp_masking_output_type_and_shape[True-1.0-0.5-0.1-uint64-shape4-False]" time="0.001" /><testcase classname="src.cucim.skimage.filters.tests.test_unsharp_mask" name="test_unsharp_masking_output_type_and_shape[True-1.0-0.5-0.1-int64-shape0-False]" time="0.001" /><testcase classname="src.cucim.skimage.filters.tests.test_unsharp_mask" name="test_unsharp_masking_output_type_and_shape[True-1.0-0.5-0.1-int64-shape1-True]" time="0.002" /><testcase classname="src.cucim.skimage.filters.tests.test_unsharp_mask" name="test_unsharp_masking_output_type_and_shape[True-1.0-0.5-0.1-int64-shape2-False]" time="0.001" /><testcase classname="src.cucim.skimage.filters.tests.test_unsharp_mask" name="test_unsharp_masking_output_type_and_shape[True-1.0-0.5-0.1-int64-shape3-True]" time="0.001" /><testcase classname="src.cucim.skimage.filters.tests.test_unsharp_mask" name="test_unsharp_masking_output_type_and_shape[True-1.0-0.5-0.1-int64-shape4-False]" time="0.001" /><testcase classname="src.cucim.skimage.filters.tests.test_unsharp_mask" name="test_unsharp_masking_output_type_and_shape[True-1.0-0.5-0.1-float16-shape0-False]" time="0.001" /><testcase classname="src.cucim.skimage.filters.tests.test_unsharp_mask" name="test_unsharp_masking_output_type_and_shape[True-1.0-0.5-0.1-float16-shape1-True]" time="0.002" /><testcase classname="src.cucim.skimage.filters.tests.test_unsharp_mask" name="test_unsharp_masking_output_type_and_shape[True-1.0-0.5-0.1-float16-shape2-False]" time="0.001" /><testcase classname="src.cucim.skimage.filters.tests.test_unsharp_mask" name="test_unsharp_masking_output_type_and_shape[True-1.0-0.5-0.1-float16-shape3-True]" time="0.002" /><testcase classname="src.cucim.skimage.filters.tests.test_unsharp_mask" name="test_unsharp_masking_output_type_and_shape[True-1.0-0.5-0.1-float16-shape4-False]" time="0.001" /><testcase classname="src.cucim.skimage.filters.tests.test_unsharp_mask" name="test_unsharp_masking_output_type_and_shape[True-1.0-0.5-0.1-float32-shape0-False]" time="0.001" /><testcase classname="src.cucim.skimage.filters.tests.test_unsharp_mask" name="test_unsharp_masking_output_type_and_shape[True-1.0-0.5-0.1-float32-shape1-True]" time="0.002" /><testcase classname="src.cucim.skimage.filters.tests.test_unsharp_mask" name="test_unsharp_masking_output_type_and_shape[True-1.0-0.5-0.1-float32-shape2-False]" time="0.001" /><testcase classname="src.cucim.skimage.filters.tests.test_unsharp_mask" name="test_unsharp_masking_output_type_and_shape[True-1.0-0.5-0.1-float32-shape3-True]" time="0.001" /><testcase classname="src.cucim.skimage.filters.tests.test_unsharp_mask" name="test_unsharp_masking_output_type_and_shape[True-1.0-0.5-0.1-float32-shape4-False]" time="0.001" /><testcase classname="src.cucim.skimage.filters.tests.test_unsharp_mask" name="test_unsharp_masking_output_type_and_shape[True-1.0-0.5-0.1-float64-shape0-False]" time="0.001" /><testcase classname="src.cucim.skimage.filters.tests.test_unsharp_mask" name="test_unsharp_masking_output_type_and_shape[True-1.0-0.5-0.1-float64-shape1-True]" time="0.001" /><testcase classname="src.cucim.skimage.filters.tests.test_unsharp_mask" name="test_unsharp_masking_output_type_and_shape[True-1.0-0.5-0.1-float64-shape2-False]" time="0.001" /><testcase classname="src.cucim.skimage.filters.tests.test_unsharp_mask" name="test_unsharp_masking_output_type_and_shape[True-1.0-0.5-0.1-float64-shape3-True]" time="0.001" /><testcase classname="src.cucim.skimage.filters.tests.test_unsharp_mask" name="test_unsharp_masking_output_type_and_shape[True-1.0-0.5-0.1-float64-shape4-False]" time="0.001" /><testcase classname="src.cucim.skimage.filters.tests.test_unsharp_mask" name="test_unsharp_masking_output_type_and_shape[True-1.0-0.5-2.0-uint8-shape0-False]" time="0.001" /><testcase classname="src.cucim.skimage.filters.tests.test_unsharp_mask" name="test_unsharp_masking_output_type_and_shape[True-1.0-0.5-2.0-uint8-shape1-True]" time="0.002" /><testcase classname="src.cucim.skimage.filters.tests.test_unsharp_mask" name="test_unsharp_masking_output_type_and_shape[True-1.0-0.5-2.0-uint8-shape2-False]" time="0.002" /><testcase classname="src.cucim.skimage.filters.tests.test_unsharp_mask" name="test_unsharp_masking_output_type_and_shape[True-1.0-0.5-2.0-uint8-shape3-True]" time="0.002" /><testcase classname="src.cucim.skimage.filters.tests.test_unsharp_mask" name="test_unsharp_masking_output_type_and_shape[True-1.0-0.5-2.0-uint8-shape4-False]" time="0.002" /><testcase classname="src.cucim.skimage.filters.tests.test_unsharp_mask" name="test_unsharp_masking_output_type_and_shape[True-1.0-0.5-2.0-int8-shape0-False]" time="0.001" /><testcase classname="src.cucim.skimage.filters.tests.test_unsharp_mask" name="test_unsharp_masking_output_type_and_shape[True-1.0-0.5-2.0-int8-shape1-True]" time="0.002" /><testcase classname="src.cucim.skimage.filters.tests.test_unsharp_mask" name="test_unsharp_masking_output_type_and_shape[True-1.0-0.5-2.0-int8-shape2-False]" time="0.002" /><testcase classname="src.cucim.skimage.filters.tests.test_unsharp_mask" name="test_unsharp_masking_output_type_and_shape[True-1.0-0.5-2.0-int8-shape3-True]" time="0.002" /><testcase classname="src.cucim.skimage.filters.tests.test_unsharp_mask" name="test_unsharp_masking_output_type_and_shape[True-1.0-0.5-2.0-int8-shape4-False]" time="0.002" /><testcase classname="src.cucim.skimage.filters.tests.test_unsharp_mask" name="test_unsharp_masking_output_type_and_shape[True-1.0-0.5-2.0-uint16-shape0-False]" time="0.001" /><testcase classname="src.cucim.skimage.filters.tests.test_unsharp_mask" name="test_unsharp_masking_output_type_and_shape[True-1.0-0.5-2.0-uint16-shape1-True]" time="0.002" /><testcase classname="src.cucim.skimage.filters.tests.test_unsharp_mask" name="test_unsharp_masking_output_type_and_shape[True-1.0-0.5-2.0-uint16-shape2-False]" time="0.001" /><testcase classname="src.cucim.skimage.filters.tests.test_unsharp_mask" name="test_unsharp_masking_output_type_and_shape[True-1.0-0.5-2.0-uint16-shape3-True]" time="0.002" /><testcase classname="src.cucim.skimage.filters.tests.test_unsharp_mask" name="test_unsharp_masking_output_type_and_shape[True-1.0-0.5-2.0-uint16-shape4-False]" time="0.002" /><testcase classname="src.cucim.skimage.filters.tests.test_unsharp_mask" name="test_unsharp_masking_output_type_and_shape[True-1.0-0.5-2.0-int16-shape0-False]" time="0.001" /><testcase classname="src.cucim.skimage.filters.tests.test_unsharp_mask" name="test_unsharp_masking_output_type_and_shape[True-1.0-0.5-2.0-int16-shape1-True]" time="0.002" /><testcase classname="src.cucim.skimage.filters.tests.test_unsharp_mask" name="test_unsharp_masking_output_type_and_shape[True-1.0-0.5-2.0-int16-shape2-False]" time="0.002" /><testcase classname="src.cucim.skimage.filters.tests.test_unsharp_mask" name="test_unsharp_masking_output_type_and_shape[True-1.0-0.5-2.0-int16-shape3-True]" time="0.002" /><testcase classname="src.cucim.skimage.filters.tests.test_unsharp_mask" name="test_unsharp_masking_output_type_and_shape[True-1.0-0.5-2.0-int16-shape4-False]" time="0.002" /><testcase classname="src.cucim.skimage.filters.tests.test_unsharp_mask" name="test_unsharp_masking_output_type_and_shape[True-1.0-0.5-2.0-uint32-shape0-False]" time="0.001" /><testcase classname="src.cucim.skimage.filters.tests.test_unsharp_mask" name="test_unsharp_masking_output_type_and_shape[True-1.0-0.5-2.0-uint32-shape1-True]" time="0.002" /><testcase classname="src.cucim.skimage.filters.tests.test_unsharp_mask" name="test_unsharp_masking_output_type_and_shape[True-1.0-0.5-2.0-uint32-shape2-False]" time="0.002" /><testcase classname="src.cucim.skimage.filters.tests.test_unsharp_mask" name="test_unsharp_masking_output_type_and_shape[True-1.0-0.5-2.0-uint32-shape3-True]" time="0.002" /><testcase classname="src.cucim.skimage.filters.tests.test_unsharp_mask" name="test_unsharp_masking_output_type_and_shape[True-1.0-0.5-2.0-uint32-shape4-False]" time="0.002" /><testcase classname="src.cucim.skimage.filters.tests.test_unsharp_mask" name="test_unsharp_masking_output_type_and_shape[True-1.0-0.5-2.0-int32-shape0-False]" time="0.001" /><testcase classname="src.cucim.skimage.filters.tests.test_unsharp_mask" name="test_unsharp_masking_output_type_and_shape[True-1.0-0.5-2.0-int32-shape1-True]" time="0.002" /><testcase classname="src.cucim.skimage.filters.tests.test_unsharp_mask" name="test_unsharp_masking_output_type_and_shape[True-1.0-0.5-2.0-int32-shape2-False]" time="0.001" /><testcase classname="src.cucim.skimage.filters.tests.test_unsharp_mask" name="test_unsharp_masking_output_type_and_shape[True-1.0-0.5-2.0-int32-shape3-True]" time="0.002" /><testcase classname="src.cucim.skimage.filters.tests.test_unsharp_mask" name="test_unsharp_masking_output_type_and_shape[True-1.0-0.5-2.0-int32-shape4-False]" time="0.002" /><testcase classname="src.cucim.skimage.filters.tests.test_unsharp_mask" name="test_unsharp_masking_output_type_and_shape[True-1.0-0.5-2.0-uint64-shape0-False]" time="0.001" /><testcase classname="src.cucim.skimage.filters.tests.test_unsharp_mask" name="test_unsharp_masking_output_type_and_shape[True-1.0-0.5-2.0-uint64-shape1-True]" time="0.002" /><testcase classname="src.cucim.skimage.filters.tests.test_unsharp_mask" name="test_unsharp_masking_output_type_and_shape[True-1.0-0.5-2.0-uint64-shape2-False]" time="0.002" /><testcase classname="src.cucim.skimage.filters.tests.test_unsharp_mask" name="test_unsharp_masking_output_type_and_shape[True-1.0-0.5-2.0-uint64-shape3-True]" time="0.002" /><testcase classname="src.cucim.skimage.filters.tests.test_unsharp_mask" name="test_unsharp_masking_output_type_and_shape[True-1.0-0.5-2.0-uint64-shape4-False]" time="0.002" /><testcase classname="src.cucim.skimage.filters.tests.test_unsharp_mask" name="test_unsharp_masking_output_type_and_shape[True-1.0-0.5-2.0-int64-shape0-False]" time="0.001" /><testcase classname="src.cucim.skimage.filters.tests.test_unsharp_mask" name="test_unsharp_masking_output_type_and_shape[True-1.0-0.5-2.0-int64-shape1-True]" time="0.002" /><testcase classname="src.cucim.skimage.filters.tests.test_unsharp_mask" name="test_unsharp_masking_output_type_and_shape[True-1.0-0.5-2.0-int64-shape2-False]" time="0.002" /><testcase classname="src.cucim.skimage.filters.tests.test_unsharp_mask" name="test_unsharp_masking_output_type_and_shape[True-1.0-0.5-2.0-int64-shape3-True]" time="0.002" /><testcase classname="src.cucim.skimage.filters.tests.test_unsharp_mask" name="test_unsharp_masking_output_type_and_shape[True-1.0-0.5-2.0-int64-shape4-False]" time="0.002" /><testcase classname="src.cucim.skimage.filters.tests.test_unsharp_mask" name="test_unsharp_masking_output_type_and_shape[True-1.0-0.5-2.0-float16-shape0-False]" time="0.001" /><testcase classname="src.cucim.skimage.filters.tests.test_unsharp_mask" name="test_unsharp_masking_output_type_and_shape[True-1.0-0.5-2.0-float16-shape1-True]" time="0.002" /><testcase classname="src.cucim.skimage.filters.tests.test_unsharp_mask" name="test_unsharp_masking_output_type_and_shape[True-1.0-0.5-2.0-float16-shape2-False]" time="0.001" /><testcase classname="src.cucim.skimage.filters.tests.test_unsharp_mask" name="test_unsharp_masking_output_type_and_shape[True-1.0-0.5-2.0-float16-shape3-True]" time="0.002" /><testcase classname="src.cucim.skimage.filters.tests.test_unsharp_mask" name="test_unsharp_masking_output_type_and_shape[True-1.0-0.5-2.0-float16-shape4-False]" time="0.002" /><testcase classname="src.cucim.skimage.filters.tests.test_unsharp_mask" name="test_unsharp_masking_output_type_and_shape[True-1.0-0.5-2.0-float32-shape0-False]" time="0.001" /><testcase classname="src.cucim.skimage.filters.tests.test_unsharp_mask" name="test_unsharp_masking_output_type_and_shape[True-1.0-0.5-2.0-float32-shape1-True]" time="0.002" /><testcase classname="src.cucim.skimage.filters.tests.test_unsharp_mask" name="test_unsharp_masking_output_type_and_shape[True-1.0-0.5-2.0-float32-shape2-False]" time="0.002" /><testcase classname="src.cucim.skimage.filters.tests.test_unsharp_mask" name="test_unsharp_masking_output_type_and_shape[True-1.0-0.5-2.0-float32-shape3-True]" time="0.002" /><testcase classname="src.cucim.skimage.filters.tests.test_unsharp_mask" name="test_unsharp_masking_output_type_and_shape[True-1.0-0.5-2.0-float32-shape4-False]" time="0.002" /><testcase classname="src.cucim.skimage.filters.tests.test_unsharp_mask" name="test_unsharp_masking_output_type_and_shape[True-1.0-0.5-2.0-float64-shape0-False]" time="0.001" /><testcase classname="src.cucim.skimage.filters.tests.test_unsharp_mask" name="test_unsharp_masking_output_type_and_shape[True-1.0-0.5-2.0-float64-shape1-True]" time="0.002" /><testcase classname="src.cucim.skimage.filters.tests.test_unsharp_mask" name="test_unsharp_masking_output_type_and_shape[True-1.0-0.5-2.0-float64-shape2-False]" time="0.001" /><testcase classname="src.cucim.skimage.filters.tests.test_unsharp_mask" name="test_unsharp_masking_output_type_and_shape[True-1.0-0.5-2.0-float64-shape3-True]" time="0.002" /><testcase classname="src.cucim.skimage.filters.tests.test_unsharp_mask" name="test_unsharp_masking_output_type_and_shape[True-1.0-0.5-2.0-float64-shape4-False]" time="0.002" /><testcase classname="src.cucim.skimage.filters.tests.test_unsharp_mask" name="test_unsharp_masking_output_type_and_shape[True-1.0-2.0-0-uint8-shape0-False]" time="0.001" /><testcase classname="src.cucim.skimage.filters.tests.test_unsharp_mask" name="test_unsharp_masking_output_type_and_shape[True-1.0-2.0-0-uint8-shape1-True]" time="0.001" /><testcase classname="src.cucim.skimage.filters.tests.test_unsharp_mask" name="test_unsharp_masking_output_type_and_shape[True-1.0-2.0-0-uint8-shape2-False]" time="0.001" /><testcase classname="src.cucim.skimage.filters.tests.test_unsharp_mask" name="test_unsharp_masking_output_type_and_shape[True-1.0-2.0-0-uint8-shape3-True]" time="0.001" /><testcase classname="src.cucim.skimage.filters.tests.test_unsharp_mask" name="test_unsharp_masking_output_type_and_shape[True-1.0-2.0-0-uint8-shape4-False]" time="0.001" /><testcase classname="src.cucim.skimage.filters.tests.test_unsharp_mask" name="test_unsharp_masking_output_type_and_shape[True-1.0-2.0-0-int8-shape0-False]" time="0.001" /><testcase classname="src.cucim.skimage.filters.tests.test_unsharp_mask" name="test_unsharp_masking_output_type_and_shape[True-1.0-2.0-0-int8-shape1-True]" time="0.001" /><testcase classname="src.cucim.skimage.filters.tests.test_unsharp_mask" name="test_unsharp_masking_output_type_and_shape[True-1.0-2.0-0-int8-shape2-False]" time="0.001" /><testcase classname="src.cucim.skimage.filters.tests.test_unsharp_mask" name="test_unsharp_masking_output_type_and_shape[True-1.0-2.0-0-int8-shape3-True]" time="0.001" /><testcase classname="src.cucim.skimage.filters.tests.test_unsharp_mask" name="test_unsharp_masking_output_type_and_shape[True-1.0-2.0-0-int8-shape4-False]" time="0.001" /><testcase classname="src.cucim.skimage.filters.tests.test_unsharp_mask" name="test_unsharp_masking_output_type_and_shape[True-1.0-2.0-0-uint16-shape0-False]" time="0.001" /><testcase classname="src.cucim.skimage.filters.tests.test_unsharp_mask" name="test_unsharp_masking_output_type_and_shape[True-1.0-2.0-0-uint16-shape1-True]" time="0.001" /><testcase classname="src.cucim.skimage.filters.tests.test_unsharp_mask" name="test_unsharp_masking_output_type_and_shape[True-1.0-2.0-0-uint16-shape2-False]" time="0.001" /><testcase classname="src.cucim.skimage.filters.tests.test_unsharp_mask" name="test_unsharp_masking_output_type_and_shape[True-1.0-2.0-0-uint16-shape3-True]" time="0.001" /><testcase classname="src.cucim.skimage.filters.tests.test_unsharp_mask" name="test_unsharp_masking_output_type_and_shape[True-1.0-2.0-0-uint16-shape4-False]" time="0.001" /><testcase classname="src.cucim.skimage.filters.tests.test_unsharp_mask" name="test_unsharp_masking_output_type_and_shape[True-1.0-2.0-0-int16-shape0-False]" time="0.001" /><testcase classname="src.cucim.skimage.filters.tests.test_unsharp_mask" name="test_unsharp_masking_output_type_and_shape[True-1.0-2.0-0-int16-shape1-True]" time="0.001" /><testcase classname="src.cucim.skimage.filters.tests.test_unsharp_mask" name="test_unsharp_masking_output_type_and_shape[True-1.0-2.0-0-int16-shape2-False]" time="0.001" /><testcase classname="src.cucim.skimage.filters.tests.test_unsharp_mask" name="test_unsharp_masking_output_type_and_shape[True-1.0-2.0-0-int16-shape3-True]" time="0.001" /><testcase classname="src.cucim.skimage.filters.tests.test_unsharp_mask" name="test_unsharp_masking_output_type_and_shape[True-1.0-2.0-0-int16-shape4-False]" time="0.001" /><testcase classname="src.cucim.skimage.filters.tests.test_unsharp_mask" name="test_unsharp_masking_output_type_and_shape[True-1.0-2.0-0-uint32-shape0-False]" time="0.001" /><testcase classname="src.cucim.skimage.filters.tests.test_unsharp_mask" name="test_unsharp_masking_output_type_and_shape[True-1.0-2.0-0-uint32-shape1-True]" time="0.001" /><testcase classname="src.cucim.skimage.filters.tests.test_unsharp_mask" name="test_unsharp_masking_output_type_and_shape[True-1.0-2.0-0-uint32-shape2-False]" time="0.001" /><testcase classname="src.cucim.skimage.filters.tests.test_unsharp_mask" name="test_unsharp_masking_output_type_and_shape[True-1.0-2.0-0-uint32-shape3-True]" time="0.001" /><testcase classname="src.cucim.skimage.filters.tests.test_unsharp_mask" name="test_unsharp_masking_output_type_and_shape[True-1.0-2.0-0-uint32-shape4-False]" time="0.001" /><testcase classname="src.cucim.skimage.filters.tests.test_unsharp_mask" name="test_unsharp_masking_output_type_and_shape[True-1.0-2.0-0-int32-shape0-False]" time="0.001" /><testcase classname="src.cucim.skimage.filters.tests.test_unsharp_mask" name="test_unsharp_masking_output_type_and_shape[True-1.0-2.0-0-int32-shape1-True]" time="0.001" /><testcase classname="src.cucim.skimage.filters.tests.test_unsharp_mask" name="test_unsharp_masking_output_type_and_shape[True-1.0-2.0-0-int32-shape2-False]" time="0.001" /><testcase classname="src.cucim.skimage.filters.tests.test_unsharp_mask" name="test_unsharp_masking_output_type_and_shape[True-1.0-2.0-0-int32-shape3-True]" time="0.001" /><testcase classname="src.cucim.skimage.filters.tests.test_unsharp_mask" name="test_unsharp_masking_output_type_and_shape[True-1.0-2.0-0-int32-shape4-False]" time="0.001" /><testcase classname="src.cucim.skimage.filters.tests.test_unsharp_mask" name="test_unsharp_masking_output_type_and_shape[True-1.0-2.0-0-uint64-shape0-False]" time="0.001" /><testcase classname="src.cucim.skimage.filters.tests.test_unsharp_mask" name="test_unsharp_masking_output_type_and_shape[True-1.0-2.0-0-uint64-shape1-True]" time="0.001" /><testcase classname="src.cucim.skimage.filters.tests.test_unsharp_mask" name="test_unsharp_masking_output_type_and_shape[True-1.0-2.0-0-uint64-shape2-False]" time="0.001" /><testcase classname="src.cucim.skimage.filters.tests.test_unsharp_mask" name="test_unsharp_masking_output_type_and_shape[True-1.0-2.0-0-uint64-shape3-True]" time="0.001" /><testcase classname="src.cucim.skimage.filters.tests.test_unsharp_mask" name="test_unsharp_masking_output_type_and_shape[True-1.0-2.0-0-uint64-shape4-False]" time="0.001" /><testcase classname="src.cucim.skimage.filters.tests.test_unsharp_mask" name="test_unsharp_masking_output_type_and_shape[True-1.0-2.0-0-int64-shape0-False]" time="0.001" /><testcase classname="src.cucim.skimage.filters.tests.test_unsharp_mask" name="test_unsharp_masking_output_type_and_shape[True-1.0-2.0-0-int64-shape1-True]" time="0.001" /><testcase classname="src.cucim.skimage.filters.tests.test_unsharp_mask" name="test_unsharp_masking_output_type_and_shape[True-1.0-2.0-0-int64-shape2-False]" time="0.001" /><testcase classname="src.cucim.skimage.filters.tests.test_unsharp_mask" name="test_unsharp_masking_output_type_and_shape[True-1.0-2.0-0-int64-shape3-True]" time="0.001" /><testcase classname="src.cucim.skimage.filters.tests.test_unsharp_mask" name="test_unsharp_masking_output_type_and_shape[True-1.0-2.0-0-int64-shape4-False]" time="0.001" /><testcase classname="src.cucim.skimage.filters.tests.test_unsharp_mask" name="test_unsharp_masking_output_type_and_shape[True-1.0-2.0-0-float16-shape0-False]" time="0.001" /><testcase classname="src.cucim.skimage.filters.tests.test_unsharp_mask" name="test_unsharp_masking_output_type_and_shape[True-1.0-2.0-0-float16-shape1-True]" time="0.002" /><testcase classname="src.cucim.skimage.filters.tests.test_unsharp_mask" name="test_unsharp_masking_output_type_and_shape[True-1.0-2.0-0-float16-shape2-False]" time="0.001" /><testcase classname="src.cucim.skimage.filters.tests.test_unsharp_mask" name="test_unsharp_masking_output_type_and_shape[True-1.0-2.0-0-float16-shape3-True]" time="0.001" /><testcase classname="src.cucim.skimage.filters.tests.test_unsharp_mask" name="test_unsharp_masking_output_type_and_shape[True-1.0-2.0-0-float16-shape4-False]" time="0.001" /><testcase classname="src.cucim.skimage.filters.tests.test_unsharp_mask" name="test_unsharp_masking_output_type_and_shape[True-1.0-2.0-0-float32-shape0-False]" time="0.001" /><testcase classname="src.cucim.skimage.filters.tests.test_unsharp_mask" name="test_unsharp_masking_output_type_and_shape[True-1.0-2.0-0-float32-shape1-True]" time="0.001" /><testcase classname="src.cucim.skimage.filters.tests.test_unsharp_mask" name="test_unsharp_masking_output_type_and_shape[True-1.0-2.0-0-float32-shape2-False]" time="0.001" /><testcase classname="src.cucim.skimage.filters.tests.test_unsharp_mask" name="test_unsharp_masking_output_type_and_shape[True-1.0-2.0-0-float32-shape3-True]" time="0.001" /><testcase classname="src.cucim.skimage.filters.tests.test_unsharp_mask" name="test_unsharp_masking_output_type_and_shape[True-1.0-2.0-0-float32-shape4-False]" time="0.001" /><testcase classname="src.cucim.skimage.filters.tests.test_unsharp_mask" name="test_unsharp_masking_output_type_and_shape[True-1.0-2.0-0-float64-shape0-False]" time="0.001" /><testcase classname="src.cucim.skimage.filters.tests.test_unsharp_mask" name="test_unsharp_masking_output_type_and_shape[True-1.0-2.0-0-float64-shape1-True]" time="0.001" /><testcase classname="src.cucim.skimage.filters.tests.test_unsharp_mask" name="test_unsharp_masking_output_type_and_shape[True-1.0-2.0-0-float64-shape2-False]" time="0.001" /><testcase classname="src.cucim.skimage.filters.tests.test_unsharp_mask" name="test_unsharp_masking_output_type_and_shape[True-1.0-2.0-0-float64-shape3-True]" time="0.001" /><testcase classname="src.cucim.skimage.filters.tests.test_unsharp_mask" name="test_unsharp_masking_output_type_and_shape[True-1.0-2.0-0-float64-shape4-False]" time="0.001" /><testcase classname="src.cucim.skimage.filters.tests.test_unsharp_mask" name="test_unsharp_masking_output_type_and_shape[True-1.0-2.0-0.1-uint8-shape0-False]" time="0.001" /><testcase classname="src.cucim.skimage.filters.tests.test_unsharp_mask" name="test_unsharp_masking_output_type_and_shape[True-1.0-2.0-0.1-uint8-shape1-True]" time="0.001" /><testcase classname="src.cucim.skimage.filters.tests.test_unsharp_mask" name="test_unsharp_masking_output_type_and_shape[True-1.0-2.0-0.1-uint8-shape2-False]" time="0.001" /><testcase classname="src.cucim.skimage.filters.tests.test_unsharp_mask" name="test_unsharp_masking_output_type_and_shape[True-1.0-2.0-0.1-uint8-shape3-True]" time="0.001" /><testcase classname="src.cucim.skimage.filters.tests.test_unsharp_mask" name="test_unsharp_masking_output_type_and_shape[True-1.0-2.0-0.1-uint8-shape4-False]" time="0.001" /><testcase classname="src.cucim.skimage.filters.tests.test_unsharp_mask" name="test_unsharp_masking_output_type_and_shape[True-1.0-2.0-0.1-int8-shape0-False]" time="0.001" /><testcase classname="src.cucim.skimage.filters.tests.test_unsharp_mask" name="test_unsharp_masking_output_type_and_shape[True-1.0-2.0-0.1-int8-shape1-True]" time="0.001" /><testcase classname="src.cucim.skimage.filters.tests.test_unsharp_mask" name="test_unsharp_masking_output_type_and_shape[True-1.0-2.0-0.1-int8-shape2-False]" time="0.001" /><testcase classname="src.cucim.skimage.filters.tests.test_unsharp_mask" name="test_unsharp_masking_output_type_and_shape[True-1.0-2.0-0.1-int8-shape3-True]" time="0.001" /><testcase classname="src.cucim.skimage.filters.tests.test_unsharp_mask" name="test_unsharp_masking_output_type_and_shape[True-1.0-2.0-0.1-int8-shape4-False]" time="0.001" /><testcase classname="src.cucim.skimage.filters.tests.test_unsharp_mask" name="test_unsharp_masking_output_type_and_shape[True-1.0-2.0-0.1-uint16-shape0-False]" time="0.001" /><testcase classname="src.cucim.skimage.filters.tests.test_unsharp_mask" name="test_unsharp_masking_output_type_and_shape[True-1.0-2.0-0.1-uint16-shape1-True]" time="0.002" /><testcase classname="src.cucim.skimage.filters.tests.test_unsharp_mask" name="test_unsharp_masking_output_type_and_shape[True-1.0-2.0-0.1-uint16-shape2-False]" time="0.001" /><testcase classname="src.cucim.skimage.filters.tests.test_unsharp_mask" name="test_unsharp_masking_output_type_and_shape[True-1.0-2.0-0.1-uint16-shape3-True]" time="0.001" /><testcase classname="src.cucim.skimage.filters.tests.test_unsharp_mask" name="test_unsharp_masking_output_type_and_shape[True-1.0-2.0-0.1-uint16-shape4-False]" time="0.001" /><testcase classname="src.cucim.skimage.filters.tests.test_unsharp_mask" name="test_unsharp_masking_output_type_and_shape[True-1.0-2.0-0.1-int16-shape0-False]" time="0.001" /><testcase classname="src.cucim.skimage.filters.tests.test_unsharp_mask" name="test_unsharp_masking_output_type_and_shape[True-1.0-2.0-0.1-int16-shape1-True]" time="0.001" /><testcase classname="src.cucim.skimage.filters.tests.test_unsharp_mask" name="test_unsharp_masking_output_type_and_shape[True-1.0-2.0-0.1-int16-shape2-False]" time="0.001" /><testcase classname="src.cucim.skimage.filters.tests.test_unsharp_mask" name="test_unsharp_masking_output_type_and_shape[True-1.0-2.0-0.1-int16-shape3-True]" time="0.001" /><testcase classname="src.cucim.skimage.filters.tests.test_unsharp_mask" name="test_unsharp_masking_output_type_and_shape[True-1.0-2.0-0.1-int16-shape4-False]" time="0.001" /><testcase classname="src.cucim.skimage.filters.tests.test_unsharp_mask" name="test_unsharp_masking_output_type_and_shape[True-1.0-2.0-0.1-uint32-shape0-False]" time="0.001" /><testcase classname="src.cucim.skimage.filters.tests.test_unsharp_mask" name="test_unsharp_masking_output_type_and_shape[True-1.0-2.0-0.1-uint32-shape1-True]" time="0.002" /><testcase classname="src.cucim.skimage.filters.tests.test_unsharp_mask" name="test_unsharp_masking_output_type_and_shape[True-1.0-2.0-0.1-uint32-shape2-False]" time="0.001" /><testcase classname="src.cucim.skimage.filters.tests.test_unsharp_mask" name="test_unsharp_masking_output_type_and_shape[True-1.0-2.0-0.1-uint32-shape3-True]" time="0.001" /><testcase classname="src.cucim.skimage.filters.tests.test_unsharp_mask" name="test_unsharp_masking_output_type_and_shape[True-1.0-2.0-0.1-uint32-shape4-False]" time="0.001" /><testcase classname="src.cucim.skimage.filters.tests.test_unsharp_mask" name="test_unsharp_masking_output_type_and_shape[True-1.0-2.0-0.1-int32-shape0-False]" time="0.001" /><testcase classname="src.cucim.skimage.filters.tests.test_unsharp_mask" name="test_unsharp_masking_output_type_and_shape[True-1.0-2.0-0.1-int32-shape1-True]" time="0.002" /><testcase classname="src.cucim.skimage.filters.tests.test_unsharp_mask" name="test_unsharp_masking_output_type_and_shape[True-1.0-2.0-0.1-int32-shape2-False]" time="0.001" /><testcase classname="src.cucim.skimage.filters.tests.test_unsharp_mask" name="test_unsharp_masking_output_type_and_shape[True-1.0-2.0-0.1-int32-shape3-True]" time="0.002" /><testcase classname="src.cucim.skimage.filters.tests.test_unsharp_mask" name="test_unsharp_masking_output_type_and_shape[True-1.0-2.0-0.1-int32-shape4-False]" time="0.001" /><testcase classname="src.cucim.skimage.filters.tests.test_unsharp_mask" name="test_unsharp_masking_output_type_and_shape[True-1.0-2.0-0.1-uint64-shape0-False]" time="0.001" /><testcase classname="src.cucim.skimage.filters.tests.test_unsharp_mask" name="test_unsharp_masking_output_type_and_shape[True-1.0-2.0-0.1-uint64-shape1-True]" time="0.002" /><testcase classname="src.cucim.skimage.filters.tests.test_unsharp_mask" name="test_unsharp_masking_output_type_and_shape[True-1.0-2.0-0.1-uint64-shape2-False]" time="0.001" /><testcase classname="src.cucim.skimage.filters.tests.test_unsharp_mask" name="test_unsharp_masking_output_type_and_shape[True-1.0-2.0-0.1-uint64-shape3-True]" time="0.002" /><testcase classname="src.cucim.skimage.filters.tests.test_unsharp_mask" name="test_unsharp_masking_output_type_and_shape[True-1.0-2.0-0.1-uint64-shape4-False]" time="0.001" /><testcase classname="src.cucim.skimage.filters.tests.test_unsharp_mask" name="test_unsharp_masking_output_type_and_shape[True-1.0-2.0-0.1-int64-shape0-False]" time="0.001" /><testcase classname="src.cucim.skimage.filters.tests.test_unsharp_mask" name="test_unsharp_masking_output_type_and_shape[True-1.0-2.0-0.1-int64-shape1-True]" time="0.001" /><testcase classname="src.cucim.skimage.filters.tests.test_unsharp_mask" name="test_unsharp_masking_output_type_and_shape[True-1.0-2.0-0.1-int64-shape2-False]" time="0.001" /><testcase classname="src.cucim.skimage.filters.tests.test_unsharp_mask" name="test_unsharp_masking_output_type_and_shape[True-1.0-2.0-0.1-int64-shape3-True]" time="0.001" /><testcase classname="src.cucim.skimage.filters.tests.test_unsharp_mask" name="test_unsharp_masking_output_type_and_shape[True-1.0-2.0-0.1-int64-shape4-False]" time="0.001" /><testcase classname="src.cucim.skimage.filters.tests.test_unsharp_mask" name="test_unsharp_masking_output_type_and_shape[True-1.0-2.0-0.1-float16-shape0-False]" time="0.001" /><testcase classname="src.cucim.skimage.filters.tests.test_unsharp_mask" name="test_unsharp_masking_output_type_and_shape[True-1.0-2.0-0.1-float16-shape1-True]" time="0.002" /><testcase classname="src.cucim.skimage.filters.tests.test_unsharp_mask" name="test_unsharp_masking_output_type_and_shape[True-1.0-2.0-0.1-float16-shape2-False]" time="0.001" /><testcase classname="src.cucim.skimage.filters.tests.test_unsharp_mask" name="test_unsharp_masking_output_type_and_shape[True-1.0-2.0-0.1-float16-shape3-True]" time="0.001" /><testcase classname="src.cucim.skimage.filters.tests.test_unsharp_mask" name="test_unsharp_masking_output_type_and_shape[True-1.0-2.0-0.1-float16-shape4-False]" time="0.001" /><testcase classname="src.cucim.skimage.filters.tests.test_unsharp_mask" name="test_unsharp_masking_output_type_and_shape[True-1.0-2.0-0.1-float32-shape0-False]" time="0.001" /><testcase classname="src.cucim.skimage.filters.tests.test_unsharp_mask" name="test_unsharp_masking_output_type_and_shape[True-1.0-2.0-0.1-float32-shape1-True]" time="0.001" /><testcase classname="src.cucim.skimage.filters.tests.test_unsharp_mask" name="test_unsharp_masking_output_type_and_shape[True-1.0-2.0-0.1-float32-shape2-False]" time="0.001" /><testcase classname="src.cucim.skimage.filters.tests.test_unsharp_mask" name="test_unsharp_masking_output_type_and_shape[True-1.0-2.0-0.1-float32-shape3-True]" time="0.001" /><testcase classname="src.cucim.skimage.filters.tests.test_unsharp_mask" name="test_unsharp_masking_output_type_and_shape[True-1.0-2.0-0.1-float32-shape4-False]" time="0.001" /><testcase classname="src.cucim.skimage.filters.tests.test_unsharp_mask" name="test_unsharp_masking_output_type_and_shape[True-1.0-2.0-0.1-float64-shape0-False]" time="0.001" /><testcase classname="src.cucim.skimage.filters.tests.test_unsharp_mask" name="test_unsharp_masking_output_type_and_shape[True-1.0-2.0-0.1-float64-shape1-True]" time="0.002" /><testcase classname="src.cucim.skimage.filters.tests.test_unsharp_mask" name="test_unsharp_masking_output_type_and_shape[True-1.0-2.0-0.1-float64-shape2-False]" time="0.001" /><testcase classname="src.cucim.skimage.filters.tests.test_unsharp_mask" name="test_unsharp_masking_output_type_and_shape[True-1.0-2.0-0.1-float64-shape3-True]" time="0.002" /><testcase classname="src.cucim.skimage.filters.tests.test_unsharp_mask" name="test_unsharp_masking_output_type_and_shape[True-1.0-2.0-0.1-float64-shape4-False]" time="0.001" /><testcase classname="src.cucim.skimage.filters.tests.test_unsharp_mask" name="test_unsharp_masking_output_type_and_shape[True-1.0-2.0-2.0-uint8-shape0-False]" time="0.001" /><testcase classname="src.cucim.skimage.filters.tests.test_unsharp_mask" name="test_unsharp_masking_output_type_and_shape[True-1.0-2.0-2.0-uint8-shape1-True]" time="0.002" /><testcase classname="src.cucim.skimage.filters.tests.test_unsharp_mask" name="test_unsharp_masking_output_type_and_shape[True-1.0-2.0-2.0-uint8-shape2-False]" time="0.002" /><testcase classname="src.cucim.skimage.filters.tests.test_unsharp_mask" name="test_unsharp_masking_output_type_and_shape[True-1.0-2.0-2.0-uint8-shape3-True]" time="0.002" /><testcase classname="src.cucim.skimage.filters.tests.test_unsharp_mask" name="test_unsharp_masking_output_type_and_shape[True-1.0-2.0-2.0-uint8-shape4-False]" time="0.002" /><testcase classname="src.cucim.skimage.filters.tests.test_unsharp_mask" name="test_unsharp_masking_output_type_and_shape[True-1.0-2.0-2.0-int8-shape0-False]" time="0.001" /><testcase classname="src.cucim.skimage.filters.tests.test_unsharp_mask" name="test_unsharp_masking_output_type_and_shape[True-1.0-2.0-2.0-int8-shape1-True]" time="0.002" /><testcase classname="src.cucim.skimage.filters.tests.test_unsharp_mask" name="test_unsharp_masking_output_type_and_shape[True-1.0-2.0-2.0-int8-shape2-False]" time="0.001" /><testcase classname="src.cucim.skimage.filters.tests.test_unsharp_mask" name="test_unsharp_masking_output_type_and_shape[True-1.0-2.0-2.0-int8-shape3-True]" time="0.002" /><testcase classname="src.cucim.skimage.filters.tests.test_unsharp_mask" name="test_unsharp_masking_output_type_and_shape[True-1.0-2.0-2.0-int8-shape4-False]" time="0.002" /><testcase classname="src.cucim.skimage.filters.tests.test_unsharp_mask" name="test_unsharp_masking_output_type_and_shape[True-1.0-2.0-2.0-uint16-shape0-False]" time="0.001" /><testcase classname="src.cucim.skimage.filters.tests.test_unsharp_mask" name="test_unsharp_masking_output_type_and_shape[True-1.0-2.0-2.0-uint16-shape1-True]" time="0.002" /><testcase classname="src.cucim.skimage.filters.tests.test_unsharp_mask" name="test_unsharp_masking_output_type_and_shape[True-1.0-2.0-2.0-uint16-shape2-False]" time="0.002" /><testcase classname="src.cucim.skimage.filters.tests.test_unsharp_mask" name="test_unsharp_masking_output_type_and_shape[True-1.0-2.0-2.0-uint16-shape3-True]" time="0.002" /><testcase classname="src.cucim.skimage.filters.tests.test_unsharp_mask" name="test_unsharp_masking_output_type_and_shape[True-1.0-2.0-2.0-uint16-shape4-False]" time="0.002" /><testcase classname="src.cucim.skimage.filters.tests.test_unsharp_mask" name="test_unsharp_masking_output_type_and_shape[True-1.0-2.0-2.0-int16-shape0-False]" time="0.001" /><testcase classname="src.cucim.skimage.filters.tests.test_unsharp_mask" name="test_unsharp_masking_output_type_and_shape[True-1.0-2.0-2.0-int16-shape1-True]" time="0.002" /><testcase classname="src.cucim.skimage.filters.tests.test_unsharp_mask" name="test_unsharp_masking_output_type_and_shape[True-1.0-2.0-2.0-int16-shape2-False]" time="0.002" /><testcase classname="src.cucim.skimage.filters.tests.test_unsharp_mask" name="test_unsharp_masking_output_type_and_shape[True-1.0-2.0-2.0-int16-shape3-True]" time="0.002" /><testcase classname="src.cucim.skimage.filters.tests.test_unsharp_mask" name="test_unsharp_masking_output_type_and_shape[True-1.0-2.0-2.0-int16-shape4-False]" time="0.002" /><testcase classname="src.cucim.skimage.filters.tests.test_unsharp_mask" name="test_unsharp_masking_output_type_and_shape[True-1.0-2.0-2.0-uint32-shape0-False]" time="0.001" /><testcase classname="src.cucim.skimage.filters.tests.test_unsharp_mask" name="test_unsharp_masking_output_type_and_shape[True-1.0-2.0-2.0-uint32-shape1-True]" time="0.002" /><testcase classname="src.cucim.skimage.filters.tests.test_unsharp_mask" name="test_unsharp_masking_output_type_and_shape[True-1.0-2.0-2.0-uint32-shape2-False]" time="0.001" /><testcase classname="src.cucim.skimage.filters.tests.test_unsharp_mask" name="test_unsharp_masking_output_type_and_shape[True-1.0-2.0-2.0-uint32-shape3-True]" time="0.002" /><testcase classname="src.cucim.skimage.filters.tests.test_unsharp_mask" name="test_unsharp_masking_output_type_and_shape[True-1.0-2.0-2.0-uint32-shape4-False]" time="0.002" /><testcase classname="src.cucim.skimage.filters.tests.test_unsharp_mask" name="test_unsharp_masking_output_type_and_shape[True-1.0-2.0-2.0-int32-shape0-False]" time="0.001" /><testcase classname="src.cucim.skimage.filters.tests.test_unsharp_mask" name="test_unsharp_masking_output_type_and_shape[True-1.0-2.0-2.0-int32-shape1-True]" time="0.002" /><testcase classname="src.cucim.skimage.filters.tests.test_unsharp_mask" name="test_unsharp_masking_output_type_and_shape[True-1.0-2.0-2.0-int32-shape2-False]" time="0.001" /><testcase classname="src.cucim.skimage.filters.tests.test_unsharp_mask" name="test_unsharp_masking_output_type_and_shape[True-1.0-2.0-2.0-int32-shape3-True]" time="0.002" /><testcase classname="src.cucim.skimage.filters.tests.test_unsharp_mask" name="test_unsharp_masking_output_type_and_shape[True-1.0-2.0-2.0-int32-shape4-False]" time="0.002" /><testcase classname="src.cucim.skimage.filters.tests.test_unsharp_mask" name="test_unsharp_masking_output_type_and_shape[True-1.0-2.0-2.0-uint64-shape0-False]" time="0.001" /><testcase classname="src.cucim.skimage.filters.tests.test_unsharp_mask" name="test_unsharp_masking_output_type_and_shape[True-1.0-2.0-2.0-uint64-shape1-True]" time="0.002" /><testcase classname="src.cucim.skimage.filters.tests.test_unsharp_mask" name="test_unsharp_masking_output_type_and_shape[True-1.0-2.0-2.0-uint64-shape2-False]" time="0.001" /><testcase classname="src.cucim.skimage.filters.tests.test_unsharp_mask" name="test_unsharp_masking_output_type_and_shape[True-1.0-2.0-2.0-uint64-shape3-True]" time="0.002" /><testcase classname="src.cucim.skimage.filters.tests.test_unsharp_mask" name="test_unsharp_masking_output_type_and_shape[True-1.0-2.0-2.0-uint64-shape4-False]" time="0.002" /><testcase classname="src.cucim.skimage.filters.tests.test_unsharp_mask" name="test_unsharp_masking_output_type_and_shape[True-1.0-2.0-2.0-int64-shape0-False]" time="0.001" /><testcase classname="src.cucim.skimage.filters.tests.test_unsharp_mask" name="test_unsharp_masking_output_type_and_shape[True-1.0-2.0-2.0-int64-shape1-True]" time="0.002" /><testcase classname="src.cucim.skimage.filters.tests.test_unsharp_mask" name="test_unsharp_masking_output_type_and_shape[True-1.0-2.0-2.0-int64-shape2-False]" time="0.001" /><testcase classname="src.cucim.skimage.filters.tests.test_unsharp_mask" name="test_unsharp_masking_output_type_and_shape[True-1.0-2.0-2.0-int64-shape3-True]" time="0.002" /><testcase classname="src.cucim.skimage.filters.tests.test_unsharp_mask" name="test_unsharp_masking_output_type_and_shape[True-1.0-2.0-2.0-int64-shape4-False]" time="0.002" /><testcase classname="src.cucim.skimage.filters.tests.test_unsharp_mask" name="test_unsharp_masking_output_type_and_shape[True-1.0-2.0-2.0-float16-shape0-False]" time="0.001" /><testcase classname="src.cucim.skimage.filters.tests.test_unsharp_mask" name="test_unsharp_masking_output_type_and_shape[True-1.0-2.0-2.0-float16-shape1-True]" time="0.002" /><testcase classname="src.cucim.skimage.filters.tests.test_unsharp_mask" name="test_unsharp_masking_output_type_and_shape[True-1.0-2.0-2.0-float16-shape2-False]" time="0.002" /><testcase classname="src.cucim.skimage.filters.tests.test_unsharp_mask" name="test_unsharp_masking_output_type_and_shape[True-1.0-2.0-2.0-float16-shape3-True]" time="0.002" /><testcase classname="src.cucim.skimage.filters.tests.test_unsharp_mask" name="test_unsharp_masking_output_type_and_shape[True-1.0-2.0-2.0-float16-shape4-False]" time="0.002" /><testcase classname="src.cucim.skimage.filters.tests.test_unsharp_mask" name="test_unsharp_masking_output_type_and_shape[True-1.0-2.0-2.0-float32-shape0-False]" time="0.001" /><testcase classname="src.cucim.skimage.filters.tests.test_unsharp_mask" name="test_unsharp_masking_output_type_and_shape[True-1.0-2.0-2.0-float32-shape1-True]" time="0.002" /><testcase classname="src.cucim.skimage.filters.tests.test_unsharp_mask" name="test_unsharp_masking_output_type_and_shape[True-1.0-2.0-2.0-float32-shape2-False]" time="0.001" /><testcase classname="src.cucim.skimage.filters.tests.test_unsharp_mask" name="test_unsharp_masking_output_type_and_shape[True-1.0-2.0-2.0-float32-shape3-True]" time="0.002" /><testcase classname="src.cucim.skimage.filters.tests.test_unsharp_mask" name="test_unsharp_masking_output_type_and_shape[True-1.0-2.0-2.0-float32-shape4-False]" time="0.002" /><testcase classname="src.cucim.skimage.filters.tests.test_unsharp_mask" name="test_unsharp_masking_output_type_and_shape[True-1.0-2.0-2.0-float64-shape0-False]" time="0.001" /><testcase classname="src.cucim.skimage.filters.tests.test_unsharp_mask" name="test_unsharp_masking_output_type_and_shape[True-1.0-2.0-2.0-float64-shape1-True]" time="0.002" /><testcase classname="src.cucim.skimage.filters.tests.test_unsharp_mask" name="test_unsharp_masking_output_type_and_shape[True-1.0-2.0-2.0-float64-shape2-False]" time="0.001" /><testcase classname="src.cucim.skimage.filters.tests.test_unsharp_mask" name="test_unsharp_masking_output_type_and_shape[True-1.0-2.0-2.0-float64-shape3-True]" time="0.002" /><testcase classname="src.cucim.skimage.filters.tests.test_unsharp_mask" name="test_unsharp_masking_output_type_and_shape[True-1.0-2.0-2.0-float64-shape4-False]" time="0.001" /><testcase classname="src.cucim.skimage.filters.tests.test_unsharp_mask" name="test_unsharp_masking_output_type_and_shape[True-1.0--1.0-0-uint8-shape0-False]" time="0.001" /><testcase classname="src.cucim.skimage.filters.tests.test_unsharp_mask" name="test_unsharp_masking_output_type_and_shape[True-1.0--1.0-0-uint8-shape1-True]" time="0.001" /><testcase classname="src.cucim.skimage.filters.tests.test_unsharp_mask" name="test_unsharp_masking_output_type_and_shape[True-1.0--1.0-0-uint8-shape2-False]" time="0.001" /><testcase classname="src.cucim.skimage.filters.tests.test_unsharp_mask" name="test_unsharp_masking_output_type_and_shape[True-1.0--1.0-0-uint8-shape3-True]" time="0.001" /><testcase classname="src.cucim.skimage.filters.tests.test_unsharp_mask" name="test_unsharp_masking_output_type_and_shape[True-1.0--1.0-0-uint8-shape4-False]" time="0.001" /><testcase classname="src.cucim.skimage.filters.tests.test_unsharp_mask" name="test_unsharp_masking_output_type_and_shape[True-1.0--1.0-0-int8-shape0-False]" time="0.001" /><testcase classname="src.cucim.skimage.filters.tests.test_unsharp_mask" name="test_unsharp_masking_output_type_and_shape[True-1.0--1.0-0-int8-shape1-True]" time="0.001" /><testcase classname="src.cucim.skimage.filters.tests.test_unsharp_mask" name="test_unsharp_masking_output_type_and_shape[True-1.0--1.0-0-int8-shape2-False]" time="0.001" /><testcase classname="src.cucim.skimage.filters.tests.test_unsharp_mask" name="test_unsharp_masking_output_type_and_shape[True-1.0--1.0-0-int8-shape3-True]" time="0.001" /><testcase classname="src.cucim.skimage.filters.tests.test_unsharp_mask" name="test_unsharp_masking_output_type_and_shape[True-1.0--1.0-0-int8-shape4-False]" time="0.001" /><testcase classname="src.cucim.skimage.filters.tests.test_unsharp_mask" name="test_unsharp_masking_output_type_and_shape[True-1.0--1.0-0-uint16-shape0-False]" time="0.001" /><testcase classname="src.cucim.skimage.filters.tests.test_unsharp_mask" name="test_unsharp_masking_output_type_and_shape[True-1.0--1.0-0-uint16-shape1-True]" time="0.001" /><testcase classname="src.cucim.skimage.filters.tests.test_unsharp_mask" name="test_unsharp_masking_output_type_and_shape[True-1.0--1.0-0-uint16-shape2-False]" time="0.001" /><testcase classname="src.cucim.skimage.filters.tests.test_unsharp_mask" name="test_unsharp_masking_output_type_and_shape[True-1.0--1.0-0-uint16-shape3-True]" time="0.001" /><testcase classname="src.cucim.skimage.filters.tests.test_unsharp_mask" name="test_unsharp_masking_output_type_and_shape[True-1.0--1.0-0-uint16-shape4-False]" time="0.001" /><testcase classname="src.cucim.skimage.filters.tests.test_unsharp_mask" name="test_unsharp_masking_output_type_and_shape[True-1.0--1.0-0-int16-shape0-False]" time="0.001" /><testcase classname="src.cucim.skimage.filters.tests.test_unsharp_mask" name="test_unsharp_masking_output_type_and_shape[True-1.0--1.0-0-int16-shape1-True]" time="0.001" /><testcase classname="src.cucim.skimage.filters.tests.test_unsharp_mask" name="test_unsharp_masking_output_type_and_shape[True-1.0--1.0-0-int16-shape2-False]" time="0.001" /><testcase classname="src.cucim.skimage.filters.tests.test_unsharp_mask" name="test_unsharp_masking_output_type_and_shape[True-1.0--1.0-0-int16-shape3-True]" time="0.001" /><testcase classname="src.cucim.skimage.filters.tests.test_unsharp_mask" name="test_unsharp_masking_output_type_and_shape[True-1.0--1.0-0-int16-shape4-False]" time="0.001" /><testcase classname="src.cucim.skimage.filters.tests.test_unsharp_mask" name="test_unsharp_masking_output_type_and_shape[True-1.0--1.0-0-uint32-shape0-False]" time="0.001" /><testcase classname="src.cucim.skimage.filters.tests.test_unsharp_mask" name="test_unsharp_masking_output_type_and_shape[True-1.0--1.0-0-uint32-shape1-True]" time="0.001" /><testcase classname="src.cucim.skimage.filters.tests.test_unsharp_mask" name="test_unsharp_masking_output_type_and_shape[True-1.0--1.0-0-uint32-shape2-False]" time="0.001" /><testcase classname="src.cucim.skimage.filters.tests.test_unsharp_mask" name="test_unsharp_masking_output_type_and_shape[True-1.0--1.0-0-uint32-shape3-True]" time="0.001" /><testcase classname="src.cucim.skimage.filters.tests.test_unsharp_mask" name="test_unsharp_masking_output_type_and_shape[True-1.0--1.0-0-uint32-shape4-False]" time="0.001" /><testcase classname="src.cucim.skimage.filters.tests.test_unsharp_mask" name="test_unsharp_masking_output_type_and_shape[True-1.0--1.0-0-int32-shape0-False]" time="0.001" /><testcase classname="src.cucim.skimage.filters.tests.test_unsharp_mask" name="test_unsharp_masking_output_type_and_shape[True-1.0--1.0-0-int32-shape1-True]" time="0.001" /><testcase classname="src.cucim.skimage.filters.tests.test_unsharp_mask" name="test_unsharp_masking_output_type_and_shape[True-1.0--1.0-0-int32-shape2-False]" time="0.001" /><testcase classname="src.cucim.skimage.filters.tests.test_unsharp_mask" name="test_unsharp_masking_output_type_and_shape[True-1.0--1.0-0-int32-shape3-True]" time="0.001" /><testcase classname="src.cucim.skimage.filters.tests.test_unsharp_mask" name="test_unsharp_masking_output_type_and_shape[True-1.0--1.0-0-int32-shape4-False]" time="0.001" /><testcase classname="src.cucim.skimage.filters.tests.test_unsharp_mask" name="test_unsharp_masking_output_type_and_shape[True-1.0--1.0-0-uint64-shape0-False]" time="0.001" /><testcase classname="src.cucim.skimage.filters.tests.test_unsharp_mask" name="test_unsharp_masking_output_type_and_shape[True-1.0--1.0-0-uint64-shape1-True]" time="0.001" /><testcase classname="src.cucim.skimage.filters.tests.test_unsharp_mask" name="test_unsharp_masking_output_type_and_shape[True-1.0--1.0-0-uint64-shape2-False]" time="0.001" /><testcase classname="src.cucim.skimage.filters.tests.test_unsharp_mask" name="test_unsharp_masking_output_type_and_shape[True-1.0--1.0-0-uint64-shape3-True]" time="0.001" /><testcase classname="src.cucim.skimage.filters.tests.test_unsharp_mask" name="test_unsharp_masking_output_type_and_shape[True-1.0--1.0-0-uint64-shape4-False]" time="0.001" /><testcase classname="src.cucim.skimage.filters.tests.test_unsharp_mask" name="test_unsharp_masking_output_type_and_shape[True-1.0--1.0-0-int64-shape0-False]" time="0.001" /><testcase classname="src.cucim.skimage.filters.tests.test_unsharp_mask" name="test_unsharp_masking_output_type_and_shape[True-1.0--1.0-0-int64-shape1-True]" time="0.001" /><testcase classname="src.cucim.skimage.filters.tests.test_unsharp_mask" name="test_unsharp_masking_output_type_and_shape[True-1.0--1.0-0-int64-shape2-False]" time="0.001" /><testcase classname="src.cucim.skimage.filters.tests.test_unsharp_mask" name="test_unsharp_masking_output_type_and_shape[True-1.0--1.0-0-int64-shape3-True]" time="0.001" /><testcase classname="src.cucim.skimage.filters.tests.test_unsharp_mask" name="test_unsharp_masking_output_type_and_shape[True-1.0--1.0-0-int64-shape4-False]" time="0.001" /><testcase classname="src.cucim.skimage.filters.tests.test_unsharp_mask" name="test_unsharp_masking_output_type_and_shape[True-1.0--1.0-0-float16-shape0-False]" time="0.001" /><testcase classname="src.cucim.skimage.filters.tests.test_unsharp_mask" name="test_unsharp_masking_output_type_and_shape[True-1.0--1.0-0-float16-shape1-True]" time="0.001" /><testcase classname="src.cucim.skimage.filters.tests.test_unsharp_mask" name="test_unsharp_masking_output_type_and_shape[True-1.0--1.0-0-float16-shape2-False]" time="0.001" /><testcase classname="src.cucim.skimage.filters.tests.test_unsharp_mask" name="test_unsharp_masking_output_type_and_shape[True-1.0--1.0-0-float16-shape3-True]" time="0.001" /><testcase classname="src.cucim.skimage.filters.tests.test_unsharp_mask" name="test_unsharp_masking_output_type_and_shape[True-1.0--1.0-0-float16-shape4-False]" time="0.001" /><testcase classname="src.cucim.skimage.filters.tests.test_unsharp_mask" name="test_unsharp_masking_output_type_and_shape[True-1.0--1.0-0-float32-shape0-False]" time="0.001" /><testcase classname="src.cucim.skimage.filters.tests.test_unsharp_mask" name="test_unsharp_masking_output_type_and_shape[True-1.0--1.0-0-float32-shape1-True]" time="0.001" /><testcase classname="src.cucim.skimage.filters.tests.test_unsharp_mask" name="test_unsharp_masking_output_type_and_shape[True-1.0--1.0-0-float32-shape2-False]" time="0.001" /><testcase classname="src.cucim.skimage.filters.tests.test_unsharp_mask" name="test_unsharp_masking_output_type_and_shape[True-1.0--1.0-0-float32-shape3-True]" time="0.001" /><testcase classname="src.cucim.skimage.filters.tests.test_unsharp_mask" name="test_unsharp_masking_output_type_and_shape[True-1.0--1.0-0-float32-shape4-False]" time="0.001" /><testcase classname="src.cucim.skimage.filters.tests.test_unsharp_mask" name="test_unsharp_masking_output_type_and_shape[True-1.0--1.0-0-float64-shape0-False]" time="0.001" /><testcase classname="src.cucim.skimage.filters.tests.test_unsharp_mask" name="test_unsharp_masking_output_type_and_shape[True-1.0--1.0-0-float64-shape1-True]" time="0.001" /><testcase classname="src.cucim.skimage.filters.tests.test_unsharp_mask" name="test_unsharp_masking_output_type_and_shape[True-1.0--1.0-0-float64-shape2-False]" time="0.001" /><testcase classname="src.cucim.skimage.filters.tests.test_unsharp_mask" name="test_unsharp_masking_output_type_and_shape[True-1.0--1.0-0-float64-shape3-True]" time="0.001" /><testcase classname="src.cucim.skimage.filters.tests.test_unsharp_mask" name="test_unsharp_masking_output_type_and_shape[True-1.0--1.0-0-float64-shape4-False]" time="0.001" /><testcase classname="src.cucim.skimage.filters.tests.test_unsharp_mask" name="test_unsharp_masking_output_type_and_shape[True-1.0--1.0-0.1-uint8-shape0-False]" time="0.001" /><testcase classname="src.cucim.skimage.filters.tests.test_unsharp_mask" name="test_unsharp_masking_output_type_and_shape[True-1.0--1.0-0.1-uint8-shape1-True]" time="0.001" /><testcase classname="src.cucim.skimage.filters.tests.test_unsharp_mask" name="test_unsharp_masking_output_type_and_shape[True-1.0--1.0-0.1-uint8-shape2-False]" time="0.001" /><testcase classname="src.cucim.skimage.filters.tests.test_unsharp_mask" name="test_unsharp_masking_output_type_and_shape[True-1.0--1.0-0.1-uint8-shape3-True]" time="0.001" /><testcase classname="src.cucim.skimage.filters.tests.test_unsharp_mask" name="test_unsharp_masking_output_type_and_shape[True-1.0--1.0-0.1-uint8-shape4-False]" time="0.001" /><testcase classname="src.cucim.skimage.filters.tests.test_unsharp_mask" name="test_unsharp_masking_output_type_and_shape[True-1.0--1.0-0.1-int8-shape0-False]" time="0.001" /><testcase classname="src.cucim.skimage.filters.tests.test_unsharp_mask" name="test_unsharp_masking_output_type_and_shape[True-1.0--1.0-0.1-int8-shape1-True]" time="0.001" /><testcase classname="src.cucim.skimage.filters.tests.test_unsharp_mask" name="test_unsharp_masking_output_type_and_shape[True-1.0--1.0-0.1-int8-shape2-False]" time="0.001" /><testcase classname="src.cucim.skimage.filters.tests.test_unsharp_mask" name="test_unsharp_masking_output_type_and_shape[True-1.0--1.0-0.1-int8-shape3-True]" time="0.001" /><testcase classname="src.cucim.skimage.filters.tests.test_unsharp_mask" name="test_unsharp_masking_output_type_and_shape[True-1.0--1.0-0.1-int8-shape4-False]" time="0.001" /><testcase classname="src.cucim.skimage.filters.tests.test_unsharp_mask" name="test_unsharp_masking_output_type_and_shape[True-1.0--1.0-0.1-uint16-shape0-False]" time="0.001" /><testcase classname="src.cucim.skimage.filters.tests.test_unsharp_mask" name="test_unsharp_masking_output_type_and_shape[True-1.0--1.0-0.1-uint16-shape1-True]" time="0.002" /><testcase classname="src.cucim.skimage.filters.tests.test_unsharp_mask" name="test_unsharp_masking_output_type_and_shape[True-1.0--1.0-0.1-uint16-shape2-False]" time="0.001" /><testcase classname="src.cucim.skimage.filters.tests.test_unsharp_mask" name="test_unsharp_masking_output_type_and_shape[True-1.0--1.0-0.1-uint16-shape3-True]" time="0.001" /><testcase classname="src.cucim.skimage.filters.tests.test_unsharp_mask" name="test_unsharp_masking_output_type_and_shape[True-1.0--1.0-0.1-uint16-shape4-False]" time="0.001" /><testcase classname="src.cucim.skimage.filters.tests.test_unsharp_mask" name="test_unsharp_masking_output_type_and_shape[True-1.0--1.0-0.1-int16-shape0-False]" time="0.001" /><testcase classname="src.cucim.skimage.filters.tests.test_unsharp_mask" name="test_unsharp_masking_output_type_and_shape[True-1.0--1.0-0.1-int16-shape1-True]" time="0.002" /><testcase classname="src.cucim.skimage.filters.tests.test_unsharp_mask" name="test_unsharp_masking_output_type_and_shape[True-1.0--1.0-0.1-int16-shape2-False]" time="0.001" /><testcase classname="src.cucim.skimage.filters.tests.test_unsharp_mask" name="test_unsharp_masking_output_type_and_shape[True-1.0--1.0-0.1-int16-shape3-True]" time="0.002" /><testcase classname="src.cucim.skimage.filters.tests.test_unsharp_mask" name="test_unsharp_masking_output_type_and_shape[True-1.0--1.0-0.1-int16-shape4-False]" time="0.001" /><testcase classname="src.cucim.skimage.filters.tests.test_unsharp_mask" name="test_unsharp_masking_output_type_and_shape[True-1.0--1.0-0.1-uint32-shape0-False]" time="0.001" /><testcase classname="src.cucim.skimage.filters.tests.test_unsharp_mask" name="test_unsharp_masking_output_type_and_shape[True-1.0--1.0-0.1-uint32-shape1-True]" time="0.002" /><testcase classname="src.cucim.skimage.filters.tests.test_unsharp_mask" name="test_unsharp_masking_output_type_and_shape[True-1.0--1.0-0.1-uint32-shape2-False]" time="0.001" /><testcase classname="src.cucim.skimage.filters.tests.test_unsharp_mask" name="test_unsharp_masking_output_type_and_shape[True-1.0--1.0-0.1-uint32-shape3-True]" time="0.002" /><testcase classname="src.cucim.skimage.filters.tests.test_unsharp_mask" name="test_unsharp_masking_output_type_and_shape[True-1.0--1.0-0.1-uint32-shape4-False]" time="0.001" /><testcase classname="src.cucim.skimage.filters.tests.test_unsharp_mask" name="test_unsharp_masking_output_type_and_shape[True-1.0--1.0-0.1-int32-shape0-False]" time="0.001" /><testcase classname="src.cucim.skimage.filters.tests.test_unsharp_mask" name="test_unsharp_masking_output_type_and_shape[True-1.0--1.0-0.1-int32-shape1-True]" time="0.001" /><testcase classname="src.cucim.skimage.filters.tests.test_unsharp_mask" name="test_unsharp_masking_output_type_and_shape[True-1.0--1.0-0.1-int32-shape2-False]" time="0.001" /><testcase classname="src.cucim.skimage.filters.tests.test_unsharp_mask" name="test_unsharp_masking_output_type_and_shape[True-1.0--1.0-0.1-int32-shape3-True]" time="0.001" /><testcase classname="src.cucim.skimage.filters.tests.test_unsharp_mask" name="test_unsharp_masking_output_type_and_shape[True-1.0--1.0-0.1-int32-shape4-False]" time="0.001" /><testcase classname="src.cucim.skimage.filters.tests.test_unsharp_mask" name="test_unsharp_masking_output_type_and_shape[True-1.0--1.0-0.1-uint64-shape0-False]" time="0.001" /><testcase classname="src.cucim.skimage.filters.tests.test_unsharp_mask" name="test_unsharp_masking_output_type_and_shape[True-1.0--1.0-0.1-uint64-shape1-True]" time="0.001" /><testcase classname="src.cucim.skimage.filters.tests.test_unsharp_mask" name="test_unsharp_masking_output_type_and_shape[True-1.0--1.0-0.1-uint64-shape2-False]" time="0.001" /><testcase classname="src.cucim.skimage.filters.tests.test_unsharp_mask" name="test_unsharp_masking_output_type_and_shape[True-1.0--1.0-0.1-uint64-shape3-True]" time="0.001" /><testcase classname="src.cucim.skimage.filters.tests.test_unsharp_mask" name="test_unsharp_masking_output_type_and_shape[True-1.0--1.0-0.1-uint64-shape4-False]" time="0.001" /><testcase classname="src.cucim.skimage.filters.tests.test_unsharp_mask" name="test_unsharp_masking_output_type_and_shape[True-1.0--1.0-0.1-int64-shape0-False]" time="0.001" /><testcase classname="src.cucim.skimage.filters.tests.test_unsharp_mask" name="test_unsharp_masking_output_type_and_shape[True-1.0--1.0-0.1-int64-shape1-True]" time="0.002" /><testcase classname="src.cucim.skimage.filters.tests.test_unsharp_mask" name="test_unsharp_masking_output_type_and_shape[True-1.0--1.0-0.1-int64-shape2-False]" time="0.001" /><testcase classname="src.cucim.skimage.filters.tests.test_unsharp_mask" name="test_unsharp_masking_output_type_and_shape[True-1.0--1.0-0.1-int64-shape3-True]" time="0.001" /><testcase classname="src.cucim.skimage.filters.tests.test_unsharp_mask" name="test_unsharp_masking_output_type_and_shape[True-1.0--1.0-0.1-int64-shape4-False]" time="0.001" /><testcase classname="src.cucim.skimage.filters.tests.test_unsharp_mask" name="test_unsharp_masking_output_type_and_shape[True-1.0--1.0-0.1-float16-shape0-False]" time="0.001" /><testcase classname="src.cucim.skimage.filters.tests.test_unsharp_mask" name="test_unsharp_masking_output_type_and_shape[True-1.0--1.0-0.1-float16-shape1-True]" time="0.001" /><testcase classname="src.cucim.skimage.filters.tests.test_unsharp_mask" name="test_unsharp_masking_output_type_and_shape[True-1.0--1.0-0.1-float16-shape2-False]" time="0.001" /><testcase classname="src.cucim.skimage.filters.tests.test_unsharp_mask" name="test_unsharp_masking_output_type_and_shape[True-1.0--1.0-0.1-float16-shape3-True]" time="0.002" /><testcase classname="src.cucim.skimage.filters.tests.test_unsharp_mask" name="test_unsharp_masking_output_type_and_shape[True-1.0--1.0-0.1-float16-shape4-False]" time="0.001" /><testcase classname="src.cucim.skimage.filters.tests.test_unsharp_mask" name="test_unsharp_masking_output_type_and_shape[True-1.0--1.0-0.1-float32-shape0-False]" time="0.001" /><testcase classname="src.cucim.skimage.filters.tests.test_unsharp_mask" name="test_unsharp_masking_output_type_and_shape[True-1.0--1.0-0.1-float32-shape1-True]" time="0.001" /><testcase classname="src.cucim.skimage.filters.tests.test_unsharp_mask" name="test_unsharp_masking_output_type_and_shape[True-1.0--1.0-0.1-float32-shape2-False]" time="0.001" /><testcase classname="src.cucim.skimage.filters.tests.test_unsharp_mask" name="test_unsharp_masking_output_type_and_shape[True-1.0--1.0-0.1-float32-shape3-True]" time="0.001" /><testcase classname="src.cucim.skimage.filters.tests.test_unsharp_mask" name="test_unsharp_masking_output_type_and_shape[True-1.0--1.0-0.1-float32-shape4-False]" time="0.001" /><testcase classname="src.cucim.skimage.filters.tests.test_unsharp_mask" name="test_unsharp_masking_output_type_and_shape[True-1.0--1.0-0.1-float64-shape0-False]" time="0.001" /><testcase classname="src.cucim.skimage.filters.tests.test_unsharp_mask" name="test_unsharp_masking_output_type_and_shape[True-1.0--1.0-0.1-float64-shape1-True]" time="0.001" /><testcase classname="src.cucim.skimage.filters.tests.test_unsharp_mask" name="test_unsharp_masking_output_type_and_shape[True-1.0--1.0-0.1-float64-shape2-False]" time="0.001" /><testcase classname="src.cucim.skimage.filters.tests.test_unsharp_mask" name="test_unsharp_masking_output_type_and_shape[True-1.0--1.0-0.1-float64-shape3-True]" time="0.001" /><testcase classname="src.cucim.skimage.filters.tests.test_unsharp_mask" name="test_unsharp_masking_output_type_and_shape[True-1.0--1.0-0.1-float64-shape4-False]" time="0.001" /><testcase classname="src.cucim.skimage.filters.tests.test_unsharp_mask" name="test_unsharp_masking_output_type_and_shape[True-1.0--1.0-2.0-uint8-shape0-False]" time="0.001" /><testcase classname="src.cucim.skimage.filters.tests.test_unsharp_mask" name="test_unsharp_masking_output_type_and_shape[True-1.0--1.0-2.0-uint8-shape1-True]" time="0.002" /><testcase classname="src.cucim.skimage.filters.tests.test_unsharp_mask" name="test_unsharp_masking_output_type_and_shape[True-1.0--1.0-2.0-uint8-shape2-False]" time="0.001" /><testcase classname="src.cucim.skimage.filters.tests.test_unsharp_mask" name="test_unsharp_masking_output_type_and_shape[True-1.0--1.0-2.0-uint8-shape3-True]" time="0.002" /><testcase classname="src.cucim.skimage.filters.tests.test_unsharp_mask" name="test_unsharp_masking_output_type_and_shape[True-1.0--1.0-2.0-uint8-shape4-False]" time="0.002" /><testcase classname="src.cucim.skimage.filters.tests.test_unsharp_mask" name="test_unsharp_masking_output_type_and_shape[True-1.0--1.0-2.0-int8-shape0-False]" time="0.001" /><testcase classname="src.cucim.skimage.filters.tests.test_unsharp_mask" name="test_unsharp_masking_output_type_and_shape[True-1.0--1.0-2.0-int8-shape1-True]" time="0.002" /><testcase classname="src.cucim.skimage.filters.tests.test_unsharp_mask" name="test_unsharp_masking_output_type_and_shape[True-1.0--1.0-2.0-int8-shape2-False]" time="0.001" /><testcase classname="src.cucim.skimage.filters.tests.test_unsharp_mask" name="test_unsharp_masking_output_type_and_shape[True-1.0--1.0-2.0-int8-shape3-True]" time="0.002" /><testcase classname="src.cucim.skimage.filters.tests.test_unsharp_mask" name="test_unsharp_masking_output_type_and_shape[True-1.0--1.0-2.0-int8-shape4-False]" time="0.002" /><testcase classname="src.cucim.skimage.filters.tests.test_unsharp_mask" name="test_unsharp_masking_output_type_and_shape[True-1.0--1.0-2.0-uint16-shape0-False]" time="0.001" /><testcase classname="src.cucim.skimage.filters.tests.test_unsharp_mask" name="test_unsharp_masking_output_type_and_shape[True-1.0--1.0-2.0-uint16-shape1-True]" time="0.002" /><testcase classname="src.cucim.skimage.filters.tests.test_unsharp_mask" name="test_unsharp_masking_output_type_and_shape[True-1.0--1.0-2.0-uint16-shape2-False]" time="0.001" /><testcase classname="src.cucim.skimage.filters.tests.test_unsharp_mask" name="test_unsharp_masking_output_type_and_shape[True-1.0--1.0-2.0-uint16-shape3-True]" time="0.002" /><testcase classname="src.cucim.skimage.filters.tests.test_unsharp_mask" name="test_unsharp_masking_output_type_and_shape[True-1.0--1.0-2.0-uint16-shape4-False]" time="0.002" /><testcase classname="src.cucim.skimage.filters.tests.test_unsharp_mask" name="test_unsharp_masking_output_type_and_shape[True-1.0--1.0-2.0-int16-shape0-False]" time="0.001" /><testcase classname="src.cucim.skimage.filters.tests.test_unsharp_mask" name="test_unsharp_masking_output_type_and_shape[True-1.0--1.0-2.0-int16-shape1-True]" time="0.002" /><testcase classname="src.cucim.skimage.filters.tests.test_unsharp_mask" name="test_unsharp_masking_output_type_and_shape[True-1.0--1.0-2.0-int16-shape2-False]" time="0.001" /><testcase classname="src.cucim.skimage.filters.tests.test_unsharp_mask" name="test_unsharp_masking_output_type_and_shape[True-1.0--1.0-2.0-int16-shape3-True]" time="0.003" /><testcase classname="src.cucim.skimage.filters.tests.test_unsharp_mask" name="test_unsharp_masking_output_type_and_shape[True-1.0--1.0-2.0-int16-shape4-False]" time="0.002" /><testcase classname="src.cucim.skimage.filters.tests.test_unsharp_mask" name="test_unsharp_masking_output_type_and_shape[True-1.0--1.0-2.0-uint32-shape0-False]" time="0.001" /><testcase classname="src.cucim.skimage.filters.tests.test_unsharp_mask" name="test_unsharp_masking_output_type_and_shape[True-1.0--1.0-2.0-uint32-shape1-True]" time="0.002" /><testcase classname="src.cucim.skimage.filters.tests.test_unsharp_mask" name="test_unsharp_masking_output_type_and_shape[True-1.0--1.0-2.0-uint32-shape2-False]" time="0.001" /><testcase classname="src.cucim.skimage.filters.tests.test_unsharp_mask" name="test_unsharp_masking_output_type_and_shape[True-1.0--1.0-2.0-uint32-shape3-True]" time="0.002" /><testcase classname="src.cucim.skimage.filters.tests.test_unsharp_mask" name="test_unsharp_masking_output_type_and_shape[True-1.0--1.0-2.0-uint32-shape4-False]" time="0.002" /><testcase classname="src.cucim.skimage.filters.tests.test_unsharp_mask" name="test_unsharp_masking_output_type_and_shape[True-1.0--1.0-2.0-int32-shape0-False]" time="0.001" /><testcase classname="src.cucim.skimage.filters.tests.test_unsharp_mask" name="test_unsharp_masking_output_type_and_shape[True-1.0--1.0-2.0-int32-shape1-True]" time="0.002" /><testcase classname="src.cucim.skimage.filters.tests.test_unsharp_mask" name="test_unsharp_masking_output_type_and_shape[True-1.0--1.0-2.0-int32-shape2-False]" time="0.001" /><testcase classname="src.cucim.skimage.filters.tests.test_unsharp_mask" name="test_unsharp_masking_output_type_and_shape[True-1.0--1.0-2.0-int32-shape3-True]" time="0.002" /><testcase classname="src.cucim.skimage.filters.tests.test_unsharp_mask" name="test_unsharp_masking_output_type_and_shape[True-1.0--1.0-2.0-int32-shape4-False]" time="0.002" /><testcase classname="src.cucim.skimage.filters.tests.test_unsharp_mask" name="test_unsharp_masking_output_type_and_shape[True-1.0--1.0-2.0-uint64-shape0-False]" time="0.001" /><testcase classname="src.cucim.skimage.filters.tests.test_unsharp_mask" name="test_unsharp_masking_output_type_and_shape[True-1.0--1.0-2.0-uint64-shape1-True]" time="0.002" /><testcase classname="src.cucim.skimage.filters.tests.test_unsharp_mask" name="test_unsharp_masking_output_type_and_shape[True-1.0--1.0-2.0-uint64-shape2-False]" time="0.001" /><testcase classname="src.cucim.skimage.filters.tests.test_unsharp_mask" name="test_unsharp_masking_output_type_and_shape[True-1.0--1.0-2.0-uint64-shape3-True]" time="0.002" /><testcase classname="src.cucim.skimage.filters.tests.test_unsharp_mask" name="test_unsharp_masking_output_type_and_shape[True-1.0--1.0-2.0-uint64-shape4-False]" time="0.002" /><testcase classname="src.cucim.skimage.filters.tests.test_unsharp_mask" name="test_unsharp_masking_output_type_and_shape[True-1.0--1.0-2.0-int64-shape0-False]" time="0.001" /><testcase classname="src.cucim.skimage.filters.tests.test_unsharp_mask" name="test_unsharp_masking_output_type_and_shape[True-1.0--1.0-2.0-int64-shape1-True]" time="0.002" /><testcase classname="src.cucim.skimage.filters.tests.test_unsharp_mask" name="test_unsharp_masking_output_type_and_shape[True-1.0--1.0-2.0-int64-shape2-False]" time="0.001" /><testcase classname="src.cucim.skimage.filters.tests.test_unsharp_mask" name="test_unsharp_masking_output_type_and_shape[True-1.0--1.0-2.0-int64-shape3-True]" time="0.002" /><testcase classname="src.cucim.skimage.filters.tests.test_unsharp_mask" name="test_unsharp_masking_output_type_and_shape[True-1.0--1.0-2.0-int64-shape4-False]" time="0.002" /><testcase classname="src.cucim.skimage.filters.tests.test_unsharp_mask" name="test_unsharp_masking_output_type_and_shape[True-1.0--1.0-2.0-float16-shape0-False]" time="0.001" /><testcase classname="src.cucim.skimage.filters.tests.test_unsharp_mask" name="test_unsharp_masking_output_type_and_shape[True-1.0--1.0-2.0-float16-shape1-True]" time="0.002" /><testcase classname="src.cucim.skimage.filters.tests.test_unsharp_mask" name="test_unsharp_masking_output_type_and_shape[True-1.0--1.0-2.0-float16-shape2-False]" time="0.001" /><testcase classname="src.cucim.skimage.filters.tests.test_unsharp_mask" name="test_unsharp_masking_output_type_and_shape[True-1.0--1.0-2.0-float16-shape3-True]" time="0.002" /><testcase classname="src.cucim.skimage.filters.tests.test_unsharp_mask" name="test_unsharp_masking_output_type_and_shape[True-1.0--1.0-2.0-float16-shape4-False]" time="0.002" /><testcase classname="src.cucim.skimage.filters.tests.test_unsharp_mask" name="test_unsharp_masking_output_type_and_shape[True-1.0--1.0-2.0-float32-shape0-False]" time="0.001" /><testcase classname="src.cucim.skimage.filters.tests.test_unsharp_mask" name="test_unsharp_masking_output_type_and_shape[True-1.0--1.0-2.0-float32-shape1-True]" time="0.002" /><testcase classname="src.cucim.skimage.filters.tests.test_unsharp_mask" name="test_unsharp_masking_output_type_and_shape[True-1.0--1.0-2.0-float32-shape2-False]" time="0.001" /><testcase classname="src.cucim.skimage.filters.tests.test_unsharp_mask" name="test_unsharp_masking_output_type_and_shape[True-1.0--1.0-2.0-float32-shape3-True]" time="0.002" /><testcase classname="src.cucim.skimage.filters.tests.test_unsharp_mask" name="test_unsharp_masking_output_type_and_shape[True-1.0--1.0-2.0-float32-shape4-False]" time="0.002" /><testcase classname="src.cucim.skimage.filters.tests.test_unsharp_mask" name="test_unsharp_masking_output_type_and_shape[True-1.0--1.0-2.0-float64-shape0-False]" time="0.001" /><testcase classname="src.cucim.skimage.filters.tests.test_unsharp_mask" name="test_unsharp_masking_output_type_and_shape[True-1.0--1.0-2.0-float64-shape1-True]" time="0.002" /><testcase classname="src.cucim.skimage.filters.tests.test_unsharp_mask" name="test_unsharp_masking_output_type_and_shape[True-1.0--1.0-2.0-float64-shape2-False]" time="0.001" /><testcase classname="src.cucim.skimage.filters.tests.test_unsharp_mask" name="test_unsharp_masking_output_type_and_shape[True-1.0--1.0-2.0-float64-shape3-True]" time="0.002" /><testcase classname="src.cucim.skimage.filters.tests.test_unsharp_mask" name="test_unsharp_masking_output_type_and_shape[True-1.0--1.0-2.0-float64-shape4-False]" time="0.002" /><testcase classname="src.cucim.skimage.filters.tests.test_unsharp_mask" name="test_unsharp_masking_with_different_radii[False-radius0-shape0-False]" time="0.002" /><testcase classname="src.cucim.skimage.filters.tests.test_unsharp_mask" name="test_unsharp_masking_with_different_radii[False-radius0-shape1-True]" time="0.001" /><testcase classname="src.cucim.skimage.filters.tests.test_unsharp_mask" name="test_unsharp_masking_with_different_radii[False-radius0-shape2-True]" time="0.005" /><testcase classname="src.cucim.skimage.filters.tests.test_unsharp_mask" name="test_unsharp_masking_with_different_radii[False-radius1-shape0-False]" time="0.002" /><testcase classname="src.cucim.skimage.filters.tests.test_unsharp_mask" name="test_unsharp_masking_with_different_radii[False-radius1-shape1-True]" time="0.002" /><testcase classname="src.cucim.skimage.filters.tests.test_unsharp_mask" name="test_unsharp_masking_with_different_radii[False-radius1-shape2-True]" time="0.002" /><testcase classname="src.cucim.skimage.filters.tests.test_unsharp_mask" name="test_unsharp_masking_with_different_radii[False-radius2-shape0-False]" time="0.001" /><testcase classname="src.cucim.skimage.filters.tests.test_unsharp_mask" name="test_unsharp_masking_with_different_radii[False-radius2-shape1-True]" time="0.002" /><testcase classname="src.cucim.skimage.filters.tests.test_unsharp_mask" name="test_unsharp_masking_with_different_radii[False-radius2-shape2-True]" time="0.002" /><testcase classname="src.cucim.skimage.filters.tests.test_unsharp_mask" name="test_unsharp_masking_with_different_radii[True-radius0-shape0-False]" time="0.001" /><testcase classname="src.cucim.skimage.filters.tests.test_unsharp_mask" name="test_unsharp_masking_with_different_radii[True-radius0-shape1-True]" time="0.001" /><testcase classname="src.cucim.skimage.filters.tests.test_unsharp_mask" name="test_unsharp_masking_with_different_radii[True-radius0-shape2-True]" time="0.001" /><testcase classname="src.cucim.skimage.filters.tests.test_unsharp_mask" name="test_unsharp_masking_with_different_radii[True-radius1-shape0-False]" time="0.001" /><testcase classname="src.cucim.skimage.filters.tests.test_unsharp_mask" name="test_unsharp_masking_with_different_radii[True-radius1-shape1-True]" time="0.002" /><testcase classname="src.cucim.skimage.filters.tests.test_unsharp_mask" name="test_unsharp_masking_with_different_radii[True-radius1-shape2-True]" time="0.002" /><testcase classname="src.cucim.skimage.filters.tests.test_unsharp_mask" name="test_unsharp_masking_with_different_radii[True-radius2-shape0-False]" time="0.001" /><testcase classname="src.cucim.skimage.filters.tests.test_unsharp_mask" name="test_unsharp_masking_with_different_radii[True-radius2-shape1-True]" time="0.002" /><testcase classname="src.cucim.skimage.filters.tests.test_unsharp_mask" name="test_unsharp_masking_with_different_radii[True-radius2-shape2-True]" time="0.002" /><testcase classname="src.cucim.skimage.filters.tests.test_unsharp_mask" name="test_unsharp_masking_with_different_ranges[False--5-shape0-None]" time="0.068" /><testcase classname="src.cucim.skimage.filters.tests.test_unsharp_mask" name="test_unsharp_masking_with_different_ranges[False--5-shape1--1]" time="0.002" /><testcase classname="src.cucim.skimage.filters.tests.test_unsharp_mask" name="test_unsharp_masking_with_different_ranges[False--5-shape2--1]" time="0.003" /><testcase classname="src.cucim.skimage.filters.tests.test_unsharp_mask" name="test_unsharp_masking_with_different_ranges[False--5-shape3-0]" time="0.002" /><testcase classname="src.cucim.skimage.filters.tests.test_unsharp_mask" name="test_unsharp_masking_with_different_ranges[False--5-shape4-0]" time="0.003" /><testcase classname="src.cucim.skimage.filters.tests.test_unsharp_mask" name="test_unsharp_masking_with_different_ranges[False-0-shape0-None]" time="0.002" /><testcase classname="src.cucim.skimage.filters.tests.test_unsharp_mask" name="test_unsharp_masking_with_different_ranges[False-0-shape1--1]" time="0.002" /><testcase classname="src.cucim.skimage.filters.tests.test_unsharp_mask" name="test_unsharp_masking_with_different_ranges[False-0-shape2--1]" time="0.003" /><testcase classname="src.cucim.skimage.filters.tests.test_unsharp_mask" name="test_unsharp_masking_with_different_ranges[False-0-shape3-0]" time="0.002" /><testcase classname="src.cucim.skimage.filters.tests.test_unsharp_mask" name="test_unsharp_masking_with_different_ranges[False-0-shape4-0]" time="0.003" /><testcase classname="src.cucim.skimage.filters.tests.test_unsharp_mask" name="test_unsharp_masking_with_different_ranges[False-5-shape0-None]" time="0.002" /><testcase classname="src.cucim.skimage.filters.tests.test_unsharp_mask" name="test_unsharp_masking_with_different_ranges[False-5-shape1--1]" time="0.002" /><testcase classname="src.cucim.skimage.filters.tests.test_unsharp_mask" name="test_unsharp_masking_with_different_ranges[False-5-shape2--1]" time="0.003" /><testcase classname="src.cucim.skimage.filters.tests.test_unsharp_mask" name="test_unsharp_masking_with_different_ranges[False-5-shape3-0]" time="0.002" /><testcase classname="src.cucim.skimage.filters.tests.test_unsharp_mask" name="test_unsharp_masking_with_different_ranges[False-5-shape4-0]" time="0.002" /><testcase classname="src.cucim.skimage.filters.tests.test_unsharp_mask" name="test_unsharp_masking_with_different_ranges[True--5-shape0-None]" time="0.001" /><testcase classname="src.cucim.skimage.filters.tests.test_unsharp_mask" name="test_unsharp_masking_with_different_ranges[True--5-shape1--1]" time="0.002" /><testcase classname="src.cucim.skimage.filters.tests.test_unsharp_mask" name="test_unsharp_masking_with_different_ranges[True--5-shape2--1]" time="0.002" /><testcase classname="src.cucim.skimage.filters.tests.test_unsharp_mask" name="test_unsharp_masking_with_different_ranges[True--5-shape3-0]" time="0.002" /><testcase classname="src.cucim.skimage.filters.tests.test_unsharp_mask" name="test_unsharp_masking_with_different_ranges[True--5-shape4-0]" time="0.002" /><testcase classname="src.cucim.skimage.filters.tests.test_unsharp_mask" name="test_unsharp_masking_with_different_ranges[True-0-shape0-None]" time="0.001" /><testcase classname="src.cucim.skimage.filters.tests.test_unsharp_mask" name="test_unsharp_masking_with_different_ranges[True-0-shape1--1]" time="0.002" /><testcase classname="src.cucim.skimage.filters.tests.test_unsharp_mask" name="test_unsharp_masking_with_different_ranges[True-0-shape2--1]" time="0.002" /><testcase classname="src.cucim.skimage.filters.tests.test_unsharp_mask" name="test_unsharp_masking_with_different_ranges[True-0-shape3-0]" time="0.002" /><testcase classname="src.cucim.skimage.filters.tests.test_unsharp_mask" name="test_unsharp_masking_with_different_ranges[True-0-shape4-0]" time="0.002" /><testcase classname="src.cucim.skimage.filters.tests.test_unsharp_mask" name="test_unsharp_masking_with_different_ranges[True-5-shape0-None]" time="0.001" /><testcase classname="src.cucim.skimage.filters.tests.test_unsharp_mask" name="test_unsharp_masking_with_different_ranges[True-5-shape1--1]" time="0.002" /><testcase classname="src.cucim.skimage.filters.tests.test_unsharp_mask" name="test_unsharp_masking_with_different_ranges[True-5-shape2--1]" time="0.002" /><testcase classname="src.cucim.skimage.filters.tests.test_unsharp_mask" name="test_unsharp_masking_with_different_ranges[True-5-shape3-0]" time="0.002" /><testcase classname="src.cucim.skimage.filters.tests.test_unsharp_mask" name="test_unsharp_masking_with_different_ranges[True-5-shape4-0]" time="0.002" /><testcase classname="src.cucim.skimage.filters.tests.test_unsharp_mask" name="test_unsharp_masking_with_different_ranges_dep[False--5-shape0-None]" time="0.002" /><testcase classname="src.cucim.skimage.filters.tests.test_unsharp_mask" name="test_unsharp_masking_with_different_ranges_dep[False--5-shape1--1]" time="0.002" /><testcase classname="src.cucim.skimage.filters.tests.test_unsharp_mask" name="test_unsharp_masking_with_different_ranges_dep[False--5-shape2--1]" time="0.003" /><testcase classname="src.cucim.skimage.filters.tests.test_unsharp_mask" name="test_unsharp_masking_with_different_ranges_dep[False-0-shape0-None]" time="0.002" /><testcase classname="src.cucim.skimage.filters.tests.test_unsharp_mask" name="test_unsharp_masking_with_different_ranges_dep[False-0-shape1--1]" time="0.002" /><testcase classname="src.cucim.skimage.filters.tests.test_unsharp_mask" name="test_unsharp_masking_with_different_ranges_dep[False-0-shape2--1]" time="0.003" /><testcase classname="src.cucim.skimage.filters.tests.test_unsharp_mask" name="test_unsharp_masking_with_different_ranges_dep[False-5-shape0-None]" time="0.002" /><testcase classname="src.cucim.skimage.filters.tests.test_unsharp_mask" name="test_unsharp_masking_with_different_ranges_dep[False-5-shape1--1]" time="0.002" /><testcase classname="src.cucim.skimage.filters.tests.test_unsharp_mask" name="test_unsharp_masking_with_different_ranges_dep[False-5-shape2--1]" time="0.003" /><testcase classname="src.cucim.skimage.filters.tests.test_unsharp_mask" name="test_unsharp_masking_with_different_ranges_dep[True--5-shape0-None]" time="0.001" /><testcase classname="src.cucim.skimage.filters.tests.test_unsharp_mask" name="test_unsharp_masking_with_different_ranges_dep[True--5-shape1--1]" time="0.002" /><testcase classname="src.cucim.skimage.filters.tests.test_unsharp_mask" name="test_unsharp_masking_with_different_ranges_dep[True--5-shape2--1]" time="0.002" /><testcase classname="src.cucim.skimage.filters.tests.test_unsharp_mask" name="test_unsharp_masking_with_different_ranges_dep[True-0-shape0-None]" time="0.001" /><testcase classname="src.cucim.skimage.filters.tests.test_unsharp_mask" name="test_unsharp_masking_with_different_ranges_dep[True-0-shape1--1]" time="0.002" /><testcase classname="src.cucim.skimage.filters.tests.test_unsharp_mask" name="test_unsharp_masking_with_different_ranges_dep[True-0-shape2--1]" time="0.002" /><testcase classname="src.cucim.skimage.filters.tests.test_unsharp_mask" name="test_unsharp_masking_with_different_ranges_dep[True-5-shape0-None]" time="0.002" /><testcase classname="src.cucim.skimage.filters.tests.test_unsharp_mask" name="test_unsharp_masking_with_different_ranges_dep[True-5-shape1--1]" time="0.002" /><testcase classname="src.cucim.skimage.filters.tests.test_unsharp_mask" name="test_unsharp_masking_with_different_ranges_dep[True-5-shape2--1]" time="0.002" /><testcase classname="src.cucim.skimage.filters.tests.test_unsharp_mask" name="test_unsharp_masking_dtypes[uint8-False-shape0-None]" time="0.002" /><testcase classname="src.cucim.skimage.filters.tests.test_unsharp_mask" name="test_unsharp_masking_dtypes[uint8-False-shape1--1]" time="0.002" /><testcase classname="src.cucim.skimage.filters.tests.test_unsharp_mask" name="test_unsharp_masking_dtypes[uint8-False-shape2--1]" time="0.002" /><testcase classname="src.cucim.skimage.filters.tests.test_unsharp_mask" name="test_unsharp_masking_dtypes[uint8-True-shape0-None]" time="0.001" /><testcase classname="src.cucim.skimage.filters.tests.test_unsharp_mask" name="test_unsharp_masking_dtypes[uint8-True-shape1--1]" time="0.002" /><testcase classname="src.cucim.skimage.filters.tests.test_unsharp_mask" name="test_unsharp_masking_dtypes[uint8-True-shape2--1]" time="0.002" /><testcase classname="src.cucim.skimage.filters.tests.test_unsharp_mask" name="test_unsharp_masking_dtypes[float16-False-shape0-None]" time="0.002" /><testcase classname="src.cucim.skimage.filters.tests.test_unsharp_mask" name="test_unsharp_masking_dtypes[float16-False-shape1--1]" time="0.002" /><testcase classname="src.cucim.skimage.filters.tests.test_unsharp_mask" name="test_unsharp_masking_dtypes[float16-False-shape2--1]" time="0.003" /><testcase classname="src.cucim.skimage.filters.tests.test_unsharp_mask" name="test_unsharp_masking_dtypes[float16-True-shape0-None]" time="0.001" /><testcase classname="src.cucim.skimage.filters.tests.test_unsharp_mask" name="test_unsharp_masking_dtypes[float16-True-shape1--1]" time="0.002" /><testcase classname="src.cucim.skimage.filters.tests.test_unsharp_mask" name="test_unsharp_masking_dtypes[float16-True-shape2--1]" time="0.002" /><testcase classname="src.cucim.skimage.filters.tests.test_unsharp_mask" name="test_unsharp_masking_dtypes[float32-False-shape0-None]" time="0.002" /><testcase classname="src.cucim.skimage.filters.tests.test_unsharp_mask" name="test_unsharp_masking_dtypes[float32-False-shape1--1]" time="0.002" /><testcase classname="src.cucim.skimage.filters.tests.test_unsharp_mask" name="test_unsharp_masking_dtypes[float32-False-shape2--1]" time="0.003" /><testcase classname="src.cucim.skimage.filters.tests.test_unsharp_mask" name="test_unsharp_masking_dtypes[float32-True-shape0-None]" time="0.001" /><testcase classname="src.cucim.skimage.filters.tests.test_unsharp_mask" name="test_unsharp_masking_dtypes[float32-True-shape1--1]" time="0.002" /><testcase classname="src.cucim.skimage.filters.tests.test_unsharp_mask" name="test_unsharp_masking_dtypes[float32-True-shape2--1]" time="0.002" /><testcase classname="src.cucim.skimage.filters.tests.test_unsharp_mask" name="test_unsharp_masking_dtypes[float64-False-shape0-None]" time="0.002" /><testcase classname="src.cucim.skimage.filters.tests.test_unsharp_mask" name="test_unsharp_masking_dtypes[float64-False-shape1--1]" time="0.002" /><testcase classname="src.cucim.skimage.filters.tests.test_unsharp_mask" name="test_unsharp_masking_dtypes[float64-False-shape2--1]" time="0.002" /><testcase classname="src.cucim.skimage.filters.tests.test_unsharp_mask" name="test_unsharp_masking_dtypes[float64-True-shape0-None]" time="0.001" /><testcase classname="src.cucim.skimage.filters.tests.test_unsharp_mask" name="test_unsharp_masking_dtypes[float64-True-shape1--1]" time="0.002" /><testcase classname="src.cucim.skimage.filters.tests.test_unsharp_mask" name="test_unsharp_masking_dtypes[float64-True-shape2--1]" time="0.002" /><testcase classname="src.cucim.skimage.filters.tests.test_window" name="test_window_shape_isotropic[2-5]" time="0.302" /><testcase classname="src.cucim.skimage.filters.tests.test_window" name="test_window_shape_isotropic[2-6]" time="0.084" /><testcase classname="src.cucim.skimage.filters.tests.test_window" name="test_window_shape_isotropic[3-5]" time="0.292" /><testcase classname="src.cucim.skimage.filters.tests.test_window" name="test_window_shape_isotropic[3-6]" time="0.088" /><testcase classname="src.cucim.skimage.filters.tests.test_window" name="test_window_shape_isotropic[4-5]" time="0.096" /><testcase classname="src.cucim.skimage.filters.tests.test_window" name="test_window_shape_isotropic[4-6]" time="0.096" /><testcase classname="src.cucim.skimage.filters.tests.test_window" name="test_window_shape_anisotropic[shape0]" time="0.084" /><testcase classname="src.cucim.skimage.filters.tests.test_window" name="test_window_shape_anisotropic[shape1]" time="0.084" /><testcase classname="src.cucim.skimage.filters.tests.test_window" name="test_window_shape_anisotropic[shape2]" time="0.089" /><testcase classname="src.cucim.skimage.filters.tests.test_window" name="test_window_anisotropic_amplitude[shape0]" time="0.169" /><testcase classname="src.cucim.skimage.filters.tests.test_window" name="test_window_anisotropic_amplitude[shape1]" time="0.083" /><testcase classname="src.cucim.skimage.filters.tests.test_window" name="test_window_type[16]" time="0.087" /><testcase classname="src.cucim.skimage.filters.tests.test_window" name="test_window_type[triang]" time="0.002" /><testcase classname="src.cucim.skimage.filters.tests.test_window" name="test_window_type[wintype2]" time="0.002" /><testcase classname="src.cucim.skimage.filters.tests.test_window" name="test_window_1d[10]" time="0.080" /><testcase classname="src.cucim.skimage.filters.tests.test_window" name="test_window_1d[11]" time="0.079" /><testcase classname="src.cucim.skimage.filters.tests.test_window" name="test_window_invalid_shape" time="0.002" /><testcase classname="src.cucim.skimage.measure.tests.test_block" name="test_block_reduce_sum" time="0.084" /><testcase classname="src.cucim.skimage.measure.tests.test_block" name="test_block_reduce_mean" time="0.100" /><testcase classname="src.cucim.skimage.measure.tests.test_block" name="test_block_reduce_median" time="0.257" /><testcase classname="src.cucim.skimage.measure.tests.test_block" name="test_block_reduce_min" time="0.099" /><testcase classname="src.cucim.skimage.measure.tests.test_block" name="test_block_reduce_max" time="0.099" /><testcase classname="src.cucim.skimage.measure.tests.test_block" name="test_invalid_block_size" time="0.001" /><testcase classname="src.cucim.skimage.measure.tests.test_block" name="test_default_block_size" time="0.001" /><testcase classname="src.cucim.skimage.measure.tests.test_block" name="test_scalar_block_size" time="0.001" /><testcase classname="src.cucim.skimage.measure.tests.test_block" name="test_func_kwargs_same_dtype" time="0.000"><skipped type="pytest.skip" message="cupy.mean doesn't support setting dtype=cupy.uint8">/home/goplanid/cucim/python/cucim/src/cucim/skimage/measure/tests/test_block.py:127: cupy.mean doesn't support setting dtype=cupy.uint8</skipped></testcase><testcase classname="src.cucim.skimage.measure.tests.test_block" name="test_func_kwargs_different_dtype" time="0.103" /><testcase classname="src.cucim.skimage.measure.tests.test_blur_effect" name="test_blur_effect" time="1.548" /><testcase classname="src.cucim.skimage.measure.tests.test_blur_effect" name="test_blur_effect_h_size" time="1.529" /><testcase classname="src.cucim.skimage.measure.tests.test_blur_effect" name="test_blur_effect_channel_axis" time="0.015" /><testcase classname="src.cucim.skimage.measure.tests.test_blur_effect" name="test_blur_effect_3d" time="4.024" /><testcase classname="src.cucim.skimage.measure.tests.test_ccomp.TestConnectedComponents" name="test_basic" time="0.234" /><testcase classname="src.cucim.skimage.measure.tests.test_ccomp.TestConnectedComponents" name="test_random" time="0.032" /><testcase classname="src.cucim.skimage.measure.tests.test_ccomp.TestConnectedComponents" name="test_diag" time="0.002" /><testcase classname="src.cucim.skimage.measure.tests.test_ccomp.TestConnectedComponents" name="test_4_vs_8" time="0.002" /><testcase classname="src.cucim.skimage.measure.tests.test_ccomp.TestConnectedComponents" name="test_background" time="0.002" /><testcase classname="src.cucim.skimage.measure.tests.test_ccomp.TestConnectedComponents" name="test_background_two_regions" time="0.002" /><testcase classname="src.cucim.skimage.measure.tests.test_ccomp.TestConnectedComponents" name="test_background_one_region_center" time="0.002" /><testcase classname="src.cucim.skimage.measure.tests.test_ccomp.TestConnectedComponents" name="test_return_num" time="0.002" /><testcase classname="src.cucim.skimage.measure.tests.test_ccomp.TestConnectedComponents3d" name="test_basic" time="0.287" /><testcase classname="src.cucim.skimage.measure.tests.test_ccomp.TestConnectedComponents3d" name="test_random" time="0.034" /><testcase classname="src.cucim.skimage.measure.tests.test_ccomp.TestConnectedComponents3d" name="test_diag" time="0.002" /><testcase classname="src.cucim.skimage.measure.tests.test_ccomp.TestConnectedComponents3d" name="test_4_vs_8" time="0.002" /><testcase classname="src.cucim.skimage.measure.tests.test_ccomp.TestConnectedComponents3d" name="test_connectivity_1_vs_2" time="0.002" /><testcase classname="src.cucim.skimage.measure.tests.test_ccomp.TestConnectedComponents3d" name="test_background" time="0.002" /><testcase classname="src.cucim.skimage.measure.tests.test_ccomp.TestConnectedComponents3d" name="test_background_two_regions" time="0.002" /><testcase classname="src.cucim.skimage.measure.tests.test_ccomp.TestConnectedComponents3d" name="test_background_one_region_center" time="0.002" /><testcase classname="src.cucim.skimage.measure.tests.test_ccomp.TestConnectedComponents3d" name="test_return_num" time="0.002" /><testcase classname="src.cucim.skimage.measure.tests.test_ccomp.TestConnectedComponents3d" name="test_1D" time="0.289" /><testcase classname="src.cucim.skimage.measure.tests.test_colocalization" name="test_invalid_input" time="0.003" /><testcase classname="src.cucim.skimage.measure.tests.test_colocalization" name="test_pcc" time="0.132" /><testcase classname="src.cucim.skimage.measure.tests.test_colocalization" name="test_mcc" time="0.135" /><testcase classname="src.cucim.skimage.measure.tests.test_colocalization" name="test_moc" time="0.068" /><testcase classname="src.cucim.skimage.measure.tests.test_colocalization" name="test_intersection_coefficient" time="0.001" /><testcase classname="src.cucim.skimage.measure.tests.test_entropy" name="test_shannon_ones" time="0.080" /><testcase classname="src.cucim.skimage.measure.tests.test_entropy" name="test_shannon_all_unique" time="0.002" /><testcase classname="src.cucim.skimage.measure.tests.test_moments" name="test_moments[False-float32]" time="0.267" /><testcase classname="src.cucim.skimage.measure.tests.test_moments" name="test_moments[False-float64]" time="0.097" /><testcase classname="src.cucim.skimage.measure.tests.test_moments" name="test_moments[True-float32]" time="0.001" /><testcase classname="src.cucim.skimage.measure.tests.test_moments" name="test_moments[True-float64]" time="0.001" /><testcase classname="src.cucim.skimage.measure.tests.test_moments" name="test_moments[None-float32]" time="0.001" /><testcase classname="src.cucim.skimage.measure.tests.test_moments" name="test_moments[None-float64]" time="0.002" /><testcase classname="src.cucim.skimage.measure.tests.test_moments" name="test_moments_central[False-float32]" time="0.077" /><testcase classname="src.cucim.skimage.measure.tests.test_moments" name="test_moments_central[False-float64]" time="0.002" /><testcase classname="src.cucim.skimage.measure.tests.test_moments" name="test_moments_central[True-float32]" time="0.002" /><testcase classname="src.cucim.skimage.measure.tests.test_moments" name="test_moments_central[True-float64]" time="0.002" /><testcase classname="src.cucim.skimage.measure.tests.test_moments" name="test_moments_central[None-float32]" time="0.002" /><testcase classname="src.cucim.skimage.measure.tests.test_moments" name="test_moments_central[None-float64]" time="0.002" /><testcase classname="src.cucim.skimage.measure.tests.test_moments" name="test_moments_coords" time="0.103" /><testcase classname="src.cucim.skimage.measure.tests.test_moments" name="test_moments_coords_dtype[float16]" time="0.236" /><testcase classname="src.cucim.skimage.measure.tests.test_moments" name="test_moments_coords_dtype[float32]" time="0.002" /><testcase classname="src.cucim.skimage.measure.tests.test_moments" name="test_moments_coords_dtype[float64]" time="0.001" /><testcase classname="src.cucim.skimage.measure.tests.test_moments" name="test_moments_central_coords" time="0.003" /><testcase classname="src.cucim.skimage.measure.tests.test_moments" name="test_moments_normalized" time="0.099" /><testcase classname="src.cucim.skimage.measure.tests.test_moments" name="test_moments_normalized_spacing[False]" time="0.108" /><testcase classname="src.cucim.skimage.measure.tests.test_moments" name="test_moments_normalized_spacing[True]" time="0.002" /><testcase classname="src.cucim.skimage.measure.tests.test_moments" name="test_moments_normalized_3d" time="0.243" /><testcase classname="src.cucim.skimage.measure.tests.test_moments" name="test_analytical_moments_calculation[2-1-uint8]" time="0.076" /><testcase classname="src.cucim.skimage.measure.tests.test_moments" name="test_analytical_moments_calculation[2-1-int32]" time="0.005" /><testcase classname="src.cucim.skimage.measure.tests.test_moments" name="test_analytical_moments_calculation[2-1-float32]" time="0.003" /><testcase classname="src.cucim.skimage.measure.tests.test_moments" name="test_analytical_moments_calculation[2-1-float64]" time="0.003" /><testcase classname="src.cucim.skimage.measure.tests.test_moments" name="test_analytical_moments_calculation[2-2-uint8]" time="0.071" /><testcase classname="src.cucim.skimage.measure.tests.test_moments" name="test_analytical_moments_calculation[2-2-int32]" time="0.002" /><testcase classname="src.cucim.skimage.measure.tests.test_moments" name="test_analytical_moments_calculation[2-2-float32]" time="0.003" /><testcase classname="src.cucim.skimage.measure.tests.test_moments" name="test_analytical_moments_calculation[2-2-float64]" time="0.003" /><testcase classname="src.cucim.skimage.measure.tests.test_moments" name="test_analytical_moments_calculation[2-3-uint8]" time="0.002" /><testcase classname="src.cucim.skimage.measure.tests.test_moments" name="test_analytical_moments_calculation[2-3-int32]" time="0.002" /><testcase classname="src.cucim.skimage.measure.tests.test_moments" name="test_analytical_moments_calculation[2-3-float32]" time="0.003" /><testcase classname="src.cucim.skimage.measure.tests.test_moments" name="test_analytical_moments_calculation[2-3-float64]" time="0.003" /><testcase classname="src.cucim.skimage.measure.tests.test_moments" name="test_analytical_moments_calculation[2-4-uint8]" time="0.003" /><testcase classname="src.cucim.skimage.measure.tests.test_moments" name="test_analytical_moments_calculation[2-4-int32]" time="0.003" /><testcase classname="src.cucim.skimage.measure.tests.test_moments" name="test_analytical_moments_calculation[2-4-float32]" time="0.004" /><testcase classname="src.cucim.skimage.measure.tests.test_moments" name="test_analytical_moments_calculation[2-4-float64]" time="0.004" /><testcase classname="src.cucim.skimage.measure.tests.test_moments" name="test_analytical_moments_calculation[3-1-uint8]" time="0.065" /><testcase classname="src.cucim.skimage.measure.tests.test_moments" name="test_analytical_moments_calculation[3-1-int32]" time="0.003" /><testcase classname="src.cucim.skimage.measure.tests.test_moments" name="test_analytical_moments_calculation[3-1-float32]" time="0.005" /><testcase classname="src.cucim.skimage.measure.tests.test_moments" name="test_analytical_moments_calculation[3-1-float64]" time="0.006" /><testcase classname="src.cucim.skimage.measure.tests.test_moments" name="test_analytical_moments_calculation[3-2-uint8]" time="0.073" /><testcase classname="src.cucim.skimage.measure.tests.test_moments" name="test_analytical_moments_calculation[3-2-int32]" time="0.003" /><testcase classname="src.cucim.skimage.measure.tests.test_moments" name="test_analytical_moments_calculation[3-2-float32]" time="0.005" /><testcase classname="src.cucim.skimage.measure.tests.test_moments" name="test_analytical_moments_calculation[3-2-float64]" time="0.006" /><testcase classname="src.cucim.skimage.measure.tests.test_moments" name="test_analytical_moments_calculation[3-3-uint8]" time="0.003" /><testcase classname="src.cucim.skimage.measure.tests.test_moments" name="test_analytical_moments_calculation[3-3-int32]" time="0.003" /><testcase classname="src.cucim.skimage.measure.tests.test_moments" name="test_analytical_moments_calculation[3-3-float32]" time="0.005" /><testcase classname="src.cucim.skimage.measure.tests.test_moments" name="test_analytical_moments_calculation[3-3-float64]" time="0.006" /><testcase classname="src.cucim.skimage.measure.tests.test_moments" name="test_analytical_moments_calculation[3-4-uint8]" time="0.006" /><testcase classname="src.cucim.skimage.measure.tests.test_moments" name="test_analytical_moments_calculation[3-4-int32]" time="0.006" /><testcase classname="src.cucim.skimage.measure.tests.test_moments" name="test_analytical_moments_calculation[3-4-float32]" time="0.008" /><testcase classname="src.cucim.skimage.measure.tests.test_moments" name="test_analytical_moments_calculation[3-4-float64]" time="0.008" /><testcase classname="src.cucim.skimage.measure.tests.test_moments" name="test_analytical_moments_calculation[4-1-uint8]" time="0.078" /><testcase classname="src.cucim.skimage.measure.tests.test_moments" name="test_analytical_moments_calculation[4-1-int32]" time="0.077" /><testcase classname="src.cucim.skimage.measure.tests.test_moments" name="test_analytical_moments_calculation[4-1-float32]" time="0.004" /><testcase classname="src.cucim.skimage.measure.tests.test_moments" name="test_analytical_moments_calculation[4-1-float64]" time="0.004" /><testcase classname="src.cucim.skimage.measure.tests.test_moments" name="test_analytical_moments_calculation[4-2-uint8]" time="0.004" /><testcase classname="src.cucim.skimage.measure.tests.test_moments" name="test_analytical_moments_calculation[4-2-int32]" time="0.004" /><testcase classname="src.cucim.skimage.measure.tests.test_moments" name="test_analytical_moments_calculation[4-2-float32]" time="0.004" /><testcase classname="src.cucim.skimage.measure.tests.test_moments" name="test_analytical_moments_calculation[4-2-float64]" time="0.004" /><testcase classname="src.cucim.skimage.measure.tests.test_moments" name="test_analytical_moments_calculation[4-3-uint8]" time="0.006" /><testcase classname="src.cucim.skimage.measure.tests.test_moments" name="test_analytical_moments_calculation[4-3-int32]" time="0.006" /><testcase classname="src.cucim.skimage.measure.tests.test_moments" name="test_analytical_moments_calculation[4-3-float32]" time="0.007" /><testcase classname="src.cucim.skimage.measure.tests.test_moments" name="test_analytical_moments_calculation[4-3-float64]" time="0.006" /><testcase classname="src.cucim.skimage.measure.tests.test_moments" name="test_analytical_moments_calculation[4-4-uint8]" time="0.011" /><testcase classname="src.cucim.skimage.measure.tests.test_moments" name="test_analytical_moments_calculation[4-4-int32]" time="0.012" /><testcase classname="src.cucim.skimage.measure.tests.test_moments" name="test_analytical_moments_calculation[4-4-float32]" time="0.012" /><testcase classname="src.cucim.skimage.measure.tests.test_moments" name="test_analytical_moments_calculation[4-4-float64]" time="0.013" /><testcase classname="src.cucim.skimage.measure.tests.test_moments" name="test_moments_normalized_invalid" time="0.000" /><testcase classname="src.cucim.skimage.measure.tests.test_moments" name="test_moments_hu" time="0.005" /><testcase classname="src.cucim.skimage.measure.tests.test_moments" name="test_moments_dtype[float16]" time="0.103" /><testcase classname="src.cucim.skimage.measure.tests.test_moments" name="test_moments_dtype[float32]" time="0.002" /><testcase classname="src.cucim.skimage.measure.tests.test_moments" name="test_moments_dtype[float64]" time="0.001" /><testcase classname="src.cucim.skimage.measure.tests.test_moments" name="test_centroid[float16]" time="0.002" /><testcase classname="src.cucim.skimage.measure.tests.test_moments" name="test_centroid[float32]" time="0.001" /><testcase classname="src.cucim.skimage.measure.tests.test_moments" name="test_centroid[float64]" time="0.001" /><testcase classname="src.cucim.skimage.measure.tests.test_moments" name="test_inertia_tensor_2d[float16]" time="0.136" /><testcase classname="src.cucim.skimage.measure.tests.test_moments" name="test_inertia_tensor_2d[float32]" time="0.002" /><testcase classname="src.cucim.skimage.measure.tests.test_moments" name="test_inertia_tensor_2d[float64]" time="0.139" /><testcase classname="src.cucim.skimage.measure.tests.test_moments" name="test_inertia_tensor_3d" time="0.314" /><testcase classname="src.cucim.skimage.measure.tests.test_moments" name="test_inertia_tensor_eigvals" time="0.001" /><testcase classname="src.cucim.skimage.measure.tests.test_polygon" name="test_approximate_polygon[float32]" time="1.015" /><testcase classname="src.cucim.skimage.measure.tests.test_polygon" name="test_approximate_polygon[float64]" time="0.478" /><testcase classname="src.cucim.skimage.measure.tests.test_polygon" name="test_subdivide_polygon[float32]" time="4.231" /><testcase classname="src.cucim.skimage.measure.tests.test_polygon" name="test_subdivide_polygon[float64]" time="4.236" /><testcase classname="src.cucim.skimage.measure.tests.test_profile" name="test_horizontal_rightward" time="0.316" /><testcase classname="src.cucim.skimage.measure.tests.test_profile" name="test_horizontal_leftward" time="0.002" /><testcase classname="src.cucim.skimage.measure.tests.test_profile" name="test_vertical_downward" time="0.002" /><testcase classname="src.cucim.skimage.measure.tests.test_profile" name="test_vertical_upward" time="0.002" /><testcase classname="src.cucim.skimage.measure.tests.test_profile" name="test_45deg_right_downward" time="0.149" /><testcase classname="src.cucim.skimage.measure.tests.test_profile" name="test_45deg_right_downward_interpolated" time="0.089" /><testcase classname="src.cucim.skimage.measure.tests.test_profile" name="test_45deg_right_upward" time="0.003" /><testcase classname="src.cucim.skimage.measure.tests.test_profile" name="test_45deg_left_upward" time="0.003" /><testcase classname="src.cucim.skimage.measure.tests.test_profile" name="test_45deg_left_downward" time="0.003" /><testcase classname="src.cucim.skimage.measure.tests.test_profile" name="test_pythagorean_triangle_right_downward" time="0.075" /><testcase classname="src.cucim.skimage.measure.tests.test_profile" name="test_pythagorean_triangle_right_downward_interpolated" time="0.084" /><testcase classname="src.cucim.skimage.measure.tests.test_profile" name="test_pythagorean_triangle_right_downward_linewidth" time="0.235" /><testcase classname="src.cucim.skimage.measure.tests.test_profile" name="test_pythagorean_triangle_right_upward_linewidth" time="0.004" /><testcase classname="src.cucim.skimage.measure.tests.test_profile" name="test_pythagorean_triangle_transpose_left_down_linewidth" time="0.004" /><testcase classname="src.cucim.skimage.measure.tests.test_profile" name="test_reduce_func_mean" time="0.076" /><testcase classname="src.cucim.skimage.measure.tests.test_profile" name="test_reduce_func_max" time="0.092" /><testcase classname="src.cucim.skimage.measure.tests.test_profile" name="test_reduce_func_sum" time="0.003" /><testcase classname="src.cucim.skimage.measure.tests.test_profile" name="test_reduce_func_mean_linewidth_1" time="0.071" /><testcase classname="src.cucim.skimage.measure.tests.test_profile" name="test_reduce_func_None_linewidth_1" time="0.002" /><testcase classname="src.cucim.skimage.measure.tests.test_profile" name="test_reduce_func_None_linewidth_3" time="0.073" /><testcase classname="src.cucim.skimage.measure.tests.test_profile" name="test_reduce_func_lambda_linewidth_3" time="0.169" /><testcase classname="src.cucim.skimage.measure.tests.test_profile" name="test_reduce_func_sqrt_linewidth_3" time="0.003" /><testcase classname="src.cucim.skimage.measure.tests.test_profile" name="test_reduce_func_sumofsqrt_linewidth_3" time="0.003" /><testcase classname="src.cucim.skimage.measure.tests.test_profile" name="test_oob_coodinates" time="0.003" /><testcase classname="src.cucim.skimage.measure.tests.test_profile" name="test_bool_array_input" time="0.413" /><testcase classname="src.cucim.skimage.measure.tests.test_regionprops" name="test_all_props" time="5.285" /><testcase classname="src.cucim.skimage.measure.tests.test_regionprops" name="test_all_props_3d" time="4.171" /><testcase classname="src.cucim.skimage.measure.tests.test_regionprops" name="test_num_pixels" time="0.001" /><testcase classname="src.cucim.skimage.measure.tests.test_regionprops" name="test_dtype" time="0.115" /><testcase classname="src.cucim.skimage.measure.tests.test_regionprops" name="test_ndim" time="0.117" /><testcase classname="src.cucim.skimage.measure.tests.test_regionprops" name="test_feret_diameter_max" time="0.248" /><testcase classname="src.cucim.skimage.measure.tests.test_regionprops" name="test_feret_diameter_max_3d" time="0.008" /><testcase classname="src.cucim.skimage.measure.tests.test_regionprops" name="test_area" time="0.245" /><testcase classname="src.cucim.skimage.measure.tests.test_regionprops" name="test_bbox" time="0.002" /><testcase classname="src.cucim.skimage.measure.tests.test_regionprops" name="test_area_bbox" time="0.002" /><testcase classname="src.cucim.skimage.measure.tests.test_regionprops" name="test_moments_central" time="0.129" /><testcase classname="src.cucim.skimage.measure.tests.test_regionprops" name="test_centroid" time="0.003" /><testcase classname="src.cucim.skimage.measure.tests.test_regionprops" name="test_centroid_3d" time="0.071" /><testcase classname="src.cucim.skimage.measure.tests.test_regionprops" name="test_area_convex" time="0.122" /><testcase classname="src.cucim.skimage.measure.tests.test_regionprops" name="test_image_convex" time="0.002" /><testcase classname="src.cucim.skimage.measure.tests.test_regionprops" name="test_coordinates" time="0.321" /><testcase classname="src.cucim.skimage.measure.tests.test_regionprops" name="test_coordinates_scaled" time="0.263" /><testcase classname="src.cucim.skimage.measure.tests.test_regionprops" name="test_slice" time="0.001" /><testcase classname="src.cucim.skimage.measure.tests.test_regionprops" name="test_eccentricity" time="0.087" /><testcase classname="src.cucim.skimage.measure.tests.test_regionprops" name="test_equivalent_diameter_area" time="0.186" /><testcase classname="src.cucim.skimage.measure.tests.test_regionprops" name="test_euler_number" time="0.144" /><testcase classname="src.cucim.skimage.measure.tests.test_regionprops" name="test_extent" time="0.002" /><testcase classname="src.cucim.skimage.measure.tests.test_regionprops" name="test_moments_hu" time="0.002" /><testcase classname="src.cucim.skimage.measure.tests.test_regionprops" name="test_image" time="0.001" /><testcase classname="src.cucim.skimage.measure.tests.test_regionprops" name="test_label" time="0.001" /><testcase classname="src.cucim.skimage.measure.tests.test_regionprops" name="test_area_filled" time="0.004" /><testcase classname="src.cucim.skimage.measure.tests.test_regionprops" name="test_image_filled" time="0.003" /><testcase classname="src.cucim.skimage.measure.tests.test_regionprops" name="test_axis_major_length" time="0.096" /><testcase classname="src.cucim.skimage.measure.tests.test_regionprops" name="test_intensity_max" time="0.001" /><testcase classname="src.cucim.skimage.measure.tests.test_regionprops" name="test_intensity_mean" time="0.001" /><testcase classname="src.cucim.skimage.measure.tests.test_regionprops" name="test_intensity_min" time="0.001" /><testcase classname="src.cucim.skimage.measure.tests.test_regionprops" name="test_axis_minor_length" time="0.006" /><testcase classname="src.cucim.skimage.measure.tests.test_regionprops" name="test_moments" time="0.007" /><testcase classname="src.cucim.skimage.measure.tests.test_regionprops" name="test_moments_normalized" time="0.120" /><testcase classname="src.cucim.skimage.measure.tests.test_regionprops" name="test_orientation" time="0.183" /><testcase classname="src.cucim.skimage.measure.tests.test_regionprops" name="test_perimeter" time="0.701" /><testcase classname="src.cucim.skimage.measure.tests.test_regionprops" name="test_perimeter_crofton" time="0.004" /><testcase classname="src.cucim.skimage.measure.tests.test_regionprops" name="test_solidity" time="0.073" /><testcase classname="src.cucim.skimage.measure.tests.test_regionprops" name="test_moments_weighted_central" time="0.012" /><testcase classname="src.cucim.skimage.measure.tests.test_regionprops" name="test_centroid_weighted" time="0.005" /><testcase classname="src.cucim.skimage.measure.tests.test_regionprops" name="test_moments_weighted_hu" time="0.002" /><testcase classname="src.cucim.skimage.measure.tests.test_regionprops" name="test_moments_weighted" time="0.009" /><testcase classname="src.cucim.skimage.measure.tests.test_regionprops" name="test_moments_weighted_normalized" time="0.004" /><testcase classname="src.cucim.skimage.measure.tests.test_regionprops" name="test_label_sequence" time="0.001" /><testcase classname="src.cucim.skimage.measure.tests.test_regionprops" name="test_pure_background" time="0.001" /><testcase classname="src.cucim.skimage.measure.tests.test_regionprops" name="test_invalid" time="0.001" /><testcase classname="src.cucim.skimage.measure.tests.test_regionprops" name="test_invalid_size" time="0.001" /><testcase classname="src.cucim.skimage.measure.tests.test_regionprops" name="test_equals" time="1.934" /><testcase classname="src.cucim.skimage.measure.tests.test_regionprops" name="test_iterate_all_props" time="0.017" /><testcase classname="src.cucim.skimage.measure.tests.test_regionprops" name="test_cache" time="0.002" /><testcase classname="src.cucim.skimage.measure.tests.test_regionprops" name="test_disabled_cache_is_empty" time="0.001" /><testcase classname="src.cucim.skimage.measure.tests.test_regionprops" name="test_docstrings_and_props" time="0.001" /><testcase classname="src.cucim.skimage.measure.tests.test_regionprops" name="test_props_to_dict" time="0.071" /><testcase classname="src.cucim.skimage.measure.tests.test_regionprops" name="test_regionprops_table" time="0.003" /><testcase classname="src.cucim.skimage.measure.tests.test_regionprops" name="test_regionprops_table_deprecated_vector_property" time="0.001" /><testcase classname="src.cucim.skimage.measure.tests.test_regionprops" name="test_regionprops_table_deprecated_scalar_property" time="0.001" /><testcase classname="src.cucim.skimage.measure.tests.test_regionprops" name="test_regionprops_table_equal_to_original" time="0.114" /><testcase classname="src.cucim.skimage.measure.tests.test_regionprops" name="test_regionprops_table_no_regions" time="0.001" /><testcase classname="src.cucim.skimage.measure.tests.test_regionprops" name="test_column_dtypes_complete" time="0.000" /><testcase classname="src.cucim.skimage.measure.tests.test_regionprops" name="test_column_dtypes_correct" time="0.010" /><testcase classname="src.cucim.skimage.measure.tests.test_regionprops" name="test_all_documented_items_in_col_dtypes" time="0.002" /><testcase classname="src.cucim.skimage.measure.tests.test_regionprops" name="test_extra_properties" time="0.001" /><testcase classname="src.cucim.skimage.measure.tests.test_regionprops" name="test_extra_properties_intensity" time="0.001" /><testcase classname="src.cucim.skimage.measure.tests.test_regionprops" name="test_intensity_image_required[image_intensity]" time="0.001" /><testcase classname="src.cucim.skimage.measure.tests.test_regionprops" name="test_intensity_image_required[intensity_max]" time="0.001" /><testcase classname="src.cucim.skimage.measure.tests.test_regionprops" name="test_intensity_image_required[intensity_mean]" time="0.001" /><testcase classname="src.cucim.skimage.measure.tests.test_regionprops" name="test_intensity_image_required[intensity_min]" time="0.001" /><testcase classname="src.cucim.skimage.measure.tests.test_regionprops" name="test_intensity_image_required[intensity_std]" time="0.001" /><testcase classname="src.cucim.skimage.measure.tests.test_regionprops" name="test_intensity_image_required[moments_weighted]" time="0.001" /><testcase classname="src.cucim.skimage.measure.tests.test_regionprops" name="test_intensity_image_required[moments_weighted_central]" time="0.001" /><testcase classname="src.cucim.skimage.measure.tests.test_regionprops" name="test_intensity_image_required[centroid_weighted]" time="0.001" /><testcase classname="src.cucim.skimage.measure.tests.test_regionprops" name="test_intensity_image_required[centroid_weighted_local]" time="0.001" /><testcase classname="src.cucim.skimage.measure.tests.test_regionprops" name="test_intensity_image_required[moments_weighted_hu]" time="0.001" /><testcase classname="src.cucim.skimage.measure.tests.test_regionprops" name="test_intensity_image_required[moments_weighted_normalized]" time="0.001" /><testcase classname="src.cucim.skimage.measure.tests.test_regionprops" name="test_extra_properties_no_intensity_provided" time="0.001" /><testcase classname="src.cucim.skimage.measure.tests.test_regionprops" name="test_extra_properties_nr_args" time="0.001" /><testcase classname="src.cucim.skimage.measure.tests.test_regionprops" name="test_extra_properties_mixed" time="0.001" /><testcase classname="src.cucim.skimage.measure.tests.test_regionprops" name="test_extra_properties_table" time="3.852" /><testcase classname="src.cucim.skimage.measure.tests.test_regionprops" name="test_multichannel" time="4.531" /><testcase classname="src.cucim.skimage.measure.tests.test_regionprops" name="test_3d_ellipsoid_axis_lengths" time="0.724" /><testcase classname="src.cucim.skimage.metrics.tests.test_segmentation_metrics" name="test_contingency_table" time="2.277" /><testcase classname="src.cucim.skimage.metrics.tests.test_segmentation_metrics" name="test_vi" time="3.262" /><testcase classname="src.cucim.skimage.metrics.tests.test_segmentation_metrics" name="test_vi_ignore_labels" time="0.086" /><testcase classname="src.cucim.skimage.metrics.tests.test_segmentation_metrics" name="test_are" time="0.160" /><testcase classname="src.cucim.skimage.metrics.tests.test_simple_metrics" name="test_PSNR_vs_IPOL[uint8]" time="0.072" /><testcase classname="src.cucim.skimage.metrics.tests.test_simple_metrics" name="test_PSNR_vs_IPOL[float32]" time="0.001" /><testcase classname="src.cucim.skimage.metrics.tests.test_simple_metrics" name="test_PSNR_vs_IPOL[float64]" time="0.001" /><testcase classname="src.cucim.skimage.metrics.tests.test_simple_metrics" name="test_PSNR_float[float16]" time="0.133" /><testcase classname="src.cucim.skimage.metrics.tests.test_simple_metrics" name="test_PSNR_float[float32]" time="0.008" /><testcase classname="src.cucim.skimage.metrics.tests.test_simple_metrics" name="test_PSNR_float[float64]" time="0.007" /><testcase classname="src.cucim.skimage.metrics.tests.test_simple_metrics" name="test_PSNR_errors" time="0.000" /><testcase classname="src.cucim.skimage.metrics.tests.test_simple_metrics" name="test_NRMSE[float16]" time="2.027" /><testcase classname="src.cucim.skimage.metrics.tests.test_simple_metrics" name="test_NRMSE[float32]" time="0.002" /><testcase classname="src.cucim.skimage.metrics.tests.test_simple_metrics" name="test_NRMSE[float64]" time="0.002" /><testcase classname="src.cucim.skimage.metrics.tests.test_simple_metrics" name="test_NRMSE_no_int_overflow" time="0.001" /><testcase classname="src.cucim.skimage.metrics.tests.test_simple_metrics" name="test_NRMSE_errors" time="0.001" /><testcase classname="src.cucim.skimage.metrics.tests.test_simple_metrics" name="test_nmi" time="0.468" /><testcase classname="src.cucim.skimage.metrics.tests.test_simple_metrics" name="test_nmi_different_sizes" time="0.003" /><testcase classname="src.cucim.skimage.metrics.tests.test_simple_metrics" name="test_nmi_random[float16]" time="0.401" /><testcase classname="src.cucim.skimage.metrics.tests.test_simple_metrics" name="test_nmi_random[float32]" time="0.324" /><testcase classname="src.cucim.skimage.metrics.tests.test_simple_metrics" name="test_nmi_random[float64]" time="0.241" /><testcase classname="src.cucim.skimage.metrics.tests.test_simple_metrics" name="test_nmi_random_3d" time="0.003" /><testcase classname="src.cucim.skimage.metrics.tests.test_structural_similarity" name="test_structural_similarity_patch_range" time="1.715" /><testcase classname="src.cucim.skimage.metrics.tests.test_structural_similarity" name="test_structural_similarity_image" time="1.501" /><testcase classname="src.cucim.skimage.metrics.tests.test_structural_similarity" name="test_structural_similarity_grad[float16-1]" time="0.094" /><testcase classname="src.cucim.skimage.metrics.tests.test_structural_similarity" name="test_structural_similarity_grad[float16-2]" time="0.005" /><testcase classname="src.cucim.skimage.metrics.tests.test_structural_similarity" name="test_structural_similarity_grad[float16-3]" time="0.005" /><testcase classname="src.cucim.skimage.metrics.tests.test_structural_similarity" name="test_structural_similarity_grad[float16-5]" time="0.004" /><testcase classname="src.cucim.skimage.metrics.tests.test_structural_similarity" name="test_structural_similarity_grad[float16-8]" time="0.004" /><testcase classname="src.cucim.skimage.metrics.tests.test_structural_similarity" name="test_structural_similarity_grad[float16-13]" time="0.004" /><testcase classname="src.cucim.skimage.metrics.tests.test_structural_similarity" name="test_structural_similarity_grad[float32-1]" time="0.004" /><testcase classname="src.cucim.skimage.metrics.tests.test_structural_similarity" name="test_structural_similarity_grad[float32-2]" time="0.004" /><testcase classname="src.cucim.skimage.metrics.tests.test_structural_similarity" name="test_structural_similarity_grad[float32-3]" time="0.004" /><testcase classname="src.cucim.skimage.metrics.tests.test_structural_similarity" name="test_structural_similarity_grad[float32-5]" time="0.004" /><testcase classname="src.cucim.skimage.metrics.tests.test_structural_similarity" name="test_structural_similarity_grad[float32-8]" time="0.005" /><testcase classname="src.cucim.skimage.metrics.tests.test_structural_similarity" name="test_structural_similarity_grad[float32-13]" time="0.005" /><testcase classname="src.cucim.skimage.metrics.tests.test_structural_similarity" name="test_structural_similarity_grad[float64-1]" time="0.170" /><testcase classname="src.cucim.skimage.metrics.tests.test_structural_similarity" name="test_structural_similarity_grad[float64-2]" time="0.004" /><testcase classname="src.cucim.skimage.metrics.tests.test_structural_similarity" name="test_structural_similarity_grad[float64-3]" time="0.004" /><testcase classname="src.cucim.skimage.metrics.tests.test_structural_similarity" name="test_structural_similarity_grad[float64-5]" time="0.004" /><testcase classname="src.cucim.skimage.metrics.tests.test_structural_similarity" name="test_structural_similarity_grad[float64-8]" time="0.004" /><testcase classname="src.cucim.skimage.metrics.tests.test_structural_similarity" name="test_structural_similarity_grad[float64-13]" time="0.004" /><testcase classname="src.cucim.skimage.metrics.tests.test_structural_similarity" name="test_structural_similarity_dtype[uint8]" time="0.002" /><testcase classname="src.cucim.skimage.metrics.tests.test_structural_similarity" name="test_structural_similarity_dtype[int32]" time="0.002" /><testcase classname="src.cucim.skimage.metrics.tests.test_structural_similarity" name="test_structural_similarity_dtype[float16]" time="0.002" /><testcase classname="src.cucim.skimage.metrics.tests.test_structural_similarity" name="test_structural_similarity_dtype[float32]" time="0.001" /><testcase classname="src.cucim.skimage.metrics.tests.test_structural_similarity" name="test_structural_similarity_dtype[float64]" time="0.001" /><testcase classname="src.cucim.skimage.metrics.tests.test_structural_similarity" name="test_structural_similarity_multichannel[0]" time="0.072" /><testcase classname="src.cucim.skimage.metrics.tests.test_structural_similarity" name="test_structural_similarity_multichannel[1]" time="0.013" /><testcase classname="src.cucim.skimage.metrics.tests.test_structural_similarity" name="test_structural_similarity_multichannel[2]" time="0.014" /><testcase classname="src.cucim.skimage.metrics.tests.test_structural_similarity" name="test_structural_similarity_multichannel[-1]" time="0.014" /><testcase classname="src.cucim.skimage.metrics.tests.test_structural_similarity" name="test_structural_similarity_nD[uint8]" time="3.595" /><testcase classname="src.cucim.skimage.metrics.tests.test_structural_similarity" name="test_structural_similarity_nD[float32]" time="0.007" /><testcase classname="src.cucim.skimage.metrics.tests.test_structural_similarity" name="test_structural_similarity_nD[float64]" time="3.586" /><testcase classname="src.cucim.skimage.metrics.tests.test_structural_similarity" name="test_structural_similarity_multichannel_chelsea" time="0.017" /><testcase classname="src.cucim.skimage.metrics.tests.test_structural_similarity" name="test_gaussian_structural_similarity_vs_IPOL" time="0.003" /><testcase classname="src.cucim.skimage.metrics.tests.test_structural_similarity" name="test_mssim_vs_legacy[uint8]" time="0.002" /><testcase classname="src.cucim.skimage.metrics.tests.test_structural_similarity" name="test_mssim_vs_legacy[int32]" time="0.002" /><testcase classname="src.cucim.skimage.metrics.tests.test_structural_similarity" name="test_mssim_vs_legacy[float16]" time="0.002" /><testcase classname="src.cucim.skimage.metrics.tests.test_structural_similarity" name="test_mssim_vs_legacy[float32]" time="0.002" /><testcase classname="src.cucim.skimage.metrics.tests.test_structural_similarity" name="test_mssim_vs_legacy[float64]" time="0.002" /><testcase classname="src.cucim.skimage.metrics.tests.test_structural_similarity" name="test_mssim_mixed_dtype" time="0.079" /><testcase classname="src.cucim.skimage.metrics.tests.test_structural_similarity" name="test_ssim_warns_about_data_range" time="0.082" /><testcase classname="src.cucim.skimage.metrics.tests.test_structural_similarity" name="test_structural_similarity_small_image[float16]" time="1.389" /><testcase classname="src.cucim.skimage.metrics.tests.test_structural_similarity" name="test_structural_similarity_small_image[float32]" time="0.003" /><testcase classname="src.cucim.skimage.metrics.tests.test_structural_similarity" name="test_structural_similarity_small_image[float64]" time="1.388" /><testcase classname="src.cucim.skimage.metrics.tests.test_structural_similarity" name="test_structural_similarity_errors_on_float_without_data_range[float16]" time="0.001" /><testcase classname="src.cucim.skimage.metrics.tests.test_structural_similarity" name="test_structural_similarity_errors_on_float_without_data_range[float32]" time="0.001" /><testcase classname="src.cucim.skimage.metrics.tests.test_structural_similarity" name="test_structural_similarity_errors_on_float_without_data_range[float64]" time="0.001" /><testcase classname="src.cucim.skimage.metrics.tests.test_structural_similarity" name="test_invalid_input" time="0.000" /><testcase classname="src.cucim.skimage.morphology.tests.test_binary" name="test_non_square_image" time="2.110" /><testcase classname="src.cucim.skimage.morphology.tests.test_binary" name="test_binary_erosion" time="1.365" /><testcase classname="src.cucim.skimage.morphology.tests.test_binary" name="test_binary_dilation" time="2.130" /><testcase classname="src.cucim.skimage.morphology.tests.test_binary" name="test_binary_closing" time="0.003" /><testcase classname="src.cucim.skimage.morphology.tests.test_binary" name="test_binary_closing_extensive" time="1.451" /><testcase classname="src.cucim.skimage.morphology.tests.test_binary" name="test_binary_opening" time="0.004" /><testcase classname="src.cucim.skimage.morphology.tests.test_binary" name="test_binary_opening_anti_extensive" time="0.757" /><testcase classname="src.cucim.skimage.morphology.tests.test_binary" name="test_rectangle_decomposition[separable-3-3-binary_erosion]" time="2.035" /><testcase classname="src.cucim.skimage.morphology.tests.test_binary" name="test_rectangle_decomposition[separable-3-3-binary_dilation]" time="2.033" /><testcase classname="src.cucim.skimage.morphology.tests.test_binary" name="test_rectangle_decomposition[separable-3-3-binary_closing]" time="1.349" /><testcase classname="src.cucim.skimage.morphology.tests.test_binary" name="test_rectangle_decomposition[separable-3-3-binary_opening]" time="0.003" /><testcase classname="src.cucim.skimage.morphology.tests.test_binary" name="test_rectangle_decomposition[separable-3-7-binary_erosion]" time="1.378" /><testcase classname="src.cucim.skimage.morphology.tests.test_binary" name="test_rectangle_decomposition[separable-3-7-binary_dilation]" time="1.373" /><testcase classname="src.cucim.skimage.morphology.tests.test_binary" name="test_rectangle_decomposition[separable-3-7-binary_closing]" time="2.746" /><testcase classname="src.cucim.skimage.morphology.tests.test_binary" name="test_rectangle_decomposition[separable-3-7-binary_opening]" time="0.003" /><testcase classname="src.cucim.skimage.morphology.tests.test_binary" name="test_rectangle_decomposition[separable-3-11-binary_erosion]" time="1.372" /><testcase classname="src.cucim.skimage.morphology.tests.test_binary" name="test_rectangle_decomposition[separable-3-11-binary_dilation]" time="1.373" /><testcase classname="src.cucim.skimage.morphology.tests.test_binary" name="test_rectangle_decomposition[separable-3-11-binary_closing]" time="2.709" /><testcase classname="src.cucim.skimage.morphology.tests.test_binary" name="test_rectangle_decomposition[separable-3-11-binary_opening]" time="0.003" /><testcase classname="src.cucim.skimage.morphology.tests.test_binary" name="test_rectangle_decomposition[separable-7-3-binary_erosion]" time="1.377" /><testcase classname="src.cucim.skimage.morphology.tests.test_binary" name="test_rectangle_decomposition[separable-7-3-binary_dilation]" time="1.389" /><testcase classname="src.cucim.skimage.morphology.tests.test_binary" name="test_rectangle_decomposition[separable-7-3-binary_closing]" time="1.413" /><testcase classname="src.cucim.skimage.morphology.tests.test_binary" name="test_rectangle_decomposition[separable-7-3-binary_opening]" time="0.003" /><testcase classname="src.cucim.skimage.morphology.tests.test_binary" name="test_rectangle_decomposition[separable-7-7-binary_erosion]" time="0.687" /><testcase classname="src.cucim.skimage.morphology.tests.test_binary" name="test_rectangle_decomposition[separable-7-7-binary_dilation]" time="0.703" /><testcase classname="src.cucim.skimage.morphology.tests.test_binary" name="test_rectangle_decomposition[separable-7-7-binary_closing]" time="1.362" /><testcase classname="src.cucim.skimage.morphology.tests.test_binary" name="test_rectangle_decomposition[separable-7-7-binary_opening]" time="0.003" /><testcase classname="src.cucim.skimage.morphology.tests.test_binary" name="test_rectangle_decomposition[separable-7-11-binary_erosion]" time="0.683" /><testcase classname="src.cucim.skimage.morphology.tests.test_binary" name="test_rectangle_decomposition[separable-7-11-binary_dilation]" time="0.689" /><testcase classname="src.cucim.skimage.morphology.tests.test_binary" name="test_rectangle_decomposition[separable-7-11-binary_closing]" time="1.372" /><testcase classname="src.cucim.skimage.morphology.tests.test_binary" name="test_rectangle_decomposition[separable-7-11-binary_opening]" time="0.003" /><testcase classname="src.cucim.skimage.morphology.tests.test_binary" name="test_rectangle_decomposition[separable-11-3-binary_erosion]" time="1.373" /><testcase classname="src.cucim.skimage.morphology.tests.test_binary" name="test_rectangle_decomposition[separable-11-3-binary_dilation]" time="1.368" /><testcase classname="src.cucim.skimage.morphology.tests.test_binary" name="test_rectangle_decomposition[separable-11-3-binary_closing]" time="1.518" /><testcase classname="src.cucim.skimage.morphology.tests.test_binary" name="test_rectangle_decomposition[separable-11-3-binary_opening]" time="0.003" /><testcase classname="src.cucim.skimage.morphology.tests.test_binary" name="test_rectangle_decomposition[separable-11-7-binary_erosion]" time="0.707" /><testcase classname="src.cucim.skimage.morphology.tests.test_binary" name="test_rectangle_decomposition[separable-11-7-binary_dilation]" time="0.700" /><testcase classname="src.cucim.skimage.morphology.tests.test_binary" name="test_rectangle_decomposition[separable-11-7-binary_closing]" time="1.398" /><testcase classname="src.cucim.skimage.morphology.tests.test_binary" name="test_rectangle_decomposition[separable-11-7-binary_opening]" time="0.003" /><testcase classname="src.cucim.skimage.morphology.tests.test_binary" name="test_rectangle_decomposition[separable-11-11-binary_erosion]" time="0.694" /><testcase classname="src.cucim.skimage.morphology.tests.test_binary" name="test_rectangle_decomposition[separable-11-11-binary_dilation]" time="0.697" /><testcase classname="src.cucim.skimage.morphology.tests.test_binary" name="test_rectangle_decomposition[separable-11-11-binary_closing]" time="1.348" /><testcase classname="src.cucim.skimage.morphology.tests.test_binary" name="test_rectangle_decomposition[separable-11-11-binary_opening]" time="0.003" /><testcase classname="src.cucim.skimage.morphology.tests.test_binary" name="test_rectangle_decomposition[sequence-3-3-binary_erosion]" time="0.001" /><testcase classname="src.cucim.skimage.morphology.tests.test_binary" name="test_rectangle_decomposition[sequence-3-3-binary_dilation]" time="0.001" /><testcase classname="src.cucim.skimage.morphology.tests.test_binary" name="test_rectangle_decomposition[sequence-3-3-binary_closing]" time="0.002" /><testcase classname="src.cucim.skimage.morphology.tests.test_binary" name="test_rectangle_decomposition[sequence-3-3-binary_opening]" time="0.002" /><testcase classname="src.cucim.skimage.morphology.tests.test_binary" name="test_rectangle_decomposition[sequence-3-7-binary_erosion]" time="0.679" /><testcase classname="src.cucim.skimage.morphology.tests.test_binary" name="test_rectangle_decomposition[sequence-3-7-binary_dilation]" time="0.688" /><testcase classname="src.cucim.skimage.morphology.tests.test_binary" name="test_rectangle_decomposition[sequence-3-7-binary_closing]" time="0.003" /><testcase classname="src.cucim.skimage.morphology.tests.test_binary" name="test_rectangle_decomposition[sequence-3-7-binary_opening]" time="0.002" /><testcase classname="src.cucim.skimage.morphology.tests.test_binary" name="test_rectangle_decomposition[sequence-3-11-binary_erosion]" time="0.685" /><testcase classname="src.cucim.skimage.morphology.tests.test_binary" name="test_rectangle_decomposition[sequence-3-11-binary_dilation]" time="0.671" /><testcase classname="src.cucim.skimage.morphology.tests.test_binary" name="test_rectangle_decomposition[sequence-3-11-binary_closing]" time="0.003" /><testcase classname="src.cucim.skimage.morphology.tests.test_binary" name="test_rectangle_decomposition[sequence-3-11-binary_opening]" time="0.003" /><testcase classname="src.cucim.skimage.morphology.tests.test_binary" name="test_rectangle_decomposition[sequence-7-3-binary_erosion]" time="0.678" /><testcase classname="src.cucim.skimage.morphology.tests.test_binary" name="test_rectangle_decomposition[sequence-7-3-binary_dilation]" time="0.676" /><testcase classname="src.cucim.skimage.morphology.tests.test_binary" name="test_rectangle_decomposition[sequence-7-3-binary_closing]" time="0.003" /><testcase classname="src.cucim.skimage.morphology.tests.test_binary" name="test_rectangle_decomposition[sequence-7-3-binary_opening]" time="0.002" /><testcase classname="src.cucim.skimage.morphology.tests.test_binary" name="test_rectangle_decomposition[sequence-7-7-binary_erosion]" time="0.066" /><testcase classname="src.cucim.skimage.morphology.tests.test_binary" name="test_rectangle_decomposition[sequence-7-7-binary_dilation]" time="0.002" /><testcase classname="src.cucim.skimage.morphology.tests.test_binary" name="test_rectangle_decomposition[sequence-7-7-binary_closing]" time="0.003" /><testcase classname="src.cucim.skimage.morphology.tests.test_binary" name="test_rectangle_decomposition[sequence-7-7-binary_opening]" time="0.002" /><testcase classname="src.cucim.skimage.morphology.tests.test_binary" name="test_rectangle_decomposition[sequence-7-11-binary_erosion]" time="0.002" /><testcase classname="src.cucim.skimage.morphology.tests.test_binary" name="test_rectangle_decomposition[sequence-7-11-binary_dilation]" time="0.002" /><testcase classname="src.cucim.skimage.morphology.tests.test_binary" name="test_rectangle_decomposition[sequence-7-11-binary_closing]" time="0.003" /><testcase classname="src.cucim.skimage.morphology.tests.test_binary" name="test_rectangle_decomposition[sequence-7-11-binary_opening]" time="0.003" /><testcase classname="src.cucim.skimage.morphology.tests.test_binary" name="test_rectangle_decomposition[sequence-11-3-binary_erosion]" time="0.699" /><testcase classname="src.cucim.skimage.morphology.tests.test_binary" name="test_rectangle_decomposition[sequence-11-3-binary_dilation]" time="0.834" /><testcase classname="src.cucim.skimage.morphology.tests.test_binary" name="test_rectangle_decomposition[sequence-11-3-binary_closing]" time="0.003" /><testcase classname="src.cucim.skimage.morphology.tests.test_binary" name="test_rectangle_decomposition[sequence-11-3-binary_opening]" time="0.003" /><testcase classname="src.cucim.skimage.morphology.tests.test_binary" name="test_rectangle_decomposition[sequence-11-7-binary_erosion]" time="0.002" /><testcase classname="src.cucim.skimage.morphology.tests.test_binary" name="test_rectangle_decomposition[sequence-11-7-binary_dilation]" time="0.002" /><testcase classname="src.cucim.skimage.morphology.tests.test_binary" name="test_rectangle_decomposition[sequence-11-7-binary_closing]" time="0.003" /><testcase classname="src.cucim.skimage.morphology.tests.test_binary" name="test_rectangle_decomposition[sequence-11-7-binary_opening]" time="0.003" /><testcase classname="src.cucim.skimage.morphology.tests.test_binary" name="test_rectangle_decomposition[sequence-11-11-binary_erosion]" time="0.002" /><testcase classname="src.cucim.skimage.morphology.tests.test_binary" name="test_rectangle_decomposition[sequence-11-11-binary_dilation]" time="0.002" /><testcase classname="src.cucim.skimage.morphology.tests.test_binary" name="test_rectangle_decomposition[sequence-11-11-binary_closing]" time="0.002" /><testcase classname="src.cucim.skimage.morphology.tests.test_binary" name="test_rectangle_decomposition[sequence-11-11-binary_opening]" time="0.002" /><testcase classname="src.cucim.skimage.morphology.tests.test_binary" name="test_octagon_decomposition[sequence-0-0-binary_erosion]" time="0.001" /><testcase classname="src.cucim.skimage.morphology.tests.test_binary" name="test_octagon_decomposition[sequence-0-0-binary_dilation]" time="0.001" /><testcase classname="src.cucim.skimage.morphology.tests.test_binary" name="test_octagon_decomposition[sequence-0-0-binary_closing]" time="0.001" /><testcase classname="src.cucim.skimage.morphology.tests.test_binary" name="test_octagon_decomposition[sequence-0-0-binary_opening]" time="0.001" /><testcase classname="src.cucim.skimage.morphology.tests.test_binary" name="test_octagon_decomposition[sequence-0-1-binary_erosion]" time="0.681" /><testcase classname="src.cucim.skimage.morphology.tests.test_binary" name="test_octagon_decomposition[sequence-0-1-binary_dilation]" time="0.684" /><testcase classname="src.cucim.skimage.morphology.tests.test_binary" name="test_octagon_decomposition[sequence-0-1-binary_closing]" time="1.366" /><testcase classname="src.cucim.skimage.morphology.tests.test_binary" name="test_octagon_decomposition[sequence-0-1-binary_opening]" time="0.003" /><testcase classname="src.cucim.skimage.morphology.tests.test_binary" name="test_octagon_decomposition[sequence-0-2-binary_erosion]" time="0.689" /><testcase classname="src.cucim.skimage.morphology.tests.test_binary" name="test_octagon_decomposition[sequence-0-2-binary_dilation]" time="0.697" /><testcase classname="src.cucim.skimage.morphology.tests.test_binary" name="test_octagon_decomposition[sequence-0-2-binary_closing]" time="0.004" /><testcase classname="src.cucim.skimage.morphology.tests.test_binary" name="test_octagon_decomposition[sequence-0-2-binary_opening]" time="0.003" /><testcase classname="src.cucim.skimage.morphology.tests.test_binary" name="test_octagon_decomposition[sequence-0-3-binary_erosion]" time="0.002" /><testcase classname="src.cucim.skimage.morphology.tests.test_binary" name="test_octagon_decomposition[sequence-0-3-binary_dilation]" time="0.002" /><testcase classname="src.cucim.skimage.morphology.tests.test_binary" name="test_octagon_decomposition[sequence-0-3-binary_closing]" time="0.003" /><testcase classname="src.cucim.skimage.morphology.tests.test_binary" name="test_octagon_decomposition[sequence-0-3-binary_opening]" time="0.003" /><testcase classname="src.cucim.skimage.morphology.tests.test_binary" name="test_octagon_decomposition[sequence-0-4-binary_erosion]" time="2.098" /><testcase classname="src.cucim.skimage.morphology.tests.test_binary" name="test_octagon_decomposition[sequence-0-4-binary_dilation]" time="2.112" /><testcase classname="src.cucim.skimage.morphology.tests.test_binary" name="test_octagon_decomposition[sequence-0-4-binary_closing]" time="2.836" /><testcase classname="src.cucim.skimage.morphology.tests.test_binary" name="test_octagon_decomposition[sequence-0-4-binary_opening]" time="0.005" /><testcase classname="src.cucim.skimage.morphology.tests.test_binary" name="test_octagon_decomposition[sequence-0-5-binary_erosion]" time="1.399" /><testcase classname="src.cucim.skimage.morphology.tests.test_binary" name="test_octagon_decomposition[sequence-0-5-binary_dilation]" time="1.411" /><testcase classname="src.cucim.skimage.morphology.tests.test_binary" name="test_octagon_decomposition[sequence-0-5-binary_closing]" time="1.387" /><testcase classname="src.cucim.skimage.morphology.tests.test_binary" name="test_octagon_decomposition[sequence-0-5-binary_opening]" time="0.003" /><testcase classname="src.cucim.skimage.morphology.tests.test_binary" name="test_octagon_decomposition[sequence-1-0-binary_erosion]" time="0.002" /><testcase classname="src.cucim.skimage.morphology.tests.test_binary" name="test_octagon_decomposition[sequence-1-0-binary_dilation]" time="0.002" /><testcase classname="src.cucim.skimage.morphology.tests.test_binary" name="test_octagon_decomposition[sequence-1-0-binary_closing]" time="0.003" /><testcase classname="src.cucim.skimage.morphology.tests.test_binary" name="test_octagon_decomposition[sequence-1-0-binary_opening]" time="0.003" /><testcase classname="src.cucim.skimage.morphology.tests.test_binary" name="test_octagon_decomposition[sequence-1-1-binary_erosion]" time="0.002" /><testcase classname="src.cucim.skimage.morphology.tests.test_binary" name="test_octagon_decomposition[sequence-1-1-binary_dilation]" time="0.002" /><testcase classname="src.cucim.skimage.morphology.tests.test_binary" name="test_octagon_decomposition[sequence-1-1-binary_closing]" time="0.003" /><testcase classname="src.cucim.skimage.morphology.tests.test_binary" name="test_octagon_decomposition[sequence-1-1-binary_opening]" time="0.003" /><testcase classname="src.cucim.skimage.morphology.tests.test_binary" name="test_octagon_decomposition[sequence-1-2-binary_erosion]" time="0.002" /><testcase classname="src.cucim.skimage.morphology.tests.test_binary" name="test_octagon_decomposition[sequence-1-2-binary_dilation]" time="0.002" /><testcase classname="src.cucim.skimage.morphology.tests.test_binary" name="test_octagon_decomposition[sequence-1-2-binary_closing]" time="0.003" /><testcase classname="src.cucim.skimage.morphology.tests.test_binary" name="test_octagon_decomposition[sequence-1-2-binary_opening]" time="0.003" /><testcase classname="src.cucim.skimage.morphology.tests.test_binary" name="test_octagon_decomposition[sequence-1-3-binary_erosion]" time="0.002" /><testcase classname="src.cucim.skimage.morphology.tests.test_binary" name="test_octagon_decomposition[sequence-1-3-binary_dilation]" time="0.002" /><testcase classname="src.cucim.skimage.morphology.tests.test_binary" name="test_octagon_decomposition[sequence-1-3-binary_closing]" time="0.003" /><testcase classname="src.cucim.skimage.morphology.tests.test_binary" name="test_octagon_decomposition[sequence-1-3-binary_opening]" time="0.003" /><testcase classname="src.cucim.skimage.morphology.tests.test_binary" name="test_octagon_decomposition[sequence-1-4-binary_erosion]" time="0.701" /><testcase classname="src.cucim.skimage.morphology.tests.test_binary" name="test_octagon_decomposition[sequence-1-4-binary_dilation]" time="0.685" /><testcase classname="src.cucim.skimage.morphology.tests.test_binary" name="test_octagon_decomposition[sequence-1-4-binary_closing]" time="1.420" /><testcase classname="src.cucim.skimage.morphology.tests.test_binary" name="test_octagon_decomposition[sequence-1-4-binary_opening]" time="0.005" /><testcase classname="src.cucim.skimage.morphology.tests.test_binary" name="test_octagon_decomposition[sequence-1-5-binary_erosion]" time="0.002" /><testcase classname="src.cucim.skimage.morphology.tests.test_binary" name="test_octagon_decomposition[sequence-1-5-binary_dilation]" time="0.002" /><testcase classname="src.cucim.skimage.morphology.tests.test_binary" name="test_octagon_decomposition[sequence-1-5-binary_closing]" time="0.003" /><testcase classname="src.cucim.skimage.morphology.tests.test_binary" name="test_octagon_decomposition[sequence-1-5-binary_opening]" time="0.003" /><testcase classname="src.cucim.skimage.morphology.tests.test_binary" name="test_octagon_decomposition[sequence-2-0-binary_erosion]" time="0.002" /><testcase classname="src.cucim.skimage.morphology.tests.test_binary" name="test_octagon_decomposition[sequence-2-0-binary_dilation]" time="0.002" /><testcase classname="src.cucim.skimage.morphology.tests.test_binary" name="test_octagon_decomposition[sequence-2-0-binary_closing]" time="0.003" /><testcase classname="src.cucim.skimage.morphology.tests.test_binary" name="test_octagon_decomposition[sequence-2-0-binary_opening]" time="0.003" /><testcase classname="src.cucim.skimage.morphology.tests.test_binary" name="test_octagon_decomposition[sequence-2-1-binary_erosion]" time="0.002" /><testcase classname="src.cucim.skimage.morphology.tests.test_binary" name="test_octagon_decomposition[sequence-2-1-binary_dilation]" time="0.002" /><testcase classname="src.cucim.skimage.morphology.tests.test_binary" name="test_octagon_decomposition[sequence-2-1-binary_closing]" time="0.003" /><testcase classname="src.cucim.skimage.morphology.tests.test_binary" name="test_octagon_decomposition[sequence-2-1-binary_opening]" time="0.003" /><testcase classname="src.cucim.skimage.morphology.tests.test_binary" name="test_octagon_decomposition[sequence-2-2-binary_erosion]" time="0.002" /><testcase classname="src.cucim.skimage.morphology.tests.test_binary" name="test_octagon_decomposition[sequence-2-2-binary_dilation]" time="0.002" /><testcase classname="src.cucim.skimage.morphology.tests.test_binary" name="test_octagon_decomposition[sequence-2-2-binary_closing]" time="0.003" /><testcase classname="src.cucim.skimage.morphology.tests.test_binary" name="test_octagon_decomposition[sequence-2-2-binary_opening]" time="0.003" /><testcase classname="src.cucim.skimage.morphology.tests.test_binary" name="test_octagon_decomposition[sequence-2-3-binary_erosion]" time="0.002" /><testcase classname="src.cucim.skimage.morphology.tests.test_binary" name="test_octagon_decomposition[sequence-2-3-binary_dilation]" time="0.002" /><testcase classname="src.cucim.skimage.morphology.tests.test_binary" name="test_octagon_decomposition[sequence-2-3-binary_closing]" time="0.003" /><testcase classname="src.cucim.skimage.morphology.tests.test_binary" name="test_octagon_decomposition[sequence-2-3-binary_opening]" time="0.003" /><testcase classname="src.cucim.skimage.morphology.tests.test_binary" name="test_octagon_decomposition[sequence-2-4-binary_erosion]" time="0.713" /><testcase classname="src.cucim.skimage.morphology.tests.test_binary" name="test_octagon_decomposition[sequence-2-4-binary_dilation]" time="0.700" /><testcase classname="src.cucim.skimage.morphology.tests.test_binary" name="test_octagon_decomposition[sequence-2-4-binary_closing]" time="1.392" /><testcase classname="src.cucim.skimage.morphology.tests.test_binary" name="test_octagon_decomposition[sequence-2-4-binary_opening]" time="0.004" /><testcase classname="src.cucim.skimage.morphology.tests.test_binary" name="test_octagon_decomposition[sequence-2-5-binary_erosion]" time="0.002" /><testcase classname="src.cucim.skimage.morphology.tests.test_binary" name="test_octagon_decomposition[sequence-2-5-binary_dilation]" time="0.002" /><testcase classname="src.cucim.skimage.morphology.tests.test_binary" name="test_octagon_decomposition[sequence-2-5-binary_closing]" time="0.003" /><testcase classname="src.cucim.skimage.morphology.tests.test_binary" name="test_octagon_decomposition[sequence-2-5-binary_opening]" time="0.004" /><testcase classname="src.cucim.skimage.morphology.tests.test_binary" name="test_octagon_decomposition[sequence-3-0-binary_erosion]" time="1.391" /><testcase classname="src.cucim.skimage.morphology.tests.test_binary" name="test_octagon_decomposition[sequence-3-0-binary_dilation]" time="1.366" /><testcase classname="src.cucim.skimage.morphology.tests.test_binary" name="test_octagon_decomposition[sequence-3-0-binary_closing]" time="1.379" /><testcase classname="src.cucim.skimage.morphology.tests.test_binary" name="test_octagon_decomposition[sequence-3-0-binary_opening]" time="0.005" /><testcase classname="src.cucim.skimage.morphology.tests.test_binary" name="test_octagon_decomposition[sequence-3-1-binary_erosion]" time="0.002" /><testcase classname="src.cucim.skimage.morphology.tests.test_binary" name="test_octagon_decomposition[sequence-3-1-binary_dilation]" time="0.002" /><testcase classname="src.cucim.skimage.morphology.tests.test_binary" name="test_octagon_decomposition[sequence-3-1-binary_closing]" time="0.003" /><testcase classname="src.cucim.skimage.morphology.tests.test_binary" name="test_octagon_decomposition[sequence-3-1-binary_opening]" time="0.003" /><testcase classname="src.cucim.skimage.morphology.tests.test_binary" name="test_octagon_decomposition[sequence-3-2-binary_erosion]" time="0.003" /><testcase classname="src.cucim.skimage.morphology.tests.test_binary" name="test_octagon_decomposition[sequence-3-2-binary_dilation]" time="0.003" /><testcase classname="src.cucim.skimage.morphology.tests.test_binary" name="test_octagon_decomposition[sequence-3-2-binary_closing]" time="0.004" /><testcase classname="src.cucim.skimage.morphology.tests.test_binary" name="test_octagon_decomposition[sequence-3-2-binary_opening]" time="0.004" /><testcase classname="src.cucim.skimage.morphology.tests.test_binary" name="test_octagon_decomposition[sequence-3-3-binary_erosion]" time="0.002" /><testcase classname="src.cucim.skimage.morphology.tests.test_binary" name="test_octagon_decomposition[sequence-3-3-binary_dilation]" time="0.002" /><testcase classname="src.cucim.skimage.morphology.tests.test_binary" name="test_octagon_decomposition[sequence-3-3-binary_closing]" time="0.004" /><testcase classname="src.cucim.skimage.morphology.tests.test_binary" name="test_octagon_decomposition[sequence-3-3-binary_opening]" time="0.003" /><testcase classname="src.cucim.skimage.morphology.tests.test_binary" name="test_octagon_decomposition[sequence-3-4-binary_erosion]" time="0.701" /><testcase classname="src.cucim.skimage.morphology.tests.test_binary" name="test_octagon_decomposition[sequence-3-4-binary_dilation]" time="0.702" /><testcase classname="src.cucim.skimage.morphology.tests.test_binary" name="test_octagon_decomposition[sequence-3-4-binary_closing]" time="1.397" /><testcase classname="src.cucim.skimage.morphology.tests.test_binary" name="test_octagon_decomposition[sequence-3-4-binary_opening]" time="0.005" /><testcase classname="src.cucim.skimage.morphology.tests.test_binary" name="test_octagon_decomposition[sequence-3-5-binary_erosion]" time="0.002" /><testcase classname="src.cucim.skimage.morphology.tests.test_binary" name="test_octagon_decomposition[sequence-3-5-binary_dilation]" time="0.002" /><testcase classname="src.cucim.skimage.morphology.tests.test_binary" name="test_octagon_decomposition[sequence-3-5-binary_closing]" time="0.004" /><testcase classname="src.cucim.skimage.morphology.tests.test_binary" name="test_octagon_decomposition[sequence-3-5-binary_opening]" time="0.003" /><testcase classname="src.cucim.skimage.morphology.tests.test_binary" name="test_octagon_decomposition[sequence-4-0-binary_erosion]" time="0.003" /><testcase classname="src.cucim.skimage.morphology.tests.test_binary" name="test_octagon_decomposition[sequence-4-0-binary_dilation]" time="0.003" /><testcase classname="src.cucim.skimage.morphology.tests.test_binary" name="test_octagon_decomposition[sequence-4-0-binary_closing]" time="0.004" /><testcase classname="src.cucim.skimage.morphology.tests.test_binary" name="test_octagon_decomposition[sequence-4-0-binary_opening]" time="0.004" /><testcase classname="src.cucim.skimage.morphology.tests.test_binary" name="test_octagon_decomposition[sequence-4-1-binary_erosion]" time="0.002" /><testcase classname="src.cucim.skimage.morphology.tests.test_binary" name="test_octagon_decomposition[sequence-4-1-binary_dilation]" time="0.002" /><testcase classname="src.cucim.skimage.morphology.tests.test_binary" name="test_octagon_decomposition[sequence-4-1-binary_closing]" time="0.003" /><testcase classname="src.cucim.skimage.morphology.tests.test_binary" name="test_octagon_decomposition[sequence-4-1-binary_opening]" time="0.003" /><testcase classname="src.cucim.skimage.morphology.tests.test_binary" name="test_octagon_decomposition[sequence-4-2-binary_erosion]" time="0.003" /><testcase classname="src.cucim.skimage.morphology.tests.test_binary" name="test_octagon_decomposition[sequence-4-2-binary_dilation]" time="0.003" /><testcase classname="src.cucim.skimage.morphology.tests.test_binary" name="test_octagon_decomposition[sequence-4-2-binary_closing]" time="0.004" /><testcase classname="src.cucim.skimage.morphology.tests.test_binary" name="test_octagon_decomposition[sequence-4-2-binary_opening]" time="0.004" /><testcase classname="src.cucim.skimage.morphology.tests.test_binary" name="test_octagon_decomposition[sequence-4-3-binary_erosion]" time="0.002" /><testcase classname="src.cucim.skimage.morphology.tests.test_binary" name="test_octagon_decomposition[sequence-4-3-binary_dilation]" time="0.003" /><testcase classname="src.cucim.skimage.morphology.tests.test_binary" name="test_octagon_decomposition[sequence-4-3-binary_closing]" time="0.004" /><testcase classname="src.cucim.skimage.morphology.tests.test_binary" name="test_octagon_decomposition[sequence-4-3-binary_opening]" time="0.004" /><testcase classname="src.cucim.skimage.morphology.tests.test_binary" name="test_octagon_decomposition[sequence-4-4-binary_erosion]" time="2.633" /><testcase classname="src.cucim.skimage.morphology.tests.test_binary" name="test_octagon_decomposition[sequence-4-4-binary_dilation]" time="0.719" /><testcase classname="src.cucim.skimage.morphology.tests.test_binary" name="test_octagon_decomposition[sequence-4-4-binary_closing]" time="1.439" /><testcase classname="src.cucim.skimage.morphology.tests.test_binary" name="test_octagon_decomposition[sequence-4-4-binary_opening]" time="0.005" /><testcase classname="src.cucim.skimage.morphology.tests.test_binary" name="test_octagon_decomposition[sequence-4-5-binary_erosion]" time="0.003" /><testcase classname="src.cucim.skimage.morphology.tests.test_binary" name="test_octagon_decomposition[sequence-4-5-binary_dilation]" time="0.003" /><testcase classname="src.cucim.skimage.morphology.tests.test_binary" name="test_octagon_decomposition[sequence-4-5-binary_closing]" time="0.004" /><testcase classname="src.cucim.skimage.morphology.tests.test_binary" name="test_octagon_decomposition[sequence-4-5-binary_opening]" time="0.004" /><testcase classname="src.cucim.skimage.morphology.tests.test_binary" name="test_octagon_decomposition[sequence-5-0-binary_erosion]" time="0.003" /><testcase classname="src.cucim.skimage.morphology.tests.test_binary" name="test_octagon_decomposition[sequence-5-0-binary_dilation]" time="0.003" /><testcase classname="src.cucim.skimage.morphology.tests.test_binary" name="test_octagon_decomposition[sequence-5-0-binary_closing]" time="0.004" /><testcase classname="src.cucim.skimage.morphology.tests.test_binary" name="test_octagon_decomposition[sequence-5-0-binary_opening]" time="0.004" /><testcase classname="src.cucim.skimage.morphology.tests.test_binary" name="test_octagon_decomposition[sequence-5-1-binary_erosion]" time="0.002" /><testcase classname="src.cucim.skimage.morphology.tests.test_binary" name="test_octagon_decomposition[sequence-5-1-binary_dilation]" time="0.002" /><testcase classname="src.cucim.skimage.morphology.tests.test_binary" name="test_octagon_decomposition[sequence-5-1-binary_closing]" time="0.003" /><testcase classname="src.cucim.skimage.morphology.tests.test_binary" name="test_octagon_decomposition[sequence-5-1-binary_opening]" time="0.003" /><testcase classname="src.cucim.skimage.morphology.tests.test_binary" name="test_octagon_decomposition[sequence-5-2-binary_erosion]" time="0.003" /><testcase classname="src.cucim.skimage.morphology.tests.test_binary" name="test_octagon_decomposition[sequence-5-2-binary_dilation]" time="0.003" /><testcase classname="src.cucim.skimage.morphology.tests.test_binary" name="test_octagon_decomposition[sequence-5-2-binary_closing]" time="0.005" /><testcase classname="src.cucim.skimage.morphology.tests.test_binary" name="test_octagon_decomposition[sequence-5-2-binary_opening]" time="0.004" /><testcase classname="src.cucim.skimage.morphology.tests.test_binary" name="test_octagon_decomposition[sequence-5-3-binary_erosion]" time="0.003" /><testcase classname="src.cucim.skimage.morphology.tests.test_binary" name="test_octagon_decomposition[sequence-5-3-binary_dilation]" time="0.003" /><testcase classname="src.cucim.skimage.morphology.tests.test_binary" name="test_octagon_decomposition[sequence-5-3-binary_closing]" time="0.004" /><testcase classname="src.cucim.skimage.morphology.tests.test_binary" name="test_octagon_decomposition[sequence-5-3-binary_opening]" time="0.004" /><testcase classname="src.cucim.skimage.morphology.tests.test_binary" name="test_octagon_decomposition[sequence-5-4-binary_erosion]" time="0.739" /><testcase classname="src.cucim.skimage.morphology.tests.test_binary" name="test_octagon_decomposition[sequence-5-4-binary_dilation]" time="0.714" /><testcase classname="src.cucim.skimage.morphology.tests.test_binary" name="test_octagon_decomposition[sequence-5-4-binary_closing]" time="1.439" /><testcase classname="src.cucim.skimage.morphology.tests.test_binary" name="test_octagon_decomposition[sequence-5-4-binary_opening]" time="0.005" /><testcase classname="src.cucim.skimage.morphology.tests.test_binary" name="test_octagon_decomposition[sequence-5-5-binary_erosion]" time="0.003" /><testcase classname="src.cucim.skimage.morphology.tests.test_binary" name="test_octagon_decomposition[sequence-5-5-binary_dilation]" time="0.003" /><testcase classname="src.cucim.skimage.morphology.tests.test_binary" name="test_octagon_decomposition[sequence-5-5-binary_closing]" time="0.004" /><testcase classname="src.cucim.skimage.morphology.tests.test_binary" name="test_octagon_decomposition[sequence-5-5-binary_opening]" time="0.003" /><testcase classname="src.cucim.skimage.morphology.tests.test_binary" name="test_diamond_decomposition[sequence-1-binary_erosion]" time="0.002" /><testcase classname="src.cucim.skimage.morphology.tests.test_binary" name="test_diamond_decomposition[sequence-1-binary_dilation]" time="0.002" /><testcase classname="src.cucim.skimage.morphology.tests.test_binary" name="test_diamond_decomposition[sequence-1-binary_closing]" time="0.002" /><testcase classname="src.cucim.skimage.morphology.tests.test_binary" name="test_diamond_decomposition[sequence-1-binary_opening]" time="0.002" /><testcase classname="src.cucim.skimage.morphology.tests.test_binary" name="test_diamond_decomposition[sequence-2-binary_erosion]" time="0.002" /><testcase classname="src.cucim.skimage.morphology.tests.test_binary" name="test_diamond_decomposition[sequence-2-binary_dilation]" time="0.002" /><testcase classname="src.cucim.skimage.morphology.tests.test_binary" name="test_diamond_decomposition[sequence-2-binary_closing]" time="0.003" /><testcase classname="src.cucim.skimage.morphology.tests.test_binary" name="test_diamond_decomposition[sequence-2-binary_opening]" time="0.002" /><testcase classname="src.cucim.skimage.morphology.tests.test_binary" name="test_diamond_decomposition[sequence-5-binary_erosion]" time="0.002" /><testcase classname="src.cucim.skimage.morphology.tests.test_binary" name="test_diamond_decomposition[sequence-5-binary_dilation]" time="0.002" /><testcase classname="src.cucim.skimage.morphology.tests.test_binary" name="test_diamond_decomposition[sequence-5-binary_closing]" time="0.003" /><testcase classname="src.cucim.skimage.morphology.tests.test_binary" name="test_diamond_decomposition[sequence-5-binary_opening]" time="0.003" /><testcase classname="src.cucim.skimage.morphology.tests.test_binary" name="test_cube_decomposition[separable-shape0-binary_erosion]" time="2.830" /><testcase classname="src.cucim.skimage.morphology.tests.test_binary" name="test_cube_decomposition[separable-shape0-binary_dilation]" time="2.819" /><testcase classname="src.cucim.skimage.morphology.tests.test_binary" name="test_cube_decomposition[separable-shape0-binary_closing]" time="2.802" /><testcase classname="src.cucim.skimage.morphology.tests.test_binary" name="test_cube_decomposition[separable-shape0-binary_opening]" time="0.005" /><testcase classname="src.cucim.skimage.morphology.tests.test_binary" name="test_cube_decomposition[separable-shape1-binary_erosion]" time="2.107" /><testcase classname="src.cucim.skimage.morphology.tests.test_binary" name="test_cube_decomposition[separable-shape1-binary_dilation]" time="2.116" /><testcase classname="src.cucim.skimage.morphology.tests.test_binary" name="test_cube_decomposition[separable-shape1-binary_closing]" time="1.423" /><testcase classname="src.cucim.skimage.morphology.tests.test_binary" name="test_cube_decomposition[separable-shape1-binary_opening]" time="0.005" /><testcase classname="src.cucim.skimage.morphology.tests.test_binary" name="test_cube_decomposition[sequence-shape0-binary_erosion]" time="0.001" /><testcase classname="src.cucim.skimage.morphology.tests.test_binary" name="test_cube_decomposition[sequence-shape0-binary_dilation]" time="0.001" /><testcase classname="src.cucim.skimage.morphology.tests.test_binary" name="test_cube_decomposition[sequence-shape0-binary_closing]" time="0.003" /><testcase classname="src.cucim.skimage.morphology.tests.test_binary" name="test_cube_decomposition[sequence-shape0-binary_opening]" time="0.003" /><testcase classname="src.cucim.skimage.morphology.tests.test_binary" name="test_cube_decomposition[sequence-shape1-binary_erosion]" time="0.002" /><testcase classname="src.cucim.skimage.morphology.tests.test_binary" name="test_cube_decomposition[sequence-shape1-binary_dilation]" time="0.002" /><testcase classname="src.cucim.skimage.morphology.tests.test_binary" name="test_cube_decomposition[sequence-shape1-binary_closing]" time="0.004" /><testcase classname="src.cucim.skimage.morphology.tests.test_binary" name="test_cube_decomposition[sequence-shape1-binary_opening]" time="0.004" /><testcase classname="src.cucim.skimage.morphology.tests.test_binary" name="test_octahedron_decomposition[sequence-1-binary_erosion]" time="0.707" /><testcase classname="src.cucim.skimage.morphology.tests.test_binary" name="test_octahedron_decomposition[sequence-1-binary_dilation]" time="0.705" /><testcase classname="src.cucim.skimage.morphology.tests.test_binary" name="test_octahedron_decomposition[sequence-1-binary_closing]" time="1.399" /><testcase classname="src.cucim.skimage.morphology.tests.test_binary" name="test_octahedron_decomposition[sequence-1-binary_opening]" time="0.004" /><testcase classname="src.cucim.skimage.morphology.tests.test_binary" name="test_octahedron_decomposition[sequence-2-binary_erosion]" time="0.694" /><testcase classname="src.cucim.skimage.morphology.tests.test_binary" name="test_octahedron_decomposition[sequence-2-binary_dilation]" time="0.713" /><testcase classname="src.cucim.skimage.morphology.tests.test_binary" name="test_octahedron_decomposition[sequence-2-binary_closing]" time="1.421" /><testcase classname="src.cucim.skimage.morphology.tests.test_binary" name="test_octahedron_decomposition[sequence-2-binary_opening]" time="0.004" /><testcase classname="src.cucim.skimage.morphology.tests.test_binary" name="test_octahedron_decomposition[sequence-3-binary_erosion]" time="2.595" /><testcase classname="src.cucim.skimage.morphology.tests.test_binary" name="test_octahedron_decomposition[sequence-3-binary_dilation]" time="0.713" /><testcase classname="src.cucim.skimage.morphology.tests.test_binary" name="test_octahedron_decomposition[sequence-3-binary_closing]" time="1.423" /><testcase classname="src.cucim.skimage.morphology.tests.test_binary" name="test_octahedron_decomposition[sequence-3-binary_opening]" time="0.004" /><testcase classname="src.cucim.skimage.morphology.tests.test_binary" name="test_footprint_overflow" time="2.140" /><testcase classname="src.cucim.skimage.morphology.tests.test_binary" name="test_out_argument" time="2.812" /><testcase classname="src.cucim.skimage.morphology.tests.test_binary" name="test_supported_mode[max-binary_erosion]" time="0.002" /><testcase classname="src.cucim.skimage.morphology.tests.test_binary" name="test_supported_mode[max-binary_dilation]" time="0.001" /><testcase classname="src.cucim.skimage.morphology.tests.test_binary" name="test_supported_mode[max-binary_opening]" time="0.001" /><testcase classname="src.cucim.skimage.morphology.tests.test_binary" name="test_supported_mode[max-binary_closing]" time="0.001" /><testcase classname="src.cucim.skimage.morphology.tests.test_binary" name="test_supported_mode[min-binary_erosion]" time="0.001" /><testcase classname="src.cucim.skimage.morphology.tests.test_binary" name="test_supported_mode[min-binary_dilation]" time="0.001" /><testcase classname="src.cucim.skimage.morphology.tests.test_binary" name="test_supported_mode[min-binary_opening]" time="0.001" /><testcase classname="src.cucim.skimage.morphology.tests.test_binary" name="test_supported_mode[min-binary_closing]" time="0.001" /><testcase classname="src.cucim.skimage.morphology.tests.test_binary" name="test_supported_mode[ignore-binary_erosion]" time="0.001" /><testcase classname="src.cucim.skimage.morphology.tests.test_binary" name="test_supported_mode[ignore-binary_dilation]" time="0.001" /><testcase classname="src.cucim.skimage.morphology.tests.test_binary" name="test_supported_mode[ignore-binary_opening]" time="0.001" /><testcase classname="src.cucim.skimage.morphology.tests.test_binary" name="test_supported_mode[ignore-binary_closing]" time="0.001" /><testcase classname="src.cucim.skimage.morphology.tests.test_binary" name="test_unsupported_mode[reflect-binary_erosion]" time="0.001" /><testcase classname="src.cucim.skimage.morphology.tests.test_binary" name="test_unsupported_mode[reflect-binary_dilation]" time="0.001" /><testcase classname="src.cucim.skimage.morphology.tests.test_binary" name="test_unsupported_mode[reflect-binary_opening]" time="0.001" /><testcase classname="src.cucim.skimage.morphology.tests.test_binary" name="test_unsupported_mode[reflect-binary_closing]" time="0.001" /><testcase classname="src.cucim.skimage.morphology.tests.test_binary" name="test_unsupported_mode[3-binary_erosion]" time="0.001" /><testcase classname="src.cucim.skimage.morphology.tests.test_binary" name="test_unsupported_mode[3-binary_dilation]" time="0.001" /><testcase classname="src.cucim.skimage.morphology.tests.test_binary" name="test_unsupported_mode[3-binary_opening]" time="0.001" /><testcase classname="src.cucim.skimage.morphology.tests.test_binary" name="test_unsupported_mode[3-binary_closing]" time="0.001" /><testcase classname="src.cucim.skimage.morphology.tests.test_binary" name="test_unsupported_mode[None-binary_erosion]" time="0.001" /><testcase classname="src.cucim.skimage.morphology.tests.test_binary" name="test_unsupported_mode[None-binary_dilation]" time="0.001" /><testcase classname="src.cucim.skimage.morphology.tests.test_binary" name="test_unsupported_mode[None-binary_opening]" time="0.001" /><testcase classname="src.cucim.skimage.morphology.tests.test_binary" name="test_unsupported_mode[None-binary_closing]" time="0.001" /><testcase classname="src.cucim.skimage.morphology.tests.test_binary" name="test_default_footprint[binary_erosion]" time="0.001" /><testcase classname="src.cucim.skimage.morphology.tests.test_binary" name="test_default_footprint[binary_dilation]" time="0.001" /><testcase classname="src.cucim.skimage.morphology.tests.test_binary" name="test_default_footprint[binary_opening]" time="0.002" /><testcase classname="src.cucim.skimage.morphology.tests.test_binary" name="test_default_footprint[binary_closing]" time="0.002" /><testcase classname="src.cucim.skimage.morphology.tests.test_binary" name="test_3d_fallback_default_footprint" time="0.001" /><testcase classname="src.cucim.skimage.morphology.tests.test_binary" name="test_3d_fallback_cube_footprint[binary_opening]" time="0.001" /><testcase classname="src.cucim.skimage.morphology.tests.test_binary" name="test_3d_fallback_cube_footprint[binary_closing]" time="0.001" /><testcase classname="src.cucim.skimage.morphology.tests.test_binary" name="test_2d_ndimage_equivalence" time="2.875" /><testcase classname="src.cucim.skimage.morphology.tests.test_binary" name="test_binary_output_2d" time="1.336" /><testcase classname="src.cucim.skimage.morphology.tests.test_binary" name="test_binary_output_3d" time="3.047" /><testcase classname="src.cucim.skimage.morphology.tests.test_binary" name="test_tuple_as_footprint[1-binary_erosion]" time="0.682" /><testcase classname="src.cucim.skimage.morphology.tests.test_binary" name="test_tuple_as_footprint[1-binary_dilation]" time="0.676" /><testcase classname="src.cucim.skimage.morphology.tests.test_binary" name="test_tuple_as_footprint[1-binary_closing]" time="1.384" /><testcase classname="src.cucim.skimage.morphology.tests.test_binary" name="test_tuple_as_footprint[1-binary_opening]" time="0.003" /><testcase classname="src.cucim.skimage.morphology.tests.test_binary" name="test_tuple_as_footprint[2-binary_erosion]" time="0.002" /><testcase classname="src.cucim.skimage.morphology.tests.test_binary" name="test_tuple_as_footprint[2-binary_dilation]" time="0.002" /><testcase classname="src.cucim.skimage.morphology.tests.test_binary" name="test_tuple_as_footprint[2-binary_closing]" time="0.002" /><testcase classname="src.cucim.skimage.morphology.tests.test_binary" name="test_tuple_as_footprint[2-binary_opening]" time="0.002" /><testcase classname="src.cucim.skimage.morphology.tests.test_binary" name="test_tuple_as_footprint[3-binary_erosion]" time="0.740" /><testcase classname="src.cucim.skimage.morphology.tests.test_binary" name="test_tuple_as_footprint[3-binary_dilation]" time="0.721" /><testcase classname="src.cucim.skimage.morphology.tests.test_binary" name="test_tuple_as_footprint[3-binary_closing]" time="1.420" /><testcase classname="src.cucim.skimage.morphology.tests.test_binary" name="test_tuple_as_footprint[3-binary_opening]" time="0.004" /><testcase classname="src.cucim.skimage.morphology.tests.test_convex_hull" name="test_basic" time="0.210" /><testcase classname="src.cucim.skimage.morphology.tests.test_convex_hull" name="test_empty_image" time="0.010" /><testcase classname="src.cucim.skimage.morphology.tests.test_convex_hull" name="test_qhull_offset_example" time="1.966" /><testcase classname="src.cucim.skimage.morphology.tests.test_convex_hull" name="test_pathological_qhull_example" time="0.002" /><testcase classname="src.cucim.skimage.morphology.tests.test_convex_hull" name="test_pathological_qhull_labels" time="0.000"><skipped type="pytest.skip" message="include_borders option not implemented">/home/goplanid/cucim/python/cucim/src/cucim/skimage/morphology/tests/test_convex_hull.py:207: include_borders option not implemented</skipped></testcase><testcase classname="src.cucim.skimage.morphology.tests.test_convex_hull" name="test_object" time="0.164" /><testcase classname="src.cucim.skimage.morphology.tests.test_convex_hull" name="test_non_c_contiguous" time="1.800" /><testcase classname="src.cucim.skimage.morphology.tests.test_convex_hull" name="test_consistent_2d_3d_hulls" time="4.398" /><testcase classname="src.cucim.skimage.morphology.tests.test_convex_hull" name="test_few_points" time="2.016" /><testcase classname="src.cucim.skimage.morphology.tests.test_convex_hull" name="test_diamond[False-False-False-1]" time="2.278" /><testcase classname="src.cucim.skimage.morphology.tests.test_convex_hull" name="test_diamond[False-False-False-10]" time="2.732" /><testcase classname="src.cucim.skimage.morphology.tests.test_convex_hull" name="test_diamond[False-False-False-100]" time="4.503" /><testcase classname="src.cucim.skimage.morphology.tests.test_convex_hull" name="test_diamond[False-False-True-1]" time="0.003" /><testcase classname="src.cucim.skimage.morphology.tests.test_convex_hull" name="test_diamond[False-False-True-10]" time="0.002" /><testcase classname="src.cucim.skimage.morphology.tests.test_convex_hull" name="test_diamond[False-False-True-100]" time="0.003" /><testcase classname="src.cucim.skimage.morphology.tests.test_convex_hull" name="test_diamond[False-True-False-1]" time="0.002" /><testcase classname="src.cucim.skimage.morphology.tests.test_convex_hull" name="test_diamond[False-True-False-10]" time="0.002" /><testcase classname="src.cucim.skimage.morphology.tests.test_convex_hull" name="test_diamond[False-True-False-100]" time="0.002" /><testcase classname="src.cucim.skimage.morphology.tests.test_convex_hull" name="test_diamond[False-True-True-1]" time="0.002" /><testcase classname="src.cucim.skimage.morphology.tests.test_convex_hull" name="test_diamond[False-True-True-10]" time="0.002" /><testcase classname="src.cucim.skimage.morphology.tests.test_convex_hull" name="test_diamond[False-True-True-100]" time="0.002" /><testcase classname="src.cucim.skimage.morphology.tests.test_convex_hull" name="test_diamond[True-False-False-1]" time="0.002" /><testcase classname="src.cucim.skimage.morphology.tests.test_convex_hull" name="test_diamond[True-False-False-10]" time="0.002" /><testcase classname="src.cucim.skimage.morphology.tests.test_convex_hull" name="test_diamond[True-False-False-100]" time="0.002" /><testcase classname="src.cucim.skimage.morphology.tests.test_convex_hull" name="test_diamond[True-False-True-1]" time="0.002" /><testcase classname="src.cucim.skimage.morphology.tests.test_convex_hull" name="test_diamond[True-False-True-10]" time="0.002" /><testcase classname="src.cucim.skimage.morphology.tests.test_convex_hull" name="test_diamond[True-False-True-100]" time="0.002" /><testcase classname="src.cucim.skimage.morphology.tests.test_convex_hull" name="test_diamond[True-True-False-1]" time="0.002" /><testcase classname="src.cucim.skimage.morphology.tests.test_convex_hull" name="test_diamond[True-True-False-10]" time="0.002" /><testcase classname="src.cucim.skimage.morphology.tests.test_convex_hull" name="test_diamond[True-True-False-100]" time="0.002" /><testcase classname="src.cucim.skimage.morphology.tests.test_convex_hull" name="test_diamond[True-True-True-1]" time="0.002" /><testcase classname="src.cucim.skimage.morphology.tests.test_convex_hull" name="test_diamond[True-True-True-10]" time="0.002" /><testcase classname="src.cucim.skimage.morphology.tests.test_convex_hull" name="test_diamond[True-True-True-100]" time="0.002" /><testcase classname="src.cucim.skimage.morphology.tests.test_convex_hull" name="test_octahedron[False-False-False-1]" time="0.087" /><testcase classname="src.cucim.skimage.morphology.tests.test_convex_hull" name="test_octahedron[False-False-False-5]" time="0.011" /><testcase classname="src.cucim.skimage.morphology.tests.test_convex_hull" name="test_octahedron[False-False-False-50]" time="0.004" /><testcase classname="src.cucim.skimage.morphology.tests.test_convex_hull" name="test_octahedron[False-False-True-1]" time="0.002" /><testcase classname="src.cucim.skimage.morphology.tests.test_convex_hull" name="test_octahedron[False-False-True-5]" time="0.002" /><testcase classname="src.cucim.skimage.morphology.tests.test_convex_hull" name="test_octahedron[False-False-True-50]" time="0.010" /><testcase classname="src.cucim.skimage.morphology.tests.test_convex_hull" name="test_octahedron[False-True-False-1]" time="0.002" /><testcase classname="src.cucim.skimage.morphology.tests.test_convex_hull" name="test_octahedron[False-True-False-5]" time="0.002" /><testcase classname="src.cucim.skimage.morphology.tests.test_convex_hull" name="test_octahedron[False-True-False-50]" time="0.004" /><testcase classname="src.cucim.skimage.morphology.tests.test_convex_hull" name="test_octahedron[False-True-True-1]" time="0.002" /><testcase classname="src.cucim.skimage.morphology.tests.test_convex_hull" name="test_octahedron[False-True-True-5]" time="0.002" /><testcase classname="src.cucim.skimage.morphology.tests.test_convex_hull" name="test_octahedron[False-True-True-50]" time="0.009" /><testcase classname="src.cucim.skimage.morphology.tests.test_convex_hull" name="test_octahedron[True-False-False-1]" time="0.002" /><testcase classname="src.cucim.skimage.morphology.tests.test_convex_hull" name="test_octahedron[True-False-False-5]" time="0.002" /><testcase classname="src.cucim.skimage.morphology.tests.test_convex_hull" name="test_octahedron[True-False-False-50]" time="0.003" /><testcase classname="src.cucim.skimage.morphology.tests.test_convex_hull" name="test_octahedron[True-False-True-1]" time="0.002" /><testcase classname="src.cucim.skimage.morphology.tests.test_convex_hull" name="test_octahedron[True-False-True-5]" time="0.002" /><testcase classname="src.cucim.skimage.morphology.tests.test_convex_hull" name="test_octahedron[True-False-True-50]" time="0.008" /><testcase classname="src.cucim.skimage.morphology.tests.test_convex_hull" name="test_octahedron[True-True-False-1]" time="0.002" /><testcase classname="src.cucim.skimage.morphology.tests.test_convex_hull" name="test_octahedron[True-True-False-5]" time="0.002" /><testcase classname="src.cucim.skimage.morphology.tests.test_convex_hull" name="test_octahedron[True-True-False-50]" time="0.003" /><testcase classname="src.cucim.skimage.morphology.tests.test_convex_hull" name="test_octahedron[True-True-True-1]" time="0.002" /><testcase classname="src.cucim.skimage.morphology.tests.test_convex_hull" name="test_octahedron[True-True-True-5]" time="0.002" /><testcase classname="src.cucim.skimage.morphology.tests.test_convex_hull" name="test_octahedron[True-True-True-50]" time="0.009" /><testcase classname="src.cucim.skimage.morphology.tests.test_convex_hull" name="test_cpu_fallback[0-False-1]" time="0.002" /><testcase classname="src.cucim.skimage.morphology.tests.test_convex_hull" name="test_cpu_fallback[0-False-10]" time="0.002" /><testcase classname="src.cucim.skimage.morphology.tests.test_convex_hull" name="test_cpu_fallback[0-False-100]" time="0.002" /><testcase classname="src.cucim.skimage.morphology.tests.test_convex_hull" name="test_cpu_fallback[0-True-1]" time="0.002" /><testcase classname="src.cucim.skimage.morphology.tests.test_convex_hull" name="test_cpu_fallback[0-True-10]" time="0.002" /><testcase classname="src.cucim.skimage.morphology.tests.test_convex_hull" name="test_cpu_fallback[0-True-100]" time="0.002" /><testcase classname="src.cucim.skimage.morphology.tests.test_convex_hull" name="test_cpu_fallback[None-False-1]" time="0.002" /><testcase classname="src.cucim.skimage.morphology.tests.test_convex_hull" name="test_cpu_fallback[None-False-10]" time="0.002" /><testcase classname="src.cucim.skimage.morphology.tests.test_convex_hull" name="test_cpu_fallback[None-False-100]" time="0.002" /><testcase classname="src.cucim.skimage.morphology.tests.test_convex_hull" name="test_cpu_fallback[None-True-1]" time="0.001" /><testcase classname="src.cucim.skimage.morphology.tests.test_convex_hull" name="test_cpu_fallback[None-True-10]" time="0.001" /><testcase classname="src.cucim.skimage.morphology.tests.test_convex_hull" name="test_cpu_fallback[None-True-100]" time="0.003" /><testcase classname="src.cucim.skimage.morphology.tests.test_convex_hull" name="test_cpu_fallback[1000000000-False-1]" time="0.001" /><testcase classname="src.cucim.skimage.morphology.tests.test_convex_hull" name="test_cpu_fallback[1000000000-False-10]" time="0.001" /><testcase classname="src.cucim.skimage.morphology.tests.test_convex_hull" name="test_cpu_fallback[1000000000-False-100]" time="0.002" /><testcase classname="src.cucim.skimage.morphology.tests.test_convex_hull" name="test_cpu_fallback[1000000000-True-1]" time="0.001" /><testcase classname="src.cucim.skimage.morphology.tests.test_convex_hull" name="test_cpu_fallback[1000000000-True-10]" time="0.001" /><testcase classname="src.cucim.skimage.morphology.tests.test_convex_hull" name="test_cpu_fallback[1000000000-True-100]" time="0.003" /><testcase classname="src.cucim.skimage.morphology.tests.test_footprints.TestSElem" name="test_footprint_disk" time="0.562" /><testcase classname="src.cucim.skimage.morphology.tests.test_footprints.TestSElem" name="test_footprint_diamond" time="0.869" /><testcase classname="src.cucim.skimage.morphology.tests.test_footprints.TestSElem" name="test_footprint_ball" time="0.007" /><testcase classname="src.cucim.skimage.morphology.tests.test_footprints.TestSElem" name="test_footprint_octahedron" time="0.007" /><testcase classname="src.cucim.skimage.morphology.tests.test_footprints.TestSElem" name="test_footprint_octagon" time="0.002" /><testcase classname="src.cucim.skimage.morphology.tests.test_footprints.TestSElem" name="test_footprint_ellipse" time="0.002" /><testcase classname="src.cucim.skimage.morphology.tests.test_footprints.TestSElem" name="test_footprint_star" time="0.001" /><testcase classname="src.cucim.skimage.morphology.tests.test_footprints" name="test_footprint_dtype[uint8-disk-args0-True]" time="0.001" /><testcase classname="src.cucim.skimage.morphology.tests.test_footprints" name="test_footprint_dtype[uint8-ball-args1-True]" time="0.001" /><testcase classname="src.cucim.skimage.morphology.tests.test_footprints" name="test_footprint_dtype[uint8-diamond-args2-True]" time="0.001" /><testcase classname="src.cucim.skimage.morphology.tests.test_footprints" name="test_footprint_dtype[uint8-octahedron-args3-True]" time="0.001" /><testcase classname="src.cucim.skimage.morphology.tests.test_footprints" name="test_footprint_dtype[uint8-footprint_rectangle-args4-True]" time="0.001" /><testcase classname="src.cucim.skimage.morphology.tests.test_footprints" name="test_footprint_dtype[uint8-ellipse-args5-False]" time="0.001" /><testcase classname="src.cucim.skimage.morphology.tests.test_footprints" name="test_footprint_dtype[uint8-octagon-args6-True]" time="0.001" /><testcase classname="src.cucim.skimage.morphology.tests.test_footprints" name="test_footprint_dtype[uint8-star-args7-False]" time="0.001" /><testcase classname="src.cucim.skimage.morphology.tests.test_footprints" name="test_footprint_dtype[float64-disk-args0-True]" time="0.001" /><testcase classname="src.cucim.skimage.morphology.tests.test_footprints" name="test_footprint_dtype[float64-ball-args1-True]" time="0.001" /><testcase classname="src.cucim.skimage.morphology.tests.test_footprints" name="test_footprint_dtype[float64-diamond-args2-True]" time="0.001" /><testcase classname="src.cucim.skimage.morphology.tests.test_footprints" name="test_footprint_dtype[float64-octahedron-args3-True]" time="0.001" /><testcase classname="src.cucim.skimage.morphology.tests.test_footprints" name="test_footprint_dtype[float64-footprint_rectangle-args4-True]" time="0.001" /><testcase classname="src.cucim.skimage.morphology.tests.test_footprints" name="test_footprint_dtype[float64-ellipse-args5-False]" time="0.001" /><testcase classname="src.cucim.skimage.morphology.tests.test_footprints" name="test_footprint_dtype[float64-octagon-args6-True]" time="0.001" /><testcase classname="src.cucim.skimage.morphology.tests.test_footprints" name="test_footprint_dtype[float64-star-args7-False]" time="0.001" /><testcase classname="src.cucim.skimage.morphology.tests.test_footprints" name="test_nsphere_series_approximation[1-disk]" time="0.001" /><testcase classname="src.cucim.skimage.morphology.tests.test_footprints" name="test_nsphere_series_approximation[1-ball]" time="0.001" /><testcase classname="src.cucim.skimage.morphology.tests.test_footprints" name="test_nsphere_series_approximation[2-disk]" time="0.002" /><testcase classname="src.cucim.skimage.morphology.tests.test_footprints" name="test_nsphere_series_approximation[2-ball]" time="0.002" /><testcase classname="src.cucim.skimage.morphology.tests.test_footprints" name="test_nsphere_series_approximation[3-disk]" time="0.002" /><testcase classname="src.cucim.skimage.morphology.tests.test_footprints" name="test_nsphere_series_approximation[3-ball]" time="0.002" /><testcase classname="src.cucim.skimage.morphology.tests.test_footprints" name="test_nsphere_series_approximation[4-disk]" time="0.002" /><testcase classname="src.cucim.skimage.morphology.tests.test_footprints" name="test_nsphere_series_approximation[4-ball]" time="0.002" /><testcase classname="src.cucim.skimage.morphology.tests.test_footprints" name="test_nsphere_series_approximation[5-disk]" time="0.002" /><testcase classname="src.cucim.skimage.morphology.tests.test_footprints" name="test_nsphere_series_approximation[5-ball]" time="0.002" /><testcase classname="src.cucim.skimage.morphology.tests.test_footprints" name="test_nsphere_series_approximation[6-disk]" time="0.003" /><testcase classname="src.cucim.skimage.morphology.tests.test_footprints" name="test_nsphere_series_approximation[6-ball]" time="0.002" /><testcase classname="src.cucim.skimage.morphology.tests.test_footprints" name="test_nsphere_series_approximation[7-disk]" time="0.003" /><testcase classname="src.cucim.skimage.morphology.tests.test_footprints" name="test_nsphere_series_approximation[7-ball]" time="0.002" /><testcase classname="src.cucim.skimage.morphology.tests.test_footprints" name="test_nsphere_series_approximation[8-disk]" time="0.004" /><testcase classname="src.cucim.skimage.morphology.tests.test_footprints" name="test_nsphere_series_approximation[8-ball]" time="0.002" /><testcase classname="src.cucim.skimage.morphology.tests.test_footprints" name="test_nsphere_series_approximation[9-disk]" time="0.003" /><testcase classname="src.cucim.skimage.morphology.tests.test_footprints" name="test_nsphere_series_approximation[9-ball]" time="0.003" /><testcase classname="src.cucim.skimage.morphology.tests.test_footprints" name="test_nsphere_series_approximation[10-disk]" time="0.003" /><testcase classname="src.cucim.skimage.morphology.tests.test_footprints" name="test_nsphere_series_approximation[10-ball]" time="0.003" /><testcase classname="src.cucim.skimage.morphology.tests.test_footprints" name="test_nsphere_series_approximation[20-disk]" time="0.004" /><testcase classname="src.cucim.skimage.morphology.tests.test_footprints" name="test_nsphere_series_approximation[20-ball]" time="0.003" /><testcase classname="src.cucim.skimage.morphology.tests.test_footprints" name="test_nsphere_series_approximation[50-disk]" time="0.006" /><testcase classname="src.cucim.skimage.morphology.tests.test_footprints" name="test_nsphere_series_approximation[50-ball]" time="0.008" /><testcase classname="src.cucim.skimage.morphology.tests.test_footprints" name="test_nsphere_series_approximation[75-disk]" time="0.007" /><testcase classname="src.cucim.skimage.morphology.tests.test_footprints" name="test_nsphere_series_approximation[75-ball]" time="0.017" /><testcase classname="src.cucim.skimage.morphology.tests.test_footprints" name="test_nsphere_series_approximation[100-disk]" time="0.009" /><testcase classname="src.cucim.skimage.morphology.tests.test_footprints" name="test_nsphere_series_approximation[100-ball]" time="0.046" /><testcase classname="src.cucim.skimage.morphology.tests.test_footprints" name="test_disk_crosses_approximation[False-1]" time="0.002" /><testcase classname="src.cucim.skimage.morphology.tests.test_footprints" name="test_disk_crosses_approximation[False-2]" time="0.002" /><testcase classname="src.cucim.skimage.morphology.tests.test_footprints" name="test_disk_crosses_approximation[False-3]" time="0.002" /><testcase classname="src.cucim.skimage.morphology.tests.test_footprints" name="test_disk_crosses_approximation[False-4]" time="0.002" /><testcase classname="src.cucim.skimage.morphology.tests.test_footprints" name="test_disk_crosses_approximation[False-5]" time="0.002" /><testcase classname="src.cucim.skimage.morphology.tests.test_footprints" name="test_disk_crosses_approximation[False-10]" time="1.423" /><testcase classname="src.cucim.skimage.morphology.tests.test_footprints" name="test_disk_crosses_approximation[False-20]" time="1.446" /><testcase classname="src.cucim.skimage.morphology.tests.test_footprints" name="test_disk_crosses_approximation[False-50]" time="2.825" /><testcase classname="src.cucim.skimage.morphology.tests.test_footprints" name="test_disk_crosses_approximation[False-75]" time="2.781" /><testcase classname="src.cucim.skimage.morphology.tests.test_footprints" name="test_disk_crosses_approximation[True-1]" time="0.002" /><testcase classname="src.cucim.skimage.morphology.tests.test_footprints" name="test_disk_crosses_approximation[True-2]" time="0.002" /><testcase classname="src.cucim.skimage.morphology.tests.test_footprints" name="test_disk_crosses_approximation[True-3]" time="0.002" /><testcase classname="src.cucim.skimage.morphology.tests.test_footprints" name="test_disk_crosses_approximation[True-4]" time="0.002" /><testcase classname="src.cucim.skimage.morphology.tests.test_footprints" name="test_disk_crosses_approximation[True-5]" time="0.002" /><testcase classname="src.cucim.skimage.morphology.tests.test_footprints" name="test_disk_crosses_approximation[True-10]" time="1.410" /><testcase classname="src.cucim.skimage.morphology.tests.test_footprints" name="test_disk_crosses_approximation[True-20]" time="0.004" /><testcase classname="src.cucim.skimage.morphology.tests.test_footprints" name="test_disk_crosses_approximation[True-50]" time="1.403" /><testcase classname="src.cucim.skimage.morphology.tests.test_footprints" name="test_disk_crosses_approximation[True-75]" time="1.381" /><testcase classname="src.cucim.skimage.morphology.tests.test_footprints" name="test_ellipse_crosses_approximation[3-3]" time="0.003" /><testcase classname="src.cucim.skimage.morphology.tests.test_footprints" name="test_ellipse_crosses_approximation[3-8]" time="0.002" /><testcase classname="src.cucim.skimage.morphology.tests.test_footprints" name="test_ellipse_crosses_approximation[3-20]" time="0.688" /><testcase classname="src.cucim.skimage.morphology.tests.test_footprints" name="test_ellipse_crosses_approximation[3-50]" time="1.427" /><testcase classname="src.cucim.skimage.morphology.tests.test_footprints" name="test_ellipse_crosses_approximation[8-3]" time="0.003" /><testcase classname="src.cucim.skimage.morphology.tests.test_footprints" name="test_ellipse_crosses_approximation[8-8]" time="0.002" /><testcase classname="src.cucim.skimage.morphology.tests.test_footprints" name="test_ellipse_crosses_approximation[8-20]" time="0.710" /><testcase classname="src.cucim.skimage.morphology.tests.test_footprints" name="test_ellipse_crosses_approximation[8-50]" time="0.679" /><testcase classname="src.cucim.skimage.morphology.tests.test_footprints" name="test_ellipse_crosses_approximation[20-3]" time="0.690" /><testcase classname="src.cucim.skimage.morphology.tests.test_footprints" name="test_ellipse_crosses_approximation[20-8]" time="0.700" /><testcase classname="src.cucim.skimage.morphology.tests.test_footprints" name="test_ellipse_crosses_approximation[20-20]" time="1.381" /><testcase classname="src.cucim.skimage.morphology.tests.test_footprints" name="test_ellipse_crosses_approximation[20-50]" time="0.686" /><testcase classname="src.cucim.skimage.morphology.tests.test_footprints" name="test_ellipse_crosses_approximation[50-3]" time="1.385" /><testcase classname="src.cucim.skimage.morphology.tests.test_footprints" name="test_ellipse_crosses_approximation[50-8]" time="0.687" /><testcase classname="src.cucim.skimage.morphology.tests.test_footprints" name="test_ellipse_crosses_approximation[50-20]" time="0.699" /><testcase classname="src.cucim.skimage.morphology.tests.test_footprints" name="test_ellipse_crosses_approximation[50-50]" time="1.395" /><testcase classname="src.cucim.skimage.morphology.tests.test_footprints" name="test_disk_series_approximation_unavailable" time="0.000" /><testcase classname="src.cucim.skimage.morphology.tests.test_footprints" name="test_ball_series_approximation_unavailable" time="0.000" /><testcase classname="src.cucim.skimage.morphology.tests.test_footprints.Test_footprint_rectangle" name="test_rectangle[0-0]" time="0.001" /><testcase classname="src.cucim.skimage.morphology.tests.test_footprints.Test_footprint_rectangle" name="test_rectangle[0-1]" time="0.001" /><testcase classname="src.cucim.skimage.morphology.tests.test_footprints.Test_footprint_rectangle" name="test_rectangle[0-2]" time="0.001" /><testcase classname="src.cucim.skimage.morphology.tests.test_footprints.Test_footprint_rectangle" name="test_rectangle[0-3]" time="0.001" /><testcase classname="src.cucim.skimage.morphology.tests.test_footprints.Test_footprint_rectangle" name="test_rectangle[0-4]" time="0.001" /><testcase classname="src.cucim.skimage.morphology.tests.test_footprints.Test_footprint_rectangle" name="test_rectangle[1-0]" time="0.001" /><testcase classname="src.cucim.skimage.morphology.tests.test_footprints.Test_footprint_rectangle" name="test_rectangle[1-1]" time="0.001" /><testcase classname="src.cucim.skimage.morphology.tests.test_footprints.Test_footprint_rectangle" name="test_rectangle[1-2]" time="0.001" /><testcase classname="src.cucim.skimage.morphology.tests.test_footprints.Test_footprint_rectangle" name="test_rectangle[1-3]" time="0.001" /><testcase classname="src.cucim.skimage.morphology.tests.test_footprints.Test_footprint_rectangle" name="test_rectangle[1-4]" time="0.001" /><testcase classname="src.cucim.skimage.morphology.tests.test_footprints.Test_footprint_rectangle" name="test_rectangle[2-0]" time="0.001" /><testcase classname="src.cucim.skimage.morphology.tests.test_footprints.Test_footprint_rectangle" name="test_rectangle[2-1]" time="0.001" /><testcase classname="src.cucim.skimage.morphology.tests.test_footprints.Test_footprint_rectangle" name="test_rectangle[2-2]" time="0.001" /><testcase classname="src.cucim.skimage.morphology.tests.test_footprints.Test_footprint_rectangle" name="test_rectangle[2-3]" time="0.001" /><testcase classname="src.cucim.skimage.morphology.tests.test_footprints.Test_footprint_rectangle" name="test_rectangle[2-4]" time="0.001" /><testcase classname="src.cucim.skimage.morphology.tests.test_footprints.Test_footprint_rectangle" name="test_rectangle[3-0]" time="0.001" /><testcase classname="src.cucim.skimage.morphology.tests.test_footprints.Test_footprint_rectangle" name="test_rectangle[3-1]" time="0.001" /><testcase classname="src.cucim.skimage.morphology.tests.test_footprints.Test_footprint_rectangle" name="test_rectangle[3-2]" time="0.001" /><testcase classname="src.cucim.skimage.morphology.tests.test_footprints.Test_footprint_rectangle" name="test_rectangle[3-3]" time="0.001" /><testcase classname="src.cucim.skimage.morphology.tests.test_footprints.Test_footprint_rectangle" name="test_rectangle[3-4]" time="0.001" /><testcase classname="src.cucim.skimage.morphology.tests.test_footprints.Test_footprint_rectangle" name="test_rectangle[4-0]" time="0.001" /><testcase classname="src.cucim.skimage.morphology.tests.test_footprints.Test_footprint_rectangle" name="test_rectangle[4-1]" time="0.001" /><testcase classname="src.cucim.skimage.morphology.tests.test_footprints.Test_footprint_rectangle" name="test_rectangle[4-2]" time="0.001" /><testcase classname="src.cucim.skimage.morphology.tests.test_footprints.Test_footprint_rectangle" name="test_rectangle[4-3]" time="0.001" /><testcase classname="src.cucim.skimage.morphology.tests.test_footprints.Test_footprint_rectangle" name="test_rectangle[4-4]" time="0.001" /><testcase classname="src.cucim.skimage.morphology.tests.test_footprints.Test_footprint_rectangle" name="test_cuboid[0-0-0]" time="0.001" /><testcase classname="src.cucim.skimage.morphology.tests.test_footprints.Test_footprint_rectangle" name="test_cuboid[0-0-1]" time="0.001" /><testcase classname="src.cucim.skimage.morphology.tests.test_footprints.Test_footprint_rectangle" name="test_cuboid[0-0-2]" time="0.001" /><testcase classname="src.cucim.skimage.morphology.tests.test_footprints.Test_footprint_rectangle" name="test_cuboid[0-0-3]" time="0.001" /><testcase classname="src.cucim.skimage.morphology.tests.test_footprints.Test_footprint_rectangle" name="test_cuboid[0-0-4]" time="0.001" /><testcase classname="src.cucim.skimage.morphology.tests.test_footprints.Test_footprint_rectangle" name="test_cuboid[0-1-0]" time="0.001" /><testcase classname="src.cucim.skimage.morphology.tests.test_footprints.Test_footprint_rectangle" name="test_cuboid[0-1-1]" time="0.001" /><testcase classname="src.cucim.skimage.morphology.tests.test_footprints.Test_footprint_rectangle" name="test_cuboid[0-1-2]" time="0.001" /><testcase classname="src.cucim.skimage.morphology.tests.test_footprints.Test_footprint_rectangle" name="test_cuboid[0-1-3]" time="0.001" /><testcase classname="src.cucim.skimage.morphology.tests.test_footprints.Test_footprint_rectangle" name="test_cuboid[0-1-4]" time="0.001" /><testcase classname="src.cucim.skimage.morphology.tests.test_footprints.Test_footprint_rectangle" name="test_cuboid[0-2-0]" time="0.001" /><testcase classname="src.cucim.skimage.morphology.tests.test_footprints.Test_footprint_rectangle" name="test_cuboid[0-2-1]" time="0.001" /><testcase classname="src.cucim.skimage.morphology.tests.test_footprints.Test_footprint_rectangle" name="test_cuboid[0-2-2]" time="0.001" /><testcase classname="src.cucim.skimage.morphology.tests.test_footprints.Test_footprint_rectangle" name="test_cuboid[0-2-3]" time="0.001" /><testcase classname="src.cucim.skimage.morphology.tests.test_footprints.Test_footprint_rectangle" name="test_cuboid[0-2-4]" time="0.001" /><testcase classname="src.cucim.skimage.morphology.tests.test_footprints.Test_footprint_rectangle" name="test_cuboid[0-3-0]" time="0.001" /><testcase classname="src.cucim.skimage.morphology.tests.test_footprints.Test_footprint_rectangle" name="test_cuboid[0-3-1]" time="0.001" /><testcase classname="src.cucim.skimage.morphology.tests.test_footprints.Test_footprint_rectangle" name="test_cuboid[0-3-2]" time="0.001" /><testcase classname="src.cucim.skimage.morphology.tests.test_footprints.Test_footprint_rectangle" name="test_cuboid[0-3-3]" time="0.001" /><testcase classname="src.cucim.skimage.morphology.tests.test_footprints.Test_footprint_rectangle" name="test_cuboid[0-3-4]" time="0.001" /><testcase classname="src.cucim.skimage.morphology.tests.test_footprints.Test_footprint_rectangle" name="test_cuboid[0-4-0]" time="0.001" /><testcase classname="src.cucim.skimage.morphology.tests.test_footprints.Test_footprint_rectangle" name="test_cuboid[0-4-1]" time="0.001" /><testcase classname="src.cucim.skimage.morphology.tests.test_footprints.Test_footprint_rectangle" name="test_cuboid[0-4-2]" time="0.001" /><testcase classname="src.cucim.skimage.morphology.tests.test_footprints.Test_footprint_rectangle" name="test_cuboid[0-4-3]" time="0.001" /><testcase classname="src.cucim.skimage.morphology.tests.test_footprints.Test_footprint_rectangle" name="test_cuboid[0-4-4]" time="0.001" /><testcase classname="src.cucim.skimage.morphology.tests.test_footprints.Test_footprint_rectangle" name="test_cuboid[1-0-0]" time="0.001" /><testcase classname="src.cucim.skimage.morphology.tests.test_footprints.Test_footprint_rectangle" name="test_cuboid[1-0-1]" time="0.001" /><testcase classname="src.cucim.skimage.morphology.tests.test_footprints.Test_footprint_rectangle" name="test_cuboid[1-0-2]" time="0.001" /><testcase classname="src.cucim.skimage.morphology.tests.test_footprints.Test_footprint_rectangle" name="test_cuboid[1-0-3]" time="0.001" /><testcase classname="src.cucim.skimage.morphology.tests.test_footprints.Test_footprint_rectangle" name="test_cuboid[1-0-4]" time="0.001" /><testcase classname="src.cucim.skimage.morphology.tests.test_footprints.Test_footprint_rectangle" name="test_cuboid[1-1-0]" time="0.001" /><testcase classname="src.cucim.skimage.morphology.tests.test_footprints.Test_footprint_rectangle" name="test_cuboid[1-1-1]" time="0.001" /><testcase classname="src.cucim.skimage.morphology.tests.test_footprints.Test_footprint_rectangle" name="test_cuboid[1-1-2]" time="0.001" /><testcase classname="src.cucim.skimage.morphology.tests.test_footprints.Test_footprint_rectangle" name="test_cuboid[1-1-3]" time="0.001" /><testcase classname="src.cucim.skimage.morphology.tests.test_footprints.Test_footprint_rectangle" name="test_cuboid[1-1-4]" time="0.001" /><testcase classname="src.cucim.skimage.morphology.tests.test_footprints.Test_footprint_rectangle" name="test_cuboid[1-2-0]" time="0.001" /><testcase classname="src.cucim.skimage.morphology.tests.test_footprints.Test_footprint_rectangle" name="test_cuboid[1-2-1]" time="0.001" /><testcase classname="src.cucim.skimage.morphology.tests.test_footprints.Test_footprint_rectangle" name="test_cuboid[1-2-2]" time="0.001" /><testcase classname="src.cucim.skimage.morphology.tests.test_footprints.Test_footprint_rectangle" name="test_cuboid[1-2-3]" time="0.001" /><testcase classname="src.cucim.skimage.morphology.tests.test_footprints.Test_footprint_rectangle" name="test_cuboid[1-2-4]" time="0.001" /><testcase classname="src.cucim.skimage.morphology.tests.test_footprints.Test_footprint_rectangle" name="test_cuboid[1-3-0]" time="0.001" /><testcase classname="src.cucim.skimage.morphology.tests.test_footprints.Test_footprint_rectangle" name="test_cuboid[1-3-1]" time="0.001" /><testcase classname="src.cucim.skimage.morphology.tests.test_footprints.Test_footprint_rectangle" name="test_cuboid[1-3-2]" time="0.001" /><testcase classname="src.cucim.skimage.morphology.tests.test_footprints.Test_footprint_rectangle" name="test_cuboid[1-3-3]" time="0.001" /><testcase classname="src.cucim.skimage.morphology.tests.test_footprints.Test_footprint_rectangle" name="test_cuboid[1-3-4]" time="0.001" /><testcase classname="src.cucim.skimage.morphology.tests.test_footprints.Test_footprint_rectangle" name="test_cuboid[1-4-0]" time="0.001" /><testcase classname="src.cucim.skimage.morphology.tests.test_footprints.Test_footprint_rectangle" name="test_cuboid[1-4-1]" time="0.001" /><testcase classname="src.cucim.skimage.morphology.tests.test_footprints.Test_footprint_rectangle" name="test_cuboid[1-4-2]" time="0.001" /><testcase classname="src.cucim.skimage.morphology.tests.test_footprints.Test_footprint_rectangle" name="test_cuboid[1-4-3]" time="0.001" /><testcase classname="src.cucim.skimage.morphology.tests.test_footprints.Test_footprint_rectangle" name="test_cuboid[1-4-4]" time="0.001" /><testcase classname="src.cucim.skimage.morphology.tests.test_footprints.Test_footprint_rectangle" name="test_cuboid[2-0-0]" time="0.001" /><testcase classname="src.cucim.skimage.morphology.tests.test_footprints.Test_footprint_rectangle" name="test_cuboid[2-0-1]" time="0.001" /><testcase classname="src.cucim.skimage.morphology.tests.test_footprints.Test_footprint_rectangle" name="test_cuboid[2-0-2]" time="0.001" /><testcase classname="src.cucim.skimage.morphology.tests.test_footprints.Test_footprint_rectangle" name="test_cuboid[2-0-3]" time="0.001" /><testcase classname="src.cucim.skimage.morphology.tests.test_footprints.Test_footprint_rectangle" name="test_cuboid[2-0-4]" time="0.001" /><testcase classname="src.cucim.skimage.morphology.tests.test_footprints.Test_footprint_rectangle" name="test_cuboid[2-1-0]" time="0.001" /><testcase classname="src.cucim.skimage.morphology.tests.test_footprints.Test_footprint_rectangle" name="test_cuboid[2-1-1]" time="0.001" /><testcase classname="src.cucim.skimage.morphology.tests.test_footprints.Test_footprint_rectangle" name="test_cuboid[2-1-2]" time="0.001" /><testcase classname="src.cucim.skimage.morphology.tests.test_footprints.Test_footprint_rectangle" name="test_cuboid[2-1-3]" time="0.001" /><testcase classname="src.cucim.skimage.morphology.tests.test_footprints.Test_footprint_rectangle" name="test_cuboid[2-1-4]" time="0.001" /><testcase classname="src.cucim.skimage.morphology.tests.test_footprints.Test_footprint_rectangle" name="test_cuboid[2-2-0]" time="0.001" /><testcase classname="src.cucim.skimage.morphology.tests.test_footprints.Test_footprint_rectangle" name="test_cuboid[2-2-1]" time="0.001" /><testcase classname="src.cucim.skimage.morphology.tests.test_footprints.Test_footprint_rectangle" name="test_cuboid[2-2-2]" time="0.001" /><testcase classname="src.cucim.skimage.morphology.tests.test_footprints.Test_footprint_rectangle" name="test_cuboid[2-2-3]" time="0.001" /><testcase classname="src.cucim.skimage.morphology.tests.test_footprints.Test_footprint_rectangle" name="test_cuboid[2-2-4]" time="0.001" /><testcase classname="src.cucim.skimage.morphology.tests.test_footprints.Test_footprint_rectangle" name="test_cuboid[2-3-0]" time="0.001" /><testcase classname="src.cucim.skimage.morphology.tests.test_footprints.Test_footprint_rectangle" name="test_cuboid[2-3-1]" time="0.001" /><testcase classname="src.cucim.skimage.morphology.tests.test_footprints.Test_footprint_rectangle" name="test_cuboid[2-3-2]" time="0.001" /><testcase classname="src.cucim.skimage.morphology.tests.test_footprints.Test_footprint_rectangle" name="test_cuboid[2-3-3]" time="0.001" /><testcase classname="src.cucim.skimage.morphology.tests.test_footprints.Test_footprint_rectangle" name="test_cuboid[2-3-4]" time="0.001" /><testcase classname="src.cucim.skimage.morphology.tests.test_footprints.Test_footprint_rectangle" name="test_cuboid[2-4-0]" time="0.001" /><testcase classname="src.cucim.skimage.morphology.tests.test_footprints.Test_footprint_rectangle" name="test_cuboid[2-4-1]" time="0.001" /><testcase classname="src.cucim.skimage.morphology.tests.test_footprints.Test_footprint_rectangle" name="test_cuboid[2-4-2]" time="0.001" /><testcase classname="src.cucim.skimage.morphology.tests.test_footprints.Test_footprint_rectangle" name="test_cuboid[2-4-3]" time="0.001" /><testcase classname="src.cucim.skimage.morphology.tests.test_footprints.Test_footprint_rectangle" name="test_cuboid[2-4-4]" time="0.001" /><testcase classname="src.cucim.skimage.morphology.tests.test_footprints.Test_footprint_rectangle" name="test_cuboid[3-0-0]" time="0.001" /><testcase classname="src.cucim.skimage.morphology.tests.test_footprints.Test_footprint_rectangle" name="test_cuboid[3-0-1]" time="0.001" /><testcase classname="src.cucim.skimage.morphology.tests.test_footprints.Test_footprint_rectangle" name="test_cuboid[3-0-2]" time="0.001" /><testcase classname="src.cucim.skimage.morphology.tests.test_footprints.Test_footprint_rectangle" name="test_cuboid[3-0-3]" time="0.001" /><testcase classname="src.cucim.skimage.morphology.tests.test_footprints.Test_footprint_rectangle" name="test_cuboid[3-0-4]" time="0.001" /><testcase classname="src.cucim.skimage.morphology.tests.test_footprints.Test_footprint_rectangle" name="test_cuboid[3-1-0]" time="0.001" /><testcase classname="src.cucim.skimage.morphology.tests.test_footprints.Test_footprint_rectangle" name="test_cuboid[3-1-1]" time="0.001" /><testcase classname="src.cucim.skimage.morphology.tests.test_footprints.Test_footprint_rectangle" name="test_cuboid[3-1-2]" time="0.001" /><testcase classname="src.cucim.skimage.morphology.tests.test_footprints.Test_footprint_rectangle" name="test_cuboid[3-1-3]" time="0.001" /><testcase classname="src.cucim.skimage.morphology.tests.test_footprints.Test_footprint_rectangle" name="test_cuboid[3-1-4]" time="0.001" /><testcase classname="src.cucim.skimage.morphology.tests.test_footprints.Test_footprint_rectangle" name="test_cuboid[3-2-0]" time="0.001" /><testcase classname="src.cucim.skimage.morphology.tests.test_footprints.Test_footprint_rectangle" name="test_cuboid[3-2-1]" time="0.001" /><testcase classname="src.cucim.skimage.morphology.tests.test_footprints.Test_footprint_rectangle" name="test_cuboid[3-2-2]" time="0.001" /><testcase classname="src.cucim.skimage.morphology.tests.test_footprints.Test_footprint_rectangle" name="test_cuboid[3-2-3]" time="0.001" /><testcase classname="src.cucim.skimage.morphology.tests.test_footprints.Test_footprint_rectangle" name="test_cuboid[3-2-4]" time="0.001" /><testcase classname="src.cucim.skimage.morphology.tests.test_footprints.Test_footprint_rectangle" name="test_cuboid[3-3-0]" time="0.001" /><testcase classname="src.cucim.skimage.morphology.tests.test_footprints.Test_footprint_rectangle" name="test_cuboid[3-3-1]" time="0.001" /><testcase classname="src.cucim.skimage.morphology.tests.test_footprints.Test_footprint_rectangle" name="test_cuboid[3-3-2]" time="0.001" /><testcase classname="src.cucim.skimage.morphology.tests.test_footprints.Test_footprint_rectangle" name="test_cuboid[3-3-3]" time="0.001" /><testcase classname="src.cucim.skimage.morphology.tests.test_footprints.Test_footprint_rectangle" name="test_cuboid[3-3-4]" time="0.001" /><testcase classname="src.cucim.skimage.morphology.tests.test_footprints.Test_footprint_rectangle" name="test_cuboid[3-4-0]" time="0.001" /><testcase classname="src.cucim.skimage.morphology.tests.test_footprints.Test_footprint_rectangle" name="test_cuboid[3-4-1]" time="0.001" /><testcase classname="src.cucim.skimage.morphology.tests.test_footprints.Test_footprint_rectangle" name="test_cuboid[3-4-2]" time="0.001" /><testcase classname="src.cucim.skimage.morphology.tests.test_footprints.Test_footprint_rectangle" name="test_cuboid[3-4-3]" time="0.001" /><testcase classname="src.cucim.skimage.morphology.tests.test_footprints.Test_footprint_rectangle" name="test_cuboid[3-4-4]" time="0.001" /><testcase classname="src.cucim.skimage.morphology.tests.test_footprints.Test_footprint_rectangle" name="test_cuboid[4-0-0]" time="0.001" /><testcase classname="src.cucim.skimage.morphology.tests.test_footprints.Test_footprint_rectangle" name="test_cuboid[4-0-1]" time="0.001" /><testcase classname="src.cucim.skimage.morphology.tests.test_footprints.Test_footprint_rectangle" name="test_cuboid[4-0-2]" time="0.001" /><testcase classname="src.cucim.skimage.morphology.tests.test_footprints.Test_footprint_rectangle" name="test_cuboid[4-0-3]" time="0.001" /><testcase classname="src.cucim.skimage.morphology.tests.test_footprints.Test_footprint_rectangle" name="test_cuboid[4-0-4]" time="0.001" /><testcase classname="src.cucim.skimage.morphology.tests.test_footprints.Test_footprint_rectangle" name="test_cuboid[4-1-0]" time="0.001" /><testcase classname="src.cucim.skimage.morphology.tests.test_footprints.Test_footprint_rectangle" name="test_cuboid[4-1-1]" time="0.001" /><testcase classname="src.cucim.skimage.morphology.tests.test_footprints.Test_footprint_rectangle" name="test_cuboid[4-1-2]" time="0.001" /><testcase classname="src.cucim.skimage.morphology.tests.test_footprints.Test_footprint_rectangle" name="test_cuboid[4-1-3]" time="0.001" /><testcase classname="src.cucim.skimage.morphology.tests.test_footprints.Test_footprint_rectangle" name="test_cuboid[4-1-4]" time="0.001" /><testcase classname="src.cucim.skimage.morphology.tests.test_footprints.Test_footprint_rectangle" name="test_cuboid[4-2-0]" time="0.001" /><testcase classname="src.cucim.skimage.morphology.tests.test_footprints.Test_footprint_rectangle" name="test_cuboid[4-2-1]" time="0.001" /><testcase classname="src.cucim.skimage.morphology.tests.test_footprints.Test_footprint_rectangle" name="test_cuboid[4-2-2]" time="0.001" /><testcase classname="src.cucim.skimage.morphology.tests.test_footprints.Test_footprint_rectangle" name="test_cuboid[4-2-3]" time="0.001" /><testcase classname="src.cucim.skimage.morphology.tests.test_footprints.Test_footprint_rectangle" name="test_cuboid[4-2-4]" time="0.001" /><testcase classname="src.cucim.skimage.morphology.tests.test_footprints.Test_footprint_rectangle" name="test_cuboid[4-3-0]" time="0.001" /><testcase classname="src.cucim.skimage.morphology.tests.test_footprints.Test_footprint_rectangle" name="test_cuboid[4-3-1]" time="0.001" /><testcase classname="src.cucim.skimage.morphology.tests.test_footprints.Test_footprint_rectangle" name="test_cuboid[4-3-2]" time="0.001" /><testcase classname="src.cucim.skimage.morphology.tests.test_footprints.Test_footprint_rectangle" name="test_cuboid[4-3-3]" time="0.001" /><testcase classname="src.cucim.skimage.morphology.tests.test_footprints.Test_footprint_rectangle" name="test_cuboid[4-3-4]" time="0.001" /><testcase classname="src.cucim.skimage.morphology.tests.test_footprints.Test_footprint_rectangle" name="test_cuboid[4-4-0]" time="0.001" /><testcase classname="src.cucim.skimage.morphology.tests.test_footprints.Test_footprint_rectangle" name="test_cuboid[4-4-1]" time="0.001" /><testcase classname="src.cucim.skimage.morphology.tests.test_footprints.Test_footprint_rectangle" name="test_cuboid[4-4-2]" time="0.001" /><testcase classname="src.cucim.skimage.morphology.tests.test_footprints.Test_footprint_rectangle" name="test_cuboid[4-4-3]" time="0.001" /><testcase classname="src.cucim.skimage.morphology.tests.test_footprints.Test_footprint_rectangle" name="test_cuboid[4-4-4]" time="0.001" /><testcase classname="src.cucim.skimage.morphology.tests.test_footprints.Test_footprint_rectangle" name="test_decomposition[separable-shape0]" time="0.657" /><testcase classname="src.cucim.skimage.morphology.tests.test_footprints.Test_footprint_rectangle" name="test_decomposition[separable-shape1]" time="0.002" /><testcase classname="src.cucim.skimage.morphology.tests.test_footprints.Test_footprint_rectangle" name="test_decomposition[separable-shape2]" time="2.081" /><testcase classname="src.cucim.skimage.morphology.tests.test_footprints.Test_footprint_rectangle" name="test_decomposition[sequence-shape0]" time="0.001" /><testcase classname="src.cucim.skimage.morphology.tests.test_footprints.Test_footprint_rectangle" name="test_decomposition[sequence-shape1]" time="0.001" /><testcase classname="src.cucim.skimage.morphology.tests.test_footprints.Test_footprint_rectangle" name="test_decomposition[sequence-shape2]" time="0.002" /><testcase classname="src.cucim.skimage.morphology.tests.test_footprints.Test_footprint_rectangle" name="test_uneven_sequence_decomposition_warning[shape0]" time="0.003" /><testcase classname="src.cucim.skimage.morphology.tests.test_footprints.Test_footprint_rectangle" name="test_uneven_sequence_decomposition_warning[shape1]" time="0.002" /><testcase classname="src.cucim.skimage.morphology.tests.test_gray.TestMorphology" name="test_gray_morphology[1-erosion-square-footprint_kwargs0]" time="0.118" /><testcase classname="src.cucim.skimage.morphology.tests.test_gray.TestMorphology" name="test_gray_morphology[1-erosion-diamond-footprint_kwargs1]" time="0.709" /><testcase classname="src.cucim.skimage.morphology.tests.test_gray.TestMorphology" name="test_gray_morphology[1-erosion-disk-footprint_kwargs2]" time="0.013" /><testcase classname="src.cucim.skimage.morphology.tests.test_gray.TestMorphology" name="test_gray_morphology[1-erosion-star-footprint_kwargs3]" time="1.381" /><testcase classname="src.cucim.skimage.morphology.tests.test_gray.TestMorphology" name="test_gray_morphology[1-dilation-square-footprint_kwargs0]" time="0.013" /><testcase classname="src.cucim.skimage.morphology.tests.test_gray.TestMorphology" name="test_gray_morphology[1-dilation-diamond-footprint_kwargs1]" time="0.722" /><testcase classname="src.cucim.skimage.morphology.tests.test_gray.TestMorphology" name="test_gray_morphology[1-dilation-disk-footprint_kwargs2]" time="0.014" /><testcase classname="src.cucim.skimage.morphology.tests.test_gray.TestMorphology" name="test_gray_morphology[1-dilation-star-footprint_kwargs3]" time="1.355" /><testcase classname="src.cucim.skimage.morphology.tests.test_gray.TestMorphology" name="test_gray_morphology[1-opening-square-footprint_kwargs0]" time="0.012" /><testcase classname="src.cucim.skimage.morphology.tests.test_gray.TestMorphology" name="test_gray_morphology[1-opening-diamond-footprint_kwargs1]" time="0.012" /><testcase classname="src.cucim.skimage.morphology.tests.test_gray.TestMorphology" name="test_gray_morphology[1-opening-disk-footprint_kwargs2]" time="0.011" /><testcase classname="src.cucim.skimage.morphology.tests.test_gray.TestMorphology" name="test_gray_morphology[1-opening-star-footprint_kwargs3]" time="0.011" /><testcase classname="src.cucim.skimage.morphology.tests.test_gray.TestMorphology" name="test_gray_morphology[1-closing-square-footprint_kwargs0]" time="0.011" /><testcase classname="src.cucim.skimage.morphology.tests.test_gray.TestMorphology" name="test_gray_morphology[1-closing-diamond-footprint_kwargs1]" time="0.013" /><testcase classname="src.cucim.skimage.morphology.tests.test_gray.TestMorphology" name="test_gray_morphology[1-closing-disk-footprint_kwargs2]" time="0.012" /><testcase classname="src.cucim.skimage.morphology.tests.test_gray.TestMorphology" name="test_gray_morphology[1-closing-star-footprint_kwargs3]" time="0.011" /><testcase classname="src.cucim.skimage.morphology.tests.test_gray.TestMorphology" name="test_gray_morphology[1-white_tophat-square-footprint_kwargs0]" time="0.075" /><testcase classname="src.cucim.skimage.morphology.tests.test_gray.TestMorphology" name="test_gray_morphology[1-white_tophat-diamond-footprint_kwargs1]" time="0.013" /><testcase classname="src.cucim.skimage.morphology.tests.test_gray.TestMorphology" name="test_gray_morphology[1-white_tophat-disk-footprint_kwargs2]" time="0.012" /><testcase classname="src.cucim.skimage.morphology.tests.test_gray.TestMorphology" name="test_gray_morphology[1-white_tophat-star-footprint_kwargs3]" time="0.012" /><testcase classname="src.cucim.skimage.morphology.tests.test_gray.TestMorphology" name="test_gray_morphology[1-black_tophat-square-footprint_kwargs0]" time="0.011" /><testcase classname="src.cucim.skimage.morphology.tests.test_gray.TestMorphology" name="test_gray_morphology[1-black_tophat-diamond-footprint_kwargs1]" time="0.011" /><testcase classname="src.cucim.skimage.morphology.tests.test_gray.TestMorphology" name="test_gray_morphology[1-black_tophat-disk-footprint_kwargs2]" time="0.013" /><testcase classname="src.cucim.skimage.morphology.tests.test_gray.TestMorphology" name="test_gray_morphology[1-black_tophat-star-footprint_kwargs3]" time="0.012" /><testcase classname="src.cucim.skimage.morphology.tests.test_gray.TestMorphology" name="test_gray_morphology[2-erosion-square-footprint_kwargs0]" time="0.011" /><testcase classname="src.cucim.skimage.morphology.tests.test_gray.TestMorphology" name="test_gray_morphology[2-erosion-diamond-footprint_kwargs1]" time="0.694" /><testcase classname="src.cucim.skimage.morphology.tests.test_gray.TestMorphology" name="test_gray_morphology[2-erosion-disk-footprint_kwargs2]" time="0.012" /><testcase classname="src.cucim.skimage.morphology.tests.test_gray.TestMorphology" name="test_gray_morphology[2-erosion-star-footprint_kwargs3]" time="0.700" /><testcase classname="src.cucim.skimage.morphology.tests.test_gray.TestMorphology" name="test_gray_morphology[2-dilation-square-footprint_kwargs0]" time="0.013" /><testcase classname="src.cucim.skimage.morphology.tests.test_gray.TestMorphology" name="test_gray_morphology[2-dilation-diamond-footprint_kwargs1]" time="0.703" /><testcase classname="src.cucim.skimage.morphology.tests.test_gray.TestMorphology" name="test_gray_morphology[2-dilation-disk-footprint_kwargs2]" time="0.012" /><testcase classname="src.cucim.skimage.morphology.tests.test_gray.TestMorphology" name="test_gray_morphology[2-dilation-star-footprint_kwargs3]" time="0.711" /><testcase classname="src.cucim.skimage.morphology.tests.test_gray.TestMorphology" name="test_gray_morphology[2-opening-square-footprint_kwargs0]" time="0.013" /><testcase classname="src.cucim.skimage.morphology.tests.test_gray.TestMorphology" name="test_gray_morphology[2-opening-diamond-footprint_kwargs1]" time="0.011" /><testcase classname="src.cucim.skimage.morphology.tests.test_gray.TestMorphology" name="test_gray_morphology[2-opening-disk-footprint_kwargs2]" time="0.012" /><testcase classname="src.cucim.skimage.morphology.tests.test_gray.TestMorphology" name="test_gray_morphology[2-opening-star-footprint_kwargs3]" time="0.012" /><testcase classname="src.cucim.skimage.morphology.tests.test_gray.TestMorphology" name="test_gray_morphology[2-closing-square-footprint_kwargs0]" time="0.012" /><testcase classname="src.cucim.skimage.morphology.tests.test_gray.TestMorphology" name="test_gray_morphology[2-closing-diamond-footprint_kwargs1]" time="0.011" /><testcase classname="src.cucim.skimage.morphology.tests.test_gray.TestMorphology" name="test_gray_morphology[2-closing-disk-footprint_kwargs2]" time="0.011" /><testcase classname="src.cucim.skimage.morphology.tests.test_gray.TestMorphology" name="test_gray_morphology[2-closing-star-footprint_kwargs3]" time="0.012" /><testcase classname="src.cucim.skimage.morphology.tests.test_gray.TestMorphology" name="test_gray_morphology[2-white_tophat-square-footprint_kwargs0]" time="0.012" /><testcase classname="src.cucim.skimage.morphology.tests.test_gray.TestMorphology" name="test_gray_morphology[2-white_tophat-diamond-footprint_kwargs1]" time="0.011" /><testcase classname="src.cucim.skimage.morphology.tests.test_gray.TestMorphology" name="test_gray_morphology[2-white_tophat-disk-footprint_kwargs2]" time="0.012" /><testcase classname="src.cucim.skimage.morphology.tests.test_gray.TestMorphology" name="test_gray_morphology[2-white_tophat-star-footprint_kwargs3]" time="0.013" /><testcase classname="src.cucim.skimage.morphology.tests.test_gray.TestMorphology" name="test_gray_morphology[2-black_tophat-square-footprint_kwargs0]" time="0.012" /><testcase classname="src.cucim.skimage.morphology.tests.test_gray.TestMorphology" name="test_gray_morphology[2-black_tophat-diamond-footprint_kwargs1]" time="0.012" /><testcase classname="src.cucim.skimage.morphology.tests.test_gray.TestMorphology" name="test_gray_morphology[2-black_tophat-disk-footprint_kwargs2]" time="0.011" /><testcase classname="src.cucim.skimage.morphology.tests.test_gray.TestMorphology" name="test_gray_morphology[2-black_tophat-star-footprint_kwargs3]" time="0.013" /><testcase classname="src.cucim.skimage.morphology.tests.test_gray.TestMorphology" name="test_gray_morphology[3-erosion-square-footprint_kwargs0]" time="0.012" /><testcase classname="src.cucim.skimage.morphology.tests.test_gray.TestMorphology" name="test_gray_morphology[3-erosion-diamond-footprint_kwargs1]" time="0.012" /><testcase classname="src.cucim.skimage.morphology.tests.test_gray.TestMorphology" name="test_gray_morphology[3-erosion-disk-footprint_kwargs2]" time="0.012" /><testcase classname="src.cucim.skimage.morphology.tests.test_gray.TestMorphology" name="test_gray_morphology[3-erosion-star-footprint_kwargs3]" time="0.716" /><testcase classname="src.cucim.skimage.morphology.tests.test_gray.TestMorphology" name="test_gray_morphology[3-dilation-square-footprint_kwargs0]" time="0.013" /><testcase classname="src.cucim.skimage.morphology.tests.test_gray.TestMorphology" name="test_gray_morphology[3-dilation-diamond-footprint_kwargs1]" time="0.011" /><testcase classname="src.cucim.skimage.morphology.tests.test_gray.TestMorphology" name="test_gray_morphology[3-dilation-disk-footprint_kwargs2]" time="0.011" /><testcase classname="src.cucim.skimage.morphology.tests.test_gray.TestMorphology" name="test_gray_morphology[3-dilation-star-footprint_kwargs3]" time="0.708" /><testcase classname="src.cucim.skimage.morphology.tests.test_gray.TestMorphology" name="test_gray_morphology[3-opening-square-footprint_kwargs0]" time="0.013" /><testcase classname="src.cucim.skimage.morphology.tests.test_gray.TestMorphology" name="test_gray_morphology[3-opening-diamond-footprint_kwargs1]" time="0.012" /><testcase classname="src.cucim.skimage.morphology.tests.test_gray.TestMorphology" name="test_gray_morphology[3-opening-disk-footprint_kwargs2]" time="0.012" /><testcase classname="src.cucim.skimage.morphology.tests.test_gray.TestMorphology" name="test_gray_morphology[3-opening-star-footprint_kwargs3]" time="0.012" /><testcase classname="src.cucim.skimage.morphology.tests.test_gray.TestMorphology" name="test_gray_morphology[3-closing-square-footprint_kwargs0]" time="0.013" /><testcase classname="src.cucim.skimage.morphology.tests.test_gray.TestMorphology" name="test_gray_morphology[3-closing-diamond-footprint_kwargs1]" time="0.012" /><testcase classname="src.cucim.skimage.morphology.tests.test_gray.TestMorphology" name="test_gray_morphology[3-closing-disk-footprint_kwargs2]" time="0.013" /><testcase classname="src.cucim.skimage.morphology.tests.test_gray.TestMorphology" name="test_gray_morphology[3-closing-star-footprint_kwargs3]" time="0.013" /><testcase classname="src.cucim.skimage.morphology.tests.test_gray.TestMorphology" name="test_gray_morphology[3-white_tophat-square-footprint_kwargs0]" time="0.012" /><testcase classname="src.cucim.skimage.morphology.tests.test_gray.TestMorphology" name="test_gray_morphology[3-white_tophat-diamond-footprint_kwargs1]" time="0.012" /><testcase classname="src.cucim.skimage.morphology.tests.test_gray.TestMorphology" name="test_gray_morphology[3-white_tophat-disk-footprint_kwargs2]" time="0.013" /><testcase classname="src.cucim.skimage.morphology.tests.test_gray.TestMorphology" name="test_gray_morphology[3-white_tophat-star-footprint_kwargs3]" time="0.013" /><testcase classname="src.cucim.skimage.morphology.tests.test_gray.TestMorphology" name="test_gray_morphology[3-black_tophat-square-footprint_kwargs0]" time="0.012" /><testcase classname="src.cucim.skimage.morphology.tests.test_gray.TestMorphology" name="test_gray_morphology[3-black_tophat-diamond-footprint_kwargs1]" time="0.012" /><testcase classname="src.cucim.skimage.morphology.tests.test_gray.TestMorphology" name="test_gray_morphology[3-black_tophat-disk-footprint_kwargs2]" time="0.012" /><testcase classname="src.cucim.skimage.morphology.tests.test_gray.TestMorphology" name="test_gray_morphology[3-black_tophat-star-footprint_kwargs3]" time="0.012" /><testcase classname="src.cucim.skimage.morphology.tests.test_gray.TestMorphology" name="test_gray_morphology[4-erosion-square-footprint_kwargs0]" time="0.012" /><testcase classname="src.cucim.skimage.morphology.tests.test_gray.TestMorphology" name="test_gray_morphology[4-erosion-diamond-footprint_kwargs1]" time="0.012" /><testcase classname="src.cucim.skimage.morphology.tests.test_gray.TestMorphology" name="test_gray_morphology[4-erosion-disk-footprint_kwargs2]" time="0.011" /><testcase classname="src.cucim.skimage.morphology.tests.test_gray.TestMorphology" name="test_gray_morphology[4-erosion-star-footprint_kwargs3]" time="0.731" /><testcase classname="src.cucim.skimage.morphology.tests.test_gray.TestMorphology" name="test_gray_morphology[4-dilation-square-footprint_kwargs0]" time="0.012" /><testcase classname="src.cucim.skimage.morphology.tests.test_gray.TestMorphology" name="test_gray_morphology[4-dilation-diamond-footprint_kwargs1]" time="0.011" /><testcase classname="src.cucim.skimage.morphology.tests.test_gray.TestMorphology" name="test_gray_morphology[4-dilation-disk-footprint_kwargs2]" time="0.011" /><testcase classname="src.cucim.skimage.morphology.tests.test_gray.TestMorphology" name="test_gray_morphology[4-dilation-star-footprint_kwargs3]" time="0.708" /><testcase classname="src.cucim.skimage.morphology.tests.test_gray.TestMorphology" name="test_gray_morphology[4-opening-square-footprint_kwargs0]" time="0.013" /><testcase classname="src.cucim.skimage.morphology.tests.test_gray.TestMorphology" name="test_gray_morphology[4-opening-diamond-footprint_kwargs1]" time="0.011" /><testcase classname="src.cucim.skimage.morphology.tests.test_gray.TestMorphology" name="test_gray_morphology[4-opening-disk-footprint_kwargs2]" time="0.012" /><testcase classname="src.cucim.skimage.morphology.tests.test_gray.TestMorphology" name="test_gray_morphology[4-opening-star-footprint_kwargs3]" time="0.012" /><testcase classname="src.cucim.skimage.morphology.tests.test_gray.TestMorphology" name="test_gray_morphology[4-closing-square-footprint_kwargs0]" time="0.011" /><testcase classname="src.cucim.skimage.morphology.tests.test_gray.TestMorphology" name="test_gray_morphology[4-closing-diamond-footprint_kwargs1]" time="0.011" /><testcase classname="src.cucim.skimage.morphology.tests.test_gray.TestMorphology" name="test_gray_morphology[4-closing-disk-footprint_kwargs2]" time="0.012" /><testcase classname="src.cucim.skimage.morphology.tests.test_gray.TestMorphology" name="test_gray_morphology[4-closing-star-footprint_kwargs3]" time="0.012" /><testcase classname="src.cucim.skimage.morphology.tests.test_gray.TestMorphology" name="test_gray_morphology[4-white_tophat-square-footprint_kwargs0]" time="0.012" /><testcase classname="src.cucim.skimage.morphology.tests.test_gray.TestMorphology" name="test_gray_morphology[4-white_tophat-diamond-footprint_kwargs1]" time="0.012" /><testcase classname="src.cucim.skimage.morphology.tests.test_gray.TestMorphology" name="test_gray_morphology[4-white_tophat-disk-footprint_kwargs2]" time="0.011" /><testcase classname="src.cucim.skimage.morphology.tests.test_gray.TestMorphology" name="test_gray_morphology[4-white_tophat-star-footprint_kwargs3]" time="0.012" /><testcase classname="src.cucim.skimage.morphology.tests.test_gray.TestMorphology" name="test_gray_morphology[4-black_tophat-square-footprint_kwargs0]" time="0.012" /><testcase classname="src.cucim.skimage.morphology.tests.test_gray.TestMorphology" name="test_gray_morphology[4-black_tophat-diamond-footprint_kwargs1]" time="0.013" /><testcase classname="src.cucim.skimage.morphology.tests.test_gray.TestMorphology" name="test_gray_morphology[4-black_tophat-disk-footprint_kwargs2]" time="0.012" /><testcase classname="src.cucim.skimage.morphology.tests.test_gray.TestMorphology" name="test_gray_morphology[4-black_tophat-star-footprint_kwargs3]" time="0.012" /><testcase classname="src.cucim.skimage.morphology.tests.test_gray.TestMorphology" name="test_gray_closing_extensive" time="1.474" /><testcase classname="src.cucim.skimage.morphology.tests.test_gray.TestMorphology" name="test_gray_opening_anti_extensive" time="0.071" /><testcase classname="src.cucim.skimage.morphology.tests.test_gray.TestMorphology" name="test_supported_mode[constant-erosion]" time="0.697" /><testcase classname="src.cucim.skimage.morphology.tests.test_gray.TestMorphology" name="test_supported_mode[constant-dilation]" time="0.680" /><testcase classname="src.cucim.skimage.morphology.tests.test_gray.TestMorphology" name="test_supported_mode[constant-opening]" time="0.002" /><testcase classname="src.cucim.skimage.morphology.tests.test_gray.TestMorphology" name="test_supported_mode[constant-closing]" time="0.002" /><testcase classname="src.cucim.skimage.morphology.tests.test_gray.TestMorphology" name="test_supported_mode[constant-white_tophat]" time="0.001" /><testcase classname="src.cucim.skimage.morphology.tests.test_gray.TestMorphology" name="test_supported_mode[constant-black_tophat]" time="0.001" /><testcase classname="src.cucim.skimage.morphology.tests.test_gray.TestMorphology" name="test_supported_mode[ignore-erosion]" time="0.687" /><testcase classname="src.cucim.skimage.morphology.tests.test_gray.TestMorphology" name="test_supported_mode[ignore-dilation]" time="0.706" /><testcase classname="src.cucim.skimage.morphology.tests.test_gray.TestMorphology" name="test_supported_mode[ignore-opening]" time="0.002" /><testcase classname="src.cucim.skimage.morphology.tests.test_gray.TestMorphology" name="test_supported_mode[ignore-closing]" time="0.002" /><testcase classname="src.cucim.skimage.morphology.tests.test_gray.TestMorphology" name="test_supported_mode[ignore-white_tophat]" time="0.002" /><testcase classname="src.cucim.skimage.morphology.tests.test_gray.TestMorphology" name="test_supported_mode[ignore-black_tophat]" time="0.002" /><testcase classname="src.cucim.skimage.morphology.tests.test_gray.TestMorphology" name="test_supported_mode[max-erosion]" time="0.001" /><testcase classname="src.cucim.skimage.morphology.tests.test_gray.TestMorphology" name="test_supported_mode[max-dilation]" time="0.694" /><testcase classname="src.cucim.skimage.morphology.tests.test_gray.TestMorphology" name="test_supported_mode[max-opening]" time="0.002" /><testcase classname="src.cucim.skimage.morphology.tests.test_gray.TestMorphology" name="test_supported_mode[max-closing]" time="0.001" /><testcase classname="src.cucim.skimage.morphology.tests.test_gray.TestMorphology" name="test_supported_mode[max-white_tophat]" time="0.001" /><testcase classname="src.cucim.skimage.morphology.tests.test_gray.TestMorphology" name="test_supported_mode[max-black_tophat]" time="0.001" /><testcase classname="src.cucim.skimage.morphology.tests.test_gray.TestMorphology" name="test_supported_mode[min-erosion]" time="0.684" /><testcase classname="src.cucim.skimage.morphology.tests.test_gray.TestMorphology" name="test_supported_mode[min-dilation]" time="0.002" /><testcase classname="src.cucim.skimage.morphology.tests.test_gray.TestMorphology" name="test_supported_mode[min-opening]" time="0.001" /><testcase classname="src.cucim.skimage.morphology.tests.test_gray.TestMorphology" name="test_supported_mode[min-closing]" time="0.001" /><testcase classname="src.cucim.skimage.morphology.tests.test_gray.TestMorphology" name="test_supported_mode[min-white_tophat]" time="0.001" /><testcase classname="src.cucim.skimage.morphology.tests.test_gray.TestMorphology" name="test_supported_mode[min-black_tophat]" time="0.001" /><testcase classname="src.cucim.skimage.morphology.tests.test_gray.TestMorphology" name="test_supported_mode[mirror-erosion]" time="0.751" /><testcase classname="src.cucim.skimage.morphology.tests.test_gray.TestMorphology" name="test_supported_mode[mirror-dilation]" time="0.747" /><testcase classname="src.cucim.skimage.morphology.tests.test_gray.TestMorphology" name="test_supported_mode[mirror-opening]" time="0.002" /><testcase classname="src.cucim.skimage.morphology.tests.test_gray.TestMorphology" name="test_supported_mode[mirror-closing]" time="0.001" /><testcase classname="src.cucim.skimage.morphology.tests.test_gray.TestMorphology" name="test_supported_mode[mirror-white_tophat]" time="0.001" /><testcase classname="src.cucim.skimage.morphology.tests.test_gray.TestMorphology" name="test_supported_mode[mirror-black_tophat]" time="0.001" /><testcase classname="src.cucim.skimage.morphology.tests.test_gray.TestMorphology" name="test_supported_mode[nearest-erosion]" time="0.672" /><testcase classname="src.cucim.skimage.morphology.tests.test_gray.TestMorphology" name="test_supported_mode[nearest-dilation]" time="0.683" /><testcase classname="src.cucim.skimage.morphology.tests.test_gray.TestMorphology" name="test_supported_mode[nearest-opening]" time="0.002" /><testcase classname="src.cucim.skimage.morphology.tests.test_gray.TestMorphology" name="test_supported_mode[nearest-closing]" time="0.001" /><testcase classname="src.cucim.skimage.morphology.tests.test_gray.TestMorphology" name="test_supported_mode[nearest-white_tophat]" time="0.001" /><testcase classname="src.cucim.skimage.morphology.tests.test_gray.TestMorphology" name="test_supported_mode[nearest-black_tophat]" time="0.001" /><testcase classname="src.cucim.skimage.morphology.tests.test_gray.TestMorphology" name="test_supported_mode[reflect-erosion]" time="0.684" /><testcase classname="src.cucim.skimage.morphology.tests.test_gray.TestMorphology" name="test_supported_mode[reflect-dilation]" time="0.705" /><testcase classname="src.cucim.skimage.morphology.tests.test_gray.TestMorphology" name="test_supported_mode[reflect-opening]" time="0.003" /><testcase classname="src.cucim.skimage.morphology.tests.test_gray.TestMorphology" name="test_supported_mode[reflect-closing]" time="0.002" /><testcase classname="src.cucim.skimage.morphology.tests.test_gray.TestMorphology" name="test_supported_mode[reflect-white_tophat]" time="0.002" /><testcase classname="src.cucim.skimage.morphology.tests.test_gray.TestMorphology" name="test_supported_mode[reflect-black_tophat]" time="0.002" /><testcase classname="src.cucim.skimage.morphology.tests.test_gray.TestMorphology" name="test_supported_mode[wrap-erosion]" time="0.665" /><testcase classname="src.cucim.skimage.morphology.tests.test_gray.TestMorphology" name="test_supported_mode[wrap-dilation]" time="0.684" /><testcase classname="src.cucim.skimage.morphology.tests.test_gray.TestMorphology" name="test_supported_mode[wrap-opening]" time="0.002" /><testcase classname="src.cucim.skimage.morphology.tests.test_gray.TestMorphology" name="test_supported_mode[wrap-closing]" time="0.001" /><testcase classname="src.cucim.skimage.morphology.tests.test_gray.TestMorphology" name="test_supported_mode[wrap-white_tophat]" time="0.002" /><testcase classname="src.cucim.skimage.morphology.tests.test_gray.TestMorphology" name="test_supported_mode[wrap-black_tophat]" time="0.002" /><testcase classname="src.cucim.skimage.morphology.tests.test_gray.TestMorphology" name="test_unsupported_mode[-erosion]" time="0.001" /><testcase classname="src.cucim.skimage.morphology.tests.test_gray.TestMorphology" name="test_unsupported_mode[-dilation]" time="0.001" /><testcase classname="src.cucim.skimage.morphology.tests.test_gray.TestMorphology" name="test_unsupported_mode[-opening]" time="0.001" /><testcase classname="src.cucim.skimage.morphology.tests.test_gray.TestMorphology" name="test_unsupported_mode[-closing]" time="0.001" /><testcase classname="src.cucim.skimage.morphology.tests.test_gray.TestMorphology" name="test_unsupported_mode[-white_tophat]" time="0.001" /><testcase classname="src.cucim.skimage.morphology.tests.test_gray.TestMorphology" name="test_unsupported_mode[-black_tophat]" time="0.001" /><testcase classname="src.cucim.skimage.morphology.tests.test_gray.TestMorphology" name="test_unsupported_mode[symmetric-erosion]" time="0.001" /><testcase classname="src.cucim.skimage.morphology.tests.test_gray.TestMorphology" name="test_unsupported_mode[symmetric-dilation]" time="0.001" /><testcase classname="src.cucim.skimage.morphology.tests.test_gray.TestMorphology" name="test_unsupported_mode[symmetric-opening]" time="0.001" /><testcase classname="src.cucim.skimage.morphology.tests.test_gray.TestMorphology" name="test_unsupported_mode[symmetric-closing]" time="0.001" /><testcase classname="src.cucim.skimage.morphology.tests.test_gray.TestMorphology" name="test_unsupported_mode[symmetric-white_tophat]" time="0.001" /><testcase classname="src.cucim.skimage.morphology.tests.test_gray.TestMorphology" name="test_unsupported_mode[symmetric-black_tophat]" time="0.001" /><testcase classname="src.cucim.skimage.morphology.tests.test_gray.TestMorphology" name="test_unsupported_mode[3-erosion]" time="0.001" /><testcase classname="src.cucim.skimage.morphology.tests.test_gray.TestMorphology" name="test_unsupported_mode[3-dilation]" time="0.001" /><testcase classname="src.cucim.skimage.morphology.tests.test_gray.TestMorphology" name="test_unsupported_mode[3-opening]" time="0.001" /><testcase classname="src.cucim.skimage.morphology.tests.test_gray.TestMorphology" name="test_unsupported_mode[3-closing]" time="0.001" /><testcase classname="src.cucim.skimage.morphology.tests.test_gray.TestMorphology" name="test_unsupported_mode[3-white_tophat]" time="0.001" /><testcase classname="src.cucim.skimage.morphology.tests.test_gray.TestMorphology" name="test_unsupported_mode[3-black_tophat]" time="0.001" /><testcase classname="src.cucim.skimage.morphology.tests.test_gray.TestMorphology" name="test_unsupported_mode[None-erosion]" time="0.001" /><testcase classname="src.cucim.skimage.morphology.tests.test_gray.TestMorphology" name="test_unsupported_mode[None-dilation]" time="0.001" /><testcase classname="src.cucim.skimage.morphology.tests.test_gray.TestMorphology" name="test_unsupported_mode[None-opening]" time="0.001" /><testcase classname="src.cucim.skimage.morphology.tests.test_gray.TestMorphology" name="test_unsupported_mode[None-closing]" time="0.001" /><testcase classname="src.cucim.skimage.morphology.tests.test_gray.TestMorphology" name="test_unsupported_mode[None-white_tophat]" time="0.001" /><testcase classname="src.cucim.skimage.morphology.tests.test_gray.TestMorphology" name="test_unsupported_mode[None-black_tophat]" time="0.001" /><testcase classname="src.cucim.skimage.morphology.tests.test_gray.TestEccentricStructuringElements" name="test_dilate_erode_symmetry[footprint_rectangle-args0]" time="0.002" /><testcase classname="src.cucim.skimage.morphology.tests.test_gray.TestEccentricStructuringElements" name="test_dilate_erode_symmetry[footprint_rectangle-args1]" time="1.379" /><testcase classname="src.cucim.skimage.morphology.tests.test_gray.TestEccentricStructuringElements" name="test_dilate_erode_symmetry[footprint_rectangle-args2]" time="1.343" /><testcase classname="src.cucim.skimage.morphology.tests.test_gray.TestEccentricStructuringElements" name="test_open_black_pixel[footprint_rectangle-args0]" time="0.002" /><testcase classname="src.cucim.skimage.morphology.tests.test_gray.TestEccentricStructuringElements" name="test_open_black_pixel[footprint_rectangle-args1]" time="0.002" /><testcase classname="src.cucim.skimage.morphology.tests.test_gray.TestEccentricStructuringElements" name="test_open_black_pixel[footprint_rectangle-args2]" time="0.002" /><testcase classname="src.cucim.skimage.morphology.tests.test_gray.TestEccentricStructuringElements" name="test_close_white_pixel[footprint_rectangle-args0]" time="0.002" /><testcase classname="src.cucim.skimage.morphology.tests.test_gray.TestEccentricStructuringElements" name="test_close_white_pixel[footprint_rectangle-args1]" time="0.002" /><testcase classname="src.cucim.skimage.morphology.tests.test_gray.TestEccentricStructuringElements" name="test_close_white_pixel[footprint_rectangle-args2]" time="0.002" /><testcase classname="src.cucim.skimage.morphology.tests.test_gray.TestEccentricStructuringElements" name="test_open_white_pixel[footprint_rectangle-args0]" time="0.002" /><testcase classname="src.cucim.skimage.morphology.tests.test_gray.TestEccentricStructuringElements" name="test_open_white_pixel[footprint_rectangle-args1]" time="0.002" /><testcase classname="src.cucim.skimage.morphology.tests.test_gray.TestEccentricStructuringElements" name="test_open_white_pixel[footprint_rectangle-args2]" time="0.002" /><testcase classname="src.cucim.skimage.morphology.tests.test_gray.TestEccentricStructuringElements" name="test_close_black_pixel[footprint_rectangle-args0]" time="0.002" /><testcase classname="src.cucim.skimage.morphology.tests.test_gray.TestEccentricStructuringElements" name="test_close_black_pixel[footprint_rectangle-args1]" time="0.002" /><testcase classname="src.cucim.skimage.morphology.tests.test_gray.TestEccentricStructuringElements" name="test_close_black_pixel[footprint_rectangle-args2]" time="0.002" /><testcase classname="src.cucim.skimage.morphology.tests.test_gray.TestEccentricStructuringElements" name="test_white_tophat_white_pixel[footprint_rectangle-args0]" time="0.002" /><testcase classname="src.cucim.skimage.morphology.tests.test_gray.TestEccentricStructuringElements" name="test_white_tophat_white_pixel[footprint_rectangle-args1]" time="0.002" /><testcase classname="src.cucim.skimage.morphology.tests.test_gray.TestEccentricStructuringElements" name="test_white_tophat_white_pixel[footprint_rectangle-args2]" time="0.002" /><testcase classname="src.cucim.skimage.morphology.tests.test_gray.TestEccentricStructuringElements" name="test_black_tophat_black_pixel[footprint_rectangle-args0]" time="0.002" /><testcase classname="src.cucim.skimage.morphology.tests.test_gray.TestEccentricStructuringElements" name="test_black_tophat_black_pixel[footprint_rectangle-args1]" time="0.002" /><testcase classname="src.cucim.skimage.morphology.tests.test_gray.TestEccentricStructuringElements" name="test_black_tophat_black_pixel[footprint_rectangle-args2]" time="0.002" /><testcase classname="src.cucim.skimage.morphology.tests.test_gray.TestEccentricStructuringElements" name="test_white_tophat_black_pixel[footprint_rectangle-args0]" time="0.002" /><testcase classname="src.cucim.skimage.morphology.tests.test_gray.TestEccentricStructuringElements" name="test_white_tophat_black_pixel[footprint_rectangle-args1]" time="0.002" /><testcase classname="src.cucim.skimage.morphology.tests.test_gray.TestEccentricStructuringElements" name="test_white_tophat_black_pixel[footprint_rectangle-args2]" time="0.002" /><testcase classname="src.cucim.skimage.morphology.tests.test_gray.TestEccentricStructuringElements" name="test_black_tophat_white_pixel[footprint_rectangle-args0]" time="0.002" /><testcase classname="src.cucim.skimage.morphology.tests.test_gray.TestEccentricStructuringElements" name="test_black_tophat_white_pixel[footprint_rectangle-args1]" time="0.002" /><testcase classname="src.cucim.skimage.morphology.tests.test_gray.TestEccentricStructuringElements" name="test_black_tophat_white_pixel[footprint_rectangle-args2]" time="0.002" /><testcase classname="src.cucim.skimage.morphology.tests.test_gray" name="test_default_footprint[erosion]" time="0.002" /><testcase classname="src.cucim.skimage.morphology.tests.test_gray" name="test_default_footprint[dilation]" time="0.001" /><testcase classname="src.cucim.skimage.morphology.tests.test_gray" name="test_default_footprint[opening]" time="0.002" /><testcase classname="src.cucim.skimage.morphology.tests.test_gray" name="test_default_footprint[closing]" time="0.002" /><testcase classname="src.cucim.skimage.morphology.tests.test_gray" name="test_default_footprint[white_tophat]" time="0.002" /><testcase classname="src.cucim.skimage.morphology.tests.test_gray" name="test_default_footprint[black_tophat]" time="0.002" /><testcase classname="src.cucim.skimage.morphology.tests.test_gray" name="test_3d_fallback_default_footprint" time="1.419" /><testcase classname="src.cucim.skimage.morphology.tests.test_gray" name="test_3d_fallback_cube_footprint[closing]" time="4.122" /><testcase classname="src.cucim.skimage.morphology.tests.test_gray" name="test_3d_fallback_cube_footprint[opening]" time="0.002" /><testcase classname="src.cucim.skimage.morphology.tests.test_gray" name="test_3d_fallback_white_tophat" time="1.412" /><testcase classname="src.cucim.skimage.morphology.tests.test_gray" name="test_3d_fallback_black_tophat" time="0.012" /><testcase classname="src.cucim.skimage.morphology.tests.test_gray" name="test_2d_ndimage_equivalence" time="1.365" /><testcase classname="src.cucim.skimage.morphology.tests.test_gray" name="test_float" time="0.003" /><testcase classname="src.cucim.skimage.morphology.tests.test_gray" name="test_uint16" time="1.391" /><testcase classname="src.cucim.skimage.morphology.tests.test_gray" name="test_discontiguous_out_array" time="1.386" /><testcase classname="src.cucim.skimage.morphology.tests.test_gray" name="test_1d_erosion" time="0.668" /><testcase classname="src.cucim.skimage.morphology.tests.test_gray" name="test_rectangle_decomposition[separable-3-3-erosion]" time="0.008" /><testcase classname="src.cucim.skimage.morphology.tests.test_gray" name="test_rectangle_decomposition[separable-3-3-dilation]" time="0.007" /><testcase classname="src.cucim.skimage.morphology.tests.test_gray" name="test_rectangle_decomposition[separable-3-3-closing]" time="0.007" /><testcase classname="src.cucim.skimage.morphology.tests.test_gray" name="test_rectangle_decomposition[separable-3-3-opening]" time="0.007" /><testcase classname="src.cucim.skimage.morphology.tests.test_gray" name="test_rectangle_decomposition[separable-3-3-white_tophat]" time="0.008" /><testcase classname="src.cucim.skimage.morphology.tests.test_gray" name="test_rectangle_decomposition[separable-3-3-black_tophat]" time="0.008" /><testcase classname="src.cucim.skimage.morphology.tests.test_gray" name="test_rectangle_decomposition[separable-3-7-erosion]" time="0.698" /><testcase classname="src.cucim.skimage.morphology.tests.test_gray" name="test_rectangle_decomposition[separable-3-7-dilation]" time="0.690" /><testcase classname="src.cucim.skimage.morphology.tests.test_gray" name="test_rectangle_decomposition[separable-3-7-closing]" time="0.008" /><testcase classname="src.cucim.skimage.morphology.tests.test_gray" name="test_rectangle_decomposition[separable-3-7-opening]" time="0.008" /><testcase classname="src.cucim.skimage.morphology.tests.test_gray" name="test_rectangle_decomposition[separable-3-7-white_tophat]" time="0.007" /><testcase classname="src.cucim.skimage.morphology.tests.test_gray" name="test_rectangle_decomposition[separable-3-7-black_tophat]" time="0.008" /><testcase classname="src.cucim.skimage.morphology.tests.test_gray" name="test_rectangle_decomposition[separable-3-11-erosion]" time="0.680" /><testcase classname="src.cucim.skimage.morphology.tests.test_gray" name="test_rectangle_decomposition[separable-3-11-dilation]" time="0.676" /><testcase classname="src.cucim.skimage.morphology.tests.test_gray" name="test_rectangle_decomposition[separable-3-11-closing]" time="0.008" /><testcase classname="src.cucim.skimage.morphology.tests.test_gray" name="test_rectangle_decomposition[separable-3-11-opening]" time="0.007" /><testcase classname="src.cucim.skimage.morphology.tests.test_gray" name="test_rectangle_decomposition[separable-3-11-white_tophat]" time="0.007" /><testcase classname="src.cucim.skimage.morphology.tests.test_gray" name="test_rectangle_decomposition[separable-3-11-black_tophat]" time="0.007" /><testcase classname="src.cucim.skimage.morphology.tests.test_gray" name="test_rectangle_decomposition[separable-7-3-erosion]" time="0.700" /><testcase classname="src.cucim.skimage.morphology.tests.test_gray" name="test_rectangle_decomposition[separable-7-3-dilation]" time="0.680" /><testcase classname="src.cucim.skimage.morphology.tests.test_gray" name="test_rectangle_decomposition[separable-7-3-closing]" time="0.009" /><testcase classname="src.cucim.skimage.morphology.tests.test_gray" name="test_rectangle_decomposition[separable-7-3-opening]" time="0.008" /><testcase classname="src.cucim.skimage.morphology.tests.test_gray" name="test_rectangle_decomposition[separable-7-3-white_tophat]" time="0.007" /><testcase classname="src.cucim.skimage.morphology.tests.test_gray" name="test_rectangle_decomposition[separable-7-3-black_tophat]" time="0.008" /><testcase classname="src.cucim.skimage.morphology.tests.test_gray" name="test_rectangle_decomposition[separable-7-7-erosion]" time="0.006" /><testcase classname="src.cucim.skimage.morphology.tests.test_gray" name="test_rectangle_decomposition[separable-7-7-dilation]" time="0.007" /><testcase classname="src.cucim.skimage.morphology.tests.test_gray" name="test_rectangle_decomposition[separable-7-7-closing]" time="0.007" /><testcase classname="src.cucim.skimage.morphology.tests.test_gray" name="test_rectangle_decomposition[separable-7-7-opening]" time="0.008" /><testcase classname="src.cucim.skimage.morphology.tests.test_gray" name="test_rectangle_decomposition[separable-7-7-white_tophat]" time="0.008" /><testcase classname="src.cucim.skimage.morphology.tests.test_gray" name="test_rectangle_decomposition[separable-7-7-black_tophat]" time="0.008" /><testcase classname="src.cucim.skimage.morphology.tests.test_gray" name="test_rectangle_decomposition[separable-7-11-erosion]" time="0.006" /><testcase classname="src.cucim.skimage.morphology.tests.test_gray" name="test_rectangle_decomposition[separable-7-11-dilation]" time="0.007" /><testcase classname="src.cucim.skimage.morphology.tests.test_gray" name="test_rectangle_decomposition[separable-7-11-closing]" time="0.007" /><testcase classname="src.cucim.skimage.morphology.tests.test_gray" name="test_rectangle_decomposition[separable-7-11-opening]" time="0.007" /><testcase classname="src.cucim.skimage.morphology.tests.test_gray" name="test_rectangle_decomposition[separable-7-11-white_tophat]" time="0.007" /><testcase classname="src.cucim.skimage.morphology.tests.test_gray" name="test_rectangle_decomposition[separable-7-11-black_tophat]" time="0.007" /><testcase classname="src.cucim.skimage.morphology.tests.test_gray" name="test_rectangle_decomposition[separable-11-3-erosion]" time="0.689" /><testcase classname="src.cucim.skimage.morphology.tests.test_gray" name="test_rectangle_decomposition[separable-11-3-dilation]" time="0.701" /><testcase classname="src.cucim.skimage.morphology.tests.test_gray" name="test_rectangle_decomposition[separable-11-3-closing]" time="0.009" /><testcase classname="src.cucim.skimage.morphology.tests.test_gray" name="test_rectangle_decomposition[separable-11-3-opening]" time="0.008" /><testcase classname="src.cucim.skimage.morphology.tests.test_gray" name="test_rectangle_decomposition[separable-11-3-white_tophat]" time="0.008" /><testcase classname="src.cucim.skimage.morphology.tests.test_gray" name="test_rectangle_decomposition[separable-11-3-black_tophat]" time="0.008" /><testcase classname="src.cucim.skimage.morphology.tests.test_gray" name="test_rectangle_decomposition[separable-11-7-erosion]" time="0.007" /><testcase classname="src.cucim.skimage.morphology.tests.test_gray" name="test_rectangle_decomposition[separable-11-7-dilation]" time="0.007" /><testcase classname="src.cucim.skimage.morphology.tests.test_gray" name="test_rectangle_decomposition[separable-11-7-closing]" time="0.008" /><testcase classname="src.cucim.skimage.morphology.tests.test_gray" name="test_rectangle_decomposition[separable-11-7-opening]" time="0.007" /><testcase classname="src.cucim.skimage.morphology.tests.test_gray" name="test_rectangle_decomposition[separable-11-7-white_tophat]" time="0.008" /><testcase classname="src.cucim.skimage.morphology.tests.test_gray" name="test_rectangle_decomposition[separable-11-7-black_tophat]" time="0.008" /><testcase classname="src.cucim.skimage.morphology.tests.test_gray" name="test_rectangle_decomposition[separable-11-11-erosion]" time="0.007" /><testcase classname="src.cucim.skimage.morphology.tests.test_gray" name="test_rectangle_decomposition[separable-11-11-dilation]" time="0.008" /><testcase classname="src.cucim.skimage.morphology.tests.test_gray" name="test_rectangle_decomposition[separable-11-11-closing]" time="0.008" /><testcase classname="src.cucim.skimage.morphology.tests.test_gray" name="test_rectangle_decomposition[separable-11-11-opening]" time="0.008" /><testcase classname="src.cucim.skimage.morphology.tests.test_gray" name="test_rectangle_decomposition[separable-11-11-white_tophat]" time="0.008" /><testcase classname="src.cucim.skimage.morphology.tests.test_gray" name="test_rectangle_decomposition[separable-11-11-black_tophat]" time="0.008" /><testcase classname="src.cucim.skimage.morphology.tests.test_gray" name="test_rectangle_decomposition[sequence-3-3-erosion]" time="0.006" /><testcase classname="src.cucim.skimage.morphology.tests.test_gray" name="test_rectangle_decomposition[sequence-3-3-dilation]" time="0.007" /><testcase classname="src.cucim.skimage.morphology.tests.test_gray" name="test_rectangle_decomposition[sequence-3-3-closing]" time="0.007" /><testcase classname="src.cucim.skimage.morphology.tests.test_gray" name="test_rectangle_decomposition[sequence-3-3-opening]" time="0.007" /><testcase classname="src.cucim.skimage.morphology.tests.test_gray" name="test_rectangle_decomposition[sequence-3-3-white_tophat]" time="0.008" /><testcase classname="src.cucim.skimage.morphology.tests.test_gray" name="test_rectangle_decomposition[sequence-3-3-black_tophat]" time="0.007" /><testcase classname="src.cucim.skimage.morphology.tests.test_gray" name="test_rectangle_decomposition[sequence-3-7-erosion]" time="0.682" /><testcase classname="src.cucim.skimage.morphology.tests.test_gray" name="test_rectangle_decomposition[sequence-3-7-dilation]" time="0.681" /><testcase classname="src.cucim.skimage.morphology.tests.test_gray" name="test_rectangle_decomposition[sequence-3-7-closing]" time="0.008" /><testcase classname="src.cucim.skimage.morphology.tests.test_gray" name="test_rectangle_decomposition[sequence-3-7-opening]" time="0.008" /><testcase classname="src.cucim.skimage.morphology.tests.test_gray" name="test_rectangle_decomposition[sequence-3-7-white_tophat]" time="0.008" /><testcase classname="src.cucim.skimage.morphology.tests.test_gray" name="test_rectangle_decomposition[sequence-3-7-black_tophat]" time="0.007" /><testcase classname="src.cucim.skimage.morphology.tests.test_gray" name="test_rectangle_decomposition[sequence-3-11-erosion]" time="0.680" /><testcase classname="src.cucim.skimage.morphology.tests.test_gray" name="test_rectangle_decomposition[sequence-3-11-dilation]" time="0.678" /><testcase classname="src.cucim.skimage.morphology.tests.test_gray" name="test_rectangle_decomposition[sequence-3-11-closing]" time="0.009" /><testcase classname="src.cucim.skimage.morphology.tests.test_gray" name="test_rectangle_decomposition[sequence-3-11-opening]" time="0.008" /><testcase classname="src.cucim.skimage.morphology.tests.test_gray" name="test_rectangle_decomposition[sequence-3-11-white_tophat]" time="0.008" /><testcase classname="src.cucim.skimage.morphology.tests.test_gray" name="test_rectangle_decomposition[sequence-3-11-black_tophat]" time="0.008" /><testcase classname="src.cucim.skimage.morphology.tests.test_gray" name="test_rectangle_decomposition[sequence-7-3-erosion]" time="0.674" /><testcase classname="src.cucim.skimage.morphology.tests.test_gray" name="test_rectangle_decomposition[sequence-7-3-dilation]" time="0.675" /><testcase classname="src.cucim.skimage.morphology.tests.test_gray" name="test_rectangle_decomposition[sequence-7-3-closing]" time="0.009" /><testcase classname="src.cucim.skimage.morphology.tests.test_gray" name="test_rectangle_decomposition[sequence-7-3-opening]" time="0.008" /><testcase classname="src.cucim.skimage.morphology.tests.test_gray" name="test_rectangle_decomposition[sequence-7-3-white_tophat]" time="0.008" /><testcase classname="src.cucim.skimage.morphology.tests.test_gray" name="test_rectangle_decomposition[sequence-7-3-black_tophat]" time="0.008" /><testcase classname="src.cucim.skimage.morphology.tests.test_gray" name="test_rectangle_decomposition[sequence-7-7-erosion]" time="0.007" /><testcase classname="src.cucim.skimage.morphology.tests.test_gray" name="test_rectangle_decomposition[sequence-7-7-dilation]" time="0.007" /><testcase classname="src.cucim.skimage.morphology.tests.test_gray" name="test_rectangle_decomposition[sequence-7-7-closing]" time="0.009" /><testcase classname="src.cucim.skimage.morphology.tests.test_gray" name="test_rectangle_decomposition[sequence-7-7-opening]" time="0.008" /><testcase classname="src.cucim.skimage.morphology.tests.test_gray" name="test_rectangle_decomposition[sequence-7-7-white_tophat]" time="0.007" /><testcase classname="src.cucim.skimage.morphology.tests.test_gray" name="test_rectangle_decomposition[sequence-7-7-black_tophat]" time="0.008" /><testcase classname="src.cucim.skimage.morphology.tests.test_gray" name="test_rectangle_decomposition[sequence-7-11-erosion]" time="0.007" /><testcase classname="src.cucim.skimage.morphology.tests.test_gray" name="test_rectangle_decomposition[sequence-7-11-dilation]" time="0.008" /><testcase classname="src.cucim.skimage.morphology.tests.test_gray" name="test_rectangle_decomposition[sequence-7-11-closing]" time="0.009" /><testcase classname="src.cucim.skimage.morphology.tests.test_gray" name="test_rectangle_decomposition[sequence-7-11-opening]" time="0.008" /><testcase classname="src.cucim.skimage.morphology.tests.test_gray" name="test_rectangle_decomposition[sequence-7-11-white_tophat]" time="0.008" /><testcase classname="src.cucim.skimage.morphology.tests.test_gray" name="test_rectangle_decomposition[sequence-7-11-black_tophat]" time="0.008" /><testcase classname="src.cucim.skimage.morphology.tests.test_gray" name="test_rectangle_decomposition[sequence-11-3-erosion]" time="0.677" /><testcase classname="src.cucim.skimage.morphology.tests.test_gray" name="test_rectangle_decomposition[sequence-11-3-dilation]" time="0.700" /><testcase classname="src.cucim.skimage.morphology.tests.test_gray" name="test_rectangle_decomposition[sequence-11-3-closing]" time="0.008" /><testcase classname="src.cucim.skimage.morphology.tests.test_gray" name="test_rectangle_decomposition[sequence-11-3-opening]" time="0.008" /><testcase classname="src.cucim.skimage.morphology.tests.test_gray" name="test_rectangle_decomposition[sequence-11-3-white_tophat]" time="0.007" /><testcase classname="src.cucim.skimage.morphology.tests.test_gray" name="test_rectangle_decomposition[sequence-11-3-black_tophat]" time="0.008" /><testcase classname="src.cucim.skimage.morphology.tests.test_gray" name="test_rectangle_decomposition[sequence-11-7-erosion]" time="0.007" /><testcase classname="src.cucim.skimage.morphology.tests.test_gray" name="test_rectangle_decomposition[sequence-11-7-dilation]" time="0.007" /><testcase classname="src.cucim.skimage.morphology.tests.test_gray" name="test_rectangle_decomposition[sequence-11-7-closing]" time="0.009" /><testcase classname="src.cucim.skimage.morphology.tests.test_gray" name="test_rectangle_decomposition[sequence-11-7-opening]" time="0.008" /><testcase classname="src.cucim.skimage.morphology.tests.test_gray" name="test_rectangle_decomposition[sequence-11-7-white_tophat]" time="0.009" /><testcase classname="src.cucim.skimage.morphology.tests.test_gray" name="test_rectangle_decomposition[sequence-11-7-black_tophat]" time="0.008" /><testcase classname="src.cucim.skimage.morphology.tests.test_gray" name="test_rectangle_decomposition[sequence-11-11-erosion]" time="0.007" /><testcase classname="src.cucim.skimage.morphology.tests.test_gray" name="test_rectangle_decomposition[sequence-11-11-dilation]" time="0.008" /><testcase classname="src.cucim.skimage.morphology.tests.test_gray" name="test_rectangle_decomposition[sequence-11-11-closing]" time="0.009" /><testcase classname="src.cucim.skimage.morphology.tests.test_gray" name="test_rectangle_decomposition[sequence-11-11-opening]" time="0.009" /><testcase classname="src.cucim.skimage.morphology.tests.test_gray" name="test_rectangle_decomposition[sequence-11-11-white_tophat]" time="0.009" /><testcase classname="src.cucim.skimage.morphology.tests.test_gray" name="test_rectangle_decomposition[sequence-11-11-black_tophat]" time="0.009" /><testcase classname="src.cucim.skimage.morphology.tests.test_gray" name="test_diamond_decomposition[sequence-2-erosion]" time="0.006" /><testcase classname="src.cucim.skimage.morphology.tests.test_gray" name="test_diamond_decomposition[sequence-2-dilation]" time="0.008" /><testcase classname="src.cucim.skimage.morphology.tests.test_gray" name="test_diamond_decomposition[sequence-2-closing]" time="0.007" /><testcase classname="src.cucim.skimage.morphology.tests.test_gray" name="test_diamond_decomposition[sequence-2-opening]" time="0.007" /><testcase classname="src.cucim.skimage.morphology.tests.test_gray" name="test_diamond_decomposition[sequence-2-white_tophat]" time="0.007" /><testcase classname="src.cucim.skimage.morphology.tests.test_gray" name="test_diamond_decomposition[sequence-2-black_tophat]" time="0.007" /><testcase classname="src.cucim.skimage.morphology.tests.test_gray" name="test_diamond_decomposition[sequence-3-erosion]" time="0.007" /><testcase classname="src.cucim.skimage.morphology.tests.test_gray" name="test_diamond_decomposition[sequence-3-dilation]" time="0.006" /><testcase classname="src.cucim.skimage.morphology.tests.test_gray" name="test_diamond_decomposition[sequence-3-closing]" time="0.007" /><testcase classname="src.cucim.skimage.morphology.tests.test_gray" name="test_diamond_decomposition[sequence-3-opening]" time="0.007" /><testcase classname="src.cucim.skimage.morphology.tests.test_gray" name="test_diamond_decomposition[sequence-3-white_tophat]" time="0.007" /><testcase classname="src.cucim.skimage.morphology.tests.test_gray" name="test_diamond_decomposition[sequence-3-black_tophat]" time="0.008" /><testcase classname="src.cucim.skimage.morphology.tests.test_gray" name="test_octagon_decomposition[sequence-0-0-erosion]" time="0.006" /><testcase classname="src.cucim.skimage.morphology.tests.test_gray" name="test_octagon_decomposition[sequence-0-0-dilation]" time="0.006" /><testcase classname="src.cucim.skimage.morphology.tests.test_gray" name="test_octagon_decomposition[sequence-0-0-closing]" time="0.006" /><testcase classname="src.cucim.skimage.morphology.tests.test_gray" name="test_octagon_decomposition[sequence-0-0-opening]" time="0.005" /><testcase classname="src.cucim.skimage.morphology.tests.test_gray" name="test_octagon_decomposition[sequence-0-0-white_tophat]" time="0.005" /><testcase classname="src.cucim.skimage.morphology.tests.test_gray" name="test_octagon_decomposition[sequence-0-0-black_tophat]" time="0.005" /><testcase classname="src.cucim.skimage.morphology.tests.test_gray" name="test_octagon_decomposition[sequence-0-1-erosion]" time="0.007" /><testcase classname="src.cucim.skimage.morphology.tests.test_gray" name="test_octagon_decomposition[sequence-0-1-dilation]" time="0.007" /><testcase classname="src.cucim.skimage.morphology.tests.test_gray" name="test_octagon_decomposition[sequence-0-1-closing]" time="0.008" /><testcase classname="src.cucim.skimage.morphology.tests.test_gray" name="test_octagon_decomposition[sequence-0-1-opening]" time="0.007" /><testcase classname="src.cucim.skimage.morphology.tests.test_gray" name="test_octagon_decomposition[sequence-0-1-white_tophat]" time="0.007" /><testcase classname="src.cucim.skimage.morphology.tests.test_gray" name="test_octagon_decomposition[sequence-0-1-black_tophat]" time="0.008" /><testcase classname="src.cucim.skimage.morphology.tests.test_gray" name="test_octagon_decomposition[sequence-0-3-erosion]" time="0.008" /><testcase classname="src.cucim.skimage.morphology.tests.test_gray" name="test_octagon_decomposition[sequence-0-3-dilation]" time="0.008" /><testcase classname="src.cucim.skimage.morphology.tests.test_gray" name="test_octagon_decomposition[sequence-0-3-closing]" time="0.008" /><testcase classname="src.cucim.skimage.morphology.tests.test_gray" name="test_octagon_decomposition[sequence-0-3-opening]" time="0.008" /><testcase classname="src.cucim.skimage.morphology.tests.test_gray" name="test_octagon_decomposition[sequence-0-3-white_tophat]" time="0.008" /><testcase classname="src.cucim.skimage.morphology.tests.test_gray" name="test_octagon_decomposition[sequence-0-3-black_tophat]" time="0.007" /><testcase classname="src.cucim.skimage.morphology.tests.test_gray" name="test_octagon_decomposition[sequence-0-5-erosion]" time="0.006" /><testcase classname="src.cucim.skimage.morphology.tests.test_gray" name="test_octagon_decomposition[sequence-0-5-dilation]" time="0.007" /><testcase classname="src.cucim.skimage.morphology.tests.test_gray" name="test_octagon_decomposition[sequence-0-5-closing]" time="0.008" /><testcase classname="src.cucim.skimage.morphology.tests.test_gray" name="test_octagon_decomposition[sequence-0-5-opening]" time="0.008" /><testcase classname="src.cucim.skimage.morphology.tests.test_gray" name="test_octagon_decomposition[sequence-0-5-white_tophat]" time="0.008" /><testcase classname="src.cucim.skimage.morphology.tests.test_gray" name="test_octagon_decomposition[sequence-0-5-black_tophat]" time="0.007" /><testcase classname="src.cucim.skimage.morphology.tests.test_gray" name="test_octagon_decomposition[sequence-1-0-erosion]" time="0.007" /><testcase classname="src.cucim.skimage.morphology.tests.test_gray" name="test_octagon_decomposition[sequence-1-0-dilation]" time="0.007" /><testcase classname="src.cucim.skimage.morphology.tests.test_gray" name="test_octagon_decomposition[sequence-1-0-closing]" time="0.007" /><testcase classname="src.cucim.skimage.morphology.tests.test_gray" name="test_octagon_decomposition[sequence-1-0-opening]" time="0.007" /><testcase classname="src.cucim.skimage.morphology.tests.test_gray" name="test_octagon_decomposition[sequence-1-0-white_tophat]" time="0.007" /><testcase classname="src.cucim.skimage.morphology.tests.test_gray" name="test_octagon_decomposition[sequence-1-0-black_tophat]" time="0.008" /><testcase classname="src.cucim.skimage.morphology.tests.test_gray" name="test_octagon_decomposition[sequence-1-1-erosion]" time="0.007" /><testcase classname="src.cucim.skimage.morphology.tests.test_gray" name="test_octagon_decomposition[sequence-1-1-dilation]" time="0.007" /><testcase classname="src.cucim.skimage.morphology.tests.test_gray" name="test_octagon_decomposition[sequence-1-1-closing]" time="0.007" /><testcase classname="src.cucim.skimage.morphology.tests.test_gray" name="test_octagon_decomposition[sequence-1-1-opening]" time="0.007" /><testcase classname="src.cucim.skimage.morphology.tests.test_gray" name="test_octagon_decomposition[sequence-1-1-white_tophat]" time="0.007" /><testcase classname="src.cucim.skimage.morphology.tests.test_gray" name="test_octagon_decomposition[sequence-1-1-black_tophat]" time="0.007" /><testcase classname="src.cucim.skimage.morphology.tests.test_gray" name="test_octagon_decomposition[sequence-1-3-erosion]" time="0.007" /><testcase classname="src.cucim.skimage.morphology.tests.test_gray" name="test_octagon_decomposition[sequence-1-3-dilation]" time="0.007" /><testcase classname="src.cucim.skimage.morphology.tests.test_gray" name="test_octagon_decomposition[sequence-1-3-closing]" time="0.008" /><testcase classname="src.cucim.skimage.morphology.tests.test_gray" name="test_octagon_decomposition[sequence-1-3-opening]" time="0.008" /><testcase classname="src.cucim.skimage.morphology.tests.test_gray" name="test_octagon_decomposition[sequence-1-3-white_tophat]" time="0.008" /><testcase classname="src.cucim.skimage.morphology.tests.test_gray" name="test_octagon_decomposition[sequence-1-3-black_tophat]" time="0.008" /><testcase classname="src.cucim.skimage.morphology.tests.test_gray" name="test_octagon_decomposition[sequence-1-5-erosion]" time="0.007" /><testcase classname="src.cucim.skimage.morphology.tests.test_gray" name="test_octagon_decomposition[sequence-1-5-dilation]" time="0.007" /><testcase classname="src.cucim.skimage.morphology.tests.test_gray" name="test_octagon_decomposition[sequence-1-5-closing]" time="0.008" /><testcase classname="src.cucim.skimage.morphology.tests.test_gray" name="test_octagon_decomposition[sequence-1-5-opening]" time="0.008" /><testcase classname="src.cucim.skimage.morphology.tests.test_gray" name="test_octagon_decomposition[sequence-1-5-white_tophat]" time="0.008" /><testcase classname="src.cucim.skimage.morphology.tests.test_gray" name="test_octagon_decomposition[sequence-1-5-black_tophat]" time="0.008" /><testcase classname="src.cucim.skimage.morphology.tests.test_gray" name="test_octagon_decomposition[sequence-2-0-erosion]" time="0.007" /><testcase classname="src.cucim.skimage.morphology.tests.test_gray" name="test_octagon_decomposition[sequence-2-0-dilation]" time="0.007" /><testcase classname="src.cucim.skimage.morphology.tests.test_gray" name="test_octagon_decomposition[sequence-2-0-closing]" time="0.008" /><testcase classname="src.cucim.skimage.morphology.tests.test_gray" name="test_octagon_decomposition[sequence-2-0-opening]" time="0.007" /><testcase classname="src.cucim.skimage.morphology.tests.test_gray" name="test_octagon_decomposition[sequence-2-0-white_tophat]" time="0.008" /><testcase classname="src.cucim.skimage.morphology.tests.test_gray" name="test_octagon_decomposition[sequence-2-0-black_tophat]" time="0.007" /><testcase classname="src.cucim.skimage.morphology.tests.test_gray" name="test_octagon_decomposition[sequence-2-1-erosion]" time="0.006" /><testcase classname="src.cucim.skimage.morphology.tests.test_gray" name="test_octagon_decomposition[sequence-2-1-dilation]" time="0.007" /><testcase classname="src.cucim.skimage.morphology.tests.test_gray" name="test_octagon_decomposition[sequence-2-1-closing]" time="0.008" /><testcase classname="src.cucim.skimage.morphology.tests.test_gray" name="test_octagon_decomposition[sequence-2-1-opening]" time="0.007" /><testcase classname="src.cucim.skimage.morphology.tests.test_gray" name="test_octagon_decomposition[sequence-2-1-white_tophat]" time="0.008" /><testcase classname="src.cucim.skimage.morphology.tests.test_gray" name="test_octagon_decomposition[sequence-2-1-black_tophat]" time="0.008" /><testcase classname="src.cucim.skimage.morphology.tests.test_gray" name="test_octagon_decomposition[sequence-2-3-erosion]" time="0.007" /><testcase classname="src.cucim.skimage.morphology.tests.test_gray" name="test_octagon_decomposition[sequence-2-3-dilation]" time="0.008" /><testcase classname="src.cucim.skimage.morphology.tests.test_gray" name="test_octagon_decomposition[sequence-2-3-closing]" time="0.009" /><testcase classname="src.cucim.skimage.morphology.tests.test_gray" name="test_octagon_decomposition[sequence-2-3-opening]" time="0.008" /><testcase classname="src.cucim.skimage.morphology.tests.test_gray" name="test_octagon_decomposition[sequence-2-3-white_tophat]" time="0.008" /><testcase classname="src.cucim.skimage.morphology.tests.test_gray" name="test_octagon_decomposition[sequence-2-3-black_tophat]" time="0.009" /><testcase classname="src.cucim.skimage.morphology.tests.test_gray" name="test_octagon_decomposition[sequence-2-5-erosion]" time="0.007" /><testcase classname="src.cucim.skimage.morphology.tests.test_gray" name="test_octagon_decomposition[sequence-2-5-dilation]" time="0.008" /><testcase classname="src.cucim.skimage.morphology.tests.test_gray" name="test_octagon_decomposition[sequence-2-5-closing]" time="0.009" /><testcase classname="src.cucim.skimage.morphology.tests.test_gray" name="test_octagon_decomposition[sequence-2-5-opening]" time="0.009" /><testcase classname="src.cucim.skimage.morphology.tests.test_gray" name="test_octagon_decomposition[sequence-2-5-white_tophat]" time="0.008" /><testcase classname="src.cucim.skimage.morphology.tests.test_gray" name="test_octagon_decomposition[sequence-2-5-black_tophat]" time="0.008" /><testcase classname="src.cucim.skimage.morphology.tests.test_gray" name="test_octagon_decomposition[sequence-3-0-erosion]" time="0.007" /><testcase classname="src.cucim.skimage.morphology.tests.test_gray" name="test_octagon_decomposition[sequence-3-0-dilation]" time="0.008" /><testcase classname="src.cucim.skimage.morphology.tests.test_gray" name="test_octagon_decomposition[sequence-3-0-closing]" time="0.009" /><testcase classname="src.cucim.skimage.morphology.tests.test_gray" name="test_octagon_decomposition[sequence-3-0-opening]" time="0.009" /><testcase classname="src.cucim.skimage.morphology.tests.test_gray" name="test_octagon_decomposition[sequence-3-0-white_tophat]" time="0.009" /><testcase classname="src.cucim.skimage.morphology.tests.test_gray" name="test_octagon_decomposition[sequence-3-0-black_tophat]" time="0.009" /><testcase classname="src.cucim.skimage.morphology.tests.test_gray" name="test_octagon_decomposition[sequence-3-1-erosion]" time="0.007" /><testcase classname="src.cucim.skimage.morphology.tests.test_gray" name="test_octagon_decomposition[sequence-3-1-dilation]" time="0.007" /><testcase classname="src.cucim.skimage.morphology.tests.test_gray" name="test_octagon_decomposition[sequence-3-1-closing]" time="0.008" /><testcase classname="src.cucim.skimage.morphology.tests.test_gray" name="test_octagon_decomposition[sequence-3-1-opening]" time="0.008" /><testcase classname="src.cucim.skimage.morphology.tests.test_gray" name="test_octagon_decomposition[sequence-3-1-white_tophat]" time="0.008" /><testcase classname="src.cucim.skimage.morphology.tests.test_gray" name="test_octagon_decomposition[sequence-3-1-black_tophat]" time="0.008" /><testcase classname="src.cucim.skimage.morphology.tests.test_gray" name="test_octagon_decomposition[sequence-3-3-erosion]" time="0.008" /><testcase classname="src.cucim.skimage.morphology.tests.test_gray" name="test_octagon_decomposition[sequence-3-3-dilation]" time="0.008" /><testcase classname="src.cucim.skimage.morphology.tests.test_gray" name="test_octagon_decomposition[sequence-3-3-closing]" time="0.009" /><testcase classname="src.cucim.skimage.morphology.tests.test_gray" name="test_octagon_decomposition[sequence-3-3-opening]" time="0.009" /><testcase classname="src.cucim.skimage.morphology.tests.test_gray" name="test_octagon_decomposition[sequence-3-3-white_tophat]" time="0.009" /><testcase classname="src.cucim.skimage.morphology.tests.test_gray" name="test_octagon_decomposition[sequence-3-3-black_tophat]" time="0.009" /><testcase classname="src.cucim.skimage.morphology.tests.test_gray" name="test_octagon_decomposition[sequence-3-5-erosion]" time="0.703" /><testcase classname="src.cucim.skimage.morphology.tests.test_gray" name="test_octagon_decomposition[sequence-3-5-dilation]" time="0.705" /><testcase classname="src.cucim.skimage.morphology.tests.test_gray" name="test_octagon_decomposition[sequence-3-5-closing]" time="0.010" /><testcase classname="src.cucim.skimage.morphology.tests.test_gray" name="test_octagon_decomposition[sequence-3-5-opening]" time="0.009" /><testcase classname="src.cucim.skimage.morphology.tests.test_gray" name="test_octagon_decomposition[sequence-3-5-white_tophat]" time="0.009" /><testcase classname="src.cucim.skimage.morphology.tests.test_gray" name="test_octagon_decomposition[sequence-3-5-black_tophat]" time="0.010" /><testcase classname="src.cucim.skimage.morphology.tests.test_gray" name="test_cube_decomposition[separable-shape0-erosion]" time="3.096" /><testcase classname="src.cucim.skimage.morphology.tests.test_gray" name="test_cube_decomposition[separable-shape0-dilation]" time="2.121" /><testcase classname="src.cucim.skimage.morphology.tests.test_gray" name="test_cube_decomposition[separable-shape0-closing]" time="0.097" /><testcase classname="src.cucim.skimage.morphology.tests.test_gray" name="test_cube_decomposition[separable-shape0-opening]" time="0.083" /><testcase classname="src.cucim.skimage.morphology.tests.test_gray" name="test_cube_decomposition[separable-shape0-white_tophat]" time="0.216" /><testcase classname="src.cucim.skimage.morphology.tests.test_gray" name="test_cube_decomposition[separable-shape0-black_tophat]" time="0.135" /><testcase classname="src.cucim.skimage.morphology.tests.test_gray" name="test_cube_decomposition[separable-shape1-erosion]" time="1.142" /><testcase classname="src.cucim.skimage.morphology.tests.test_gray" name="test_cube_decomposition[separable-shape1-dilation]" time="1.151" /><testcase classname="src.cucim.skimage.morphology.tests.test_gray" name="test_cube_decomposition[separable-shape1-closing]" time="0.139" /><testcase classname="src.cucim.skimage.morphology.tests.test_gray" name="test_cube_decomposition[separable-shape1-opening]" time="0.131" /><testcase classname="src.cucim.skimage.morphology.tests.test_gray" name="test_cube_decomposition[separable-shape1-white_tophat]" time="0.134" /><testcase classname="src.cucim.skimage.morphology.tests.test_gray" name="test_cube_decomposition[separable-shape1-black_tophat]" time="0.141" /><testcase classname="src.cucim.skimage.morphology.tests.test_gray" name="test_cube_decomposition[sequence-shape0-erosion]" time="3.169" /><testcase classname="src.cucim.skimage.morphology.tests.test_gray" name="test_cube_decomposition[sequence-shape0-dilation]" time="3.211" /><testcase classname="src.cucim.skimage.morphology.tests.test_gray" name="test_cube_decomposition[sequence-shape0-closing]" time="0.137" /><testcase classname="src.cucim.skimage.morphology.tests.test_gray" name="test_cube_decomposition[sequence-shape0-opening]" time="0.129" /><testcase classname="src.cucim.skimage.morphology.tests.test_gray" name="test_cube_decomposition[sequence-shape0-white_tophat]" time="0.149" /><testcase classname="src.cucim.skimage.morphology.tests.test_gray" name="test_cube_decomposition[sequence-shape0-black_tophat]" time="0.129" /><testcase classname="src.cucim.skimage.morphology.tests.test_gray" name="test_cube_decomposition[sequence-shape1-erosion]" time="0.142" /><testcase classname="src.cucim.skimage.morphology.tests.test_gray" name="test_cube_decomposition[sequence-shape1-dilation]" time="0.143" /><testcase classname="src.cucim.skimage.morphology.tests.test_gray" name="test_cube_decomposition[sequence-shape1-closing]" time="0.136" /><testcase classname="src.cucim.skimage.morphology.tests.test_gray" name="test_cube_decomposition[sequence-shape1-opening]" time="0.138" /><testcase classname="src.cucim.skimage.morphology.tests.test_gray" name="test_cube_decomposition[sequence-shape1-white_tophat]" time="0.142" /><testcase classname="src.cucim.skimage.morphology.tests.test_gray" name="test_cube_decomposition[sequence-shape1-black_tophat]" time="0.148" /><testcase classname="src.cucim.skimage.morphology.tests.test_gray" name="test_octahedron_decomposition[sequence-3-erosion]" time="2.238" /><testcase classname="src.cucim.skimage.morphology.tests.test_gray" name="test_octahedron_decomposition[sequence-3-dilation]" time="2.237" /><testcase classname="src.cucim.skimage.morphology.tests.test_gray" name="test_octahedron_decomposition[sequence-3-closing]" time="0.128" /><testcase classname="src.cucim.skimage.morphology.tests.test_gray" name="test_octahedron_decomposition[sequence-3-opening]" time="0.146" /><testcase classname="src.cucim.skimage.morphology.tests.test_gray" name="test_octahedron_decomposition[sequence-3-white_tophat]" time="0.145" /><testcase classname="src.cucim.skimage.morphology.tests.test_gray" name="test_octahedron_decomposition[sequence-3-black_tophat]" time="0.139" /><testcase classname="src.cucim.skimage.morphology.tests.test_gray" name="test_tuple_as_footprint[False-2-erosion]" time="1.025" /><testcase classname="src.cucim.skimage.morphology.tests.test_gray" name="test_tuple_as_footprint[False-2-dilation]" time="1.054" /><testcase classname="src.cucim.skimage.morphology.tests.test_gray" name="test_tuple_as_footprint[False-2-closing]" time="0.004" /><testcase classname="src.cucim.skimage.morphology.tests.test_gray" name="test_tuple_as_footprint[False-2-opening]" time="0.004" /><testcase classname="src.cucim.skimage.morphology.tests.test_gray" name="test_tuple_as_footprint[False-3-erosion]" time="1.057" /><testcase classname="src.cucim.skimage.morphology.tests.test_gray" name="test_tuple_as_footprint[False-3-dilation]" time="1.053" /><testcase classname="src.cucim.skimage.morphology.tests.test_gray" name="test_tuple_as_footprint[False-3-closing]" time="0.004" /><testcase classname="src.cucim.skimage.morphology.tests.test_gray" name="test_tuple_as_footprint[False-3-opening]" time="0.003" /><testcase classname="src.cucim.skimage.morphology.tests.test_gray" name="test_tuple_as_footprint[True-2-erosion]" time="1.450" /><testcase classname="src.cucim.skimage.morphology.tests.test_gray" name="test_tuple_as_footprint[True-2-dilation]" time="1.313" /><testcase classname="src.cucim.skimage.morphology.tests.test_gray" name="test_tuple_as_footprint[True-2-closing]" time="0.003" /><testcase classname="src.cucim.skimage.morphology.tests.test_gray" name="test_tuple_as_footprint[True-2-opening]" time="0.003" /><testcase classname="src.cucim.skimage.morphology.tests.test_gray" name="test_tuple_as_footprint[True-3-erosion]" time="2.010" /><testcase classname="src.cucim.skimage.morphology.tests.test_gray" name="test_tuple_as_footprint[True-3-dilation]" time="1.999" /><testcase classname="src.cucim.skimage.morphology.tests.test_gray" name="test_tuple_as_footprint[True-3-closing]" time="0.003" /><testcase classname="src.cucim.skimage.morphology.tests.test_gray" name="test_tuple_as_footprint[True-3-opening]" time="0.003" /><testcase classname="src.cucim.skimage.morphology.tests.test_gray" name="test_deprecated_shift[True-shift_x-erosion]" time="0.659" /><testcase classname="src.cucim.skimage.morphology.tests.test_gray" name="test_deprecated_shift[True-shift_x-dilation]" time="0.672" /><testcase classname="src.cucim.skimage.morphology.tests.test_gray" name="test_deprecated_shift[True-shift_y-erosion]" time="0.002" /><testcase classname="src.cucim.skimage.morphology.tests.test_gray" name="test_deprecated_shift[True-shift_y-dilation]" time="0.003" /><testcase classname="src.cucim.skimage.morphology.tests.test_gray" name="test_deprecated_shift[False-shift_x-erosion]" time="0.002" /><testcase classname="src.cucim.skimage.morphology.tests.test_gray" name="test_deprecated_shift[False-shift_x-dilation]" time="0.002" /><testcase classname="src.cucim.skimage.morphology.tests.test_gray" name="test_deprecated_shift[False-shift_y-erosion]" time="0.002" /><testcase classname="src.cucim.skimage.morphology.tests.test_gray" name="test_deprecated_shift[False-shift_y-dilation]" time="0.002" /><testcase classname="src.cucim.skimage.morphology.tests.test_gray" name="test_deprecated_shift[None-shift_x-erosion]" time="0.002" /><testcase classname="src.cucim.skimage.morphology.tests.test_gray" name="test_deprecated_shift[None-shift_x-dilation]" time="0.002" /><testcase classname="src.cucim.skimage.morphology.tests.test_gray" name="test_deprecated_shift[None-shift_y-erosion]" time="0.002" /><testcase classname="src.cucim.skimage.morphology.tests.test_gray" name="test_deprecated_shift[None-shift_y-dilation]" time="0.002" /><testcase classname="src.cucim.skimage.morphology.tests.test_isotropic" name="test_non_square_image" time="0.741" /><testcase classname="src.cucim.skimage.morphology.tests.test_isotropic" name="test_isotropic_erosion" time="0.003" /><testcase classname="src.cucim.skimage.morphology.tests.test_isotropic" name="test_isotropic_erosion_spacing" time="0.003" /><testcase classname="src.cucim.skimage.morphology.tests.test_isotropic" name="test_isotropic_dilation" time="0.002" /><testcase classname="src.cucim.skimage.morphology.tests.test_isotropic" name="test_isotropic_closing" time="0.002" /><testcase classname="src.cucim.skimage.morphology.tests.test_isotropic" name="test_isotropic_opening" time="0.002" /><testcase classname="src.cucim.skimage.morphology.tests.test_isotropic" name="test_footprint_overflow" time="0.661" /><testcase classname="src.cucim.skimage.morphology.tests.test_isotropic" name="test_out_argument[bool]" time="0.006" /><testcase classname="src.cucim.skimage.morphology.tests.test_isotropic" name="test_out_argument[uint8]" time="0.006" /><testcase classname="src.cucim.skimage.morphology.tests.test_isotropic" name="test_out_argument[int32]" time="0.001" /><testcase classname="src.cucim.skimage.morphology.tests.test_misc" name="test_one_connectivity" time="0.130" /><testcase classname="src.cucim.skimage.morphology.tests.test_misc" name="test_two_connectivity" time="0.071" /><testcase classname="src.cucim.skimage.morphology.tests.test_misc" name="test_in_place" time="0.002" /><testcase classname="src.cucim.skimage.morphology.tests.test_misc" name="test_out[bool-bool]" time="0.011" /><testcase classname="src.cucim.skimage.morphology.tests.test_misc" name="test_out[bool-int]" time="0.074" /><testcase classname="src.cucim.skimage.morphology.tests.test_misc" name="test_out[bool-int32]" time="0.200" /><testcase classname="src.cucim.skimage.morphology.tests.test_misc" name="test_out[int-bool]" time="0.102" /><testcase classname="src.cucim.skimage.morphology.tests.test_misc" name="test_out[int-int]" time="0.007" /><testcase classname="src.cucim.skimage.morphology.tests.test_misc" name="test_out[int-int32]" time="0.005" /><testcase classname="src.cucim.skimage.morphology.tests.test_misc" name="test_out[int32-bool]" time="0.005" /><testcase classname="src.cucim.skimage.morphology.tests.test_misc" name="test_out[int32-int]" time="0.005" /><testcase classname="src.cucim.skimage.morphology.tests.test_misc" name="test_out[int32-int32]" time="0.005" /><testcase classname="src.cucim.skimage.morphology.tests.test_misc" name="test_labeled_image" time="0.001" /><testcase classname="src.cucim.skimage.morphology.tests.test_misc" name="test_uint_image" time="0.093" /><testcase classname="src.cucim.skimage.morphology.tests.test_misc" name="test_single_label_warning" time="0.005" /><testcase classname="src.cucim.skimage.morphology.tests.test_misc" name="test_float_input" time="0.001" /><testcase classname="src.cucim.skimage.morphology.tests.test_misc" name="test_negative_input" time="0.001" /><testcase classname="src.cucim.skimage.morphology.tests.test_misc" name="test_one_connectivity_holes" time="0.002" /><testcase classname="src.cucim.skimage.morphology.tests.test_misc" name="test_two_connectivity_holes" time="0.002" /><testcase classname="src.cucim.skimage.morphology.tests.test_misc" name="test_in_place_holes" time="0.001" /><testcase classname="src.cucim.skimage.morphology.tests.test_misc" name="test_out_remove_small_holes" time="0.001" /><testcase classname="src.cucim.skimage.morphology.tests.test_misc" name="test_non_bool_out" time="0.000" /><testcase classname="src.cucim.skimage.morphology.tests.test_misc" name="test_labeled_image_holes" time="0.005" /><testcase classname="src.cucim.skimage.morphology.tests.test_misc" name="test_uint_image_holes" time="0.068" /><testcase classname="src.cucim.skimage.morphology.tests.test_misc" name="test_label_warning_holes" time="0.006" /><testcase classname="src.cucim.skimage.morphology.tests.test_misc" name="test_float_input_holes" time="0.000" /><testcase classname="src.cucim.skimage.morphology.tests.test_reconstruction" name="test_zeros" time="0.294" /><testcase classname="src.cucim.skimage.morphology.tests.test_reconstruction" name="test_image_equals_mask" time="0.002" /><testcase classname="src.cucim.skimage.morphology.tests.test_reconstruction" name="test_image_less_than_mask" time="0.002" /><testcase classname="src.cucim.skimage.morphology.tests.test_reconstruction" name="test_one_image_peak" time="0.002" /><testcase classname="src.cucim.skimage.morphology.tests.test_reconstruction" name="test_two_image_peaks" time="0.254" /><testcase classname="src.cucim.skimage.morphology.tests.test_reconstruction" name="test_zero_image_one_mask" time="0.364" /><testcase classname="src.cucim.skimage.morphology.tests.test_reconstruction" name="test_fill_hole" time="0.066" /><testcase classname="src.cucim.skimage.morphology.tests.test_reconstruction" name="test_invalid_seed" time="0.061" /><testcase classname="src.cucim.skimage.morphology.tests.test_reconstruction" name="test_invalid_footprint" time="0.002" /><testcase classname="src.cucim.skimage.morphology.tests.test_reconstruction" name="test_invalid_method" time="0.001" /><testcase classname="src.cucim.skimage.morphology.tests.test_reconstruction" name="test_invalid_offset_not_none" time="0.001" /><testcase classname="src.cucim.skimage.morphology.tests.test_reconstruction" name="test_offset_not_none" time="0.002" /><testcase classname="src.cucim.skimage.morphology.tests.test_reconstruction" name="test_reconstruction_float_inputs" time="0.003" /><testcase classname="src.cucim.skimage.morphology.tests.test_skeletonize.TestThin" name="test_all_zeros" time="0.793" /><testcase classname="src.cucim.skimage.morphology.tests.test_skeletonize.TestThin" name="test_thin_copies_input[bool]" time="0.004" /><testcase classname="src.cucim.skimage.morphology.tests.test_skeletonize.TestThin" name="test_thin_copies_input[float]" time="0.003" /><testcase classname="src.cucim.skimage.morphology.tests.test_skeletonize.TestThin" name="test_thin_copies_input[int]" time="0.003" /><testcase classname="src.cucim.skimage.morphology.tests.test_skeletonize.TestThin" name="test_iter_1[bool]" time="0.002" /><testcase classname="src.cucim.skimage.morphology.tests.test_skeletonize.TestThin" name="test_iter_1[float]" time="0.002" /><testcase classname="src.cucim.skimage.morphology.tests.test_skeletonize.TestThin" name="test_iter_1[int]" time="0.002" /><testcase classname="src.cucim.skimage.morphology.tests.test_skeletonize.TestThin" name="test_noiter[bool]" time="0.003" /><testcase classname="src.cucim.skimage.morphology.tests.test_skeletonize.TestThin" name="test_noiter[float]" time="0.003" /><testcase classname="src.cucim.skimage.morphology.tests.test_skeletonize.TestThin" name="test_noiter[int]" time="0.003" /><testcase classname="src.cucim.skimage.morphology.tests.test_skeletonize.TestThin" name="test_baddim" time="0.000" /><testcase classname="src.cucim.skimage.morphology.tests.test_skeletonize.TestThin" name="test_compare_skimage[False]" time="0.278" /><testcase classname="src.cucim.skimage.morphology.tests.test_skeletonize.TestThin" name="test_compare_skimage[True]" time="0.228" /><testcase classname="src.cucim.skimage.morphology.tests.test_skeletonize.TestMedialAxis" name="test_all_zeros" time="0.765" /><testcase classname="src.cucim.skimage.morphology.tests.test_skeletonize.TestMedialAxis" name="test_all_zeros_masked" time="0.003" /><testcase classname="src.cucim.skimage.morphology.tests.test_skeletonize.TestMedialAxis" name="test_vertical_line[bool]" time="0.122" /><testcase classname="src.cucim.skimage.morphology.tests.test_skeletonize.TestMedialAxis" name="test_vertical_line[float]" time="0.002" /><testcase classname="src.cucim.skimage.morphology.tests.test_skeletonize.TestMedialAxis" name="test_vertical_line[int]" time="0.002" /><testcase classname="src.cucim.skimage.morphology.tests.test_skeletonize.TestMedialAxis" name="test_rng_numpy" time="0.002" /><testcase classname="src.cucim.skimage.morphology.tests.test_skeletonize.TestMedialAxis" name="test_rng_cupy" time="0.002" /><testcase classname="src.cucim.skimage.morphology.tests.test_skeletonize.TestMedialAxis" name="test_rng_int" time="0.002" /><testcase classname="src.cucim.skimage.morphology.tests.test_skeletonize.TestMedialAxis" name="test_rectangle" time="0.004" /><testcase classname="src.cucim.skimage.morphology.tests.test_skeletonize.TestMedialAxis" name="test_rectangle_with_hole" time="0.002" /><testcase classname="src.cucim.skimage.morphology.tests.test_skeletonize.TestMedialAxis" name="test_narrow_image" time="0.002" /><testcase classname="src.cucim.skimage.registration.tests.test_ilk" name="test_2d_motion[True-True-float16]" time="5.824" /><testcase classname="src.cucim.skimage.registration.tests.test_ilk" name="test_2d_motion[True-True-float32]" time="0.131" /><testcase classname="src.cucim.skimage.registration.tests.test_ilk" name="test_2d_motion[True-True-float64]" time="4.238" /><testcase classname="src.cucim.skimage.registration.tests.test_ilk" name="test_2d_motion[True-False-float16]" time="1.522" /><testcase classname="src.cucim.skimage.registration.tests.test_ilk" name="test_2d_motion[True-False-float32]" time="0.096" /><testcase classname="src.cucim.skimage.registration.tests.test_ilk" name="test_2d_motion[True-False-float64]" time="1.514" /><testcase classname="src.cucim.skimage.registration.tests.test_ilk" name="test_2d_motion[False-True-float16]" time="0.206" /><testcase classname="src.cucim.skimage.registration.tests.test_ilk" name="test_2d_motion[False-True-float32]" time="0.126" /><testcase classname="src.cucim.skimage.registration.tests.test_ilk" name="test_2d_motion[False-True-float64]" time="0.120" /><testcase classname="src.cucim.skimage.registration.tests.test_ilk" name="test_2d_motion[False-False-float16]" time="0.091" /><testcase classname="src.cucim.skimage.registration.tests.test_ilk" name="test_2d_motion[False-False-float32]" time="0.093" /><testcase classname="src.cucim.skimage.registration.tests.test_ilk" name="test_2d_motion[False-False-float64]" time="0.094" /><testcase classname="src.cucim.skimage.registration.tests.test_ilk" name="test_3d_motion[True-True]" time="6.770" /><testcase classname="src.cucim.skimage.registration.tests.test_ilk" name="test_3d_motion[True-False]" time="2.222" /><testcase classname="src.cucim.skimage.registration.tests.test_ilk" name="test_3d_motion[False-True]" time="0.114" /><testcase classname="src.cucim.skimage.registration.tests.test_ilk" name="test_3d_motion[False-False]" time="0.071" /><testcase classname="src.cucim.skimage.registration.tests.test_ilk" name="test_no_motion_2d" time="0.165" /><testcase classname="src.cucim.skimage.registration.tests.test_ilk" name="test_no_motion_3d" time="2.598" /><testcase classname="src.cucim.skimage.registration.tests.test_ilk" name="test_optical_flow_dtype" time="0.250" /><testcase classname="src.cucim.skimage.registration.tests.test_ilk" name="test_incompatible_shapes" time="0.002" /><testcase classname="src.cucim.skimage.registration.tests.test_ilk" name="test_wrong_dtype" time="0.001" /><testcase classname="src.cucim.skimage.registration.tests.test_masked_phase_cross_correlation" name="test_masked_registration_vs_phase_cross_correlation" time="2.463" /><testcase classname="src.cucim.skimage.registration.tests.test_masked_phase_cross_correlation" name="test_masked_registration_random_masks" time="0.095" /><testcase classname="src.cucim.skimage.registration.tests.test_masked_phase_cross_correlation" name="test_masked_registration_3d_contiguous_mask" time="2.472" /><testcase classname="src.cucim.skimage.registration.tests.test_masked_phase_cross_correlation" name="test_masked_registration_random_masks_non_equal_sizes" time="0.161" /><testcase classname="src.cucim.skimage.registration.tests.test_masked_phase_cross_correlation" name="test_masked_registration_padfield_data" time="4.372" /><testcase classname="src.cucim.skimage.registration.tests.test_masked_phase_cross_correlation" name="test_cross_correlate_masked_output_shape[float16]" time="0.183" /><testcase classname="src.cucim.skimage.registration.tests.test_masked_phase_cross_correlation" name="test_cross_correlate_masked_output_shape[float32]" time="0.008" /><testcase classname="src.cucim.skimage.registration.tests.test_masked_phase_cross_correlation" name="test_cross_correlate_masked_output_shape[float64]" time="0.889" /><testcase classname="src.cucim.skimage.registration.tests.test_masked_phase_cross_correlation" name="test_cross_correlate_masked_test_against_mismatched_dimensions" time="0.001" /><testcase classname="src.cucim.skimage.registration.tests.test_masked_phase_cross_correlation" name="test_cross_correlate_masked_output_range" time="0.006" /><testcase classname="src.cucim.skimage.registration.tests.test_masked_phase_cross_correlation" name="test_cross_correlate_masked_side_effects" time="0.004" /><testcase classname="src.cucim.skimage.registration.tests.test_masked_phase_cross_correlation" name="test_cross_correlate_masked_over_axes" time="0.270" /><testcase classname="src.cucim.skimage.registration.tests.test_masked_phase_cross_correlation" name="test_cross_correlate_masked_autocorrelation_trivial_masks" time="0.187" /><testcase classname="src.cucim.skimage.registration.tests.test_phase_cross_correlation" name="test_correlation[None]" time="0.010" /><testcase classname="src.cucim.skimage.registration.tests.test_phase_cross_correlation" name="test_correlation[phase]" time="0.009" /><testcase classname="src.cucim.skimage.registration.tests.test_phase_cross_correlation" name="test_correlation_invalid_normalization[nonexisting]" time="0.006" /><testcase classname="src.cucim.skimage.registration.tests.test_phase_cross_correlation" name="test_subpixel_precision[None]" time="0.130" /><testcase classname="src.cucim.skimage.registration.tests.test_phase_cross_correlation" name="test_subpixel_precision[phase]" time="0.008" /><testcase classname="src.cucim.skimage.registration.tests.test_phase_cross_correlation" name="test_real_input[float16]" time="0.956" /><testcase classname="src.cucim.skimage.registration.tests.test_phase_cross_correlation" name="test_real_input[float32]" time="0.010" /><testcase classname="src.cucim.skimage.registration.tests.test_phase_cross_correlation" name="test_real_input[float64]" time="0.008" /><testcase classname="src.cucim.skimage.registration.tests.test_phase_cross_correlation" name="test_size_one_dimension_input" time="0.081" /><testcase classname="src.cucim.skimage.registration.tests.test_phase_cross_correlation" name="test_3d_input" time="0.107" /><testcase classname="src.cucim.skimage.registration.tests.test_phase_cross_correlation" name="test_unknown_space_input" time="0.001" /><testcase classname="src.cucim.skimage.registration.tests.test_phase_cross_correlation" name="test_wrong_input" time="0.012" /><testcase classname="src.cucim.skimage.registration.tests.test_phase_cross_correlation" name="test_4d_input_pixel" time="3.139" /><testcase classname="src.cucim.skimage.registration.tests.test_phase_cross_correlation" name="test_4d_input_subpixel" time="0.007" /><testcase classname="src.cucim.skimage.registration.tests.test_phase_cross_correlation" name="test_mismatch_upsampled_region_size" time="0.001" /><testcase classname="src.cucim.skimage.registration.tests.test_phase_cross_correlation" name="test_mismatch_offsets_size" time="0.000" /><testcase classname="src.cucim.skimage.registration.tests.test_phase_cross_correlation" name="test_disambiguate_2d[100-100]" time="0.592" /><testcase classname="src.cucim.skimage.registration.tests.test_phase_cross_correlation" name="test_disambiguate_2d[100--100]" time="0.056" /><testcase classname="src.cucim.skimage.registration.tests.test_phase_cross_correlation" name="test_disambiguate_2d[100-350]" time="0.055" /><testcase classname="src.cucim.skimage.registration.tests.test_phase_cross_correlation" name="test_disambiguate_2d[100--350]" time="0.058" /><testcase classname="src.cucim.skimage.registration.tests.test_phase_cross_correlation" name="test_disambiguate_2d[-100-100]" time="0.055" /><testcase classname="src.cucim.skimage.registration.tests.test_phase_cross_correlation" name="test_disambiguate_2d[-100--100]" time="0.054" /><testcase classname="src.cucim.skimage.registration.tests.test_phase_cross_correlation" name="test_disambiguate_2d[-100-350]" time="0.053" /><testcase classname="src.cucim.skimage.registration.tests.test_phase_cross_correlation" name="test_disambiguate_2d[-100--350]" time="0.055" /><testcase classname="src.cucim.skimage.registration.tests.test_phase_cross_correlation" name="test_disambiguate_2d[350-100]" time="0.055" /><testcase classname="src.cucim.skimage.registration.tests.test_phase_cross_correlation" name="test_disambiguate_2d[350--100]" time="0.057" /><testcase classname="src.cucim.skimage.registration.tests.test_phase_cross_correlation" name="test_disambiguate_2d[350-350]" time="0.053" /><testcase classname="src.cucim.skimage.registration.tests.test_phase_cross_correlation" name="test_disambiguate_2d[350--350]" time="0.053" /><testcase classname="src.cucim.skimage.registration.tests.test_phase_cross_correlation" name="test_disambiguate_2d[-350-100]" time="0.056" /><testcase classname="src.cucim.skimage.registration.tests.test_phase_cross_correlation" name="test_disambiguate_2d[-350--100]" time="0.054" /><testcase classname="src.cucim.skimage.registration.tests.test_phase_cross_correlation" name="test_disambiguate_2d[-350-350]" time="0.055" /><testcase classname="src.cucim.skimage.registration.tests.test_phase_cross_correlation" name="test_disambiguate_2d[-350--350]" time="0.054" /><testcase classname="src.cucim.skimage.registration.tests.test_phase_cross_correlation" name="test_disambiguate_zero_shift" time="0.083" /><testcase classname="src.cucim.skimage.registration.tests.test_phase_cross_correlation" name="test_disambiguate_empty_image[null_images0]" time="0.009" /><testcase classname="src.cucim.skimage.registration.tests.test_phase_cross_correlation" name="test_disambiguate_empty_image[null_images1]" time="0.008" /><testcase classname="src.cucim.skimage.registration.tests.test_phase_cross_correlation" name="test_disambiguate_empty_image[null_images2]" time="0.008" /><testcase classname="src.cucim.skimage.registration.tests.test_tvl1" name="test_2d_motion[float16]" time="0.817" /><testcase classname="src.cucim.skimage.registration.tests.test_tvl1" name="test_2d_motion[float32]" time="0.470" /><testcase classname="src.cucim.skimage.registration.tests.test_tvl1" name="test_2d_motion[float64]" time="0.682" /><testcase classname="src.cucim.skimage.registration.tests.test_tvl1" name="test_3d_motion[float32]" time="1.325" /><testcase classname="src.cucim.skimage.registration.tests.test_tvl1" name="test_3d_motion[float64]" time="3.487" /><testcase classname="src.cucim.skimage.registration.tests.test_tvl1" name="test_no_motion_2d" time="0.093" /><testcase classname="src.cucim.skimage.registration.tests.test_tvl1" name="test_no_motion_3d" time="0.071" /><testcase classname="src.cucim.skimage.registration.tests.test_tvl1" name="test_optical_flow_dtype" time="0.979" /><testcase classname="src.cucim.skimage.registration.tests.test_tvl1" name="test_incompatible_shapes" time="0.003" /><testcase classname="src.cucim.skimage.registration.tests.test_tvl1" name="test_wrong_dtype" time="0.002" /><testcase classname="src.cucim.skimage.restoration.tests.test_denoise" name="test_denoise_tv_chambolle_2d[float16]" time="0.368" /><testcase classname="src.cucim.skimage.restoration.tests.test_denoise" name="test_denoise_tv_chambolle_2d[float32]" time="0.151" /><testcase classname="src.cucim.skimage.restoration.tests.test_denoise" name="test_denoise_tv_chambolle_2d[float64]" time="0.011" /><testcase classname="src.cucim.skimage.restoration.tests.test_denoise" name="test_denoise_tv_chambolle_multichannel[0]" time="0.237" /><testcase classname="src.cucim.skimage.restoration.tests.test_denoise" name="test_denoise_tv_chambolle_multichannel[1]" time="0.096" /><testcase classname="src.cucim.skimage.restoration.tests.test_denoise" name="test_denoise_tv_chambolle_multichannel[2]" time="0.096" /><testcase classname="src.cucim.skimage.restoration.tests.test_denoise" name="test_denoise_tv_chambolle_multichannel[-1]" time="0.096" /><testcase classname="src.cucim.skimage.restoration.tests.test_denoise" name="test_denoise_tv_chambolle_float_result_range" time="0.020" /><testcase classname="src.cucim.skimage.restoration.tests.test_denoise" name="test_denoise_tv_chambolle_3d" time="0.265" /><testcase classname="src.cucim.skimage.restoration.tests.test_denoise" name="test_denoise_tv_chambolle_1d" time="2.875" /><testcase classname="src.cucim.skimage.restoration.tests.test_denoise" name="test_denoise_tv_chambolle_4d" time="0.026" /><testcase classname="src.cucim.skimage.restoration.tests.test_denoise" name="test_denoise_tv_chambolle_weighting" time="0.015" /><testcase classname="src.cucim.skimage.restoration.tests.test_j_invariant" name="test_denoise_invariant" time="0.919" /><testcase classname="src.cucim.skimage.restoration.tests.test_j_invariant" name="test_denoise_invariant_color[float16]" time="1.102" /><testcase classname="src.cucim.skimage.restoration.tests.test_j_invariant" name="test_denoise_invariant_color[float32]" time="0.242" /><testcase classname="src.cucim.skimage.restoration.tests.test_j_invariant" name="test_denoise_invariant_color[float64]" time="1.025" /><testcase classname="src.cucim.skimage.restoration.tests.test_j_invariant" name="test_denoise_invariant_3d" time="1.461" /><testcase classname="src.cucim.skimage.restoration.tests.test_j_invariant" name="test_calibrate_denoiser_extra_output" time="0.976" /><testcase classname="src.cucim.skimage.restoration.tests.test_j_invariant" name="test_calibrate_denoiser" time="0.252" /><testcase classname="src.cucim.skimage.restoration.tests.test_j_invariant" name="test_calibrate_denoiser_tv" time="0.297" /><testcase classname="src.cucim.skimage.restoration.tests.test_j_invariant" name="test_input_image_not_modified" time="0.063" /><testcase classname="src.cucim.skimage.restoration.tests.test_restoration" name="test_wiener[float16]" time="1.600" /><testcase classname="src.cucim.skimage.restoration.tests.test_restoration" name="test_wiener[float32]" time="0.032" /><testcase classname="src.cucim.skimage.restoration.tests.test_restoration" name="test_wiener[float64]" time="0.386" /><testcase classname="src.cucim.skimage.restoration.tests.test_restoration" name="test_unsupervised_wiener[float16]" time="0.555" /><testcase classname="src.cucim.skimage.restoration.tests.test_restoration" name="test_unsupervised_wiener[float32]" time="0.077" /><testcase classname="src.cucim.skimage.restoration.tests.test_restoration" name="test_unsupervised_wiener[float64]" time="0.409" /><testcase classname="src.cucim.skimage.restoration.tests.test_restoration" name="test_image_shape" time="2.650" /><testcase classname="src.cucim.skimage.restoration.tests.test_restoration" name="test_richardson_lucy" time="1.072" /><testcase classname="src.cucim.skimage.restoration.tests.test_restoration" name="test_richardson_lucy_filtered[float32-float16]" time="0.711" /><testcase classname="src.cucim.skimage.restoration.tests.test_restoration" name="test_richardson_lucy_filtered[float32-float32]" time="0.038" /><testcase classname="src.cucim.skimage.restoration.tests.test_restoration" name="test_richardson_lucy_filtered[float32-float64]" time="0.039" /><testcase classname="src.cucim.skimage.restoration.tests.test_restoration" name="test_richardson_lucy_filtered[float64-float16]" time="0.034" /><testcase classname="src.cucim.skimage.restoration.tests.test_restoration" name="test_richardson_lucy_filtered[float64-float32]" time="0.033" /><testcase classname="src.cucim.skimage.restoration.tests.test_restoration" name="test_richardson_lucy_filtered[float64-float64]" time="0.034" /><testcase classname="src.cucim.skimage.segmentation.tests.test_boundaries" name="test_find_boundaries" time="0.004" /><testcase classname="src.cucim.skimage.segmentation.tests.test_boundaries" name="test_find_boundaries_bool" time="0.002" /><testcase classname="src.cucim.skimage.segmentation.tests.test_boundaries" name="test_mark_boundaries[uint8]" time="0.081" /><testcase classname="src.cucim.skimage.segmentation.tests.test_boundaries" name="test_mark_boundaries[float16]" time="0.003" /><testcase classname="src.cucim.skimage.segmentation.tests.test_boundaries" name="test_mark_boundaries[float32]" time="0.003" /><testcase classname="src.cucim.skimage.segmentation.tests.test_boundaries" name="test_mark_boundaries[float64]" time="0.003" /><testcase classname="src.cucim.skimage.segmentation.tests.test_boundaries" name="test_mark_boundaries_bool" time="0.002" /><testcase classname="src.cucim.skimage.segmentation.tests.test_boundaries" name="test_mark_boundaries_subpixel[float16]" time="2.630" /><testcase classname="src.cucim.skimage.segmentation.tests.test_boundaries" name="test_mark_boundaries_subpixel[float32]" time="0.003" /><testcase classname="src.cucim.skimage.segmentation.tests.test_boundaries" name="test_mark_boundaries_subpixel[float64]" time="0.660" /><testcase classname="src.cucim.skimage.segmentation.tests.test_chan_vese" name="test_chan_vese_flat_level_set[float32]" time="0.543" /><testcase classname="src.cucim.skimage.segmentation.tests.test_chan_vese" name="test_chan_vese_flat_level_set[float64]" time="0.586" /><testcase classname="src.cucim.skimage.segmentation.tests.test_chan_vese" name="test_chan_vese_small_disk_level_set" time="0.170" /><testcase classname="src.cucim.skimage.segmentation.tests.test_chan_vese" name="test_chan_vese_simple_shape" time="0.177" /><testcase classname="src.cucim.skimage.segmentation.tests.test_chan_vese" name="test_chan_vese_extended_output[uint8]" time="0.914" /><testcase classname="src.cucim.skimage.segmentation.tests.test_chan_vese" name="test_chan_vese_extended_output[float16]" time="0.315" /><testcase classname="src.cucim.skimage.segmentation.tests.test_chan_vese" name="test_chan_vese_extended_output[float32]" time="0.312" /><testcase classname="src.cucim.skimage.segmentation.tests.test_chan_vese" name="test_chan_vese_extended_output[float64]" time="0.873" /><testcase classname="src.cucim.skimage.segmentation.tests.test_chan_vese" name="test_chan_vese_remove_noise" time="0.112" /><testcase classname="src.cucim.skimage.segmentation.tests.test_chan_vese" name="test_chan_vese_incorrect_image_type" time="0.000" /><testcase classname="src.cucim.skimage.segmentation.tests.test_chan_vese" name="test_chan_vese_gap_closing" time="0.043" /><testcase classname="src.cucim.skimage.segmentation.tests.test_chan_vese" name="test_chan_vese_incorrect_level_set" time="0.000" /><testcase classname="src.cucim.skimage.segmentation.tests.test_chan_vese" name="test_chan_vese_blank_image" time="0.001" /><testcase classname="src.cucim.skimage.segmentation.tests.test_clear_border" name="test_clear_border" time="0.072" /><testcase classname="src.cucim.skimage.segmentation.tests.test_clear_border" name="test_clear_border_3d" time="0.203" /><testcase classname="src.cucim.skimage.segmentation.tests.test_clear_border" name="test_clear_border_non_binary" time="0.002" /><testcase classname="src.cucim.skimage.segmentation.tests.test_clear_border" name="test_clear_border_non_binary_3d" time="0.002" /><testcase classname="src.cucim.skimage.segmentation.tests.test_clear_border" name="test_clear_border_non_binary_inplace" time="0.002" /><testcase classname="src.cucim.skimage.segmentation.tests.test_clear_border" name="test_clear_border_non_binary_inplace_3d" time="0.002" /><testcase classname="src.cucim.skimage.segmentation.tests.test_clear_border" name="test_clear_border_non_binary_out" time="0.002" /><testcase classname="src.cucim.skimage.segmentation.tests.test_clear_border" name="test_clear_border_non_binary_out_3d" time="0.002" /><testcase classname="src.cucim.skimage.segmentation.tests.test_expand_labels" name="test_expand_labels[input_array0-expected_output0-3-1]" time="0.001" /><testcase classname="src.cucim.skimage.segmentation.tests.test_expand_labels" name="test_expand_labels[input_array1-expected_output1-3-1]" time="0.147" /><testcase classname="src.cucim.skimage.segmentation.tests.test_expand_labels" name="test_expand_labels[input_array2-expected_output2-1.5-1]" time="0.002" /><testcase classname="src.cucim.skimage.segmentation.tests.test_expand_labels" name="test_expand_labels[input_array3-expected_output3-3-1]" time="0.001" /><testcase classname="src.cucim.skimage.segmentation.tests.test_expand_labels" name="test_expand_labels[input_array4-expected_output4-4-1]" time="0.002" /><testcase classname="src.cucim.skimage.segmentation.tests.test_expand_labels" name="test_expand_labels[input_array5-expected_output5-2-1]" time="0.082" /><testcase classname="src.cucim.skimage.segmentation.tests.test_expand_labels" name="test_expand_labels[input_array6-expected_output6-1-spacing6]" time="0.002" /><testcase classname="src.cucim.skimage.segmentation.tests.test_expand_labels" name="test_binary_blobs[0-2]" time="1.616" /><testcase classname="src.cucim.skimage.segmentation.tests.test_expand_labels" name="test_binary_blobs[0-3]" time="0.096" /><testcase classname="src.cucim.skimage.segmentation.tests.test_expand_labels" name="test_binary_blobs[1-2]" time="0.005" /><testcase classname="src.cucim.skimage.segmentation.tests.test_expand_labels" name="test_binary_blobs[1-3]" time="0.006" /><testcase classname="src.cucim.skimage.segmentation.tests.test_expand_labels" name="test_binary_blobs[2-2]" time="0.005" /><testcase classname="src.cucim.skimage.segmentation.tests.test_expand_labels" name="test_binary_blobs[2-3]" time="0.005" /><testcase classname="src.cucim.skimage.segmentation.tests.test_expand_labels" name="test_binary_blobs[3-2]" time="0.004" /><testcase classname="src.cucim.skimage.segmentation.tests.test_expand_labels" name="test_binary_blobs[3-3]" time="0.005" /><testcase classname="src.cucim.skimage.segmentation.tests.test_expand_labels" name="test_binary_blobs[4-2]" time="0.004" /><testcase classname="src.cucim.skimage.segmentation.tests.test_expand_labels" name="test_binary_blobs[4-3]" time="0.005" /><testcase classname="src.cucim.skimage.segmentation.tests.test_expand_labels" name="test_binary_blobs[5-2]" time="0.004" /><testcase classname="src.cucim.skimage.segmentation.tests.test_expand_labels" name="test_binary_blobs[5-3]" time="0.005" /><testcase classname="src.cucim.skimage.segmentation.tests.test_expand_labels" name="test_edge_case_behaviour" time="0.188" /><testcase classname="src.cucim.skimage.segmentation.tests.test_join" name="test_join_segmentations" time="0.228" /><testcase classname="src.cucim.skimage.segmentation.tests.test_join" name="test_relabel_sequential_offset1" time="0.002" /><testcase classname="src.cucim.skimage.segmentation.tests.test_join" name="test_relabel_sequential_offset5" time="0.002" /><testcase classname="src.cucim.skimage.segmentation.tests.test_join" name="test_relabel_sequential_offset5_with0" time="0.002" /><testcase classname="src.cucim.skimage.segmentation.tests.test_join" name="test_relabel_sequential_dtype" time="0.071" /><testcase classname="src.cucim.skimage.segmentation.tests.test_join" name="test_relabel_sequential_signed_overflow" time="0.199" /><testcase classname="src.cucim.skimage.segmentation.tests.test_join" name="test_very_large_labels" time="0.072" /><testcase classname="src.cucim.skimage.segmentation.tests.test_join" name="test_relabel_sequential_int_dtype_stability[False-int8]" time="0.390" /><testcase classname="src.cucim.skimage.segmentation.tests.test_join" name="test_relabel_sequential_int_dtype_stability[False-int16]" time="0.257" /><testcase classname="src.cucim.skimage.segmentation.tests.test_join" name="test_relabel_sequential_int_dtype_stability[False-int32]" time="0.070" /><testcase classname="src.cucim.skimage.segmentation.tests.test_join" name="test_relabel_sequential_int_dtype_stability[False-int]" time="0.002" /><testcase classname="src.cucim.skimage.segmentation.tests.test_join" name="test_relabel_sequential_int_dtype_stability[False-longlong]" time="0.005" /><testcase classname="src.cucim.skimage.segmentation.tests.test_join" name="test_relabel_sequential_int_dtype_stability[False-uint8]" time="0.001" /><testcase classname="src.cucim.skimage.segmentation.tests.test_join" name="test_relabel_sequential_int_dtype_stability[False-uint16]" time="0.331" /><testcase classname="src.cucim.skimage.segmentation.tests.test_join" name="test_relabel_sequential_int_dtype_stability[False-uint32]" time="0.337" /><testcase classname="src.cucim.skimage.segmentation.tests.test_join" name="test_relabel_sequential_int_dtype_stability[False-uint64]" time="0.337" /><testcase classname="src.cucim.skimage.segmentation.tests.test_join" name="test_relabel_sequential_int_dtype_stability[False-ulonglong]" time="0.005" /><testcase classname="src.cucim.skimage.segmentation.tests.test_join" name="test_relabel_sequential_int_dtype_stability[True-int8]" time="0.001" /><testcase classname="src.cucim.skimage.segmentation.tests.test_join" name="test_relabel_sequential_int_dtype_stability[True-int16]" time="0.001" /><testcase classname="src.cucim.skimage.segmentation.tests.test_join" name="test_relabel_sequential_int_dtype_stability[True-int32]" time="0.002" /><testcase classname="src.cucim.skimage.segmentation.tests.test_join" name="test_relabel_sequential_int_dtype_stability[True-int]" time="0.001" /><testcase classname="src.cucim.skimage.segmentation.tests.test_join" name="test_relabel_sequential_int_dtype_stability[True-longlong]" time="0.001" /><testcase classname="src.cucim.skimage.segmentation.tests.test_join" name="test_relabel_sequential_int_dtype_stability[True-uint8]" time="0.001" /><testcase classname="src.cucim.skimage.segmentation.tests.test_join" name="test_relabel_sequential_int_dtype_stability[True-uint16]" time="0.001" /><testcase classname="src.cucim.skimage.segmentation.tests.test_join" name="test_relabel_sequential_int_dtype_stability[True-uint32]" time="0.001" /><testcase classname="src.cucim.skimage.segmentation.tests.test_join" name="test_relabel_sequential_int_dtype_stability[True-uint64]" time="0.001" /><testcase classname="src.cucim.skimage.segmentation.tests.test_join" name="test_relabel_sequential_int_dtype_stability[True-ulonglong]" time="0.001" /><testcase classname="src.cucim.skimage.segmentation.tests.test_join" name="test_relabel_sequential_int_dtype_overflow" time="0.203" /><testcase classname="src.cucim.skimage.segmentation.tests.test_join" name="test_relabel_sequential_negative_values" time="0.001" /><testcase classname="src.cucim.skimage.segmentation.tests.test_join" name="test_relabel_sequential_nonpositive_offset[False-0]" time="0.001" /><testcase classname="src.cucim.skimage.segmentation.tests.test_join" name="test_relabel_sequential_nonpositive_offset[False--3]" time="0.001" /><testcase classname="src.cucim.skimage.segmentation.tests.test_join" name="test_relabel_sequential_nonpositive_offset[True-0]" time="0.001" /><testcase classname="src.cucim.skimage.segmentation.tests.test_join" name="test_relabel_sequential_nonpositive_offset[True--3]" time="0.001" /><testcase classname="src.cucim.skimage.segmentation.tests.test_join" name="test_relabel_sequential_already_sequential[False-False-1]" time="0.002" /><testcase classname="src.cucim.skimage.segmentation.tests.test_join" name="test_relabel_sequential_already_sequential[False-False-5]" time="0.002" /><testcase classname="src.cucim.skimage.segmentation.tests.test_join" name="test_relabel_sequential_already_sequential[False-True-1]" time="0.002" /><testcase classname="src.cucim.skimage.segmentation.tests.test_join" name="test_relabel_sequential_already_sequential[False-True-5]" time="0.002" /><testcase classname="src.cucim.skimage.segmentation.tests.test_join" name="test_relabel_sequential_already_sequential[True-False-1]" time="0.002" /><testcase classname="src.cucim.skimage.segmentation.tests.test_join" name="test_relabel_sequential_already_sequential[True-False-5]" time="0.002" /><testcase classname="src.cucim.skimage.segmentation.tests.test_join" name="test_relabel_sequential_already_sequential[True-True-1]" time="0.002" /><testcase classname="src.cucim.skimage.segmentation.tests.test_join" name="test_relabel_sequential_already_sequential[True-True-5]" time="0.002" /><testcase classname="src.cucim.skimage.segmentation.tests.test_join" name="test_incorrect_input_dtype" time="0.001" /><testcase classname="src.cucim.skimage.segmentation.tests.test_join" name="test_arraymap_call" time="0.001" /><testcase classname="src.cucim.skimage.segmentation.tests.test_join" name="test_arraymap_len" time="0.001" /><testcase classname="src.cucim.skimage.segmentation.tests.test_join" name="test_arraymap_set" time="0.002" /><testcase classname="src.cucim.skimage.segmentation.tests.test_morphsnakes" name="test_morphsnakes_incorrect_image_shape" time="0.000" /><testcase classname="src.cucim.skimage.segmentation.tests.test_morphsnakes" name="test_morphsnakes_incorrect_ndim" time="0.000" /><testcase classname="src.cucim.skimage.segmentation.tests.test_morphsnakes" name="test_morphsnakes_black" time="5.053" /><testcase classname="src.cucim.skimage.segmentation.tests.test_morphsnakes" name="test_morphsnakes_simple_shape_chan_vese" time="0.182" /><testcase classname="src.cucim.skimage.segmentation.tests.test_morphsnakes" name="test_morphsnakes_simple_shape_geodesic_active_contour" time="0.983" /><testcase classname="src.cucim.skimage.segmentation.tests.test_morphsnakes" name="test_init_level_sets" time="0.133" /><testcase classname="src.cucim.skimage.segmentation.tests.test_morphsnakes" name="test_morphsnakes_3d" time="3.492" /><testcase classname="src.cucim.skimage.segmentation.tests.test_random_walker" name="test_2d_bf[float16]" time="5.625" /><testcase classname="src.cucim.skimage.segmentation.tests.test_random_walker" name="test_2d_bf[float32]" time="0.605" /><testcase classname="src.cucim.skimage.segmentation.tests.test_random_walker" name="test_2d_bf[float64]" time="1.877" /><testcase classname="src.cucim.skimage.segmentation.tests.test_random_walker" name="test_2d_cg[float16]" time="0.650" /><testcase classname="src.cucim.skimage.segmentation.tests.test_random_walker" name="test_2d_cg[float32]" time="0.352" /><testcase classname="src.cucim.skimage.segmentation.tests.test_random_walker" name="test_2d_cg[float64]" time="0.367" /><testcase classname="src.cucim.skimage.segmentation.tests.test_random_walker" name="test_2d_cg_mg[float16]" time="1.396" /><testcase classname="src.cucim.skimage.segmentation.tests.test_random_walker" name="test_2d_cg_mg[float32]" time="1.311" /><testcase classname="src.cucim.skimage.segmentation.tests.test_random_walker" name="test_2d_cg_mg[float64]" time="1.298" /><testcase classname="src.cucim.skimage.segmentation.tests.test_random_walker" name="test_2d_cg_j[float16]" time="1.293" /><testcase classname="src.cucim.skimage.segmentation.tests.test_random_walker" name="test_2d_cg_j[float32]" time="1.271" /><testcase classname="src.cucim.skimage.segmentation.tests.test_random_walker" name="test_2d_cg_j[float64]" time="1.258" /><testcase classname="src.cucim.skimage.segmentation.tests.test_random_walker" name="test_types" time="0.860" /><testcase classname="src.cucim.skimage.segmentation.tests.test_random_walker" name="test_reorder_labels" time="0.176" /><testcase classname="src.cucim.skimage.segmentation.tests.test_random_walker" name="test_reorder_labels_cg" time="0.182" /><testcase classname="src.cucim.skimage.segmentation.tests.test_random_walker" name="test_2d_inactive" time="0.713" /><testcase classname="src.cucim.skimage.segmentation.tests.test_random_walker" name="test_2d_laplacian_size" time="0.235" /><testcase classname="src.cucim.skimage.segmentation.tests.test_random_walker" name="test_3d[float32]" time="0.879" /><testcase classname="src.cucim.skimage.segmentation.tests.test_random_walker" name="test_3d[float64]" time="0.130" /><testcase classname="src.cucim.skimage.segmentation.tests.test_random_walker" name="test_3d_inactive" time="0.130" /><testcase classname="src.cucim.skimage.segmentation.tests.test_random_walker" name="test_multispectral_2d[float32-0]" time="0.607" /><testcase classname="src.cucim.skimage.segmentation.tests.test_random_walker" name="test_multispectral_2d[float32-1]" time="0.432" /><testcase classname="src.cucim.skimage.segmentation.tests.test_random_walker" name="test_multispectral_2d[float32--1]" time="0.446" /><testcase classname="src.cucim.skimage.segmentation.tests.test_random_walker" name="test_multispectral_2d[float64-0]" time="0.606" /><testcase classname="src.cucim.skimage.segmentation.tests.test_random_walker" name="test_multispectral_2d[float64-1]" time="0.442" /><testcase classname="src.cucim.skimage.segmentation.tests.test_random_walker" name="test_multispectral_2d[float64--1]" time="0.433" /><testcase classname="src.cucim.skimage.segmentation.tests.test_random_walker" name="test_multispectral_3d[float32]" time="0.274" /><testcase classname="src.cucim.skimage.segmentation.tests.test_random_walker" name="test_multispectral_3d[float64]" time="0.265" /><testcase classname="src.cucim.skimage.segmentation.tests.test_random_walker" name="test_spacing_0" time="0.210" /><testcase classname="src.cucim.skimage.segmentation.tests.test_random_walker" name="test_spacing_1" time="0.390" /><testcase classname="src.cucim.skimage.segmentation.tests.test_random_walker" name="test_trivial_cases" time="0.360" /><testcase classname="src.cucim.skimage.segmentation.tests.test_random_walker" name="test_length2_spacing" time="2.050" /><testcase classname="src.cucim.skimage.segmentation.tests.test_random_walker" name="test_bad_inputs" time="0.001" /><testcase classname="src.cucim.skimage.segmentation.tests.test_random_walker" name="test_isolated_seeds" time="0.077" /><testcase classname="src.cucim.skimage.segmentation.tests.test_random_walker" name="test_isolated_area" time="0.063" /><testcase classname="src.cucim.skimage.segmentation.tests.test_random_walker" name="test_prob_tol" time="0.123" /><testcase classname="src.cucim.skimage.transform.tests.test_geometric" name="test_estimate_transform" time="2.542" /><testcase classname="src.cucim.skimage.transform.tests.test_geometric" name="test_matrix_transform" time="0.002" /><testcase classname="src.cucim.skimage.transform.tests.test_geometric" name="test_euclidean_estimation" time="0.008" /><testcase classname="src.cucim.skimage.transform.tests.test_geometric" name="test_3d_euclidean_estimation" time="0.119" /><testcase classname="src.cucim.skimage.transform.tests.test_geometric" name="test_euclidean_init" time="0.002" /><testcase classname="src.cucim.skimage.transform.tests.test_geometric" name="test_similarity_estimation" time="0.009" /><testcase classname="src.cucim.skimage.transform.tests.test_geometric" name="test_3d_similarity_estimation" time="0.185" /><testcase classname="src.cucim.skimage.transform.tests.test_geometric" name="test_similarity_init" time="0.003" /><testcase classname="src.cucim.skimage.transform.tests.test_geometric" name="test_affine_estimation" time="0.077" /><testcase classname="src.cucim.skimage.transform.tests.test_geometric" name="test_affine_init" time="0.003" /><testcase classname="src.cucim.skimage.transform.tests.test_geometric" name="test_affine_shear[numpy]" time="0.001" /><testcase classname="src.cucim.skimage.transform.tests.test_geometric" name="test_affine_shear[cupy]" time="0.001" /><testcase classname="src.cucim.skimage.transform.tests.test_geometric" name="test_piecewise_affine" time="0.260" /><testcase classname="src.cucim.skimage.transform.tests.test_geometric" name="test_fundamental_matrix_estimation[numpy]" time="0.001" /><testcase classname="src.cucim.skimage.transform.tests.test_geometric" name="test_fundamental_matrix_estimation[cupy]" time="0.003" /><testcase classname="src.cucim.skimage.transform.tests.test_geometric" name="test_fundamental_matrix_residuals[numpy]" time="0.001" /><testcase classname="src.cucim.skimage.transform.tests.test_geometric" name="test_fundamental_matrix_residuals[cupy]" time="0.071" /><testcase classname="src.cucim.skimage.transform.tests.test_geometric" name="test_fundamental_matrix_forward[numpy]" time="0.001" /><testcase classname="src.cucim.skimage.transform.tests.test_geometric" name="test_fundamental_matrix_forward[cupy]" time="0.002" /><testcase classname="src.cucim.skimage.transform.tests.test_geometric" name="test_fundamental_matrix_inverse[numpy]" time="0.001" /><testcase classname="src.cucim.skimage.transform.tests.test_geometric" name="test_fundamental_matrix_inverse[cupy]" time="0.002" /><testcase classname="src.cucim.skimage.transform.tests.test_geometric" name="test_essential_matrix_init[numpy]" time="0.001" /><testcase classname="src.cucim.skimage.transform.tests.test_geometric" name="test_essential_matrix_init[cupy]" time="0.002" /><testcase classname="src.cucim.skimage.transform.tests.test_geometric" name="test_essential_matrix_estimation[numpy]" time="0.001" /><testcase classname="src.cucim.skimage.transform.tests.test_geometric" name="test_essential_matrix_estimation[cupy]" time="0.003" /><testcase classname="src.cucim.skimage.transform.tests.test_geometric" name="test_essential_matrix_forward[numpy]" time="0.001" /><testcase classname="src.cucim.skimage.transform.tests.test_geometric" name="test_essential_matrix_forward[cupy]" time="0.002" /><testcase classname="src.cucim.skimage.transform.tests.test_geometric" name="test_essential_matrix_inverse[numpy]" time="0.001" /><testcase classname="src.cucim.skimage.transform.tests.test_geometric" name="test_essential_matrix_inverse[cupy]" time="0.002" /><testcase classname="src.cucim.skimage.transform.tests.test_geometric" name="test_essential_matrix_residuals[numpy]" time="0.001" /><testcase classname="src.cucim.skimage.transform.tests.test_geometric" name="test_essential_matrix_residuals[cupy]" time="0.002" /><testcase classname="src.cucim.skimage.transform.tests.test_geometric" name="test_projective_estimation" time="0.009" /><testcase classname="src.cucim.skimage.transform.tests.test_geometric" name="test_projective_weighted_estimation" time="0.017" /><testcase classname="src.cucim.skimage.transform.tests.test_geometric" name="test_projective_init" time="0.003" /><testcase classname="src.cucim.skimage.transform.tests.test_geometric" name="test_polynomial_estimation" time="0.091" /><testcase classname="src.cucim.skimage.transform.tests.test_geometric" name="test_polynomial_weighted_estimation" time="0.031" /><testcase classname="src.cucim.skimage.transform.tests.test_geometric" name="test_polynomial_init" time="0.007" /><testcase classname="src.cucim.skimage.transform.tests.test_geometric" name="test_polynomial_default_order" time="0.004" /><testcase classname="src.cucim.skimage.transform.tests.test_geometric" name="test_polynomial_inverse" time="0.000" /><testcase classname="src.cucim.skimage.transform.tests.test_geometric" name="test_union" time="0.003" /><testcase classname="src.cucim.skimage.transform.tests.test_geometric" name="test_union_differing_types" time="0.001" /><testcase classname="src.cucim.skimage.transform.tests.test_geometric" name="test_geometric_tform[numpy]" time="0.001" /><testcase classname="src.cucim.skimage.transform.tests.test_geometric" name="test_geometric_tform[cupy]" time="0.246" /><testcase classname="src.cucim.skimage.transform.tests.test_geometric" name="test_invalid_input[numpy]" time="0.001" /><testcase classname="src.cucim.skimage.transform.tests.test_geometric" name="test_invalid_input[cupy]" time="0.003" /><testcase classname="src.cucim.skimage.transform.tests.test_geometric" name="test_degenerate" time="0.159" /><testcase classname="src.cucim.skimage.transform.tests.test_geometric" name="test_normalize_degenerate_points[numpy]" time="0.001" /><testcase classname="src.cucim.skimage.transform.tests.test_geometric" name="test_normalize_degenerate_points[cupy]" time="0.001" /><testcase classname="src.cucim.skimage.transform.tests.test_geometric" name="test_projective_repr[numpy]" time="0.002" /><testcase classname="src.cucim.skimage.transform.tests.test_geometric" name="test_projective_repr[cupy]" time="0.001" /><testcase classname="src.cucim.skimage.transform.tests.test_geometric" name="test_projective_str[numpy]" time="0.001" /><testcase classname="src.cucim.skimage.transform.tests.test_geometric" name="test_projective_str[cupy]" time="0.001" /><testcase classname="src.cucim.skimage.transform.tests.test_geometric" name="test_estimate_affine_3d[numpy]" time="0.003" /><testcase classname="src.cucim.skimage.transform.tests.test_geometric" name="test_estimate_affine_3d[cupy]" time="0.020" /><testcase classname="src.cucim.skimage.transform.tests.test_geometric" name="test_fundamental_3d_not_implemented" time="0.000" /><testcase classname="src.cucim.skimage.transform.tests.test_geometric" name="test_affine_transform_from_linearized_parameters" time="0.001" /><testcase classname="src.cucim.skimage.transform.tests.test_geometric" name="test_affine_params_nD_error" time="0.000" /><testcase classname="src.cucim.skimage.transform.tests.test_geometric" name="test_euler_rotation" time="0.001" /><testcase classname="src.cucim.skimage.transform.tests.test_geometric" name="test_euclidean_param_defaults[numpy]" time="0.002" /><testcase classname="src.cucim.skimage.transform.tests.test_geometric" name="test_euclidean_param_defaults[cupy]" time="0.002" /><testcase classname="src.cucim.skimage.transform.tests.test_geometric" name="test_similarity_transform_params[numpy]" time="0.001" /><testcase classname="src.cucim.skimage.transform.tests.test_geometric" name="test_similarity_transform_params[cupy]" time="0.002" /><testcase classname="src.cucim.skimage.transform.tests.test_geometric" name="test_euler_angle_consistency[numpy]" time="0.001" /><testcase classname="src.cucim.skimage.transform.tests.test_geometric" name="test_euler_angle_consistency[cupy]" time="0.001" /><testcase classname="src.cucim.skimage.transform.tests.test_geometric" name="test_2D_only_implementations[numpy]" time="0.001" /><testcase classname="src.cucim.skimage.transform.tests.test_geometric" name="test_2D_only_implementations[cupy]" time="0.001" /><testcase classname="src.cucim.skimage.transform.tests.test_integral" name="test_integral_image_validity[False-float16]" time="1.912" /><testcase classname="src.cucim.skimage.transform.tests.test_integral" name="test_integral_image_validity[False-float32]" time="1.876" /><testcase classname="src.cucim.skimage.transform.tests.test_integral" name="test_integral_image_validity[False-float64]" time="0.001" /><testcase classname="src.cucim.skimage.transform.tests.test_integral" name="test_integral_image_validity[False-uint8]" time="0.063" /><testcase classname="src.cucim.skimage.transform.tests.test_integral" name="test_integral_image_validity[False-int32]" time="1.964" /><testcase classname="src.cucim.skimage.transform.tests.test_integral" name="test_integral_image_validity[True-float16]" time="0.165" /><testcase classname="src.cucim.skimage.transform.tests.test_integral" name="test_integral_image_validity[True-float32]" time="0.169" /><testcase classname="src.cucim.skimage.transform.tests.test_integral" name="test_integral_image_validity[True-float64]" time="0.001" /><testcase classname="src.cucim.skimage.transform.tests.test_integral" name="test_integral_image_validity[True-uint8]" time="0.160" /><testcase classname="src.cucim.skimage.transform.tests.test_integral" name="test_integral_image_validity[True-int32]" time="0.233" /><testcase classname="src.cucim.skimage.transform.tests.test_integral" name="test_basic" time="0.079" /><testcase classname="src.cucim.skimage.transform.tests.test_integral" name="test_single" time="0.001" /><testcase classname="src.cucim.skimage.transform.tests.test_integral" name="test_vectorized_integrate" time="0.002" /><testcase classname="src.cucim.skimage.transform.tests.test_pyramids" name="test_pyramid_reduce_rgb[0]" time="0.158" /><testcase classname="src.cucim.skimage.transform.tests.test_pyramids" name="test_pyramid_reduce_rgb[1]" time="0.212" /><testcase classname="src.cucim.skimage.transform.tests.test_pyramids" name="test_pyramid_reduce_rgb[-1]" time="0.152" /><testcase classname="src.cucim.skimage.transform.tests.test_pyramids" name="test_pyramid_reduce_gray" time="0.105" /><testcase classname="src.cucim.skimage.transform.tests.test_pyramids" name="test_pyramid_reduce_gray_defaults" time="0.065" /><testcase classname="src.cucim.skimage.transform.tests.test_pyramids" name="test_pyramid_reduce_nd" time="3.888" /><testcase classname="src.cucim.skimage.transform.tests.test_pyramids" name="test_pyramid_expand_rgb[0]" time="0.143" /><testcase classname="src.cucim.skimage.transform.tests.test_pyramids" name="test_pyramid_expand_rgb[1]" time="0.142" /><testcase classname="src.cucim.skimage.transform.tests.test_pyramids" name="test_pyramid_expand_rgb[2]" time="0.143" /><testcase classname="src.cucim.skimage.transform.tests.test_pyramids" name="test_pyramid_expand_rgb[-1]" time="0.009" /><testcase classname="src.cucim.skimage.transform.tests.test_pyramids" name="test_pyramid_expand_rgb[-2]" time="0.008" /><testcase classname="src.cucim.skimage.transform.tests.test_pyramids" name="test_pyramid_expand_rgb[-3]" time="0.008" /><testcase classname="src.cucim.skimage.transform.tests.test_pyramids" name="test_pyramid_expand_gray" time="0.099" /><testcase classname="src.cucim.skimage.transform.tests.test_pyramids" name="test_pyramid_expand_nd" time="0.428" /><testcase classname="src.cucim.skimage.transform.tests.test_pyramids" name="test_build_gaussian_pyramid_rgb[0]" time="1.050" /><testcase classname="src.cucim.skimage.transform.tests.test_pyramids" name="test_build_gaussian_pyramid_rgb[1]" time="1.159" /><testcase classname="src.cucim.skimage.transform.tests.test_pyramids" name="test_build_gaussian_pyramid_rgb[2]" time="1.136" /><testcase classname="src.cucim.skimage.transform.tests.test_pyramids" name="test_build_gaussian_pyramid_rgb[-1]" time="0.014" /><testcase classname="src.cucim.skimage.transform.tests.test_pyramids" name="test_build_gaussian_pyramid_rgb[-2]" time="0.013" /><testcase classname="src.cucim.skimage.transform.tests.test_pyramids" name="test_build_gaussian_pyramid_rgb[-3]" time="0.012" /><testcase classname="src.cucim.skimage.transform.tests.test_pyramids" name="test_build_gaussian_pyramid_gray" time="0.527" /><testcase classname="src.cucim.skimage.transform.tests.test_pyramids" name="test_build_gaussian_pyramid_gray_defaults" time="0.006" /><testcase classname="src.cucim.skimage.transform.tests.test_pyramids" name="test_build_gaussian_pyramid_nd" time="0.924" /><testcase classname="src.cucim.skimage.transform.tests.test_pyramids" name="test_build_laplacian_pyramid_rgb[0]" time="0.013" /><testcase classname="src.cucim.skimage.transform.tests.test_pyramids" name="test_build_laplacian_pyramid_rgb[1]" time="0.012" /><testcase classname="src.cucim.skimage.transform.tests.test_pyramids" name="test_build_laplacian_pyramid_rgb[2]" time="0.013" /><testcase classname="src.cucim.skimage.transform.tests.test_pyramids" name="test_build_laplacian_pyramid_rgb[-1]" time="0.012" /><testcase classname="src.cucim.skimage.transform.tests.test_pyramids" name="test_build_laplacian_pyramid_rgb[-2]" time="0.010" /><testcase classname="src.cucim.skimage.transform.tests.test_pyramids" name="test_build_laplacian_pyramid_rgb[-3]" time="0.012" /><testcase classname="src.cucim.skimage.transform.tests.test_pyramids" name="test_build_laplacian_pyramid_defaults" time="0.005" /><testcase classname="src.cucim.skimage.transform.tests.test_pyramids" name="test_build_laplacian_pyramid_nd" time="0.012" /><testcase classname="src.cucim.skimage.transform.tests.test_pyramids" name="test_laplacian_pyramid_max_layers[0]" time="3.982" /><testcase classname="src.cucim.skimage.transform.tests.test_pyramids" name="test_laplacian_pyramid_max_layers[1]" time="0.993" /><testcase classname="src.cucim.skimage.transform.tests.test_pyramids" name="test_laplacian_pyramid_max_layers[2]" time="1.122" /><testcase classname="src.cucim.skimage.transform.tests.test_pyramids" name="test_laplacian_pyramid_max_layers[-1]" time="0.008" /><testcase classname="src.cucim.skimage.transform.tests.test_pyramids" name="test_laplacian_pyramid_max_layers[-2]" time="0.008" /><testcase classname="src.cucim.skimage.transform.tests.test_pyramids" name="test_laplacian_pyramid_max_layers[-3]" time="0.007" /><testcase classname="src.cucim.skimage.transform.tests.test_pyramids" name="test_check_factor" time="0.000" /><testcase classname="src.cucim.skimage.transform.tests.test_pyramids" name="test_pyramid_dtype_support[pyramid_gaussian-float16]" time="0.435" /><testcase classname="src.cucim.skimage.transform.tests.test_pyramids" name="test_pyramid_dtype_support[pyramid_gaussian-float32]" time="0.003" /><testcase classname="src.cucim.skimage.transform.tests.test_pyramids" name="test_pyramid_dtype_support[pyramid_gaussian-float64]" time="0.414" /><testcase classname="src.cucim.skimage.transform.tests.test_pyramids" name="test_pyramid_dtype_support[pyramid_gaussian-uint8]" time="0.003" /><testcase classname="src.cucim.skimage.transform.tests.test_pyramids" name="test_pyramid_dtype_support[pyramid_gaussian-int64]" time="0.003" /><testcase classname="src.cucim.skimage.transform.tests.test_pyramids" name="test_pyramid_dtype_support[pyramid_laplacian-float16]" time="0.003" /><testcase classname="src.cucim.skimage.transform.tests.test_pyramids" name="test_pyramid_dtype_support[pyramid_laplacian-float32]" time="0.003" /><testcase classname="src.cucim.skimage.transform.tests.test_pyramids" name="test_pyramid_dtype_support[pyramid_laplacian-float64]" time="0.003" /><testcase classname="src.cucim.skimage.transform.tests.test_pyramids" name="test_pyramid_dtype_support[pyramid_laplacian-uint8]" time="0.003" /><testcase classname="src.cucim.skimage.transform.tests.test_pyramids" name="test_pyramid_dtype_support[pyramid_laplacian-int64]" time="0.003" /><testcase classname="src.cucim.skimage.transform.tests.test_warps" name="test_stackcopy" time="0.002" /><testcase classname="src.cucim.skimage.transform.tests.test_warps" name="test_warp_tform" time="0.090" /><testcase classname="src.cucim.skimage.transform.tests.test_warps" name="test_warp_callable" time="0.072" /><testcase classname="src.cucim.skimage.transform.tests.test_warps" name="test_warp_matrix" time="0.558" /><testcase classname="src.cucim.skimage.transform.tests.test_warps" name="test_warp_nd" time="0.460" /><testcase classname="src.cucim.skimage.transform.tests.test_warps" name="test_warp_clip" time="0.400" /><testcase classname="src.cucim.skimage.transform.tests.test_warps" name="test_warp_clip_image_containing_nans[0]" time="8.159" /><testcase classname="src.cucim.skimage.transform.tests.test_warps" name="test_warp_clip_image_containing_nans[1]" time="0.093" /><testcase classname="src.cucim.skimage.transform.tests.test_warps" name="test_warp_clip_cval_is_nan[0]" time="0.076" /><testcase classname="src.cucim.skimage.transform.tests.test_warps" name="test_warp_clip_cval_is_nan[1]" time="0.086" /><testcase classname="src.cucim.skimage.transform.tests.test_warps" name="test_warp_clip_cval_outside_input_range[0]" time="0.002" /><testcase classname="src.cucim.skimage.transform.tests.test_warps" name="test_warp_clip_cval_outside_input_range[1]" time="0.002" /><testcase classname="src.cucim.skimage.transform.tests.test_warps" name="test_warp_clip_cval_outside_input_range[2]" time="0.377" /><testcase classname="src.cucim.skimage.transform.tests.test_warps" name="test_warp_clip_cval_outside_input_range[3]" time="0.111" /><testcase classname="src.cucim.skimage.transform.tests.test_warps" name="test_warp_clip_cval_outside_input_range[4]" time="0.549" /><testcase classname="src.cucim.skimage.transform.tests.test_warps" name="test_warp_clip_cval_outside_input_range[5]" time="0.134" /><testcase classname="src.cucim.skimage.transform.tests.test_warps" name="test_warp_clip_cval_not_used[0]" time="0.071" /><testcase classname="src.cucim.skimage.transform.tests.test_warps" name="test_warp_clip_cval_not_used[1]" time="0.084" /><testcase classname="src.cucim.skimage.transform.tests.test_warps" name="test_warp_clip_cval_not_used[2]" time="0.088" /><testcase classname="src.cucim.skimage.transform.tests.test_warps" name="test_warp_clip_cval_not_used[3]" time="0.202" /><testcase classname="src.cucim.skimage.transform.tests.test_warps" name="test_warp_clip_cval_not_used[4]" time="0.124" /><testcase classname="src.cucim.skimage.transform.tests.test_warps" name="test_warp_clip_cval_not_used[5]" time="0.141" /><testcase classname="src.cucim.skimage.transform.tests.test_warps" name="test_homography" time="0.003" /><testcase classname="src.cucim.skimage.transform.tests.test_warps" name="test_rotate[float16]" time="0.159" /><testcase classname="src.cucim.skimage.transform.tests.test_warps" name="test_rotate[float32]" time="0.002" /><testcase classname="src.cucim.skimage.transform.tests.test_warps" name="test_rotate[float64]" time="0.087" /><testcase classname="src.cucim.skimage.transform.tests.test_warps" name="test_rotate_resize" time="0.173" /><testcase classname="src.cucim.skimage.transform.tests.test_warps" name="test_rotate_center" time="0.073" /><testcase classname="src.cucim.skimage.transform.tests.test_warps" name="test_rotate_resize_center" time="0.074" /><testcase classname="src.cucim.skimage.transform.tests.test_warps" name="test_rotate_resize_90" time="0.089" /><testcase classname="src.cucim.skimage.transform.tests.test_warps" name="test_rotate_nd[2-False-float16]" time="0.002" /><testcase classname="src.cucim.skimage.transform.tests.test_warps" name="test_rotate_nd[2-False-float32]" time="0.001" /><testcase classname="src.cucim.skimage.transform.tests.test_warps" name="test_rotate_nd[2-False-float64]" time="0.001" /><testcase classname="src.cucim.skimage.transform.tests.test_warps" name="test_rotate_nd[2-True-float16]" time="0.091" /><testcase classname="src.cucim.skimage.transform.tests.test_warps" name="test_rotate_nd[2-True-float32]" time="0.002" /><testcase classname="src.cucim.skimage.transform.tests.test_warps" name="test_rotate_nd[2-True-float64]" time="0.087" /><testcase classname="src.cucim.skimage.transform.tests.test_warps" name="test_rotate_nd[3-False-float16]" time="0.093" /><testcase classname="src.cucim.skimage.transform.tests.test_warps" name="test_rotate_nd[3-False-float32]" time="0.001" /><testcase classname="src.cucim.skimage.transform.tests.test_warps" name="test_rotate_nd[3-False-float64]" time="0.096" /><testcase classname="src.cucim.skimage.transform.tests.test_warps" name="test_rotate_nd[3-True-float16]" time="0.096" /><testcase classname="src.cucim.skimage.transform.tests.test_warps" name="test_rotate_nd[3-True-float32]" time="0.002" /><testcase classname="src.cucim.skimage.transform.tests.test_warps" name="test_rotate_nd[3-True-float64]" time="0.094" /><testcase classname="src.cucim.skimage.transform.tests.test_warps" name="test_rotate_nd[4-False-float16]" time="0.108" /><testcase classname="src.cucim.skimage.transform.tests.test_warps" name="test_rotate_nd[4-False-float32]" time="0.001" /><testcase classname="src.cucim.skimage.transform.tests.test_warps" name="test_rotate_nd[4-False-float64]" time="0.104" /><testcase classname="src.cucim.skimage.transform.tests.test_warps" name="test_rotate_nd[4-True-float16]" time="0.109" /><testcase classname="src.cucim.skimage.transform.tests.test_warps" name="test_rotate_nd[4-True-float32]" time="0.002" /><testcase classname="src.cucim.skimage.transform.tests.test_warps" name="test_rotate_nd[4-True-float64]" time="0.105" /><testcase classname="src.cucim.skimage.transform.tests.test_warps" name="test_rescale" time="0.148" /><testcase classname="src.cucim.skimage.transform.tests.test_warps" name="test_rescale_invalid_scale" time="0.001" /><testcase classname="src.cucim.skimage.transform.tests.test_warps" name="test_rescale_multichannel" time="0.440" /><testcase classname="src.cucim.skimage.transform.tests.test_warps" name="test_rescale_channel_axis_multiscale[0]" time="0.074" /><testcase classname="src.cucim.skimage.transform.tests.test_warps" name="test_rescale_channel_axis_multiscale[1]" time="0.001" /><testcase classname="src.cucim.skimage.transform.tests.test_warps" name="test_rescale_channel_axis_multiscale[2]" time="0.001" /><testcase classname="src.cucim.skimage.transform.tests.test_warps" name="test_rescale_channel_axis_multiscale[-1]" time="0.001" /><testcase classname="src.cucim.skimage.transform.tests.test_warps" name="test_rescale_multichannel_defaults" time="0.001" /><testcase classname="src.cucim.skimage.transform.tests.test_warps" name="test_resize2d" time="0.001" /><testcase classname="src.cucim.skimage.transform.tests.test_warps" name="test_resize3d_keep" time="0.076" /><testcase classname="src.cucim.skimage.transform.tests.test_warps" name="test_resize3d_resize" time="0.073" /><testcase classname="src.cucim.skimage.transform.tests.test_warps" name="test_resize3d_2din_3dout" time="0.001" /><testcase classname="src.cucim.skimage.transform.tests.test_warps" name="test_resize2d_4d" time="0.076" /><testcase classname="src.cucim.skimage.transform.tests.test_warps" name="test_resize_nd" time="0.439" /><testcase classname="src.cucim.skimage.transform.tests.test_warps" name="test_resize3d_bilinear" time="0.096" /><testcase classname="src.cucim.skimage.transform.tests.test_warps" name="test_resize_dtype" time="0.295" /><testcase classname="src.cucim.skimage.transform.tests.test_warps" name="test_resize_clip[float64-True-True-0]" time="3.492" /><testcase classname="src.cucim.skimage.transform.tests.test_warps" name="test_resize_clip[float64-True-True-1]" time="0.108" /><testcase classname="src.cucim.skimage.transform.tests.test_warps" name="test_resize_clip[float64-True-False-0]" time="0.002" /><testcase classname="src.cucim.skimage.transform.tests.test_warps" name="test_resize_clip[float64-True-False-1]" time="0.002" /><testcase classname="src.cucim.skimage.transform.tests.test_warps" name="test_resize_clip[float64-False-True-0]" time="0.001" /><testcase classname="src.cucim.skimage.transform.tests.test_warps" name="test_resize_clip[float64-False-True-1]" time="0.001" /><testcase classname="src.cucim.skimage.transform.tests.test_warps" name="test_resize_clip[float64-False-False-0]" time="0.001" /><testcase classname="src.cucim.skimage.transform.tests.test_warps" name="test_resize_clip[float64-False-False-1]" time="0.001" /><testcase classname="src.cucim.skimage.transform.tests.test_warps" name="test_resize_clip[uint8-True-True-0]" time="3.470" /><testcase classname="src.cucim.skimage.transform.tests.test_warps" name="test_resize_clip[uint8-True-True-1]" time="3.551" /><testcase classname="src.cucim.skimage.transform.tests.test_warps" name="test_resize_clip[uint8-True-False-0]" time="0.002" /><testcase classname="src.cucim.skimage.transform.tests.test_warps" name="test_resize_clip[uint8-True-False-1]" time="0.001" /><testcase classname="src.cucim.skimage.transform.tests.test_warps" name="test_resize_clip[uint8-False-True-0]" time="0.001" /><testcase classname="src.cucim.skimage.transform.tests.test_warps" name="test_resize_clip[uint8-False-True-1]" time="0.001" /><testcase classname="src.cucim.skimage.transform.tests.test_warps" name="test_resize_clip[uint8-False-False-0]" time="0.001" /><testcase classname="src.cucim.skimage.transform.tests.test_warps" name="test_resize_clip[uint8-False-False-1]" time="0.001" /><testcase classname="src.cucim.skimage.transform.tests.test_warps" name="test_swirl[float16]" time="0.490" /><testcase classname="src.cucim.skimage.transform.tests.test_warps" name="test_swirl[float32]" time="0.006" /><testcase classname="src.cucim.skimage.transform.tests.test_warps" name="test_swirl[float64]" time="0.402" /><testcase classname="src.cucim.skimage.transform.tests.test_warps" name="test_const_cval_out_of_range" time="0.090" /><testcase classname="src.cucim.skimage.transform.tests.test_warps" name="test_warp_identity" time="0.197" /><testcase classname="src.cucim.skimage.transform.tests.test_warps" name="test_warp_coords_example" time="0.408" /><testcase classname="src.cucim.skimage.transform.tests.test_warps" name="test_downsize[uint8]" time="0.073" /><testcase classname="src.cucim.skimage.transform.tests.test_warps" name="test_downsize[int32]" time="2.044" /><testcase classname="src.cucim.skimage.transform.tests.test_warps" name="test_downsize[float16]" time="0.075" /><testcase classname="src.cucim.skimage.transform.tests.test_warps" name="test_downsize[float32]" time="0.001" /><testcase classname="src.cucim.skimage.transform.tests.test_warps" name="test_downsize[float64]" time="0.073" /><testcase classname="src.cucim.skimage.transform.tests.test_warps" name="test_downsize_anti_aliasing" time="4.649" /><testcase classname="src.cucim.skimage.transform.tests.test_warps" name="test_downsize_anti_aliasing_invalid_stddev" time="1.539" /><testcase classname="src.cucim.skimage.transform.tests.test_warps" name="test_downscale[uint8]" time="0.002" /><testcase classname="src.cucim.skimage.transform.tests.test_warps" name="test_downscale[int32]" time="0.001" /><testcase classname="src.cucim.skimage.transform.tests.test_warps" name="test_downscale[float16]" time="0.001" /><testcase classname="src.cucim.skimage.transform.tests.test_warps" name="test_downscale[float32]" time="0.001" /><testcase classname="src.cucim.skimage.transform.tests.test_warps" name="test_downscale[float64]" time="0.001" /><testcase classname="src.cucim.skimage.transform.tests.test_warps" name="test_downscale_anti_aliasing" time="0.002" /><testcase classname="src.cucim.skimage.transform.tests.test_warps" name="test_downscale_to_the_limit" time="0.738" /><testcase classname="src.cucim.skimage.transform.tests.test_warps" name="test_downscale_local_mean[uint8]" time="0.112" /><testcase classname="src.cucim.skimage.transform.tests.test_warps" name="test_downscale_local_mean[int32]" time="0.187" /><testcase classname="src.cucim.skimage.transform.tests.test_warps" name="test_downscale_local_mean[float16]" time="0.170" /><testcase classname="src.cucim.skimage.transform.tests.test_warps" name="test_downscale_local_mean[float32]" time="0.001" /><testcase classname="src.cucim.skimage.transform.tests.test_warps" name="test_downscale_local_mean[float64]" time="0.101" /><testcase classname="src.cucim.skimage.transform.tests.test_warps" name="test_invalid" time="0.001" /><testcase classname="src.cucim.skimage.transform.tests.test_warps" name="test_inverse" time="0.089" /><testcase classname="src.cucim.skimage.transform.tests.test_warps" name="test_slow_warp_nonint_oshape" time="0.086" /><testcase classname="src.cucim.skimage.transform.tests.test_warps" name="test_keep_range" time="0.149" /><testcase classname="src.cucim.skimage.transform.tests.test_warps" name="test_zero_image_size" time="0.001" /><testcase classname="src.cucim.skimage.transform.tests.test_warps" name="test_linear_polar_mapping" time="0.147" /><testcase classname="src.cucim.skimage.transform.tests.test_warps" name="test_log_polar_mapping" time="0.151" /><testcase classname="src.cucim.skimage.transform.tests.test_warps" name="test_linear_warp_polar[float16]" time="0.871" /><testcase classname="src.cucim.skimage.transform.tests.test_warps" name="test_linear_warp_polar[float32]" time="0.004" /><testcase classname="src.cucim.skimage.transform.tests.test_warps" name="test_linear_warp_polar[float64]" time="0.785" /><testcase classname="src.cucim.skimage.transform.tests.test_warps" name="test_log_warp_polar[float16]" time="0.095" /><testcase classname="src.cucim.skimage.transform.tests.test_warps" name="test_log_warp_polar[float32]" time="0.004" /><testcase classname="src.cucim.skimage.transform.tests.test_warps" name="test_log_warp_polar[float64]" time="0.088" /><testcase classname="src.cucim.skimage.transform.tests.test_warps" name="test_invalid_scaling_polar" time="0.001" /><testcase classname="src.cucim.skimage.transform.tests.test_warps" name="test_invalid_dimensions_polar" time="0.000" /><testcase classname="src.cucim.skimage.transform.tests.test_warps" name="test_bool_img_rescale" time="0.083" /><testcase classname="src.cucim.skimage.transform.tests.test_warps" name="test_bool_img_resize" time="0.001" /><testcase classname="src.cucim.skimage.transform.tests.test_warps" name="test_bool_and_anti_aliasing_errors" time="0.000" /><testcase classname="src.cucim.skimage.transform.tests.test_warps" name="test_bool_nonzero_order_errors[1]" time="0.001" /><testcase classname="src.cucim.skimage.transform.tests.test_warps" name="test_bool_nonzero_order_errors[2]" time="0.001" /><testcase classname="src.cucim.skimage.transform.tests.test_warps" name="test_bool_nonzero_order_errors[3]" time="0.001" /><testcase classname="src.cucim.skimage.transform.tests.test_warps" name="test_bool_nonzero_order_errors[4]" time="0.001" /><testcase classname="src.cucim.skimage.transform.tests.test_warps" name="test_bool_nonzero_order_errors[5]" time="0.001" /><testcase classname="src.cucim.skimage.transform.tests.test_warps" name="test_order_0_warp_dtype[uint8]" time="0.409" /><testcase classname="src.cucim.skimage.transform.tests.test_warps" name="test_order_0_warp_dtype[bool]" time="0.472" /><testcase classname="src.cucim.skimage.transform.tests.test_warps" name="test_order_0_warp_dtype[float32]" time="1.887" /><testcase classname="src.cucim.skimage.transform.tests.test_warps" name="test_order_0_warp_dtype[float64]" time="1.821" /><testcase classname="src.cucim.skimage.transform.tests.test_warps" name="test_nonzero_order_warp_dtype[1-uint8]" time="0.524" /><testcase classname="src.cucim.skimage.transform.tests.test_warps" name="test_nonzero_order_warp_dtype[1-float16]" time="0.078" /><testcase classname="src.cucim.skimage.transform.tests.test_warps" name="test_nonzero_order_warp_dtype[1-float32]" time="0.011" /><testcase classname="src.cucim.skimage.transform.tests.test_warps" name="test_nonzero_order_warp_dtype[1-float64]" time="0.322" /><testcase classname="src.cucim.skimage.transform.tests.test_warps" name="test_nonzero_order_warp_dtype[3-uint8]" time="1.114" /><testcase classname="src.cucim.skimage.transform.tests.test_warps" name="test_nonzero_order_warp_dtype[3-float16]" time="0.012" /><testcase classname="src.cucim.skimage.transform.tests.test_warps" name="test_nonzero_order_warp_dtype[3-float32]" time="0.012" /><testcase classname="src.cucim.skimage.transform.tests.test_warps" name="test_nonzero_order_warp_dtype[3-float64]" time="0.900" /><testcase classname="src.cucim.skimage.transform.tests.test_warps" name="test_nonzero_order_warp_dtype[5-uint8]" time="1.734" /><testcase classname="src.cucim.skimage.transform.tests.test_warps" name="test_nonzero_order_warp_dtype[5-float16]" time="0.014" /><testcase classname="src.cucim.skimage.transform.tests.test_warps" name="test_nonzero_order_warp_dtype[5-float32]" time="0.012" /><testcase classname="src.cucim.skimage.transform.tests.test_warps" name="test_nonzero_order_warp_dtype[5-float64]" time="1.322" /><testcase classname="src.cucim.skimage.transform.tests.test_warps" name="test_resize_local_mean2d" time="0.154" /><testcase classname="src.cucim.skimage.transform.tests.test_warps" name="test_resize_local_mean3d_keep[0]" time="0.003" /><testcase classname="src.cucim.skimage.transform.tests.test_warps" name="test_resize_local_mean3d_keep[1]" time="0.002" /><testcase classname="src.cucim.skimage.transform.tests.test_warps" name="test_resize_local_mean3d_keep[2]" time="0.002" /><testcase classname="src.cucim.skimage.transform.tests.test_warps" name="test_resize_local_mean3d_keep[-1]" time="0.002" /><testcase classname="src.cucim.skimage.transform.tests.test_warps" name="test_resize_local_mean3d_keep[-2]" time="0.002" /><testcase classname="src.cucim.skimage.transform.tests.test_warps" name="test_resize_local_mean3d_keep[-3]" time="0.002" /><testcase classname="src.cucim.skimage.transform.tests.test_warps" name="test_resize_local_mean3d_resize" time="0.154" /><testcase classname="src.cucim.skimage.transform.tests.test_warps" name="test_resize_local_mean3d_2din_3dout" time="0.001" /><testcase classname="src.cucim.skimage.transform.tests.test_warps" name="test_resize_local_mean2d_4d" time="0.001" /><testcase classname="src.cucim.skimage.transform.tests.test_warps" name="test_resize_local_mean_nd[1]" time="0.001" /><testcase classname="src.cucim.skimage.transform.tests.test_warps" name="test_resize_local_mean_nd[2]" time="0.002" /><testcase classname="src.cucim.skimage.transform.tests.test_warps" name="test_resize_local_mean_nd[3]" time="0.002" /><testcase classname="src.cucim.skimage.transform.tests.test_warps" name="test_resize_local_mean_nd[4]" time="0.002" /><testcase classname="src.cucim.skimage.transform.tests.test_warps" name="test_resize_local_mean_nd[5]" time="0.003" /><testcase classname="src.cucim.skimage.transform.tests.test_warps" name="test_resize_local_mean3d" time="0.003" /><testcase classname="src.cucim.skimage.transform.tests.test_warps" name="test_resize_local_mean_dtype" time="0.160" /><testcase classname="src.cucim.skimage.transform.tests.test_warps" name="test_nn_resize_int_img" time="0.221" /><testcase classname="src.cucim.skimage.util.tests.test_arraycrop" name="test_multi_crop" time="0.001" /><testcase classname="src.cucim.skimage.util.tests.test_arraycrop" name="test_pair_crop" time="0.001" /><testcase classname="src.cucim.skimage.util.tests.test_arraycrop" name="test_pair_tuple_crop" time="0.001" /><testcase classname="src.cucim.skimage.util.tests.test_arraycrop" name="test_int_crop" time="0.001" /><testcase classname="src.cucim.skimage.util.tests.test_arraycrop" name="test_int_tuple_crop" time="0.001" /><testcase classname="src.cucim.skimage.util.tests.test_arraycrop" name="test_copy_crop" time="0.001" /><testcase classname="src.cucim.skimage.util.tests.test_arraycrop" name="test_zero_crop" time="0.001" /><testcase classname="src.cucim.skimage.util.tests.test_dtype" name="test_range[uint8-f_and_dt0]" time="0.001" /><testcase classname="src.cucim.skimage.util.tests.test_dtype" name="test_range[uint8-f_and_dt1]" time="0.001" /><testcase classname="src.cucim.skimage.util.tests.test_dtype" name="test_range[uint8-f_and_dt2]" time="0.001" /><testcase classname="src.cucim.skimage.util.tests.test_dtype" name="test_range[uint8-f_and_dt3]" time="0.062" /><testcase classname="src.cucim.skimage.util.tests.test_dtype" name="test_range[uint8-f_and_dt4]" time="0.001" /><testcase classname="src.cucim.skimage.util.tests.test_dtype" name="test_range[uint16-f_and_dt5]" time="0.001" /><testcase classname="src.cucim.skimage.util.tests.test_dtype" name="test_range[uint16-f_and_dt6]" time="0.062" /><testcase classname="src.cucim.skimage.util.tests.test_dtype" name="test_range[uint16-f_and_dt7]" time="0.001" /><testcase classname="src.cucim.skimage.util.tests.test_dtype" name="test_range[uint16-f_and_dt8]" time="0.001" /><testcase classname="src.cucim.skimage.util.tests.test_dtype" name="test_range[uint16-f_and_dt9]" time="0.070" /><testcase classname="src.cucim.skimage.util.tests.test_dtype" name="test_range[int8-f_and_dt10]" time="0.196" /><testcase classname="src.cucim.skimage.util.tests.test_dtype" name="test_range[int8-f_and_dt11]" time="0.066" /><testcase classname="src.cucim.skimage.util.tests.test_dtype" name="test_range[int8-f_and_dt12]" time="0.001" /><testcase classname="src.cucim.skimage.util.tests.test_dtype" name="test_range[int8-f_and_dt13]" time="0.202" /><testcase classname="src.cucim.skimage.util.tests.test_dtype" name="test_range[int8-f_and_dt14]" time="0.203" /><testcase classname="src.cucim.skimage.util.tests.test_dtype" name="test_range[int16-f_and_dt15]" time="0.001" /><testcase classname="src.cucim.skimage.util.tests.test_dtype" name="test_range[int16-f_and_dt16]" time="0.067" /><testcase classname="src.cucim.skimage.util.tests.test_dtype" name="test_range[int16-f_and_dt17]" time="0.001" /><testcase classname="src.cucim.skimage.util.tests.test_dtype" name="test_range[int16-f_and_dt18]" time="0.065" /><testcase classname="src.cucim.skimage.util.tests.test_dtype" name="test_range[int16-f_and_dt19]" time="0.001" /><testcase classname="src.cucim.skimage.util.tests.test_dtype" name="test_range[float32-f_and_dt20]" time="0.068" /><testcase classname="src.cucim.skimage.util.tests.test_dtype" name="test_range[float32-f_and_dt21]" time="0.001" /><testcase classname="src.cucim.skimage.util.tests.test_dtype" name="test_range[float32-f_and_dt22]" time="0.001" /><testcase classname="src.cucim.skimage.util.tests.test_dtype" name="test_range[float32-f_and_dt23]" time="0.001" /><testcase classname="src.cucim.skimage.util.tests.test_dtype" name="test_range[float32-f_and_dt24]" time="0.001" /><testcase classname="src.cucim.skimage.util.tests.test_dtype" name="test_range[float64-f_and_dt25]" time="0.001" /><testcase classname="src.cucim.skimage.util.tests.test_dtype" name="test_range[float64-f_and_dt26]" time="0.001" /><testcase classname="src.cucim.skimage.util.tests.test_dtype" name="test_range[float64-f_and_dt27]" time="0.001" /><testcase classname="src.cucim.skimage.util.tests.test_dtype" name="test_range[float64-f_and_dt28]" time="0.001" /><testcase classname="src.cucim.skimage.util.tests.test_dtype" name="test_range[float64-f_and_dt29]" time="0.001" /><testcase classname="src.cucim.skimage.util.tests.test_dtype" name="test_range_extra_dtypes[uint8-uint32]" time="0.119" /><testcase classname="src.cucim.skimage.util.tests.test_dtype" name="test_range_extra_dtypes[int8-uint32]" time="0.130" /><testcase classname="src.cucim.skimage.util.tests.test_dtype" name="test_range_extra_dtypes[int8-int32]" time="0.119" /><testcase classname="src.cucim.skimage.util.tests.test_dtype" name="test_range_extra_dtypes[int32-int8]" time="0.129" /><testcase classname="src.cucim.skimage.util.tests.test_dtype" name="test_range_extra_dtypes[float64-float32]" time="0.001" /><testcase classname="src.cucim.skimage.util.tests.test_dtype" name="test_range_extra_dtypes[int32-float32]" time="0.066" /><testcase classname="src.cucim.skimage.util.tests.test_dtype" name="test_downcast" time="0.224" /><testcase classname="src.cucim.skimage.util.tests.test_dtype" name="test_float_out_of_range" time="0.001" /><testcase classname="src.cucim.skimage.util.tests.test_dtype" name="test_float_float_all_ranges" time="0.001" /><testcase classname="src.cucim.skimage.util.tests.test_dtype" name="test_copy" time="0.001" /><testcase classname="src.cucim.skimage.util.tests.test_dtype" name="test_bool" time="3.872" /><testcase classname="src.cucim.skimage.util.tests.test_dtype" name="test_clobber" time="0.010" /><testcase classname="src.cucim.skimage.util.tests.test_dtype" name="test_signed_scaling_float32" time="0.001" /><testcase classname="src.cucim.skimage.util.tests.test_dtype" name="test_float32_passthrough" time="0.001" /><testcase classname="src.cucim.skimage.util.tests.test_dtype" name="test_float_conversion_dtype" time="0.002" /><testcase classname="src.cucim.skimage.util.tests.test_dtype" name="test_float_conversion_dtype_warns" time="0.253" /><testcase classname="src.cucim.skimage.util.tests.test_dtype" name="test_subclass_conversion" time="0.001" /><testcase classname="src.cucim.skimage.util.tests.test_invert" name="test_invert_bool" time="0.069" /><testcase classname="src.cucim.skimage.util.tests.test_invert" name="test_invert_uint8" time="0.001" /><testcase classname="src.cucim.skimage.util.tests.test_invert" name="test_invert_int8" time="0.001" /><testcase classname="src.cucim.skimage.util.tests.test_invert" name="test_invert_float64_signed" time="0.001" /><testcase classname="src.cucim.skimage.util.tests.test_invert" name="test_invert_float64_unsigned" time="0.001" /><testcase classname="src.cucim.skimage.util.tests.test_invert" name="test_invert_roundtrip" time="0.396" /><testcase classname="src.cucim.skimage.util.tests.test_map_array" name="test_map_array_incorrect_output_shape" time="0.002" /><testcase classname="src.cucim.skimage.util.tests.test_map_array" name="test_map_array_non_contiguous_output_array" time="0.001" /><testcase classname="src.cucim.skimage.util.tests.test_map_array" name="test_arraymap_long_str" time="0.001" /><testcase classname="src.cucim.skimage.util.tests.test_map_array" name="test_arraymap_update" time="0.073" /><testcase classname="src.cucim.skimage.util.tests.test_map_array" name="test_arraymap_bool_index" time="0.071" /><testcase classname="src.cucim.skimage.util.tests.test_random_noise" name="test_set_seed" time="0.005" /><testcase classname="src.cucim.skimage.util.tests.test_random_noise" name="test_salt" time="0.003" /><testcase classname="src.cucim.skimage.util.tests.test_random_noise" name="test_salt_p1" time="0.002" /><testcase classname="src.cucim.skimage.util.tests.test_random_noise" name="test_singleton_dim" time="0.002" /><testcase classname="src.cucim.skimage.util.tests.test_random_noise" name="test_pepper" time="0.005" /><testcase classname="src.cucim.skimage.util.tests.test_random_noise" name="test_salt_and_pepper" time="0.004" /><testcase classname="src.cucim.skimage.util.tests.test_random_noise" name="test_gaussian" time="0.002" /><testcase classname="src.cucim.skimage.util.tests.test_random_noise" name="test_localvar" time="0.088" /><testcase classname="src.cucim.skimage.util.tests.test_random_noise" name="test_speckle" time="0.002" /><testcase classname="src.cucim.skimage.util.tests.test_random_noise" name="test_poisson" time="0.182" /><testcase classname="src.cucim.skimage.util.tests.test_random_noise" name="test_clip_poisson" time="0.082" /><testcase classname="src.cucim.skimage.util.tests.test_random_noise" name="test_clip_gaussian" time="0.004" /><testcase classname="src.cucim.skimage.util.tests.test_random_noise" name="test_clip_speckle" time="0.071" /><testcase classname="src.cucim.skimage.util.tests.test_random_noise" name="test_bad_mode" time="0.001" /><testcase classname="src.cucim.skimage.util.tests.test_shape" name="test_view_as_blocks_block_not_a_tuple" time="0.000" /><testcase classname="src.cucim.skimage.util.tests.test_shape" name="test_view_as_blocks_negative_shape" time="0.000" /><testcase classname="src.cucim.skimage.util.tests.test_shape" name="test_view_as_blocks_block_too_large" time="0.000" /><testcase classname="src.cucim.skimage.util.tests.test_shape" name="test_view_as_blocks_wrong_block_dimension" time="0.000" /><testcase classname="src.cucim.skimage.util.tests.test_shape" name="test_view_as_blocks_1D_array_wrong_block_shape" time="0.001" /><testcase classname="src.cucim.skimage.util.tests.test_shape" name="test_view_as_blocks_1D_array" time="0.001" /><testcase classname="src.cucim.skimage.util.tests.test_shape" name="test_view_as_blocks_2D_array" time="0.001" /><testcase classname="src.cucim.skimage.util.tests.test_shape" name="test_view_as_blocks_3D_array" time="0.001" /><testcase classname="src.cucim.skimage.util.tests.test_shape" name="test_view_as_windows_input_not_array" time="0.000" /><testcase classname="src.cucim.skimage.util.tests.test_shape" name="test_view_as_windows_wrong_window_dimension" time="0.000" /><testcase classname="src.cucim.skimage.util.tests.test_shape" name="test_view_as_windows_negative_window_length" time="0.000" /><testcase classname="src.cucim.skimage.util.tests.test_shape" name="test_view_as_windows_window_too_large" time="0.000" /><testcase classname="src.cucim.skimage.util.tests.test_shape" name="test_view_as_windows_step_below_one" time="0.000" /><testcase classname="src.cucim.skimage.util.tests.test_shape" name="test_view_as_windows_1D" time="0.001" /><testcase classname="src.cucim.skimage.util.tests.test_shape" name="test_view_as_windows_2D" time="0.001" /><testcase classname="src.cucim.skimage.util.tests.test_shape" name="test_view_as_windows_with_skip" time="0.001" /><testcase classname="src.cucim.skimage.util.tests.test_shape" name="test_views_non_contiguous" time="0.007" /><testcase classname="src.cucim.skimage.util.tests.test_shape" name="test_view_as_windows_step_tuple" time="0.001" /><testcase classname="tests.unit.clara.test_image_cache" name="test_get_nocache" time="0.001"><failure message="ModuleNotFoundError: No module named 'cucim.clara._cucim'">tests/unit/clara/test_image_cache.py:23: in test_get_nocache
    from cucim import CuImage
../../../cucim_env/lib/python3.10/site-packages/lazy_loader/__init__.py:82: in __getattr__
    submod = importlib.import_module(submod_path)
/usr/lib/python3.10/importlib/__init__.py:126: in import_module
    return _bootstrap._gcd_import(name[level:], package, level)
src/cucim/clara/__init__.py:21: in &lt;module&gt;
    from ._cucim import CuImage, DLDataType, DLDataTypeCode, cache, filesystem, io
E   ModuleNotFoundError: No module named 'cucim.clara._cucim'</failure></testcase><testcase classname="tests.unit.clara.test_image_cache" name="test_get_per_process_cache" time="0.001"><failure message="ModuleNotFoundError: No module named 'cucim.clara._cucim'">tests/unit/clara/test_image_cache.py:46: in test_get_per_process_cache
    from cucim import CuImage
../../../cucim_env/lib/python3.10/site-packages/lazy_loader/__init__.py:82: in __getattr__
    submod = importlib.import_module(submod_path)
/usr/lib/python3.10/importlib/__init__.py:126: in import_module
    return _bootstrap._gcd_import(name[level:], package, level)
src/cucim/clara/__init__.py:21: in &lt;module&gt;
    from ._cucim import CuImage, DLDataType, DLDataTypeCode, cache, filesystem, io
E   ModuleNotFoundError: No module named 'cucim.clara._cucim'</failure></testcase><testcase classname="tests.unit.clara.test_image_cache" name="test_get_shared_memory_cache" time="0.001"><failure message="ModuleNotFoundError: No module named 'cucim.clara._cucim'">tests/unit/clara/test_image_cache.py:69: in test_get_shared_memory_cache
    from cucim import CuImage
../../../cucim_env/lib/python3.10/site-packages/lazy_loader/__init__.py:82: in __getattr__
    submod = importlib.import_module(submod_path)
/usr/lib/python3.10/importlib/__init__.py:126: in import_module
    return _bootstrap._gcd_import(name[level:], package, level)
src/cucim/clara/__init__.py:21: in &lt;module&gt;
    from ._cucim import CuImage, DLDataType, DLDataTypeCode, cache, filesystem, io
E   ModuleNotFoundError: No module named 'cucim.clara._cucim'</failure></testcase><testcase classname="tests.unit.clara.test_image_cache" name="test_preferred_memory_capacity" time="0.006"><failure message="ModuleNotFoundError: No module named 'cucim.clara._cucim'">tests/unit/clara/test_image_cache.py:93: in test_preferred_memory_capacity
    from cucim import CuImage
../../../cucim_env/lib/python3.10/site-packages/lazy_loader/__init__.py:82: in __getattr__
    submod = importlib.import_module(submod_path)
/usr/lib/python3.10/importlib/__init__.py:126: in import_module
    return _bootstrap._gcd_import(name[level:], package, level)
src/cucim/clara/__init__.py:21: in &lt;module&gt;
    from ._cucim import CuImage, DLDataType, DLDataTypeCode, cache, filesystem, io
E   ModuleNotFoundError: No module named 'cucim.clara._cucim'</failure></testcase><testcase classname="tests.unit.clara.test_image_cache" name="test_reserve_more_cache_memory" time="0.001"><failure message="ModuleNotFoundError: No module named 'cucim.clara._cucim'">tests/unit/clara/test_image_cache.py:138: in test_reserve_more_cache_memory
    from cucim import CuImage
../../../cucim_env/lib/python3.10/site-packages/lazy_loader/__init__.py:82: in __getattr__
    submod = importlib.import_module(submod_path)
/usr/lib/python3.10/importlib/__init__.py:126: in import_module
    return _bootstrap._gcd_import(name[level:], package, level)
src/cucim/clara/__init__.py:21: in &lt;module&gt;
    from ._cucim import CuImage, DLDataType, DLDataTypeCode, cache, filesystem, io
E   ModuleNotFoundError: No module named 'cucim.clara._cucim'</failure></testcase><testcase classname="tests.unit.clara.test_image_cache" name="test_cache_hit_miss" time="0.000"><skipped type="pytest.skip" message="currently fails (gh-626)">/home/goplanid/cucim/python/cucim/tests/unit/clara/test_image_cache.py:199: currently fails (gh-626)</skipped></testcase><testcase classname="tests.unit.clara.test_load_image" name="test_load_non_existing_image" time="0.001"><failure message="ModuleNotFoundError: No module named 'cucim.clara._cucim'">tests/unit/clara/test_load_image.py:23: in test_load_non_existing_image
    _ = open_image_cucim("/tmp/non_existing_image.tif")
tests/util/io.py:18: in open_image_cucim
    from cucim import CuImage
../../../cucim_env/lib/python3.10/site-packages/lazy_loader/__init__.py:82: in __getattr__
    submod = importlib.import_module(submod_path)
/usr/lib/python3.10/importlib/__init__.py:126: in import_module
    return _bootstrap._gcd_import(name[level:], package, level)
src/cucim/clara/__init__.py:21: in &lt;module&gt;
    from ._cucim import CuImage, DLDataType, DLDataTypeCode, cache, filesystem, io
E   ModuleNotFoundError: No module named 'cucim.clara._cucim'</failure></testcase><testcase classname="tests.unit.clara.test_load_image_metadata" name="test_load_image_metadata[testimg_tiff_stripe_32x24_16_jpeg]" time="0.001"><failure message="ModuleNotFoundError: No module named 'cucim.clara._cucim'">tests/unit/clara/test_load_image_metadata.py:29: in test_load_image_metadata
    img = open_image_cucim(testimg_tiff_stripe_32x24_16)
tests/util/io.py:18: in open_image_cucim
    from cucim import CuImage
../../../cucim_env/lib/python3.10/site-packages/lazy_loader/__init__.py:82: in __getattr__
    submod = importlib.import_module(submod_path)
/usr/lib/python3.10/importlib/__init__.py:126: in import_module
    return _bootstrap._gcd_import(name[level:], package, level)
src/cucim/clara/__init__.py:21: in &lt;module&gt;
    from ._cucim import CuImage, DLDataType, DLDataTypeCode, cache, filesystem, io
E   ModuleNotFoundError: No module named 'cucim.clara._cucim'</failure></testcase><testcase classname="tests.unit.clara.test_tiff_read_region" name="test_tiff_stripe_inner[testimg_tiff_stripe_32x24_16_jpeg]" time="0.001"><failure message="ModuleNotFoundError: No module named 'cucim.clara._cucim'">tests/unit/clara/test_tiff_read_region.py:26: in test_tiff_stripe_inner
    cucim_img = open_image_cucim(testimg_tiff_stripe_32x24_16)
tests/util/io.py:18: in open_image_cucim
    from cucim import CuImage
../../../cucim_env/lib/python3.10/site-packages/lazy_loader/__init__.py:82: in __getattr__
    submod = importlib.import_module(submod_path)
/usr/lib/python3.10/importlib/__init__.py:126: in import_module
    return _bootstrap._gcd_import(name[level:], package, level)
src/cucim/clara/__init__.py:21: in &lt;module&gt;
    from ._cucim import CuImage, DLDataType, DLDataTypeCode, cache, filesystem, io
E   ModuleNotFoundError: No module named 'cucim.clara._cucim'</failure></testcase><testcase classname="tests.unit.clara.test_tiff_read_region" name="test_tiff_stripe_boundary[testimg_tiff_stripe_32x24_16_jpeg]" time="0.001"><failure message="ModuleNotFoundError: No module named 'cucim.clara._cucim'">tests/unit/clara/test_tiff_read_region.py:52: in test_tiff_stripe_boundary
    cucim_img = open_image_cucim(testimg_tiff_stripe_32x24_16)
tests/util/io.py:18: in open_image_cucim
    from cucim import CuImage
../../../cucim_env/lib/python3.10/site-packages/lazy_loader/__init__.py:82: in __getattr__
    submod = importlib.import_module(submod_path)
/usr/lib/python3.10/importlib/__init__.py:126: in import_module
    return _bootstrap._gcd_import(name[level:], package, level)
src/cucim/clara/__init__.py:21: in &lt;module&gt;
    from ._cucim import CuImage, DLDataType, DLDataTypeCode, cache, filesystem, io
E   ModuleNotFoundError: No module named 'cucim.clara._cucim'</failure></testcase><testcase classname="tests.unit.clara.test_tiff_read_region" name="test_tiff_stripe_outside[testimg_tiff_stripe_32x24_16_jpeg]" time="0.001"><failure message="ModuleNotFoundError: No module named 'cucim.clara._cucim'">tests/unit/clara/test_tiff_read_region.py:86: in test_tiff_stripe_outside
    cucim_img = open_image_cucim(testimg_tiff_stripe_32x24_16)
tests/util/io.py:18: in open_image_cucim
    from cucim import CuImage
../../../cucim_env/lib/python3.10/site-packages/lazy_loader/__init__.py:82: in __getattr__
    submod = importlib.import_module(submod_path)
/usr/lib/python3.10/importlib/__init__.py:126: in import_module
    return _bootstrap._gcd_import(name[level:], package, level)
src/cucim/clara/__init__.py:21: in &lt;module&gt;
    from ._cucim import CuImage, DLDataType, DLDataTypeCode, cache, filesystem, io
E   ModuleNotFoundError: No module named 'cucim.clara._cucim'</failure></testcase><testcase classname="tests.unit.clara.test_load_image_metadata" name="test_load_image_metadata[testimg_tiff_stripe_32x24_16_deflate]" time="0.002"><failure message="ModuleNotFoundError: No module named 'cucim.clara._cucim'">tests/unit/clara/test_load_image_metadata.py:29: in test_load_image_metadata
    img = open_image_cucim(testimg_tiff_stripe_32x24_16)
tests/util/io.py:18: in open_image_cucim
    from cucim import CuImage
../../../cucim_env/lib/python3.10/site-packages/lazy_loader/__init__.py:82: in __getattr__
    submod = importlib.import_module(submod_path)
/usr/lib/python3.10/importlib/__init__.py:126: in import_module
    return _bootstrap._gcd_import(name[level:], package, level)
src/cucim/clara/__init__.py:21: in &lt;module&gt;
    from ._cucim import CuImage, DLDataType, DLDataTypeCode, cache, filesystem, io
E   ModuleNotFoundError: No module named 'cucim.clara._cucim'</failure></testcase><testcase classname="tests.unit.clara.test_tiff_read_region" name="test_tiff_stripe_inner[testimg_tiff_stripe_32x24_16_deflate]" time="0.001"><failure message="ModuleNotFoundError: No module named 'cucim.clara._cucim'">tests/unit/clara/test_tiff_read_region.py:26: in test_tiff_stripe_inner
    cucim_img = open_image_cucim(testimg_tiff_stripe_32x24_16)
tests/util/io.py:18: in open_image_cucim
    from cucim import CuImage
../../../cucim_env/lib/python3.10/site-packages/lazy_loader/__init__.py:82: in __getattr__
    submod = importlib.import_module(submod_path)
/usr/lib/python3.10/importlib/__init__.py:126: in import_module
    return _bootstrap._gcd_import(name[level:], package, level)
src/cucim/clara/__init__.py:21: in &lt;module&gt;
    from ._cucim import CuImage, DLDataType, DLDataTypeCode, cache, filesystem, io
E   ModuleNotFoundError: No module named 'cucim.clara._cucim'</failure></testcase><testcase classname="tests.unit.clara.test_tiff_read_region" name="test_tiff_stripe_boundary[testimg_tiff_stripe_32x24_16_deflate]" time="0.001"><failure message="ModuleNotFoundError: No module named 'cucim.clara._cucim'">tests/unit/clara/test_tiff_read_region.py:52: in test_tiff_stripe_boundary
    cucim_img = open_image_cucim(testimg_tiff_stripe_32x24_16)
tests/util/io.py:18: in open_image_cucim
    from cucim import CuImage
../../../cucim_env/lib/python3.10/site-packages/lazy_loader/__init__.py:82: in __getattr__
    submod = importlib.import_module(submod_path)
/usr/lib/python3.10/importlib/__init__.py:126: in import_module
    return _bootstrap._gcd_import(name[level:], package, level)
src/cucim/clara/__init__.py:21: in &lt;module&gt;
    from ._cucim import CuImage, DLDataType, DLDataTypeCode, cache, filesystem, io
E   ModuleNotFoundError: No module named 'cucim.clara._cucim'</failure></testcase><testcase classname="tests.unit.clara.test_tiff_read_region" name="test_tiff_stripe_outside[testimg_tiff_stripe_32x24_16_deflate]" time="0.001"><failure message="ModuleNotFoundError: No module named 'cucim.clara._cucim'">tests/unit/clara/test_tiff_read_region.py:86: in test_tiff_stripe_outside
    cucim_img = open_image_cucim(testimg_tiff_stripe_32x24_16)
tests/util/io.py:18: in open_image_cucim
    from cucim import CuImage
../../../cucim_env/lib/python3.10/site-packages/lazy_loader/__init__.py:82: in __getattr__
    submod = importlib.import_module(submod_path)
/usr/lib/python3.10/importlib/__init__.py:126: in import_module
    return _bootstrap._gcd_import(name[level:], package, level)
src/cucim/clara/__init__.py:21: in &lt;module&gt;
    from ._cucim import CuImage, DLDataType, DLDataTypeCode, cache, filesystem, io
E   ModuleNotFoundError: No module named 'cucim.clara._cucim'</failure></testcase><testcase classname="tests.unit.clara.test_load_image_metadata" name="test_load_image_metadata[testimg_tiff_stripe_32x24_16_raw]" time="0.002"><failure message="ModuleNotFoundError: No module named 'cucim.clara._cucim'">tests/unit/clara/test_load_image_metadata.py:29: in test_load_image_metadata
    img = open_image_cucim(testimg_tiff_stripe_32x24_16)
tests/util/io.py:18: in open_image_cucim
    from cucim import CuImage
../../../cucim_env/lib/python3.10/site-packages/lazy_loader/__init__.py:82: in __getattr__
    submod = importlib.import_module(submod_path)
/usr/lib/python3.10/importlib/__init__.py:126: in import_module
    return _bootstrap._gcd_import(name[level:], package, level)
src/cucim/clara/__init__.py:21: in &lt;module&gt;
    from ._cucim import CuImage, DLDataType, DLDataTypeCode, cache, filesystem, io
E   ModuleNotFoundError: No module named 'cucim.clara._cucim'</failure></testcase><testcase classname="tests.unit.clara.test_tiff_read_region" name="test_tiff_stripe_inner[testimg_tiff_stripe_32x24_16_raw]" time="0.001"><failure message="ModuleNotFoundError: No module named 'cucim.clara._cucim'">tests/unit/clara/test_tiff_read_region.py:26: in test_tiff_stripe_inner
    cucim_img = open_image_cucim(testimg_tiff_stripe_32x24_16)
tests/util/io.py:18: in open_image_cucim
    from cucim import CuImage
../../../cucim_env/lib/python3.10/site-packages/lazy_loader/__init__.py:82: in __getattr__
    submod = importlib.import_module(submod_path)
/usr/lib/python3.10/importlib/__init__.py:126: in import_module
    return _bootstrap._gcd_import(name[level:], package, level)
src/cucim/clara/__init__.py:21: in &lt;module&gt;
    from ._cucim import CuImage, DLDataType, DLDataTypeCode, cache, filesystem, io
E   ModuleNotFoundError: No module named 'cucim.clara._cucim'</failure></testcase><testcase classname="tests.unit.clara.test_tiff_read_region" name="test_tiff_stripe_boundary[testimg_tiff_stripe_32x24_16_raw]" time="0.001"><failure message="ModuleNotFoundError: No module named 'cucim.clara._cucim'">tests/unit/clara/test_tiff_read_region.py:52: in test_tiff_stripe_boundary
    cucim_img = open_image_cucim(testimg_tiff_stripe_32x24_16)
tests/util/io.py:18: in open_image_cucim
    from cucim import CuImage
../../../cucim_env/lib/python3.10/site-packages/lazy_loader/__init__.py:82: in __getattr__
    submod = importlib.import_module(submod_path)
/usr/lib/python3.10/importlib/__init__.py:126: in import_module
    return _bootstrap._gcd_import(name[level:], package, level)
src/cucim/clara/__init__.py:21: in &lt;module&gt;
    from ._cucim import CuImage, DLDataType, DLDataTypeCode, cache, filesystem, io
E   ModuleNotFoundError: No module named 'cucim.clara._cucim'</failure></testcase><testcase classname="tests.unit.clara.test_tiff_read_region" name="test_tiff_stripe_outside[testimg_tiff_stripe_32x24_16_raw]" time="0.001"><failure message="ModuleNotFoundError: No module named 'cucim.clara._cucim'">tests/unit/clara/test_tiff_read_region.py:86: in test_tiff_stripe_outside
    cucim_img = open_image_cucim(testimg_tiff_stripe_32x24_16)
tests/util/io.py:18: in open_image_cucim
    from cucim import CuImage
../../../cucim_env/lib/python3.10/site-packages/lazy_loader/__init__.py:82: in __getattr__
    submod = importlib.import_module(submod_path)
/usr/lib/python3.10/importlib/__init__.py:126: in import_module
    return _bootstrap._gcd_import(name[level:], package, level)
src/cucim/clara/__init__.py:21: in &lt;module&gt;
    from ._cucim import CuImage, DLDataType, DLDataTypeCode, cache, filesystem, io
E   ModuleNotFoundError: No module named 'cucim.clara._cucim'</failure></testcase><testcase classname="tests.unit.clara.test_load_image_metadata" name="test_load_image_resolution_metadata[testimg_tiff_stripe_4096_4096_256_jpeg_resolution_3_5_centimeter]" time="0.172"><failure message="ModuleNotFoundError: No module named 'cucim.clara._cucim'">tests/unit/clara/test_load_image_metadata.py:85: in test_load_image_resolution_metadata
    img = open_image_cucim(image)
tests/util/io.py:18: in open_image_cucim
    from cucim import CuImage
../../../cucim_env/lib/python3.10/site-packages/lazy_loader/__init__.py:82: in __getattr__
    submod = importlib.import_module(submod_path)
/usr/lib/python3.10/importlib/__init__.py:126: in import_module
    return _bootstrap._gcd_import(name[level:], package, level)
src/cucim/clara/__init__.py:21: in &lt;module&gt;
    from ._cucim import CuImage, DLDataType, DLDataTypeCode, cache, filesystem, io
E   ModuleNotFoundError: No module named 'cucim.clara._cucim'</failure></testcase><testcase classname="tests.unit.clara.test_load_image_metadata" name="test_load_image_resolution_metadata[testimg_tiff_stripe_4096_4096_256_jpeg_resolution_4_7_inch]" time="0.178"><failure message="ModuleNotFoundError: No module named 'cucim.clara._cucim'">tests/unit/clara/test_load_image_metadata.py:85: in test_load_image_resolution_metadata
    img = open_image_cucim(image)
tests/util/io.py:18: in open_image_cucim
    from cucim import CuImage
../../../cucim_env/lib/python3.10/site-packages/lazy_loader/__init__.py:82: in __getattr__
    submod = importlib.import_module(submod_path)
/usr/lib/python3.10/importlib/__init__.py:126: in import_module
    return _bootstrap._gcd_import(name[level:], package, level)
src/cucim/clara/__init__.py:21: in &lt;module&gt;
    from ._cucim import CuImage, DLDataType, DLDataTypeCode, cache, filesystem, io
E   ModuleNotFoundError: No module named 'cucim.clara._cucim'</failure></testcase><testcase classname="tests.unit.clara.test_load_image_metadata" name="test_load_image_resolution_metadata[testimg_tiff_stripe_4096_4096_256_jpeg_resolution_9_1_none]" time="0.272"><failure message="ModuleNotFoundError: No module named 'cucim.clara._cucim'">tests/unit/clara/test_load_image_metadata.py:85: in test_load_image_resolution_metadata
    img = open_image_cucim(image)
tests/util/io.py:18: in open_image_cucim
    from cucim import CuImage
../../../cucim_env/lib/python3.10/site-packages/lazy_loader/__init__.py:82: in __getattr__
    submod = importlib.import_module(submod_path)
/usr/lib/python3.10/importlib/__init__.py:126: in import_module
    return _bootstrap._gcd_import(name[level:], package, level)
src/cucim/clara/__init__.py:21: in &lt;module&gt;
    from ._cucim import CuImage, DLDataType, DLDataTypeCode, cache, filesystem, io
E   ModuleNotFoundError: No module named 'cucim.clara._cucim'</failure></testcase><testcase classname="tests.unit.clara.test_load_image_metadata" name="test_load_rgba_image_metadata" time="0.002"><failure message="ModuleNotFoundError: No module named 'cucim.clara._cucim'">tests/unit/clara/test_load_image_metadata.py:153: in test_load_rgba_image_metadata
    from cucim import CuImage
../../../cucim_env/lib/python3.10/site-packages/lazy_loader/__init__.py:82: in __getattr__
    submod = importlib.import_module(submod_path)
/usr/lib/python3.10/importlib/__init__.py:126: in import_module
    return _bootstrap._gcd_import(name[level:], package, level)
src/cucim/clara/__init__.py:21: in &lt;module&gt;
    from ._cucim import CuImage, DLDataType, DLDataTypeCode, cache, filesystem, io
E   ModuleNotFoundError: No module named 'cucim.clara._cucim'</failure></testcase><testcase classname="tests.unit.clara.test_load_image_metadata" name="test_load_slow_path_warning" time="0.002"><failure message="ModuleNotFoundError: No module named 'cucim.clara._cucim'">tests/unit/clara/test_load_image_metadata.py:196: in test_load_slow_path_warning
    from cucim import CuImage
../../../cucim_env/lib/python3.10/site-packages/lazy_loader/__init__.py:82: in __getattr__
    submod = importlib.import_module(submod_path)
/usr/lib/python3.10/importlib/__init__.py:126: in import_module
    return _bootstrap._gcd_import(name[level:], package, level)
src/cucim/clara/__init__.py:21: in &lt;module&gt;
    from ._cucim import CuImage, DLDataType, DLDataTypeCode, cache, filesystem, io
E   ModuleNotFoundError: No module named 'cucim.clara._cucim'</failure></testcase><testcase classname="tests.unit.clara.test_tiff_read_region" name="test_tiff_outside_of_resolution_level[testimg_tiff_stripe_4096x4096_256_jpeg]" time="0.245"><failure message="ModuleNotFoundError: No module named 'cucim.clara._cucim'">tests/unit/clara/test_tiff_read_region.py:112: in test_tiff_outside_of_resolution_level
    cucim_img = open_image_cucim(testimg_tiff_stripe_4096x4096_256)
tests/util/io.py:18: in open_image_cucim
    from cucim import CuImage
../../../cucim_env/lib/python3.10/site-packages/lazy_loader/__init__.py:82: in __getattr__
    submod = importlib.import_module(submod_path)
/usr/lib/python3.10/importlib/__init__.py:126: in import_module
    return _bootstrap._gcd_import(name[level:], package, level)
src/cucim/clara/__init__.py:21: in &lt;module&gt;
    from ._cucim import CuImage, DLDataType, DLDataTypeCode, cache, filesystem, io
E   ModuleNotFoundError: No module named 'cucim.clara._cucim'</failure></testcase><testcase classname="tests.unit.clara.test_tiff_read_region" name="test_tiff_stripe_multiresolution[testimg_tiff_stripe_4096x4096_256_jpeg]" time="0.001"><failure message="ModuleNotFoundError: No module named 'cucim.clara._cucim'">tests/unit/clara/test_tiff_read_region.py:121: in test_tiff_stripe_multiresolution
    cucim_img = open_image_cucim(testimg_tiff_stripe_4096x4096_256)
tests/util/io.py:18: in open_image_cucim
    from cucim import CuImage
../../../cucim_env/lib/python3.10/site-packages/lazy_loader/__init__.py:82: in __getattr__
    submod = importlib.import_module(submod_path)
/usr/lib/python3.10/importlib/__init__.py:126: in import_module
    return _bootstrap._gcd_import(name[level:], package, level)
src/cucim/clara/__init__.py:21: in &lt;module&gt;
    from ._cucim import CuImage, DLDataType, DLDataTypeCode, cache, filesystem, io
E   ModuleNotFoundError: No module named 'cucim.clara._cucim'</failure></testcase><testcase classname="tests.unit.clara.test_tiff_read_region" name="test_region_image_level_data[testimg_tiff_stripe_4096x4096_256_jpeg]" time="0.001"><failure message="ModuleNotFoundError: No module named 'cucim.clara._cucim'">tests/unit/clara/test_tiff_read_region.py:140: in test_region_image_level_data
    cucim_img = open_image_cucim(testimg_tiff_stripe_4096x4096_256)
tests/util/io.py:18: in open_image_cucim
    from cucim import CuImage
../../../cucim_env/lib/python3.10/site-packages/lazy_loader/__init__.py:82: in __getattr__
    submod = importlib.import_module(submod_path)
/usr/lib/python3.10/importlib/__init__.py:126: in import_module
    return _bootstrap._gcd_import(name[level:], package, level)
src/cucim/clara/__init__.py:21: in &lt;module&gt;
    from ._cucim import CuImage, DLDataType, DLDataTypeCode, cache, filesystem, io
E   ModuleNotFoundError: No module named 'cucim.clara._cucim'</failure></testcase><testcase classname="tests.unit.clara.test_tiff_read_region" name="test_region_image_dtype[testimg_tiff_stripe_4096x4096_256_jpeg]" time="0.001"><failure message="ModuleNotFoundError: No module named 'cucim.clara._cucim'">tests/unit/clara/test_tiff_read_region.py:155: in test_region_image_dtype
    from cucim.clara import DLDataType, DLDataTypeCode
src/cucim/clara/__init__.py:21: in &lt;module&gt;
    from ._cucim import CuImage, DLDataType, DLDataTypeCode, cache, filesystem, io
E   ModuleNotFoundError: No module named 'cucim.clara._cucim'</failure></testcase><testcase classname="tests.unit.clara.test_tiff_read_region" name="test_tiff_iterator[testimg_tiff_stripe_4096x4096_256_jpeg]" time="0.001"><failure message="ModuleNotFoundError: No module named 'cucim.clara._cucim'">tests/unit/clara/test_tiff_read_region.py:212: in test_tiff_iterator
    with open_image_cucim(testimg_tiff_stripe_4096x4096_256) as slide:
tests/util/io.py:18: in open_image_cucim
    from cucim import CuImage
../../../cucim_env/lib/python3.10/site-packages/lazy_loader/__init__.py:82: in __getattr__
    submod = importlib.import_module(submod_path)
/usr/lib/python3.10/importlib/__init__.py:126: in import_module
    return _bootstrap._gcd_import(name[level:], package, level)
src/cucim/clara/__init__.py:21: in &lt;module&gt;
    from ._cucim import CuImage, DLDataType, DLDataTypeCode, cache, filesystem, io
E   ModuleNotFoundError: No module named 'cucim.clara._cucim'</failure></testcase><testcase classname="tests.performance.clara.test_read_region_memory_usage" name="test_read_region_cpu_memleak[testimg_tiff_stripe_4096x4096_256_jpeg]" time="0.011"><failure message="ModuleNotFoundError: No module named 'cucim.clara._cucim'">tests/performance/clara/test_read_region_memory_usage.py:62: in test_read_region_cpu_memleak
    img = open_image_cucim(testimg_tiff_stripe_4096x4096_256)
tests/util/io.py:18: in open_image_cucim
    from cucim import CuImage
../../../cucim_env/lib/python3.10/site-packages/lazy_loader/__init__.py:82: in __getattr__
    submod = importlib.import_module(submod_path)
/usr/lib/python3.10/importlib/__init__.py:126: in import_module
    return _bootstrap._gcd_import(name[level:], package, level)
src/cucim/clara/__init__.py:21: in &lt;module&gt;
    from ._cucim import CuImage, DLDataType, DLDataTypeCode, cache, filesystem, io
E   ModuleNotFoundError: No module named 'cucim.clara._cucim'</failure></testcase><testcase classname="tests.performance.clara.test_read_region_memory_usage" name="test_read_random_region_cpu_memleak[testimg_tiff_stripe_4096x4096_256_jpeg]" time="0.001"><failure message="ModuleNotFoundError: No module named 'cucim.clara._cucim'">tests/performance/clara/test_read_region_memory_usage.py:85: in test_read_random_region_cpu_memleak
    img = open_image_cucim(testimg_tiff_stripe_4096x4096_256)
tests/util/io.py:18: in open_image_cucim
    from cucim import CuImage
../../../cucim_env/lib/python3.10/site-packages/lazy_loader/__init__.py:82: in __getattr__
    submod = importlib.import_module(submod_path)
/usr/lib/python3.10/importlib/__init__.py:126: in import_module
    return _bootstrap._gcd_import(name[level:], package, level)
src/cucim/clara/__init__.py:21: in &lt;module&gt;
    from ._cucim import CuImage, DLDataType, DLDataTypeCode, cache, filesystem, io
E   ModuleNotFoundError: No module named 'cucim.clara._cucim'</failure></testcase><testcase classname="tests.performance.clara.test_read_region_memory_usage" name="test_tiff_iterator[testimg_tiff_stripe_4096x4096_256_jpeg]" time="0.002"><failure message="ModuleNotFoundError: No module named 'cucim.clara._cucim'">tests/performance/clara/test_read_region_memory_usage.py:159: in test_tiff_iterator
    with open_image_cucim(slide_path) as slide:
tests/util/io.py:18: in open_image_cucim
    from cucim import CuImage
../../../cucim_env/lib/python3.10/site-packages/lazy_loader/__init__.py:82: in __getattr__
    submod = importlib.import_module(submod_path)
/usr/lib/python3.10/importlib/__init__.py:126: in import_module
    return _bootstrap._gcd_import(name[level:], package, level)
src/cucim/clara/__init__.py:21: in &lt;module&gt;
    from ._cucim import CuImage, DLDataType, DLDataTypeCode, cache, filesystem, io
E   ModuleNotFoundError: No module named 'cucim.clara._cucim'</failure></testcase><testcase classname="tests.unit.clara.test_tiff_read_region" name="test_tiff_outside_of_resolution_level[testimg_tiff_stripe_4096x4096_256_deflate]" time="0.168"><failure message="ModuleNotFoundError: No module named 'cucim.clara._cucim'">tests/unit/clara/test_tiff_read_region.py:112: in test_tiff_outside_of_resolution_level
    cucim_img = open_image_cucim(testimg_tiff_stripe_4096x4096_256)
tests/util/io.py:18: in open_image_cucim
    from cucim import CuImage
../../../cucim_env/lib/python3.10/site-packages/lazy_loader/__init__.py:82: in __getattr__
    submod = importlib.import_module(submod_path)
/usr/lib/python3.10/importlib/__init__.py:126: in import_module
    return _bootstrap._gcd_import(name[level:], package, level)
src/cucim/clara/__init__.py:21: in &lt;module&gt;
    from ._cucim import CuImage, DLDataType, DLDataTypeCode, cache, filesystem, io
E   ModuleNotFoundError: No module named 'cucim.clara._cucim'</failure></testcase><testcase classname="tests.unit.clara.test_tiff_read_region" name="test_tiff_stripe_multiresolution[testimg_tiff_stripe_4096x4096_256_deflate]" time="0.001"><failure message="ModuleNotFoundError: No module named 'cucim.clara._cucim'">tests/unit/clara/test_tiff_read_region.py:121: in test_tiff_stripe_multiresolution
    cucim_img = open_image_cucim(testimg_tiff_stripe_4096x4096_256)
tests/util/io.py:18: in open_image_cucim
    from cucim import CuImage
../../../cucim_env/lib/python3.10/site-packages/lazy_loader/__init__.py:82: in __getattr__
    submod = importlib.import_module(submod_path)
/usr/lib/python3.10/importlib/__init__.py:126: in import_module
    return _bootstrap._gcd_import(name[level:], package, level)
src/cucim/clara/__init__.py:21: in &lt;module&gt;
    from ._cucim import CuImage, DLDataType, DLDataTypeCode, cache, filesystem, io
E   ModuleNotFoundError: No module named 'cucim.clara._cucim'</failure></testcase><testcase classname="tests.unit.clara.test_tiff_read_region" name="test_region_image_level_data[testimg_tiff_stripe_4096x4096_256_deflate]" time="0.001"><failure message="ModuleNotFoundError: No module named 'cucim.clara._cucim'">tests/unit/clara/test_tiff_read_region.py:140: in test_region_image_level_data
    cucim_img = open_image_cucim(testimg_tiff_stripe_4096x4096_256)
tests/util/io.py:18: in open_image_cucim
    from cucim import CuImage
../../../cucim_env/lib/python3.10/site-packages/lazy_loader/__init__.py:82: in __getattr__
    submod = importlib.import_module(submod_path)
/usr/lib/python3.10/importlib/__init__.py:126: in import_module
    return _bootstrap._gcd_import(name[level:], package, level)
src/cucim/clara/__init__.py:21: in &lt;module&gt;
    from ._cucim import CuImage, DLDataType, DLDataTypeCode, cache, filesystem, io
E   ModuleNotFoundError: No module named 'cucim.clara._cucim'</failure></testcase><testcase classname="tests.unit.clara.test_tiff_read_region" name="test_region_image_dtype[testimg_tiff_stripe_4096x4096_256_deflate]" time="0.001"><failure message="ModuleNotFoundError: No module named 'cucim.clara._cucim'">tests/unit/clara/test_tiff_read_region.py:155: in test_region_image_dtype
    from cucim.clara import DLDataType, DLDataTypeCode
src/cucim/clara/__init__.py:21: in &lt;module&gt;
    from ._cucim import CuImage, DLDataType, DLDataTypeCode, cache, filesystem, io
E   ModuleNotFoundError: No module named 'cucim.clara._cucim'</failure></testcase><testcase classname="tests.unit.clara.test_tiff_read_region" name="test_tiff_iterator[testimg_tiff_stripe_4096x4096_256_deflate]" time="0.001"><failure message="ModuleNotFoundError: No module named 'cucim.clara._cucim'">tests/unit/clara/test_tiff_read_region.py:212: in test_tiff_iterator
    with open_image_cucim(testimg_tiff_stripe_4096x4096_256) as slide:
tests/util/io.py:18: in open_image_cucim
    from cucim import CuImage
../../../cucim_env/lib/python3.10/site-packages/lazy_loader/__init__.py:82: in __getattr__
    submod = importlib.import_module(submod_path)
/usr/lib/python3.10/importlib/__init__.py:126: in import_module
    return _bootstrap._gcd_import(name[level:], package, level)
src/cucim/clara/__init__.py:21: in &lt;module&gt;
    from ._cucim import CuImage, DLDataType, DLDataTypeCode, cache, filesystem, io
E   ModuleNotFoundError: No module named 'cucim.clara._cucim'</failure></testcase><testcase classname="tests.performance.clara.test_read_region_memory_usage" name="test_read_region_cpu_memleak[testimg_tiff_stripe_4096x4096_256_deflate]" time="0.002"><failure message="ModuleNotFoundError: No module named 'cucim.clara._cucim'">tests/performance/clara/test_read_region_memory_usage.py:62: in test_read_region_cpu_memleak
    img = open_image_cucim(testimg_tiff_stripe_4096x4096_256)
tests/util/io.py:18: in open_image_cucim
    from cucim import CuImage
../../../cucim_env/lib/python3.10/site-packages/lazy_loader/__init__.py:82: in __getattr__
    submod = importlib.import_module(submod_path)
/usr/lib/python3.10/importlib/__init__.py:126: in import_module
    return _bootstrap._gcd_import(name[level:], package, level)
src/cucim/clara/__init__.py:21: in &lt;module&gt;
    from ._cucim import CuImage, DLDataType, DLDataTypeCode, cache, filesystem, io
E   ModuleNotFoundError: No module named 'cucim.clara._cucim'</failure></testcase><testcase classname="tests.performance.clara.test_read_region_memory_usage" name="test_read_random_region_cpu_memleak[testimg_tiff_stripe_4096x4096_256_deflate]" time="0.001"><failure message="ModuleNotFoundError: No module named 'cucim.clara._cucim'">tests/performance/clara/test_read_region_memory_usage.py:85: in test_read_random_region_cpu_memleak
    img = open_image_cucim(testimg_tiff_stripe_4096x4096_256)
tests/util/io.py:18: in open_image_cucim
    from cucim import CuImage
../../../cucim_env/lib/python3.10/site-packages/lazy_loader/__init__.py:82: in __getattr__
    submod = importlib.import_module(submod_path)
/usr/lib/python3.10/importlib/__init__.py:126: in import_module
    return _bootstrap._gcd_import(name[level:], package, level)
src/cucim/clara/__init__.py:21: in &lt;module&gt;
    from ._cucim import CuImage, DLDataType, DLDataTypeCode, cache, filesystem, io
E   ModuleNotFoundError: No module named 'cucim.clara._cucim'</failure></testcase><testcase classname="tests.performance.clara.test_read_region_memory_usage" name="test_tiff_iterator[testimg_tiff_stripe_4096x4096_256_deflate]" time="0.002"><failure message="ModuleNotFoundError: No module named 'cucim.clara._cucim'">tests/performance/clara/test_read_region_memory_usage.py:159: in test_tiff_iterator
    with open_image_cucim(slide_path) as slide:
tests/util/io.py:18: in open_image_cucim
    from cucim import CuImage
../../../cucim_env/lib/python3.10/site-packages/lazy_loader/__init__.py:82: in __getattr__
    submod = importlib.import_module(submod_path)
/usr/lib/python3.10/importlib/__init__.py:126: in import_module
    return _bootstrap._gcd_import(name[level:], package, level)
src/cucim/clara/__init__.py:21: in &lt;module&gt;
    from ._cucim import CuImage, DLDataType, DLDataTypeCode, cache, filesystem, io
E   ModuleNotFoundError: No module named 'cucim.clara._cucim'</failure></testcase><testcase classname="tests.unit.clara.test_tiff_read_region" name="test_tiff_outside_of_resolution_level[testimg_tiff_stripe_4096x4096_256_raw]" time="0.277"><failure message="ModuleNotFoundError: No module named 'cucim.clara._cucim'">tests/unit/clara/test_tiff_read_region.py:112: in test_tiff_outside_of_resolution_level
    cucim_img = open_image_cucim(testimg_tiff_stripe_4096x4096_256)
tests/util/io.py:18: in open_image_cucim
    from cucim import CuImage
../../../cucim_env/lib/python3.10/site-packages/lazy_loader/__init__.py:82: in __getattr__
    submod = importlib.import_module(submod_path)
/usr/lib/python3.10/importlib/__init__.py:126: in import_module
    return _bootstrap._gcd_import(name[level:], package, level)
src/cucim/clara/__init__.py:21: in &lt;module&gt;
    from ._cucim import CuImage, DLDataType, DLDataTypeCode, cache, filesystem, io
E   ModuleNotFoundError: No module named 'cucim.clara._cucim'</failure></testcase><testcase classname="tests.unit.clara.test_tiff_read_region" name="test_tiff_stripe_multiresolution[testimg_tiff_stripe_4096x4096_256_raw]" time="0.001"><failure message="ModuleNotFoundError: No module named 'cucim.clara._cucim'">tests/unit/clara/test_tiff_read_region.py:121: in test_tiff_stripe_multiresolution
    cucim_img = open_image_cucim(testimg_tiff_stripe_4096x4096_256)
tests/util/io.py:18: in open_image_cucim
    from cucim import CuImage
../../../cucim_env/lib/python3.10/site-packages/lazy_loader/__init__.py:82: in __getattr__
    submod = importlib.import_module(submod_path)
/usr/lib/python3.10/importlib/__init__.py:126: in import_module
    return _bootstrap._gcd_import(name[level:], package, level)
src/cucim/clara/__init__.py:21: in &lt;module&gt;
    from ._cucim import CuImage, DLDataType, DLDataTypeCode, cache, filesystem, io
E   ModuleNotFoundError: No module named 'cucim.clara._cucim'</failure></testcase><testcase classname="tests.unit.clara.test_tiff_read_region" name="test_region_image_level_data[testimg_tiff_stripe_4096x4096_256_raw]" time="0.001"><failure message="ModuleNotFoundError: No module named 'cucim.clara._cucim'">tests/unit/clara/test_tiff_read_region.py:140: in test_region_image_level_data
    cucim_img = open_image_cucim(testimg_tiff_stripe_4096x4096_256)
tests/util/io.py:18: in open_image_cucim
    from cucim import CuImage
../../../cucim_env/lib/python3.10/site-packages/lazy_loader/__init__.py:82: in __getattr__
    submod = importlib.import_module(submod_path)
/usr/lib/python3.10/importlib/__init__.py:126: in import_module
    return _bootstrap._gcd_import(name[level:], package, level)
src/cucim/clara/__init__.py:21: in &lt;module&gt;
    from ._cucim import CuImage, DLDataType, DLDataTypeCode, cache, filesystem, io
E   ModuleNotFoundError: No module named 'cucim.clara._cucim'</failure></testcase><testcase classname="tests.unit.clara.test_tiff_read_region" name="test_region_image_dtype[testimg_tiff_stripe_4096x4096_256_raw]" time="0.001"><failure message="ModuleNotFoundError: No module named 'cucim.clara._cucim'">tests/unit/clara/test_tiff_read_region.py:155: in test_region_image_dtype
    from cucim.clara import DLDataType, DLDataTypeCode
src/cucim/clara/__init__.py:21: in &lt;module&gt;
    from ._cucim import CuImage, DLDataType, DLDataTypeCode, cache, filesystem, io
E   ModuleNotFoundError: No module named 'cucim.clara._cucim'</failure></testcase><testcase classname="tests.unit.clara.test_tiff_read_region" name="test_tiff_iterator[testimg_tiff_stripe_4096x4096_256_raw]" time="0.001"><failure message="ModuleNotFoundError: No module named 'cucim.clara._cucim'">tests/unit/clara/test_tiff_read_region.py:212: in test_tiff_iterator
    with open_image_cucim(testimg_tiff_stripe_4096x4096_256) as slide:
tests/util/io.py:18: in open_image_cucim
    from cucim import CuImage
../../../cucim_env/lib/python3.10/site-packages/lazy_loader/__init__.py:82: in __getattr__
    submod = importlib.import_module(submod_path)
/usr/lib/python3.10/importlib/__init__.py:126: in import_module
    return _bootstrap._gcd_import(name[level:], package, level)
src/cucim/clara/__init__.py:21: in &lt;module&gt;
    from ._cucim import CuImage, DLDataType, DLDataTypeCode, cache, filesystem, io
E   ModuleNotFoundError: No module named 'cucim.clara._cucim'</failure></testcase><testcase classname="tests.performance.clara.test_read_region_memory_usage" name="test_read_region_cpu_memleak[testimg_tiff_stripe_4096x4096_256_raw]" time="0.002"><failure message="ModuleNotFoundError: No module named 'cucim.clara._cucim'">tests/performance/clara/test_read_region_memory_usage.py:62: in test_read_region_cpu_memleak
    img = open_image_cucim(testimg_tiff_stripe_4096x4096_256)
tests/util/io.py:18: in open_image_cucim
    from cucim import CuImage
../../../cucim_env/lib/python3.10/site-packages/lazy_loader/__init__.py:82: in __getattr__
    submod = importlib.import_module(submod_path)
/usr/lib/python3.10/importlib/__init__.py:126: in import_module
    return _bootstrap._gcd_import(name[level:], package, level)
src/cucim/clara/__init__.py:21: in &lt;module&gt;
    from ._cucim import CuImage, DLDataType, DLDataTypeCode, cache, filesystem, io
E   ModuleNotFoundError: No module named 'cucim.clara._cucim'</failure></testcase><testcase classname="tests.performance.clara.test_read_region_memory_usage" name="test_read_random_region_cpu_memleak[testimg_tiff_stripe_4096x4096_256_raw]" time="0.001"><failure message="ModuleNotFoundError: No module named 'cucim.clara._cucim'">tests/performance/clara/test_read_region_memory_usage.py:85: in test_read_random_region_cpu_memleak
    img = open_image_cucim(testimg_tiff_stripe_4096x4096_256)
tests/util/io.py:18: in open_image_cucim
    from cucim import CuImage
../../../cucim_env/lib/python3.10/site-packages/lazy_loader/__init__.py:82: in __getattr__
    submod = importlib.import_module(submod_path)
/usr/lib/python3.10/importlib/__init__.py:126: in import_module
    return _bootstrap._gcd_import(name[level:], package, level)
src/cucim/clara/__init__.py:21: in &lt;module&gt;
    from ._cucim import CuImage, DLDataType, DLDataTypeCode, cache, filesystem, io
E   ModuleNotFoundError: No module named 'cucim.clara._cucim'</failure></testcase><testcase classname="tests.performance.clara.test_read_region_memory_usage" name="test_tiff_iterator[testimg_tiff_stripe_4096x4096_256_raw]" time="0.002"><failure message="ModuleNotFoundError: No module named 'cucim.clara._cucim'">tests/performance/clara/test_read_region_memory_usage.py:159: in test_tiff_iterator
    with open_image_cucim(slide_path) as slide:
tests/util/io.py:18: in open_image_cucim
    from cucim import CuImage
../../../cucim_env/lib/python3.10/site-packages/lazy_loader/__init__.py:82: in __getattr__
    submod = importlib.import_module(submod_path)
/usr/lib/python3.10/importlib/__init__.py:126: in import_module
    return _bootstrap._gcd_import(name[level:], package, level)
src/cucim/clara/__init__.py:21: in &lt;module&gt;
    from ._cucim import CuImage, DLDataType, DLDataTypeCode, cache, filesystem, io
E   ModuleNotFoundError: No module named 'cucim.clara._cucim'</failure></testcase><testcase classname="tests.unit.clara.test_tiff_read_region" name="test_array_interface_support" time="0.002"><failure message="ModuleNotFoundError: No module named 'cucim.clara._cucim'">tests/unit/clara/test_tiff_read_region.py:169: in test_array_interface_support
    img = open_image_cucim(testimg_tiff_stripe_32x24_16_jpeg)
tests/util/io.py:18: in open_image_cucim
    from cucim import CuImage
../../../cucim_env/lib/python3.10/site-packages/lazy_loader/__init__.py:82: in __getattr__
    submod = importlib.import_module(submod_path)
/usr/lib/python3.10/importlib/__init__.py:126: in import_module
    return _bootstrap._gcd_import(name[level:], package, level)
src/cucim/clara/__init__.py:21: in &lt;module&gt;
    from ._cucim import CuImage, DLDataType, DLDataTypeCode, cache, filesystem, io
E   ModuleNotFoundError: No module named 'cucim.clara._cucim'</failure></testcase><testcase classname="tests.unit.clara.test_tiff_read_region" name="test_cuda_array_interface_support" time="0.001"><failure message="ModuleNotFoundError: No module named 'cucim.clara._cucim'">tests/unit/clara/test_tiff_read_region.py:185: in test_cuda_array_interface_support
    img = open_image_cucim(testimg_tiff_stripe_32x24_16_jpeg)
tests/util/io.py:18: in open_image_cucim
    from cucim import CuImage
../../../cucim_env/lib/python3.10/site-packages/lazy_loader/__init__.py:82: in __getattr__
    submod = importlib.import_module(submod_path)
/usr/lib/python3.10/importlib/__init__.py:126: in import_module
    return _bootstrap._gcd_import(name[level:], package, level)
src/cucim/clara/__init__.py:21: in &lt;module&gt;
    from ._cucim import CuImage, DLDataType, DLDataTypeCode, cache, filesystem, io
E   ModuleNotFoundError: No module named 'cucim.clara._cucim'</failure></testcase><testcase classname="tests.unit.core.test_stain_normalizer.TestStainExtractorMacenko" name="test_transparent_image[image0-ValueError]" time="0.002" /><testcase classname="tests.unit.core.test_stain_normalizer.TestStainExtractorMacenko" name="test_transparent_image[image1-ValueError]" time="0.265" /><testcase classname="tests.unit.core.test_stain_normalizer.TestStainExtractorMacenko" name="test_transparent_image[None-TypeError]" time="0.001" /><testcase classname="tests.unit.core.test_stain_normalizer.TestStainExtractorMacenko" name="test_transparent_image[image3-ValueError]" time="0.002" /><testcase classname="tests.unit.core.test_stain_normalizer.TestStainExtractorMacenko" name="test_identical_result_vectors[None]" time="0.001" /><testcase classname="tests.unit.core.test_stain_normalizer.TestStainExtractorMacenko" name="test_identical_result_vectors[image1]" time="0.004" /><testcase classname="tests.unit.core.test_stain_normalizer.TestStainExtractorMacenko" name="test_identical_result_vectors[image2]" time="0.003" /><testcase classname="tests.unit.core.test_stain_normalizer.TestStainExtractorMacenko" name="test_result_value[None-None]" time="0.001" /><testcase classname="tests.unit.core.test_stain_normalizer.TestStainExtractorMacenko" name="test_result_value[image1-expected1]" time="0.003" /><testcase classname="tests.unit.core.test_stain_normalizer.TestStainExtractorMacenko" name="test_result_value[image2-expected2]" time="0.004" /><testcase classname="tests.unit.core.test_stain_normalizer.TestStainNormalizerMacenko" name="test_transparent_image[image0]" time="0.001" /><testcase classname="tests.unit.core.test_stain_normalizer.TestStainNormalizerMacenko" name="test_transparent_image[image1]" time="0.002" /><testcase classname="tests.unit.core.test_stain_normalizer.TestStainNormalizerMacenko" name="test_transparent_image[None]" time="0.001" /><testcase classname="tests.unit.core.test_stain_normalizer.TestStainNormalizerMacenko" name="test_transparent_image[image3]" time="0.002" /><testcase classname="tests.unit.core.test_stain_normalizer.TestStainNormalizerMacenko" name="test_result_value[kwargs0-None-None]" time="0.001" /><testcase classname="tests.unit.core.test_stain_normalizer.TestStainNormalizerMacenko" name="test_result_value[kwargs1-image1-expected1]" time="2.581" /><testcase classname="tests.unit.core.test_stain_normalizer.TestStainNormalizerMacenko" name="test_result_value[kwargs2-image2-expected2]" time="0.005" /><testcase classname="tests.unit.core.test_stain_normalizer.TestStainNormalizerMacenko" name="test_result_value[kwargs3-image3-expected3]" time="0.004" /><testcase classname="tests.unit.test_init" name="test_is_available" time="0.001" /><testcase classname="tests.unit.test_version" name="test_version_constants_are_populated" time="0.000" /><testcase classname="tests.performance.clara.test_read_region_memory_usage" name="test_read_region_cuda_memleak" time="0.008"><failure message="ModuleNotFoundError: No module named 'cucim.clara._cucim'">tests/performance/clara/test_read_region_memory_usage.py:37: in test_read_region_cuda_memleak
    img = open_image_cucim(testimg_tiff_stripe_4096x4096_256_jpeg)
tests/util/io.py:18: in open_image_cucim
    from cucim import CuImage
../../../cucim_env/lib/python3.10/site-packages/lazy_loader/__init__.py:82: in __getattr__
    submod = importlib.import_module(submod_path)
/usr/lib/python3.10/importlib/__init__.py:126: in import_module
    return _bootstrap._gcd_import(name[level:], package, level)
src/cucim/clara/__init__.py:21: in &lt;module&gt;
    from ._cucim import CuImage, DLDataType, DLDataTypeCode, cache, filesystem, io
E   ModuleNotFoundError: No module named 'cucim.clara._cucim'</failure></testcase></testsuite></testsuites>