junit-cucim_20250320_071825_rocm-framework-h100-sxm-1.xml